,number,value,datetime_start,datetime_complete,duration,params_lr,params_out_dim,params_scheduler_gamma,params_weight_decay,system_attrs_completed_rung_0,system_attrs_completed_rung_1,system_attrs_completed_rung_2,state
0,0,0.6963273354695588,2021-02-23 23:11:18.167987,2021-02-23 23:14:48.942350,0 days 00:03:30.774363,0.003382242653850974,90,0.9916007194371291,1.0175827855956008,0.6948484101552872,0.6992851860981021,0.7059403500123244,COMPLETE
1,1,0.7165393147646044,2021-02-23 23:14:48.942961,2021-02-23 23:18:18.023901,0 days 00:03:29.080940,0.0002738137297639856,30,0.9911086144805517,8.528969680275884,0.7015035740695095,0.7093911757456248,0.7079122504313532,COMPLETE
2,2,0.7049543998028099,2021-02-23 23:18:18.024482,2021-02-23 23:21:47.253882,0 days 00:03:29.229400,0.007891954513592212,10,0.9919076216612668,18.06667829140793,0.7049543998028099,0.7049543998028099,,COMPLETE
3,3,0.7049543998028099,2021-02-23 23:21:47.254460,2021-02-23 23:25:15.697254,0 days 00:03:28.442794,0.015777746188114977,80,0.9982843899808065,12.953583981757147,0.7049543998028099,,,COMPLETE
4,4,0.700517623859995,2021-02-23 23:25:15.697835,2021-02-23 23:26:37.972560,0 days 00:01:22.274725,1.568215206669224e-05,80,0.9913239827486372,17.87455154957996,0.7064333251170816,0.700517623859995,,PRUNED
5,5,0.7049543998028099,2021-02-23 23:26:37.972729,2021-02-23 23:27:08.517516,0 days 00:00:30.544787,0.0012833947851304502,80,0.996449422510661,19.686167811343456,0.7042149371456742,0.7049543998028099,,PRUNED
6,6,0.7049543998028099,2021-02-23 23:27:08.517729,2021-02-23 23:30:37.562254,0 days 00:03:29.044525,0.019964804409216316,60,0.9954681762846637,2.2825109861542487,0.7049543998028099,,,COMPLETE
7,7,0.7049543998028099,2021-02-23 23:30:37.562869,2021-02-23 23:34:06.382202,0 days 00:03:28.819333,0.006181594677544663,10,0.9915272409617983,12.159060511612795,0.7049543998028099,,,COMPLETE
8,8,0.6928765097362584,2021-02-23 23:34:06.382826,2021-02-23 23:35:28.335916,0 days 00:01:21.953090,1.4154556626525744e-05,40,0.9917987422145815,12.597826353831582,0.6928765097362584,,,PRUNED
9,9,0.7049543998028099,2021-02-23 23:35:28.336075,2021-02-23 23:35:58.856894,0 days 00:00:30.520819,0.0045763686759087915,90,0.9950003571859025,18.952792167278258,0.7049543998028099,0.7049543998028099,,PRUNED
10,10,0.7052008873551886,2021-02-23 23:35:58.857073,2021-02-23 23:36:29.334078,0 days 00:00:30.477005,0.0005755376220528364,80,0.9977497331802146,13.157653162819031,0.7052008873551886,,,PRUNED
11,11,0.7039684495932955,2021-02-23 23:36:29.334258,2021-02-23 23:36:42.771984,0 days 00:00:13.437726,0.0003438728696590816,70,0.9966260355852309,17.927627889072,0.7039684495932955,,,PRUNED
12,12,0.7034754744885383,2021-02-23 23:36:42.772147,2021-02-23 23:38:04.574466,0 days 00:01:21.802319,0.001149695105491596,50,0.9946135494493277,0.4886408944008728,0.7135814641360612,0.7034754744885383,,PRUNED
13,13,0.7049543998028099,2021-02-23 23:38:04.574681,2021-02-23 23:38:35.082761,0 days 00:00:30.508080,0.0023908220306142025,90,0.9932178726043158,8.812689547738692,0.7052008873551886,0.7049543998028099,,PRUNED
14,14,0.7047079122504314,2021-02-23 23:38:35.082945,2021-02-23 23:38:48.389360,0 days 00:00:13.306415,0.015424140975574638,100,0.9956211255985138,2.345200942061853,0.7047079122504314,,,PRUNED
15,15,0.6891791964505792,2021-02-23 23:38:48.389568,2021-02-23 23:42:18.092065,0 days 00:03:29.702497,0.00010493856433312545,30,0.9985999998410594,8.299372277696131,0.707419275326596,0.7113630761646537,0.724919891545477,COMPLETE
16,16,0.7054473749075671,2021-02-23 23:42:18.092654,2021-02-23 23:42:48.652266,0 days 00:00:30.559612,1.546833420678565e-05,90,0.9950262004174901,11.18012225226223,0.7064333251170816,0.7054473749075671,,PRUNED
17,17,0.7012570865171309,2021-02-23 23:42:48.652474,2021-02-23 23:43:02.130843,0 days 00:00:13.478369,0.01352914923528092,10,0.9970946316748095,1.797472184276223,0.7012570865171309,,,PRUNED
18,18,0.7047079122504314,2021-02-23 23:43:02.131014,2021-02-23 23:43:32.639890,0 days 00:00:30.508876,2.3542699003589442e-05,30,0.9910660670124889,15.046223596789723,0.7047079122504314,,,PRUNED
19,19,0.7071727877742174,2021-02-23 23:43:32.640074,2021-02-23 23:44:03.178166,0 days 00:00:30.538092,4.026915566336424e-05,40,0.9902449304261045,13.626655760212786,0.7069263002218388,0.7071727877742174,,PRUNED
20,20,0.7049543998028099,2021-02-23 23:44:03.178355,2021-02-23 23:47:31.953441,0 days 00:03:28.775086,0.005918248523236004,70,0.9978959014577735,11.065315775478997,0.7049543998028099,,,COMPLETE
21,21,0.7017500616218881,2021-02-23 23:47:31.954040,2021-02-23 23:48:02.518451,0 days 00:00:30.564411,2.442137610329623e-05,100,0.9939058539010648,5.813627439796867,0.7017500616218881,,,PRUNED
22,22,0.6987922109933449,2021-02-23 23:48:02.518650,2021-02-23 23:48:15.897890,0 days 00:00:13.379240,0.00025018132786783725,50,0.9908934080343453,5.799282953917601,0.6987922109933449,,,PRUNED
23,23,0.7049543998028099,2021-02-23 23:48:15.898075,2021-02-23 23:48:46.409956,0 days 00:00:30.511881,0.004025654914727905,100,0.9921939189091089,7.128658720587032,0.7049543998028099,,,PRUNED
24,24,0.6884397337934435,2021-02-23 23:48:46.410139,2021-02-23 23:50:08.719131,0 days 00:01:22.308992,0.0001227813706423696,80,0.9951035028399405,4.78069796313715,0.6884397337934435,,,PRUNED
25,25,0.7069263002218388,2021-02-23 23:50:08.719308,2021-02-23 23:51:30.890529,0 days 00:01:22.171221,0.000955183636559668,10,0.992242784315837,3.851558864075658,0.707419275326596,0.7088982006408676,0.7069263002218388,PRUNED
26,26,0.7086517130884891,2021-02-23 23:51:30.890732,2021-02-23 23:55:00.144277,0 days 00:03:29.253545,0.0027244840708257746,50,0.9937758738324101,11.896761298762529,0.7056938624599458,,,COMPLETE
27,27,0.7049543998028099,2021-02-23 23:55:00.144868,2021-02-23 23:55:13.563068,0 days 00:00:13.418200,0.004809831191568632,30,0.9917122187815054,14.568462548938495,0.7049543998028099,,,PRUNED
28,28,0.7042149371456742,2021-02-23 23:55:13.563263,2021-02-23 23:55:44.070715,0 days 00:00:30.507452,0.00011412256036044735,60,0.9934505092422048,0.5194342811659085,0.7103771259551392,0.7042149371456742,,PRUNED
29,29,0.6995316736504806,2021-02-23 23:55:44.070913,2021-02-23 23:57:06.201287,0 days 00:01:22.130374,0.00027466972302803123,50,0.9977240299874973,2.8417732006169993,0.7148139018979541,0.6995316736504806,,PRUNED
30,30,0.7079122504313532,2021-02-23 23:57:06.201485,2021-02-23 23:57:36.788697,0 days 00:00:30.587212,0.0007316072481323431,20,0.9901285213708693,5.919781690572604,0.7069263002218388,0.7079122504313532,,PRUNED
31,31,0.7153068770027113,2021-02-23 23:57:36.788889,2021-02-24 00:01:06.383620,0 days 00:03:29.594731,0.00010852599674045686,30,0.9923469103040661,1.6703158821233852,0.7148139018979541,0.7116095637170323,,COMPLETE
32,32,0.7076657628789746,2021-02-24 00:01:06.384302,2021-02-24 00:02:28.495287,0 days 00:01:22.110985,0.00015515533991481133,50,0.9914645306439327,11.57197151999395,0.7076657628789746,0.7091446881932463,0.7076657628789746,PRUNED
33,33,0.7034754744885383,2021-02-24 00:02:28.495475,2021-02-24 00:05:57.513686,0 days 00:03:29.018211,4.021120738969031e-05,30,0.9915523941058412,12.114464212471539,0.7069263002218388,,,COMPLETE
34,34,0.7052008873551886,2021-02-24 00:05:57.514290,2021-02-24 00:06:27.935352,0 days 00:00:30.421062,0.0007401074589044087,60,0.9978143972565616,7.980337383296737,0.7052008873551886,,,PRUNED
35,35,0.6982992358885877,2021-02-24 00:06:27.935569,2021-02-24 00:09:57.913994,0 days 00:03:29.978425,0.0001684209757815613,40,0.9938633679267054,12.825522950001497,0.7081587379837319,,,COMPLETE
36,36,0.7052008873551886,2021-02-24 00:09:57.914593,2021-02-24 00:11:19.991164,0 days 00:01:22.076571,0.0006357704276917061,40,0.9943749216686035,15.52157286942341,0.7052008873551886,,,PRUNED
37,37,0.7066798126694602,2021-02-24 00:11:19.991373,2021-02-24 00:11:33.420369,0 days 00:00:13.428996,3.7297631089379755e-05,60,0.9931516724522393,6.658758614484533,0.7066798126694602,,,PRUNED
38,38,0.7049543998028099,2021-02-24 00:11:33.420558,2021-02-24 00:11:46.812751,0 days 00:00:13.392193,0.006013094402634169,30,0.9900028193777021,15.446457225631928,0.7049543998028099,,,PRUNED
39,39,0.7034754744885383,2021-02-24 00:11:46.812948,2021-02-24 00:12:00.227995,0 days 00:00:13.415047,0.0019093417096499878,40,0.9924499958746688,0.06879830912310858,0.7034754744885383,,,PRUNED
40,40,0.6982992358885877,2021-02-24 00:12:00.228187,2021-02-24 00:12:13.544634,0 days 00:00:13.316447,0.000491906046872865,100,0.9939555880931744,4.236234624093512,0.6982992358885877,,,PRUNED
41,41,0.7113630761646537,2021-02-24 00:12:13.544863,2021-02-24 00:12:43.990056,0 days 00:00:30.445193,9.840534448608381e-05,10,0.9945387564414587,0.046756175381134524,0.7113630761646537,,,PRUNED
42,42,0.7049543998028099,2021-02-24 00:12:43.990276,2021-02-24 00:13:14.425041,0 days 00:00:30.434765,0.010543624291075677,10,0.9931237838885987,11.784074032399994,0.7049543998028099,,,PRUNED
43,43,0.7042149371456742,2021-02-24 00:13:14.425264,2021-02-24 00:14:36.538417,0 days 00:01:22.113153,7.063315080467163e-05,20,0.9977625579442074,9.494727339588232,0.7066798126694602,0.7106236135075179,0.7042149371456742,PRUNED
44,44,0.7056938624599458,2021-02-24 00:14:36.538594,2021-02-24 00:15:07.073236,0 days 00:00:30.534642,8.755918206260268e-05,30,0.9924996153057987,19.198404164079864,0.7056938624599458,,,PRUNED
45,45,0.7024895242790239,2021-02-24 00:15:07.073459,2021-02-24 00:15:20.475315,0 days 00:00:13.401856,0.00017291543028015322,30,0.9906982891989413,7.8030999223983875,0.7024895242790239,,,PRUNED
46,46,0.7049543998028099,2021-02-24 00:15:20.475514,2021-02-24 00:16:42.899147,0 days 00:01:22.423633,0.0012473973512607131,100,0.9969237106151094,19.61927066795434,0.7049543998028099,,,PRUNED
47,47,0.7064333251170816,2021-02-24 00:16:42.899327,2021-02-24 00:16:56.247606,0 days 00:00:13.348279,1.5366338694680156e-05,40,0.9913659213376393,11.606977045811965,0.7064333251170816,,,PRUNED
48,48,0.6973132856790732,2021-02-24 00:16:56.247860,2021-02-24 00:17:09.630284,0 days 00:00:13.382424,7.225121110322175e-05,20,0.998813127348773,7.598289195194397,0.6973132856790732,,,PRUNED
49,49,0.7049543998028099,2021-02-24 00:17:09.630500,2021-02-24 00:18:31.721620,0 days 00:01:22.091120,0.0032232972012168157,100,0.9989679541996982,6.577499448240141,0.7049543998028099,,,PRUNED
50,50,0.7071727877742174,2021-02-24 00:18:31.721800,2021-02-24 00:19:02.214348,0 days 00:00:30.492548,0.0005603256091288938,70,0.9983429649333437,4.269321413140688,0.7066798126694602,0.7071727877742174,,PRUNED
51,51,0.7049543998028099,2021-02-24 00:19:02.214567,2021-02-24 00:20:24.226040,0 days 00:01:22.011473,0.01647361969096686,80,0.9927371359387834,17.30511277796569,0.7049543998028099,,,PRUNED
52,52,0.7054473749075671,2021-02-24 00:20:24.226227,2021-02-24 00:20:54.827288,0 days 00:00:30.601061,0.0002650868123888382,10,0.9922162673138812,10.332746563379853,0.7066798126694602,0.7054473749075671,,PRUNED
53,53,0.7047079122504314,2021-02-24 00:20:54.827486,2021-02-24 00:21:08.157712,0 days 00:00:13.330226,4.496383564429977e-05,30,0.9941504683333662,13.612994744625057,0.7047079122504314,,,PRUNED
54,54,0.7079122504313532,2021-02-24 00:21:08.157939,2021-02-24 00:24:37.539397,0 days 00:03:29.381458,0.001894827749977155,60,0.996481067384946,8.350412346236892,0.7054473749075671,,,COMPLETE
55,55,0.7086517130884891,2021-02-24 00:24:37.539995,2021-02-24 00:28:06.740204,0 days 00:03:29.200209,0.0015557899298506046,60,0.9963162703141475,8.13015478626617,0.7052008873551886,,,COMPLETE
56,56,0.7027360118314026,2021-02-24 00:28:06.740844,2021-02-24 00:29:28.966194,0 days 00:01:22.225350,0.0004996120040736907,50,0.993584228010798,0.07726924491308296,0.7027360118314026,,,PRUNED
57,57,0.6960808479171802,2021-02-24 00:29:28.966374,2021-02-24 00:29:42.320715,0 days 00:00:13.354341,0.00010479112981051553,50,0.9908170567478666,16.80966441716606,0.6960808479171802,,,PRUNED
58,58,0.7047079122504314,2021-02-24 00:29:42.320915,2021-02-24 00:29:55.615280,0 days 00:00:13.294365,0.0014697916212304866,70,0.995805774651946,8.495019471898413,0.7047079122504314,,,PRUNED
59,59,0.7049543998028099,2021-02-24 00:29:55.615509,2021-02-24 00:30:26.034653,0 days 00:00:30.419144,0.01968082143806808,30,0.9903962063625201,3.9360339393912183,0.7049543998028099,,,PRUNED
60,60,0.7049543998028099,2021-02-24 00:30:26.034849,2021-02-24 00:30:56.535611,0 days 00:00:30.500762,0.003135906234826301,20,0.9957867662756227,16.558941575792943,0.7049543998028099,,,PRUNED
61,61,0.7019965491742667,2021-02-24 00:30:56.535847,2021-02-24 00:31:09.965071,0 days 00:00:13.429224,2.5706271174982183e-05,40,0.9924717713829758,2.62734763711721,0.7019965491742667,,,PRUNED
62,62,0.7049543998028099,2021-02-24 00:31:09.965260,2021-02-24 00:32:32.043819,0 days 00:01:22.078559,0.0011829260172933394,20,0.9903750331015652,8.34648052378838,0.7049543998028099,,,PRUNED
63,63,0.6963273354695588,2021-02-24 00:32:32.044025,2021-02-24 00:33:02.473678,0 days 00:00:30.429653,0.00017281170414585226,10,0.9914285158455353,9.745795554435905,0.6963273354695588,,,PRUNED
64,64,0.7029824993837811,2021-02-24 00:33:02.473894,2021-02-24 00:33:15.856243,0 days 00:00:13.382349,0.00015040968821478646,50,0.991486023458073,12.050556909817116,0.7029824993837811,,,PRUNED
65,65,0.7069263002218388,2021-02-24 00:33:15.856470,2021-02-24 00:33:46.384709,0 days 00:00:30.528239,0.00020991912239229726,80,0.9918021792758787,10.641209189861636,0.7148139018979541,0.7069263002218388,,PRUNED
66,66,0.7047079122504314,2021-02-24 00:33:46.384939,2021-02-24 00:33:59.805540,0 days 00:00:13.420601,0.00043714907212383784,60,0.990758168828031,12.89532967007144,0.7047079122504314,,,PRUNED
67,67,0.7027360118314026,2021-02-24 00:33:59.805775,2021-02-24 00:34:13.169769,0 days 00:00:13.363994,8.043432449502124e-05,20,0.9928101953196958,9.655409634966125,0.7027360118314026,,,PRUNED
68,68,0.6990386985457234,2021-02-24 00:34:13.170029,2021-02-24 00:34:26.474134,0 days 00:00:13.304105,0.0003343546851382259,80,0.9913347113288505,6.802270089632978,0.6990386985457234,,,PRUNED
69,69,0.6901651466600937,2021-02-24 00:34:26.474365,2021-02-24 00:34:56.883019,0 days 00:00:30.408654,6.750230776044153e-05,40,0.9901170907772212,14.028944872928212,0.6901651466600937,,,PRUNED
70,70,0.7049543998028099,2021-02-24 00:34:56.883225,2021-02-24 00:35:27.373800,0 days 00:00:30.490575,0.0017073909775172861,20,0.9961195517950602,19.604762975769717,0.7049543998028099,,,PRUNED
71,71,0.7049543998028099,2021-02-24 00:35:27.374039,2021-02-24 00:35:57.979877,0 days 00:00:30.605838,0.007694624811979319,20,0.993178573117343,10.368720588974323,0.7049543998028099,,,PRUNED
72,72,0.7212225782597979,2021-02-24 00:35:57.980093,2021-02-24 00:39:27.131485,0 days 00:03:29.151392,4.324609100667085e-05,40,0.9923689030291397,2.635453795301796,0.7059403500123244,0.7054473749075671,,COMPLETE
73,73,0.7054473749075671,2021-02-24 00:39:27.132120,2021-02-24 00:39:40.483593,0 days 00:00:13.351473,0.00295654666597065,40,0.9947935295731746,8.860935570099342,0.7054473749075671,,,PRUNED
74,74,0.7049543998028099,2021-02-24 00:39:40.483800,2021-02-24 00:39:53.863177,0 days 00:00:13.379377,0.010684532985828187,50,0.993549988145967,12.16516846606475,0.7049543998028099,,,PRUNED
75,75,0.7054473749075671,2021-02-24 00:39:53.863413,2021-02-24 00:40:07.286381,0 days 00:00:13.422968,0.0009407199182098951,30,0.9903567623996217,16.620013142875884,0.7054473749075671,,,PRUNED
76,76,0.7034754744885383,2021-02-24 00:40:07.286575,2021-02-24 00:40:20.600239,0 days 00:00:13.313664,0.00011188935423178384,70,0.9967113829673031,5.140230653580584,0.7034754744885383,,,PRUNED
77,77,0.7059403500123244,2021-02-24 00:40:20.600492,2021-02-24 00:40:34.009427,0 days 00:00:13.408935,0.00030428534834096177,100,0.991947717979407,19.38649111273179,0.7059403500123244,,,PRUNED
78,78,0.7170322898693616,2021-02-24 00:40:34.009662,2021-02-24 00:44:02.955173,0 days 00:03:28.945511,0.00022194546206793817,50,0.9961116673378381,9.456659816660983,0.7108701010598965,,,COMPLETE
79,79,0.7106236135075179,2021-02-24 00:44:02.955797,2021-02-24 00:47:32.625291,0 days 00:03:29.669494,0.0009938158665962402,10,0.9910172585552215,1.218177970797013,0.7116095637170323,0.7091446881932463,0.7118560512694109,COMPLETE
80,80,0.6913975844219867,2021-02-24 00:47:32.625905,2021-02-24 00:48:54.822046,0 days 00:01:22.196141,3.753562363159074e-05,60,0.9934940131198535,2.878671718492191,0.7160463396598472,0.6913975844219867,,PRUNED
81,81,0.7039684495932955,2021-02-24 00:48:54.822239,2021-02-24 00:49:25.344003,0 days 00:00:30.521764,0.0016303925893884161,20,0.9911652446143538,1.5656902982346028,0.7066798126694602,0.7039684495932955,,PRUNED
82,82,0.7219620409169337,2021-02-24 00:49:25.344240,2021-02-24 00:52:55.053500,0 days 00:03:29.709260,0.0001783770701719961,30,0.9962248820810857,4.267381884566614,0.7172787774217402,,,COMPLETE
83,83,0.6413606112891299,2021-02-24 00:52:55.054109,2021-02-24 00:56:24.447011,0 days 00:03:29.392902,0.00027086744577570134,40,0.9923869515233188,1.3123178080513427,0.7128420014789253,0.7185112151836333,,COMPLETE
84,84,0.7029824993837811,2021-02-24 00:56:24.447627,2021-02-24 00:59:53.929078,0 days 00:03:29.481451,0.00015865813105730948,10,0.9973986655675682,4.3342578574449355,0.7128420014789253,,,COMPLETE
85,85,0.7049543998028099,2021-02-24 00:59:53.929694,2021-02-24 01:00:07.337768,0 days 00:00:13.408074,0.002953036291714799,10,0.9905170918660783,3.089378725074101,0.7049543998028099,,,PRUNED
86,86,0.6884397337934435,2021-02-24 01:00:07.338005,2021-02-24 01:03:36.890447,0 days 00:03:29.552442,3.7297390449415616e-05,20,0.9956636929720818,3.614024137296873,0.7121025388217895,,,COMPLETE
87,87,0.7054473749075671,2021-02-24 01:03:36.891154,2021-02-24 01:07:06.165429,0 days 00:03:29.274275,0.00023596246521656125,50,0.9952363715842749,15.183018913080597,0.7056938624599458,,,COMPLETE
88,88,0.7017500616218881,2021-02-24 01:07:06.166063,2021-02-24 01:07:36.649661,0 days 00:00:30.483598,4.578801137244071e-05,30,0.9918107622739739,4.508627012477033,0.7017500616218881,,,PRUNED
89,89,0.7029824993837811,2021-02-24 01:07:36.649900,2021-02-24 01:07:49.968795,0 days 00:00:13.318895,0.0010559091559208037,30,0.9928569838246268,0.7034794947776506,0.7029824993837811,,,PRUNED
90,90,0.7325610056692137,2021-02-24 01:07:49.969007,2021-02-24 01:11:19.242616,0 days 00:03:29.273609,0.00016842038130907984,40,0.9905976208460331,1.8756229203148056,0.707419275326596,0.7059403500123244,,COMPLETE
91,91,0.706186837564703,2021-02-24 01:11:19.243229,2021-02-24 01:11:49.695886,0 days 00:00:30.452657,1.0152586318888414e-05,40,0.9905677902208995,1.6405160547092676,0.706186837564703,,,PRUNED
92,92,0.7042149371456742,2021-02-24 01:11:49.696111,2021-02-24 01:12:19.937124,0 days 00:00:30.241013,0.00013315549995296898,70,0.990897683362493,5.661828681899362,0.7042149371456742,,,PRUNED
93,93,0.6928765097362584,2021-02-24 01:12:19.937344,2021-02-24 01:15:48.386069,0 days 00:03:28.448725,0.00024429919727678845,50,0.9926318713499859,2.1092662113684417,0.7101306384027607,0.7185112151836333,,COMPLETE
94,94,0.7052008873551886,2021-02-24 01:15:48.386697,2021-02-24 01:16:18.962998,0 days 00:00:30.576301,6.016922101228238e-05,40,0.9952781000461413,0.041953462567992705,0.7052008873551886,,,PRUNED
95,95,0.7044614246980527,2021-02-24 01:16:18.963218,2021-02-24 01:16:49.753940,0 days 00:00:30.790722,0.0006352281866634468,90,0.9911831542475487,1.4284135480544111,0.7125955139265467,0.7044614246980527,,PRUNED
96,96,0.7059403500123244,2021-02-24 01:16:49.754141,2021-02-24 01:18:11.830989,0 days 00:01:22.076848,0.00042748638203721814,60,0.9939146338763574,3.7541377130039937,0.7084052255361104,0.7059403500123244,,PRUNED
97,97,0.7049543998028099,2021-02-24 01:18:11.831242,2021-02-24 01:18:25.249372,0 days 00:00:13.418130,0.006496865039191398,40,0.9919005283603293,11.006370112792101,0.7049543998028099,,,PRUNED
98,98,0.706186837564703,2021-02-24 01:18:25.249586,2021-02-24 01:18:38.568478,0 days 00:00:13.318892,0.00015086070993524495,60,0.990025030206683,3.4128293687228455,0.706186837564703,,,PRUNED
99,99,0.7054473749075671,2021-02-24 01:18:38.568723,2021-02-24 01:18:51.878555,0 days 00:00:13.309832,0.00038381173974826944,10,0.9956160804699893,4.778779472177227,0.7054473749075671,,,PRUNED
100,100,0.7054473749075671,2021-02-24 01:18:51.878783,2021-02-24 01:19:05.340435,0 days 00:00:13.461652,0.002499636473507832,50,0.9903052203677447,5.922910692161026,0.7054473749075671,,,PRUNED
101,101,0.7081587379837319,2021-02-24 01:19:05.340688,2021-02-24 01:19:35.256920,0 days 00:00:29.916232,0.0007245781609872878,20,0.9910099341247957,7.353893490773112,0.7101306384027607,0.7081587379837319,,PRUNED
102,102,0.7029824993837811,2021-02-24 01:19:35.257118,2021-02-24 01:19:48.238585,0 days 00:00:12.981467,0.0011246414673358799,10,0.9921423414667254,0.7394726377117926,0.7029824993837811,,,PRUNED
103,103,0.7056938624599458,2021-02-24 01:19:48.238818,2021-02-24 01:20:01.390215,0 days 00:00:13.151397,0.0008175971444477836,10,0.9916556908445777,2.0671765315516715,0.7056938624599458,,,PRUNED
104,104,0.7330539807739709,2021-02-24 01:20:01.390463,2021-02-24 01:23:24.238900,0 days 00:03:22.848437,5.950874387144208e-05,30,0.9961741387883537,8.496776089356112,0.7059403500123244,,,COMPLETE
105,105,0.7012570865171309,2021-02-24 01:23:24.239520,2021-02-24 01:23:54.168516,0 days 00:00:29.928996,0.00015391861614597854,20,0.9916894943463579,5.408965988174644,0.7012570865171309,,,PRUNED
106,106,0.6859748582696574,2021-02-24 01:23:54.168746,2021-02-24 01:27:17.554028,0 days 00:03:23.385282,1.0767665231977421e-05,40,0.9927792043264737,0.8511844710257517,0.7101306384027607,0.7066798126694602,,COMPLETE
