,number,value,datetime_start,datetime_complete,duration,params_lr,params_out_dim,params_scheduler_gamma,params_weight_decay,system_attrs_completed_rung_0,system_attrs_completed_rung_1,system_attrs_completed_rung_2,state
321,321,0.698052748336209,2021-02-24 04:46:05.196095,2021-02-24 04:46:35.018338,0 days 00:00:29.822243,0.000115839961012004,30,0.9955918583394943,11.594004118384927,0.698052748336209,,,PRUNED
322,322,0.7059403500123244,2021-02-24 04:46:35.018642,2021-02-24 04:47:04.610105,0 days 00:00:29.591463,8.82895548820592e-05,20,0.9901328835255451,2.59746490983569,0.7059403500123244,,,PRUNED
323,323,0.703721962040917,2021-02-24 04:47:04.610426,2021-02-24 04:47:34.213237,0 days 00:00:29.602811,4.1521121794853294e-05,40,0.990786943242969,1.9444801169283314,0.703721962040917,,,PRUNED
324,324,0.696820310574316,2021-02-24 04:47:34.213590,2021-02-24 04:48:03.768375,0 days 00:00:29.554785,6.809315527652578e-05,30,0.9924757883682285,12.424516700369288,0.696820310574316,,,PRUNED
325,325,0.6963273354695588,2021-02-24 04:48:03.768694,2021-02-24 04:48:33.396367,0 days 00:00:29.627673,7.213164755573839e-05,40,0.9905874704108065,12.897909705161966,0.6963273354695588,,,PRUNED
326,326,0.7081587379837319,2021-02-24 04:48:33.396701,2021-02-24 04:51:55.856559,0 days 00:03:22.459858,0.0002152252708199692,50,0.9960552226417032,12.158598743779718,0.7093911757456248,,,COMPLETE
327,327,0.695587872812423,2021-02-24 04:51:55.857262,2021-02-24 04:53:15.383349,0 days 00:01:19.526087,0.00021475378536088175,30,0.991861989175537,3.1583507339649266,0.7079122504313532,0.695587872812423,,PRUNED
328,328,0.6928765097362584,2021-02-24 04:53:15.383640,2021-02-24 04:53:45.017222,0 days 00:00:29.633582,4.800336881343555e-05,40,0.9910972157698902,15.074172385460944,0.6928765097362584,,,PRUNED
329,329,0.7185112151836333,2021-02-24 04:53:45.017526,2021-02-24 04:57:07.055476,0 days 00:03:22.037950,0.00015136238024541506,70,0.998528851067041,8.815766242551216,0.7091446881932463,,,COMPLETE
330,330,0.7049543998028099,2021-02-24 04:57:07.056195,2021-02-24 04:57:36.708975,0 days 00:00:29.652780,0.0009456510390764077,30,0.9921867033740188,15.91067701593283,0.7049543998028099,,,PRUNED
331,331,0.7069263002218388,2021-02-24 04:57:36.709384,2021-02-24 04:57:49.716120,0 days 00:00:13.006736,0.00013170561711798017,30,0.9946055241941946,4.056591495069415,0.7069263002218388,,,PRUNED
332,332,0.6896721715553364,2021-02-24 04:57:49.716428,2021-02-24 05:01:11.869554,0 days 00:03:22.153126,0.0001794384783508789,50,0.9949623671268631,1.5498964596960376,0.7081587379837319,0.7084052255361104,0.7251663790978555,COMPLETE
333,333,0.7027360118314026,2021-02-24 05:01:11.870253,2021-02-24 05:01:41.659049,0 days 00:00:29.788796,0.00024532210028120816,60,0.9942331697776885,1.5112122872364575,0.7093911757456248,0.7027360118314026,,PRUNED
334,334,0.6982992358885877,2021-02-24 05:01:41.659338,2021-02-24 05:01:54.651685,0 days 00:00:12.992347,0.0002858221812597837,10,0.9921870966240462,0.24318873177079303,0.6982992358885877,,,PRUNED
335,335,0.6995316736504806,2021-02-24 05:01:54.652024,2021-02-24 05:03:13.955763,0 days 00:01:19.303739,2.170114761810843e-05,90,0.9913526115945875,17.15199469669453,0.7145674143455756,0.6995316736504806,,PRUNED
336,336,0.6995316736504806,2021-02-24 05:03:13.956082,2021-02-24 05:03:43.714935,0 days 00:00:29.758853,9.115390833847166e-05,30,0.9931374453989719,11.907565404719193,0.6995316736504806,,,PRUNED
337,337,0.706186837564703,2021-02-24 05:03:43.715229,2021-02-24 05:05:02.950798,0 days 00:01:19.235569,0.0001576635902876622,20,0.9927657526115723,11.413214727550816,0.7113630761646537,0.706186837564703,,PRUNED
338,338,0.7010105989647523,2021-02-24 05:05:02.951106,2021-02-24 05:05:32.469586,0 days 00:00:29.518480,3.348986559893622e-05,50,0.9901594843383658,14.41473392814262,0.7010105989647523,,,PRUNED
339,339,0.6995316736504806,2021-02-24 05:05:32.469907,2021-02-24 05:05:45.553050,0 days 00:00:13.083143,0.0009632148805104868,40,0.9925612864999506,1.91920004947494,0.6995316736504806,,,PRUNED
340,340,0.700517623859995,2021-02-24 05:05:45.553368,2021-02-24 05:06:15.196101,0 days 00:00:29.642733,2.6619739164172893e-05,30,0.9904706728815906,13.584635293270518,0.700517623859995,,,PRUNED
341,341,0.7049543998028099,2021-02-24 05:06:15.196438,2021-02-24 05:06:44.833575,0 days 00:00:29.637137,0.01580573032004743,40,0.9919863870361876,12.343450627925085,0.7049543998028099,,,PRUNED
342,342,0.7032289869361598,2021-02-24 05:06:44.833913,2021-02-24 05:06:57.846661,0 days 00:00:13.012748,0.00011487747914962311,30,0.9918676538879704,12.747294775679386,0.7032289869361598,,,PRUNED
343,343,0.7066798126694602,2021-02-24 05:06:57.846979,2021-02-24 05:07:10.849373,0 days 00:00:13.002394,0.00018689141553166486,50,0.9948728070068374,1.0753643280822347,0.7066798126694602,,,PRUNED
344,344,0.6810451072220853,2021-02-24 05:07:10.849705,2021-02-24 05:10:33.555642,0 days 00:03:22.705937,0.00011130908204087952,40,0.9947948094617736,13.906269872947826,0.707419275326596,0.7271382795168844,,COMPLETE
345,345,0.7002711363076165,2021-02-24 05:10:33.556386,2021-02-24 05:10:46.569542,0 days 00:00:13.013156,0.000152880011461386,50,0.9951953018354766,2.4212997857294107,0.7002711363076165,,,PRUNED
346,346,0.6985457234409662,2021-02-24 05:10:46.569877,2021-02-24 05:12:06.099197,0 days 00:01:19.529320,0.00018298723643455,50,0.99496472573452,3.70774380277979,0.7084052255361104,0.7091446881932463,0.6985457234409662,PRUNED
347,347,0.6963273354695588,2021-02-24 05:12:06.099531,2021-02-24 05:12:19.104605,0 days 00:00:13.005074,0.00022660208998472115,60,0.9946672088844875,3.245567230863509,0.6963273354695588,,,PRUNED
348,348,0.6987922109933449,2021-02-24 05:12:19.104950,2021-02-24 05:12:32.055587,0 days 00:00:12.950637,0.00014266697342390155,40,0.9957370675155572,0.7441824582722318,0.6987922109933449,,,PRUNED
349,349,0.7049543998028099,2021-02-24 05:12:32.055899,2021-02-24 05:12:44.996284,0 days 00:00:12.940385,0.003384920781377169,50,0.9943582117937554,4.208075030507401,0.7049543998028099,,,PRUNED
350,350,0.6758688686221346,2021-02-24 05:12:44.996627,2021-02-24 05:16:07.379157,0 days 00:03:22.382530,0.0001247819369170555,90,0.9986299903057576,8.695589864914325,0.709884150850382,,,COMPLETE
351,351,0.7027360118314026,2021-02-24 05:16:07.379883,2021-02-24 05:16:20.487050,0 days 00:00:13.107167,0.00473809577594824,30,0.9950601348215624,2.757415871721064,0.7027360118314026,,,PRUNED
352,352,0.7019965491742667,2021-02-24 05:16:20.487392,2021-02-24 05:16:33.545119,0 days 00:00:13.057727,0.00045242842813587555,90,0.9907849957675094,1.6143468631793922,0.7019965491742667,,,PRUNED
353,353,0.7064333251170816,2021-02-24 05:16:33.545457,2021-02-24 05:17:03.276203,0 days 00:00:29.730746,0.0021170913146735457,10,0.9912202676723308,2.2149153032095232,0.7088982006408676,0.7064333251170816,,PRUNED
354,354,0.7044614246980527,2021-02-24 05:17:03.276543,2021-02-24 05:17:32.455426,0 days 00:00:29.178883,0.0002128529771226907,30,0.9954405199099893,13.947137816583144,0.7091446881932463,0.7044614246980527,,PRUNED
355,355,0.7194971653931477,2021-02-24 05:17:32.455747,2021-02-24 05:20:47.966127,0 days 00:03:15.510380,5.797134504329091e-05,70,0.9977201987972186,13.10863993186945,0.7121025388217895,,,COMPLETE
356,356,0.7064333251170816,2021-02-24 05:20:47.966847,2021-02-24 05:21:16.572487,0 days 00:00:28.605640,0.00013680306117433614,30,0.9930076297610327,7.556523093735469,0.7064333251170816,,,PRUNED
357,357,0.6958343603648016,2021-02-24 05:21:16.572808,2021-02-24 05:24:31.817835,0 days 00:03:15.245027,5.8644361909058436e-05,70,0.9917460313335563,0.8309200829002944,0.707419275326596,0.7111165886122751,,COMPLETE
358,358,0.703721962040917,2021-02-24 05:24:31.818543,2021-02-24 05:24:44.370628,0 days 00:00:12.552085,0.00016668148793257443,30,0.9928228702905058,3.7782492014397944,0.703721962040917,,,PRUNED
359,359,0.7002711363076165,2021-02-24 05:24:44.370946,2021-02-24 05:26:01.036097,0 days 00:01:16.665151,6.533337621492866e-05,70,0.9977251731491559,12.835068819901464,0.7002711363076165,,,PRUNED
360,360,0.7047079122504314,2021-02-24 05:26:01.036391,2021-02-24 05:27:17.645779,0 days 00:01:16.609388,3.1378067395407475e-05,80,0.9983060637992839,11.004258994466639,0.7047079122504314,,,PRUNED
361,361,0.6990386985457234,2021-02-24 05:27:17.646123,2021-02-24 05:27:30.271166,0 days 00:00:12.625043,6.763709399319912e-05,20,0.9960014838891095,1.2140760811236488,0.6990386985457234,,,PRUNED
362,362,0.7106236135075179,2021-02-24 05:27:30.271497,2021-02-24 05:30:45.500748,0 days 00:03:15.229251,9.823450013567578e-05,80,0.998991861068227,15.091645931840194,0.7064333251170816,,,COMPLETE
363,363,0.7042149371456742,2021-02-24 05:30:45.501470,2021-02-24 05:30:58.093908,0 days 00:00:12.592438,5.083017550968074e-05,10,0.9975912738558427,0.020771682571912864,0.7042149371456742,,,PRUNED
364,364,0.7039684495932955,2021-02-24 05:30:58.094237,2021-02-24 05:32:14.737818,0 days 00:01:16.643581,9.549220370080847e-05,70,0.9988889437643367,16.475411474853395,0.7039684495932955,,,PRUNED
365,365,0.7071727877742174,2021-02-24 05:32:14.738131,2021-02-24 05:32:43.318239,0 days 00:00:28.580108,9.887111886838921e-05,20,0.9923934781994305,9.329756380286655,0.7145674143455756,0.7071727877742174,,PRUNED
366,366,0.7039684495932955,2021-02-24 05:32:43.318557,2021-02-24 05:35:58.747453,0 days 00:03:15.428896,0.00015795661753461953,80,0.9989547992226426,17.6754108584429,0.7071727877742174,,,COMPLETE
367,367,0.6933694848410156,2021-02-24 05:35:58.748181,2021-02-24 05:36:27.374185,0 days 00:00:28.626004,8.117246374086774e-05,50,0.9909641527420749,8.607432133985592,0.7101306384027607,0.6933694848410156,,PRUNED
368,368,0.7059403500123244,2021-02-24 05:36:27.374513,2021-02-24 05:36:39.992051,0 days 00:00:12.617538,0.00035358796186767805,10,0.9920546116974226,7.47278847787301,0.7059403500123244,,,PRUNED
369,369,0.7010105989647523,2021-02-24 05:36:39.992410,2021-02-24 05:37:08.581314,0 days 00:00:28.588904,0.0002682455991540602,40,0.9972420171301476,3.071422206366784,0.709884150850382,0.7010105989647523,,PRUNED
370,370,0.7042149371456742,2021-02-24 05:37:08.581645,2021-02-24 05:37:37.224586,0 days 00:00:28.642941,7.90038500343312e-05,50,0.9908108520046894,10.560689008394384,0.7042149371456742,,,PRUNED
371,371,0.6997781612028593,2021-02-24 05:37:37.224937,2021-02-24 05:38:53.947025,0 days 00:01:16.722088,6.257511561396829e-05,80,0.9980633912485731,15.33622155309144,0.6997781612028593,,,PRUNED
372,372,0.7071727877742174,2021-02-24 05:38:53.947341,2021-02-24 05:39:22.504145,0 days 00:00:28.556804,0.0006787339833188723,30,0.9926141459850526,4.475487146488605,0.7084052255361104,0.7071727877742174,,PRUNED
373,373,0.7052008873551886,2021-02-24 05:39:22.504460,2021-02-24 05:40:39.189328,0 days 00:01:16.684868,0.00023880972652207355,80,0.9986645149189526,18.430242730677477,0.7052008873551886,,,PRUNED
374,374,0.7088982006408676,2021-02-24 05:40:39.189656,2021-02-24 05:43:54.511599,0 days 00:03:15.321943,0.00014828159945667456,70,0.9975602307726287,14.900352285934767,0.7079122504313532,,,COMPLETE
375,375,0.7056938624599458,2021-02-24 05:43:54.512312,2021-02-24 05:44:23.288554,0 days 00:00:28.776242,0.00014844588270007686,30,0.9922745089146725,3.556895391077878,0.7204831156026621,0.7056938624599458,,PRUNED
376,376,0.706186837564703,2021-02-24 05:44:23.288887,2021-02-24 05:45:40.183270,0 days 00:01:16.894383,0.00019860797955652842,30,0.9930249941431815,5.339631689390962,0.7128420014789253,0.7084052255361104,0.706186837564703,PRUNED
377,377,0.6697066798126695,2021-02-24 05:45:40.183587,2021-02-24 05:48:55.571147,0 days 00:03:15.387560,4.824854951101264e-05,90,0.9983308522174117,15.928724766368926,0.7084052255361104,,,COMPLETE
378,378,0.7029824993837811,2021-02-24 05:48:55.571858,2021-02-24 05:49:24.221003,0 days 00:00:28.649145,0.0001902895274868776,30,0.9930193318492649,4.029857296043274,0.7076657628789746,0.7029824993837811,,PRUNED
379,379,0.7052008873551886,2021-02-24 05:49:24.221335,2021-02-24 05:49:52.733915,0 days 00:00:28.512580,0.00010430901342419765,40,0.9934175942765726,13.200308667582332,0.7052008873551886,,,PRUNED
380,380,0.6990386985457234,2021-02-24 05:49:52.734249,2021-02-24 05:50:21.464138,0 days 00:00:28.729889,1.2386572249995013e-05,20,0.9922526304915485,12.706284740722218,0.6990386985457234,,,PRUNED
381,381,0.6990386985457234,2021-02-24 05:50:21.464479,2021-02-24 05:51:37.942518,0 days 00:01:16.478039,4.623934512738249e-05,30,0.9914580121354557,9.583288346159403,0.707419275326596,0.6990386985457234,,PRUNED
382,382,0.6928765097362584,2021-02-24 05:51:37.942865,2021-02-24 05:52:54.686236,0 days 00:01:16.743371,8.343380923572898e-05,90,0.9971488395006096,9.68989358451216,0.6928765097362584,,,PRUNED
383,383,0.7047079122504314,2021-02-24 05:52:54.686601,2021-02-24 05:53:07.183316,0 days 00:00:12.496715,5.9079513990250225e-05,30,0.9914297100630544,4.949090693248411,0.7047079122504314,,,PRUNED
384,384,0.706186837564703,2021-02-24 05:53:07.183668,2021-02-24 05:54:23.695723,0 days 00:01:16.512055,3.832079172172765e-05,60,0.9925942706468217,14.686389419662953,0.7157998521074685,0.706186837564703,,PRUNED
385,385,0.7039684495932955,2021-02-24 05:54:23.696055,2021-02-24 05:54:36.370152,0 days 00:00:12.674097,0.0001137529885808375,30,0.9929210832335521,3.1693615077604678,0.7039684495932955,,,PRUNED
386,386,0.7044614246980527,2021-02-24 05:54:36.370489,2021-02-24 05:54:48.892842,0 days 00:00:12.522353,0.0011571690782064968,10,0.9927171886259338,2.7197206886649017,0.7044614246980527,,,PRUNED
387,387,0.7039684495932955,2021-02-24 05:54:48.893179,2021-02-24 05:55:17.516845,0 days 00:00:28.623666,0.00013599809662612024,30,0.9931411887399901,3.5042776264594204,0.7093911757456248,0.7039684495932955,,PRUNED
388,388,0.7027360118314026,2021-02-24 05:55:17.517178,2021-02-24 05:55:30.095018,0 days 00:00:12.577840,0.00016596411000809597,30,0.9924696940134526,5.378999364062139,0.7027360118314026,,,PRUNED
389,389,0.6815380823268425,2021-02-24 05:55:30.095352,2021-02-24 05:56:46.945545,0 days 00:01:16.850193,5.9319458650456365e-05,80,0.9916131360491163,0.7457967347797243,0.7165393147646044,0.6815380823268425,,PRUNED
390,390,0.7012570865171309,2021-02-24 05:56:46.945871,2021-02-24 05:57:15.624966,0 days 00:00:28.679095,2.9339389004183112e-05,100,0.9918541378878327,1.1767629176359395,0.7012570865171309,,,PRUNED
391,391,0.7069263002218388,2021-02-24 05:57:15.625321,2021-02-24 06:00:31.118257,0 days 00:03:15.492936,0.00022696667314694102,50,0.9917033289309113,8.039539833499376,0.7093911757456248,0.7177717525264974,0.7088982006408676,COMPLETE
392,392,0.696820310574316,2021-02-24 06:00:31.118996,2021-02-24 06:00:43.683516,0 days 00:00:12.564520,0.00029658799249040134,50,0.9916117893729153,8.1229992103101,0.696820310574316,,,PRUNED
393,393,0.6985457234409662,2021-02-24 06:00:43.683851,2021-02-24 06:01:12.318724,0 days 00:00:28.634873,0.00023011407609483788,50,0.9920827403391809,7.161761427354761,0.7081587379837319,0.6985457234409662,,PRUNED
394,394,0.7029824993837811,2021-02-24 06:01:12.319037,2021-02-24 06:01:24.804050,0 days 00:00:12.485013,0.00020057293169168178,50,0.9918072605828874,6.119459109106054,0.7029824993837811,,,PRUNED
395,395,0.7007641114123737,2021-02-24 06:01:24.804388,2021-02-24 06:01:53.414376,0 days 00:00:28.609988,6.67864611839599e-05,60,0.9911376012951046,0.22797166698285487,0.7007641114123737,,,PRUNED
396,396,0.7066798126694602,2021-02-24 06:01:53.414725,2021-02-24 06:02:06.082352,0 days 00:00:12.667627,0.0002702618780380573,50,0.9950668783416189,8.752323416884053,0.7066798126694602,,,PRUNED
397,397,0.7086517130884891,2021-02-24 06:02:06.082707,2021-02-24 06:03:22.878713,0 days 00:01:16.796006,0.00017449457971228517,30,0.9911101532776345,4.354946961604953,0.7135814641360612,0.7106236135075179,0.7086517130884891,PRUNED
398,398,0.7052008873551886,2021-02-24 06:03:22.879031,2021-02-24 06:04:39.542985,0 days 00:01:16.663954,0.0001298229154776027,70,0.9977792838683843,14.981643530583707,0.7052008873551886,,,PRUNED
399,399,0.7056938624599458,2021-02-24 06:04:39.543335,2021-02-24 06:07:55.343478,0 days 00:03:15.800143,0.00015332407833332768,70,0.9974758451500394,13.349344543249522,0.7079122504313532,,,COMPLETE
400,400,0.6711856051269411,2021-02-24 06:07:55.344212,2021-02-24 06:11:10.623088,0 days 00:03:15.278876,0.00018194014920873725,30,0.9911033458338082,4.677808910760593,0.709884150850382,0.716785802316983,0.7133349765836825,COMPLETE
401,401,0.7024895242790239,2021-02-24 06:11:10.623825,2021-02-24 06:12:27.455642,0 days 00:01:16.831817,0.0002192273603994983,30,0.9910988893049949,4.643725818854867,0.7084052255361104,0.7091446881932463,0.7024895242790239,PRUNED
402,402,0.7029824993837811,2021-02-24 06:12:27.455965,2021-02-24 06:12:56.161359,0 days 00:00:28.705394,0.0002494656359701699,30,0.9912317006193112,5.662648903579696,0.7101306384027607,0.7029824993837811,,PRUNED
403,403,0.7032289869361598,2021-02-24 06:12:56.161721,2021-02-24 06:13:24.672488,0 days 00:00:28.510767,0.00039963351669533104,30,0.9906382966477716,4.446574370478374,0.7103771259551392,0.7032289869361598,,PRUNED
404,404,0.7047079122504314,2021-02-24 06:13:24.672820,2021-02-24 06:13:53.409288,0 days 00:00:28.736468,0.0001967182351203249,70,0.9909840449961614,12.393511901821894,0.7091446881932463,0.7047079122504314,,PRUNED
405,405,0.6973132856790732,2021-02-24 06:13:53.409609,2021-02-24 06:15:10.035962,0 days 00:01:16.626353,5.4013725799093535e-05,80,0.9923426079826247,2.1266365479475833,0.7227015035740695,0.6973132856790732,,PRUNED
406,406,0.6884397337934435,2021-02-24 06:15:10.036322,2021-02-24 06:16:26.899369,0 days 00:01:16.863047,9.264178836176229e-05,30,0.9917146675479347,0.8968365137193208,0.7086517130884891,0.6884397337934435,,PRUNED
407,407,0.7049543998028099,2021-02-24 06:16:26.899697,2021-02-24 06:16:39.476829,0 days 00:00:12.577132,0.0003329442316705461,30,0.9913474282091052,5.137025605728807,0.7049543998028099,,,PRUNED
408,408,0.6785802316982993,2021-02-24 06:16:39.477173,2021-02-24 06:17:08.009091,0 days 00:00:28.531918,0.00016283947107457192,30,0.9915102148541285,0.5348098017110336,0.719250677840769,0.6785802316982993,,PRUNED
409,409,0.7010105989647523,2021-02-24 06:17:08.009436,2021-02-24 06:17:20.502209,0 days 00:00:12.492773,0.00013256024940529632,40,0.9910884055036682,4.731119890667131,0.7010105989647523,,,PRUNED
410,410,0.7069263002218388,2021-02-24 06:17:20.502557,2021-02-24 06:17:33.011944,0 days 00:00:12.509387,0.00018785573488293037,30,0.9916489578721658,4.0408568759228265,0.7069263002218388,,,PRUNED
411,411,0.7054473749075671,2021-02-24 06:17:33.012282,2021-02-24 06:18:49.757438,0 days 00:01:16.745156,0.00017317760435704217,50,0.9919394006069543,4.077482548432198,0.7103771259551392,0.7128420014789253,0.7054473749075671,PRUNED
412,412,0.707419275326596,2021-02-24 06:18:49.757787,2021-02-24 06:19:02.332290,0 days 00:00:12.574503,0.00022051618958122667,30,0.9918987270525965,3.734074669278478,0.707419275326596,,,PRUNED
413,413,0.7071727877742174,2021-02-24 06:19:02.332660,2021-02-24 06:19:14.830750,0 days 00:00:12.498090,0.0001741116057251048,50,0.9922364572364043,4.36798443141223,0.7071727877742174,,,PRUNED
414,414,0.7010105989647523,2021-02-24 06:19:14.831084,2021-02-24 06:19:43.458229,0 days 00:00:28.627145,0.0001416298069877128,30,0.9919980403250144,1.806243719297169,0.7093911757456248,0.7010105989647523,,PRUNED
415,415,0.7071727877742174,2021-02-24 06:19:43.458567,2021-02-24 06:19:55.941973,0 days 00:00:12.483406,0.0002608400788656232,30,0.9908213815879148,1.3283306241927215,0.7071727877742174,,,PRUNED
416,416,0.7054473749075671,2021-02-24 06:19:55.942319,2021-02-24 06:20:08.445755,0 days 00:00:12.503436,0.0008185593667553606,80,0.991769105122463,3.378941126475136,0.7054473749075671,,,PRUNED
417,417,0.7017500616218881,2021-02-24 06:20:08.446123,2021-02-24 06:20:21.049369,0 days 00:00:12.603246,0.00022655585076643837,10,0.991384227846862,4.260119750111459,0.7017500616218881,,,PRUNED
418,418,0.7049543998028099,2021-02-24 06:20:21.049720,2021-02-24 06:20:33.552093,0 days 00:00:12.502373,0.00019119304645876154,50,0.9922719778461264,7.767340480637279,0.7049543998028099,,,PRUNED
419,419,0.7052008873551886,2021-02-24 06:20:33.552441,2021-02-24 06:20:46.275132,0 days 00:00:12.722691,0.0014656556401068592,60,0.9904099006934108,4.885507231776425,0.7052008873551886,,,PRUNED
420,420,0.7049543998028099,2021-02-24 06:20:46.275502,2021-02-24 06:22:02.852665,0 days 00:01:16.577163,0.0001651775053217549,50,0.9925402538486567,3.9547180159478836,0.7118560512694109,0.7125955139265467,0.7049543998028099,PRUNED
421,421,0.7047079122504314,2021-02-24 06:22:02.852986,2021-02-24 06:23:19.692672,0 days 00:01:16.839686,0.00018714690930937954,90,0.9919868615149654,6.241354142689143,0.7081587379837319,0.7047079122504314,,PRUNED
422,422,0.7024895242790239,2021-02-24 06:23:19.693043,2021-02-24 06:23:32.266796,0 days 00:00:12.573753,0.00016072088019497639,50,0.9924666065599477,3.7412061155286978,0.7024895242790239,,,PRUNED
423,423,0.7064333251170816,2021-02-24 06:23:32.267166,2021-02-24 06:23:45.008124,0 days 00:00:12.740958,0.00011640681845667718,50,0.9926509353828509,3.9636580663829397,0.7064333251170816,,,PRUNED
424,424,0.7059403500123244,2021-02-24 06:23:45.008498,2021-02-24 06:25:01.687528,0 days 00:01:16.679030,0.002177126500773894,70,0.9927816966234685,1.541528164568935,0.7079122504313532,0.7059403500123244,,PRUNED
425,425,0.7039684495932955,2021-02-24 06:25:01.687886,2021-02-24 06:25:30.344751,0 days 00:00:28.656865,0.00013031676288781702,70,0.9912839519272593,1.7915377289599583,0.7039684495932955,,,PRUNED
426,426,0.706186837564703,2021-02-24 06:25:30.345083,2021-02-24 06:25:58.946852,0 days 00:00:28.601769,0.00015264199740095313,50,0.9921044293589827,3.0564115723674052,0.7081587379837319,0.706186837564703,,PRUNED
427,427,0.7059403500123244,2021-02-24 06:25:58.947223,2021-02-24 06:26:11.594341,0 days 00:00:12.647118,0.008008018133180105,50,0.9912476318415767,4.284308898855612,0.7059403500123244,,,PRUNED
