,number,value,datetime_start,datetime_complete,duration,params_lr,params_out_dim,params_scheduler_gamma,params_weight_decay,system_attrs_completed_rung_0,system_attrs_completed_rung_1,system_attrs_completed_rung_2,state
645,645,0.7056938624599458,2021-02-24 09:56:32.148429,2021-02-24 09:56:44.683679,0 days 00:00:12.535250,0.00018129775650147124,20,0.9973676575335592,8.611522973827386,0.7056938624599458,,,PRUNED
646,646,0.7049543998028099,2021-02-24 09:56:44.684088,2021-02-24 09:57:13.249968,0 days 00:00:28.565880,2.555422882777666e-05,10,0.9940363162597509,0.8626553159404534,0.7101306384027607,0.7049543998028099,,PRUNED
647,647,0.7069263002218388,2021-02-24 09:57:13.250420,2021-02-24 09:58:29.837027,0 days 00:01:16.586607,7.041482582384734e-05,60,0.990516593330095,13.025869606409854,0.7069263002218388,,,PRUNED
648,648,0.7017500616218881,2021-02-24 09:58:29.837452,2021-02-24 09:58:58.394436,0 days 00:00:28.556984,7.231160432011887e-05,40,0.991905892117222,13.12007534870351,0.7017500616218881,,,PRUNED
649,649,0.7064333251170816,2021-02-24 09:58:58.394882,2021-02-24 09:59:10.995247,0 days 00:00:12.600365,0.0002612839008479623,30,0.9923937657792553,2.385934085349546,0.7064333251170816,,,PRUNED
650,650,0.7044614246980527,2021-02-24 09:59:10.995683,2021-02-24 09:59:39.561434,0 days 00:00:28.565751,9.90556600948599e-05,40,0.9918253645526761,13.501549034137273,0.7044614246980527,,,PRUNED
651,651,0.7034754744885383,2021-02-24 09:59:39.561850,2021-02-24 09:59:52.153198,0 days 00:00:12.591348,0.00015285778284813712,40,0.9919469206097554,3.537767506149827,0.7034754744885383,,,PRUNED
652,652,0.6899186591077151,2021-02-24 09:59:52.153636,2021-02-24 10:03:07.718258,0 days 00:03:15.564622,9.161986610261761e-05,40,0.9956616142094281,11.929773743651232,0.7162928272122258,,,COMPLETE
653,653,0.6958343603648016,2021-02-24 10:03:07.719105,2021-02-24 10:03:36.288356,0 days 00:00:28.569251,3.843051565065683e-05,40,0.9916307904561217,12.901877788991053,0.6958343603648016,,,PRUNED
654,654,0.706186837564703,2021-02-24 10:03:36.288812,2021-02-24 10:04:52.940975,0 days 00:01:16.652163,0.00013001885170487533,30,0.9963415323364594,12.66723842355918,0.706186837564703,,,PRUNED
655,655,0.7015035740695095,2021-02-24 10:04:52.941399,2021-02-24 10:06:09.668655,0 days 00:01:16.727256,8.53534089113726e-05,30,0.9920764932380282,13.539016364745821,0.7103771259551392,0.7015035740695095,,PRUNED
656,656,0.700517623859995,2021-02-24 10:06:09.669091,2021-02-24 10:06:38.372529,0 days 00:00:28.703438,6.693595174636e-05,30,0.992273150360586,12.225373139648182,0.700517623859995,,,PRUNED
657,657,0.703721962040917,2021-02-24 10:06:38.372955,2021-02-24 10:07:06.932451,0 days 00:00:28.559496,4.714646727576496e-05,40,0.9917874696670833,15.208630464312572,0.703721962040917,,,PRUNED
658,658,0.6990386985457234,2021-02-24 10:07:06.932888,2021-02-24 10:07:35.644169,0 days 00:00:28.711281,1.3762009816445916e-05,30,0.9924520617692157,11.528305889141789,0.6990386985457234,,,PRUNED
659,659,0.7044614246980527,2021-02-24 10:07:35.644622,2021-02-24 10:08:04.175784,0 days 00:00:28.531162,0.00011419227344024903,30,0.991628601695282,4.111135743806015,0.709884150850382,0.7044614246980527,,PRUNED
660,660,0.7024895242790239,2021-02-24 10:08:04.176220,2021-02-24 10:08:32.815732,0 days 00:00:28.639512,9.518682146541767e-05,40,0.9915471357123063,12.573899066515766,0.7024895242790239,,,PRUNED
661,661,0.706186837564703,2021-02-24 10:08:32.816150,2021-02-24 10:08:45.350258,0 days 00:00:12.534108,0.00020037327130067225,10,0.9922182088583619,1.3268587788387318,0.706186837564703,,,PRUNED
662,662,0.7044614246980527,2021-02-24 10:08:45.350706,2021-02-24 10:10:01.779831,0 days 00:01:16.429125,3.9907029874769375e-05,20,0.9912102308297576,13.415305577049471,0.7044614246980527,,,PRUNED
663,663,0.7056938624599458,2021-02-24 10:10:01.780289,2021-02-24 10:10:14.295194,0 days 00:00:12.514905,0.00024463555036918457,20,0.9925268707022311,2.9685030893039626,0.7056938624599458,,,PRUNED
664,664,0.7071727877742174,2021-02-24 10:10:14.295643,2021-02-24 10:10:42.696836,0 days 00:00:28.401193,1.8993549554939447e-05,30,0.9913430057223472,14.322308190520921,0.7071727877742174,,,PRUNED
665,665,0.7066798126694602,2021-02-24 10:10:42.697276,2021-02-24 10:11:11.381810,0 days 00:00:28.684534,0.00014334219723621802,40,0.9906352615077014,13.2537230830228,0.7066798126694602,,,PRUNED
666,666,0.7042149371456742,2021-02-24 10:11:11.382231,2021-02-24 10:11:23.899328,0 days 00:00:12.517097,5.660603403393191e-05,30,0.9914952344741857,4.898174328709244,0.7042149371456742,,,PRUNED
667,667,0.7019965491742667,2021-02-24 10:11:23.899772,2021-02-24 10:11:52.449543,0 days 00:00:28.549771,0.00011462986491336138,50,0.9927868921932176,1.6225047197636324,0.7019965491742667,,,PRUNED
668,668,0.6985457234409662,2021-02-24 10:11:52.449985,2021-02-24 10:13:09.169521,0 days 00:01:16.719536,0.0001596073848020732,50,0.9920649089421028,1.0962320253547357,0.7217155533645551,0.6985457234409662,,PRUNED
669,669,0.6586147399556322,2021-02-24 10:13:09.169995,2021-02-24 10:16:31.396096,0 days 00:03:22.226101,0.00016849266163935405,60,0.9918185931260307,3.855019894004807,0.7116095637170323,0.7140744392408184,0.7217155533645551,COMPLETE
670,670,0.7052008873551886,2021-02-24 10:16:31.396958,2021-02-24 10:17:51.063537,0 days 00:01:19.666579,0.00010451397003326366,50,0.9988358870081344,10.070248394664551,0.7052008873551886,,,PRUNED
671,671,0.7054473749075671,2021-02-24 10:17:51.063991,2021-02-24 10:18:04.127101,0 days 00:00:13.063110,0.018722700754767348,60,0.9916905487500751,3.1695542633527367,0.7054473749075671,,,PRUNED
672,672,0.7015035740695095,2021-02-24 10:18:04.127544,2021-02-24 10:19:23.642249,0 days 00:01:19.514705,0.00017135225891938837,70,0.9913539812788978,1.7172696704173367,0.7091446881932463,0.7108701010598965,0.7015035740695095,PRUNED
673,673,0.7044614246980527,2021-02-24 10:19:23.642688,2021-02-24 10:19:53.281348,0 days 00:00:29.638660,0.00013543914620987613,40,0.9925865263770596,7.904837143065845,0.7044614246980527,,,PRUNED
674,674,0.7015035740695095,2021-02-24 10:19:53.281812,2021-02-24 10:20:22.954812,0 days 00:00:29.673000,0.0001023364981132506,10,0.9960009311666815,2.030659244791633,0.7015035740695095,,,PRUNED
675,675,0.7079122504313532,2021-02-24 10:20:22.955298,2021-02-24 10:20:52.507218,0 days 00:00:29.551920,0.00012702337525495028,40,0.9919195260857475,3.8871537772615574,0.7081587379837319,0.7079122504313532,,PRUNED
676,676,0.7054473749075671,2021-02-24 10:20:52.507644,2021-02-24 10:24:13.703519,0 days 00:03:21.195875,5.699398638304503e-05,50,0.9915659467634507,14.147406665226406,0.7084052255361104,,,COMPLETE
677,677,0.7066798126694602,2021-02-24 10:24:13.704358,2021-02-24 10:24:26.738485,0 days 00:00:13.034127,0.0001522182150446302,50,0.9917941594710449,0.31517853648489536,0.7066798126694602,,,PRUNED
678,678,0.7049543998028099,2021-02-24 10:24:26.738956,2021-02-24 10:24:39.918137,0 days 00:00:13.179181,0.008524084643857512,70,0.9947047135205896,9.892837612726279,0.7049543998028099,,,PRUNED
679,679,0.6773477939364062,2021-02-24 10:24:39.918581,2021-02-24 10:25:59.605096,0 days 00:01:19.686515,1.0417268004747616e-05,30,0.9921982637402915,0.5223334168951848,0.7113630761646537,0.6773477939364062,,PRUNED
680,680,0.7042149371456742,2021-02-24 10:25:59.605584,2021-02-24 10:26:12.570330,0 days 00:00:12.964746,0.0002105585135421871,30,0.9909064324826989,3.4946283789506705,0.7042149371456742,,,PRUNED
681,681,0.7069263002218388,2021-02-24 10:26:12.570789,2021-02-24 10:26:42.278857,0 days 00:00:29.708068,2.9854377754560152e-05,80,0.9926971883151845,2.7386477745801145,0.7160463396598472,0.7069263002218388,,PRUNED
682,682,0.7113630761646537,2021-02-24 10:26:42.279300,2021-02-24 10:30:05.020471,0 days 00:03:22.741171,8.110795734667833e-05,60,0.9921255416030018,15.80002136217234,0.7071727877742174,,,COMPLETE
683,683,0.6975597732314518,2021-02-24 10:30:05.021321,2021-02-24 10:31:24.861074,0 days 00:01:19.839753,0.00018044964006904646,40,0.9952598903652485,4.53639479373183,0.7207296031550406,0.7128420014789253,0.6975597732314518,PRUNED
684,684,0.69435543505053,2021-02-24 10:31:24.861527,2021-02-24 10:32:44.329332,0 days 00:01:19.467805,1.0535922456438632e-05,30,0.9915642454145487,0.9404248191091715,0.7150603894503328,0.7096376632980035,0.69435543505053,PRUNED
685,685,0.7039684495932955,2021-02-24 10:32:44.329802,2021-02-24 10:32:57.329765,0 days 00:00:12.999963,3.659853016832033e-05,80,0.9921132913351445,2.2760956616864485,0.7039684495932955,,,PRUNED
686,686,0.700517623859995,2021-02-24 10:32:57.330248,2021-02-24 10:36:20.001241,0 days 00:03:22.670993,7.601864361625062e-05,60,0.9925406432826228,8.017809766114773,0.709884150850382,,,COMPLETE
687,687,0.7012570865171309,2021-02-24 10:36:20.002146,2021-02-24 10:37:39.727095,0 days 00:01:19.724949,0.00023265902750105246,50,0.9911875232867552,7.557880035641614,0.7128420014789253,0.7086517130884891,0.7012570865171309,PRUNED
688,688,0.6975597732314518,2021-02-24 10:37:39.727545,2021-02-24 10:38:59.293202,0 days 00:01:19.565657,4.883003017058016e-05,60,0.9967315177046046,7.190539974794806,0.6975597732314518,,,PRUNED
689,689,0.700517623859995,2021-02-24 10:38:59.293639,2021-02-24 10:39:28.987247,0 days 00:00:29.693608,7.772536343924748e-05,30,0.9923984905161083,6.34396348145826,0.700517623859995,,,PRUNED
690,690,0.7069263002218388,2021-02-24 10:39:28.987746,2021-02-24 10:40:48.537899,0 days 00:01:19.550153,0.0007582098773365165,10,0.9949948252320637,3.678699539346897,0.7076657628789746,0.7086517130884891,0.7069263002218388,PRUNED
691,691,0.7039684495932955,2021-02-24 10:40:48.538322,2021-02-24 10:42:07.970898,0 days 00:01:19.432576,3.5772610110891864e-05,40,0.9929221323303936,9.250496452111607,0.7039684495932955,,,PRUNED
692,692,0.6896721715553364,2021-02-24 10:42:07.971375,2021-02-24 10:45:30.835306,0 days 00:03:22.863931,5.126687675826785e-05,50,0.9903700134450487,5.673027885498102,0.7165393147646044,0.7175252649741188,,COMPLETE
693,693,0.7024895242790239,2021-02-24 10:45:30.836180,2021-02-24 10:46:00.525225,0 days 00:00:29.689045,6.343584498557525e-05,30,0.9929339370654596,11.950017091032398,0.7024895242790239,,,PRUNED
694,694,0.706186837564703,2021-02-24 10:46:00.525735,2021-02-24 10:46:13.519922,0 days 00:00:12.994187,0.0007893673881721117,100,0.9949154412124194,12.678259862473226,0.706186837564703,,,PRUNED
695,695,0.6982992358885877,2021-02-24 10:46:13.520403,2021-02-24 10:46:43.286199,0 days 00:00:29.765796,4.178877771030022e-05,40,0.9917083336424276,2.6605527036043,0.6982992358885877,,,PRUNED
696,696,0.7076657628789746,2021-02-24 10:46:43.286676,2021-02-24 10:47:13.066940,0 days 00:00:29.780264,4.467271354874328e-05,10,0.9950143976943315,3.197280907105302,0.7079122504313532,0.7076657628789746,,PRUNED
697,697,0.6753758935173774,2021-02-24 10:47:13.067394,2021-02-24 10:48:32.622386,0 days 00:01:19.554992,3.0323754367228576e-05,20,0.9910272561764263,10.037426164463923,0.7128420014789253,0.6753758935173774,,PRUNED
698,698,0.6896721715553364,2021-02-24 10:48:32.622844,2021-02-24 10:51:55.375184,0 days 00:03:22.752340,8.190714259856154e-05,60,0.992115584145919,0.02875577467964341,0.718018240078876,,,COMPLETE
699,699,0.7039684495932955,2021-02-24 10:51:55.376045,2021-02-24 10:52:25.007792,0 days 00:00:29.631747,5.820162856264971e-05,60,0.9900383238322481,2.2818798614170683,0.7039684495932955,,,PRUNED
700,700,0.7145674143455756,2021-02-24 10:52:25.008272,2021-02-24 10:55:47.986864,0 days 00:03:22.978592,7.474479577429969e-05,40,0.9902808289228054,1.4022583025824975,0.7234409662312054,0.7076657628789746,,COMPLETE
701,701,0.7052008873551886,2021-02-24 10:55:47.987718,2021-02-24 10:56:01.081355,0 days 00:00:13.093637,0.00030110638206857967,20,0.9948452443023262,11.851565815141354,0.7052008873551886,,,PRUNED
702,702,0.7052008873551886,2021-02-24 10:56:01.081850,2021-02-24 10:56:30.671523,0 days 00:00:29.589673,7.267522770070633e-05,40,0.9902479342555506,1.2759107061145554,0.7052008873551886,,,PRUNED
703,703,0.7000246487552378,2021-02-24 10:56:30.671967,2021-02-24 10:56:43.740368,0 days 00:00:13.068401,0.00013962180342250396,10,0.9954154194039659,3.602749785605427,0.7000246487552378,,,PRUNED
704,704,0.7052008873551886,2021-02-24 10:56:43.740834,2021-02-24 11:00:06.334010,0 days 00:03:22.593176,8.649248727025415e-05,40,0.9907781114543545,6.851621262776694,0.7081587379837319,0.713088489031304,,COMPLETE
705,705,0.6928765097362584,2021-02-24 11:00:06.334900,2021-02-24 11:00:36.047596,0 days 00:00:29.712696,8.693249399455802e-05,40,0.990705092017634,12.86219635896451,0.6928765097362584,,,PRUNED
706,706,0.706186837564703,2021-02-24 11:00:36.048042,2021-02-24 11:01:55.501974,0 days 00:01:19.453932,8.92351221939267e-05,40,0.9905682495410787,13.85650402487918,0.709884150850382,0.706186837564703,,PRUNED
707,707,0.7054473749075671,2021-02-24 11:01:55.502431,2021-02-24 11:02:25.101320,0 days 00:00:29.598889,0.00010061253323717239,40,0.9904513082654587,12.384520917130953,0.7054473749075671,,,PRUNED
708,708,0.7032289869361598,2021-02-24 11:02:25.101799,2021-02-24 11:02:38.215119,0 days 00:00:13.113320,7.198306340696079e-05,30,0.9951513186899282,2.4664491117864396,0.7032289869361598,,,PRUNED
709,709,0.7049543998028099,2021-02-24 11:02:38.215605,2021-02-24 11:03:57.741122,0 days 00:01:19.525517,0.0001446642271490842,80,0.994911431171507,16.07039254645337,0.7049543998028099,,,PRUNED
710,710,0.6965738230219374,2021-02-24 11:03:57.741556,2021-02-24 11:04:27.415349,0 days 00:00:29.673793,7.531923931342939e-05,40,0.9908873405595648,4.624724279355661,0.6965738230219374,,,PRUNED
711,711,0.703721962040917,2021-02-24 11:04:27.415798,2021-02-24 11:04:40.512163,0 days 00:00:13.096365,0.000669793861002968,10,0.9928669837750792,13.60542640423496,0.703721962040917,,,PRUNED
712,712,0.7054473749075671,2021-02-24 11:04:40.512619,2021-02-24 11:05:10.198083,0 days 00:00:29.685464,0.00012277417668786052,40,0.99083386471528,0.8071166462669619,0.7054473749075671,,,PRUNED
713,713,0.7056938624599458,2021-02-24 11:05:10.198525,2021-02-24 11:05:23.204718,0 days 00:00:13.006193,0.0011345903126469222,30,0.9944000875446531,1.8444566893849803,0.7056938624599458,,,PRUNED
714,714,0.7024895242790239,2021-02-24 11:05:23.205170,2021-02-24 11:05:52.807065,0 days 00:00:29.601895,6.542764305791778e-05,30,0.990413646932354,1.6214970233827057,0.7024895242790239,,,PRUNED
715,715,0.6788267192506778,2021-02-24 11:05:52.807517,2021-02-24 11:09:15.542434,0 days 00:03:22.734917,6.317044546395635e-05,30,0.9910007268097151,11.586138160800324,0.7157998521074685,,,COMPLETE
716,716,0.707419275326596,2021-02-24 11:09:15.543346,2021-02-24 11:12:37.039936,0 days 00:03:21.496590,0.0002137979359959187,50,0.9913297773941618,15.492193444565574,0.7091446881932463,,,COMPLETE
