,number,value,datetime_start,datetime_complete,duration,params_lr,params_out_dim,params_scheduler_gamma,params_weight_decay,system_attrs_completed_rung_0,system_attrs_completed_rung_1,system_attrs_completed_rung_2,state
0,0,0.7111165886122751,2021-02-24 13:49:18.689004,2021-02-24 13:52:48.271303,0 days 00:03:29.582299,3.149499286213421e-05,60,0.9951252412976017,10.023708491310968,0.6913975844219867,0.7017500616218881,,COMPLETE
1,1,0.6857283707172788,2021-02-24 13:52:48.271933,2021-02-24 13:56:16.982098,0 days 00:03:28.710165,1.4957738544194282e-05,70,0.9953553986619891,9.623467504603248,0.7047079122504314,0.7017500616218881,0.7088982006408676,COMPLETE
2,2,0.7019965491742667,2021-02-24 13:56:16.982683,2021-02-24 13:57:38.681102,0 days 00:01:21.698419,1.4501880352658637e-05,90,0.9938556396879307,5.683416329652228,0.7106236135075179,0.7088982006408676,0.7019965491742667,PRUNED
3,3,0.696820310574316,2021-02-24 13:57:38.681320,2021-02-24 14:01:05.754189,0 days 00:03:27.072869,6.247216662567621e-05,40,0.9906628883760018,15.122493749738114,0.7027360118314026,0.7096376632980035,,COMPLETE
4,4,0.7024895242790239,2021-02-24 14:01:05.754756,2021-02-24 14:01:18.605259,0 days 00:00:12.850503,0.013564151605542512,90,0.997685747906397,1.622729824568962,0.7024895242790239,,,PRUNED
5,5,0.7042149371456742,2021-02-24 14:01:18.605426,2021-02-24 14:04:45.303128,0 days 00:03:26.697702,0.0012089384735974502,50,0.9948272940469084,2.6968175098740477,0.706186837564703,,,COMPLETE
6,6,0.7091446881932463,2021-02-24 14:04:45.303703,2021-02-24 14:04:58.553663,0 days 00:00:13.249960,1.9499858722979986e-05,30,0.9957192598298749,14.229599083845168,0.7091446881932463,,,PRUNED
7,7,0.7049543998028099,2021-02-24 14:04:58.553843,2021-02-24 14:06:20.347266,0 days 00:01:21.793423,0.0008712106115597646,30,0.9989046905329476,13.602785503306668,0.7054473749075671,0.7049543998028099,,PRUNED
8,8,0.7088982006408676,2021-02-24 14:06:20.347478,2021-02-24 14:06:33.608256,0 days 00:00:13.260778,0.00010184570913501804,100,0.9972695919810423,8.25786762789467,0.7088982006408676,,,PRUNED
9,9,0.6982992358885877,2021-02-24 14:06:33.608462,2021-02-24 14:06:46.855372,0 days 00:00:13.246910,9.080004473145629e-05,10,0.9974320567718169,17.079527765408375,0.6982992358885877,,,PRUNED
10,10,0.7059403500123244,2021-02-24 14:06:46.855577,2021-02-24 14:08:08.638773,0 days 00:01:21.783196,9.677518551039128e-05,40,0.9922734126736307,13.135844520734762,0.7059403500123244,,,PRUNED
11,11,0.7076657628789746,2021-02-24 14:08:08.638953,2021-02-24 14:08:21.897934,0 days 00:00:13.258981,5.604427670811326e-05,40,0.9916552304468172,17.17652159749191,0.7076657628789746,,,PRUNED
12,12,0.7007641114123737,2021-02-24 14:08:21.898115,2021-02-24 14:08:52.268945,0 days 00:00:30.370830,0.00012401839674086322,70,0.9950167102821103,19.4923834616569,0.7096376632980035,0.7007641114123737,,PRUNED
13,13,0.7049543998028099,2021-02-24 14:08:52.269134,2021-02-24 14:09:22.610689,0 days 00:00:30.341555,0.005610025810146725,80,0.9984836906733779,4.368716864810063,0.7049543998028099,,,PRUNED
14,14,0.7049543998028099,2021-02-24 14:09:22.610875,2021-02-24 14:09:53.057389,0 days 00:00:30.446514,0.0026845788520419795,10,0.9972924461066494,17.811577730751612,0.7049543998028099,,,PRUNED
15,15,0.7027360118314026,2021-02-24 14:09:53.057598,2021-02-24 14:13:22.021116,0 days 00:03:28.963518,0.0014959004672634396,20,0.9975844129300343,1.2081816711008364,0.7101306384027607,,,COMPLETE
16,16,0.7044614246980527,2021-02-24 14:13:22.021705,2021-02-24 14:13:52.449219,0 days 00:00:30.427514,0.0005568528201209345,30,0.9955725834683509,18.952986727470613,0.7044614246980527,,,PRUNED
17,17,0.7084052255361104,2021-02-24 14:13:52.449432,2021-02-24 14:14:05.796042,0 days 00:00:13.346610,7.013402012811116e-05,100,0.9905823344725069,0.5651822194123655,0.7084052255361104,,,PRUNED
18,18,0.7049543998028099,2021-02-24 14:14:05.796274,2021-02-24 14:15:27.625491,0 days 00:01:21.829217,0.0014244548801264844,30,0.9912437391507418,11.075523463512317,0.7049543998028099,,,PRUNED
19,19,0.7049543998028099,2021-02-24 14:15:27.625651,2021-02-24 14:15:40.948393,0 days 00:00:13.322742,0.002809911269738743,10,0.9907391139009392,7.233381843498969,0.7049543998028099,,,PRUNED
20,20,0.7056938624599458,2021-02-24 14:15:40.948579,2021-02-24 14:15:54.221166,0 days 00:00:13.272587,0.0007701340333443226,60,0.9930781977991884,12.457580221101225,0.7056938624599458,,,PRUNED
21,21,0.7088982006408676,2021-02-24 14:15:54.221377,2021-02-24 14:17:16.137880,0 days 00:01:21.916503,4.070614184479523e-05,40,0.9906387574173158,18.335355857250246,0.7088982006408676,,,PRUNED
22,22,0.7054473749075671,2021-02-24 14:17:16.138072,2021-02-24 14:17:29.396023,0 days 00:00:13.257951,1.1744373758147173e-05,80,0.9934810339829082,5.314171701135545,0.7054473749075671,,,PRUNED
23,23,0.7049543998028099,2021-02-24 14:17:29.396208,2021-02-24 14:18:51.357426,0 days 00:01:21.961218,0.011806616182843368,40,0.9978908711364516,3.4653285899638315,0.7049543998028099,0.7049543998028099,,PRUNED
24,24,0.7049543998028099,2021-02-24 14:18:51.357591,2021-02-24 14:20:13.109266,0 days 00:01:21.751675,0.006905580986032566,30,0.9963838465207643,12.285983875599005,0.7049543998028099,0.7049543998028099,,PRUNED
25,25,0.7032289869361598,2021-02-24 14:20:13.109489,2021-02-24 14:20:26.291146,0 days 00:00:13.181657,1.0529285457590237e-05,80,0.9960281597544308,4.137812354601814,0.7032289869361598,,,PRUNED
26,26,0.7019965491742667,2021-02-24 14:20:26.291333,2021-02-24 14:20:39.518593,0 days 00:00:13.227260,2.5027838380993622e-05,50,0.993570008602986,10.685608152656137,0.7019965491742667,,,PRUNED
27,27,0.7047079122504314,2021-02-24 14:20:39.518787,2021-02-24 14:21:09.963335,0 days 00:00:30.444548,0.0004253843690011745,40,0.9949478234142788,13.492915388417508,0.7047079122504314,,,PRUNED
28,28,0.703721962040917,2021-02-24 14:21:09.963529,2021-02-24 14:21:23.114820,0 days 00:00:13.151291,0.00038159586685097905,70,0.99447957536271,3.362985182923582,0.703721962040917,,,PRUNED
29,29,0.7032289869361598,2021-02-24 14:21:23.115038,2021-02-24 14:21:36.270801,0 days 00:00:13.155763,0.0003280998720159566,90,0.998814474294889,8.405208094782138,0.7032289869361598,,,PRUNED
30,30,0.7079122504313532,2021-02-24 14:21:36.270993,2021-02-24 14:25:05.149337,0 days 00:03:28.878344,0.0006152888290097217,50,0.9926658510990403,8.131360017479308,0.7049543998028099,0.7071727877742174,,COMPLETE
31,31,0.703721962040917,2021-02-24 14:25:05.149924,2021-02-24 14:25:18.497785,0 days 00:00:13.347861,3.0108331213606154e-05,60,0.9922350940874054,10.521545305495234,0.703721962040917,,,PRUNED
32,32,0.7029824993837811,2021-02-24 14:25:18.497958,2021-02-24 14:25:31.707031,0 days 00:00:13.209073,1.0869399795088262e-05,80,0.9945941638087775,6.028097831704213,0.7029824993837811,,,PRUNED
33,33,0.7042149371456742,2021-02-24 14:25:31.707249,2021-02-24 14:25:44.877190,0 days 00:00:13.169941,0.0012721159644475824,100,0.9961018118541639,13.317208966580102,0.7042149371456742,,,PRUNED
34,34,0.7052008873551886,2021-02-24 14:25:44.877379,2021-02-24 14:27:06.840923,0 days 00:01:21.963544,0.00045011666987067745,10,0.9907275675417727,13.043899299121309,0.7052008873551886,,,PRUNED
35,35,0.7049543998028099,2021-02-24 14:27:06.841139,2021-02-24 14:27:20.206660,0 days 00:00:13.365521,0.010119651799228663,70,0.992493364832682,8.908007637068089,0.7049543998028099,,,PRUNED
36,36,0.6936159723933941,2021-02-24 14:27:20.206835,2021-02-24 14:27:50.619933,0 days 00:00:30.413098,1.0331376077361901e-05,80,0.9930821274944486,7.978646910079339,0.6936159723933941,,,PRUNED
37,37,0.7010105989647523,2021-02-24 14:27:50.620125,2021-02-24 14:28:03.889090,0 days 00:00:13.268965,3.889135611525403e-05,50,0.9941718539241071,2.685857283500709,0.7010105989647523,,,PRUNED
38,38,0.6987922109933449,2021-02-24 14:28:03.889305,2021-02-24 14:28:34.199492,0 days 00:00:30.310187,7.430091022663775e-05,60,0.992782805024138,8.16187386628128,0.6987922109933449,,,PRUNED
39,39,0.7052008873551886,2021-02-24 14:28:34.199711,2021-02-24 14:28:47.463037,0 days 00:00:13.263326,0.00024022562297409798,70,0.9952189518251484,19.704082057405035,0.7052008873551886,,,PRUNED
40,40,0.703721962040917,2021-02-24 14:28:47.463234,2021-02-24 14:29:17.894349,0 days 00:00:30.431115,0.00016183355553118456,90,0.9951932702098751,6.10616183303576,0.7091446881932463,0.703721962040917,,PRUNED
41,41,0.7034754744885383,2021-02-24 14:29:17.894531,2021-02-24 14:29:31.153002,0 days 00:00:13.258471,0.00018310224292555007,90,0.996683219442692,5.938657668236426,0.7034754744885383,,,PRUNED
42,42,0.6923835346315012,2021-02-24 14:29:31.153219,2021-02-24 14:30:53.089862,0 days 00:01:21.936643,0.00010142710018915628,60,0.9934260550755926,9.219762189162598,0.7052008873551886,0.6923835346315012,,PRUNED
43,43,0.7042149371456742,2021-02-24 14:30:53.090087,2021-02-24 14:32:15.013563,0 days 00:01:21.923476,9.800648111017036e-05,50,0.9906889128916747,14.7579732560191,0.7042149371456742,,,PRUNED
44,44,0.7019965491742667,2021-02-24 14:32:15.013741,2021-02-24 14:32:28.224357,0 days 00:00:13.210616,2.211114515185483e-05,90,0.9938960639006676,6.959722624136021,0.7019965491742667,,,PRUNED
45,45,0.7039684495932955,2021-02-24 14:32:28.224551,2021-02-24 14:33:50.034898,0 days 00:01:21.810347,1.0135698530054717e-05,100,0.9909686381628592,5.760057747745875,0.7128420014789253,0.7039684495932955,,PRUNED
46,46,0.7049543998028099,2021-02-24 14:33:50.035099,2021-02-24 14:35:11.898329,0 days 00:01:21.863230,0.001038638081206597,70,0.9907028417665663,9.230249894548736,0.7049543998028099,,,PRUNED
47,47,0.7044614246980527,2021-02-24 14:35:11.898527,2021-02-24 14:35:25.063115,0 days 00:00:13.164588,0.0017916222021394778,80,0.9953124674638184,4.6581048199376145,0.7044614246980527,,,PRUNED
48,48,0.7000246487552378,2021-02-24 14:35:25.063338,2021-02-24 14:35:55.510188,0 days 00:00:30.446850,0.00020102387165480757,80,0.9921151449673029,0.6056668087251911,0.7000246487552378,,,PRUNED
49,49,0.7052008873551886,2021-02-24 14:35:55.510393,2021-02-24 14:36:08.716808,0 days 00:00:13.206415,0.004193462487250243,100,0.9965771160274406,9.734141041974684,0.7052008873551886,,,PRUNED
50,50,0.709884150850382,2021-02-24 14:36:08.717029,2021-02-24 14:39:37.467394,0 days 00:03:28.750365,2.288865014412235e-05,70,0.9940194204231213,10.1162867002464,0.7224550160216909,0.7086517130884891,,COMPLETE
51,51,0.7056938624599458,2021-02-24 14:39:37.468032,2021-02-24 14:40:08.044149,0 days 00:00:30.576117,4.524205943318184e-05,90,0.9985184887885102,11.676649477796895,0.7121025388217895,0.7056938624599458,,PRUNED
52,52,0.700517623859995,2021-02-24 14:40:08.044355,2021-02-24 14:40:21.313420,0 days 00:00:13.269065,1.5238148774887513e-05,60,0.998044767931614,11.308821670951394,0.700517623859995,,,PRUNED
53,53,0.7049543998028099,2021-02-24 14:40:21.313647,2021-02-24 14:41:43.065428,0 days 00:01:21.751781,0.0004923751135699348,50,0.9941891239810174,8.158780477443226,0.7049543998028099,,,PRUNED
54,54,0.6941089474981513,2021-02-24 14:41:43.065632,2021-02-24 14:41:56.477865,0 days 00:00:13.412233,4.391468943033129e-05,80,0.9914901385849598,14.693988881378342,0.6941089474981513,,,PRUNED
55,55,0.7042149371456742,2021-02-24 14:41:56.478073,2021-02-24 14:42:26.739670,0 days 00:00:30.261597,1.0495237315900069e-05,90,0.9987653172879145,12.058788527871243,0.7081587379837319,0.7042149371456742,,PRUNED
56,56,0.7000246487552378,2021-02-24 14:42:26.739874,2021-02-24 14:42:40.014317,0 days 00:00:13.274443,1.0034168331497529e-05,90,0.9987663640933537,11.981150277674667,0.7000246487552378,,,PRUNED
57,57,0.7049543998028099,2021-02-24 14:42:40.014515,2021-02-24 14:44:01.893818,0 days 00:01:21.879303,0.0013919010657770067,90,0.9945224282212449,15.293392187922635,0.7049543998028099,,,PRUNED
58,58,0.703721962040917,2021-02-24 14:44:01.894025,2021-02-24 14:44:15.189458,0 days 00:00:13.295433,1.77819351026831e-05,100,0.9980962703562615,14.515890243963758,0.703721962040917,,,PRUNED
59,59,0.6982992358885877,2021-02-24 14:44:15.189685,2021-02-24 14:44:45.619207,0 days 00:00:30.429522,2.3229731000320196e-05,100,0.9942083903286825,11.185733781758259,0.6982992358885877,,,PRUNED
60,60,0.7007641114123737,2021-02-24 14:44:45.619425,2021-02-24 14:45:16.070310,0 days 00:00:30.450885,3.0349335327650454e-05,90,0.9989424659953908,15.88210985580277,0.7091446881932463,0.7007641114123737,,PRUNED
61,61,0.6918905595267439,2021-02-24 14:45:16.070527,2021-02-24 14:46:38.049967,0 days 00:01:21.979440,1.7122148524866898e-05,80,0.9983205541115495,12.91356314186452,0.707419275326596,0.7145674143455756,0.6918905595267439,PRUNED
62,62,0.7015035740695095,2021-02-24 14:46:38.050160,2021-02-24 14:46:51.301094,0 days 00:00:13.250934,6.025408180810341e-05,70,0.9971147045612977,9.221968822040004,0.7015035740695095,,,PRUNED
63,63,0.69435543505053,2021-02-24 14:46:51.301324,2021-02-24 14:48:13.173236,0 days 00:01:21.871912,2.908650971953644e-05,70,0.9963590804474253,10.621897300275267,0.7106236135075179,0.69435543505053,,PRUNED
64,64,0.7049543998028099,2021-02-24 14:48:13.173467,2021-02-24 14:49:35.001325,0 days 00:01:21.827858,0.017905220526364205,80,0.9980205472859951,3.4190317932033825,0.7049543998028099,,,PRUNED
65,65,0.7000246487552378,2021-02-24 14:49:35.001558,2021-02-24 14:49:48.236841,0 days 00:00:13.235283,1.6624309503518008e-05,80,0.9982110787807711,13.30167461060159,0.7000246487552378,,,PRUNED
66,66,0.6992851860981021,2021-02-24 14:49:48.237070,2021-02-24 14:51:10.309659,0 days 00:01:22.072589,9.061994991554116e-05,70,0.9976417832099028,7.86490919945667,0.7076657628789746,0.7199901404979049,0.6992851860981021,PRUNED
67,67,0.703721962040917,2021-02-24 14:51:10.309855,2021-02-24 14:51:23.651964,0 days 00:00:13.342109,7.767185159465423e-05,40,0.9973131046435331,7.77993061272927,0.703721962040917,,,PRUNED
68,68,0.6923835346315012,2021-02-24 14:51:23.652169,2021-02-24 14:51:54.043882,0 days 00:00:30.391713,2.9321416210031557e-05,90,0.9943186176350536,16.098982347442327,0.6923835346315012,,,PRUNED
69,69,0.6960808479171802,2021-02-24 14:51:54.044089,2021-02-24 14:52:24.355436,0 days 00:00:30.311347,0.00011382974112092133,60,0.9966146832822637,9.859400379625939,0.707419275326596,0.6960808479171802,,PRUNED
70,70,0.6995316736504806,2021-02-24 14:52:24.355641,2021-02-24 14:52:54.741200,0 days 00:00:30.385559,1.1792066564390376e-05,70,0.9954811356945563,4.8961656404491585,0.6995316736504806,,,PRUNED
71,71,0.6926300221838797,2021-02-24 14:52:54.741421,2021-02-24 14:54:16.713292,0 days 00:01:21.971871,0.00017837672617397759,70,0.9917767590471757,1.4968006356696577,0.7133349765836825,0.6926300221838797,,PRUNED
72,72,0.6832634951934927,2021-02-24 14:54:16.713523,2021-02-24 14:55:38.732907,0 days 00:01:22.019384,0.008927525923771037,10,0.9986542358171924,0.31719379840724526,0.6832634951934927,,,PRUNED
73,73,0.7066798126694602,2021-02-24 14:55:38.733117,2021-02-24 14:56:09.162851,0 days 00:00:30.429734,0.0007025749431199403,70,0.9977845130908392,1.5295585678297519,0.7091446881932463,0.7066798126694602,,PRUNED
74,74,0.7047079122504314,2021-02-24 14:56:09.163083,2021-02-24 14:56:39.497871,0 days 00:00:30.334788,0.001337308586983876,50,0.993773231491053,7.439647297872761,0.7047079122504314,,,PRUNED
75,75,0.7032289869361598,2021-02-24 14:56:39.498106,2021-02-24 14:56:52.676581,0 days 00:00:13.178475,0.0006918489546517988,70,0.9975001260046842,0.467414856982062,0.7032289869361598,,,PRUNED
76,76,0.7052008873551886,2021-02-24 14:56:52.676840,2021-02-24 14:58:14.507628,0 days 00:01:21.830788,0.0005531224562779187,80,0.9978106069378755,1.9410326075788538,0.7081587379837319,0.7076657628789746,0.7052008873551886,PRUNED
77,77,0.7024895242790239,2021-02-24 14:58:14.507813,2021-02-24 14:58:44.929814,0 days 00:00:30.422001,0.0002599159305168961,50,0.9924454890788571,9.367569712560092,0.7024895242790239,,,PRUNED
78,78,0.7047079122504314,2021-02-24 14:58:44.930031,2021-02-24 15:00:04.941154,0 days 00:01:20.011123,0.0012495909597603858,60,0.9948209293987457,6.655030520785497,0.7059403500123244,0.7047079122504314,,PRUNED
79,79,0.6435789992605373,2021-02-24 15:00:04.941352,2021-02-24 15:03:28.698979,0 days 00:03:23.757627,0.004903751586524491,20,0.997117088733177,0.16721192675214747,0.7106236135075179,,,COMPLETE
80,80,0.7029824993837811,2021-02-24 15:03:28.699602,2021-02-24 15:04:48.661954,0 days 00:01:19.962352,2.1407576350047854e-05,50,0.9900426295329184,11.224840980074953,0.7056938624599458,0.7029824993837811,,PRUNED
81,81,0.7056938624599458,2021-02-24 15:04:48.662150,2021-02-24 15:05:01.467427,0 days 00:00:12.805277,0.0005100645272806363,80,0.9929355014761875,7.085114139352276,0.7056938624599458,,,PRUNED
82,82,0.709884150850382,2021-02-24 15:05:01.467642,2021-02-24 15:08:25.353046,0 days 00:03:23.885404,0.0011536578924271252,80,0.9969979764245812,2.807316792831454,0.7086517130884891,0.7076657628789746,0.7086517130884891,COMPLETE
83,83,0.7029824993837811,2021-02-24 15:08:25.353662,2021-02-24 15:08:38.253207,0 days 00:00:12.899545,0.0010796658648853101,70,0.9960778391555853,2.413930617357493,0.7029824993837811,,,PRUNED
84,84,0.7042149371456742,2021-02-24 15:08:38.253419,2021-02-24 15:09:07.825166,0 days 00:00:29.571747,0.0004899968691356996,60,0.9957295052914014,3.701386448009736,0.7093911757456248,0.7042149371456742,,PRUNED
85,85,0.7000246487552378,2021-02-24 15:09:07.825382,2021-02-24 15:09:20.646951,0 days 00:00:12.821569,0.0024691233947938466,50,0.9969338694089258,1.7566838714701747,0.7000246487552378,,,PRUNED
86,86,0.700517623859995,2021-02-24 15:09:20.647168,2021-02-24 15:09:33.557618,0 days 00:00:12.910450,0.000285257902061548,20,0.9947074672454898,5.056667243319531,0.700517623859995,,,PRUNED
87,87,0.7047079122504314,2021-02-24 15:09:33.557836,2021-02-24 15:10:53.229266,0 days 00:01:19.671430,0.005161053192963472,80,0.9964342324680922,1.2877511504703165,0.7096376632980035,0.7086517130884891,0.7047079122504314,PRUNED
88,88,0.7002711363076165,2021-02-24 15:10:53.229449,2021-02-24 15:11:22.886529,0 days 00:00:29.657080,4.9657552766647134e-05,70,0.9916716535467177,9.516759885470758,0.7002711363076165,,,PRUNED
89,89,0.7017500616218881,2021-02-24 15:11:22.886753,2021-02-24 15:11:35.953092,0 days 00:00:13.066339,0.006200116336610596,80,0.9961962442594887,0.1960828799601766,0.7017500616218881,,,PRUNED
90,90,0.7059403500123244,2021-02-24 15:11:35.953331,2021-02-24 15:12:05.639950,0 days 00:00:29.686619,0.008809763662983415,80,0.9956488657506601,1.4057331528345915,0.7113630761646537,0.7059403500123244,,PRUNED
91,91,0.6990386985457234,2021-02-24 15:12:05.640133,2021-02-24 15:13:25.379297,0 days 00:01:19.739164,0.00013052240195061433,10,0.993604739327132,13.098783697051871,0.728617204831156,0.6990386985457234,,PRUNED
92,92,0.7059403500123244,2021-02-24 15:13:25.379534,2021-02-24 15:14:45.266403,0 days 00:01:19.886869,0.003819519758491797,70,0.9961630854021652,4.632351891374464,0.7059403500123244,,,PRUNED
93,93,0.6509736258318954,2021-02-24 15:14:45.266614,2021-02-24 15:18:08.971742,0 days 00:03:23.705128,0.0001547921566141146,30,0.9955292375664427,3.7651535818461968,0.7140744392408184,,,COMPLETE
94,94,0.69435543505053,2021-02-24 15:18:08.972338,2021-02-24 15:18:38.616892,0 days 00:00:29.644554,0.0003620306148033546,60,0.9960638180687282,2.8161603913038267,0.69435543505053,,,PRUNED
95,95,0.7034754744885383,2021-02-24 15:18:38.617131,2021-02-24 15:18:51.464790,0 days 00:00:12.847659,0.0010899088451083924,70,0.9977522192588844,2.93889966882763,0.7034754744885383,,,PRUNED
96,96,0.7049543998028099,2021-02-24 15:18:51.465014,2021-02-24 15:19:04.310479,0 days 00:00:12.845465,0.013988128159737056,100,0.9969133229997215,4.271233705878299,0.7049543998028099,,,PRUNED
97,97,0.7034754744885383,2021-02-24 15:19:04.310716,2021-02-24 15:19:17.236077,0 days 00:00:12.925361,0.004092748143165004,80,0.9948095612370327,1.0526048121322518,0.7034754744885383,,,PRUNED
98,98,0.7049543998028099,2021-02-24 15:19:17.236323,2021-02-24 15:19:46.811943,0 days 00:00:29.575620,0.0022377245624752807,90,0.994049100024158,6.513709717808253,0.7049543998028099,,,PRUNED
99,99,0.7032289869361598,2021-02-24 15:19:46.812167,2021-02-24 15:20:16.282274,0 days 00:00:29.470107,0.0015126403519456926,70,0.9942218913355326,2.3003815120894,0.707419275326596,0.7032289869361598,,PRUNED
100,100,0.675622381069756,2021-02-24 15:20:16.282502,2021-02-24 15:23:39.835636,0 days 00:03:23.553134,5.281925147072315e-05,50,0.990690196830932,15.235992452925995,0.7052008873551886,0.7064333251170816,,COMPLETE
101,101,0.7047079122504314,2021-02-24 15:23:39.836233,2021-02-24 15:24:09.430329,0 days 00:00:29.594096,0.0001644775525731479,60,0.9963162481915867,8.320790338605306,0.7079122504313532,0.7047079122504314,,PRUNED
102,102,0.7049543998028099,2021-02-24 15:24:09.430550,2021-02-24 15:24:22.230726,0 days 00:00:12.800176,0.002192447037192272,80,0.995601254359239,6.459923350620099,0.7049543998028099,,,PRUNED
103,103,0.6701996549174267,2021-02-24 15:24:22.230941,2021-02-24 15:27:45.890420,0 days 00:03:23.659479,1.729714148503782e-05,20,0.9950168405032358,11.866370964301085,0.7116095637170323,0.7128420014789253,,COMPLETE
104,104,0.7069263002218388,2021-02-24 15:27:45.891030,2021-02-24 15:27:58.798474,0 days 00:00:12.907444,0.003437223441645287,90,0.9974964108957114,5.456011568447847,0.7069263002218388,,,PRUNED
105,105,0.7010105989647523,2021-02-24 15:27:58.798689,2021-02-24 15:31:22.291836,0 days 00:03:23.493147,4.734044914290181e-05,40,0.9909162077027387,15.034284229376032,0.7059403500123244,0.707419275326596,,COMPLETE
106,106,0.6987922109933449,2021-02-24 15:31:22.292467,2021-02-24 15:32:42.445598,0 days 00:01:20.153131,1.2396075478441403e-05,100,0.9933460453606588,6.403850716826468,0.6987922109933449,,,PRUNED
107,107,0.7069263002218388,2021-02-24 15:32:42.445806,2021-02-24 15:32:55.339502,0 days 00:00:12.893696,0.00021525239372858316,80,0.993491261625926,3.0733528151436094,0.7069263002218388,,,PRUNED
