,number,value,datetime_start,datetime_complete,duration,params_lr,params_out_dim,params_scheduler_gamma,params_weight_decay,system_attrs_completed_rung_0,system_attrs_completed_rung_1,system_attrs_completed_rung_2,state
1505,1505,0.6817845698792211,2021-02-25 13:23:50.990518,2021-02-25 13:25:09.682042,0 days 00:01:18.691524,1.2961837278398493e-05,80,0.9947957566352883,7.558230101326099,0.7185112151836333,0.7182647276312546,0.6817845698792211,PRUNED
1506,1506,0.6985457234409662,2021-02-25 13:25:09.682833,2021-02-25 13:25:39.026397,0 days 00:00:29.343564,2.955955698594838e-05,40,0.9950733944844544,8.609711591022215,0.6985457234409662,,,PRUNED
1507,1507,0.707419275326596,2021-02-25 13:25:39.027147,2021-02-25 13:26:57.578881,0 days 00:01:18.551734,0.00031372734754724725,10,0.9961803387279133,4.700490412441687,0.707419275326596,,,PRUNED
1508,1508,0.7071727877742174,2021-02-25 13:26:57.579644,2021-02-25 13:27:26.925723,0 days 00:00:29.346079,0.00020540533133400494,50,0.9947000240613768,10.102584764512589,0.7071727877742174,,,PRUNED
1509,1509,0.7066798126694602,2021-02-25 13:27:26.926458,2021-02-25 13:27:39.659521,0 days 00:00:12.733063,2.989923833102344e-05,90,0.9954271973367116,6.878577513769571,0.7066798126694602,,,PRUNED
1510,1510,0.6928765097362584,2021-02-25 13:27:39.660272,2021-02-25 13:28:08.901311,0 days 00:00:29.241039,2.4637295907456915e-05,90,0.9972798272409147,7.887191843467583,0.7079122504313532,0.6928765097362584,,PRUNED
1511,1511,0.706186837564703,2021-02-25 13:28:08.902081,2021-02-25 13:28:21.694377,0 days 00:00:12.792296,3.543375042573432e-05,100,0.9951476548534796,8.775699610876941,0.706186837564703,,,PRUNED
1512,1512,0.6958343603648016,2021-02-25 13:28:21.695138,2021-02-25 13:28:34.445949,0 days 00:00:12.750811,1.6134173766414775e-05,70,0.9946668459668532,7.213027881534943,0.6958343603648016,,,PRUNED
1513,1513,0.706186837564703,2021-02-25 13:28:34.446704,2021-02-25 13:28:47.187113,0 days 00:00:12.740409,1.2098077804281569e-05,90,0.9959927780658374,6.5134855920667345,0.706186837564703,,,PRUNED
1514,1514,0.7318215430120779,2021-02-25 13:28:47.187875,2021-02-25 13:32:07.789619,0 days 00:03:20.601744,1.575306556858449e-05,90,0.9962293819299655,9.296549279455686,0.7140744392408184,0.7135814641360612,0.7108701010598965,COMPLETE
1515,1515,0.703721962040917,2021-02-25 13:32:07.790788,2021-02-25 13:35:28.651184,0 days 00:03:20.860396,0.00037462399778394133,30,0.9946612046526542,5.914501497940276,0.7116095637170323,,,COMPLETE
1516,1516,0.7069263002218388,2021-02-25 13:35:28.652313,2021-02-25 13:36:47.519814,0 days 00:01:18.867501,0.0002916297839281564,80,0.9940231508402806,11.885193893175428,0.7093911757456248,0.7069263002218388,,PRUNED
1517,1517,0.7066798126694602,2021-02-25 13:36:47.520548,2021-02-25 13:37:16.811561,0 days 00:00:29.291013,4.504907147297993e-05,10,0.9943085776551988,11.024652013538235,0.7066798126694602,,,PRUNED
1518,1518,0.7064333251170816,2021-02-25 13:37:16.812312,2021-02-25 13:37:29.647588,0 days 00:00:12.835276,1.9443983608111064e-05,90,0.9961890095039481,9.251624359749496,0.7064333251170816,,,PRUNED
1519,1519,0.7076657628789746,2021-02-25 13:37:29.648347,2021-02-25 13:40:50.352260,0 days 00:03:20.703913,0.00021091542811983754,40,0.99767202280503,3.309348120032599,0.7138279516884397,,,COMPLETE
1520,1520,0.7054473749075671,2021-02-25 13:40:50.353414,2021-02-25 13:41:03.071835,0 days 00:00:12.718421,1.5672863426034204e-05,50,0.9960733757331678,10.56217049330693,0.7054473749075671,,,PRUNED
1521,1521,0.7064333251170816,2021-02-25 13:41:03.072604,2021-02-25 13:42:21.745931,0 days 00:01:18.673327,0.0005839222218051279,50,0.9967831328295067,2.862090640663355,0.7064333251170816,,,PRUNED
1522,1522,0.6995316736504806,2021-02-25 13:42:21.746628,2021-02-25 13:42:50.930005,0 days 00:00:29.183377,0.00010165656209072403,70,0.9955496613409575,10.709380809722866,0.6995316736504806,,,PRUNED
1523,1523,0.7032289869361598,2021-02-25 13:42:50.930720,2021-02-25 13:43:03.593812,0 days 00:00:12.663092,1.4020739416141227e-05,100,0.996293310447077,5.353769037390127,0.7032289869361598,,,PRUNED
1524,1524,0.7044614246980527,2021-02-25 13:43:03.594575,2021-02-25 13:43:32.787778,0 days 00:00:29.193203,0.0001567575444311564,50,0.9935608231409118,11.291279908802467,0.7044614246980527,,,PRUNED
1525,1525,0.7032289869361598,2021-02-25 13:43:32.788499,2021-02-25 13:43:45.492905,0 days 00:00:12.704406,1.7919172098032987e-05,70,0.9959297664375663,11.146739882945639,0.7032289869361598,,,PRUNED
1526,1526,0.7010105989647523,2021-02-25 13:43:45.493660,2021-02-25 13:43:58.431942,0 days 00:00:12.938282,2.094356073365875e-05,80,0.9958004114493614,6.007897892156643,0.7010105989647523,,,PRUNED
1527,1527,0.7029824993837811,2021-02-25 13:43:58.432674,2021-02-25 13:44:11.181900,0 days 00:00:12.749226,1.454603741864489e-05,90,0.9965351798121727,9.380902530651406,0.7029824993837811,,,PRUNED
1528,1528,0.7052008873551886,2021-02-25 13:44:11.182621,2021-02-25 13:44:40.488753,0 days 00:00:29.306132,0.0007555798881533426,40,0.9964222894018578,5.7473875825568,0.7076657628789746,0.7052008873551886,,PRUNED
1529,1529,0.6904116342124723,2021-02-25 13:44:40.489507,2021-02-25 13:48:01.329773,0 days 00:03:20.840266,1.606530172179445e-05,90,0.9962653170767745,11.888197233075186,0.7128420014789253,0.7194971653931477,0.7224550160216909,COMPLETE
1530,1530,0.6965738230219374,2021-02-25 13:48:01.330935,2021-02-25 13:49:20.077888,0 days 00:01:18.746953,3.628611163505459e-05,70,0.9948191075342182,9.86503803653417,0.7086517130884891,0.6965738230219374,,PRUNED
