,number,value,datetime_start,datetime_complete,duration,params_lr,params_out_dim,params_scheduler_gamma,params_weight_decay,system_attrs_completed_rung_0,system_attrs_completed_rung_1,system_attrs_completed_rung_2,state
215,215,0.7049543998028099,2021-02-24 17:33:35.688816,2021-02-24 17:34:05.192887,0 days 00:00:29.504071,0.01659305579565328,70,0.9950950584917468,16.915246909594202,0.7049543998028099,,,PRUNED
216,216,0.700517623859995,2021-02-24 17:34:05.193153,2021-02-24 17:37:29.042507,0 days 00:03:23.849354,0.00014260945467416293,20,0.9939462494828151,12.700624232165783,0.7111165886122751,0.7079122504313532,,COMPLETE
217,217,0.7049543998028099,2021-02-24 17:37:29.043174,2021-02-24 17:37:41.890092,0 days 00:00:12.846918,1.3824945064038627e-05,100,0.9940176739844968,5.046564897137323,0.7049543998028099,,,PRUNED
218,218,0.7012570865171309,2021-02-24 17:37:41.890375,2021-02-24 17:37:54.901186,0 days 00:00:13.010811,2.7382733357745966e-05,90,0.993790233994395,2.891074120422373,0.7012570865171309,,,PRUNED
219,219,0.7064333251170816,2021-02-24 17:37:54.901453,2021-02-24 17:39:14.748845,0 days 00:01:19.847392,0.00013756418278536279,40,0.9937211134456235,12.42661259283134,0.7064333251170816,,,PRUNED
220,220,0.7027360118314026,2021-02-24 17:39:14.749111,2021-02-24 17:39:44.293549,0 days 00:00:29.544438,4.5584023134365404e-05,20,0.9935313185867466,12.057871957110883,0.7027360118314026,,,PRUNED
221,221,0.7052008873551886,2021-02-24 17:39:44.293811,2021-02-24 17:41:03.900629,0 days 00:01:19.606818,0.0021221163513689906,90,0.9900063278897503,5.343808899630966,0.7052008873551886,,,PRUNED
222,222,0.7024895242790239,2021-02-24 17:41:03.900914,2021-02-24 17:41:16.918674,0 days 00:00:13.017760,1.549245661468728e-05,80,0.9945097106347321,5.786447682596061,0.7024895242790239,,,PRUNED
223,223,0.6992851860981021,2021-02-24 17:41:16.918915,2021-02-24 17:42:36.747314,0 days 00:01:19.828399,1.07295035248412e-05,50,0.9912352001101367,8.796424041634088,0.6992851860981021,,,PRUNED
224,224,0.7039684495932955,2021-02-24 17:42:36.747586,2021-02-24 17:43:56.494052,0 days 00:01:19.746466,0.0004088917436092801,70,0.992843051837782,11.423574795400912,0.7039684495932955,,,PRUNED
225,225,0.6881932462410648,2021-02-24 17:43:56.494317,2021-02-24 17:45:16.275773,0 days 00:01:19.781456,1.0296898824576399e-05,90,0.994279748806986,1.236067087430996,0.7088982006408676,0.719250677840769,0.6881932462410648,PRUNED
226,226,0.7256593542026127,2021-02-24 17:45:16.276146,2021-02-24 17:48:39.913573,0 days 00:03:23.637427,6.146192960205375e-05,50,0.9946844505621374,3.6240146594104683,0.7288636923835347,,,COMPLETE
227,227,0.6729110179935913,2021-02-24 17:48:39.914239,2021-02-24 17:52:03.961813,0 days 00:03:24.047574,6.725591945958317e-05,50,0.9950372979423773,4.0769073896986905,0.719250677840769,,,COMPLETE
228,228,0.7076657628789746,2021-02-24 17:52:03.962486,2021-02-24 17:52:16.824578,0 days 00:00:12.862092,2.2359224741881715e-05,80,0.9971873774114537,7.674601471379429,0.7076657628789746,,,PRUNED
229,229,0.7002711363076165,2021-02-24 17:52:16.824865,2021-02-24 17:52:29.624637,0 days 00:00:12.799772,4.7376168912984445e-05,60,0.9931983559644895,0.7125252871028085,0.7002711363076165,,,PRUNED
230,230,0.7024895242790239,2021-02-24 17:52:29.624933,2021-02-24 17:52:42.465489,0 days 00:00:12.840556,0.00019557430127681847,90,0.995521986891111,9.38787936816297,0.7024895242790239,,,PRUNED
231,231,0.7007641114123737,2021-02-24 17:52:42.465760,2021-02-24 17:56:05.824815,0 days 00:03:23.359055,3.0191648608461824e-05,30,0.9940347243843248,0.710587389772767,0.7108701010598965,,,COMPLETE
232,232,0.7056938624599458,2021-02-24 17:56:05.825478,2021-02-24 17:56:35.383495,0 days 00:00:29.558017,0.0003554479884827133,10,0.9937773091650957,10.169518613189744,0.7056938624599458,,,PRUNED
233,233,0.7052008873551886,2021-02-24 17:56:35.383762,2021-02-24 17:56:48.212339,0 days 00:00:12.828577,1.1803857934599515e-05,90,0.9959740962744194,6.394471634841071,0.7052008873551886,,,PRUNED
234,234,0.6965738230219374,2021-02-24 17:56:48.212606,2021-02-24 17:57:01.070443,0 days 00:00:12.857837,6.274618452900822e-05,70,0.9937073561688283,10.305488153430417,0.6965738230219374,,,PRUNED
235,235,0.7066798126694602,2021-02-24 17:57:01.070740,2021-02-24 17:57:30.828181,0 days 00:00:29.757441,0.0001353326207718373,70,0.997611155260463,8.744597725820354,0.7106236135075179,0.7066798126694602,,PRUNED
236,236,0.7047079122504314,2021-02-24 17:57:30.828432,2021-02-24 17:58:00.361439,0 days 00:00:29.533007,0.0012633837840084884,80,0.9982596642067874,8.127367702145023,0.7081587379837319,0.7047079122504314,,PRUNED
237,237,0.6859748582696574,2021-02-24 17:58:00.361737,2021-02-24 17:59:21.143192,0 days 00:01:20.781455,8.789349181724189e-05,80,0.9940029774275622,12.614137618271482,0.7121025388217895,0.6859748582696574,,PRUNED
238,238,0.6973132856790732,2021-02-24 17:59:21.143490,2021-02-24 18:00:43.043952,0 days 00:01:21.900462,8.084732971666499e-05,50,0.9985439280994289,7.908594107715503,0.7091446881932463,0.7096376632980035,0.6973132856790732,PRUNED
239,239,0.6699531673650481,2021-02-24 18:00:43.044235,2021-02-24 18:04:12.056855,0 days 00:03:29.012620,0.00012081890806891351,60,0.9946890007101954,3.0263824544227456,0.7108701010598965,,,COMPLETE
240,240,0.69435543505053,2021-02-24 18:04:12.057523,2021-02-24 18:05:32.015307,0 days 00:01:19.957784,6.120869933209626e-05,50,0.9960726202287322,19.365415412611885,0.69435543505053,,,PRUNED
241,241,0.6941089474981513,2021-02-24 18:05:32.015604,2021-02-24 18:05:44.928143,0 days 00:00:12.912539,3.539855159669937e-05,70,0.9977043852832894,7.164471558859573,0.6941089474981513,,,PRUNED
242,242,0.6970667981266946,2021-02-24 18:05:44.928432,2021-02-24 18:07:04.850189,0 days 00:01:19.921757,1.4987921300968336e-05,40,0.9980744600194513,5.920270952368616,0.6970667981266946,,,PRUNED
243,243,0.7042149371456742,2021-02-24 18:07:04.850421,2021-02-24 18:07:17.719939,0 days 00:00:12.869518,9.2765727946177e-05,80,0.996310671116221,10.816674627557571,0.7042149371456742,,,PRUNED
244,244,0.7054473749075671,2021-02-24 18:07:17.720234,2021-02-24 18:07:47.411766,0 days 00:00:29.691532,0.0001462460148308214,60,0.9942692802634047,14.900991964047915,0.7054473749075671,,,PRUNED
245,245,0.6916440719743653,2021-02-24 18:07:47.412034,2021-02-24 18:08:17.862070,0 days 00:00:30.450036,6.135359932165691e-05,70,0.9949050213876814,11.366648064853651,0.6916440719743653,,,PRUNED
246,246,0.6965738230219374,2021-02-24 18:08:17.862319,2021-02-24 18:09:39.698259,0 days 00:01:21.835940,3.553860828326254e-05,20,0.9959908607068876,16.371991801228244,0.7133349765836825,0.6965738230219374,,PRUNED
247,247,0.707419275326596,2021-02-24 18:09:39.698542,2021-02-24 18:11:01.441612,0 days 00:01:21.743070,1.5873885463071435e-05,100,0.9966184353275788,8.999938121409743,0.7123490263741681,0.7096376632980035,0.707419275326596,PRUNED
248,248,0.6941089474981513,2021-02-24 18:11:01.441893,2021-02-24 18:14:29.763723,0 days 00:03:28.321830,0.00018799616451345527,60,0.9939096350392684,4.630638169935427,0.7187577027360118,,,COMPLETE
249,249,0.706186837564703,2021-02-24 18:14:29.764393,2021-02-24 18:14:42.607406,0 days 00:00:12.843013,1.7370195880713357e-05,100,0.9967065868403905,8.922667598184736,0.706186837564703,,,PRUNED
250,250,0.7066798126694602,2021-02-24 18:14:42.607673,2021-02-24 18:14:55.472843,0 days 00:00:12.865170,2.5821146203267245e-05,100,0.9960968189172121,9.73152007822731,0.7066798126694602,,,PRUNED
251,251,0.7069263002218388,2021-02-24 18:14:55.473109,2021-02-24 18:15:08.325647,0 days 00:00:12.852538,1.9684297426968752e-05,100,0.9956931473510016,8.491663420634676,0.7069263002218388,,,PRUNED
252,252,0.7047079122504314,2021-02-24 18:15:08.326061,2021-02-24 18:15:37.861807,0 days 00:00:29.535746,1.5248313656192289e-05,90,0.997429041716725,9.203221964145216,0.7108701010598965,0.7047079122504314,,PRUNED
253,253,0.7019965491742667,2021-02-24 18:15:37.862105,2021-02-24 18:15:50.744268,0 days 00:00:12.882163,1.2126607533828001e-05,90,0.9970048089492533,6.740222806453072,0.7019965491742667,,,PRUNED
254,254,0.7052008873551886,2021-02-24 18:15:50.744550,2021-02-24 18:16:03.590058,0 days 00:00:12.845508,0.0030214553040826485,90,0.9973972449140288,7.434685442110806,0.7052008873551886,,,PRUNED
255,255,0.7049543998028099,2021-02-24 18:16:03.590339,2021-02-24 18:16:33.287082,0 days 00:00:29.696743,2.6265032998956798e-05,60,0.9916112928599877,13.72698260921217,0.7049543998028099,,,PRUNED
256,256,0.7056938624599458,2021-02-24 18:16:33.287365,2021-02-24 18:17:02.834276,0 days 00:00:29.546911,0.0004927080008308354,50,0.9933498256472033,9.364752483056607,0.7056938624599458,,,PRUNED
257,257,0.7066798126694602,2021-02-24 18:17:02.834582,2021-02-24 18:17:15.653420,0 days 00:00:12.818838,6.705924530872294e-05,60,0.9979280827927673,7.8060653577749965,0.7066798126694602,,,PRUNED
258,258,0.7022430367266453,2021-02-24 18:17:15.653720,2021-02-24 18:20:39.524058,0 days 00:03:23.870338,2.4767371028361106e-05,70,0.9912341183026377,3.5291154461356986,0.7091446881932463,,,COMPLETE
259,259,0.7049543998028099,2021-02-24 18:20:39.524718,2021-02-24 18:21:09.148033,0 days 00:00:29.623315,0.0006985773395360958,40,0.9927148130897835,19.4293426777906,0.7049543998028099,,,PRUNED
260,260,0.7064333251170816,2021-02-24 18:21:09.148313,2021-02-24 18:24:32.844349,0 days 00:03:23.696036,0.00011603286663391246,50,0.9945054432249361,13.32247509463225,0.7101306384027607,0.7103771259551392,,COMPLETE
261,261,0.707419275326596,2021-02-24 18:24:32.845033,2021-02-24 18:25:02.404557,0 days 00:00:29.559524,2.2191241577105123e-05,40,0.9968339938105253,9.75886892278097,0.7138279516884397,0.707419275326596,,PRUNED
262,262,0.7047079122504314,2021-02-24 18:25:02.404864,2021-02-24 18:25:32.353622,0 days 00:00:29.948758,0.00011929851830780345,50,0.9938611753805253,13.03253858530429,0.7047079122504314,,,PRUNED
263,263,0.6995316736504806,2021-02-24 18:25:32.353901,2021-02-24 18:26:01.855758,0 days 00:00:29.501857,7.654727730507433e-05,60,0.9954150348815249,13.379028890176343,0.6995316736504806,,,PRUNED
264,264,0.7044614246980527,2021-02-24 18:26:01.856074,2021-02-24 18:26:14.840683,0 days 00:00:12.984609,1.7243032051233735e-05,80,0.9965134349247311,2.605344603860702,0.7044614246980527,,,PRUNED
265,265,0.7032289869361598,2021-02-24 18:26:14.840962,2021-02-24 18:26:44.311181,0 days 00:00:29.470219,0.00014399564781974406,40,0.9944050212907147,15.82001923798041,0.7032289869361598,,,PRUNED
266,266,0.7086517130884891,2021-02-24 18:26:44.311492,2021-02-24 18:28:04.281526,0 days 00:01:19.970034,0.0011743222473387133,30,0.9966320363332282,2.153867390233234,0.7086517130884891,,,PRUNED
267,267,0.7056938624599458,2021-02-24 18:28:04.281776,2021-02-24 18:28:17.110676,0 days 00:00:12.828900,5.366780953333531e-05,100,0.9971379800239966,8.327584237013403,0.7056938624599458,,,PRUNED
268,268,0.7064333251170816,2021-02-24 18:28:17.110970,2021-02-24 18:28:29.927372,0 days 00:00:12.816402,0.0056074277096372456,80,0.9953765898552407,1.9832843470222348,0.7064333251170816,,,PRUNED
269,269,0.7054473749075671,2021-02-24 18:28:29.927657,2021-02-24 18:28:42.747364,0 days 00:00:12.819707,0.0001529082471920697,90,0.9980833970705959,6.185527115023722,0.7054473749075671,,,PRUNED
270,270,0.6830170076411142,2021-02-24 18:28:42.747642,2021-02-24 18:30:02.399000,0 days 00:01:19.651358,5.063718950038896e-05,80,0.994721755526821,7.146952693217631,0.6830170076411142,,,PRUNED
271,271,0.7029824993837811,2021-02-24 18:30:02.399287,2021-02-24 18:30:15.320114,0 days 00:00:12.920827,0.00028693590773064666,70,0.9987769425302776,7.032748557853471,0.7029824993837811,,,PRUNED
272,272,0.7069263002218388,2021-02-24 18:30:15.320381,2021-02-24 18:30:28.140192,0 days 00:00:12.819811,1.0203117935108375e-05,90,0.9963907459287996,3.233648344157881,0.7069263002218388,,,PRUNED
273,273,0.6987922109933449,2021-02-24 18:30:28.140479,2021-02-24 18:30:57.792102,0 days 00:00:29.651623,1.9250188149227088e-05,80,0.994244511720688,5.545394890191194,0.7116095637170323,0.6987922109933449,,PRUNED
274,274,0.7017500616218881,2021-02-24 18:30:57.792379,2021-02-24 18:31:10.714412,0 days 00:00:12.922033,1.4133738721283e-05,80,0.9952301973202933,4.317867374235207,0.7017500616218881,,,PRUNED
275,275,0.6975597732314518,2021-02-24 18:31:10.714737,2021-02-24 18:32:30.350553,0 days 00:01:19.635816,9.847867670203704e-05,50,0.9948792668015236,10.885274110442293,0.707419275326596,0.6975597732314518,,PRUNED
276,276,0.6534385013556815,2021-02-24 18:32:30.350820,2021-02-24 18:35:53.596604,0 days 00:03:23.245784,0.00043725708658141676,50,0.9957765928837417,0.11118280548422632,0.7123490263741681,,,COMPLETE
277,277,0.7049543998028099,2021-02-24 18:35:53.597277,2021-02-24 18:36:06.541518,0 days 00:00:12.944241,0.010243467559953603,80,0.9940109180736013,5.162158348338028,0.7049543998028099,,,PRUNED
278,278,0.7027360118314026,2021-02-24 18:36:06.541803,2021-02-24 18:37:26.204798,0 days 00:01:19.662995,3.2076443604592386e-05,80,0.994652127773242,0.4244172240894408,0.7209760907074193,0.713088489031304,0.7027360118314026,PRUNED
279,279,0.7029824993837811,2021-02-24 18:37:26.205086,2021-02-24 18:38:45.948824,0 days 00:01:19.743738,3.341886796807263e-05,90,0.9950384108224348,0.9410105535578395,0.7121025388217895,0.7103771259551392,0.7029824993837811,PRUNED
280,280,0.6992851860981021,2021-02-24 18:38:45.949099,2021-02-24 18:38:58.738626,0 days 00:00:12.789527,3.1892180148013164e-05,90,0.9948402748064522,0.0450689257566903,0.6992851860981021,,,PRUNED
281,281,0.7017500616218881,2021-02-24 18:38:58.738907,2021-02-24 18:40:18.216350,0 days 00:01:19.477443,5.283020320792072e-05,10,0.9946079410535065,14.026160526558055,0.7103771259551392,0.7017500616218881,,PRUNED
282,282,0.7054473749075671,2021-02-24 18:40:18.216642,2021-02-24 18:40:31.229199,0 days 00:00:13.012557,4.2799683247404646e-05,100,0.9946172230063778,0.8415394859922765,0.7054473749075671,,,PRUNED
283,283,0.7019965491742667,2021-02-24 18:40:31.229463,2021-02-24 18:41:00.849348,0 days 00:00:29.619885,4.207058526464924e-05,70,0.9940955927763268,11.65923824136266,0.7019965491742667,,,PRUNED
284,284,0.7034754744885383,2021-02-24 18:41:00.849622,2021-02-24 18:42:20.432792,0 days 00:01:19.583170,0.001597589208590001,70,0.9984570013605779,0.6998873872496991,0.7034754744885383,,,PRUNED
285,285,0.7056938624599458,2021-02-24 18:42:20.433084,2021-02-24 18:42:33.202594,0 days 00:00:12.769510,2.6320974603216712e-05,90,0.9950086295262573,1.4197016108071718,0.7056938624599458,,,PRUNED
286,286,0.7027360118314026,2021-02-24 18:42:33.202888,2021-02-24 18:42:46.231434,0 days 00:00:13.028546,3.602060667245062e-05,90,0.9956998944916957,1.6912167970511478,0.7027360118314026,,,PRUNED
287,287,0.707419275326596,2021-02-24 18:42:46.231696,2021-02-24 18:43:15.782103,0 days 00:00:29.550407,3.048467040336078e-05,90,0.9944414105251332,0.30099605384794725,0.7086517130884891,0.707419275326596,,PRUNED
288,288,0.7029824993837811,2021-02-24 18:43:15.782393,2021-02-24 18:43:45.426714,0 days 00:00:29.644321,0.00011205577563139899,80,0.9947993241903188,1.0897355901219767,0.7113630761646537,0.7029824993837811,,PRUNED
289,289,0.7029824993837811,2021-02-24 18:43:45.426997,2021-02-24 18:47:09.139072,0 days 00:03:23.712075,2.355329966368307e-05,80,0.9953611869469261,0.7087855021782415,0.7185112151836333,0.7320680305644565,0.7214690658121765,COMPLETE
290,290,0.6936159723933941,2021-02-24 18:47:09.139761,2021-02-24 18:50:32.610583,0 days 00:03:23.470822,0.0008688920656424434,10,0.9975002546707799,1.5475781198939815,0.7106236135075179,,,COMPLETE
291,291,0.7042149371456742,2021-02-24 18:50:32.611299,2021-02-24 18:51:52.326693,0 days 00:01:19.715394,0.00022705700800601948,40,0.9911126003538787,12.588787525432824,0.707419275326596,0.7042149371456742,,PRUNED
292,292,0.7071727877742174,2021-02-24 18:51:52.326964,2021-02-24 18:52:05.184626,0 days 00:00:12.857662,2.2848011969472396e-05,80,0.9953723533235976,0.2370958845134734,0.7071727877742174,,,PRUNED
293,293,0.7044614246980527,2021-02-24 18:52:05.184913,2021-02-24 18:52:18.031036,0 days 00:00:12.846123,3.863978239851289e-05,80,0.9951679436435671,0.8631611435649557,0.7044614246980527,,,PRUNED
294,294,0.7071727877742174,2021-02-24 18:52:18.031349,2021-02-24 18:52:30.874492,0 days 00:00:12.843143,2.7459975872486233e-05,90,0.9955334106576205,0.6090021206418548,0.7071727877742174,,,PRUNED
295,295,0.69435543505053,2021-02-24 18:52:30.874793,2021-02-24 18:53:00.298229,0 days 00:00:29.423436,7.094691184411245e-05,30,0.9902779372955408,15.10056017970897,0.69435543505053,,,PRUNED
296,296,0.7042149371456742,2021-02-24 18:53:00.298551,2021-02-24 18:54:19.910849,0 days 00:01:19.612298,0.000622623771604126,20,0.9977889718172958,4.413578196819451,0.7042149371456742,,,PRUNED
297,297,0.7042149371456742,2021-02-24 18:54:19.911122,2021-02-24 18:55:39.698071,0 days 00:01:19.786949,2.32164888099144e-05,50,0.9924050394319311,14.659580059562545,0.7088982006408676,0.7042149371456742,,PRUNED
298,298,0.706186837564703,2021-02-24 18:55:39.698369,2021-02-24 18:56:09.317317,0 days 00:00:29.618948,0.0002949557372790547,80,0.9961690144348332,17.594434717236112,0.706186837564703,,,PRUNED
299,299,0.7044614246980527,2021-02-24 18:56:09.317581,2021-02-24 18:56:38.730786,0 days 00:00:29.413205,0.00015926453118436553,60,0.9929619240659012,10.575756689996854,0.7044614246980527,,,PRUNED
300,300,0.6975597732314518,2021-02-24 18:56:38.731073,2021-02-24 18:57:08.273040,0 days 00:00:29.541967,3.418321116191271e-05,60,0.995347718157666,7.9838328405492565,0.6975597732314518,,,PRUNED
301,301,0.7056938624599458,2021-02-24 18:57:08.273336,2021-02-24 18:57:21.144762,0 days 00:00:12.871426,0.0021250356900726687,80,0.9949181986007152,1.5480621885400454,0.7056938624599458,,,PRUNED
302,302,0.7049543998028099,2021-02-24 18:57:21.145081,2021-02-24 18:58:40.600277,0 days 00:01:19.455196,0.009350831600711951,60,0.9988713256436882,3.1797282771767517,0.7049543998028099,,,PRUNED
303,303,0.6941089474981513,2021-02-24 18:58:40.600578,2021-02-24 18:58:53.418421,0 days 00:00:12.817843,1.6329148834487594e-05,90,0.9958632985752104,2.3564231222224485,0.6941089474981513,,,PRUNED
304,304,0.7002711363076165,2021-02-24 18:58:53.418719,2021-02-24 18:59:06.230448,0 days 00:00:12.811729,2.4281268745719716e-05,80,0.996138013996751,9.041540579785543,0.7002711363076165,,,PRUNED
305,305,0.7047079122504314,2021-02-24 18:59:06.230758,2021-02-24 18:59:19.240171,0 days 00:00:13.009413,0.0004825707674796186,100,0.9950861468819364,0.468765008432908,0.7047079122504314,,,PRUNED
306,306,0.7069263002218388,2021-02-24 18:59:19.240455,2021-02-24 18:59:32.122768,0 days 00:00:12.882313,2.1186627414614186e-05,80,0.9954103269207272,1.1948109550329074,0.7069263002218388,,,PRUNED
307,307,0.7032289869361598,2021-02-24 18:59:32.123067,2021-02-24 18:59:44.949735,0 days 00:00:12.826668,3.255869278565814e-05,70,0.9966986272129315,8.000641831002739,0.7032289869361598,,,PRUNED
308,308,0.7049543998028099,2021-02-24 18:59:44.950034,2021-02-24 18:59:57.842649,0 days 00:00:12.892615,1.9339597425436296e-05,90,0.9952611157711808,8.699262963137475,0.7049543998028099,,,PRUNED
309,309,0.6830170076411142,2021-02-24 18:59:57.842929,2021-02-24 19:01:17.563508,0 days 00:01:19.720579,4.774053913905618e-05,40,0.9900255477777674,16.699406915347215,0.7197436529455262,0.6830170076411142,,PRUNED
310,310,0.7044614246980527,2021-02-24 19:01:17.563806,2021-02-24 19:01:47.288716,0 days 00:00:29.724910,5.11134403465221e-05,80,0.9984052833988636,7.454873436080243,0.709884150850382,0.7044614246980527,,PRUNED
311,311,0.703721962040917,2021-02-24 19:01:47.289013,2021-02-24 19:03:07.217732,0 days 00:01:19.928719,5.6268799965042184e-05,40,0.9956003600307993,18.712085394614483,0.7093911757456248,0.703721962040917,,PRUNED
312,312,0.7015035740695095,2021-02-24 19:03:07.218037,2021-02-24 19:03:20.055103,0 days 00:00:12.837066,1.3032071624570627e-05,90,0.9946835991436636,8.208502889460444,0.7015035740695095,,,PRUNED
313,313,0.6992851860981021,2021-02-24 19:03:20.055409,2021-02-24 19:04:39.801858,0 days 00:01:19.746449,3.75373289687532e-05,50,0.9906419119237213,18.002568271710736,0.7091446881932463,0.6992851860981021,,PRUNED
314,314,0.695587872812423,2021-02-24 19:04:39.802139,2021-02-24 19:05:59.321574,0 days 00:01:19.519435,9.395587508963532e-05,20,0.9969094290678449,1.0422972044650647,0.695587872812423,,,PRUNED
315,315,0.7069263002218388,2021-02-24 19:05:59.321880,2021-02-24 19:06:12.380405,0 days 00:00:13.058525,0.0008784742725879367,70,0.9944165221999629,9.383274697643497,0.7069263002218388,,,PRUNED
316,316,0.7064333251170816,2021-02-24 19:06:12.380710,2021-02-24 19:06:25.343563,0 days 00:00:12.962853,7.394660537302383e-05,90,0.9978115109013469,10.225464763176246,0.7064333251170816,,,PRUNED
317,317,0.7027360118314026,2021-02-24 19:06:25.343885,2021-02-24 19:06:54.647096,0 days 00:00:29.303211,2.762952766887501e-05,100,0.9956132939440738,7.741658041703887,0.709884150850382,0.7027360118314026,,PRUNED
318,318,0.7049543998028099,2021-02-24 19:06:54.647402,2021-02-24 19:08:14.424971,0 days 00:01:19.777569,0.0017480586477493336,80,0.9903637462259084,5.94987713214725,0.7049543998028099,,,PRUNED
319,319,0.7071727877742174,2021-02-24 19:08:14.425268,2021-02-24 19:08:27.311639,0 days 00:00:12.886371,4.001339405223305e-05,80,0.9982025463392488,2.0101703457127114,0.7071727877742174,,,PRUNED
320,320,0.7066798126694602,2021-02-24 19:08:27.311941,2021-02-24 19:08:40.205150,0 days 00:00:12.893209,1.590940983646815e-05,80,0.9959801634655558,6.719157926608877,0.7066798126694602,,,PRUNED
321,321,0.7032289869361598,2021-02-24 19:08:40.205470,2021-02-24 19:09:09.918691,0 days 00:00:29.713221,0.0006380974251422558,60,0.9966073002767186,0.014518932121491468,0.7106236135075179,0.7032289869361598,,PRUNED
322,322,0.6997781612028593,2021-02-24 19:09:09.918988,2021-02-24 19:10:29.683546,0 days 00:01:19.764558,1.8475449060693448e-05,70,0.9946890868385082,5.117081222520676,0.7116095637170323,0.6997781612028593,,PRUNED
