,number,value,datetime_start,datetime_complete,duration,params_lr,params_out_dim,params_scheduler_gamma,params_weight_decay,system_attrs_completed_rung_0,system_attrs_completed_rung_1,system_attrs_completed_rung_2,state
756,756,0.7039684495932955,2021-02-25 02:06:07.727675,2021-02-25 02:07:26.562109,0 days 00:01:18.834434,9.557296931439481e-05,50,0.9919459273799854,12.653846551923404,0.7096376632980035,0.7039684495932955,,PRUNED
757,757,0.700517623859995,2021-02-25 02:07:26.562568,2021-02-25 02:08:45.254268,0 days 00:01:18.691700,0.0002427494631215751,40,0.9987700050254241,3.668430615918147,0.700517623859995,,,PRUNED
758,758,0.7017500616218881,2021-02-25 02:08:45.254711,2021-02-25 02:08:57.976089,0 days 00:00:12.721378,2.5503736407993348e-05,90,0.9947091540953346,7.922461846558569,0.7017500616218881,,,PRUNED
759,759,0.7066798126694602,2021-02-25 02:08:57.976570,2021-02-25 02:09:27.271230,0 days 00:00:29.294660,0.00011067949740572059,70,0.9946580742259498,9.358344809986137,0.7066798126694602,,,PRUNED
760,760,0.7056938624599458,2021-02-25 02:09:27.271719,2021-02-25 02:10:45.920794,0 days 00:01:18.649075,0.0004593450135258307,30,0.9925604480056922,4.122012461986745,0.7056938624599458,,,PRUNED
761,761,0.7049543998028099,2021-02-25 02:10:45.921262,2021-02-25 02:10:58.746806,0 days 00:00:12.825544,2.8384234784125482e-05,90,0.99457487241232,8.163117855184462,0.7049543998028099,,,PRUNED
762,762,0.6820310574315998,2021-02-25 02:10:58.747280,2021-02-25 02:14:19.468698,0 days 00:03:20.721418,0.00014257713575994857,50,0.9986494935966407,2.4067698026069766,0.7101306384027607,,,COMPLETE
763,763,0.7000246487552378,2021-02-25 02:14:19.469555,2021-02-25 02:15:38.227671,0 days 00:01:18.758116,0.00010657405514302795,20,0.9953489954816225,5.101830809278777,0.7000246487552378,,,PRUNED
764,764,0.6987922109933449,2021-02-25 02:15:38.228101,2021-02-25 02:15:50.990310,0 days 00:00:12.762209,3.1110886913258234e-05,80,0.9952169975566009,7.600343891754177,0.6987922109933449,,,PRUNED
765,765,0.706186837564703,2021-02-25 02:15:50.990795,2021-02-25 02:16:03.663094,0 days 00:00:12.672299,2.2694286225068078e-05,100,0.9949171729174396,8.666778494402854,0.706186837564703,,,PRUNED
766,766,0.706186837564703,2021-02-25 02:16:03.663576,2021-02-25 02:16:32.911265,0 days 00:00:29.247689,6.665565177342931e-05,70,0.9950905333398621,8.946514688569346,0.706186837564703,,,PRUNED
767,767,0.7071727877742174,2021-02-25 02:16:32.911746,2021-02-25 02:16:45.585485,0 days 00:00:12.673739,2.4506828320874343e-05,70,0.9956750647746089,7.372565276815835,0.7071727877742174,,,PRUNED
768,768,0.7049543998028099,2021-02-25 02:16:45.585929,2021-02-25 02:16:58.273346,0 days 00:00:12.687417,0.007154360511577607,90,0.994853110036658,8.033410124518126,0.7049543998028099,,,PRUNED
769,769,0.7032289869361598,2021-02-25 02:16:58.273828,2021-02-25 02:17:10.959617,0 days 00:00:12.685789,3.5960704815066656e-05,80,0.9984108670964448,8.479577263768359,0.7032289869361598,,,PRUNED
770,770,0.7044614246980527,2021-02-25 02:17:10.960063,2021-02-25 02:20:31.394909,0 days 00:03:20.434846,0.00011925685344816338,70,0.9949053320829913,8.303472916682786,0.7106236135075179,0.7113630761646537,,COMPLETE
771,771,0.7044614246980527,2021-02-25 02:20:31.395780,2021-02-25 02:20:44.108563,0 days 00:00:12.712783,5.308487680568383e-05,30,0.9950330641825252,9.170394395255425,0.7044614246980527,,,PRUNED
772,772,0.7044614246980527,2021-02-25 02:20:44.109055,2021-02-25 02:22:02.915518,0 days 00:01:18.806463,0.0006004360257496035,30,0.9982734182616848,2.952609130508532,0.7044614246980527,,,PRUNED
773,773,0.7069263002218388,2021-02-25 02:22:02.915959,2021-02-25 02:22:32.066985,0 days 00:00:29.151026,0.0001248049134617599,70,0.9948473204849829,15.727962635808066,0.7069263002218388,,,PRUNED
774,774,0.7052008873551886,2021-02-25 02:22:32.067441,2021-02-25 02:23:01.263263,0 days 00:00:29.195822,0.00016344853689160215,70,0.9951846395859132,8.015786277827495,0.7052008873551886,,,PRUNED
775,775,0.6985457234409662,2021-02-25 02:23:01.263717,2021-02-25 02:23:14.004798,0 days 00:00:12.741081,2.7597208381133272e-05,90,0.9947484518715012,0.7438122236834306,0.6985457234409662,,,PRUNED
776,776,0.7010105989647523,2021-02-25 02:23:14.005284,2021-02-25 02:24:32.714270,0 days 00:01:18.708986,0.0003836177319358831,40,0.9989796114923797,4.474756572396282,0.7010105989647523,,,PRUNED
777,777,0.703721962040917,2021-02-25 02:24:32.714737,2021-02-25 02:24:45.436178,0 days 00:00:12.721441,2.1784747568742665e-05,90,0.9958904648935006,7.718843249620729,0.703721962040917,,,PRUNED
778,778,0.7024895242790239,2021-02-25 02:24:45.436668,2021-02-25 02:24:58.172388,0 days 00:00:12.735720,3.1256946268319236e-05,80,0.9989834245696567,8.15687662277136,0.7024895242790239,,,PRUNED
779,779,0.7052008873551886,2021-02-25 02:24:58.172868,2021-02-25 02:25:27.275818,0 days 00:00:29.102950,0.0003997653400552224,50,0.9981820777547047,9.718635488013865,0.7113630761646537,0.7052008873551886,,PRUNED
780,780,0.7029824993837811,2021-02-25 02:25:27.276309,2021-02-25 02:25:40.078922,0 days 00:00:12.802613,0.0005466091752109744,90,0.99540050721342,10.40436261455618,0.7029824993837811,,,PRUNED
781,781,0.706186837564703,2021-02-25 02:25:40.079388,2021-02-25 02:26:09.264542,0 days 00:00:29.185154,0.00024784588944515437,80,0.9954530144553744,7.642864349799422,0.706186837564703,,,PRUNED
782,782,0.6970667981266946,2021-02-25 02:26:09.265032,2021-02-25 02:26:21.898501,0 days 00:00:12.633469,6.0625236305407896e-05,100,0.9951453940358111,7.132995425675385,0.6970667981266946,,,PRUNED
783,783,0.6766083312792704,2021-02-25 02:26:21.898975,2021-02-25 02:29:42.556256,0 days 00:03:20.657281,0.00010055340431774935,90,0.9986084989580958,8.917885764166774,0.7133349765836825,0.7162928272122258,0.7088982006408676,COMPLETE
784,784,0.7027360118314026,2021-02-25 02:29:42.557138,2021-02-25 02:29:55.245039,0 days 00:00:12.687901,0.00010411035964380388,90,0.9986281782078339,9.068302112781115,0.7027360118314026,,,PRUNED
785,785,0.703721962040917,2021-02-25 02:29:55.245530,2021-02-25 02:30:07.922530,0 days 00:00:12.677000,0.00013410675433707175,90,0.9985417674266794,9.36658462511479,0.703721962040917,,,PRUNED
786,786,0.7022430367266453,2021-02-25 02:30:07.923025,2021-02-25 02:30:20.750779,0 days 00:00:12.827754,9.517801518202537e-05,90,0.9983647867985211,8.80006980380832,0.7022430367266453,,,PRUNED
787,787,0.6992851860981021,2021-02-25 02:30:20.751231,2021-02-25 02:30:33.512649,0 days 00:00:12.761418,7.403019321087957e-05,90,0.9988056771382137,8.434636643077015,0.6992851860981021,,,PRUNED
788,788,0.7002711363076165,2021-02-25 02:30:33.513091,2021-02-25 02:30:46.250226,0 days 00:00:12.737135,9.204782108618127e-05,90,0.9973000337119893,8.72305364277884,0.7002711363076165,,,PRUNED
789,789,0.7182647276312546,2021-02-25 02:30:46.250710,2021-02-25 02:34:06.999905,0 days 00:03:20.749195,0.00022069397020860925,20,0.99489920116476,3.906133892295896,0.7143209267931969,,,COMPLETE
790,790,0.7047079122504314,2021-02-25 02:34:07.000776,2021-02-25 02:34:19.861469,0 days 00:00:12.860693,8.378269174795067e-05,90,0.998647673599572,7.962438781500358,0.7047079122504314,,,PRUNED
791,791,0.700517623859995,2021-02-25 02:34:19.861948,2021-02-25 02:35:38.537222,0 days 00:01:18.675274,0.000216867734578414,20,0.9948634961001761,3.8720199530127415,0.700517623859995,,,PRUNED
792,792,0.7007641114123737,2021-02-25 02:35:38.537721,2021-02-25 02:35:51.186971,0 days 00:00:12.649250,0.0003212369450478709,90,0.9966982442146242,9.474898754668013,0.7007641114123737,,,PRUNED
793,793,0.706186837564703,2021-02-25 02:35:51.187428,2021-02-25 02:36:03.850997,0 days 00:00:12.663569,0.00012143853892248067,90,0.9981230583542013,7.560172291452601,0.706186837564703,,,PRUNED
794,794,0.7066798126694602,2021-02-25 02:36:03.851449,2021-02-25 02:36:33.138999,0 days 00:00:29.287550,0.0005902292742969756,70,0.9936672797998058,8.396871609862925,0.7066798126694602,,,PRUNED
795,795,0.7049543998028099,2021-02-25 02:36:33.139468,2021-02-25 02:36:45.908203,0 days 00:00:12.768735,0.00010286835278246363,100,0.997706929006569,8.985300774652883,0.7049543998028099,,,PRUNED
796,796,0.6975597732314518,2021-02-25 02:36:45.908651,2021-02-25 02:38:04.601682,0 days 00:01:18.693031,0.0002730463372865007,20,0.995162215332838,2.744755305936062,0.6975597732314518,,,PRUNED
797,797,0.7047079122504314,2021-02-25 02:38:04.602189,2021-02-25 02:38:17.307658,0 days 00:00:12.705469,0.0034718974917853015,90,0.9984337603742192,8.316843379595548,0.7047079122504314,,,PRUNED
798,798,0.7002711363076165,2021-02-25 02:38:17.308151,2021-02-25 02:41:38.223901,0 days 00:03:20.915750,0.00018696166799507234,20,0.9945666937482781,4.918200413274365,0.7143209267931969,,,COMPLETE
799,799,0.7054473749075671,2021-02-25 02:41:38.224761,2021-02-25 02:41:50.942815,0 days 00:00:12.718054,8.039821141669588e-05,90,0.9988711453535432,9.931454774182681,0.7054473749075671,,,PRUNED
800,800,0.6965738230219374,2021-02-25 02:41:50.943336,2021-02-25 02:42:20.135456,0 days 00:00:29.192120,0.00011535840694595776,90,0.9982798051275931,8.0087487665087,0.7106236135075179,0.6965738230219374,,PRUNED
801,801,0.7076657628789746,2021-02-25 02:42:20.135963,2021-02-25 02:43:38.831290,0 days 00:01:18.695327,0.0003186765890098819,20,0.9956220460348761,5.47780985279945,0.7076657628789746,,,PRUNED
802,802,0.703721962040917,2021-02-25 02:43:38.831739,2021-02-25 02:44:08.081220,0 days 00:00:29.249481,0.00014445655970383376,40,0.9948831793986048,7.379492588215661,0.703721962040917,,,PRUNED
803,803,0.688686221345822,2021-02-25 02:44:08.081684,2021-02-25 02:47:29.046672,0 days 00:03:20.964988,5.717408152064562e-05,60,0.9943527326553467,10.40604486484406,0.7096376632980035,0.7256593542026127,,COMPLETE
804,804,0.706186837564703,2021-02-25 02:47:29.047548,2021-02-25 02:47:58.218357,0 days 00:00:29.170809,4.761530800699998e-05,20,0.994130470325351,11.383693081333066,0.706186837564703,,,PRUNED
805,805,0.7032289869361598,2021-02-25 02:47:58.218839,2021-02-25 02:49:16.987362,0 days 00:01:18.768523,0.00010110585511789266,70,0.9946339920831412,8.950562070108461,0.7093911757456248,0.7032289869361598,,PRUNED
806,806,0.6884397337934435,2021-02-25 02:49:16.987835,2021-02-25 02:49:29.671844,0 days 00:00:12.684009,1.7270754307102134e-05,50,0.9989986089971439,7.266939818598037,0.6884397337934435,,,PRUNED
807,807,0.706186837564703,2021-02-25 02:49:29.672333,2021-02-25 02:50:48.279432,0 days 00:01:18.607099,0.0001350215700468773,50,0.994915903633089,3.4383507175204135,0.706186837564703,,,PRUNED
808,808,0.688686221345822,2021-02-25 02:50:48.279933,2021-02-25 02:51:17.351737,0 days 00:00:29.071804,0.00011995025969612249,70,0.9944574133737383,8.684737535454433,0.688686221345822,,,PRUNED
809,809,0.7002711363076165,2021-02-25 02:51:17.352257,2021-02-25 02:51:46.605787,0 days 00:00:29.253530,8.714570435253571e-05,70,0.9938648759470897,9.163402739209157,0.7002711363076165,,,PRUNED
810,810,0.7049543998028099,2021-02-25 02:51:46.606228,2021-02-25 02:51:59.375227,0 days 00:00:12.768999,6.297273256841325e-05,100,0.9962798699422977,13.180474640376401,0.7049543998028099,,,PRUNED
811,811,0.6963273354695588,2021-02-25 02:51:59.375722,2021-02-25 02:55:19.690993,0 days 00:03:20.315271,0.00017996737057130523,70,0.9950006882387317,9.852269219635616,0.7103771259551392,0.7084052255361104,,COMPLETE
812,812,0.6916440719743653,2021-02-25 02:55:19.691869,2021-02-25 02:58:40.299700,0 days 00:03:20.607831,0.00015656525429007001,10,0.9920483216026376,3.9816716146209927,0.7079122504313532,,,COMPLETE
813,813,0.7056938624599458,2021-02-25 02:58:40.300585,2021-02-25 02:59:09.486400,0 days 00:00:29.185815,0.00017885496717680714,70,0.9950068475724815,17.80227723831304,0.7056938624599458,,,PRUNED
814,814,0.7010105989647523,2021-02-25 02:59:09.486896,2021-02-25 02:59:38.849116,0 days 00:00:29.362220,2.01877104813428e-05,90,0.9985379596814002,3.082823944587494,0.7108701010598965,0.7010105989647523,,PRUNED
815,815,0.7059403500123244,2021-02-25 02:59:38.849557,2021-02-25 03:00:08.028005,0 days 00:00:29.178448,0.00019735078762636834,70,0.9953601572403701,9.946623041000727,0.7059403500123244,,,PRUNED
816,816,0.7039684495932955,2021-02-25 03:00:08.028465,2021-02-25 03:00:20.710866,0 days 00:00:12.682401,0.00016117851131208707,60,0.9979169287962962,8.699678541448668,0.7039684495932955,,,PRUNED
817,817,0.7019965491742667,2021-02-25 03:00:20.711345,2021-02-25 03:00:33.375098,0 days 00:00:12.663753,5.2200815972212644e-05,70,0.998775612290487,9.29068743356367,0.7019965491742667,,,PRUNED
818,818,0.7012570865171309,2021-02-25 03:00:33.375569,2021-02-25 03:00:45.987464,0 days 00:00:12.611895,2.4784842067056575e-05,90,0.9956351570346343,1.974717065925665,0.7012570865171309,,,PRUNED
819,819,0.706186837564703,2021-02-25 03:00:45.987969,2021-02-25 03:02:04.479220,0 days 00:01:18.491251,0.00016051623508985945,40,0.9948439084777772,10.622368729457003,0.7091446881932463,0.706186837564703,,PRUNED
820,820,0.7071727877742174,2021-02-25 03:02:04.479704,2021-02-25 03:05:25.015251,0 days 00:03:20.535547,0.00028468184501647607,50,0.9957434267870703,12.181589517813366,0.7079122504313532,0.7076657628789746,,COMPLETE
821,821,0.7029824993837811,2021-02-25 03:05:25.016149,2021-02-25 03:06:43.730464,0 days 00:01:18.714315,0.00022542314002277434,30,0.9923202591487312,4.448072437278379,0.7029824993837811,,,PRUNED
822,822,0.7049543998028099,2021-02-25 03:06:43.730934,2021-02-25 03:06:56.510087,0 days 00:00:12.779153,0.009451511240803569,90,0.9953430730532145,6.922249407290193,0.7049543998028099,,,PRUNED
823,823,0.706186837564703,2021-02-25 03:06:56.510576,2021-02-25 03:10:17.048508,0 days 00:03:20.537932,6.807059688070264e-05,90,0.9970958525144675,8.344625995931713,0.7143209267931969,0.7088982006408676,0.7333004683263495,COMPLETE
824,824,0.7032289869361598,2021-02-25 03:10:17.049379,2021-02-25 03:10:29.743702,0 days 00:00:12.694323,7.038136330895134e-05,90,0.9969907101710839,8.264351677050879,0.7032289869361598,,,PRUNED
825,825,0.6918905595267439,2021-02-25 03:10:29.744196,2021-02-25 03:10:58.872402,0 days 00:00:29.128206,8.610577792138097e-05,100,0.9968061094929426,7.714786535911388,0.7086517130884891,0.6918905595267439,,PRUNED
826,826,0.7052008873551886,2021-02-25 03:10:58.872906,2021-02-25 03:11:11.503184,0 days 00:00:12.630278,0.0043045907684408045,90,0.9970592820472615,8.495771039635652,0.7052008873551886,,,PRUNED
827,827,0.7052008873551886,2021-02-25 03:11:11.503685,2021-02-25 03:12:30.285868,0 days 00:01:18.782183,6.408126293516706e-05,50,0.9974683796682158,8.734770466670966,0.7086517130884891,0.7125955139265467,0.7052008873551886,PRUNED
828,828,0.7056938624599458,2021-02-25 03:12:30.286358,2021-02-25 03:12:59.462873,0 days 00:00:29.176515,0.00040227731887097735,50,0.995853754180328,12.332643426230032,0.7056938624599458,,,PRUNED
829,829,0.707419275326596,2021-02-25 03:12:59.463390,2021-02-25 03:13:28.586306,0 days 00:00:29.122916,6.683605578656423e-05,50,0.9975124065505703,8.998185590235375,0.7175252649741188,0.707419275326596,,PRUNED
830,830,0.7042149371456742,2021-02-25 03:13:28.586818,2021-02-25 03:14:47.364481,0 days 00:01:18.777663,0.00026254755438806775,50,0.9956438275067772,12.159999865685199,0.709884150850382,0.7042149371456742,,PRUNED
831,831,0.7019965491742667,2021-02-25 03:14:47.364973,2021-02-25 03:15:16.478971,0 days 00:00:29.113998,0.0002885042606990936,50,0.9961114360848259,11.929601455184637,0.7019965491742667,,,PRUNED
832,832,0.7071727877742174,2021-02-25 03:15:16.479448,2021-02-25 03:16:35.267694,0 days 00:01:18.788246,0.0009051950825198613,20,0.9918266800548573,5.8000381174303355,0.7071727877742174,,,PRUNED
833,833,0.7042149371456742,2021-02-25 03:16:35.268185,2021-02-25 03:16:48.033880,0 days 00:00:12.765695,7.533383194270306e-05,50,0.9971756008485008,9.718949863468982,0.7042149371456742,,,PRUNED
834,834,0.7017500616218881,2021-02-25 03:16:48.034379,2021-02-25 03:17:00.707976,0 days 00:00:12.673597,5.820908719265905e-05,50,0.9974229470285808,7.949391198883331,0.7017500616218881,,,PRUNED
835,835,0.7049543998028099,2021-02-25 03:17:00.708495,2021-02-25 03:17:29.939403,0 days 00:00:29.230908,0.0004735626332064449,50,0.9957207306841381,12.848215244931472,0.7049543998028099,,,PRUNED
836,836,0.7047079122504314,2021-02-25 03:17:29.939909,2021-02-25 03:17:59.134578,0 days 00:00:29.194669,3.534080767406418e-05,50,0.9933793505291355,11.600031787498544,0.7047079122504314,,,PRUNED
837,837,0.7069263002218388,2021-02-25 03:17:59.135096,2021-02-25 03:18:11.835816,0 days 00:00:12.700720,7.80718517942245e-05,60,0.9971187308523284,8.760050555419221,0.7069263002218388,,,PRUNED
838,838,0.7054473749075671,2021-02-25 03:18:11.836322,2021-02-25 03:18:24.518844,0 days 00:00:12.682522,6.517920415742765e-05,50,0.9973231401748472,11.017998983030315,0.7054473749075671,,,PRUNED
839,839,0.703721962040917,2021-02-25 03:18:24.519377,2021-02-25 03:18:37.302529,0 days 00:00:12.783152,5.489185398934172e-05,50,0.9977053602880241,9.345369742875118,0.703721962040917,,,PRUNED
840,840,0.7042149371456742,2021-02-25 03:18:37.303060,2021-02-25 03:18:50.069769,0 days 00:00:12.766709,9.20724390448824e-05,50,0.9976394453029782,7.408445041491942,0.7042149371456742,,,PRUNED
841,841,0.6990386985457234,2021-02-25 03:18:50.070271,2021-02-25 03:19:19.274449,0 days 00:00:29.204178,6.811048397232272e-05,40,0.9975510027007605,10.319567910099774,0.707419275326596,0.6990386985457234,,PRUNED
842,842,0.7029824993837811,2021-02-25 03:19:19.274947,2021-02-25 03:19:32.024935,0 days 00:00:12.749988,4.7483652920469575e-05,50,0.9969561051830793,8.27225508867652,0.7029824993837811,,,PRUNED
843,843,0.703721962040917,2021-02-25 03:19:32.025415,2021-02-25 03:20:50.635069,0 days 00:01:18.609654,0.00034782573564929274,50,0.9976928502969041,4.635519521450864,0.7116095637170323,0.703721962040917,,PRUNED
844,844,0.7047079122504314,2021-02-25 03:20:50.635536,2021-02-25 03:21:03.441642,0 days 00:00:12.806106,0.00011010274883745676,40,0.9972728759880479,7.742250371492263,0.7047079122504314,,,PRUNED
845,845,0.7017500616218881,2021-02-25 03:21:03.442090,2021-02-25 03:21:16.178851,0 days 00:00:12.736761,6.131519345294909e-05,70,0.9978918018249673,8.861910935201308,0.7017500616218881,,,PRUNED
846,846,0.6997781612028593,2021-02-25 03:21:16.179341,2021-02-25 03:22:34.734656,0 days 00:01:18.555315,0.00041169800842006125,50,0.9946631799066155,3.218358433663768,0.6997781612028593,,,PRUNED
847,847,0.7027360118314026,2021-02-25 03:22:34.735167,2021-02-25 03:23:53.344929,0 days 00:01:18.609762,0.00030128328161832,30,0.9923016193250086,10.97525460003786,0.7088982006408676,0.7027360118314026,,PRUNED
848,848,0.7000246487552378,2021-02-25 03:23:53.345444,2021-02-25 03:24:06.060242,0 days 00:00:12.714798,7.696878817262576e-05,80,0.9966176703863879,11.569418812052676,0.7000246487552378,,,PRUNED
849,849,0.7039684495932955,2021-02-25 03:24:06.060726,2021-02-25 03:25:24.733455,0 days 00:01:18.672729,0.00023285855119933665,80,0.9952329493195855,11.831636140125607,0.7116095637170323,0.7039684495932955,,PRUNED
850,850,0.6982992358885877,2021-02-25 03:25:24.733936,2021-02-25 03:25:37.623805,0 days 00:00:12.889869,9.226353648793109e-05,50,0.9968275409228257,9.144149128547502,0.6982992358885877,,,PRUNED
851,851,0.6881932462410648,2021-02-25 03:25:37.624260,2021-02-25 03:26:56.163868,0 days 00:01:18.539608,4.76890471004659e-05,80,0.9972016187964471,8.594372120598688,0.7096376632980035,0.7153068770027113,0.6881932462410648,PRUNED
852,852,0.6953413852600444,2021-02-25 03:26:56.164388,2021-02-25 03:27:25.350334,0 days 00:00:29.185946,4.3253622018455556e-05,20,0.9954679175630962,5.3954248829360445,0.6953413852600444,,,PRUNED
853,853,0.7059403500123244,2021-02-25 03:27:25.350839,2021-02-25 03:27:38.180497,0 days 00:00:12.829658,5.8083571336210966e-05,100,0.9974024969508509,8.086854593299078,0.7059403500123244,,,PRUNED
854,854,0.7066798126694602,2021-02-25 03:27:38.180995,2021-02-25 03:27:50.858295,0 days 00:00:12.677300,0.0010381019382600045,80,0.9965230370059057,6.933461776774429,0.7066798126694602,,,PRUNED
855,855,0.7019965491742667,2021-02-25 03:27:50.858799,2021-02-25 03:28:03.569508,0 days 00:00:12.710709,7.434979607661103e-05,80,0.9979257165238541,7.418907432406186,0.7019965491742667,,,PRUNED
856,856,0.6992851860981021,2021-02-25 03:28:03.570007,2021-02-25 03:29:22.176875,0 days 00:01:18.606868,0.00026916608297040755,10,0.9939048953041829,3.667704887980149,0.6992851860981021,,,PRUNED
857,857,0.7064333251170816,2021-02-25 03:29:22.177384,2021-02-25 03:30:40.733271,0 days 00:01:18.555887,5.385231795157426e-05,40,0.9959475129111216,15.134210268008799,0.7106236135075179,0.7064333251170816,,PRUNED
858,858,0.7293566674882919,2021-02-25 03:30:40.733771,2021-02-25 03:34:01.552435,0 days 00:03:20.818664,0.0005035433466883547,20,0.9943882163062694,4.793462370044839,0.7121025388217895,,,COMPLETE
859,859,0.7066798126694602,2021-02-25 03:34:01.553315,2021-02-25 03:34:14.332433,0 days 00:00:12.779118,1.5597478529124725e-05,50,0.9975133053066733,2.4528894979292586,0.7066798126694602,,,PRUNED
860,860,0.6997781612028593,2021-02-25 03:34:14.332954,2021-02-25 03:34:27.000121,0 days 00:00:12.667167,0.00013096699165025602,60,0.9977565961113191,9.557249227660382,0.6997781612028593,,,PRUNED
861,861,0.6995316736504806,2021-02-25 03:34:27.000607,2021-02-25 03:34:39.641670,0 days 00:00:12.641063,0.0007953706703377057,90,0.9971199447796452,3.5056359841118043,0.6995316736504806,,,PRUNED
862,862,0.7047079122504314,2021-02-25 03:34:39.642166,2021-02-25 03:34:52.317270,0 days 00:00:12.675104,0.00017804105705248425,80,0.9966930830642104,8.425940857105747,0.7047079122504314,,,PRUNED
863,863,0.7069263002218388,2021-02-25 03:34:52.317747,2021-02-25 03:36:10.866211,0 days 00:01:18.548464,1.7922826997430744e-05,90,0.9980054396627855,7.8888493731324285,0.7071727877742174,0.7088982006408676,0.7069263002218388,PRUNED
864,864,0.7123490263741681,2021-02-25 03:36:10.866728,2021-02-25 03:39:31.455483,0 days 00:03:20.588755,0.000528147976468639,20,0.9947699428913759,4.214641383936443,0.7101306384027607,,,COMPLETE
