,number,value,datetime_start,datetime_complete,duration,params_lr,params_out_dim,params_scheduler_gamma,params_weight_decay,system_attrs_completed_rung_0,system_attrs_completed_rung_1,system_attrs_completed_rung_2,state
973,973,0.719250677840769,2021-02-25 05:08:43.357226,2021-02-25 05:12:03.916151,0 days 00:03:20.558925,0.00038309508647817837,20,0.9958395741264767,5.8374056563914305,0.7086517130884891,,,COMPLETE
974,974,0.7066798126694602,2021-02-25 05:12:03.917083,2021-02-25 05:12:16.635034,0 days 00:00:12.717951,1.497099851752701e-05,90,0.9955843767005226,9.320501110482953,0.7066798126694602,,,PRUNED
975,975,0.7056938624599458,2021-02-25 05:12:16.635594,2021-02-25 05:12:45.748111,0 days 00:00:29.112517,0.00012103440621779462,60,0.9936050823306677,7.7499874214047795,0.7056938624599458,,,PRUNED
976,976,0.7049543998028099,2021-02-25 05:12:45.748637,2021-02-25 05:14:04.436083,0 days 00:01:18.687446,1.782324043418893e-05,70,0.9950835239984717,19.97268999944795,0.7296031550406704,0.7049543998028099,,PRUNED
977,977,0.7069263002218388,2021-02-25 05:14:04.436581,2021-02-25 05:14:17.116270,0 days 00:00:12.679689,1.0109020478832534e-05,100,0.9951403625297413,10.53315857231766,0.7069263002218388,,,PRUNED
978,978,0.7054473749075671,2021-02-25 05:14:17.116828,2021-02-25 05:14:29.884674,0 days 00:00:12.767846,0.0009128122027948158,90,0.995378056175829,9.067055401657512,0.7054473749075671,,,PRUNED
979,979,0.7042149371456742,2021-02-25 05:14:29.885227,2021-02-25 05:15:48.394128,0 days 00:01:18.508901,1.7664319795296746e-05,90,0.9957695412328543,9.523324239571705,0.7096376632980035,0.7145674143455756,0.7042149371456742,PRUNED
980,980,0.6938624599457728,2021-02-25 05:15:48.394704,2021-02-25 05:19:09.161849,0 days 00:03:20.767145,1.3547552873954896e-05,90,0.9948863736493558,7.57446463685773,0.7081587379837319,0.7111165886122751,0.7106236135075179,COMPLETE
981,981,0.7049543998028099,2021-02-25 05:19:09.162801,2021-02-25 05:19:21.809670,0 days 00:00:12.646869,1.1106933852319052e-05,90,0.9944036591516359,7.199088755475946,0.7049543998028099,,,PRUNED
982,982,0.727384767069263,2021-02-25 05:19:21.810228,2021-02-25 05:22:42.583828,0 days 00:03:20.773600,9.840245491501181e-05,70,0.9942755225228328,11.585546512564953,0.7219620409169337,0.7108701010598965,,COMPLETE
983,983,0.7032289869361598,2021-02-25 05:22:42.584780,2021-02-25 05:22:55.347065,0 days 00:00:12.762285,1.2999707725874616e-05,100,0.9947609805254201,7.565598758053868,0.7032289869361598,,,PRUNED
984,984,0.7024895242790239,2021-02-25 05:22:55.347626,2021-02-25 05:24:13.944106,0 days 00:01:18.596480,0.00010287204179736429,70,0.9943319395372079,11.929811783953008,0.7108701010598965,0.7024895242790239,,PRUNED
985,985,0.6884397337934435,2021-02-25 05:24:13.944666,2021-02-25 05:24:43.176115,0 days 00:00:29.231449,1.2263003356781557e-05,90,0.9948599773938692,7.030509846072821,0.707419275326596,0.6884397337934435,,PRUNED
986,986,0.7034754744885383,2021-02-25 05:24:43.176676,2021-02-25 05:25:12.334818,0 days 00:00:29.158142,1.4739563360758822e-05,90,0.9950092143565045,6.570980482885405,0.7106236135075179,0.7034754744885383,,PRUNED
987,987,0.6938624599457728,2021-02-25 05:25:12.335366,2021-02-25 05:25:25.028209,0 days 00:00:12.692843,1.1748396823572318e-05,90,0.9946259475885656,7.6462082828475575,0.6938624599457728,,,PRUNED
988,988,0.7069263002218388,2021-02-25 05:25:25.028769,2021-02-25 05:26:43.743125,0 days 00:01:18.714356,9.000252760768841e-05,50,0.9941664718566803,8.541170689248933,0.7219620409169337,0.7069263002218388,,PRUNED
989,989,0.7044614246980527,2021-02-25 05:26:43.743635,2021-02-25 05:26:56.470492,0 days 00:00:12.726857,1.6315174525789107e-05,90,0.9950470644342605,6.951031931827053,0.7044614246980527,,,PRUNED
990,990,0.7017500616218881,2021-02-25 05:26:56.471054,2021-02-25 05:28:15.064512,0 days 00:01:18.593458,0.00043479535142668764,20,0.99577271995733,5.935705830018865,0.7017500616218881,,,PRUNED
991,991,0.698052748336209,2021-02-25 05:28:15.065103,2021-02-25 05:28:44.171175,0 days 00:00:29.106072,0.00011511747622057644,50,0.9944196273958107,11.485188255952652,0.698052748336209,,,PRUNED
992,992,0.7047079122504314,2021-02-25 05:28:44.171742,2021-02-25 05:29:13.518102,0 days 00:00:29.346360,0.00015597134929985502,30,0.9955455114749823,8.217464997320596,0.7047079122504314,,,PRUNED
993,993,0.7101306384027607,2021-02-25 05:29:13.518645,2021-02-25 05:32:34.216597,0 days 00:03:20.697952,0.00010060686430861885,20,0.9948083177043072,10.747755226988453,0.7103771259551392,0.7091446881932463,,COMPLETE
994,994,0.7066798126694602,2021-02-25 05:32:34.217541,2021-02-25 05:33:53.061580,0 days 00:01:18.844039,1.0113306177209989e-05,90,0.9947122120681455,10.222992577153917,0.7084052255361104,0.7133349765836825,0.7066798126694602,PRUNED
995,995,0.7054473749075671,2021-02-25 05:33:53.062119,2021-02-25 05:34:22.189319,0 days 00:00:29.127200,9.340954417741834e-05,90,0.9947906738541475,10.61467557331958,0.7054473749075671,,,PRUNED
996,996,0.7047079122504314,2021-02-25 05:34:22.189909,2021-02-25 05:35:40.628541,0 days 00:01:18.438632,8.320167725597292e-05,20,0.9960435331245926,6.558410643230323,0.7047079122504314,,,PRUNED
997,997,0.6926300221838797,2021-02-25 05:35:40.629119,2021-02-25 05:39:01.259656,0 days 00:03:20.630537,0.00037421411717479937,10,0.9965132443520668,3.0916488485323623,0.7140744392408184,,,COMPLETE
998,998,0.7032289869361598,2021-02-25 05:39:01.260603,2021-02-25 05:39:13.920453,0 days 00:00:12.659850,1.1882280957567164e-05,90,0.9944883247268833,10.602182075291388,0.7032289869361598,,,PRUNED
999,999,0.7066798126694602,2021-02-25 05:39:13.921030,2021-02-25 05:39:43.103163,0 days 00:00:29.182133,0.00012961847442860707,20,0.9949355659549568,10.911474094094537,0.7066798126694602,,,PRUNED
1000,1000,0.7027360118314026,2021-02-25 05:39:43.103703,2021-02-25 05:39:55.779187,0 days 00:00:12.675484,1.003200405274347e-05,90,0.994717213855202,10.248886948864572,0.7027360118314026,,,PRUNED
1001,1001,0.6946019226029085,2021-02-25 05:39:55.779770,2021-02-25 05:40:08.441618,0 days 00:00:12.661848,1.019719437227233e-05,90,0.9948588382356394,9.993617152423363,0.6946019226029085,,,PRUNED
1002,1002,0.6985457234409662,2021-02-25 05:40:08.442188,2021-02-25 05:40:21.160461,0 days 00:00:12.718273,1.355290163756369e-05,90,0.9947906282412948,11.299011310517095,0.6985457234409662,,,PRUNED
1003,1003,0.706186837564703,2021-02-25 05:40:21.161030,2021-02-25 05:40:50.416238,0 days 00:00:29.255208,7.532852788358977e-05,20,0.9945916870088948,11.600668136912608,0.706186837564703,,,PRUNED
1004,1004,0.7064333251170816,2021-02-25 05:40:50.416809,2021-02-25 05:41:19.648123,0 days 00:00:29.231314,1.4464980694681637e-05,90,0.9946952930193717,10.100608805904974,0.7071727877742174,0.7064333251170816,,PRUNED
1005,1005,0.7118560512694109,2021-02-25 05:41:19.648686,2021-02-25 05:44:40.435464,0 days 00:03:20.786778,1.1361158493230334e-05,100,0.994430626216026,10.700182744964454,0.7071727877742174,0.7197436529455262,0.7084052255361104,COMPLETE
1006,1006,0.703721962040917,2021-02-25 05:44:40.436412,2021-02-25 05:45:09.584579,0 days 00:00:29.148167,0.00010240633712501689,20,0.9953074332857853,10.343990378626357,0.703721962040917,,,PRUNED
1007,1007,0.7052008873551886,2021-02-25 05:45:09.585100,2021-02-25 05:46:28.103856,0 days 00:01:18.518756,0.0001468919032917124,10,0.9950851173442158,12.115463188347633,0.7108701010598965,0.7052008873551886,,PRUNED
1008,1008,0.7056938624599458,2021-02-25 05:46:28.104424,2021-02-25 05:46:57.419700,0 days 00:00:29.315276,1.1073951675461301e-05,100,0.9942603268505135,10.493040958785759,0.7081587379837319,0.7056938624599458,,PRUNED
1009,1009,0.6982992358885877,2021-02-25 05:46:57.420268,2021-02-25 05:48:15.984791,0 days 00:01:18.564523,0.00024202619100050963,20,0.995836947155789,2.4555661099807153,0.6982992358885877,,,PRUNED
1010,1010,0.7059403500123244,2021-02-25 05:48:15.985362,2021-02-25 05:48:45.148089,0 days 00:00:29.162727,0.00010881758489713795,20,0.9948399542911484,10.739276203942639,0.7059403500123244,,,PRUNED
1011,1011,0.7056938624599458,2021-02-25 05:48:45.148658,2021-02-25 05:49:14.339181,0 days 00:00:29.190523,0.00044381162759846664,20,0.9944974494564787,12.77713397698153,0.7056938624599458,,,PRUNED
1012,1012,0.6985457234409662,2021-02-25 05:49:14.339748,2021-02-25 05:49:43.573568,0 days 00:00:29.233820,3.062310406285749e-05,20,0.9954088974230422,11.23877392043104,0.6985457234409662,,,PRUNED
1013,1013,0.6992851860981021,2021-02-25 05:49:43.574135,2021-02-25 05:51:02.366438,0 days 00:01:18.792303,0.0002851894907678772,30,0.9989831467182347,5.628176381974343,0.6992851860981021,,,PRUNED
1014,1014,0.7029824993837811,2021-02-25 05:51:02.366992,2021-02-25 05:51:31.518028,0 days 00:00:29.151036,0.000245607702184566,70,0.9941797599008116,12.271828801420215,0.7029824993837811,,,PRUNED
1015,1015,0.7034754744885383,2021-02-25 05:51:31.518598,2021-02-25 05:51:44.163234,0 days 00:00:12.644636,1.0382619308103203e-05,100,0.9949732544840283,10.633541387547831,0.7034754744885383,,,PRUNED
1016,1016,0.7034754744885383,2021-02-25 05:51:44.163778,2021-02-25 05:51:56.814138,0 days 00:00:12.650360,1.2659721704080138e-05,100,0.9944480102073133,11.172510272597565,0.7034754744885383,,,PRUNED
1017,1017,0.7054473749075671,2021-02-25 05:51:56.814718,2021-02-25 05:52:09.537666,0 days 00:00:12.722948,1.395714979650017e-05,100,0.9942103001588284,11.664281090723517,0.7054473749075671,,,PRUNED
1018,1018,0.7049543998028099,2021-02-25 05:52:09.538202,2021-02-25 05:53:28.305540,0 days 00:01:18.767338,1.6567635859962176e-05,100,0.9945070038969108,11.057264696713094,0.7103771259551392,0.7103771259551392,0.7049543998028099,PRUNED
1019,1019,0.7059403500123244,2021-02-25 05:53:28.306103,2021-02-25 05:53:41.068031,0 days 00:00:12.761928,1.1460630167578054e-05,100,0.9942979664689965,10.421302278281951,0.7059403500123244,,,PRUNED
1020,1020,0.6916440719743653,2021-02-25 05:53:41.068558,2021-02-25 05:53:53.777992,0 days 00:00:12.709434,1.8504246272747056e-05,100,0.9946883727258459,11.486983015797335,0.6916440719743653,,,PRUNED
1021,1021,0.7076657628789746,2021-02-25 05:53:53.778560,2021-02-25 05:54:23.063808,0 days 00:00:29.285248,1.4140097681489684e-05,100,0.9952160440917907,10.784710204556621,0.7108701010598965,0.7076657628789746,,PRUNED
1022,1022,0.7029824993837811,2021-02-25 05:54:23.064386,2021-02-25 05:55:42.111001,0 days 00:01:19.046615,0.00017284161976416994,70,0.995850210237915,9.707520009247316,0.7106236135075179,0.7029824993837811,,PRUNED
1023,1023,0.7079122504313532,2021-02-25 05:55:42.111559,2021-02-25 05:56:11.397860,0 days 00:00:29.286301,1.1692287523101967e-05,100,0.9946032397081732,10.12844780708043,0.7128420014789253,0.7079122504313532,,PRUNED
1024,1024,0.6884397337934435,2021-02-25 05:56:11.398428,2021-02-25 05:56:24.120738,0 days 00:00:12.722310,1.011929817502223e-05,90,0.994417206086726,9.706732294060616,0.6884397337934435,,,PRUNED
1025,1025,0.7010105989647523,2021-02-25 05:56:24.121315,2021-02-25 05:56:36.809790,0 days 00:00:12.688475,1.6724620766548097e-05,90,0.9948979988208683,10.852849066827458,0.7010105989647523,,,PRUNED
1026,1026,0.7064333251170816,2021-02-25 05:56:36.810394,2021-02-25 05:57:55.665951,0 days 00:01:18.855557,0.0004760506088673489,60,0.9956066448453882,7.46368275371174,0.7064333251170816,,,PRUNED
1027,1027,0.7054473749075671,2021-02-25 05:57:55.666503,2021-02-25 05:58:08.455256,0 days 00:00:12.788753,1.9093788046449356e-05,90,0.9945561070459539,11.040568372563499,0.7054473749075671,,,PRUNED
1028,1028,0.7066798126694602,2021-02-25 05:58:08.455830,2021-02-25 05:58:21.182222,0 days 00:00:12.726392,1.2925589460374328e-05,90,0.9952244229550603,10.659353051447345,0.7066798126694602,,,PRUNED
1029,1029,0.6973132856790732,2021-02-25 05:58:21.182804,2021-02-25 05:59:39.920908,0 days 00:01:18.738104,0.00019835235326884403,20,0.9962877845533954,5.099274662019987,0.6973132856790732,,,PRUNED
1030,1030,0.7000246487552378,2021-02-25 05:59:39.921461,2021-02-25 06:00:09.173935,0 days 00:00:29.252474,1.5867530832797202e-05,90,0.9951013503346671,9.673036491064629,0.7091446881932463,0.7000246487552378,,PRUNED
1031,1031,0.7022430367266453,2021-02-25 06:00:09.174506,2021-02-25 06:00:38.335924,0 days 00:00:29.161418,8.507311082893886e-05,50,0.9949138603823409,11.690937907870444,0.7022430367266453,,,PRUNED
1032,1032,0.6807986196697067,2021-02-25 06:00:38.336498,2021-02-25 06:00:51.038986,0 days 00:00:12.702488,1.0205825311271396e-05,100,0.994054673512781,11.908165172211723,0.6807986196697067,,,PRUNED
1033,1033,0.7054473749075671,2021-02-25 06:00:51.039572,2021-02-25 06:01:03.704681,0 days 00:00:12.665109,2.1573322528785097e-05,90,0.9948370647088266,10.209877425903834,0.7054473749075671,,,PRUNED
1034,1034,0.7007641114123737,2021-02-25 06:01:03.705249,2021-02-25 06:01:16.478974,0 days 00:00:12.773725,1.0088050040466085e-05,90,0.9949834699238908,7.333365742268932,0.7007641114123737,,,PRUNED
1035,1035,0.7059403500123244,2021-02-25 06:01:16.479522,2021-02-25 06:01:29.217296,0 days 00:00:12.737774,1.3460944346629203e-05,90,0.9953178115759248,10.15294130634524,0.7059403500123244,,,PRUNED
1036,1036,0.706186837564703,2021-02-25 06:01:29.217848,2021-02-25 06:01:41.879410,0 days 00:00:12.661562,1.0004328485907996e-05,100,0.9946745777521792,7.793899064107318,0.706186837564703,,,PRUNED
1037,1037,0.6721715553364556,2021-02-25 06:01:41.879966,2021-02-25 06:05:02.501829,0 days 00:03:20.621863,0.00012698884638126905,60,0.9943130156649249,10.31712836995897,0.7086517130884891,0.7138279516884397,,COMPLETE
1038,1038,0.706186837564703,2021-02-25 06:05:02.502807,2021-02-25 06:05:15.199366,0 days 00:00:12.696559,1.6041626516557995e-05,90,0.9954109470377326,8.06833078658975,0.706186837564703,,,PRUNED
1039,1039,0.7047079122504314,2021-02-25 06:05:15.199915,2021-02-25 06:05:44.421015,0 days 00:00:29.221100,0.0006523943546033981,80,0.9927583660988576,14.017627527435323,0.7047079122504314,,,PRUNED
1040,1040,0.6852353956125216,2021-02-25 06:05:44.421569,2021-02-25 06:07:03.272004,0 days 00:01:18.850435,1.7779993080547233e-05,40,0.9947950962397655,4.701243164802366,0.6852353956125216,,,PRUNED
1041,1041,0.7054473749075671,2021-02-25 06:07:03.272531,2021-02-25 06:07:32.469161,0 days 00:00:29.196630,0.0010915309688305556,20,0.9946726943816032,11.042573384087019,0.7054473749075671,,,PRUNED
1042,1042,0.7042149371456742,2021-02-25 06:07:32.469763,2021-02-25 06:08:01.651404,0 days 00:00:29.181641,0.00021874668203917063,70,0.9952258069361833,10.65294499905708,0.7042149371456742,,,PRUNED
1043,1043,0.7012570865171309,2021-02-25 06:08:01.651948,2021-02-25 06:08:14.591098,0 days 00:00:12.939150,1.8972540405140434e-05,90,0.9945358892295858,9.699489357666126,0.7012570865171309,,,PRUNED
1044,1044,0.7039684495932955,2021-02-25 06:08:14.591680,2021-02-25 06:11:35.271920,0 days 00:03:20.680240,0.00032003314443313646,50,0.9940341124607299,12.395095462342804,0.7084052255361104,0.7079122504313532,,COMPLETE
1045,1045,0.700517623859995,2021-02-25 06:11:35.272897,2021-02-25 06:12:54.006864,0 days 00:01:18.733967,0.00034979103138574124,70,0.9951406416765244,3.8737246193535366,0.700517623859995,,,PRUNED
1046,1046,0.706186837564703,2021-02-25 06:12:54.007388,2021-02-25 06:14:12.610183,0 days 00:01:18.602795,1.201535457294887e-05,90,0.998996794111128,6.812357655548482,0.707419275326596,0.709884150850382,0.706186837564703,PRUNED
1047,1047,0.7069263002218388,2021-02-25 06:14:12.610751,2021-02-25 06:17:33.541066,0 days 00:03:20.930315,1.2847575874712265e-05,90,0.9989394395329518,6.642710046121298,0.7101306384027607,0.7148139018979541,0.7209760907074193,COMPLETE
1048,1048,0.7071727877742174,2021-02-25 06:17:33.542044,2021-02-25 06:21:00.914869,0 days 00:03:27.372825,0.0008304964777856027,20,0.9922102462170882,5.309974764694927,0.7076657628789746,,,COMPLETE
1049,1049,0.703721962040917,2021-02-25 06:21:00.915855,2021-02-25 06:21:13.956516,0 days 00:00:13.040661,1.3044066593979228e-05,90,0.9988355277209869,6.698627750820905,0.703721962040917,,,PRUNED
1050,1050,0.7024895242790239,2021-02-25 06:21:13.957097,2021-02-25 06:24:34.820550,0 days 00:03:20.863453,1.4326353551525251e-05,90,0.9988685497542449,6.057188687148719,0.7138279516884397,0.7140744392408184,0.7108701010598965,COMPLETE
1051,1051,0.7000246487552378,2021-02-25 06:24:34.821551,2021-02-25 06:24:47.547657,0 days 00:00:12.726106,1.4097829292952879e-05,90,0.9989670884718038,6.558960761241378,0.7000246487552378,,,PRUNED
1052,1052,0.6953413852600444,2021-02-25 06:24:47.548239,2021-02-25 06:25:00.291442,0 days 00:00:12.743203,1.5021697642233802e-05,90,0.9987979834583998,5.957251613021567,0.6953413852600444,,,PRUNED
1053,1053,0.7064333251170816,2021-02-25 06:25:00.292031,2021-02-25 06:25:29.743792,0 days 00:00:29.451761,1.1778532992961611e-05,100,0.9988636812306962,6.349532889052007,0.7113630761646537,0.7064333251170816,,PRUNED
1054,1054,0.7000246487552378,2021-02-25 06:25:29.744317,2021-02-25 06:25:58.899369,0 days 00:00:29.155052,0.0002734538585612106,50,0.9940151974436362,12.516431839113883,0.7000246487552378,,,PRUNED
1055,1055,0.7069263002218388,2021-02-25 06:25:58.899959,2021-02-25 06:27:17.642526,0 days 00:01:18.742567,0.0010852105189961042,20,0.9945479835996166,3.452642209103387,0.7069263002218388,,,PRUNED
1056,1056,0.7052008873551886,2021-02-25 06:27:17.643093,2021-02-25 06:27:46.923103,0 days 00:00:29.280010,0.0004014890511278965,50,0.9955901323697988,13.25628910165159,0.7052008873551886,,,PRUNED
1057,1057,0.7059403500123244,2021-02-25 06:27:46.923706,2021-02-25 06:28:16.164966,0 days 00:00:29.241260,0.0003299096230933925,50,0.9951216621239838,12.958422038254213,0.7059403500123244,,,PRUNED
1058,1058,0.7044614246980527,2021-02-25 06:28:16.165513,2021-02-25 06:28:28.968239,0 days 00:00:12.802726,1.2213200011900959e-05,90,0.9989400774030093,7.020912443104027,0.7044614246980527,,,PRUNED
1059,1059,0.7056938624599458,2021-02-25 06:28:28.968832,2021-02-25 06:28:41.666508,0 days 00:00:12.697676,1.3319302857853419e-05,90,0.9986390370585555,6.9313615615709265,0.7056938624599458,,,PRUNED
1060,1060,0.7042149371456742,2021-02-25 06:28:41.667098,2021-02-25 06:30:00.354245,0 days 00:01:18.687147,0.0006708666125085599,20,0.9961288807598789,6.125148093172284,0.7042149371456742,,,PRUNED
1061,1061,0.7069263002218388,2021-02-25 06:30:00.354827,2021-02-25 06:31:19.147073,0 days 00:01:18.792246,1.1502192833693833e-05,90,0.9989368558863039,6.261664826588645,0.7153068770027113,0.713088489031304,0.7069263002218388,PRUNED
1062,1062,0.7056938624599458,2021-02-25 06:31:19.147647,2021-02-25 06:32:37.810152,0 days 00:01:18.662505,1.5187544536806543e-05,90,0.9943269681651097,5.605038702695532,0.7086517130884891,0.7088982006408676,0.7056938624599458,PRUNED
1063,1063,0.7066798126694602,2021-02-25 06:32:37.810737,2021-02-25 06:33:07.080303,0 days 00:00:29.269566,0.0005363642945588914,50,0.995451350173864,11.913967814963142,0.7066798126694602,,,PRUNED
1064,1064,0.706186837564703,2021-02-25 06:33:07.080906,2021-02-25 06:33:36.473013,0 days 00:00:29.392107,0.0003098898311437357,50,0.9938416440054937,13.71489046708914,0.706186837564703,,,PRUNED
1065,1065,0.7056938624599458,2021-02-25 06:33:36.473577,2021-02-25 06:33:49.220764,0 days 00:00:12.747187,0.00010575760830643429,100,0.9986757165687218,6.424410028323932,0.7056938624599458,,,PRUNED
1066,1066,0.7069263002218388,2021-02-25 06:33:49.221368,2021-02-25 06:34:18.457882,0 days 00:00:29.236514,0.00034544092872912965,50,0.9940614705543624,12.496464100457118,0.7069263002218388,,,PRUNED
1067,1067,0.7027360118314026,2021-02-25 06:34:18.458469,2021-02-25 06:34:47.746668,0 days 00:00:29.288199,1.5823207887695743e-05,90,0.9949801601505243,6.321468269957957,0.7113630761646537,0.7027360118314026,,PRUNED
1068,1068,0.686221345822036,2021-02-25 06:34:47.747249,2021-02-25 06:38:08.572797,0 days 00:03:20.825548,1.1462324430003895e-05,90,0.998965529141076,5.351574669615587,0.7093911757456248,0.7118560512694109,0.7170322898693616,COMPLETE
1069,1069,0.7064333251170816,2021-02-25 06:38:08.573767,2021-02-25 06:38:37.810168,0 days 00:00:29.236401,0.0002861371180611394,20,0.9950160839047215,11.315839755170552,0.7064333251170816,,,PRUNED
1070,1070,0.7056938624599458,2021-02-25 06:38:37.810764,2021-02-25 06:39:56.416542,0 days 00:01:18.605778,0.00023191455262821397,60,0.9957033865718168,11.659679883806815,0.7086517130884891,0.7056938624599458,,PRUNED
1071,1071,0.7064333251170816,2021-02-25 06:39:56.417131,2021-02-25 06:43:17.223750,0 days 00:03:20.806619,0.00018815597559780606,50,0.9947506543811344,12.204494462851994,0.7113630761646537,0.7088982006408676,,COMPLETE
1072,1072,0.6869608084791718,2021-02-25 06:43:17.224725,2021-02-25 06:43:30.007394,0 days 00:00:12.782669,1.0821366289713889e-05,90,0.9988728209883669,5.062884599673304,0.6869608084791718,,,PRUNED
1073,1073,0.7024895242790239,2021-02-25 06:43:30.007945,2021-02-25 06:46:50.745686,0 days 00:03:20.737741,0.0005821179232924808,20,0.9957156576209896,4.477930478410222,0.7079122504313532,,,COMPLETE
1074,1074,0.7059403500123244,2021-02-25 06:46:50.746680,2021-02-25 06:48:09.563392,0 days 00:01:18.816712,0.0009088976347802193,20,0.9938613824830091,5.337282158046978,0.7059403500123244,,,PRUNED
1075,1075,0.707419275326596,2021-02-25 06:48:09.564004,2021-02-25 06:49:28.427725,0 days 00:01:18.863721,0.0005368046299796932,20,0.9922469953440723,5.661981771593359,0.707419275326596,,,PRUNED
1076,1076,0.7069263002218388,2021-02-25 06:49:28.428301,2021-02-25 06:49:41.256321,0 days 00:00:12.828020,8.869734247466905e-05,90,0.9989882963284273,5.794415640603969,0.7069263002218388,,,PRUNED
1077,1077,0.706186837564703,2021-02-25 06:49:41.256908,2021-02-25 06:51:00.103412,0 days 00:01:18.846504,0.0002218982504347742,50,0.994762311344151,11.94238911625158,0.7076657628789746,0.706186837564703,,PRUNED
1078,1078,0.6975597732314518,2021-02-25 06:51:00.104015,2021-02-25 06:51:12.970802,0 days 00:00:12.866787,1.3749039014326478e-05,90,0.9989991081937032,5.194019478252148,0.6975597732314518,,,PRUNED
