,number,value,datetime_start,datetime_complete,duration,params_lr,params_out_dim,params_scheduler_gamma,params_weight_decay,system_attrs_completed_rung_0,system_attrs_completed_rung_1,system_attrs_completed_rung_2,state
1398,1398,0.6973132856790732,2021-02-25 11:53:11.599837,2021-02-25 11:53:24.534704,0 days 00:00:12.934867,4.6326993910050484e-05,60,0.9973494071177906,8.433321698981006,0.6973132856790732,,,PRUNED
1399,1399,0.7064333251170816,2021-02-25 11:53:24.535396,2021-02-25 11:53:37.310385,0 days 00:00:12.774989,1.8430606563674052e-05,70,0.99472666625217,6.633351071481547,0.7064333251170816,,,PRUNED
1400,1400,0.7042149371456742,2021-02-25 11:53:37.311105,2021-02-25 11:53:50.064103,0 days 00:00:12.752998,8.500722892531198e-05,90,0.9988087235556703,7.219077864423961,0.7042149371456742,,,PRUNED
1401,1401,0.6884397337934435,2021-02-25 11:53:50.064833,2021-02-25 11:57:10.643538,0 days 00:03:20.578705,0.00020339243454130918,90,0.9948698453791197,6.957187909062705,0.7081587379837319,0.707419275326596,,COMPLETE
1402,1402,0.6985457234409662,2021-02-25 11:57:10.644626,2021-02-25 11:57:39.936949,0 days 00:00:29.292323,0.00010940369258852834,100,0.9951154166228653,7.39106739220952,0.7116095637170323,0.6985457234409662,,PRUNED
1403,1403,0.6918905595267439,2021-02-25 11:57:39.937618,2021-02-25 11:58:09.269389,0 days 00:00:29.331771,4.3208748649434516e-05,90,0.9932100665910848,11.474613514096346,0.6918905595267439,,,PRUNED
1404,1404,0.7039684495932955,2021-02-25 11:58:09.270040,2021-02-25 11:58:38.570836,0 days 00:00:29.300796,5.414350019947165e-05,70,0.9939509175220123,9.901017770759816,0.7039684495932955,,,PRUNED
1405,1405,0.700517623859995,2021-02-25 11:58:38.571563,2021-02-25 11:59:57.211872,0 days 00:01:18.640309,0.0003110805544180179,20,0.9961707209551546,3.728871988332099,0.700517623859995,,,PRUNED
1406,1406,0.7010105989647523,2021-02-25 11:59:57.212597,2021-02-25 12:00:09.908652,0 days 00:00:12.696055,2.312320162116722e-05,80,0.9945401841938785,4.728131842281119,0.7010105989647523,,,PRUNED
1407,1407,0.707419275326596,2021-02-25 12:00:09.909384,2021-02-25 12:03:30.572928,0 days 00:03:20.663544,0.0004174544401115399,20,0.9940324768706316,4.55164111350949,0.7121025388217895,,,COMPLETE
1408,1408,0.7029824993837811,2021-02-25 12:03:30.574040,2021-02-25 12:03:43.252269,0 days 00:00:12.678229,6.468910202029239e-05,50,0.9984912088279854,8.894192895495086,0.7029824993837811,,,PRUNED
1409,1409,0.7032289869361598,2021-02-25 12:03:43.253004,2021-02-25 12:03:55.948853,0 days 00:00:12.695849,8.06621680830974e-05,90,0.9949356288459421,7.673817131363676,0.7032289869361598,,,PRUNED
1410,1410,0.703721962040917,2021-02-25 12:03:55.949561,2021-02-25 12:04:25.369250,0 days 00:00:29.419689,0.00016555995267263738,60,0.9951455950702166,9.315909670869123,0.703721962040917,,,PRUNED
1411,1411,0.688686221345822,2021-02-25 12:04:25.369910,2021-02-25 12:05:43.998382,0 days 00:01:18.628472,5.3065193869459516e-05,90,0.9943629715907218,6.087845642706151,0.7093911757456248,0.7128420014789253,0.688686221345822,PRUNED
1412,1412,0.707419275326596,2021-02-25 12:05:43.999096,2021-02-25 12:06:13.269803,0 days 00:00:29.270707,1.0214305111432116e-05,70,0.9955663876038962,8.269050888571819,0.7108701010598965,0.707419275326596,,PRUNED
1413,1413,0.6946019226029085,2021-02-25 12:06:13.270531,2021-02-25 12:06:42.626541,0 days 00:00:29.356010,3.646809921301771e-05,70,0.9956578619879859,10.887546390735206,0.6946019226029085,,,PRUNED
1414,1414,0.695587872812423,2021-02-25 12:06:42.627250,2021-02-25 12:06:55.404542,0 days 00:00:12.777292,1.531413279370726e-05,100,0.9986193107486991,5.450909098461043,0.695587872812423,,,PRUNED
1415,1415,0.7052008873551886,2021-02-25 12:06:55.405282,2021-02-25 12:08:13.920292,0 days 00:01:18.515010,0.0004264739297444044,20,0.9940338812342518,4.575918964263052,0.7052008873551886,,,PRUNED
1416,1416,0.706186837564703,2021-02-25 12:08:13.921031,2021-02-25 12:08:26.902834,0 days 00:00:12.981803,1.0025001393884895e-05,90,0.9988481137166382,6.7701122664786935,0.706186837564703,,,PRUNED
1417,1417,0.7128420014789253,2021-02-25 12:08:26.903579,2021-02-25 12:11:47.721039,0 days 00:03:20.817460,0.00036957296811167934,20,0.99665087148284,5.210907847757419,0.7172787774217402,,,COMPLETE
1418,1418,0.7007641114123737,2021-02-25 12:11:47.722158,2021-02-25 12:12:00.497127,0 days 00:00:12.774969,3.3091232132970315e-05,80,0.9953925120956552,7.973534020357034,0.7007641114123737,,,PRUNED
1419,1419,0.703721962040917,2021-02-25 12:12:00.497804,2021-02-25 12:12:29.811805,0 days 00:00:29.314001,0.0002386479339804583,100,0.995363710966296,10.431569811667316,0.703721962040917,,,PRUNED
1420,1420,0.7052008873551886,2021-02-25 12:12:29.812519,2021-02-25 12:12:42.506644,0 days 00:00:12.694125,9.84811508220854e-05,90,0.9988328012010059,6.361761634605624,0.7052008873551886,,,PRUNED
1421,1421,0.6995316736504806,2021-02-25 12:12:42.507358,2021-02-25 12:14:01.131838,0 days 00:01:18.624480,7.042119289350174e-05,80,0.9947248277125683,11.646607126034915,0.7096376632980035,0.6995316736504806,,PRUNED
1422,1422,0.7032289869361598,2021-02-25 12:14:01.132553,2021-02-25 12:14:13.849168,0 days 00:00:12.716615,7.303846510411871e-05,70,0.9989988550647327,7.095611487487939,0.7032289869361598,,,PRUNED
1423,1423,0.7017500616218881,2021-02-25 12:14:13.849901,2021-02-25 12:14:26.618611,0 days 00:00:12.768710,1.1966295232035449e-05,90,0.9970850012522644,9.082291161970772,0.7017500616218881,,,PRUNED
1424,1424,0.6950948977076657,2021-02-25 12:14:26.619304,2021-02-25 12:17:47.441725,0 days 00:03:20.822421,2.0030052923920278e-05,100,0.99584750120182,11.589254152812432,0.7190041902883905,0.7157998521074685,0.7069263002218388,COMPLETE
1425,1425,0.7059403500123244,2021-02-25 12:17:47.442852,2021-02-25 12:18:16.693110,0 days 00:00:29.250258,0.0001299103987330994,60,0.9942402898660683,8.266559543122549,0.7059403500123244,,,PRUNED
1426,1426,0.7024895242790239,2021-02-25 12:18:16.693804,2021-02-25 12:18:29.588606,0 days 00:00:12.894802,2.3107568954954145e-05,100,0.9958049879733739,11.346347230960031,0.7024895242790239,,,PRUNED
1427,1427,0.7059403500123244,2021-02-25 12:18:29.589314,2021-02-25 12:18:58.836996,0 days 00:00:29.247682,1.908508772256743e-05,100,0.9961140563355546,11.171325490982525,0.7084052255361104,0.7059403500123244,,PRUNED
1428,1428,0.7049543998028099,2021-02-25 12:18:58.837718,2021-02-25 12:19:28.171440,0 days 00:00:29.333722,0.0030671010803887504,70,0.993796262026087,17.61664029800389,0.7049543998028099,,,PRUNED
1429,1429,0.7034754744885383,2021-02-25 12:19:28.172171,2021-02-25 12:19:40.924037,0 days 00:00:12.751866,2.0647401594676402e-05,100,0.9959435985831806,8.514458940765158,0.7034754744885383,,,PRUNED
1430,1430,0.713088489031304,2021-02-25 12:19:40.924755,2021-02-25 12:23:01.780669,0 days 00:03:20.855914,0.00028329786166530064,40,0.993460207056546,11.13453962158297,0.7096376632980035,0.7081587379837319,,COMPLETE
1431,1431,0.6975597732314518,2021-02-25 12:23:01.781783,2021-02-25 12:24:20.407037,0 days 00:01:18.625254,0.00035308089361810657,20,0.9970203062933414,4.193899549119847,0.6975597732314518,,,PRUNED
1432,1432,0.6987922109933449,2021-02-25 12:24:20.407786,2021-02-25 12:24:49.843959,0 days 00:00:29.436173,1.6948310132157495e-05,100,0.9957451717910609,10.9172086982204,0.7079122504313532,0.6987922109933449,,PRUNED
1433,1433,0.7069263002218388,2021-02-25 12:24:49.844627,2021-02-25 12:25:02.579673,0 days 00:00:12.735046,2.007161579227054e-05,100,0.9954640729629127,7.825785769904786,0.7069263002218388,,,PRUNED
1434,1434,0.7101306384027607,2021-02-25 12:25:02.580398,2021-02-25 12:28:23.461071,0 days 00:03:20.880673,0.00047688559503666255,50,0.9964958229169432,4.996544843482952,0.709884150850382,,,COMPLETE
1435,1435,0.7069263002218388,2021-02-25 12:28:23.462348,2021-02-25 12:29:42.287942,0 days 00:01:18.825594,0.0004847794488470076,50,0.9965674358917016,5.317994346368351,0.7069263002218388,,,PRUNED
1436,1436,0.7056938624599458,2021-02-25 12:29:42.288670,2021-02-25 12:30:11.605546,0 days 00:00:29.316876,0.00019384972312882725,40,0.9933938624185392,11.111235902255812,0.7056938624599458,,,PRUNED
1437,1437,0.7084052255361104,2021-02-25 12:30:11.606263,2021-02-25 12:30:40.918512,0 days 00:00:29.312249,2.690541733144122e-05,100,0.9957647072259943,7.581992305785365,0.7084052255361104,0.7084052255361104,,PRUNED
1438,1438,0.6911510968696081,2021-02-25 12:30:40.919213,2021-02-25 12:30:53.649537,0 days 00:00:12.730324,2.3039087937863623e-05,100,0.9960571845552234,12.440833267087992,0.6911510968696081,,,PRUNED
1439,1439,0.7071727877742174,2021-02-25 12:30:53.650258,2021-02-25 12:31:22.827130,0 days 00:00:29.176872,0.00027437420137066333,30,0.9949135056934055,10.191502112414577,0.7071727877742174,,,PRUNED
1440,1440,0.7044614246980527,2021-02-25 12:31:22.827855,2021-02-25 12:31:35.617673,0 days 00:00:12.789818,1.7154474579053965e-05,100,0.9962506918816848,12.03819899539203,0.7044614246980527,,,PRUNED
1441,1441,0.7047079122504314,2021-02-25 12:31:35.618415,2021-02-25 12:32:05.069519,0 days 00:00:29.451104,0.00023431313826256708,40,0.9932427425461221,9.708743904089234,0.7047079122504314,,,PRUNED
1442,1442,0.7019965491742667,2021-02-25 12:32:05.070240,2021-02-25 12:33:23.843787,0 days 00:01:18.773547,0.00040157062475004225,50,0.9958964854972276,4.9027054221229935,0.7019965491742667,,,PRUNED
1443,1443,0.7022430367266453,2021-02-25 12:33:23.844455,2021-02-25 12:33:53.067512,0 days 00:00:29.223057,2.780971644913503e-05,100,0.9955599265258142,11.442697660458018,0.7079122504313532,0.7022430367266453,,PRUNED
1444,1444,0.7106236135075179,2021-02-25 12:33:53.068188,2021-02-25 12:37:13.698230,0 days 00:03:20.630042,0.0005324242830308975,50,0.9967296285386955,4.564772381594972,0.7093911757456248,,,COMPLETE
1445,1445,0.6832634951934927,2021-02-25 12:37:13.699358,2021-02-25 12:38:32.239739,0 days 00:01:18.540381,2.1155801977683027e-05,100,0.9952540016739276,11.412961356180293,0.718018240078876,0.7328074932215923,0.6832634951934927,PRUNED
1446,1446,0.7056938624599458,2021-02-25 12:38:32.240423,2021-02-25 12:39:50.950356,0 days 00:01:18.709933,0.0005352507297828601,50,0.9967347373212959,6.213197452199236,0.7056938624599458,,,PRUNED
1447,1447,0.7015035740695095,2021-02-25 12:39:50.951070,2021-02-25 12:40:03.753226,0 days 00:00:12.802156,1.4458039019264678e-05,100,0.9954059138735585,12.02704626768817,0.7015035740695095,,,PRUNED
1448,1448,0.7010105989647523,2021-02-25 12:40:03.753919,2021-02-25 12:41:22.559550,0 days 00:01:18.805631,0.0006001241591580727,50,0.9963913135669965,5.030273505161689,0.7010105989647523,,,PRUNED
1449,1449,0.7059403500123244,2021-02-25 12:41:22.560278,2021-02-25 12:41:51.799045,0 days 00:00:29.238767,9.411858561472285e-05,40,0.99600708063296,10.535065495027316,0.7059403500123244,,,PRUNED
1450,1450,0.7064333251170816,2021-02-25 12:41:51.799775,2021-02-25 12:43:10.503124,0 days 00:01:18.703349,0.00050083012914927,50,0.9963270128946587,5.7361129023068615,0.7064333251170816,,,PRUNED
1451,1451,0.7044614246980527,2021-02-25 12:43:10.503789,2021-02-25 12:43:39.740290,0 days 00:00:29.236501,0.00017414970460769987,40,0.9983504330438974,10.684619233579534,0.7044614246980527,,,PRUNED
1452,1452,0.7069263002218388,2021-02-25 12:43:39.740977,2021-02-25 12:44:08.920053,0 days 00:00:29.179076,0.00014516935994692527,80,0.9930630602146658,11.129912376076161,0.7069263002218388,,,PRUNED
1453,1453,0.7052008873551886,2021-02-25 12:44:08.920811,2021-02-25 12:44:38.121769,0 days 00:00:29.200958,1.7107545735905984e-05,100,0.9963737200143928,11.746342695281706,0.7138279516884397,0.7052008873551886,,PRUNED
1454,1454,0.7017500616218881,2021-02-25 12:44:38.122507,2021-02-25 12:44:50.948661,0 days 00:00:12.826154,2.09215000537901e-05,90,0.995506116112927,11.714033684143176,0.7017500616218881,,,PRUNED
1455,1455,0.7029824993837811,2021-02-25 12:44:50.949401,2021-02-25 12:45:03.768870,0 days 00:00:12.819469,2.6363555600447467e-05,100,0.9959161871663463,12.56367570580851,0.7029824993837811,,,PRUNED
1456,1456,0.7000246487552378,2021-02-25 12:45:03.769580,2021-02-25 12:45:32.985537,0 days 00:00:29.215957,0.0001916356245496183,40,0.9945201205963142,11.317329082835128,0.7000246487552378,,,PRUNED
1457,1457,0.7064333251170816,2021-02-25 12:45:32.986267,2021-02-25 12:45:45.726483,0 days 00:00:12.740216,1.817645074370915e-05,90,0.9952504284582729,12.299114477659318,0.7064333251170816,,,PRUNED
1458,1458,0.703721962040917,2021-02-25 12:45:45.727213,2021-02-25 12:47:04.478370,0 days 00:01:18.751157,1.4545893180098854e-05,80,0.9950161741263865,8.210798229942784,0.7086517130884891,0.7148139018979541,0.703721962040917,PRUNED
1459,1459,0.6978062607838305,2021-02-25 12:47:04.479087,2021-02-25 12:48:23.104922,0 days 00:01:18.625835,0.00010804180656587163,40,0.9935405413701663,9.019360043015821,0.719250677840769,0.6978062607838305,,PRUNED
1460,1460,0.7066798126694602,2021-02-25 12:48:23.105643,2021-02-25 12:48:35.810005,0 days 00:00:12.704362,0.0010858982224033757,90,0.9951089454213006,6.842546825024218,0.7066798126694602,,,PRUNED
1461,1461,0.7069263002218388,2021-02-25 12:48:35.810759,2021-02-25 12:49:05.117236,0 days 00:00:29.306477,2.4537012337069672e-05,100,0.9964798786779636,11.142147741102997,0.7153068770027113,0.7069263002218388,,PRUNED
1462,1462,0.706186837564703,2021-02-25 12:49:05.117971,2021-02-25 12:50:23.843554,0 days 00:01:18.725583,0.00028307661077824227,40,0.9951064839880273,10.271620567388716,0.7101306384027607,0.706186837564703,,PRUNED
1463,1463,0.7088982006408676,2021-02-25 12:50:23.844262,2021-02-25 12:50:53.115627,0 days 00:00:29.271365,0.0002565285840474568,90,0.9956904631465889,11.942481327527286,0.7096376632980035,0.7088982006408676,,PRUNED
1464,1464,0.7069263002218388,2021-02-25 12:50:53.116356,2021-02-25 12:51:22.365926,0 days 00:00:29.249570,1.3068473153854072e-05,90,0.995640245256056,7.336450081707651,0.7153068770027113,0.7069263002218388,,PRUNED
1465,1465,0.7034754744885383,2021-02-25 12:51:22.366654,2021-02-25 12:54:43.184437,0 days 00:03:20.817783,0.00036578680598191706,50,0.9965974850924659,4.4853232290735345,0.709884150850382,,,COMPLETE
1466,1466,0.7010105989647523,2021-02-25 12:54:43.185557,2021-02-25 12:54:55.893362,0 days 00:00:12.707805,1.6348769733722494e-05,90,0.9948688072179949,8.929554282390772,0.7010105989647523,,,PRUNED
1467,1467,0.703721962040917,2021-02-25 12:54:55.894095,2021-02-25 12:56:14.671268,0 days 00:01:18.777173,0.0004712261552007411,50,0.996182485517049,5.055155195508783,0.703721962040917,,,PRUNED
1468,1468,0.7027360118314026,2021-02-25 12:56:14.671977,2021-02-25 12:56:43.920344,0 days 00:00:29.248367,0.0001442389540697435,30,0.992623818860487,10.975970421932134,0.7027360118314026,,,PRUNED
1469,1469,0.7064333251170816,2021-02-25 12:56:43.921073,2021-02-25 12:56:56.644268,0 days 00:00:12.723195,1.8847044631023697e-05,80,0.995142679723224,7.993264949631848,0.7064333251170816,,,PRUNED
1470,1470,0.7049543998028099,2021-02-25 12:56:56.645019,2021-02-25 12:58:15.402237,0 days 00:01:18.757218,0.0006375932277457204,50,0.9955379748501967,17.495705078063494,0.7049543998028099,,,PRUNED
1471,1471,0.706186837564703,2021-02-25 12:58:15.402972,2021-02-25 12:58:28.145887,0 days 00:00:12.742915,2.94916329490077e-05,100,0.9954214286383399,11.579761272740779,0.706186837564703,,,PRUNED
1472,1472,0.7024895242790239,2021-02-25 12:58:28.146663,2021-02-25 12:59:46.799627,0 days 00:01:18.652964,0.00033716688228256576,60,0.9968416428823439,3.111631013814331,0.7024895242790239,,,PRUNED
1473,1473,0.7015035740695095,2021-02-25 12:59:46.800369,2021-02-25 13:01:05.467583,0 days 00:01:18.667214,0.0005537673389599539,50,0.997037296099563,4.150602257592099,0.7015035740695095,,,PRUNED
1474,1474,0.7123490263741681,2021-02-25 13:01:05.468329,2021-02-25 13:04:26.247682,0 days 00:03:20.779353,1.336788580368131e-05,90,0.9969099901890407,8.612984163818204,0.7076657628789746,0.7106236135075179,0.7103771259551392,COMPLETE
1475,1475,0.7069263002218388,2021-02-25 13:04:26.248807,2021-02-25 13:04:55.472770,0 days 00:00:29.223963,1.1697755475975638e-05,90,0.9969324677136394,9.342291547065997,0.7106236135075179,0.7069263002218388,,PRUNED
1476,1476,0.7047079122504314,2021-02-25 13:04:55.473501,2021-02-25 13:06:14.050672,0 days 00:01:18.577171,0.00044927310987553384,50,0.9960201566342813,4.5449495468917185,0.7047079122504314,,,PRUNED
1477,1477,0.7047079122504314,2021-02-25 13:06:14.051446,2021-02-25 13:06:43.321626,0 days 00:00:29.270180,0.00022228059995974705,40,0.9946217158992816,9.70151216320285,0.7047079122504314,,,PRUNED
1478,1478,0.7059403500123244,2021-02-25 13:06:43.322305,2021-02-25 13:07:12.531392,0 days 00:00:29.209087,1.3752885246605254e-05,90,0.9967441223477734,8.809267439269261,0.7096376632980035,0.7059403500123244,,PRUNED
1479,1479,0.6985457234409662,2021-02-25 13:07:12.532153,2021-02-25 13:07:41.657538,0 days 00:00:29.125385,8.196815211310468e-05,50,0.9954657781388311,11.641727244485045,0.6985457234409662,,,PRUNED
1480,1480,0.7076657628789746,2021-02-25 13:07:41.658273,2021-02-25 13:08:10.890865,0 days 00:00:29.232592,1.5918954699577632e-05,70,0.9952970547895782,8.739474162333169,0.7133349765836825,0.7076657628789746,,PRUNED
1481,1481,0.7012570865171309,2021-02-25 13:08:10.891615,2021-02-25 13:08:23.782684,0 days 00:00:12.891069,1.2890865463289397e-05,100,0.9970052744080448,8.539668406186276,0.7012570865171309,,,PRUNED
1482,1482,0.7059403500123244,2021-02-25 13:08:23.783407,2021-02-25 13:08:36.525446,0 days 00:00:12.742039,1.1313871717514956e-05,80,0.9968289868492224,9.344260407474225,0.7059403500123244,,,PRUNED
1483,1483,0.7044614246980527,2021-02-25 13:08:36.526185,2021-02-25 13:09:05.713282,0 days 00:00:29.187097,1.4824219043449754e-05,90,0.9971377600409096,10.796366408173753,0.7096376632980035,0.7044614246980527,,PRUNED
1484,1484,0.7047079122504314,2021-02-25 13:09:05.713991,2021-02-25 13:09:34.930237,0 days 00:00:29.216246,0.00016970584886583993,80,0.9948687537255436,18.29080441718463,0.7047079122504314,,,PRUNED
1485,1485,0.707419275326596,2021-02-25 13:09:34.931006,2021-02-25 13:10:53.682164,0 days 00:01:18.751158,0.0006899972580436022,40,0.9972945571509656,5.359596878565736,0.707419275326596,,,PRUNED
1486,1486,0.7015035740695095,2021-02-25 13:10:53.682900,2021-02-25 13:11:06.536203,0 days 00:00:12.853303,1.249576511876223e-05,90,0.9968065098911902,9.031298126632201,0.7015035740695095,,,PRUNED
1487,1487,0.7052008873551886,2021-02-25 13:11:06.536949,2021-02-25 13:11:35.677239,0 days 00:00:29.140290,1.938540580727001e-05,100,0.997197915733484,8.335034357906315,0.7108701010598965,0.7052008873551886,,PRUNED
1488,1488,0.6992851860981021,2021-02-25 13:11:35.677980,2021-02-25 13:14:56.667394,0 days 00:03:20.989414,0.00012159400485603313,80,0.9957500083143389,10.645993830100933,0.7079122504313532,0.709884150850382,,COMPLETE
1489,1489,0.7034754744885383,2021-02-25 13:14:56.668533,2021-02-25 13:16:15.569522,0 days 00:01:18.900989,0.00028265320857849443,50,0.9952389083211785,3.6003284530256243,0.7034754744885383,,,PRUNED
1490,1490,0.7042149371456742,2021-02-25 13:16:15.570271,2021-02-25 13:16:28.369677,0 days 00:00:12.799406,1.731181116895128e-05,80,0.9964887383869526,6.141004071465651,0.7042149371456742,,,PRUNED
1491,1491,0.7015035740695095,2021-02-25 13:16:28.370414,2021-02-25 13:16:57.827717,0 days 00:00:29.457303,5.7162698453130286e-05,50,0.9944069134147362,11.388487614566431,0.7015035740695095,,,PRUNED
1492,1492,0.7064333251170816,2021-02-25 13:16:57.828434,2021-02-25 13:17:26.999555,0 days 00:00:29.171121,0.00024901711148413624,60,0.9953183177484798,7.668199820029625,0.7064333251170816,,,PRUNED
1493,1493,0.7042149371456742,2021-02-25 13:17:27.000326,2021-02-25 13:18:45.727342,0 days 00:01:18.727016,0.000405952832992265,60,0.9957902602595877,11.26865867294352,0.7042149371456742,,,PRUNED
1494,1494,0.7024895242790239,2021-02-25 13:18:45.728080,2021-02-25 13:18:58.505557,0 days 00:00:12.777477,1.455744662499341e-05,90,0.997041914519165,5.637073481054919,0.7024895242790239,,,PRUNED
1495,1495,0.7052008873551886,2021-02-25 13:18:58.506298,2021-02-25 13:19:11.359230,0 days 00:00:12.852932,2.3003743880553692e-05,70,0.9965572676748928,10.844872399397406,0.7052008873551886,,,PRUNED
1496,1496,0.7056938624599458,2021-02-25 13:19:11.359980,2021-02-25 13:19:24.107054,0 days 00:00:12.747074,1.1380047179896618e-05,90,0.9969254597476928,8.493479688944232,0.7056938624599458,,,PRUNED
1497,1497,0.7054473749075671,2021-02-25 13:19:24.107803,2021-02-25 13:19:53.436775,0 days 00:00:29.328972,1.002559475655094e-05,100,0.9961441138848312,9.128427294988821,0.7071727877742174,0.7054473749075671,,PRUNED
1498,1498,0.7042149371456742,2021-02-25 13:19:53.437507,2021-02-25 13:20:06.185625,0 days 00:00:12.748118,1.5757634362660374e-05,90,0.9946308039851436,6.495053018026968,0.7042149371456742,,,PRUNED
1499,1499,0.7024895242790239,2021-02-25 13:20:06.186357,2021-02-25 13:20:18.897406,0 days 00:00:12.711049,1.3591873647374209e-05,70,0.9948884894892119,8.134003982557594,0.7024895242790239,,,PRUNED
1500,1500,0.7054473749075671,2021-02-25 13:20:18.898138,2021-02-25 13:21:37.550287,0 days 00:01:18.652149,0.0005068737686672809,50,0.9964692095126764,4.023392103764892,0.7054473749075671,,,PRUNED
1501,1501,0.6881932462410648,2021-02-25 13:21:37.551027,2021-02-25 13:21:50.324915,0 days 00:00:12.773888,2.119230393251205e-05,50,0.9951825707760459,5.992960728195094,0.6881932462410648,,,PRUNED
1502,1502,0.7007641114123737,2021-02-25 13:21:50.325690,2021-02-25 13:22:19.553130,0 days 00:00:29.227440,1.0150809486804567e-05,90,0.9967374004877437,8.435828226849994,0.7143209267931969,0.7007641114123737,,PRUNED
1503,1503,0.7034754744885383,2021-02-25 13:22:19.553896,2021-02-25 13:22:32.234667,0 days 00:00:12.680771,1.8044520596482652e-05,100,0.9949648727668575,13.157135605936933,0.7034754744885383,,,PRUNED
1504,1504,0.706186837564703,2021-02-25 13:22:32.235411,2021-02-25 13:23:50.989793,0 days 00:01:18.754382,0.0005460800575246656,70,0.9955964959760011,0.2902786688928176,0.7123490263741681,0.7145674143455756,0.706186837564703,PRUNED
