,number,value,datetime_start,datetime_complete,duration,params_lr,params_out_dim,params_scheduler_gamma,params_weight_decay,system_attrs_completed_rung_0,system_attrs_completed_rung_1,system_attrs_completed_rung_2,state
539,539,0.6938624599457728,2021-02-24 22:37:02.214922,2021-02-24 22:40:25.094696,0 days 00:03:22.879774,2.1399478591812488e-05,50,0.9935740464736365,5.639441904511194,0.7281242297263988,,,COMPLETE
540,540,0.7064333251170816,2021-02-24 22:40:25.095481,2021-02-24 22:40:54.885036,0 days 00:00:29.789555,0.00014730895849350415,70,0.9900489979463079,7.057424963086653,0.7064333251170816,,,PRUNED
541,541,0.7007641114123737,2021-02-24 22:40:54.885401,2021-02-24 22:41:07.744912,0 days 00:00:12.859511,4.928995718283648e-05,90,0.9978965999283095,8.706449049887146,0.7007641114123737,,,PRUNED
542,542,0.7054473749075671,2021-02-24 22:41:07.745318,2021-02-24 22:41:37.272775,0 days 00:00:29.527457,0.0005302950875842096,50,0.9934694113840545,13.404809880312078,0.7054473749075671,,,PRUNED
543,543,0.7010105989647523,2021-02-24 22:41:37.273159,2021-02-24 22:42:06.892773,0 days 00:00:29.619614,4.3120702489875136e-05,60,0.9962352931562384,16.06302272860965,0.7010105989647523,,,PRUNED
544,544,0.7076657628789746,2021-02-24 22:42:06.893177,2021-02-24 22:45:30.197563,0 days 00:03:23.304386,0.0001694382341868426,70,0.9956711359862604,11.445144460390754,0.7084052255361104,0.7096376632980035,,COMPLETE
545,545,0.7056938624599458,2021-02-24 22:45:30.198340,2021-02-24 22:46:49.903107,0 days 00:01:19.704767,1.6012434795623776e-05,60,0.9901740853224933,3.5976216590939623,0.7056938624599458,,,PRUNED
546,546,0.695587872812423,2021-02-24 22:46:49.903493,2021-02-24 22:47:19.526322,0 days 00:00:29.622829,3.5413020334474726e-05,90,0.9956562260818353,12.565110434576985,0.7116095637170323,0.695587872812423,,PRUNED
547,547,0.7054473749075671,2021-02-24 22:47:19.526706,2021-02-24 22:48:39.051476,0 days 00:01:19.524770,0.0001583661192143782,70,0.995635952241833,11.194636296921901,0.7084052255361104,0.7054473749075671,,PRUNED
548,548,0.7042149371456742,2021-02-24 22:48:39.051866,2021-02-24 22:49:59.003906,0 days 00:01:19.952040,3.0800121785994616e-05,60,0.9937996712760352,13.577152153305459,0.7042149371456742,,,PRUNED
549,549,0.7064333251170816,2021-02-24 22:49:59.004253,2021-02-24 22:51:18.631624,0 days 00:01:19.627371,0.00012445330755132326,70,0.9957385158715828,9.79734000209543,0.709884150850382,0.7064333251170816,,PRUNED
550,550,0.7047079122504314,2021-02-24 22:51:18.632007,2021-02-24 22:52:38.282049,0 days 00:01:19.650042,0.0001908774927155409,70,0.9951370687130271,11.539259150236186,0.7111165886122751,0.7047079122504314,,PRUNED
551,551,0.707419275326596,2021-02-24 22:52:38.282437,2021-02-24 22:56:01.766700,0 days 00:03:23.484263,0.00023452604219527528,80,0.9954210988006941,17.31187877145969,0.7079122504313532,0.7081587379837319,,COMPLETE
552,552,0.688686221345822,2021-02-24 22:56:01.767496,2021-02-24 22:59:24.886834,0 days 00:03:23.119338,4.100575788437437e-05,70,0.9935371088919425,9.298876928502317,0.7172787774217402,,,COMPLETE
553,553,0.7066798126694602,2021-02-24 22:59:24.887613,2021-02-24 23:00:44.689514,0 days 00:01:19.801901,2.4788919591158647e-05,60,0.9945938809471775,1.19473213922929,0.7066798126694602,,,PRUNED
554,554,0.7059403500123244,2021-02-24 23:00:44.689859,2021-02-24 23:00:57.552909,0 days 00:00:12.863050,0.0009955346600484063,90,0.9960811643037442,7.72565366498087,0.7059403500123244,,,PRUNED
555,555,0.6906581217648509,2021-02-24 23:00:57.553271,2021-02-24 23:02:17.196514,0 days 00:01:19.643243,5.573511849884562e-05,50,0.994802921792448,0.0010663905701845389,0.6906581217648509,,,PRUNED
556,556,0.7093911757456248,2021-02-24 23:02:17.196910,2021-02-24 23:05:40.615559,0 days 00:03:23.418649,0.0005188888193874391,30,0.9942722604814892,2.308531719832562,0.7123490263741681,,,COMPLETE
557,557,0.707419275326596,2021-02-24 23:05:40.616357,2021-02-24 23:07:00.335798,0 days 00:01:19.719441,0.0018509358603269045,30,0.9942229421970086,2.2901500900162923,0.707419275326596,,,PRUNED
558,558,0.7049543998028099,2021-02-24 23:07:00.336194,2021-02-24 23:07:13.136909,0 days 00:00:12.800715,0.01205284371466629,80,0.9953433244552662,11.408244948801027,0.7049543998028099,,,PRUNED
559,559,0.706186837564703,2021-02-24 23:07:13.137299,2021-02-24 23:08:32.728504,0 days 00:01:19.591205,2.115447810705862e-05,90,0.9988678437609964,5.860594108634447,0.7145674143455756,0.7190041902883905,0.706186837564703,PRUNED
560,560,0.7054473749075671,2021-02-24 23:08:32.728889,2021-02-24 23:08:45.735807,0 days 00:00:13.006918,2.2341034873633337e-05,90,0.9988316180281905,8.11569313765579,0.7054473749075671,,,PRUNED
561,561,0.706186837564703,2021-02-24 23:08:45.736203,2021-02-24 23:09:15.225624,0 days 00:00:29.489421,7.424236762664297e-05,90,0.9986673222004038,9.03521465213648,0.7093911757456248,0.706186837564703,,PRUNED
562,562,0.6992851860981021,2021-02-24 23:09:15.226012,2021-02-24 23:09:28.052939,0 days 00:00:12.826927,0.00010423869213391676,90,0.9988322263708286,8.450551013831396,0.6992851860981021,,,PRUNED
563,563,0.6936159723933941,2021-02-24 23:09:28.053334,2021-02-24 23:10:47.865758,0 days 00:01:19.812424,1.3098131207766701e-05,30,0.9921348199114763,1.9693544079745697,0.6936159723933941,,,PRUNED
564,564,0.7022430367266453,2021-02-24 23:10:47.866146,2021-02-24 23:11:17.435692,0 days 00:00:29.569546,0.0002121156792693012,40,0.9959296146255858,17.009858896382458,0.7022430367266453,,,PRUNED
565,565,0.7049543998028099,2021-02-24 23:11:17.436085,2021-02-24 23:12:37.109172,0 days 00:01:19.673087,0.00017690397081069505,90,0.9953734950129299,17.403210783564717,0.7084052255361104,0.7049543998028099,,PRUNED
566,566,0.7054473749075671,2021-02-24 23:12:37.109564,2021-02-24 23:13:06.832247,0 days 00:00:29.722683,0.00032278829310208537,80,0.9954179655500961,10.868723848893984,0.7054473749075671,,,PRUNED
567,567,0.7079122504313532,2021-02-24 23:13:06.832626,2021-02-24 23:16:30.243168,0 days 00:03:23.410542,0.00030396011498343573,20,0.9953615465813882,4.149394331847119,0.7145674143455756,,,COMPLETE
568,568,0.703721962040917,2021-02-24 23:16:30.243942,2021-02-24 23:16:59.896930,0 days 00:00:29.652988,0.00026918717585398106,80,0.9956184045982188,18.050432789832158,0.703721962040917,,,PRUNED
569,569,0.7027360118314026,2021-02-24 23:16:59.897327,2021-02-24 23:17:12.736902,0 days 00:00:12.839575,3.311094116168575e-05,90,0.9977261977285229,7.189432489181264,0.7027360118314026,,,PRUNED
570,570,0.7069263002218388,2021-02-24 23:17:12.737296,2021-02-24 23:20:36.201054,0 days 00:03:23.463758,0.0002521724706749646,30,0.9949982204337876,11.985926031479464,0.7086517130884891,0.7088982006408676,,COMPLETE
571,571,0.7027360118314026,2021-02-24 23:20:36.201844,2021-02-24 23:20:49.149449,0 days 00:00:12.947605,2.4591573554229913e-05,90,0.9927371544320296,9.747612669633552,0.7027360118314026,,,PRUNED
572,572,0.707419275326596,2021-02-24 23:20:49.149850,2021-02-24 23:21:02.110531,0 days 00:00:12.960681,0.0005711280424897533,80,0.9989279097744377,13.418481267061086,0.707419275326596,,,PRUNED
573,573,0.713088489031304,2021-02-24 23:21:02.110910,2021-02-24 23:24:25.198620,0 days 00:03:23.087710,0.0003718129422197269,20,0.9958004757250828,4.1773689207845885,0.7150603894503328,,,COMPLETE
574,574,0.707419275326596,2021-02-24 23:24:25.199440,2021-02-24 23:24:54.809898,0 days 00:00:29.610458,2.9707544818221765e-05,90,0.9973381551178983,5.960669939102698,0.7135814641360612,0.707419275326596,,PRUNED
575,575,0.7042149371456742,2021-02-24 23:24:54.810288,2021-02-24 23:26:14.325131,0 days 00:01:19.514843,0.00022506087733240265,30,0.9958522618278179,12.053925468982449,0.7093911757456248,0.7042149371456742,,PRUNED
576,576,0.7039684495932955,2021-02-24 23:26:14.325535,2021-02-24 23:26:43.927237,0 days 00:00:29.601702,0.00024496397631134156,20,0.9949783795058599,12.9589325323619,0.7039684495932955,,,PRUNED
577,577,0.7042149371456742,2021-02-24 23:26:43.927632,2021-02-24 23:27:13.600036,0 days 00:00:29.672404,0.000437262004572226,30,0.9955095188642813,12.520677582455454,0.7042149371456742,,,PRUNED
578,578,0.6751294059649988,2021-02-24 23:27:13.600453,2021-02-24 23:30:36.735536,0 days 00:03:23.135083,0.000356427143826514,20,0.9953134428695276,3.980967119243879,0.7111165886122751,,,COMPLETE
579,579,0.7071727877742174,2021-02-24 23:30:36.736321,2021-02-24 23:34:00.046646,0 days 00:03:23.310325,0.00017510333024736423,20,0.9952271130742466,10.578738920403541,0.7145674143455756,0.7086517130884891,,COMPLETE
580,580,0.6997781612028593,2021-02-24 23:34:00.047442,2021-02-24 23:34:12.931176,0 days 00:00:12.883734,2.0568105859090208e-05,80,0.9963681153260832,6.706376366749087,0.6997781612028593,,,PRUNED
581,581,0.7047079122504314,2021-02-24 23:34:12.931577,2021-02-24 23:34:25.827714,0 days 00:00:12.896137,2.5827460452888863e-05,70,0.9986630605341853,7.982494675522174,0.7047079122504314,,,PRUNED
582,582,0.7029824993837811,2021-02-24 23:34:25.828125,2021-02-24 23:37:49.204390,0 days 00:03:23.376265,0.00018080825953049426,20,0.995114414044285,10.575395299659997,0.7084052255361104,0.707419275326596,,COMPLETE
583,583,0.7042149371456742,2021-02-24 23:37:49.205187,2021-02-24 23:38:18.864592,0 days 00:00:29.659405,8.72676328056934e-05,90,0.99836848048654,8.561862609942237,0.7088982006408676,0.7042149371456742,,PRUNED
584,584,0.7049543998028099,2021-02-24 23:38:18.864964,2021-02-24 23:39:38.623921,0 days 00:01:19.758957,0.00016434964538897666,20,0.9951583671760222,10.964631857654014,0.7111165886122751,0.7049543998028099,,PRUNED
585,585,0.6975597732314518,2021-02-24 23:39:38.624321,2021-02-24 23:40:58.171643,0 days 00:01:19.547322,0.00019273142495274497,20,0.9947695658984166,10.392239639218202,0.7081587379837319,0.6975597732314518,,PRUNED
586,586,0.7032289869361598,2021-02-24 23:40:58.172038,2021-02-24 23:41:27.883304,0 days 00:00:29.711266,0.000246910882753917,10,0.9953424276998852,11.58123337619967,0.7032289869361598,,,PRUNED
587,587,0.7101306384027607,2021-02-24 23:41:27.883685,2021-02-24 23:44:51.163519,0 days 00:03:23.279834,0.0001988641165200997,20,0.9958717236109209,4.336343930829035,0.7118560512694109,,,COMPLETE
588,588,0.7049543998028099,2021-02-24 23:44:51.164300,2021-02-24 23:45:20.588910,0 days 00:00:29.424610,0.00014011006683090142,20,0.9949359893680065,10.650994423649301,0.7049543998028099,,,PRUNED
589,589,0.7034754744885383,2021-02-24 23:45:20.589311,2021-02-24 23:46:40.256478,0 days 00:01:19.667167,0.0001941431303397742,10,0.9957773240195049,5.405733029440219,0.7034754744885383,,,PRUNED
590,590,0.7076657628789746,2021-02-24 23:46:40.256861,2021-02-24 23:48:00.284206,0 days 00:01:20.027345,0.00032792514659858035,20,0.9962632272176808,3.1805228291355436,0.7076657628789746,,,PRUNED
591,591,0.7052008873551886,2021-02-24 23:48:00.284608,2021-02-24 23:48:13.181395,0 days 00:00:12.896787,0.00020127957960870262,90,0.9981163615415407,7.4392482782530855,0.7052008873551886,,,PRUNED
592,592,0.7047079122504314,2021-02-24 23:48:13.181817,2021-02-24 23:48:26.074373,0 days 00:00:12.892556,6.645868261701155e-05,80,0.9966021443113985,10.917814255288837,0.7047079122504314,,,PRUNED
593,593,0.7034754744885383,2021-02-24 23:48:26.074788,2021-02-24 23:49:45.663200,0 days 00:01:19.588412,0.00043222804122621975,20,0.9956190547631273,2.771181040264374,0.7034754744885383,,,PRUNED
594,594,0.706186837564703,2021-02-24 23:49:45.663585,2021-02-24 23:49:58.701428,0 days 00:00:13.037843,3.735467917217085e-05,90,0.9989626505045408,6.546138730871302,0.706186837564703,,,PRUNED
595,595,0.703721962040917,2021-02-24 23:49:58.701833,2021-02-24 23:50:11.564302,0 days 00:00:12.862469,2.0400378377692234e-05,80,0.9985639050768964,9.216090243652701,0.703721962040917,,,PRUNED
596,596,0.7054473749075671,2021-02-24 23:50:11.564706,2021-02-24 23:50:24.430792,0 days 00:00:12.866086,0.0017951690210052014,90,0.9968676035251077,8.221958303271625,0.7054473749075671,,,PRUNED
597,597,0.7069263002218388,2021-02-24 23:50:24.431204,2021-02-24 23:51:44.123510,0 days 00:01:19.692306,0.0005433797661826992,20,0.9967992273732765,4.440911403992354,0.7069263002218388,,,PRUNED
598,598,0.7017500616218881,2021-02-24 23:51:44.123922,2021-02-24 23:51:57.085370,0 days 00:00:12.961448,4.458653010773507e-05,80,0.9947166888276306,3.4836329154184034,0.7017500616218881,,,PRUNED
599,599,0.6985457234409662,2021-02-24 23:51:57.085759,2021-02-24 23:52:09.963313,0 days 00:00:12.877554,2.849161803430581e-05,70,0.9989946158461279,0.5367312359775382,0.6985457234409662,,,PRUNED
600,600,0.6901651466600937,2021-02-24 23:52:09.963717,2021-02-24 23:52:39.531761,0 days 00:00:29.568044,6.0113593470661705e-05,90,0.9971062057335842,5.583357246664185,0.7123490263741681,0.6901651466600937,,PRUNED
601,601,0.7017500616218881,2021-02-24 23:52:39.532159,2021-02-24 23:53:59.320319,0 days 00:01:19.788160,2.3478279013541032e-05,90,0.9982294563921451,7.724914784241176,0.7108701010598965,0.7091446881932463,0.7017500616218881,PRUNED
602,602,0.7027360118314026,2021-02-24 23:53:59.320743,2021-02-24 23:54:29.006216,0 days 00:00:29.685473,0.00029748397956150604,20,0.9960250679894556,12.003030587952052,0.7027360118314026,,,PRUNED
603,603,0.7054473749075671,2021-02-24 23:54:29.006615,2021-02-24 23:54:41.932770,0 days 00:00:12.926155,2.536739195545365e-05,90,0.9980090965779634,7.979743368855357,0.7054473749075671,,,PRUNED
604,604,0.7071727877742174,2021-02-24 23:54:41.933179,2021-02-24 23:54:54.716850,0 days 00:00:12.783671,1.8276901940151024e-05,90,0.9982564173851011,10.224601085799938,0.7071727877742174,,,PRUNED
605,605,0.706186837564703,2021-02-24 23:54:54.717255,2021-02-24 23:55:07.559588,0 days 00:00:12.842333,2.2288614892629602e-05,90,0.9984611782913024,7.095417915836067,0.706186837564703,,,PRUNED
606,606,0.7059403500123244,2021-02-24 23:55:07.559986,2021-02-24 23:55:37.038547,0 days 00:00:29.478561,0.00020272976882837967,20,0.9950932863753816,10.299141857655451,0.7059403500123244,,,PRUNED
607,607,0.6948484101552872,2021-02-24 23:55:37.038955,2021-02-24 23:56:06.460604,0 days 00:00:29.421649,0.00013044334387168826,20,0.9952761813492345,11.292466360334698,0.6948484101552872,,,PRUNED
608,608,0.7066798126694602,2021-02-24 23:56:06.461031,2021-02-24 23:56:36.096323,0 days 00:00:29.635292,0.00017412019182223655,30,0.9946803676569302,9.907047788879021,0.7066798126694602,,,PRUNED
609,609,0.7019965491742667,2021-02-24 23:56:36.096734,2021-02-24 23:57:55.687515,0 days 00:01:19.590781,0.00029155261107876267,10,0.9949155888134846,4.766815844191574,0.7019965491742667,,,PRUNED
610,610,0.7064333251170816,2021-02-24 23:57:55.687949,2021-02-24 23:58:08.774454,0 days 00:00:13.086505,3.207322875744277e-05,90,0.9986731425209253,6.146770273702603,0.7064333251170816,,,PRUNED
611,611,0.7052008873551886,2021-02-24 23:58:08.774861,2021-02-24 23:58:21.633036,0 days 00:00:12.858175,4.088980472819332e-05,90,0.9981678894871469,8.988719078381711,0.7052008873551886,,,PRUNED
612,612,0.7039684495932955,2021-02-24 23:58:21.633462,2021-02-24 23:59:41.422795,0 days 00:01:19.789333,0.00015330912840394337,20,0.9955847376431284,10.941593358300409,0.713088489031304,0.7039684495932955,,PRUNED
613,613,0.706186837564703,2021-02-24 23:59:41.423210,2021-02-25 00:01:01.169332,0 days 00:01:19.746122,0.0007122439237784405,20,0.9980689910837426,5.181040813028558,0.706186837564703,,,PRUNED
614,614,0.7064333251170816,2021-02-25 00:01:01.169746,2021-02-25 00:01:14.022509,0 days 00:00:12.852763,0.00011333630378000885,80,0.9979065827843348,7.6676524626537965,0.7064333251170816,,,PRUNED
615,615,0.707419275326596,2021-02-25 00:01:14.022964,2021-02-25 00:01:43.610270,0 days 00:00:29.587306,0.00010975867265409428,50,0.9950170986799439,10.496779319060566,0.707419275326596,,,PRUNED
616,616,0.6950948977076657,2021-02-25 00:01:43.610686,2021-02-25 00:01:56.478201,0 days 00:00:12.867515,2.4040517398599635e-05,90,0.9983959521391816,16.636701720790434,0.6950948977076657,,,PRUNED
617,617,0.7079122504313532,2021-02-25 00:01:56.478640,2021-02-25 00:05:19.983185,0 days 00:03:23.504545,0.0002152901205608203,20,0.9960242064045194,4.199346693113767,0.7276312546216416,,,COMPLETE
618,618,0.7059403500123244,2021-02-25 00:05:19.983975,2021-02-25 00:05:32.851376,0 days 00:00:12.867401,1.8198122003212364e-05,100,0.9988075548884702,7.27381245341622,0.7059403500123244,,,PRUNED
619,619,0.700517623859995,2021-02-25 00:05:32.851781,2021-02-25 00:06:02.497712,0 days 00:00:29.645931,2.69442020985302e-05,90,0.9909743774589481,3.060202374680162,0.7079122504313532,0.700517623859995,,PRUNED
620,620,0.7042149371456742,2021-02-25 00:06:02.498142,2021-02-25 00:09:25.892594,0 days 00:03:23.394452,0.00039138551661999294,90,0.9937492271283125,11.88151957772003,0.7111165886122751,0.7071727877742174,,COMPLETE
621,621,0.7039684495932955,2021-02-25 00:09:25.893418,2021-02-25 00:09:55.431104,0 days 00:00:29.537686,0.000363327623115615,80,0.9936680499639573,11.780374587452568,0.7039684495932955,,,PRUNED
622,622,0.7064333251170816,2021-02-25 00:09:55.431540,2021-02-25 00:10:08.241603,0 days 00:00:12.810063,7.794014435528836e-05,80,0.9975737750009624,8.3607561438439,0.7064333251170816,,,PRUNED
623,623,0.703721962040917,2021-02-25 00:10:08.242042,2021-02-25 00:10:37.716033,0 days 00:00:29.473991,0.0004016781477668769,90,0.9939092836425927,12.32712988494792,0.703721962040917,,,PRUNED
624,624,0.7049543998028099,2021-02-25 00:10:37.716441,2021-02-25 00:10:50.559533,0 days 00:00:12.843092,0.00028851897055498006,60,0.9983002643226337,8.763282247137992,0.7049543998028099,,,PRUNED
625,625,0.6997781612028593,2021-02-25 00:10:50.559967,2021-02-25 00:12:10.242050,0 days 00:01:19.682083,0.0002116954831960906,20,0.9954639750618927,4.251698487232082,0.6997781612028593,,,PRUNED
626,626,0.7064333251170816,2021-02-25 00:12:10.242439,2021-02-25 00:12:23.097746,0 days 00:00:12.855307,2.1134783962346088e-05,90,0.9985397126538698,1.0714934868423949,0.7064333251170816,,,PRUNED
627,627,0.7042149371456742,2021-02-25 00:12:23.098141,2021-02-25 00:13:42.925838,0 days 00:01:19.827697,0.0002495048159978572,10,0.9962187028388669,6.783443266665902,0.7042149371456742,,,PRUNED
628,628,0.7049543998028099,2021-02-25 00:13:42.926255,2021-02-25 00:13:55.827879,0 days 00:00:12.901624,3.087086873309307e-05,90,0.9945025014981773,9.566214607178617,0.7049543998028099,,,PRUNED
629,629,0.7027360118314026,2021-02-25 00:13:55.828310,2021-02-25 00:14:25.533400,0 days 00:00:29.705090,0.0002679775762572214,90,0.9933773292883037,12.65178896976178,0.7027360118314026,,,PRUNED
630,630,0.6948484101552872,2021-02-25 00:14:25.533818,2021-02-25 00:14:38.355501,0 days 00:00:12.821683,9.205965368427534e-05,80,0.9966968038338433,7.742170946158501,0.6948484101552872,,,PRUNED
631,631,0.7064333251170816,2021-02-25 00:14:38.355921,2021-02-25 00:15:07.881165,0 days 00:00:29.525244,0.00021460226187359712,100,0.9943308808804168,11.252315363414372,0.7064333251170816,,,PRUNED
632,632,0.6635444910032043,2021-02-25 00:15:07.881600,2021-02-25 00:18:31.391817,0 days 00:03:23.510217,5.269034380286182e-05,90,0.9980621781114419,1.767436864667945,0.7084052255361104,0.7138279516884397,0.7190041902883905,COMPLETE
633,633,0.6928765097362584,2021-02-25 00:18:31.392639,2021-02-25 00:19:51.000728,0 days 00:01:19.608089,0.00014821638911349414,20,0.996051989747004,3.7615004148362767,0.6928765097362584,,,PRUNED
634,634,0.7052008873551886,2021-02-25 00:19:51.001161,2021-02-25 00:20:03.888562,0 days 00:00:12.887401,4.640978911348657e-05,90,0.9960552334950193,1.797812218244291,0.7052008873551886,,,PRUNED
635,635,0.7047079122504314,2021-02-25 00:20:03.888998,2021-02-25 00:20:33.734869,0 days 00:00:29.845871,0.0005023419986005021,50,0.9938330456204085,11.598961082194021,0.7047079122504314,,,PRUNED
636,636,0.7044614246980527,2021-02-25 00:20:33.735292,2021-02-25 00:20:46.632866,0 days 00:00:12.897574,5.041822497578451e-05,90,0.9980509334435791,1.5951807500193635,0.7044614246980527,,,PRUNED
637,637,0.7052008873551886,2021-02-25 00:20:46.633298,2021-02-25 00:21:15.987162,0 days 00:00:29.353864,0.0006200159430994098,20,0.9930505600129007,9.694385007171785,0.7052008873551886,,,PRUNED
638,638,0.7042149371456742,2021-02-25 00:21:15.987572,2021-02-25 00:22:35.745840,0 days 00:01:19.758268,0.0001914272639557004,50,0.9935505080172096,12.050872747963561,0.7123490263741681,0.7042149371456742,,PRUNED
639,639,0.7042149371456742,2021-02-25 00:22:35.746241,2021-02-25 00:22:48.615820,0 days 00:00:12.869579,4.0204242998594245e-05,90,0.9982194340877911,2.174334065129688,0.7042149371456742,,,PRUNED
640,640,0.706186837564703,2021-02-25 00:22:48.616262,2021-02-25 00:23:18.263524,0 days 00:00:29.647262,0.00014074478193790564,30,0.9941146456489081,18.780029482275484,0.706186837564703,,,PRUNED
641,641,0.7054473749075671,2021-02-25 00:23:18.263918,2021-02-25 00:23:47.929674,0 days 00:00:29.665756,1.718432353880088e-05,100,0.9951893813882917,10.180332387216987,0.7054473749075671,,,PRUNED
642,642,0.7054473749075671,2021-02-25 00:23:47.930099,2021-02-25 00:24:00.792407,0 days 00:00:12.862308,5.738909580208076e-05,90,0.994863636193226,2.3900060887425787,0.7054473749075671,,,PRUNED
643,643,0.7047079122504314,2021-02-25 00:24:00.792827,2021-02-25 00:24:13.732996,0 days 00:00:12.940169,4.995574974475176e-05,90,0.9958138952079698,0.44599325227606684,0.7047079122504314,,,PRUNED
644,644,0.700517623859995,2021-02-25 00:24:13.733412,2021-02-25 00:25:33.547671,0 days 00:01:19.814259,5.0127314253388465e-05,40,0.9955070400183265,10.750230238821075,0.7108701010598965,0.700517623859995,,PRUNED
645,645,0.7010105989647523,2021-02-25 00:25:33.548079,2021-02-25 00:26:53.192761,0 days 00:01:19.644682,0.00029961051095015037,20,0.9959033398427061,5.713663689913155,0.7010105989647523,,,PRUNED
646,646,0.7022430367266453,2021-02-25 00:26:53.193159,2021-02-25 00:27:06.209398,0 days 00:00:13.016239,3.4594765232525866e-05,90,0.9963579208128229,1.2581983669616974,0.7022430367266453,,,PRUNED
647,647,0.7010105989647523,2021-02-25 00:27:06.209801,2021-02-25 00:30:29.394554,0 days 00:03:23.184753,0.0005146903185057417,20,0.9953007296897074,3.2176785668813905,0.7133349765836825,,,COMPLETE
