,number,value,datetime_start,datetime_complete,duration,params_lr,params_out_dim,params_scheduler_gamma,params_weight_decay,system_attrs_completed_rung_0,system_attrs_completed_rung_1,system_attrs_completed_rung_2,state
865,865,0.7044614246980527,2021-02-25 03:39:31.456369,2021-02-25 03:40:50.218482,0 days 00:01:18.762113,0.000734439931252332,20,0.9944685956564213,4.275565227838108,0.7044614246980527,,,PRUNED
866,866,0.6973132856790732,2021-02-25 03:40:50.218998,2021-02-25 03:41:02.929565,0 days 00:00:12.710567,1.7753153534992643e-05,90,0.998017157015124,7.921209853922802,0.6973132856790732,,,PRUNED
867,867,0.7039684495932955,2021-02-25 03:41:02.930098,2021-02-25 03:41:15.618920,0 days 00:00:12.688822,1.4160062938610664e-05,70,0.9980604882506525,8.632477292008229,0.7039684495932955,,,PRUNED
868,868,0.7022430367266453,2021-02-25 03:41:15.619463,2021-02-25 03:41:28.377242,0 days 00:00:12.757779,1.8390875999060168e-05,100,0.9981427800233016,9.057700704114517,0.7022430367266453,,,PRUNED
869,869,0.7064333251170816,2021-02-25 03:41:28.377782,2021-02-25 03:42:47.164770,0 days 00:01:18.786988,0.0004966927950025847,20,0.9942043101187237,4.6368190253866395,0.7064333251170816,,,PRUNED
870,870,0.7066798126694602,2021-02-25 03:42:47.165249,2021-02-25 03:42:59.944235,0 days 00:00:12.778986,1.2929298669257933e-05,90,0.9977573825656855,9.932963191848033,0.7066798126694602,,,PRUNED
871,871,0.696820310574316,2021-02-25 03:42:59.944720,2021-02-25 03:46:20.429462,0 days 00:03:20.484742,0.0005621740621395805,20,0.9950047738455687,3.9652807845505675,0.7123490263741681,,,COMPLETE
872,872,0.6936159723933941,2021-02-25 03:46:20.430368,2021-02-25 03:46:33.120792,0 days 00:00:12.690424,1.1554439711094507e-05,80,0.998292712800766,8.131169812032775,0.6936159723933941,,,PRUNED
873,873,0.7039684495932955,2021-02-25 03:46:33.121307,2021-02-25 03:47:02.424775,0 days 00:00:29.303468,0.00014065102181032546,60,0.9939091143457914,17.282918466835714,0.7039684495932955,,,PRUNED
874,874,0.703721962040917,2021-02-25 03:47:02.425277,2021-02-25 03:48:20.997772,0 days 00:01:18.572495,7.039479999145304e-05,90,0.9911446721927994,12.362687929165661,0.7157998521074685,0.703721962040917,,PRUNED
875,875,0.7108701010598965,2021-02-25 03:48:20.998293,2021-02-25 03:51:41.640934,0 days 00:03:20.642641,0.00021853693817335728,40,0.9937506158600657,11.320302569196112,0.7091446881932463,0.7096376632980035,,COMPLETE
876,876,0.6916440719743653,2021-02-25 03:51:41.641840,2021-02-25 03:55:02.210983,0 days 00:03:20.569143,0.00037566119950906113,20,0.9947413740078145,2.96431071213648,0.7123490263741681,,,COMPLETE
877,877,0.6958343603648016,2021-02-25 03:55:02.211873,2021-02-25 03:55:31.304545,0 days 00:00:29.092672,0.00023512197264364014,50,0.9935324625226741,2.9263726839521067,0.6958343603648016,,,PRUNED
878,878,0.7002711363076165,2021-02-25 03:55:31.305070,2021-02-25 03:58:51.800471,0 days 00:03:20.495401,0.00031682627603324084,20,0.9940928283332209,4.851605379094588,0.7148139018979541,,,COMPLETE
879,879,0.7049543998028099,2021-02-25 03:58:51.801358,2021-02-25 03:59:20.963267,0 days 00:00:29.161909,1.5387458210445725e-05,50,0.9978650310772826,8.42391689181807,0.7088982006408676,0.7049543998028099,,PRUNED
880,880,0.7052008873551886,2021-02-25 03:59:20.963787,2021-02-25 03:59:33.746128,0 days 00:00:12.782341,0.001897696340996236,90,0.9976454668332337,8.832725890557368,0.7052008873551886,,,PRUNED
881,881,0.6909046093172295,2021-02-25 03:59:33.746670,2021-02-25 04:00:52.567154,0 days 00:01:18.820484,0.0004999940775720088,30,0.9943814115382524,2.16325718603201,0.6909046093172295,,,PRUNED
882,882,0.7042149371456742,2021-02-25 04:00:52.567656,2021-02-25 04:02:11.101149,0 days 00:01:18.533493,0.000435700100171926,20,0.995355834297046,5.235043851416169,0.7042149371456742,,,PRUNED
883,883,0.698052748336209,2021-02-25 04:02:11.101668,2021-02-25 04:05:31.681704,0 days 00:03:20.580036,0.00019615259085120547,40,0.9965050722165036,11.233619946103946,0.7081587379837319,0.7086517130884891,,COMPLETE
884,884,0.7056938624599458,2021-02-25 04:05:31.682613,2021-02-25 04:06:50.301133,0 days 00:01:18.618520,0.00023246395729086626,20,0.9945512098710942,3.4990313700684497,0.7056938624599458,,,PRUNED
885,885,0.7042149371456742,2021-02-25 04:06:50.301622,2021-02-25 04:07:19.554913,0 days 00:00:29.253291,1.0424048707035352e-05,80,0.9981826530346717,7.745430414468913,0.7128420014789253,0.7042149371456742,,PRUNED
886,886,0.7064333251170816,2021-02-25 04:07:19.555395,2021-02-25 04:07:48.789888,0 days 00:00:29.234493,9.828055634684656e-05,90,0.9963666998585836,9.337859769116811,0.7084052255361104,0.7064333251170816,,PRUNED
887,887,0.7012570865171309,2021-02-25 04:07:48.790371,2021-02-25 04:08:01.557974,0 days 00:00:12.767603,1.9249769131153706e-05,90,0.9979869164117378,12.142993971013606,0.7012570865171309,,,PRUNED
888,888,0.7032289869361598,2021-02-25 04:08:01.558456,2021-02-25 04:08:14.231953,0 days 00:00:12.673497,1.6522788396867548e-05,100,0.9961025037605982,8.383802312447305,0.7032289869361598,,,PRUNED
889,889,0.6973132856790732,2021-02-25 04:08:14.232447,2021-02-25 04:11:34.952327,0 days 00:03:20.719880,0.0002077318916163426,10,0.9937591945621297,11.178770630033018,0.713088489031304,0.7071727877742174,,COMPLETE
890,890,0.7069263002218388,2021-02-25 04:11:34.953234,2021-02-25 04:12:04.087297,0 days 00:00:29.134063,8.481847119001515e-05,60,0.9974068137314701,1.5867834105307985,0.7079122504313532,0.7069263002218388,,PRUNED
891,891,0.7032289869361598,2021-02-25 04:12:04.087826,2021-02-25 04:12:16.797155,0 days 00:00:12.709329,0.0006578207862130349,50,0.9983774955871405,10.606732305504623,0.7032289869361598,,,PRUNED
892,892,0.7034754744885383,2021-02-25 04:12:16.797681,2021-02-25 04:12:45.889915,0 days 00:00:29.092234,0.00020623540258189881,40,0.9973689428810453,11.403173124083354,0.7034754744885383,,,PRUNED
893,893,0.7024895242790239,2021-02-25 04:12:45.890401,2021-02-25 04:13:15.018253,0 days 00:00:29.127852,0.0002836804764966754,100,0.9963856350053203,10.806707392659707,0.7024895242790239,,,PRUNED
894,894,0.6958343603648016,2021-02-25 04:13:15.018794,2021-02-25 04:13:27.823862,0 days 00:00:12.805068,6.851948835571394e-05,90,0.9982617196196669,8.072741417615145,0.6958343603648016,,,PRUNED
895,895,0.7032289869361598,2021-02-25 04:13:27.824390,2021-02-25 04:13:57.020349,0 days 00:00:29.195959,0.00024404511120657834,20,0.9940030192432202,11.66079815216161,0.7032289869361598,,,PRUNED
896,896,0.7069263002218388,2021-02-25 04:13:57.020841,2021-02-25 04:15:15.563395,0 days 00:01:18.542554,0.0003366884319374291,30,0.9947445198617223,4.201675192336422,0.7069263002218388,,,PRUNED
897,897,0.7056938624599458,2021-02-25 04:15:15.563924,2021-02-25 04:15:44.867328,0 days 00:00:29.303404,0.00011491385987842492,80,0.9969698940496646,8.918805710938598,0.7143209267931969,0.7056938624599458,,PRUNED
898,898,0.7044614246980527,2021-02-25 04:15:44.867799,2021-02-25 04:15:57.529589,0 days 00:00:12.661790,5.745178716579679e-05,90,0.9986277441489592,4.4104709739659755,0.7044614246980527,,,PRUNED
899,899,0.7076657628789746,2021-02-25 04:15:57.530123,2021-02-25 04:16:26.768124,0 days 00:00:29.238001,0.00021590295228936856,60,0.9966995843461598,10.381244687309739,0.7076657628789746,,,PRUNED
900,900,0.6901651466600937,2021-02-25 04:16:26.768614,2021-02-25 04:17:45.473363,0 days 00:01:18.704749,0.00018198756346096706,20,0.9952153736373613,3.7899532403281198,0.6901651466600937,,,PRUNED
901,901,0.7015035740695095,2021-02-25 04:17:45.473867,2021-02-25 04:19:04.051147,0 days 00:01:18.577280,0.00016521311108385052,50,0.9969594112308271,10.782183673763146,0.7084052255361104,0.7015035740695095,,PRUNED
902,902,0.7056938624599458,2021-02-25 04:19:04.051692,2021-02-25 04:19:16.822511,0 days 00:00:12.770819,2.2128142110067717e-05,70,0.9968050669575227,7.71001663814174,0.7056938624599458,,,PRUNED
903,903,0.7049543998028099,2021-02-25 04:19:16.823035,2021-02-25 04:19:29.464773,0 days 00:00:12.641738,0.011703331194546031,90,0.9965009136605756,9.626622174531345,0.7049543998028099,,,PRUNED
904,904,0.6913975844219867,2021-02-25 04:19:29.465313,2021-02-25 04:19:58.681943,0 days 00:00:29.216630,1.4420543723136841e-05,80,0.9978504250941905,8.141569907961113,0.7091446881932463,0.6913975844219867,,PRUNED
905,905,0.706186837564703,2021-02-25 04:19:58.682408,2021-02-25 04:20:11.348270,0 days 00:00:12.665862,8.384411752862113e-05,100,0.9984433904869223,8.642610700853004,0.706186837564703,,,PRUNED
906,906,0.7066798126694602,2021-02-25 04:20:11.348767,2021-02-25 04:20:40.525658,0 days 00:00:29.176891,0.00013165775155794463,40,0.9932230296473368,11.1461718496091,0.7066798126694602,,,PRUNED
907,907,0.7071727877742174,2021-02-25 04:20:40.526187,2021-02-25 04:21:09.700381,0 days 00:00:29.174194,0.00015339782361239272,20,0.9951514105528146,12.231499021594898,0.7071727877742174,,,PRUNED
908,908,0.7066798126694602,2021-02-25 04:21:09.700905,2021-02-25 04:22:28.388497,0 days 00:01:18.687592,0.00019868160068746153,50,0.9942393943893241,13.038685679773662,0.7116095637170323,0.7066798126694602,,PRUNED
909,909,0.703721962040917,2021-02-25 04:22:28.389010,2021-02-25 04:22:41.190443,0 days 00:00:12.801433,1.919859455835052e-05,90,0.9980521762587446,9.940708057004375,0.703721962040917,,,PRUNED
910,910,0.6970667981266946,2021-02-25 04:22:41.190998,2021-02-25 04:22:53.854984,0 days 00:00:12.663986,6.512184659076581e-05,90,0.9989515992130847,9.183806556194186,0.6970667981266946,,,PRUNED
911,911,0.6938624599457728,2021-02-25 04:22:53.855512,2021-02-25 04:24:12.536665,0 days 00:01:18.681153,2.1383090764647658e-05,80,0.9981790863560654,2.087240458773393,0.7079122504313532,0.7118560512694109,0.6938624599457728,PRUNED
912,912,0.7054473749075671,2021-02-25 04:24:12.537190,2021-02-25 04:24:25.340490,0 days 00:00:12.803300,0.00284372841272071,90,0.9974768506230732,7.40961033219817,0.7054473749075671,,,PRUNED
913,913,0.6985457234409662,2021-02-25 04:24:25.341024,2021-02-25 04:25:43.831009,0 days 00:01:18.489985,0.0002882077687431436,10,0.9955020134796952,5.3616765857028605,0.6985457234409662,,,PRUNED
914,914,0.7049543998028099,2021-02-25 04:25:43.831540,2021-02-25 04:25:56.470148,0 days 00:00:12.638608,0.0002420552988896186,50,0.9987055875935498,3.908509170379914,0.7049543998028099,,,PRUNED
915,915,0.7081587379837319,2021-02-25 04:25:56.470701,2021-02-25 04:26:25.695651,0 days 00:00:29.224950,0.00010022520920868237,70,0.9976476345669889,7.7680748345836586,0.7091446881932463,0.7081587379837319,,PRUNED
916,916,0.7064333251170816,2021-02-25 04:26:25.696164,2021-02-25 04:26:54.945650,0 days 00:00:29.249486,0.00011571411887940606,30,0.9936814196238617,12.574840663468589,0.7064333251170816,,,PRUNED
917,917,0.706186837564703,2021-02-25 04:26:54.946212,2021-02-25 04:27:07.710703,0 days 00:00:12.764491,0.00044568279711179387,80,0.9985157754626474,11.248130187766137,0.706186837564703,,,PRUNED
918,918,0.7052008873551886,2021-02-25 04:27:07.711247,2021-02-25 04:27:20.442721,0 days 00:00:12.731474,0.00014320118301036893,90,0.996375410198223,1.2780488691318832,0.7052008873551886,,,PRUNED
919,919,0.7012570865171309,2021-02-25 04:27:20.443268,2021-02-25 04:27:33.099971,0 days 00:00:12.656703,1.7459484374394174e-05,90,0.9983838097575692,8.355025836338879,0.7012570865171309,,,PRUNED
920,920,0.7007641114123737,2021-02-25 04:27:33.100474,2021-02-25 04:28:02.226200,0 days 00:00:29.125726,7.466161873674995e-05,100,0.9971759126142612,8.907299012650002,0.7096376632980035,0.7007641114123737,,PRUNED
921,921,0.7002711363076165,2021-02-25 04:28:02.226744,2021-02-25 04:28:31.504688,0 days 00:00:29.277944,0.0003704981990849148,50,0.9930570022564307,6.71970701556558,0.7002711363076165,,,PRUNED
922,922,0.7034754744885383,2021-02-25 04:28:31.505205,2021-02-25 04:28:44.246765,0 days 00:00:12.741560,1.0086426950966328e-05,80,0.9978038705791439,2.8113451687119446,0.7034754744885383,,,PRUNED
923,923,0.7032289869361598,2021-02-25 04:28:44.247323,2021-02-25 04:29:13.536439,0 days 00:00:29.289116,1.3406555735765559e-05,90,0.995903963430728,8.115457052927397,0.707419275326596,0.7032289869361598,,PRUNED
924,924,0.7049543998028099,2021-02-25 04:29:13.536973,2021-02-25 04:29:42.687218,0 days 00:00:29.150245,0.007542500943495437,40,0.994097674011506,8.175714999883272,0.7049543998028099,,,PRUNED
925,925,0.7054473749075671,2021-02-25 04:29:42.687752,2021-02-25 04:29:55.452482,0 days 00:00:12.764730,0.0013895981788673796,90,0.9989989723712901,14.992032371941786,0.7054473749075671,,,PRUNED
926,926,0.6985457234409662,2021-02-25 04:29:55.453028,2021-02-25 04:30:24.652747,0 days 00:00:29.199719,5.54037957628775e-05,80,0.9968420064793776,7.52076433721088,0.7084052255361104,0.6985457234409662,,PRUNED
927,927,0.7076657628789746,2021-02-25 04:30:24.653259,2021-02-25 04:31:43.343373,0 days 00:01:18.690114,3.594045186158731e-05,20,0.9942619810913436,4.844063923086555,0.7076657628789746,,,PRUNED
928,928,0.7047079122504314,2021-02-25 04:31:43.343899,2021-02-25 04:32:12.409719,0 days 00:00:29.065820,0.00017656958955552813,20,0.9965564168470217,11.393853916975042,0.7047079122504314,,,PRUNED
929,929,0.7066798126694602,2021-02-25 04:32:12.410227,2021-02-25 04:32:41.538988,0 days 00:00:29.128761,0.00025997351985632307,60,0.995503138141677,11.822403601035557,0.7066798126694602,,,PRUNED
930,930,0.7052008873551886,2021-02-25 04:32:41.539493,2021-02-25 04:32:54.334805,0 days 00:00:12.795312,8.81288657417734e-05,50,0.998104514209443,8.553483461443983,0.7052008873551886,,,PRUNED
931,931,0.7044614246980527,2021-02-25 04:32:54.335346,2021-02-25 04:33:23.569097,0 days 00:00:29.233751,2.0928089268749965e-05,90,0.9987998866814013,9.391126925242304,0.7113630761646537,0.7044614246980527,,PRUNED
932,932,0.7047079122504314,2021-02-25 04:33:23.569655,2021-02-25 04:33:52.808625,0 days 00:00:29.238970,0.0003157074060602343,80,0.9934130778471385,10.123436344221355,0.7047079122504314,,,PRUNED
933,933,0.675622381069756,2021-02-25 04:33:52.809128,2021-02-25 04:37:13.182669,0 days 00:03:20.373541,4.413083465616255e-05,70,0.9949795291628445,6.357742719626601,0.7086517130884891,,,COMPLETE
934,934,0.6987922109933449,2021-02-25 04:37:13.183607,2021-02-25 04:38:31.858676,0 days 00:01:18.675069,1.4405518321281568e-05,50,0.9938562607259435,10.720470572063896,0.7093911757456248,0.6987922109933449,,PRUNED
935,935,0.7032289869361598,2021-02-25 04:38:31.859158,2021-02-25 04:38:44.507769,0 days 00:00:12.648611,6.626423988444286e-05,80,0.9965732734213377,18.085254855807346,0.7032289869361598,,,PRUNED
936,936,0.7022430367266453,2021-02-25 04:38:44.508330,2021-02-25 04:39:13.699206,0 days 00:00:29.190876,9.946998599715349e-05,40,0.994699187331021,9.553191754928282,0.7022430367266453,,,PRUNED
937,937,0.69435543505053,2021-02-25 04:39:13.699755,2021-02-25 04:39:26.379208,0 days 00:00:12.679453,4.902577177221098e-05,90,0.9962178657042784,10.230687791310837,0.69435543505053,,,PRUNED
938,938,0.7049543998028099,2021-02-25 04:39:26.379751,2021-02-25 04:39:39.177985,0 days 00:00:12.798234,1.5771912693605163e-05,100,0.9970115477327187,1.6888817293998002,0.7049543998028099,,,PRUNED
939,939,0.7064333251170816,2021-02-25 04:39:39.178528,2021-02-25 04:39:51.889646,0 days 00:00:12.711118,0.00011146041261683045,80,0.9982925604712969,7.870583699670879,0.7064333251170816,,,PRUNED
940,940,0.7047079122504314,2021-02-25 04:39:51.890187,2021-02-25 04:41:10.443976,0 days 00:01:18.553789,0.0005990545967930469,50,0.9944904176480811,4.50232836570481,0.7047079122504314,,,PRUNED
941,941,0.703721962040917,2021-02-25 04:41:10.444484,2021-02-25 04:41:39.578056,0 days 00:00:29.133572,0.0001547290798278871,70,0.9945402474924798,12.075292252265907,0.703721962040917,,,PRUNED
942,942,0.7042149371456742,2021-02-25 04:41:39.578561,2021-02-25 04:41:52.425891,0 days 00:00:12.847330,8.167073602274852e-05,90,0.9986443714447267,4.8317386724844384,0.7042149371456742,,,PRUNED
943,943,0.655656889327089,2021-02-25 04:41:52.426413,2021-02-25 04:45:13.069762,0 days 00:03:20.643349,0.00012434638516464796,50,0.9925274214585321,11.10173468601057,0.7111165886122751,0.7121025388217895,,COMPLETE
944,944,0.7022430367266453,2021-02-25 04:45:13.070694,2021-02-25 04:45:25.763209,0 days 00:00:12.692515,2.4168223045121363e-05,100,0.9978860905273775,8.962945146189016,0.7022430367266453,,,PRUNED
945,945,0.7032289869361598,2021-02-25 04:45:25.763757,2021-02-25 04:45:38.485292,0 days 00:00:12.721535,1.874830912601914e-05,60,0.9972812265767833,7.264956957245157,0.7032289869361598,,,PRUNED
946,946,0.7047079122504314,2021-02-25 04:45:38.485845,2021-02-25 04:45:51.255657,0 days 00:00:12.769812,7.276296291367324e-05,50,0.9984877026867307,8.40536536194601,0.7047079122504314,,,PRUNED
947,947,0.7059403500123244,2021-02-25 04:45:51.256182,2021-02-25 04:46:03.993477,0 days 00:00:12.737295,5.8078117501042745e-05,70,0.998048806171175,8.65048079910597,0.7059403500123244,,,PRUNED
948,948,0.7027360118314026,2021-02-25 04:46:03.993992,2021-02-25 04:46:16.694490,0 days 00:00:12.700498,2.198931540121901e-05,40,0.9966876520138077,1.1993483727779255,0.7027360118314026,,,PRUNED
949,949,0.7047079122504314,2021-02-25 04:46:16.695030,2021-02-25 04:46:45.793968,0 days 00:00:29.098938,2.3238480726889374e-05,40,0.9952901696250568,13.321953924329174,0.7047079122504314,,,PRUNED
950,950,0.7049543998028099,2021-02-25 04:46:45.794515,2021-02-25 04:46:58.494009,0 days 00:00:12.699494,1.631449757118812e-05,90,0.997712748739115,8.015229503023122,0.7049543998028099,,,PRUNED
951,951,0.7052008873551886,2021-02-25 04:46:58.494523,2021-02-25 04:47:27.637636,0 days 00:00:29.143113,9.650605549398078e-05,90,0.9988457127997096,2.3715093467825294,0.707419275326596,0.7052008873551886,,PRUNED
952,952,0.6869608084791718,2021-02-25 04:47:27.638184,2021-02-25 04:48:46.298939,0 days 00:01:18.660755,0.000125629622582385,80,0.9982824629771637,9.15273938364386,0.7088982006408676,0.7138279516884397,0.6869608084791718,PRUNED
953,953,0.7066798126694602,2021-02-25 04:48:46.299446,2021-02-25 04:48:59.060618,0 days 00:00:12.761172,0.00031358129077162933,90,0.9957543741511933,10.70548394876909,0.7066798126694602,,,PRUNED
954,954,0.6859748582696574,2021-02-25 04:48:59.061166,2021-02-25 04:50:17.721100,0 days 00:01:18.659934,0.00018392511358518218,20,0.9917222661964721,12.644222711978465,0.7093911757456248,0.6859748582696574,,PRUNED
955,955,0.7064333251170816,2021-02-25 04:50:17.721590,2021-02-25 04:51:36.333429,0 days 00:01:18.611839,1.241901426671075e-05,90,0.9952228777981615,9.8388337743377,0.7148139018979541,0.7121025388217895,0.7064333251170816,PRUNED
956,956,0.7096376632980035,2021-02-25 04:51:36.333985,2021-02-25 04:54:57.044182,0 days 00:03:20.710197,0.00013456775802543218,70,0.9936339659256206,10.306025594376473,0.7106236135075179,0.7088982006408676,,COMPLETE
957,957,0.7044614246980527,2021-02-25 04:54:57.045105,2021-02-25 04:55:26.223522,0 days 00:00:29.178417,0.00011076187774983357,70,0.993602825070524,10.408503959720246,0.7044614246980527,,,PRUNED
958,958,0.7012570865171309,2021-02-25 04:55:26.224067,2021-02-25 04:56:44.880785,0 days 00:01:18.656718,1.4674574244172813e-05,90,0.9950476041864733,10.275850765232008,0.7093911757456248,0.7133349765836825,0.7012570865171309,PRUNED
959,959,0.7034754744885383,2021-02-25 04:56:44.881307,2021-02-25 04:57:14.063110,0 days 00:00:29.181803,0.0001404090465904609,70,0.9937072157286818,9.930554894837192,0.7034754744885383,,,PRUNED
960,960,0.7059403500123244,2021-02-25 04:57:14.063681,2021-02-25 04:58:32.740473,0 days 00:01:18.676792,1.10698508603855e-05,90,0.9954383548733066,9.507038033053037,0.7079122504313532,0.7103771259551392,0.7059403500123244,PRUNED
961,961,0.7059403500123244,2021-02-25 04:58:32.741013,2021-02-25 04:58:45.405958,0 days 00:00:12.664945,1.1816168230049417e-05,90,0.9955181987016125,9.475612396832197,0.7059403500123244,,,PRUNED
962,962,0.7022430367266453,2021-02-25 04:58:45.406514,2021-02-25 04:58:58.073984,0 days 00:00:12.667470,1.1738020211184169e-05,90,0.9952819387924535,9.871553250971429,0.7022430367266453,,,PRUNED
963,963,0.7010105989647523,2021-02-25 04:58:58.074560,2021-02-25 04:59:27.262157,0 days 00:00:29.187597,0.00013620224585249294,70,0.9933059636842437,9.361658053362667,0.7010105989647523,,,PRUNED
964,964,0.6978062607838305,2021-02-25 04:59:27.262703,2021-02-25 04:59:39.950719,0 days 00:00:12.688016,1.0624123880967735e-05,90,0.9954399272122318,9.747214482599238,0.6978062607838305,,,PRUNED
965,965,0.7056938624599458,2021-02-25 04:59:39.951298,2021-02-25 05:00:09.080452,0 days 00:00:29.129154,1.0458944018531022e-05,90,0.9951795472871187,10.290287699969962,0.7103771259551392,0.7056938624599458,,PRUNED
966,966,0.7034754744885383,2021-02-25 05:00:09.081004,2021-02-25 05:00:21.810134,0 days 00:00:12.729130,1.377734501354989e-05,90,0.9953423773803373,9.868621939295952,0.7034754744885383,,,PRUNED
967,967,0.707419275326596,2021-02-25 05:00:21.810715,2021-02-25 05:00:51.184046,0 days 00:00:29.373331,1.004405219996569e-05,90,0.9956109812842061,9.57169664311112,0.716785802316983,0.707419275326596,,PRUNED
968,968,0.6652699038698545,2021-02-25 05:00:51.184552,2021-02-25 05:04:11.666050,0 days 00:03:20.481498,2.69313826248779e-05,20,0.9987188258108752,4.210972927065734,0.7086517130884891,,,COMPLETE
969,969,0.7054473749075671,2021-02-25 05:04:11.667000,2021-02-25 05:04:40.805614,0 days 00:00:29.138614,8.423575656397444e-05,80,0.9957260604200412,19.17182872945105,0.7054473749075671,,,PRUNED
970,970,0.6761153561745132,2021-02-25 05:04:40.806132,2021-02-25 05:08:01.479933,0 days 00:03:20.673801,1.0199334939342688e-05,70,0.9939534740428149,10.126541273966836,0.7081587379837319,0.7101306384027607,,COMPLETE
971,971,0.7052008873551886,2021-02-25 05:08:01.480867,2021-02-25 05:08:14.226712,0 days 00:00:12.745845,1.2914381432217316e-05,90,0.9951795400595667,9.972280106385252,0.7052008873551886,,,PRUNED
972,972,0.7059403500123244,2021-02-25 05:08:14.227302,2021-02-25 05:08:43.356672,0 days 00:00:29.129370,1.2551025746460196e-05,90,0.9948899812707397,10.93108233182037,0.7101306384027607,0.7059403500123244,,PRUNED
