,number,value,datetime_start,datetime_complete,duration,params_lr,params_out_dim,params_scheduler_gamma,params_weight_decay,system_attrs_completed_rung_0,system_attrs_completed_rung_1,system_attrs_completed_rung_2,state
323,323,0.7029824993837811,2021-02-24 19:10:29.683823,2021-02-24 19:10:42.523484,0 days 00:00:12.839661,2.0593813098334143e-05,80,0.9940675804655557,6.165390182630101,0.7029824993837811,,,PRUNED
324,324,0.6785802316982993,2021-02-24 19:10:42.523820,2021-02-24 19:14:06.308716,0 days 00:03:23.784896,9.225264279639281e-05,40,0.9902529844238196,15.993855036435125,0.707419275326596,0.7182647276312546,,COMPLETE
325,325,0.7049543998028099,2021-02-24 19:14:06.309432,2021-02-24 19:15:25.913915,0 days 00:01:19.604483,0.003069696110142559,90,0.9930588441939596,16.297188248140436,0.7049543998028099,,,PRUNED
326,326,0.6995316736504806,2021-02-24 19:15:25.914212,2021-02-24 19:15:55.571114,0 days 00:00:29.656902,2.4514404325868873e-05,80,0.9934872589398444,4.634827038171421,0.7084052255361104,0.6995316736504806,,PRUNED
327,327,0.6950948977076657,2021-02-24 19:15:55.571420,2021-02-24 19:16:25.288367,0 days 00:00:29.716947,2.9759698595052592e-05,30,0.9950808126176435,16.43906951158877,0.6950948977076657,,,PRUNED
328,328,0.7054473749075671,2021-02-24 19:16:25.288642,2021-02-24 19:16:38.195789,0 days 00:00:12.907147,1.923207892356213e-05,70,0.9950126842748565,7.1311964691640695,0.7054473749075671,,,PRUNED
329,329,0.7000246487552378,2021-02-24 19:16:38.196111,2021-02-24 19:16:51.038164,0 days 00:00:12.842053,1.414729299361894e-05,90,0.9943797231742181,6.608306319825505,0.7000246487552378,,,PRUNED
330,330,0.7034754744885383,2021-02-24 19:16:51.038465,2021-02-24 19:17:03.821928,0 days 00:00:12.783463,1.7029638150662277e-05,80,0.9946264647694981,5.555565584184117,0.7034754744885383,,,PRUNED
331,331,0.7049543998028099,2021-02-24 19:17:03.822235,2021-02-24 19:17:16.639618,0 days 00:00:12.817383,0.016835936953336388,90,0.9963141979401906,8.587456343535102,0.7049543998028099,,,PRUNED
332,332,0.7059403500123244,2021-02-24 19:17:16.639939,2021-02-24 19:17:46.200759,0 days 00:00:29.560820,2.9220884103376607e-05,90,0.9936848073000971,10.895375542436298,0.709884150850382,0.7059403500123244,,PRUNED
333,333,0.7084052255361104,2021-02-24 19:17:46.201064,2021-02-24 19:18:15.835891,0 days 00:00:29.634827,1.225573256146262e-05,80,0.9975988434962898,6.000682020144569,0.7088982006408676,0.7084052255361104,,PRUNED
334,334,0.6992851860981021,2021-02-24 19:18:15.836203,2021-02-24 19:21:39.213140,0 days 00:03:23.376937,1.56302590820843e-05,40,0.9936103505279913,8.490050465798824,0.7160463396598472,0.7177717525264974,,COMPLETE
335,335,0.6918905595267439,2021-02-24 19:21:39.213834,2021-02-24 19:25:03.335749,0 days 00:03:24.121915,1.4321783810150167e-05,60,0.9984587907229591,8.043949868719187,0.7143209267931969,,,COMPLETE
336,336,0.703721962040917,2021-02-24 19:25:03.336459,2021-02-24 19:25:16.184936,0 days 00:00:12.848477,2.3547779015260594e-05,70,0.9968016545353857,7.53585450617588,0.703721962040917,,,PRUNED
337,337,0.7034754744885383,2021-02-24 19:25:16.185251,2021-02-24 19:25:29.131234,0 days 00:00:12.945983,0.0003507112264679227,80,0.9941705612958672,5.151703788893174,0.7034754744885383,,,PRUNED
338,338,0.7012570865171309,2021-02-24 19:25:29.131549,2021-02-24 19:28:52.740665,0 days 00:03:23.609116,8.534419249622988e-05,50,0.9985645830980485,7.935193633439334,0.7076657628789746,0.716785802316983,0.7229479911264481,COMPLETE
339,339,0.703721962040917,2021-02-24 19:28:52.741362,2021-02-24 19:29:05.673558,0 days 00:00:12.932196,5.972730008839576e-05,90,0.9985707170392015,8.262123463232381,0.703721962040917,,,PRUNED
340,340,0.7017500616218881,2021-02-24 19:29:05.673867,2021-02-24 19:29:18.567795,0 days 00:00:12.893928,9.640296145847977e-05,50,0.9988223391191291,1.1476818102024589,0.7017500616218881,,,PRUNED
341,341,0.7084052255361104,2021-02-24 19:29:18.568126,2021-02-24 19:29:48.138297,0 days 00:00:29.570171,7.958884317799665e-05,50,0.997991800030822,9.811342263930525,0.713088489031304,0.7084052255361104,,PRUNED
342,342,0.6990386985457234,2021-02-24 19:29:48.138597,2021-02-24 19:30:17.721594,0 days 00:00:29.582997,1.5057425844387056e-05,20,0.9936355445150269,9.793562038895615,0.6990386985457234,,,PRUNED
343,343,0.7000246487552378,2021-02-24 19:30:17.721927,2021-02-24 19:30:47.289347,0 days 00:00:29.567420,0.00013472881912523254,50,0.9952042175543739,7.228423463298797,0.7086517130884891,0.7000246487552378,,PRUNED
344,344,0.6926300221838797,2021-02-24 19:30:47.289648,2021-02-24 19:32:06.999378,0 days 00:01:19.709730,0.000344025018513023,70,0.9924156206804415,2.019074575166939,0.6926300221838797,,,PRUNED
345,345,0.7032289869361598,2021-02-24 19:32:06.999670,2021-02-24 19:33:26.801100,0 days 00:01:19.801430,0.005694462607518297,80,0.9943623058085161,3.495433183870755,0.7032289869361598,,,PRUNED
346,346,0.6950948977076657,2021-02-24 19:33:26.801396,2021-02-24 19:34:46.589224,0 days 00:01:19.787828,1.256467029752816e-05,70,0.9931553302227603,6.944960307925719,0.707419275326596,0.6950948977076657,,PRUNED
347,347,0.7059403500123244,2021-02-24 19:34:46.589541,2021-02-24 19:34:59.450558,0 days 00:00:12.861017,3.522217421855231e-05,50,0.9989946909413555,9.004476565873887,0.7059403500123244,,,PRUNED
348,348,0.707419275326596,2021-02-24 19:34:59.450897,2021-02-24 19:36:19.270049,0 days 00:01:19.819152,0.00011046600721341888,90,0.9983000150626898,7.97457603700865,0.7091446881932463,0.7106236135075179,0.707419275326596,PRUNED
349,349,0.7052008873551886,2021-02-24 19:36:19.270364,2021-02-24 19:36:48.860861,0 days 00:00:29.590497,6.89253075729427e-05,40,0.9982376958783417,7.984526782991131,0.7148139018979541,0.7052008873551886,,PRUNED
350,350,0.6997781612028593,2021-02-24 19:36:48.861177,2021-02-24 19:37:18.537632,0 days 00:00:29.676455,2.5659656631229685e-05,30,0.9934454377206149,8.456460907065196,0.6997781612028593,,,PRUNED
351,351,0.706186837564703,2021-02-24 19:37:18.537951,2021-02-24 19:37:31.510120,0 days 00:00:12.972169,9.873250594517497e-05,90,0.9978501017403987,8.503958037210149,0.706186837564703,,,PRUNED
352,352,0.7066798126694602,2021-02-24 19:37:31.510415,2021-02-24 19:37:44.301370,0 days 00:00:12.790955,0.00011678536899183658,90,0.9983997891377201,7.954175487996909,0.7066798126694602,,,PRUNED
353,353,0.7022430367266453,2021-02-24 19:37:44.301683,2021-02-24 19:39:03.689157,0 days 00:01:19.387474,2.1737748711929676e-05,40,0.9940514771460569,9.078497639080538,0.7150603894503328,0.7022430367266453,,PRUNED
354,354,0.7042149371456742,2021-02-24 19:39:03.689491,2021-02-24 19:40:23.496957,0 days 00:01:19.807466,3.065879769648964e-05,70,0.9910431556227389,3.750935803004034,0.7042149371456742,,,PRUNED
355,355,0.7024895242790239,2021-02-24 19:40:23.497275,2021-02-24 19:41:43.239871,0 days 00:01:19.742596,2.3190498346919588e-05,70,0.9915363112124842,5.172552844200268,0.7024895242790239,,,PRUNED
356,356,0.6529455262509243,2021-02-24 19:41:43.240189,2021-02-24 19:45:06.323764,0 days 00:03:23.083575,2.9169916125932587e-05,60,0.9907383139876929,4.035339930811464,0.7140744392408184,,,COMPLETE
357,357,0.706186837564703,2021-02-24 19:45:06.324495,2021-02-24 19:45:35.855243,0 days 00:00:29.530748,0.0009882227716412862,50,0.9944327961824858,7.631994286813142,0.706186837564703,,,PRUNED
358,358,0.7047079122504314,2021-02-24 19:45:35.855581,2021-02-24 19:46:55.388455,0 days 00:01:19.532874,0.0011666785133040967,40,0.9950597134159479,2.632523427193659,0.7047079122504314,,,PRUNED
359,359,0.686221345822036,2021-02-24 19:46:55.388745,2021-02-24 19:50:18.678554,0 days 00:03:23.289809,4.1039749817070526e-05,40,0.9909553469419592,17.408619156765106,0.7088982006408676,0.7111165886122751,,COMPLETE
360,360,0.7049543998028099,2021-02-24 19:50:18.679287,2021-02-24 19:50:31.648691,0 days 00:00:12.969404,8.546266531845302e-05,60,0.9986987607352362,6.9602705863278125,0.7049543998028099,,,PRUNED
361,361,0.6906581217648509,2021-02-24 19:50:31.648992,2021-02-24 19:51:01.037359,0 days 00:00:29.388367,4.625018075812334e-05,90,0.9980834662966546,7.668156265995188,0.7125955139265467,0.6906581217648509,,PRUNED
362,362,0.7076657628789746,2021-02-24 19:51:01.037665,2021-02-24 19:51:30.488194,0 days 00:00:29.450529,0.00016624577378499333,80,0.9982864905228264,1.6286102722697342,0.7088982006408676,0.7076657628789746,,PRUNED
363,363,0.6973132856790732,2021-02-24 19:51:30.488536,2021-02-24 19:51:59.851281,0 days 00:00:29.362745,1.8292810412793602e-05,100,0.9947418523287802,9.358245656508213,0.709884150850382,0.6973132856790732,,PRUNED
364,364,0.7049543998028099,2021-02-24 19:51:59.851597,2021-02-24 19:52:29.313807,0 days 00:00:29.462210,0.0016757006121666282,40,0.9937994988589465,10.151247318076674,0.7049543998028099,,,PRUNED
365,365,0.6997781612028593,2021-02-24 19:52:29.314153,2021-02-24 19:52:42.253116,0 days 00:00:12.938963,1.092238859274693e-05,90,0.995488725486047,6.405475635545852,0.6997781612028593,,,PRUNED
366,366,0.7064333251170816,2021-02-24 19:52:42.253407,2021-02-24 19:52:55.037940,0 days 00:00:12.784533,0.00010563165606935458,10,0.9949269052405882,0.5398521813656361,0.7064333251170816,,,PRUNED
367,367,0.7044614246980527,2021-02-24 19:52:55.038263,2021-02-24 19:53:24.533794,0 days 00:00:29.495531,6.134593278230574e-05,30,0.9942725957251003,17.13446522698923,0.7044614246980527,,,PRUNED
368,368,0.7064333251170816,2021-02-24 19:53:24.534139,2021-02-24 19:53:54.217139,0 days 00:00:29.683000,7.644464247079106e-05,50,0.9952166870037529,6.254935533732889,0.7064333251170816,,,PRUNED
369,369,0.6923835346315012,2021-02-24 19:53:54.217461,2021-02-24 19:54:23.656499,0 days 00:00:29.439038,3.1945994972946745e-05,80,0.9984992950293999,7.449821380106655,0.7091446881932463,0.6923835346315012,,PRUNED
370,370,0.6827705200887355,2021-02-24 19:54:23.656800,2021-02-24 19:57:46.791800,0 days 00:03:23.135000,2.457346563882584e-05,70,0.9919138408453471,6.526324738861264,0.7313285679073207,,,COMPLETE
371,371,0.7012570865171309,2021-02-24 19:57:46.792573,2021-02-24 19:57:59.616428,0 days 00:00:12.823855,2.140043061088209e-05,90,0.9961779862390234,8.694329952780596,0.7012570865171309,,,PRUNED
372,372,0.7027360118314026,2021-02-24 19:57:59.616774,2021-02-24 19:58:29.220173,0 days 00:00:29.603399,4.8841015370606835e-05,60,0.9904889690148758,18.243413486828665,0.7027360118314026,,,PRUNED
373,373,0.703721962040917,2021-02-24 19:58:29.220501,2021-02-24 19:58:41.975306,0 days 00:00:12.754805,1.5122976201906534e-05,100,0.9973040815231703,8.115109201091931,0.703721962040917,,,PRUNED
374,374,0.7044614246980527,2021-02-24 19:58:41.975635,2021-02-24 19:58:54.710459,0 days 00:00:12.734824,0.00024842305414216314,80,0.9958255843974742,6.769977845808189,0.7044614246980527,,,PRUNED
375,375,0.6985457234409662,2021-02-24 19:58:54.710794,2021-02-24 19:59:07.564330,0 days 00:00:12.853536,7.985590190373758e-05,50,0.9985464633448503,7.837477008555081,0.6985457234409662,,,PRUNED
376,376,0.728617204831156,2021-02-24 19:59:07.564637,2021-02-24 20:02:30.257099,0 days 00:03:22.692462,6.805429146117277e-05,50,0.9986816789376983,8.281701617688848,0.7106236135075179,0.7084052255361104,0.7116095637170323,COMPLETE
377,377,0.7059403500123244,2021-02-24 20:02:30.257810,2021-02-24 20:02:43.134538,0 days 00:00:12.876728,6.283326431483891e-05,50,0.9987951628943512,8.983816182855714,0.7059403500123244,,,PRUNED
378,378,0.7064333251170816,2021-02-24 20:02:43.134872,2021-02-24 20:03:12.776237,0 days 00:00:29.641365,0.0004274902643864777,50,0.9901645784886071,15.579013848861662,0.7064333251170816,,,PRUNED
379,379,0.6970667981266946,2021-02-24 20:03:12.776565,2021-02-24 20:03:25.558791,0 days 00:00:12.782226,9.234897380362775e-05,50,0.9964806555862386,8.512857232601911,0.6970667981266946,,,PRUNED
380,380,0.6931229972886369,2021-02-24 20:03:25.559151,2021-02-24 20:03:38.330304,0 days 00:00:12.771153,6.887980471281543e-05,90,0.997673116842613,7.3209580536893535,0.6931229972886369,,,PRUNED
381,381,0.7056938624599458,2021-02-24 20:03:38.330647,2021-02-24 20:04:07.743161,0 days 00:00:29.412514,1.0317230419904092e-05,70,0.9956836533195238,14.034594243136556,0.7056938624599458,,,PRUNED
382,382,0.7000246487552378,2021-02-24 20:04:07.743486,2021-02-24 20:04:37.257366,0 days 00:00:29.513880,5.309748240674533e-05,60,0.9986510726236868,10.544086590178248,0.709884150850382,0.7000246487552378,,PRUNED
383,383,0.7458713334976583,2021-02-24 20:04:37.257714,2021-02-24 20:08:00.186281,0 days 00:03:22.928567,3.862713127979315e-05,50,0.9921141886047169,4.860302568665992,0.7121025388217895,,,COMPLETE
384,384,0.7024895242790239,2021-02-24 20:08:00.187023,2021-02-24 20:08:13.029887,0 days 00:00:12.842864,2.5287605422306028e-05,50,0.9981806236788879,2.744822282261949,0.7024895242790239,,,PRUNED
385,385,0.7059403500123244,2021-02-24 20:08:13.030218,2021-02-24 20:08:25.907174,0 days 00:00:12.876956,0.0011407972806732156,80,0.9951226925883627,8.277420138856874,0.7059403500123244,,,PRUNED
386,386,0.6975597732314518,2021-02-24 20:08:25.907496,2021-02-24 20:09:45.375362,0 days 00:01:19.467866,8.879743930979648e-05,50,0.9921762974134979,4.903469001922215,0.6975597732314518,,,PRUNED
387,387,0.7032289869361598,2021-02-24 20:09:45.375687,2021-02-24 20:11:04.936542,0 days 00:01:19.560855,0.000580053521717684,40,0.9925814788636106,9.439697333252107,0.7032289869361598,,,PRUNED
388,388,0.7059403500123244,2021-02-24 20:11:04.936874,2021-02-24 20:11:17.708144,0 days 00:00:12.771270,0.00012115488278128003,90,0.998346622881135,10.069835288233936,0.7059403500123244,,,PRUNED
389,389,0.7039684495932955,2021-02-24 20:11:17.708498,2021-02-24 20:11:47.065750,0 days 00:00:29.357252,4.020067819703078e-05,90,0.9969358036476156,1.00915041007813,0.7088982006408676,0.7039684495932955,,PRUNED
390,390,0.7029824993837811,2021-02-24 20:11:47.066056,2021-02-24 20:11:59.841517,0 days 00:00:12.775461,7.836913099055512e-05,50,0.9984342170827365,7.7042373829054025,0.7029824993837811,,,PRUNED
391,391,0.6975597732314518,2021-02-24 20:11:59.841841,2021-02-24 20:12:29.389052,0 days 00:00:29.547211,2.893924316717723e-05,50,0.9979891572295259,8.026625304726466,0.7101306384027607,0.6975597732314518,,PRUNED
392,392,0.703721962040917,2021-02-24 20:12:29.389380,2021-02-24 20:12:58.969684,0 days 00:00:29.580304,9.299298090725555e-05,40,0.9988747506246142,3.879348666627796,0.7076657628789746,0.703721962040917,,PRUNED
393,393,0.7069263002218388,2021-02-24 20:12:58.970037,2021-02-24 20:16:21.945041,0 days 00:03:22.975004,0.00011870169180719786,40,0.9947544880916737,12.178018301972633,0.719250677840769,0.709884150850382,,COMPLETE
394,394,0.7007641114123737,2021-02-24 20:16:21.945871,2021-02-24 20:17:41.385914,0 days 00:01:19.440043,5.2001040808106506e-05,50,0.9935804473216339,7.249527652728419,0.7007641114123737,,,PRUNED
395,395,0.7071727877742174,2021-02-24 20:17:41.386227,2021-02-24 20:18:10.925347,0 days 00:00:29.539120,8.219283309986813e-05,50,0.9986548085603345,8.892885877536425,0.7106236135075179,0.7071727877742174,,PRUNED
396,396,0.7064333251170816,2021-02-24 20:18:10.925677,2021-02-24 20:18:40.371205,0 days 00:00:29.445528,0.00011828870367580594,40,0.9950001316905928,12.372956120265075,0.7064333251170816,,,PRUNED
397,397,0.6990386985457234,2021-02-24 20:18:40.371539,2021-02-24 20:20:00.073686,0 days 00:01:19.702147,1.784877929439796e-05,50,0.9953195186538405,5.768640616643787,0.7108701010598965,0.7096376632980035,0.6990386985457234,PRUNED
398,398,0.7049543998028099,2021-02-24 20:20:00.073993,2021-02-24 20:20:12.835142,0 days 00:00:12.761149,1.916900355121677e-05,80,0.9952943860904818,5.5759878240216025,0.7049543998028099,,,PRUNED
399,399,0.7017500616218881,2021-02-24 20:20:12.835477,2021-02-24 20:20:42.270054,0 days 00:00:29.434577,1.3717177462386462e-05,50,0.9955322085843896,5.288473797935369,0.7108701010598965,0.7017500616218881,,PRUNED
400,400,0.7069263002218388,2021-02-24 20:20:42.270389,2021-02-24 20:21:11.901025,0 days 00:00:29.630636,0.0001805596723899768,40,0.9945908165756163,13.224014521152952,0.7069263002218388,,,PRUNED
401,401,0.7039684495932955,2021-02-24 20:21:11.901328,2021-02-24 20:22:31.659829,0 days 00:01:19.758501,1.6513043802223803e-05,60,0.9931127342579682,5.835994080139312,0.7039684495932955,,,PRUNED
402,402,0.7042149371456742,2021-02-24 20:22:31.660181,2021-02-24 20:22:44.507443,0 days 00:00:12.847262,2.236037638386797e-05,90,0.9932942951787999,5.87220985794269,0.7042149371456742,,,PRUNED
403,403,0.7010105989647523,2021-02-24 20:22:44.507777,2021-02-24 20:23:14.097088,0 days 00:00:29.589311,3.468450097956866e-05,30,0.9947422965741919,12.921035150302,0.7010105989647523,,,PRUNED
404,404,0.7071727877742174,2021-02-24 20:23:14.097414,2021-02-24 20:23:26.974410,0 days 00:00:12.876996,0.0007466601452682647,80,0.9949480507560388,6.454875808131702,0.7071727877742174,,,PRUNED
405,405,0.7056938624599458,2021-02-24 20:23:26.974740,2021-02-24 20:23:56.441854,0 days 00:00:29.467114,1.5738666877038946e-05,40,0.9939069852601435,11.330667513982535,0.7056938624599458,,,PRUNED
406,406,0.7066798126694602,2021-02-24 20:23:56.442183,2021-02-24 20:24:09.344820,0 days 00:00:12.902637,0.00042376730632506197,90,0.9957675983915371,9.565105324409513,0.7066798126694602,,,PRUNED
407,407,0.7064333251170816,2021-02-24 20:24:09.345147,2021-02-24 20:24:22.267002,0 days 00:00:12.921855,1.726387308883104e-05,50,0.9953845804691804,4.748222780542532,0.7064333251170816,,,PRUNED
408,408,0.6761153561745132,2021-02-24 20:24:22.267339,2021-02-24 20:27:45.532096,0 days 00:03:23.264757,0.00010256132732205014,50,0.9942444192854866,2.065062191450661,0.7111165886122751,0.7079122504313532,,COMPLETE
409,409,0.7059403500123244,2021-02-24 20:27:45.532814,2021-02-24 20:28:14.920439,0 days 00:00:29.387625,6.641340449903289e-05,40,0.993670503853304,12.044480024577444,0.7059403500123244,,,PRUNED
410,410,0.7056938624599458,2021-02-24 20:28:14.920766,2021-02-24 20:28:27.731581,0 days 00:00:12.810815,0.00462558809921448,50,0.998989327489888,7.142327399371026,0.7056938624599458,,,PRUNED
411,411,0.7019965491742667,2021-02-24 20:28:27.731904,2021-02-24 20:28:40.579357,0 days 00:00:12.847453,5.8372878027411515e-05,50,0.9945199678765299,8.32947248568038,0.7019965491742667,,,PRUNED
412,412,0.6995316736504806,2021-02-24 20:28:40.579715,2021-02-24 20:29:10.063656,0 days 00:00:29.483941,7.10425683052837e-05,60,0.9951773978039427,7.817844968092354,0.71555336455509,0.6995316736504806,,PRUNED
413,413,0.7032289869361598,2021-02-24 20:29:10.064010,2021-02-24 20:29:22.887700,0 days 00:00:12.823690,2.4492596266925685e-05,50,0.9956571578583207,7.408951562441074,0.7032289869361598,,,PRUNED
414,414,0.7007641114123737,2021-02-24 20:29:22.888041,2021-02-24 20:30:42.410493,0 days 00:01:19.522452,1.2202432416858025e-05,70,0.9921357085921003,3.276440290613425,0.7007641114123737,,,PRUNED
415,415,0.6987922109933449,2021-02-24 20:30:42.410829,2021-02-24 20:32:01.824543,0 days 00:01:19.413714,1.5404811729514504e-05,100,0.9985096483249642,1.3348025424310068,0.7143209267931969,0.7086517130884891,0.6987922109933449,PRUNED
416,416,0.706186837564703,2021-02-24 20:32:01.824864,2021-02-24 20:32:31.339270,0 days 00:00:29.514406,1.4131050193407613e-05,100,0.9947718418186412,1.8522251792726263,0.7091446881932463,0.706186837564703,,PRUNED
417,417,0.700517623859995,2021-02-24 20:32:31.339632,2021-02-24 20:33:00.772806,0 days 00:00:29.433174,1.2496436310508419e-05,100,0.9966274774154209,1.412302593318246,0.709884150850382,0.700517623859995,,PRUNED
418,418,0.6889327088982007,2021-02-24 20:33:00.773176,2021-02-24 20:36:24.342836,0 days 00:03:23.569660,8.42388317251725e-05,30,0.9944398981691499,14.491777543015115,0.7076657628789746,0.7170322898693616,,COMPLETE
419,419,0.7056938624599458,2021-02-24 20:36:24.343576,2021-02-24 20:36:53.845759,0 days 00:00:29.502183,2.7840908064936458e-05,80,0.9931324142637117,8.691656540997261,0.7056938624599458,,,PRUNED
420,420,0.6645304412127188,2021-02-24 20:36:53.846093,2021-02-24 20:40:17.424105,0 days 00:03:23.578012,3.9952402799419077e-05,50,0.991574451011965,2.174795327762324,0.7108701010598965,,,COMPLETE
421,421,0.6953413852600444,2021-02-24 20:40:17.424850,2021-02-24 20:40:46.972015,0 days 00:00:29.547165,4.2373593281090666e-05,60,0.995824729277866,10.79673781771097,0.6953413852600444,,,PRUNED
422,422,0.7049543998028099,2021-02-24 20:40:46.972377,2021-02-24 20:41:16.523709,0 days 00:00:29.551332,0.0006166974424587821,70,0.9915277558247405,13.549970709693401,0.7049543998028099,,,PRUNED
423,423,0.7054473749075671,2021-02-24 20:41:16.524031,2021-02-24 20:41:29.369655,0 days 00:00:12.845624,1.6526812533680168e-05,100,0.9978932071536452,2.2740780060913703,0.7054473749075671,,,PRUNED
424,424,0.6933694848410156,2021-02-24 20:41:29.370023,2021-02-24 20:41:58.792055,0 days 00:00:29.422032,1.9765748701840347e-05,100,0.9938879495228043,0.7203924119302219,0.7079122504313532,0.6933694848410156,,PRUNED
425,425,0.7034754744885383,2021-02-24 20:41:58.792377,2021-02-24 20:42:11.723025,0 days 00:00:12.930648,1.655619504553314e-05,80,0.9985216382419344,0.04939098496710903,0.7034754744885383,,,PRUNED
426,426,0.69435543505053,2021-02-24 20:42:11.723362,2021-02-24 20:43:31.410856,0 days 00:01:19.687494,2.51160686156929e-05,60,0.9910187950302661,4.2831329092172705,0.69435543505053,,,PRUNED
427,427,0.6946019226029085,2021-02-24 20:43:31.411195,2021-02-24 20:43:44.297414,0 days 00:00:12.886219,1.0232345605362557e-05,50,0.9983243517298095,1.341223195147673,0.6946019226029085,,,PRUNED
428,428,0.7059403500123244,2021-02-24 20:43:44.297776,2021-02-24 20:45:04.033007,0 days 00:01:19.735231,0.0001136396344991543,70,0.9947483183608993,9.010080445489775,0.7076657628789746,0.7059403500123244,,PRUNED
429,429,0.7017500616218881,2021-02-24 20:45:04.033349,2021-02-24 20:46:23.795019,0 days 00:01:19.761670,3.857326082981784e-05,70,0.9926328253962466,2.5176291060860914,0.7017500616218881,,,PRUNED
430,430,0.7056938624599458,2021-02-24 20:46:23.795343,2021-02-24 20:47:43.439856,0 days 00:01:19.644513,0.0007988915060311963,80,0.9904758399880429,6.37379971580413,0.7056938624599458,,,PRUNED
