,number,value,datetime_start,datetime_complete,duration,params_lr,params_out_dim,params_scheduler_gamma,params_weight_decay,system_attrs_completed_rung_0,system_attrs_completed_rung_1,system_attrs_completed_rung_2,state
1079,1079,0.7047079122504314,2021-02-25 06:51:12.971421,2021-02-25 06:51:25.778849,0 days 00:00:12.807428,1.0273038809359636e-05,100,0.9986690872783666,6.055225904554523,0.7047079122504314,,,PRUNED
1080,1080,0.7002711363076165,2021-02-25 06:51:25.779457,2021-02-25 06:51:38.587567,0 days 00:00:12.808110,1.0164136823850296e-05,90,0.9987375575273846,6.072767298671417,0.7002711363076165,,,PRUNED
1081,1081,0.7079122504313532,2021-02-25 06:51:38.588170,2021-02-25 06:52:07.665088,0 days 00:00:29.076918,1.6837257067936425e-05,90,0.9987392507017658,5.5670184834605125,0.7135814641360612,0.7079122504313532,,PRUNED
1082,1082,0.6946019226029085,2021-02-25 06:52:07.665682,2021-02-25 06:53:26.421477,0 days 00:01:18.755795,0.0001693176341739741,50,0.9945246983490037,11.420708715823485,0.7084052255361104,0.6946019226029085,,PRUNED
1083,1083,0.7052008873551886,2021-02-25 06:53:26.422060,2021-02-25 06:53:39.266204,0 days 00:00:12.844144,8.035093810291261e-05,90,0.9989794335825392,5.429578426770296,0.7052008873551886,,,PRUNED
1084,1084,0.7010105989647523,2021-02-25 06:53:39.266800,2021-02-25 06:57:00.105317,0 days 00:03:20.838517,0.0007852886421028394,50,0.9919565480314598,4.906225256523987,0.7079122504313532,,,COMPLETE
1085,1085,0.7059403500123244,2021-02-25 06:57:00.106313,2021-02-25 06:57:29.450143,0 days 00:00:29.343830,0.00011797297151653683,90,0.9985301010620666,6.586442193786618,0.7088982006408676,0.7059403500123244,,PRUNED
1086,1086,0.7049543998028099,2021-02-25 06:57:29.450724,2021-02-25 06:57:42.257068,0 days 00:00:12.806344,1.1479726712309493e-05,100,0.9939934998652744,5.791772451762407,0.7049543998028099,,,PRUNED
1087,1087,0.703721962040917,2021-02-25 06:57:42.257660,2021-02-25 06:58:11.455072,0 days 00:00:29.197412,0.0002025385109275387,50,0.9947668117018748,18.39989613578997,0.703721962040917,,,PRUNED
1088,1088,0.707419275326596,2021-02-25 06:58:11.455676,2021-02-25 06:58:40.752645,0 days 00:00:29.296969,1.4279328364977287e-05,90,0.9989568147751369,6.205581937803215,0.7071727877742174,0.707419275326596,,PRUNED
1089,1089,0.7044614246980527,2021-02-25 06:58:40.753242,2021-02-25 06:59:10.204790,0 days 00:00:29.451548,0.00036347677422923395,50,0.9950374188615477,12.239447477431355,0.7044614246980527,,,PRUNED
1090,1090,0.7052008873551886,2021-02-25 06:59:10.205372,2021-02-25 06:59:39.508947,0 days 00:00:29.303575,0.0002647358649482974,50,0.9953089884902641,11.001801837561896,0.7052008873551886,,,PRUNED
1091,1091,0.7039684495932955,2021-02-25 06:59:39.509545,2021-02-25 06:59:52.275441,0 days 00:00:12.765896,0.00014497424539338942,90,0.9948132387013765,6.861107174111404,0.7039684495932955,,,PRUNED
1092,1092,0.6982992358885877,2021-02-25 06:59:52.276038,2021-02-25 07:00:21.604151,0 days 00:00:29.328113,1.747595312189053e-05,90,0.9945714286811999,6.915239108394796,0.7093911757456248,0.6982992358885877,,PRUNED
1093,1093,0.7056938624599458,2021-02-25 07:00:21.604751,2021-02-25 07:00:50.899800,0 days 00:00:29.295049,1.3074988346820078e-05,60,0.9986075963480293,7.514508299854716,0.7084052255361104,0.7056938624599458,,PRUNED
1094,1094,0.707419275326596,2021-02-25 07:00:50.900411,2021-02-25 07:01:20.316752,0 days 00:00:29.416341,0.00017771371323492546,50,0.9948764382987286,10.127092591033762,0.707419275326596,,,PRUNED
1095,1095,0.7042149371456742,2021-02-25 07:01:20.317337,2021-02-25 07:02:38.813404,0 days 00:01:18.496067,0.00038473357748926475,20,0.9923297415891633,4.112973972751767,0.7042149371456742,,,PRUNED
1096,1096,0.7049543998028099,2021-02-25 07:02:38.813976,2021-02-25 07:03:57.515503,0 days 00:01:18.701527,0.0014238808317818131,30,0.9926071035001481,6.944073408940556,0.7049543998028099,,,PRUNED
1097,1097,0.7064333251170816,2021-02-25 07:03:57.516084,2021-02-25 07:04:10.309533,0 days 00:00:12.793449,1.00484229410041e-05,100,0.9987277875377969,6.544927676256067,0.7064333251170816,,,PRUNED
1098,1098,0.7029824993837811,2021-02-25 07:04:10.310097,2021-02-25 07:04:39.493777,0 days 00:00:29.183680,0.00010181253863429,90,0.9987957426431819,7.280624026609593,0.7091446881932463,0.7029824993837811,,PRUNED
1099,1099,0.69435543505053,2021-02-25 07:04:39.494337,2021-02-25 07:05:58.198728,0 days 00:01:18.704391,1.5408853551577656e-05,90,0.9941742603920936,7.464249353835599,0.7076657628789746,0.7111165886122751,0.69435543505053,PRUNED
1100,1100,0.6982992358885877,2021-02-25 07:05:58.199304,2021-02-25 07:06:11.012841,0 days 00:00:12.813537,7.568905621501342e-05,90,0.9902784361890271,6.106258376215592,0.6982992358885877,,,PRUNED
1101,1101,0.7032289869361598,2021-02-25 07:06:11.013473,2021-02-25 07:07:29.815154,0 days 00:01:18.801681,0.00015078660143674126,100,0.9960013282749071,10.749718385681065,0.7138279516884397,0.7032289869361598,,PRUNED
1102,1102,0.7071727877742174,2021-02-25 07:07:29.815740,2021-02-25 07:07:59.006111,0 days 00:00:29.190371,0.0004716266417826562,60,0.9945309043463679,11.697316903056308,0.7071727877742174,,,PRUNED
1103,1103,0.6729110179935913,2021-02-25 07:07:59.006748,2021-02-25 07:11:19.837964,0 days 00:03:20.831216,0.0003164498494347004,20,0.9921233461906936,5.055279477131574,0.709884150850382,,,COMPLETE
1104,1104,0.6938624599457728,2021-02-25 07:11:19.838967,2021-02-25 07:12:38.479497,0 days 00:01:18.640530,1.2410706750161044e-05,100,0.998989688899827,5.304177747151416,0.7091446881932463,0.7202366280502834,0.6938624599457728,PRUNED
1105,1105,0.7039684495932955,2021-02-25 07:12:38.480118,2021-02-25 07:13:57.236622,0 days 00:01:18.756504,0.0008090778720382382,60,0.9943283544354367,3.734456798029825,0.7039684495932955,,,PRUNED
1106,1106,0.7066798126694602,2021-02-25 07:13:57.237208,2021-02-25 07:14:09.978189,0 days 00:00:12.740981,8.86121481910272e-05,90,0.9947190081462954,7.038377983585869,0.7066798126694602,,,PRUNED
1107,1107,0.7002711363076165,2021-02-25 07:14:09.978794,2021-02-25 07:14:39.206329,0 days 00:00:29.227535,1.8947742397750785e-05,90,0.9984550544952676,7.634706114693765,0.7121025388217895,0.7002711363076165,,PRUNED
1108,1108,0.707419275326596,2021-02-25 07:14:39.206912,2021-02-25 07:15:08.522946,0 days 00:00:29.316034,4.391333879225112e-05,50,0.995172186948007,12.336279866643292,0.707419275326596,,,PRUNED
1109,1109,0.7049543998028099,2021-02-25 07:15:08.523518,2021-02-25 07:15:21.312999,0 days 00:00:12.789481,1.4675389025552353e-05,90,0.9989540251093236,4.7660728845338305,0.7049543998028099,,,PRUNED
1110,1110,0.7059403500123244,2021-02-25 07:15:21.313580,2021-02-25 07:15:34.129392,0 days 00:00:12.815812,7.08161325794216e-05,100,0.9944453445925983,7.31795576110828,0.7059403500123244,,,PRUNED
1111,1111,0.6711856051269411,2021-02-25 07:15:34.129992,2021-02-25 07:16:52.881043,0 days 00:01:18.751051,1.1238789782647049e-05,90,0.9985438545615114,7.783693905307375,0.7217155533645551,0.7135814641360612,0.6711856051269411,PRUNED
1112,1112,0.6534385013556815,2021-02-25 07:16:52.881631,2021-02-25 07:20:13.475816,0 days 00:03:20.594185,0.0002610115362752917,20,0.9915239534856444,4.708805298049928,0.7084052255361104,,,COMPLETE
1113,1113,0.700517623859995,2021-02-25 07:20:13.476811,2021-02-25 07:21:32.145126,0 days 00:01:18.668315,2.6568266670279897e-05,80,0.9946699574201004,10.470211072487633,0.7103771259551392,0.700517623859995,,PRUNED
1114,1114,0.7044614246980527,2021-02-25 07:21:32.145679,2021-02-25 07:22:50.687826,0 days 00:01:18.542147,0.00019802668211718166,30,0.9921273441219812,11.19074983031226,0.7096376632980035,0.7044614246980527,,PRUNED
1115,1115,0.7056938624599458,2021-02-25 07:22:50.688440,2021-02-25 07:23:03.559802,0 days 00:00:12.871362,1.6990272308946135e-05,90,0.994785848496968,6.610664794353678,0.7056938624599458,,,PRUNED
1116,1116,0.7012570865171309,2021-02-25 07:23:03.560409,2021-02-25 07:23:32.941880,0 days 00:00:29.381471,1.0174439428785714e-05,90,0.9987812971455662,5.831649882663582,0.7079122504313532,0.7012570865171309,,PRUNED
1117,1117,0.7056938624599458,2021-02-25 07:23:32.942466,2021-02-25 07:24:51.639619,0 days 00:01:18.697153,3.391473396843393e-05,90,0.9952927283707972,12.001073884514275,0.7086517130884891,0.7056938624599458,,PRUNED
1118,1118,0.706186837564703,2021-02-25 07:24:51.640223,2021-02-25 07:28:12.549154,0 days 00:03:20.908931,8.455868083178351e-05,100,0.9989938733537984,7.98535262567834,0.7091446881932463,0.7096376632980035,0.7121025388217895,COMPLETE
1119,1119,0.6982992358885877,2021-02-25 07:28:12.550147,2021-02-25 07:29:31.354123,0 days 00:01:18.803976,9.205552786676458e-05,100,0.9989263512210829,8.21637783614426,0.7125955139265467,0.7214690658121765,0.6982992358885877,PRUNED
1120,1120,0.695587872812423,2021-02-25 07:29:31.354728,2021-02-25 07:30:00.629059,0 days 00:00:29.274331,0.000248782794490302,50,0.9989332300226963,9.922687182882994,0.695587872812423,,,PRUNED
1121,1121,0.7066798126694602,2021-02-25 07:30:00.629687,2021-02-25 07:30:29.910286,0 days 00:00:29.280599,0.00014279685767566773,50,0.990865735149113,11.608522785370067,0.7066798126694602,,,PRUNED
1122,1122,0.7054473749075671,2021-02-25 07:30:29.910891,2021-02-25 07:30:42.640275,0 days 00:00:12.729384,8.132543684042119e-05,100,0.9989854009135852,7.959949502858888,0.7054473749075671,,,PRUNED
1123,1123,0.7007641114123737,2021-02-25 07:30:42.640902,2021-02-25 07:32:01.397695,0 days 00:01:18.756793,0.00012256931427484917,100,0.9986113818044761,7.29697267953113,0.7076657628789746,0.7128420014789253,0.7007641114123737,PRUNED
1124,1124,0.7086517130884891,2021-02-25 07:32:01.398313,2021-02-25 07:32:30.606138,0 days 00:00:29.207825,0.00010095223573322702,100,0.9989790981160032,7.95404442307623,0.7111165886122751,0.7086517130884891,,PRUNED
1125,1125,0.7044614246980527,2021-02-25 07:32:30.606729,2021-02-25 07:33:49.427835,0 days 00:01:18.821106,0.0002953809508233288,60,0.994960639500772,10.994472690266587,0.7079122504313532,0.7044614246980527,,PRUNED
1126,1126,0.700517623859995,2021-02-25 07:33:49.428390,2021-02-25 07:34:02.261119,0 days 00:00:12.832729,7.066238229898675e-05,100,0.9987092286465387,7.504263960789799,0.700517623859995,,,PRUNED
1127,1127,0.700517623859995,2021-02-25 07:34:02.261746,2021-02-25 07:34:15.077357,0 days 00:00:12.815611,8.304210972449271e-05,100,0.9988220153252774,7.147818125178746,0.700517623859995,,,PRUNED
1128,1128,0.6874537835839291,2021-02-25 07:34:15.077969,2021-02-25 07:37:35.860762,0 days 00:03:20.782793,0.00012226600267108132,50,0.9955915511210592,12.84334385441978,0.7108701010598965,0.7256593542026127,,COMPLETE
1129,1129,0.7064333251170816,2021-02-25 07:37:35.861758,2021-02-25 07:37:48.580032,0 days 00:00:12.718274,6.373067620301645e-05,100,0.9989962471154619,8.251853686843598,0.7064333251170816,,,PRUNED
1130,1130,0.7291101799359132,2021-02-25 07:37:48.580645,2021-02-25 07:41:09.315677,0 days 00:03:20.735032,0.00044525629755142663,40,0.9940695224593868,4.328654014799796,0.7227015035740695,,,COMPLETE
1131,1131,0.7015035740695095,2021-02-25 07:41:09.316674,2021-02-25 07:42:28.133434,0 days 00:01:18.816760,0.0004622883271868558,40,0.9940602963215429,3.3278136612538116,0.7015035740695095,,,PRUNED
1132,1132,0.706186837564703,2021-02-25 07:42:28.133995,2021-02-25 07:42:40.933902,0 days 00:00:12.799907,9.406487857248573e-05,100,0.9983735167907499,7.860217482495671,0.706186837564703,,,PRUNED
1133,1133,0.7032289869361598,2021-02-25 07:42:40.934513,2021-02-25 07:43:10.185944,0 days 00:00:29.251431,3.8115847160675733e-05,50,0.9929702311519181,10.427572227720145,0.7032289869361598,,,PRUNED
1134,1134,0.7069263002218388,2021-02-25 07:43:10.186515,2021-02-25 07:43:23.007910,0 days 00:00:12.821395,0.00010536444004870488,100,0.9986159006564818,6.505135957171017,0.7069263002218388,,,PRUNED
1135,1135,0.7000246487552378,2021-02-25 07:43:23.008499,2021-02-25 07:46:43.752139,0 days 00:03:20.743640,7.870675148210609e-05,60,0.9988061879094446,7.6224364373487905,0.7108701010598965,0.7153068770027113,0.7123490263741681,COMPLETE
1136,1136,0.700517623859995,2021-02-25 07:46:43.753148,2021-02-25 07:46:56.494985,0 days 00:00:12.741837,7.321774159117451e-05,70,0.9984630358743946,7.673268207210997,0.700517623859995,,,PRUNED
1137,1137,0.703721962040917,2021-02-25 07:46:56.495600,2021-02-25 07:47:09.227529,0 days 00:00:12.731929,8.337550037203525e-05,60,0.9982914622795165,7.563958079232717,0.703721962040917,,,PRUNED
1138,1138,0.7052008873551886,2021-02-25 07:47:09.228100,2021-02-25 07:47:22.062809,0 days 00:00:12.834709,5.6367176140426454e-05,60,0.9989893141552184,6.9382466203655255,0.7052008873551886,,,PRUNED
1139,1139,0.7024895242790239,2021-02-25 07:47:22.063427,2021-02-25 07:47:34.755449,0 days 00:00:12.692022,6.69514531113687e-05,70,0.9987873925738895,6.348900197828259,0.7024895242790239,,,PRUNED
1140,1140,0.700517623859995,2021-02-25 07:47:34.756094,2021-02-25 07:48:04.011882,0 days 00:00:29.255788,0.00012916844674895633,70,0.9985685312083431,8.170682441583677,0.7103771259551392,0.700517623859995,,PRUNED
1141,1141,0.703721962040917,2021-02-25 07:48:04.012519,2021-02-25 07:48:33.282371,0 days 00:00:29.269852,0.0001846965447841475,60,0.9961993119328834,12.400184234428771,0.703721962040917,,,PRUNED
1142,1142,0.6687207296031551,2021-02-25 07:48:33.283011,2021-02-25 07:51:54.211490,0 days 00:03:20.928479,9.296822896421599e-05,60,0.9988172778554406,3.264373829493854,0.7185112151836333,0.7170322898693616,0.7148139018979541,COMPLETE
1143,1143,0.7071727877742174,2021-02-25 07:51:54.212505,2021-02-25 07:52:23.480520,0 days 00:00:29.268015,0.00022989569269441252,50,0.9958231251062678,14.551600996158944,0.7071727877742174,,,PRUNED
1144,1144,0.6859748582696574,2021-02-25 07:52:23.481090,2021-02-25 07:52:52.790773,0 days 00:00:29.309683,9.723419617124205e-05,70,0.9987310115636902,4.528195161410636,0.7084052255361104,0.6859748582696574,,PRUNED
1145,1145,0.7064333251170816,2021-02-25 07:52:52.791398,2021-02-25 07:53:05.560979,0 days 00:00:12.769581,0.00010935983068414112,60,0.9987340549575229,2.9620474654092392,0.7064333251170816,,,PRUNED
1146,1146,0.6586147399556322,2021-02-25 07:53:05.561593,2021-02-25 07:56:26.508210,0 days 00:03:20.946617,6.241644323900315e-05,30,0.995120014699879,9.51948562179156,0.7116095637170323,0.7088982006408676,,COMPLETE
1147,1147,0.7054473749075671,2021-02-25 07:56:26.509216,2021-02-25 07:57:45.198754,0 days 00:01:18.689538,8.487323405804321e-05,60,0.9988456403664079,3.948262009360667,0.7111165886122751,0.7143209267931969,0.7054473749075671,PRUNED
1148,1148,0.700517623859995,2021-02-25 07:57:45.199371,2021-02-25 07:57:57.962586,0 days 00:00:12.763215,7.694222501351238e-05,60,0.9985025334769826,2.943556896766293,0.700517623859995,,,PRUNED
1149,1149,0.7034754744885383,2021-02-25 07:57:57.963201,2021-02-25 07:58:10.727108,0 days 00:00:12.763907,0.00010968897269100963,60,0.9986191798931606,7.335732823434471,0.7034754744885383,,,PRUNED
1150,1150,0.6911510968696081,2021-02-25 07:58:10.727742,2021-02-25 07:59:29.366964,0 days 00:01:18.639222,9.27919292179335e-05,60,0.9988028192720378,3.450011729503405,0.7172787774217402,0.7256593542026127,0.6911510968696081,PRUNED
1151,1151,0.7027360118314026,2021-02-25 07:59:29.367579,2021-02-25 07:59:58.491732,0 days 00:00:29.124153,0.0003993943706476934,10,0.995415133150639,11.479031708584344,0.7027360118314026,,,PRUNED
1152,1152,0.7015035740695095,2021-02-25 07:59:58.492319,2021-02-25 08:00:11.407127,0 days 00:00:12.914808,0.00012182268456058523,70,0.9989982414115506,3.248774267291576,0.7015035740695095,,,PRUNED
1153,1153,0.6995316736504806,2021-02-25 08:00:11.407731,2021-02-25 08:03:32.290337,0 days 00:03:20.882606,0.00016093177780078207,70,0.9948526783704583,10.099300585695955,0.7093911757456248,0.7071727877742174,,COMPLETE
1154,1154,0.6990386985457234,2021-02-25 08:03:32.291375,2021-02-25 08:03:45.129074,0 days 00:00:12.837699,7.412820679352542e-05,60,0.9917981133144502,2.6382619487131596,0.6990386985457234,,,PRUNED
1155,1155,0.6941089474981513,2021-02-25 08:03:45.129719,2021-02-25 08:05:03.843132,0 days 00:01:18.713413,9.306096362899803e-05,60,0.9968753866899769,4.070467457657922,0.7088982006408676,0.7116095637170323,0.6941089474981513,PRUNED
1156,1156,0.6982992358885877,2021-02-25 08:05:03.843729,2021-02-25 08:05:16.646244,0 days 00:00:12.802515,6.389188469450087e-05,60,0.998542392156197,3.4107319030271217,0.6982992358885877,,,PRUNED
1157,1157,0.7017500616218881,2021-02-25 08:05:16.646870,2021-02-25 08:05:45.847630,0 days 00:00:29.200760,5.150486364342166e-05,60,0.9988411957639911,8.21823010477823,0.709884150850382,0.7017500616218881,,PRUNED
1158,1158,0.7029824993837811,2021-02-25 08:05:45.848278,2021-02-25 08:07:04.603308,0 days 00:01:18.755030,0.0006735517547622469,50,0.9954340471717231,4.33041970869702,0.7029824993837811,,,PRUNED
1159,1159,0.7064333251170816,2021-02-25 08:07:04.603914,2021-02-25 08:07:17.368967,0 days 00:00:12.765053,0.00016144123221082703,50,0.9950637060561761,8.565875561760848,0.7064333251170816,,,PRUNED
1160,1160,0.7049543998028099,2021-02-25 08:07:17.369593,2021-02-25 08:07:30.073852,0 days 00:00:12.704259,7.963543984862858e-05,60,0.9970504106596476,7.841933751006935,0.7049543998028099,,,PRUNED
1161,1161,0.700517623859995,2021-02-25 08:07:30.074474,2021-02-25 08:08:48.865581,0 days 00:01:18.791107,7.205004332584362e-05,70,0.9986214877906517,7.211270072696733,0.709884150850382,0.7135814641360612,0.700517623859995,PRUNED
1162,1162,0.7029824993837811,2021-02-25 08:08:48.866190,2021-02-25 08:10:07.713663,0 days 00:01:18.847473,0.00011193672636163568,80,0.9937576751369014,11.99141835235449,0.7123490263741681,0.7029824993837811,,PRUNED
1163,1163,0.7064333251170816,2021-02-25 08:10:07.714292,2021-02-25 08:10:20.482129,0 days 00:00:12.767837,0.00019721089252755034,60,0.9984029087523478,3.737473512271893,0.7064333251170816,,,PRUNED
1164,1164,0.7044614246980527,2021-02-25 08:10:20.482773,2021-02-25 08:10:33.196888,0 days 00:00:12.714115,0.00010422268610041263,50,0.9988232744280253,12.284537996702701,0.7044614246980527,,,PRUNED
1165,1165,0.7049543998028099,2021-02-25 08:10:33.197506,2021-02-25 08:11:51.919715,0 days 00:01:18.722209,0.00013405768156030993,70,0.9989640123621094,8.440748472774967,0.7088982006408676,0.7121025388217895,0.7049543998028099,PRUNED
1166,1166,0.6840029578506286,2021-02-25 08:11:51.920310,2021-02-25 08:13:10.682416,0 days 00:01:18.762106,7.383983306092014e-05,50,0.9942420772116479,10.845517916703995,0.7116095637170323,0.6840029578506286,,PRUNED
1167,1167,0.7069263002218388,2021-02-25 08:13:10.683026,2021-02-25 08:13:39.923458,0 days 00:00:29.240432,0.00031431125587100587,70,0.9946895355470767,17.975755731365965,0.7069263002218388,,,PRUNED
1168,1168,0.7217155533645551,2021-02-25 08:13:39.924104,2021-02-25 08:17:00.647456,0 days 00:03:20.723352,5.050943050679771e-05,50,0.99442102430089,11.451992232535096,0.7101306384027607,0.7106236135075179,,COMPLETE
1169,1169,0.7076657628789746,2021-02-25 08:17:00.648456,2021-02-25 08:20:21.637904,0 days 00:03:20.989448,5.559689533943106e-05,50,0.994484269288031,11.333949868144297,0.7084052255361104,0.7091446881932463,,COMPLETE
1170,1170,0.7056938624599458,2021-02-25 08:20:21.638965,2021-02-25 08:21:40.295837,0 days 00:01:18.656872,0.0004047624241879001,40,0.991745366769335,5.252874333110922,0.7056938624599458,,,PRUNED
1171,1171,0.6953413852600444,2021-02-25 08:21:40.296421,2021-02-25 08:21:53.182164,0 days 00:00:12.885743,8.6892529434388e-05,50,0.9986702480877628,0.6732292538850353,0.6953413852600444,,,PRUNED
1172,1172,0.7054473749075671,2021-02-25 08:21:53.182764,2021-02-25 08:25:13.928701,0 days 00:03:20.745937,0.0005335361566838913,50,0.9946607527412222,4.009322994030363,0.7076657628789746,,,COMPLETE
1173,1173,0.6881932462410648,2021-02-25 08:25:13.929696,2021-02-25 08:26:32.763775,0 days 00:01:18.834079,5.9619886146012634e-05,60,0.9989828629305719,7.574666126517241,0.7084052255361104,0.7121025388217895,0.6881932462410648,PRUNED
1174,1174,0.703721962040917,2021-02-25 08:26:32.764378,2021-02-25 08:27:02.020811,0 days 00:00:29.256433,0.0001364943854539354,50,0.994388777312007,11.348111776744666,0.703721962040917,,,PRUNED
1175,1175,0.6982992358885877,2021-02-25 08:27:02.021438,2021-02-25 08:27:31.269555,0 days 00:00:29.248117,4.8388642581364575e-05,50,0.9944472764144395,11.172541233220377,0.6982992358885877,,,PRUNED
1176,1176,0.7000246487552378,2021-02-25 08:27:31.270175,2021-02-25 08:28:00.633148,0 days 00:00:29.362973,4.4532653899369845e-05,10,0.9989940328347221,8.129863326175796,0.7093911757456248,0.7000246487552378,,PRUNED
1177,1177,0.7047079122504314,2021-02-25 08:28:00.633778,2021-02-25 08:28:13.467732,0 days 00:00:12.833954,6.497598702356852e-05,100,0.9950062931670883,0.053250018581673775,0.7047079122504314,,,PRUNED
1178,1178,0.703721962040917,2021-02-25 08:28:13.468343,2021-02-25 08:28:42.674268,0 days 00:00:29.205925,0.00019828690367172335,50,0.9945699264990885,11.761069547895875,0.703721962040917,,,PRUNED
1179,1179,0.6950948977076657,2021-02-25 08:28:42.674891,2021-02-25 08:29:11.901382,0 days 00:00:29.226491,9.566527335796579e-05,50,0.9942797881062896,10.756066272268317,0.6950948977076657,,,PRUNED
1180,1180,0.7054473749075671,2021-02-25 08:29:11.901972,2021-02-25 08:29:24.641781,0 days 00:00:12.739809,8.374148517698799e-05,100,0.998362227359284,7.038034843522594,0.7054473749075671,,,PRUNED
1181,1181,0.6960808479171802,2021-02-25 08:29:24.642379,2021-02-25 08:32:45.481071,0 days 00:03:20.838692,0.00023990006356519052,50,0.9941068743607775,11.490021148365658,0.7121025388217895,0.7093911757456248,,COMPLETE
1182,1182,0.6990386985457234,2021-02-25 08:32:45.482091,2021-02-25 08:36:06.222909,0 days 00:03:20.740818,0.0005228534137309367,50,0.9946952523665865,3.9822464699538296,0.7133349765836825,,,COMPLETE
1183,1183,0.703721962040917,2021-02-25 08:36:06.223939,2021-02-25 08:37:24.926139,0 days 00:01:18.702200,9.514850760214462e-05,70,0.9989963680645155,8.425242747688559,0.7165393147646044,0.7101306384027607,0.703721962040917,PRUNED
