,number,value,datetime_start,datetime_complete,duration,params_lr,params_out_dim,params_scheduler_gamma,params_weight_decay,system_attrs_completed_rung_0,state
902,902,0.7343420364115427,2021-02-21 22:35:38.871984,2021-02-21 22:37:05.012442,0 days 00:01:26.140458,0.0004486993127338654,40,0.9923279509100094,3.270106470521748,0.7224550160216909,COMPLETE
903,903,0.706186837564703,2021-02-21 22:37:05.013378,2021-02-21 22:37:16.337318,0 days 00:00:11.323940,0.0005593033952237991,40,0.9922198225713815,3.4464381034021025,0.706186837564703,PRUNED
904,904,0.7223341206747154,2021-02-21 22:37:16.337872,2021-02-21 22:38:42.124603,0 days 00:01:25.786731,0.0004491154099225857,40,0.9920059447287365,3.592641490782952,0.7069263002218388,COMPLETE
905,905,0.7304735884358249,2021-02-21 22:38:42.125584,2021-02-21 22:40:07.912352,0 days 00:01:25.786768,0.0006212457901876691,40,0.9918085676169202,4.21501440861422,0.7084052255361104,COMPLETE
906,906,0.7027360118314026,2021-02-21 22:40:07.913026,2021-02-21 22:40:19.201918,0 days 00:00:11.288892,0.0004899307768263258,40,0.9923577740410373,4.342471726181089,0.7027360118314026,PRUNED
907,907,0.7219113634256391,2021-02-21 22:40:19.202383,2021-02-21 22:41:44.678865,0 days 00:01:25.476482,0.0004389172810873287,40,0.9926814399747832,3.310914419679712,0.7108701010598965,COMPLETE
908,908,0.7271551187886264,2021-02-21 22:41:44.679725,2021-02-21 22:43:10.921056,0 days 00:01:26.241331,0.0007248453231636174,40,0.9928921488690773,3.079534880783955,0.707419275326596,COMPLETE
909,909,0.7291684440057661,2021-02-21 22:43:10.921985,2021-02-21 22:44:36.931748,0 days 00:01:26.009763,0.0005603782718921554,40,0.9920844280918024,2.1641740834133074,0.7069263002218388,COMPLETE
910,910,0.7054473749075671,2021-02-21 22:44:36.932675,2021-02-21 22:44:48.176040,0 days 00:00:11.243365,0.00041661826060086733,50,0.9922706225821318,3.9383227267304517,0.7054473749075671,PRUNED
911,911,0.6928765097362584,2021-02-21 22:44:48.176539,2021-02-21 22:44:59.354926,0 days 00:00:11.178387,0.0006850554079419865,30,0.992414569451317,4.38283403243911,0.6928765097362584,PRUNED
912,912,0.7247095707203451,2021-02-21 22:44:59.355451,2021-02-21 22:46:25.354765,0 days 00:01:25.999314,1.5796024493444327e-05,40,0.997018593473603,3.5586769165987295,0.7076657628789746,COMPLETE
913,913,0.6982992358885877,2021-02-21 22:46:25.355734,2021-02-21 22:46:36.693551,0 days 00:00:11.337817,0.0004976092992653788,40,0.9921215239846238,4.84546346724734,0.6982992358885877,PRUNED
914,914,0.7311379376425544,2021-02-21 22:46:36.694033,2021-02-21 22:48:02.354892,0 days 00:01:25.660859,0.0003901141894946589,30,0.9921086302021797,4.732977539452942,0.7079122504313532,COMPLETE
915,915,0.706186837564703,2021-02-21 22:48:02.355824,2021-02-21 22:48:13.707785,0 days 00:00:11.351961,0.000477506277752501,40,0.9937854455253056,2.649615598987153,0.706186837564703,PRUNED
916,916,0.7307081816983667,2021-02-21 22:48:13.708297,2021-02-21 22:49:39.426037,0 days 00:01:25.717740,0.0006010670905403162,40,0.9924373573758015,3.4162098171246327,0.7071727877742174,COMPLETE
917,917,0.7210124167845213,2021-02-21 22:49:39.427001,2021-02-21 22:51:05.184005,0 days 00:01:25.757004,4.926507755625426e-05,40,0.9923148283660498,4.473882423013192,0.7113630761646537,COMPLETE
918,918,0.7264428043115052,2021-02-21 22:51:05.185010,2021-02-21 22:52:31.159307,0 days 00:01:25.974297,0.0004095853559041683,50,0.9942676295104949,5.276134639232308,0.7076657628789746,COMPLETE
919,919,0.7317154346268809,2021-02-21 22:52:31.160233,2021-02-21 22:53:56.993766,0 days 00:01:25.833533,0.0008606193631841675,40,0.9940500883685941,4.796226125327429,0.7106236135075179,COMPLETE
920,920,0.7054473749075671,2021-02-21 22:53:56.994696,2021-02-21 22:54:08.359481,0 days 00:00:11.364785,0.00011760887708780916,40,0.9919449675048534,3.2535221318219936,0.7054473749075671,PRUNED
921,921,0.7328877419942307,2021-02-21 22:54:08.360005,2021-02-21 22:55:34.187327,0 days 00:01:25.827322,0.000543281546584401,40,0.9926635831493797,3.0695862440578967,0.7079122504313532,COMPLETE
922,922,0.7029824993837811,2021-02-21 22:55:34.188275,2021-02-21 22:55:45.677313,0 days 00:00:11.489038,0.00039943995910115697,50,0.9971778800225594,5.213591065884897,0.7029824993837811,PRUNED
923,923,0.6909046093172295,2021-02-21 22:55:45.677808,2021-02-21 22:55:56.960502,0 days 00:00:11.282694,9.897189478205203e-05,40,0.9944228191553027,5.708589538672109,0.6909046093172295,PRUNED
924,924,0.7042149371456742,2021-02-21 22:55:56.961033,2021-02-21 22:56:08.251993,0 days 00:00:11.290960,0.0004955594670092785,40,0.9926171049737033,2.5235092373373513,0.7042149371456742,PRUNED
925,925,0.7234222959786207,2021-02-21 22:56:08.252490,2021-02-21 22:57:34.001928,0 days 00:01:25.749438,7.890280858052163e-05,40,0.9952682581681022,3.8053025869480086,0.7111165886122751,COMPLETE
926,926,0.7022430367266453,2021-02-21 22:57:34.002913,2021-02-21 22:57:45.279269,0 days 00:00:11.276356,0.00014122267552157188,30,0.992475953847996,4.971844480214088,0.7022430367266453,PRUNED
927,927,0.7029824993837811,2021-02-21 22:57:45.279742,2021-02-21 22:57:56.687028,0 days 00:00:11.407286,0.0006272126023413889,40,0.9939006229683331,4.1396251875774785,0.7029824993837811,PRUNED
928,928,0.6990386985457234,2021-02-21 22:57:56.687516,2021-02-21 22:58:07.863827,0 days 00:00:11.176311,0.0004511933567551424,40,0.9973937657630757,3.106754435724449,0.6990386985457234,PRUNED
929,929,0.7301969528797317,2021-02-21 22:58:07.864339,2021-02-21 22:59:33.562698,0 days 00:01:25.698359,0.0003879482381367715,40,0.9941852652684366,4.678860360288278,0.713088489031304,COMPLETE
930,930,0.7278381537017652,2021-02-21 22:59:33.563751,2021-02-21 23:00:59.227502,0 days 00:01:25.663751,0.0005620893271041712,50,0.996773349366404,5.349049100588309,0.7101306384027607,COMPLETE
931,931,0.7047079122504314,2021-02-21 23:00:59.228440,2021-02-21 23:01:10.451615,0 days 00:00:11.223175,0.0007480721417704711,40,0.996842114241986,5.679414364722184,0.7047079122504314,PRUNED
932,932,0.7281894543160048,2021-02-21 23:01:10.452166,2021-02-21 23:02:36.698541,0 days 00:01:26.246375,0.0004586240952034663,40,0.9916987156505754,2.852377306772106,0.7076657628789746,COMPLETE
933,933,0.7059403500123244,2021-02-21 23:02:36.699509,2021-02-21 23:02:47.929508,0 days 00:00:11.229999,0.0004057114696591997,20,0.9975281284737688,4.6244359270686335,0.7059403500123244,PRUNED
934,934,0.7044614246980527,2021-02-21 23:02:47.930027,2021-02-21 23:02:59.325957,0 days 00:00:11.395930,0.0001066190620371718,40,0.992302087653677,5.648624225662164,0.7044614246980527,PRUNED
935,935,0.7054473749075671,2021-02-21 23:02:59.326430,2021-02-21 23:03:10.747028,0 days 00:00:11.420598,0.0003693218111561522,40,0.9972509506053001,7.7029803127514205,0.7054473749075671,PRUNED
936,936,0.7256984007352727,2021-02-21 23:03:10.747543,2021-02-21 23:04:36.561465,0 days 00:01:25.813922,0.000537810792796231,30,0.9911714788278748,3.5132365062357094,0.7111165886122751,COMPLETE
937,937,0.7323117765469151,2021-02-21 23:04:36.562407,2021-02-21 23:06:02.163612,0 days 00:01:25.601205,0.0010492211414026287,60,0.9935850096419541,5.8498374124926205,0.7088982006408676,COMPLETE
938,938,0.706186837564703,2021-02-21 23:06:02.164565,2021-02-21 23:06:13.410531,0 days 00:00:11.245966,0.0006659140740274378,50,0.9970335175296969,5.105519652993649,0.706186837564703,PRUNED
939,939,0.6953413852600444,2021-02-21 23:06:13.411058,2021-02-21 23:06:24.853560,0 days 00:00:11.442502,6.226123346635583e-05,90,0.9940637262449961,7.294003595295486,0.6953413852600444,PRUNED
940,940,0.7297377466077191,2021-02-21 23:06:24.854071,2021-02-21 23:07:50.479969,0 days 00:01:25.625898,0.0004480365335847324,30,0.9974507166693751,7.912313715485542,0.7086517130884891,COMPLETE
941,941,0.7022430367266453,2021-02-21 23:07:50.480964,2021-02-21 23:08:01.750069,0 days 00:00:11.269105,0.0003432070851862745,40,0.9900111737851603,6.3386716365303455,0.7022430367266453,PRUNED
942,942,0.7007641114123737,2021-02-21 23:08:01.750539,2021-02-21 23:08:12.934342,0 days 00:00:11.183803,0.000126803822998213,40,0.9938511522711598,6.774244300375444,0.7007641114123737,PRUNED
943,943,0.7310628043520531,2021-02-21 23:08:12.934862,2021-02-21 23:09:38.948967,0 days 00:01:26.014105,0.00048563450897185596,40,0.9943766238764821,5.379949153685432,0.7071727877742174,COMPLETE
944,944,0.706186837564703,2021-02-21 23:09:38.949935,2021-02-21 23:09:50.366764,0 days 00:00:11.416829,0.0005944890527534222,40,0.9905351112669012,4.354108993300361,0.706186837564703,PRUNED
945,945,0.7307313932099593,2021-02-21 23:09:50.367260,2021-02-21 23:11:15.783310,0 days 00:01:25.416050,0.0003778646503743494,50,0.9946018743785721,7.670352872411606,0.713088489031304,COMPLETE
946,946,0.6901651466600937,2021-02-21 23:11:15.784237,2021-02-21 23:11:27.267203,0 days 00:00:11.482966,0.00015203065268053879,60,0.9975667851719985,3.7370972950018766,0.6901651466600937,PRUNED
947,947,0.696820310574316,2021-02-21 23:11:27.267731,2021-02-21 23:11:38.476325,0 days 00:00:11.208594,0.000486760472512149,40,0.9931676923068309,5.980317212788757,0.696820310574316,PRUNED
948,948,0.7056938624599458,2021-02-21 23:11:38.476795,2021-02-21 23:11:49.732817,0 days 00:00:11.256022,0.00035213449391499835,40,0.9972663832689275,8.052364121482285,0.7056938624599458,PRUNED
949,949,0.7291414607692648,2021-02-21 23:11:49.733334,2021-02-21 23:13:15.760039,0 days 00:01:26.026705,0.00042321271107959425,40,0.9941334775567161,7.480786304150315,0.7076657628789746,COMPLETE
950,950,0.7309367225125645,2021-02-21 23:13:15.760990,2021-02-21 23:14:41.519530,0 days 00:01:25.758540,0.0005840550354843227,40,0.9939892431856694,6.757732804420399,0.7086517130884891,COMPLETE
951,951,0.7049543998028099,2021-02-21 23:14:41.520489,2021-02-21 23:14:52.799475,0 days 00:00:11.278986,0.0070483515733216215,40,0.9969102570640291,4.618964593846838,0.7049543998028099,PRUNED
952,952,0.7252864684906049,2021-02-21 23:14:52.799992,2021-02-21 23:16:18.861736,0 days 00:01:26.061744,0.00010240407104796504,30,0.9937026035600748,8.329527071497228,0.7106236135075179,COMPLETE
953,953,0.7054473749075671,2021-02-21 23:16:18.862752,2021-02-21 23:16:30.294464,0 days 00:00:11.431712,0.000845354011051704,50,0.9970845773374356,6.3982884333995775,0.7054473749075671,PRUNED
954,954,0.7325412656352654,2021-02-21 23:16:30.294958,2021-02-21 23:17:55.965973,0 days 00:01:25.671015,7.895764658569443e-05,80,0.9949978252145419,5.093850196400719,0.7091446881932463,COMPLETE
955,955,0.7300697271026063,2021-02-21 23:17:55.966938,2021-02-21 23:19:21.863915,0 days 00:01:25.896977,0.0005172655831643074,40,0.9975575884516005,7.237578466531741,0.7093911757456248,COMPLETE
956,956,0.7308262903045903,2021-02-21 23:19:21.864883,2021-02-21 23:20:47.658278,0 days 00:01:25.793395,0.000403540293897933,60,0.9944009701220199,6.135797228454491,0.707419275326596,COMPLETE
957,957,0.7054473749075671,2021-02-21 23:20:47.659029,2021-02-21 23:20:59.005401,0 days 00:00:11.346372,0.00034456636546663724,40,0.9973506883296901,5.602219388006566,0.7054473749075671,PRUNED
958,958,0.7024895242790239,2021-02-21 23:20:59.005929,2021-02-21 23:21:10.304863,0 days 00:00:11.298934,0.000687850908283804,40,0.9927582179596066,8.008933161503847,0.7024895242790239,PRUNED
959,959,0.7012570865171309,2021-02-21 23:21:10.305382,2021-02-21 23:21:21.625366,0 days 00:00:11.319984,0.0004227073386345126,80,0.9907934003082028,8.529502854553765,0.7012570865171309,PRUNED
960,960,0.703721962040917,2021-02-21 23:21:21.625891,2021-02-21 23:21:32.961328,0 days 00:00:11.335437,0.000527175329361708,40,0.9942751822494406,7.048742655180995,0.703721962040917,PRUNED
961,961,0.7228773690825417,2021-02-21 23:21:32.961864,2021-02-21 23:22:59.092259,0 days 00:01:26.130395,0.0001237268938952771,40,0.9934578203326319,2.5443782427606836,0.7076657628789746,COMPLETE
962,962,0.7044614246980527,2021-02-21 23:22:59.093258,2021-02-21 23:23:10.560739,0 days 00:00:11.467481,0.00045894609492982746,50,0.9948256624382379,7.604568122821431,0.7044614246980527,PRUNED
963,963,0.7019965491742667,2021-02-21 23:23:10.561283,2021-02-21 23:23:21.923525,0 days 00:00:11.362242,9.425783494666906e-05,30,0.9976553645383749,6.594254354994929,0.7019965491742667,PRUNED
964,964,0.7032289869361598,2021-02-21 23:23:21.924090,2021-02-21 23:23:33.207905,0 days 00:00:11.283815,0.00033360171283764844,40,0.9974249040877409,5.476225652815348,0.7032289869361598,PRUNED
965,965,0.7303284702292127,2021-02-21 23:23:33.208472,2021-02-21 23:24:59.345093,0 days 00:01:26.136621,0.0006159656001246472,40,0.9976325131932545,4.011703838717477,0.7079122504313532,COMPLETE
966,966,0.7226843852086268,2021-02-21 23:24:59.345835,2021-02-21 23:26:25.477939,0 days 00:01:26.132104,0.00038255423545552515,80,0.9937312753763905,5.798557971964417,0.7091446881932463,COMPLETE
967,967,0.7034754744885383,2021-02-21 23:26:25.478912,2021-02-21 23:26:36.671746,0 days 00:00:11.192834,0.000488296722730491,30,0.9971580608412451,7.997085264932904,0.7034754744885383,PRUNED
968,968,0.7056938624599458,2021-02-21 23:26:36.672259,2021-02-21 23:26:47.969912,0 days 00:00:11.297653,0.00042049736753536774,40,0.9941903444597326,8.62815925405704,0.7056938624599458,PRUNED
969,969,0.7056938624599458,2021-02-21 23:26:47.970420,2021-02-21 23:26:59.369992,0 days 00:00:11.399572,0.0005689353090737433,60,0.9939746623980665,4.920079910681607,0.7056938624599458,PRUNED
970,970,0.6950948977076657,2021-02-21 23:26:59.370508,2021-02-21 23:27:10.628436,0 days 00:00:11.257928,0.00015627883144480164,40,0.9967917930408278,3.1834522767770546,0.6950948977076657,PRUNED
971,971,0.7047079122504314,2021-02-21 23:27:10.628988,2021-02-21 23:27:21.941127,0 days 00:00:11.312139,0.0007698501436218432,40,0.9945472051017868,6.0816618682388555,0.7047079122504314,PRUNED
972,972,0.7279981611809776,2021-02-21 23:27:21.941687,2021-02-21 23:28:47.888149,0 days 00:01:25.946462,0.0003241550501083705,80,0.9919161797762581,7.401323032596814,0.7088982006408676,COMPLETE
973,973,0.7255647568690757,2021-02-21 23:28:47.889163,2021-02-21 23:30:13.963126,0 days 00:01:26.073963,0.00047658681222735485,50,0.9974968497503268,4.421876432639105,0.7135814641360612,COMPLETE
974,974,0.7289193822352668,2021-02-21 23:30:13.964083,2021-02-21 23:31:39.913889,0 days 00:01:25.949806,0.00011029831553341023,40,0.9976335506630195,6.8367983977802815,0.7204831156026621,COMPLETE
975,975,0.7022430367266453,2021-02-21 23:31:39.914866,2021-02-21 23:31:51.099995,0 days 00:00:11.185129,0.0003696672351692694,90,0.9954343902444268,8.168379020048254,0.7022430367266453,PRUNED
976,976,0.7017500616218881,2021-02-21 23:31:51.100519,2021-02-21 23:32:02.393899,0 days 00:00:11.293380,0.0005722428384712214,40,0.9951796606303998,5.274541556839146,0.7017500616218881,PRUNED
977,977,0.7312942634097391,2021-02-21 23:32:02.394429,2021-02-21 23:33:28.071035,0 days 00:01:25.676606,8.703166422490456e-05,40,0.9923973772185685,3.6964859408020474,0.7125955139265467,COMPLETE
978,978,0.7212420300507998,2021-02-21 23:33:28.072062,2021-02-21 23:34:54.073308,0 days 00:01:26.001246,0.0001364924613041444,40,0.9972591543243453,6.484983687997478,0.7190041902883905,COMPLETE
979,979,0.7049543998028099,2021-02-21 23:34:54.074270,2021-02-21 23:35:05.472607,0 days 00:00:11.398337,0.0006731614547279098,50,0.9940447643174363,7.152272619788926,0.7049543998028099,PRUNED
980,980,0.7034754744885383,2021-02-21 23:35:05.473142,2021-02-21 23:35:16.768207,0 days 00:00:11.295065,0.0003843220073394974,20,0.9938735305689644,7.766349094575144,0.7034754744885383,PRUNED
981,981,0.7044614246980527,2021-02-21 23:35:16.768773,2021-02-21 23:35:28.177595,0 days 00:00:11.408822,0.000458672893159226,80,0.9977413126974616,8.440262583193249,0.7044614246980527,PRUNED
982,982,0.7047079122504314,2021-02-21 23:35:28.178129,2021-02-21 23:35:39.518980,0 days 00:00:11.340851,0.0002963388390081476,40,0.9970139032885121,6.114798424937127,0.7047079122504314,PRUNED
983,983,0.7315609019393279,2021-02-21 23:35:39.519532,2021-02-21 23:37:05.403599,0 days 00:01:25.884067,0.000531295221767233,60,0.9974028684962178,7.834755847668104,0.7091446881932463,COMPLETE
984,984,0.7312912426681656,2021-02-21 23:37:05.404581,2021-02-21 23:38:31.087404,0 days 00:01:25.682823,0.00033122815060414985,40,0.9977683246141859,2.7720128589600286,0.7091446881932463,COMPLETE
985,985,0.732579126121067,2021-02-21 23:38:31.088380,2021-02-21 23:39:56.740938,0 days 00:01:25.652558,0.0004218423695310397,30,0.9942611400779634,8.727713681169922,0.707419275326596,COMPLETE
986,986,0.706186837564703,2021-02-21 23:39:56.741910,2021-02-21 23:40:08.178839,0 days 00:00:11.436929,0.0005027200371263099,40,0.9971564622305534,5.8248567865234655,0.706186837564703,PRUNED
987,987,0.7032289869361598,2021-02-21 23:40:08.179378,2021-02-21 23:40:19.446889,0 days 00:00:11.267511,6.75681394107926e-05,80,0.9915300330213743,4.760768727537033,0.7032289869361598,PRUNED
988,988,0.7311749534299326,2021-02-21 23:40:19.447438,2021-02-21 23:41:45.508836,0 days 00:01:26.061398,0.00038431711834882793,50,0.9921509665506886,7.289124935205323,0.7133349765836825,COMPLETE
989,989,0.7029824993837811,2021-02-21 23:41:45.509577,2021-02-21 23:41:56.840451,0 days 00:00:11.330874,0.0006328034906881887,40,0.9974574883201726,8.377352359181602,0.7029824993837811,PRUNED
990,990,0.7310079634586424,2021-02-21 23:41:56.840997,2021-02-21 23:43:22.519429,0 days 00:01:25.678432,0.00044855239540934156,40,0.9966689434754961,5.392792185892271,0.7113630761646537,COMPLETE
991,991,0.7238758170613504,2021-02-21 23:43:22.520394,2021-02-21 23:44:48.301748,0 days 00:01:25.781354,0.0003008270983394422,30,0.9937380048243332,6.419967001333441,0.7088982006408676,COMPLETE
992,992,0.7298018793997902,2021-02-21 23:44:48.302735,2021-02-21 23:46:14.224844,0 days 00:01:25.922109,0.00036151034803394655,40,0.9943960656230026,8.78050714657921,0.7069263002218388,COMPLETE
993,993,0.7281924951775599,2021-02-21 23:46:14.225843,2021-02-21 23:47:39.943851,0 days 00:01:25.718008,0.00012051242480163685,80,0.9975615993258686,6.779295944485222,0.7088982006408676,COMPLETE
994,994,0.7059403500123244,2021-02-21 23:47:39.944835,2021-02-21 23:47:51.337322,0 days 00:00:11.392487,0.0007443698590674511,50,0.9932671810859246,8.110945340272414,0.7059403500123244,PRUNED
995,995,0.6965738230219374,2021-02-21 23:47:51.337882,2021-02-21 23:48:02.810106,0 days 00:00:11.472224,0.00010016250567186082,40,0.9978408403326898,7.4950640902739005,0.6965738230219374,PRUNED
996,996,0.7281178738271533,2021-02-21 23:48:02.810653,2021-02-21 23:49:28.592639,0 days 00:01:25.781986,0.0005378837283308356,40,0.9935383124048093,4.010180938331389,0.7121025388217895,COMPLETE
997,997,0.7052008873551886,2021-02-21 23:49:28.593600,2021-02-21 23:49:39.956489,0 days 00:00:11.362889,0.0004505985738354985,60,0.9941616431069209,4.992645758374861,0.7052008873551886,PRUNED
998,998,0.7315165702720827,2021-02-21 23:49:39.957022,2021-02-21 23:51:05.576943,0 days 00:01:25.619921,0.0003329372078720449,70,0.9969074973911959,6.978996686242324,0.7118560512694109,COMPLETE
999,999,0.7047079122504314,2021-02-21 23:51:05.577922,2021-02-21 23:51:16.884132,0 days 00:00:11.306210,0.0004079603134965088,40,0.9977241710753313,5.596425818557992,0.7047079122504314,PRUNED
1000,1000,0.7064333251170816,2021-02-21 23:51:16.884689,2021-02-21 23:51:28.091209,0 days 00:00:11.206520,0.0006078990384689016,40,0.9939516070246516,8.968048235740621,0.7064333251170816,PRUNED
1001,1001,0.7022430367266453,2021-02-21 23:51:28.091743,2021-02-21 23:51:39.590240,0 days 00:00:11.498497,0.0002804496575513135,80,0.9973924923248839,7.739606631049973,0.7022430367266453,PRUNED
1002,1002,0.703721962040917,2021-02-21 23:51:39.590771,2021-02-21 23:51:50.942981,0 days 00:00:11.352210,0.0005191217078757719,40,0.9925236686316017,8.446237976671942,0.703721962040917,PRUNED
1003,1003,0.7066798126694602,2021-02-21 23:51:50.943535,2021-02-21 23:52:02.355839,0 days 00:00:11.412304,0.00036571948164973515,70,0.9947055813299822,6.090028865346805,0.7066798126694602,PRUNED
1004,1004,0.7027360118314026,2021-02-21 23:52:02.356371,2021-02-21 23:52:13.670314,0 days 00:00:11.313943,0.0004528027282963234,40,0.9972694641458447,8.212107353159906,0.7027360118314026,PRUNED
1005,1005,0.7007641114123737,2021-02-21 23:52:13.670846,2021-02-21 23:52:24.937855,0 days 00:00:11.267009,0.0001792726481587331,60,0.9945235618552606,4.2750693571753935,0.7007641114123737,PRUNED
1006,1006,0.7338909106016664,2021-02-21 23:52:24.938413,2021-02-21 23:53:51.089277,0 days 00:01:26.150864,0.00014585410276280475,50,0.9979016741724236,6.434853694993434,0.7096376632980035,COMPLETE
1007,1007,0.688686221345822,2021-02-21 23:53:51.090257,2021-02-21 23:54:02.371787,0 days 00:00:11.281530,0.0001313662085191591,60,0.9978663036111577,6.4355126341465265,0.688686221345822,PRUNED
1008,1008,0.7029824993837811,2021-02-21 23:54:02.372325,2021-02-21 23:54:13.775945,0 days 00:00:11.403620,0.0004002144395533966,50,0.9976957721029404,6.794869224843281,0.7029824993837811,PRUNED
1009,1009,0.7205152793954743,2021-02-21 23:54:13.776484,2021-02-21 23:55:40.015968,0 days 00:01:26.239484,0.00018289682087562067,50,0.9977895862140366,5.991780000476399,0.7096376632980035,COMPLETE
1010,1010,0.6982992358885877,2021-02-21 23:55:40.016933,2021-02-21 23:55:51.269605,0 days 00:00:11.252672,0.00014344798332352015,50,0.9979690442397906,6.355906926458211,0.6982992358885877,PRUNED
1011,1011,0.7032289869361598,2021-02-21 23:55:51.270129,2021-02-21 23:56:02.524002,0 days 00:00:11.253873,0.0002728898556322266,50,0.997888739873367,6.6563219548806085,0.7032289869361598,PRUNED
1012,1012,0.7054473749075671,2021-02-21 23:56:02.524576,2021-02-21 23:56:13.671867,0 days 00:00:11.147291,0.00022127173934312198,50,0.9975893018570051,7.106882604441215,0.7054473749075671,PRUNED
1013,1013,0.7052008873551886,2021-02-21 23:56:13.672388,2021-02-21 23:56:24.977289,0 days 00:00:11.304901,0.00017496862960847943,50,0.9976233830759365,18.7654537243025,0.7052008873551886,PRUNED
1014,1014,0.7059403500123244,2021-02-21 23:56:24.977850,2021-02-21 23:56:36.372904,0 days 00:00:11.395054,0.00031953514570552774,50,0.9978909447092621,5.9114418317284185,0.7059403500123244,PRUNED
