,number,value,datetime_start,datetime_complete,duration,params_lr,params_out_dim,params_scheduler_gamma,params_weight_decay,system_attrs_completed_rung_0,state
226,226,0.7042149371456742,2021-02-21 14:15:33.674034,2021-02-21 14:15:44.869283,0 days 00:00:11.195249,0.0010348570339700585,60,0.9924979021597099,12.13098429040677,0.7042149371456742,PRUNED
227,227,0.7049543998028099,2021-02-21 14:15:44.869575,2021-02-21 14:15:56.063794,0 days 00:00:11.194219,0.000880281490623034,50,0.9946167680292868,11.461940844162608,0.7049543998028099,PRUNED
228,228,0.7054473749075671,2021-02-21 14:15:56.064082,2021-02-21 14:16:07.367226,0 days 00:00:11.303144,0.0014216335376935215,40,0.9918021486773049,12.7657450624319,0.7054473749075671,PRUNED
229,229,0.7049543998028099,2021-02-21 14:16:07.367477,2021-02-21 14:16:18.623935,0 days 00:00:11.256458,0.0006794484459231287,50,0.9963592973849676,11.114553728225093,0.7049543998028099,PRUNED
230,230,0.7044614246980527,2021-02-21 14:16:18.624202,2021-02-21 14:16:29.857870,0 days 00:00:11.233668,0.0008436447703201491,40,0.9977612717739761,12.35370249189813,0.7044614246980527,PRUNED
231,231,0.7324326927629163,2021-02-21 14:16:29.858126,2021-02-21 14:17:55.282421,0 days 00:01:25.424295,0.0005902227771300256,40,0.9987745056501803,11.434779125701137,0.7096376632980035,COMPLETE
232,232,0.7309497333393613,2021-02-21 14:17:55.283042,2021-02-21 14:19:20.647047,0 days 00:01:25.364005,0.0005595697796506139,40,0.9973093051222401,11.596694361622413,0.7066798126694602,COMPLETE
233,233,0.7044614246980527,2021-02-21 14:19:20.647506,2021-02-21 14:19:31.732212,0 days 00:00:11.084706,0.0007072549014912993,40,0.9960500179933874,10.751025980672662,0.7044614246980527,PRUNED
234,234,0.7308666015709108,2021-02-21 14:19:31.732474,2021-02-21 14:20:57.167203,0 days 00:01:25.434729,0.00012388403924326486,40,0.993093752029081,11.179687573908808,0.7113630761646537,COMPLETE
235,235,0.7322912220126442,2021-02-21 14:20:57.167792,2021-02-21 14:22:22.614688,0 days 00:01:25.446896,0.0006063073621438744,40,0.9966090371907638,11.845151709736072,0.706186837564703,COMPLETE
236,236,0.7257160315109912,2021-02-21 14:22:22.615311,2021-02-21 14:23:48.069431,0 days 00:01:25.454120,9.556660626599167e-05,40,0.9968218842077489,11.55594087943227,0.7081587379837319,COMPLETE
237,237,0.7322491721899568,2021-02-21 14:23:48.070088,2021-02-21 14:25:13.471400,0 days 00:01:25.401312,0.00046092838098976035,100,0.9988251632160596,10.342433035443177,0.7084052255361104,COMPLETE
238,238,0.7314527477171338,2021-02-21 14:25:13.471982,2021-02-21 14:26:39.001788,0 days 00:01:25.529806,0.0005118406106167604,40,0.9987591557265612,10.362277853022391,0.7079122504313532,COMPLETE
239,239,0.7056938624599458,2021-02-21 14:26:39.002387,2021-02-21 14:26:50.188036,0 days 00:00:11.185649,0.0004245639379195129,100,0.9989988689125727,9.749982000782364,0.7056938624599458,PRUNED
240,240,0.7039684495932955,2021-02-21 14:26:50.188305,2021-02-21 14:27:01.279611,0 days 00:00:11.091306,0.0006068648854755323,100,0.9986431784466835,10.830375775982839,0.7039684495932955,PRUNED
241,241,0.7307423956565738,2021-02-21 14:27:01.279901,2021-02-21 14:28:26.736952,0 days 00:01:25.457051,0.00046937963258219287,100,0.9988261210942132,11.129669606347179,0.7088982006408676,COMPLETE
242,242,0.7034754744885383,2021-02-21 14:28:26.737605,2021-02-21 14:28:38.067190,0 days 00:00:11.329585,0.0005956999619296925,100,0.9966184262114859,11.820229718622207,0.7034754744885383,PRUNED
243,243,0.7042149371456742,2021-02-21 14:28:38.067456,2021-02-21 14:28:49.322306,0 days 00:00:11.254850,0.0007523377231413731,40,0.9923664151769342,10.096845538101327,0.7042149371456742,PRUNED
244,244,0.7319411969193983,2021-02-21 14:28:49.322575,2021-02-21 14:30:14.986776,0 days 00:01:25.664201,0.0008922825263938328,40,0.9971190696185094,9.21961296971004,0.7059403500123244,COMPLETE
245,245,0.7054473749075671,2021-02-21 14:30:14.987413,2021-02-21 14:30:26.060705,0 days 00:00:11.073292,0.00048206761563485666,50,0.9918689213761087,10.485480609636722,0.7054473749075671,PRUNED
246,246,0.7024895242790239,2021-02-21 14:30:26.060973,2021-02-21 14:30:37.125571,0 days 00:00:11.064598,0.00039193788247590195,40,0.9980141331298922,11.37592067224841,0.7024895242790239,PRUNED
247,247,0.7333523311179546,2021-02-21 14:30:37.125829,2021-02-21 14:32:02.529860,0 days 00:01:25.404031,0.0006862124726175655,70,0.9975994608259264,6.6912548746666785,0.713088489031304,COMPLETE
248,248,0.6997781612028593,2021-02-21 14:32:02.530337,2021-02-21 14:32:13.687890,0 days 00:00:11.157553,0.000712078721262716,40,0.997623328187056,3.87008122794768,0.6997781612028593,PRUNED
249,249,0.7034754744885383,2021-02-21 14:32:13.688185,2021-02-21 14:32:24.928288,0 days 00:00:11.240103,0.0006145025701652208,50,0.9978102384718813,7.478088186746985,0.7034754744885383,PRUNED
250,250,0.7042149371456742,2021-02-21 14:32:24.928559,2021-02-21 14:32:36.202216,0 days 00:00:11.273657,0.0005264833641256486,40,0.9973532321627442,8.032598630833663,0.7042149371456742,PRUNED
251,251,0.7320473538065335,2021-02-21 14:32:36.202490,2021-02-21 14:34:01.673535,0 days 00:01:25.471045,0.0006541876597945971,40,0.9975284645697692,6.0994596050735135,0.7088982006408676,COMPLETE
252,252,0.7042149371456742,2021-02-21 14:34:01.674130,2021-02-21 14:34:12.874349,0 days 00:00:11.200219,0.0007516002947842564,50,0.9979599327074916,6.641182692205167,0.7042149371456742,PRUNED
253,253,0.6975597732314518,2021-02-21 14:34:12.874616,2021-02-21 14:34:24.141693,0 days 00:00:11.267077,0.00013818518938694743,40,0.9969372674955491,8.969027175465728,0.6975597732314518,PRUNED
254,254,0.7257336115086945,2021-02-21 14:34:24.141942,2021-02-21 14:35:49.703819,0 days 00:01:25.561877,0.00010428754830423813,100,0.9938233468309401,10.868109678642766,0.7125955139265467,COMPLETE
255,255,0.7044614246980527,2021-02-21 14:35:49.704424,2021-02-21 14:36:01.097424,0 days 00:00:11.393000,0.0005506625654918607,50,0.9977222529615386,0.01696943336927248,0.7044614246980527,PRUNED
256,256,0.7049543998028099,2021-02-21 14:36:01.097727,2021-02-21 14:36:12.536748,0 days 00:00:11.439021,0.0008166654895608846,30,0.9974239431590392,9.769022699053961,0.7049543998028099,PRUNED
257,257,0.7052008873551886,2021-02-21 14:36:12.537015,2021-02-21 14:36:23.816615,0 days 00:00:11.279600,0.0011375183164989684,40,0.9984913306248191,8.461369267710861,0.7052008873551886,PRUNED
258,258,0.7044614246980527,2021-02-21 14:36:23.816881,2021-02-21 14:36:34.936086,0 days 00:00:11.119205,0.00036110511895448273,60,0.9972157178224423,12.16058933530148,0.7044614246980527,PRUNED
259,259,0.7329986288727918,2021-02-21 14:36:34.936357,2021-02-21 14:38:00.051319,0 days 00:01:25.114962,0.0004467179608133208,40,0.9975860456903117,10.411556616460311,0.7064333251170816,COMPLETE
260,260,0.7316241699150907,2021-02-21 14:38:00.051927,2021-02-21 14:39:25.320382,0 days 00:01:25.268455,0.0004380424337845675,40,0.9976185078303059,10.089740320228453,0.7081587379837319,COMPLETE
261,261,0.7032289869361598,2021-02-21 14:39:25.321000,2021-02-21 14:39:36.610970,0 days 00:00:11.289970,0.00047424025541606033,40,0.9980841013211306,10.335953522042779,0.7032289869361598,PRUNED
262,262,0.7042149371456742,2021-02-21 14:39:36.611249,2021-02-21 14:39:47.815863,0 days 00:00:11.204614,0.0003721095889193323,40,0.9979011616834896,10.497715910910461,0.7042149371456742,PRUNED
263,263,0.7278540134884917,2021-02-21 14:39:47.816157,2021-02-21 14:41:13.558727,0 days 00:01:25.742570,0.00028695841309460976,40,0.9988548964131433,9.503614110092515,0.706186837564703,COMPLETE
264,264,0.6987922109933449,2021-02-21 14:41:13.559325,2021-02-21 14:41:24.802044,0 days 00:00:11.242719,7.972940906585711e-05,50,0.9977743632832233,10.91179476278033,0.6987922109933449,PRUNED
265,265,0.7312001837363195,2021-02-21 14:41:24.802339,2021-02-21 14:42:50.156230,0 days 00:01:25.353891,0.0006019199149595862,40,0.998318265040527,2.6848540276430066,0.7106236135075179,COMPLETE
266,266,0.7322831083261817,2021-02-21 14:42:50.156866,2021-02-21 14:44:15.466122,0 days 00:01:25.309256,0.00017883979996601368,30,0.996671261478915,11.302719190439124,0.7111165886122751,COMPLETE
267,267,0.7299203278280902,2021-02-21 14:44:15.466600,2021-02-21 14:45:40.766780,0 days 00:01:25.300180,0.00017871303080354794,30,0.996652963134429,9.96580508702602,0.7091446881932463,COMPLETE
268,268,0.7297441165702244,2021-02-21 14:45:40.767376,2021-02-21 14:47:06.270766,0 days 00:01:25.503390,0.00015176415315409277,30,0.9968031897583833,7.684082995661821,0.7079122504313532,COMPLETE
269,269,0.7304912190561741,2021-02-21 14:47:06.271391,2021-02-21 14:48:32.140381,0 days 00:01:25.868990,0.0001743219239828652,40,0.9965931305931577,10.660370675764081,0.716785802316983,COMPLETE
270,270,0.7298779658809911,2021-02-21 14:48:32.141028,2021-02-21 14:49:57.641656,0 days 00:01:25.500628,0.0002417693362665551,30,0.9970061644954719,11.93143532857583,0.7081587379837319,COMPLETE
271,271,0.7277135539451136,2021-02-21 14:49:57.642126,2021-02-21 14:51:23.266246,0 days 00:01:25.624120,0.00021745423165077965,40,0.996458485752438,9.297731970477713,0.7088982006408676,COMPLETE
272,272,0.7313135033600162,2021-02-21 14:51:23.266870,2021-02-21 14:52:48.915503,0 days 00:01:25.648633,0.00011665047964929374,30,0.9965108685755353,13.016238410403984,0.7106236135075179,COMPLETE
273,273,0.730762991988182,2021-02-21 14:52:48.916159,2021-02-21 14:54:14.439503,0 days 00:01:25.523344,0.0003204312007926206,40,0.996714978310952,8.76767451470453,0.706186837564703,COMPLETE
274,274,0.7032289869361598,2021-02-21 14:54:14.440097,2021-02-21 14:54:25.736377,0 days 00:00:11.296280,0.00014270617925710315,40,0.9968849010830999,11.200220521748369,0.7032289869361598,PRUNED
275,275,0.731869205279281,2021-02-21 14:54:25.736621,2021-02-21 14:55:51.495670,0 days 00:01:25.759049,0.0005205184031469571,40,0.992189715749489,12.22686092756176,0.7088982006408676,COMPLETE
276,276,0.7032289869361598,2021-02-21 14:55:51.496280,2021-02-21 14:56:02.741887,0 days 00:00:11.245607,0.00019137328908162796,40,0.9962763744367858,11.586000967158073,0.7032289869361598,PRUNED
277,277,0.7319587392043501,2021-02-21 14:56:02.742180,2021-02-21 14:57:28.318331,0 days 00:01:25.576151,0.0004273571177159426,40,0.9971117100373561,10.779146974841836,0.7066798126694602,COMPLETE
278,278,0.7321078803004866,2021-02-21 14:57:28.318988,2021-02-21 14:58:53.965212,0 days 00:01:25.646224,0.0006578925231828693,40,0.9915847621156892,10.176730773558713,0.7071727877742174,COMPLETE
279,279,0.7278768357909516,2021-02-21 14:58:53.965692,2021-02-21 15:00:19.424914,0 days 00:01:25.459222,9.109648125104609e-05,50,0.9923631284223133,11.125254566694004,0.7162928272122258,COMPLETE
280,280,0.7049543998028099,2021-02-21 15:00:19.425533,2021-02-21 15:00:30.807255,0 days 00:00:11.381722,0.00012337696146939238,30,0.9926389964821305,7.061316437230725,0.7049543998028099,PRUNED
281,281,0.7327709269630996,2021-02-21 15:00:30.807523,2021-02-21 15:01:56.505034,0 days 00:01:25.697511,0.0005642627274725604,80,0.9981264727679505,12.445584190627523,0.7079122504313532,COMPLETE
282,282,0.7042149371456742,2021-02-21 15:01:56.505663,2021-02-21 15:02:07.869299,0 days 00:00:11.363636,0.0004880233840364557,80,0.9982059940914838,13.203758783033521,0.7042149371456742,PRUNED
283,283,0.7320854708032798,2021-02-21 15:02:07.869586,2021-02-21 15:03:33.438571,0 days 00:01:25.568985,0.0005588424404079041,70,0.9985694582871345,12.471653156055917,0.7066798126694602,COMPLETE
284,284,0.7304754771515798,2021-02-21 15:03:33.439191,2021-02-21 15:04:58.876703,0 days 00:01:25.437512,0.00039274195749057934,90,0.9980185824753305,10.490770733824863,0.7079122504313532,COMPLETE
285,285,0.7287999999909086,2021-02-21 15:04:58.877328,2021-02-21 15:06:24.248177,0 days 00:01:25.370849,0.0004593611480503336,60,0.9981299263264823,5.12249388133388,0.7084052255361104,COMPLETE
286,286,0.7317341499152609,2021-02-21 15:06:24.248849,2021-02-21 15:07:49.598719,0 days 00:01:25.349870,0.0005940427411133461,40,0.9983738062337802,12.742169407890575,0.709884150850382,COMPLETE
287,287,0.7015035740695095,2021-02-21 15:07:49.599318,2021-02-21 15:08:00.843413,0 days 00:00:11.244095,0.000281992528866335,80,0.9978568601873723,9.604422296914155,0.7015035740695095,PRUNED
288,288,0.7322460599136674,2021-02-21 15:08:00.843680,2021-02-21 15:09:26.326136,0 days 00:01:25.482456,0.0006703901739748119,40,0.9987238284371944,11.461776280773485,0.707419275326596,COMPLETE
289,289,0.7324965459103356,2021-02-21 15:09:26.326764,2021-02-21 15:10:51.735676,0 days 00:01:25.408912,0.0005311878343282624,40,0.9989796458266248,12.256683793285374,0.7081587379837319,COMPLETE
290,290,0.7049543998028099,2021-02-21 15:10:51.736334,2021-02-21 15:11:02.899977,0 days 00:00:11.163643,0.0006575869853894111,40,0.998975620293174,13.69516189194416,0.7049543998028099,PRUNED
291,291,0.7059403500123244,2021-02-21 15:11:02.900275,2021-02-21 15:11:14.200127,0 days 00:00:11.299852,0.0005455077065332488,40,0.9986692843434062,12.55494527308108,0.7059403500123244,PRUNED
292,292,0.7044614246980527,2021-02-21 15:11:14.200405,2021-02-21 15:11:25.352720,0 days 00:00:11.152315,1.4263746146759655e-05,40,0.9987676305801597,10.964574455081259,0.7044614246980527,PRUNED
293,293,0.7047079122504314,2021-02-21 15:11:25.353006,2021-02-21 15:11:36.515418,0 days 00:00:11.162412,0.0006729935009169952,40,0.9989437727029644,12.03934735808619,0.7047079122504314,PRUNED
294,294,0.7180385765684065,2021-02-21 15:11:36.515731,2021-02-21 15:13:02.122950,0 days 00:01:25.607219,6.845432238346932e-05,30,0.9984161558730259,9.953517020816985,0.7135814641360612,COMPLETE
295,295,0.7311724639953467,2021-02-21 15:13:02.123600,2021-02-21 15:14:27.716246,0 days 00:01:25.592646,0.0005338995352814623,70,0.9987937820134778,11.559823867203818,0.7064333251170816,COMPLETE
296,296,0.7056938624599458,2021-02-21 15:14:27.716913,2021-02-21 15:14:39.091895,0 days 00:00:11.374982,0.0005875084666104446,40,0.9984963656355013,10.634698387225548,0.7056938624599458,PRUNED
297,297,0.7034754744885383,2021-02-21 15:14:39.092192,2021-02-21 15:14:50.261823,0 days 00:00:11.169631,0.0002443166572644306,40,0.9986843718571495,11.208828178066378,0.7034754744885383,PRUNED
298,298,0.7287840174346405,2021-02-21 15:14:50.262111,2021-02-21 15:16:16.085332,0 days 00:01:25.823221,0.00010803294087076662,40,0.9982472341288116,11.8525429927558,0.7128420014789253,COMPLETE
299,299,0.7047079122504314,2021-02-21 15:16:16.085831,2021-02-21 15:16:27.254354,0 days 00:00:11.168523,0.0003336694866813065,30,0.9989702613241269,1.9275227885348765,0.7047079122504314,PRUNED
300,300,0.7052008873551886,2021-02-21 15:16:27.254644,2021-02-21 15:16:38.541493,0 days 00:00:11.286849,0.0007770291742846243,90,0.9967548530382075,10.30774236124534,0.7052008873551886,PRUNED
301,301,0.7039684495932955,2021-02-21 15:16:38.541770,2021-02-21 15:16:49.810583,0 days 00:00:11.268813,0.00042577797536534677,80,0.9978669821979415,12.253045085450275,0.7039684495932955,PRUNED
302,302,0.7052008873551886,2021-02-21 15:16:49.810879,2021-02-21 15:17:00.996626,0 days 00:00:11.185747,0.0007111523934741455,40,0.9948998051041938,11.39099475569426,0.7052008873551886,PRUNED
303,303,0.7012570865171309,2021-02-21 15:17:00.996918,2021-02-21 15:17:12.249157,0 days 00:00:11.252239,0.00015490605125263596,40,0.9964806349669844,10.853146884239282,0.7012570865171309,PRUNED
304,304,0.7049543998028099,2021-02-21 15:17:12.249465,2021-02-21 15:17:23.379503,0 days 00:00:11.130038,0.019607222526875856,20,0.9980762066050144,9.354641091762312,0.7049543998028099,PRUNED
305,305,0.7022430367266453,2021-02-21 15:17:23.379797,2021-02-21 15:17:34.481976,0 days 00:00:11.102179,0.0005003699576722552,40,0.9985998210235539,12.745277195733241,0.7022430367266453,PRUNED
306,306,0.6997781612028593,2021-02-21 15:17:34.482280,2021-02-21 15:17:45.614472,0 days 00:00:11.132192,9.030631558801636e-05,40,0.9962721151814282,13.416154224907507,0.6997781612028593,PRUNED
307,307,0.7032289869361598,2021-02-21 15:17:45.614777,2021-02-21 15:17:56.866361,0 days 00:00:11.251584,0.00020918833581631518,40,0.9940282326496135,9.878634983016632,0.7032289869361598,PRUNED
308,308,0.7325081154522582,2021-02-21 15:17:56.866656,2021-02-21 15:19:22.457155,0 days 00:01:25.590499,0.0006092467568270355,30,0.9969804026504313,11.68176613398995,0.7093911757456248,COMPLETE
309,309,0.7029824993837811,2021-02-21 15:19:22.457853,2021-02-21 15:19:33.725574,0 days 00:00:11.267721,0.0005820498869693779,30,0.9968599788286069,11.769252387255827,0.7029824993837811,PRUNED
310,310,0.7056938624599458,2021-02-21 15:19:33.725867,2021-02-21 15:19:44.847602,0 days 00:00:11.121735,0.0004706598952357024,30,0.9967256493905318,12.310625991973762,0.7056938624599458,PRUNED
311,311,0.7034754744885383,2021-02-21 15:19:44.847896,2021-02-21 15:19:56.209881,0 days 00:00:11.361985,0.0006531037066074773,30,0.9965436252939412,8.15455456928938,0.7034754744885383,PRUNED
312,312,0.7244996119182725,2021-02-21 15:19:56.210134,2021-02-21 15:21:21.652457,0 days 00:01:25.442323,0.000132232676578973,30,0.9908228388458236,10.477200970690015,0.707419275326596,COMPLETE
313,313,0.7049543998028099,2021-02-21 15:21:21.653091,2021-02-21 15:21:32.904446,0 days 00:00:11.251355,0.005554639143026455,30,0.9983321319982866,11.999607959239148,0.7049543998028099,PRUNED
314,314,0.7010105989647523,2021-02-21 15:21:32.904715,2021-02-21 15:21:44.045153,0 days 00:00:11.140438,5.376038342652532e-05,20,0.9988585234601348,12.917547671174693,0.7010105989647523,PRUNED
315,315,0.7303465089709634,2021-02-21 15:21:44.045439,2021-02-21 15:23:09.670252,0 days 00:01:25.624813,0.000392574852901507,40,0.9961487434996901,8.890213763881693,0.706186837564703,COMPLETE
316,316,0.7322484563598659,2021-02-21 15:23:09.670914,2021-02-21 15:24:35.364835,0 days 00:01:25.693921,0.0005958121958455452,30,0.9979768722025881,10.966388873360883,0.706186837564703,COMPLETE
317,317,0.7052008873551886,2021-02-21 15:24:35.365490,2021-02-21 15:24:46.495068,0 days 00:00:11.129578,0.0005985224755214386,30,0.9963780772567382,10.996348483331133,0.7052008873551886,PRUNED
318,318,0.7323818488788071,2021-02-21 15:24:46.495342,2021-02-21 15:26:11.944401,0 days 00:01:25.449059,0.000519760707738175,30,0.996999336920929,11.61274120311055,0.7079122504313532,COMPLETE
319,319,0.7049543998028099,2021-02-21 15:26:11.945091,2021-02-21 15:26:23.210819,0 days 00:00:11.265728,0.0004960942067790524,30,0.9970547301274769,11.601921310265798,0.7049543998028099,PRUNED
320,320,0.7052008873551886,2021-02-21 15:26:23.211132,2021-02-21 15:26:34.413085,0 days 00:00:11.201953,0.0004337111116241528,30,0.9969538128389015,11.089301182520165,0.7052008873551886,PRUNED
321,321,0.7318676630319397,2021-02-21 15:26:34.413398,2021-02-21 15:27:59.828218,0 days 00:01:25.414820,0.0005322998155696824,30,0.9967003754014053,12.441861600235454,0.7071727877742174,COMPLETE
322,322,0.7052008873551886,2021-02-21 15:27:59.828720,2021-02-21 15:28:11.130910,0 days 00:00:11.302190,0.00035607645821265774,40,0.9965974425314098,11.96314301587646,0.7052008873551886,PRUNED
323,323,0.7052008873551886,2021-02-21 15:28:11.131227,2021-02-21 15:28:22.290934,0 days 00:00:11.159707,0.000674312808995724,30,0.9975848359068535,11.422094682317868,0.7052008873551886,PRUNED
324,324,0.7044614246980527,2021-02-21 15:28:22.291240,2021-02-21 15:28:33.651365,0 days 00:00:11.360125,0.0007714765645489307,70,0.9969489151617815,10.638658592866296,0.7044614246980527,PRUNED
325,325,0.7039684495932955,2021-02-21 15:28:33.651636,2021-02-21 15:28:44.936415,0 days 00:00:11.284779,0.0005457201027532551,40,0.9977736370652284,11.050279404710885,0.7039684495932955,PRUNED
326,326,0.7049543998028099,2021-02-21 15:28:44.936696,2021-02-21 15:28:56.214224,0 days 00:00:11.277528,0.000642472258062507,30,0.9967944057884983,11.689116527664734,0.7049543998028099,PRUNED
327,327,0.7313166461648976,2021-02-21 15:28:56.214529,2021-02-21 15:30:21.919318,0 days 00:01:25.704789,0.00045767979497283204,40,0.9972560134262634,13.100132518094316,0.7066798126694602,COMPLETE
328,328,0.7042149371456742,2021-02-21 15:30:21.919815,2021-02-21 15:30:33.140948,0 days 00:00:11.221133,0.0005760547787912533,20,0.9980082109054582,12.272454908180523,0.7042149371456742,PRUNED
329,329,0.7054473749075671,2021-02-21 15:30:33.141236,2021-02-21 15:30:44.460495,0 days 00:00:11.319259,0.0007518662114244488,40,0.9963830506276458,10.765534420234784,0.7054473749075671,PRUNED
330,330,0.7312307718565956,2021-02-21 15:30:44.460805,2021-02-21 15:32:09.654900,0 days 00:01:25.194095,0.0004206845995359486,40,0.9959914726077015,11.30619149270242,0.706186837564703,COMPLETE
331,331,0.7316263254978143,2021-02-21 15:32:09.655527,2021-02-21 15:33:35.572823,0 days 00:01:25.917296,0.0005093342161444841,30,0.9975052330763196,11.798490165912025,0.7096376632980035,COMPLETE
332,332,0.6879467586886863,2021-02-21 15:33:35.573500,2021-02-21 15:33:46.748337,0 days 00:00:11.174837,7.999943304106556e-05,40,0.997032771490391,10.241512643054154,0.6879467586886863,PRUNED
333,333,0.7319859654595213,2021-02-21 15:33:46.748656,2021-02-21 15:35:12.405825,0 days 00:01:25.657169,0.0006053508690174762,40,0.9977495989286339,11.412726503675593,0.7088982006408676,COMPLETE
334,334,0.7315331020230775,2021-02-21 15:35:12.406533,2021-02-21 15:36:37.747561,0 days 00:01:25.341028,0.0007333986026781389,30,0.9965763308203849,12.62140356263878,0.7064333251170816,COMPLETE
335,335,0.7275053336037525,2021-02-21 15:36:37.748175,2021-02-21 15:38:03.053125,0 days 00:01:25.304950,0.00011025334802731629,20,0.9981071959998655,10.798324783177922,0.7064333251170816,COMPLETE
336,336,0.7056938624599458,2021-02-21 15:38:03.053782,2021-02-21 15:38:14.319054,0 days 00:00:11.265272,0.0003995318663855946,40,0.996199688581187,14.626265813969969,0.7056938624599458,PRUNED
337,337,0.7059403500123244,2021-02-21 15:38:14.319342,2021-02-21 15:38:25.555466,0 days 00:00:11.236124,0.000692050803215328,40,0.9973615130944915,11.889014048463428,0.7059403500123244,PRUNED
