,number,value,datetime_start,datetime_complete,duration,params_lr,params_out_dim,params_scheduler_gamma,params_weight_decay,system_attrs_completed_rung_0,state
338,338,0.7054473749075671,2021-02-21 15:38:25.555742,2021-02-21 15:38:36.777716,0 days 00:00:11.221974,0.00033440591999980547,40,0.99677340539717,9.709270955864131,0.7054473749075671,PRUNED
339,339,0.7056938624599458,2021-02-21 15:38:36.778017,2021-02-21 15:38:48.119573,0 days 00:00:11.341556,0.0005296825822448887,30,0.997078027363111,11.258647409900046,0.7056938624599458,PRUNED
340,340,0.730754063593593,2021-02-21 15:38:48.119853,2021-02-21 15:40:14.163401,0 days 00:01:26.043548,0.00010059477437344183,40,0.9977049278294089,6.760854632235533,0.7069263002218388,COMPLETE
341,341,0.7059403500123244,2021-02-21 15:40:14.164062,2021-02-21 15:40:25.355080,0 days 00:00:11.191018,0.0008421015839952743,20,0.997952275195365,10.376408075328506,0.7059403500123244,PRUNED
342,342,0.7304124070872667,2021-02-21 15:40:25.355370,2021-02-21 15:41:51.139173,0 days 00:01:25.783803,0.00027378068783726625,40,0.9965219106722393,12.158997461615497,0.7084052255361104,COMPLETE
343,343,0.7059403500123244,2021-02-21 15:41:51.139867,2021-02-21 15:42:02.332846,0 days 00:00:11.192979,0.0006393889313134243,60,0.996887669417367,10.896951883148512,0.7059403500123244,PRUNED
344,344,0.7052008873551886,2021-02-21 15:42:02.333171,2021-02-21 15:42:13.685756,0 days 00:00:11.352585,0.00045038716187121864,40,0.9982247157091447,11.747986244693715,0.7052008873551886,PRUNED
345,345,0.7012570865171309,2021-02-21 15:42:13.686057,2021-02-21 15:42:24.935315,0 days 00:00:11.249258,0.0005825634182351511,40,0.9989831031968661,7.75959742058664,0.7012570865171309,PRUNED
346,346,0.7320724736100943,2021-02-21 15:42:24.935595,2021-02-21 15:43:50.396261,0 days 00:01:25.460666,0.000784384443883379,30,0.9966570760183738,10.050886690763134,0.7069263002218388,COMPLETE
347,347,0.7320372532394017,2021-02-21 15:43:50.396943,2021-02-21 15:45:15.885181,0 days 00:01:25.488238,0.0004974116938197596,40,0.9975035945850813,11.451021494067447,0.7093911757456248,COMPLETE
348,348,0.7054473749075671,2021-02-21 15:45:15.885888,2021-02-21 15:45:27.128390,0 days 00:00:11.242502,0.0006893011480497993,30,0.9979390408977519,10.52950816226957,0.7054473749075671,PRUNED
349,349,0.7027360118314026,2021-02-21 15:45:27.128696,2021-02-21 15:45:38.397988,0 days 00:00:11.269292,0.0003764990043605334,90,0.9972104999253543,9.276062061986478,0.7027360118314026,PRUNED
350,350,0.7059403500123244,2021-02-21 15:45:38.398331,2021-02-21 15:45:49.531430,0 days 00:00:11.133099,0.0005996774910212406,40,0.9978184353817761,12.522347969124779,0.7059403500123244,PRUNED
351,351,0.7338556717223879,2021-02-21 15:45:49.531758,2021-02-21 15:47:14.979823,0 days 00:01:25.448065,0.0005008362445319498,30,0.9963761432970012,8.265645624441637,0.7157998521074685,COMPLETE
352,352,0.7316550399281747,2021-02-21 15:47:14.980532,2021-02-21 15:48:40.111919,0 days 00:01:25.131387,0.00047629732135406666,30,0.9962892722008356,8.369933047538385,0.7076657628789746,COMPLETE
353,353,0.703721962040917,2021-02-21 15:48:40.112564,2021-02-21 15:48:51.394870,0 days 00:00:11.282306,0.0005390876876677611,30,0.9957923451774331,5.710248921704673,0.703721962040917,PRUNED
354,354,0.7279781738539598,2021-02-21 15:48:51.395181,2021-02-21 15:50:16.596805,0 days 00:01:25.201624,0.0003925846227113628,30,0.9964345140143147,8.136362953515496,0.7111165886122751,COMPLETE
355,355,0.7059403500123244,2021-02-21 15:50:16.597469,2021-02-21 15:50:27.763031,0 days 00:00:11.165562,0.0006539159165847751,30,0.9984388264610516,8.811356757824608,0.7059403500123244,PRUNED
356,356,0.7312962866934082,2021-02-21 15:50:27.763334,2021-02-21 15:51:53.481467,0 days 00:01:25.718133,0.0004560299608704104,40,0.9960607301196024,7.368075476582632,0.706186837564703,COMPLETE
357,357,0.7313553721672321,2021-02-21 15:51:53.482169,2021-02-21 15:53:18.943641,0 days 00:01:25.461472,0.0009124601099910807,40,0.9975576341319149,6.3926348567860645,0.7066798126694602,COMPLETE
358,358,0.7296635146993944,2021-02-21 15:53:18.944361,2021-02-21 15:54:44.262371,0 days 00:01:25.318010,0.00031039677141123117,30,0.9981073752905526,8.935257683162904,0.706186837564703,COMPLETE
359,359,0.7316141084050057,2021-02-21 15:54:44.263037,2021-02-21 15:56:09.856372,0 days 00:01:25.593335,0.0005378123291414333,40,0.9973617762525747,8.428628790185478,0.707419275326596,COMPLETE
360,360,0.7059403500123244,2021-02-21 15:56:09.857107,2021-02-21 15:56:21.259587,0 days 00:00:11.402480,0.0008191959119287065,30,0.9943552594096052,9.60604441603372,0.7059403500123244,PRUNED
361,361,0.7027360118314026,2021-02-21 15:56:21.259919,2021-02-21 15:56:32.453620,0 days 00:00:11.193701,0.0007262512733693816,40,0.9967811347362217,7.0582946458735325,0.7027360118314026,PRUNED
362,362,0.7054473749075671,2021-02-21 15:56:32.453934,2021-02-21 15:56:43.701453,0 days 00:00:11.247519,0.0006245961158811261,40,0.9976819484656068,11.081974976778339,0.7054473749075671,PRUNED
363,363,0.7052008873551886,2021-02-21 15:56:43.701788,2021-02-21 15:56:54.894249,0 days 00:00:11.192461,0.00043934779218931993,40,0.9987049984776963,12.072850222280287,0.7052008873551886,PRUNED
364,364,0.729404878500379,2021-02-21 15:56:54.894569,2021-02-21 15:58:20.503291,0 days 00:01:25.608722,0.0003411680431576463,40,0.9971283321790374,11.562075008353673,0.7227015035740695,COMPLETE
365,365,0.7325074466803648,2021-02-21 15:58:20.504000,2021-02-21 15:59:46.066355,0 days 00:01:25.562355,0.00024635170704902226,30,0.9969398643140063,13.004032130308095,0.7153068770027113,COMPLETE
366,366,0.7304649797319259,2021-02-21 15:59:46.067091,2021-02-21 16:01:11.580156,0 days 00:01:25.513065,0.0002450977757522763,30,0.9969461706668041,13.452347151794088,0.709884150850382,COMPLETE
367,367,0.7024895242790239,2021-02-21 16:01:11.580834,2021-02-21 16:01:22.910213,0 days 00:00:11.329379,0.00026294886653080375,30,0.9971747599588824,12.728885545536967,0.7024895242790239,PRUNED
368,368,0.7325142945001338,2021-02-21 16:01:22.910498,2021-02-21 16:02:48.597646,0 days 00:01:25.687148,0.0002246920650816158,80,0.9968915202936197,13.966932116724738,0.706186837564703,COMPLETE
369,369,0.7298453694176749,2021-02-21 16:02:48.598327,2021-02-21 16:04:14.201872,0 days 00:01:25.603545,0.0001853569976498037,80,0.9968733762428325,13.798455118877015,0.7086517130884891,COMPLETE
370,370,0.731293619043089,2021-02-21 16:04:14.202598,2021-02-21 16:05:39.956051,0 days 00:01:25.753453,0.00023689130804910048,80,0.9968333955525042,13.844950717992374,0.7091446881932463,COMPLETE
371,371,0.7034754744885383,2021-02-21 16:05:39.956574,2021-02-21 16:05:51.231641,0 days 00:00:11.275067,0.00020933341358376855,70,0.9970300300765516,13.104806509021508,0.7034754744885383,PRUNED
372,372,0.7280240296921975,2021-02-21 16:05:51.231985,2021-02-21 16:07:16.591246,0 days 00:01:25.359261,0.00021949546212676226,30,0.9969947378987192,14.599238715858602,0.7091446881932463,COMPLETE
373,373,0.7042149371456742,2021-02-21 16:07:16.591963,2021-02-21 16:07:27.861192,0 days 00:00:11.269229,0.00016588653356020087,90,0.9967008928961966,13.347038314130604,0.7042149371456742,PRUNED
374,374,0.7313153039247531,2021-02-21 16:07:27.861477,2021-02-21 16:08:53.261549,0 days 00:01:25.400072,0.0002529117627277534,30,0.9972699975929002,14.115241610785251,0.7081587379837319,COMPLETE
375,375,0.7000246487552378,2021-02-21 16:08:53.262242,2021-02-21 16:09:04.433288,0 days 00:00:11.171046,0.000282098813774209,80,0.9989928091672615,13.074015871219316,0.7000246487552378,PRUNED
376,376,0.7303998440849848,2021-02-21 16:09:04.433586,2021-02-21 16:10:30.315834,0 days 00:01:25.882248,0.0003008573909300709,70,0.9966559688319881,7.763842658323291,0.7084052255361104,COMPLETE
377,377,0.7320663439258345,2021-02-21 16:10:30.316551,2021-02-21 16:11:55.778434,0 days 00:01:25.461883,0.00034163944237454506,30,0.9971164828563248,14.074114890479237,0.7101306384027607,COMPLETE
378,378,0.7314267533363253,2021-02-21 16:11:55.779113,2021-02-21 16:13:21.416895,0 days 00:01:25.637782,0.00021200682578838455,90,0.9968146743048953,14.906267090659867,0.7088982006408676,COMPLETE
379,379,0.7300854236137011,2021-02-21 16:13:21.417595,2021-02-21 16:14:46.887568,0 days 00:01:25.469973,0.0003981832405784466,30,0.99655842092485,12.840965959991424,0.7069263002218388,COMPLETE
380,380,0.7052008873551886,2021-02-21 16:14:46.888294,2021-02-21 16:14:58.115596,0 days 00:00:11.227302,0.0001973063211375025,70,0.9974268734659348,12.436012642870205,0.7052008873551886,PRUNED
381,381,0.7264872360808586,2021-02-21 16:14:58.115899,2021-02-21 16:16:23.817637,0 days 00:01:25.701738,0.00015715698777731796,80,0.9983859802304436,13.51499939538874,0.7071727877742174,COMPLETE
382,382,0.7319779389555401,2021-02-21 16:16:23.818160,2021-02-21 16:17:49.353988,0 days 00:01:25.535828,0.0005132534438787826,30,0.9988556357489605,14.269253584346778,0.706186837564703,COMPLETE
383,383,0.7047079122504314,2021-02-21 16:17:49.354678,2021-02-21 16:18:00.642890,0 days 00:00:11.288212,0.00048014608427686644,30,0.9986154312492801,12.096137637822952,0.7047079122504314,PRUNED
384,384,0.7042149371456742,2021-02-21 16:18:00.643209,2021-02-21 16:18:11.827065,0 days 00:00:11.183856,0.00029725726579922984,20,0.9969706900574278,6.123358476356311,0.7042149371456742,PRUNED
385,385,0.7288392899065593,2021-02-21 16:18:11.827351,2021-02-21 16:19:37.315042,0 days 00:01:25.487691,0.0001406951171819394,30,0.9963380286560304,12.659732889574554,0.7069263002218388,COMPLETE
386,386,0.7047079122504314,2021-02-21 16:19:37.315729,2021-02-21 16:19:48.474364,0 days 00:00:11.158635,0.0005735207695675219,30,0.9972380658289084,8.668603481923803,0.7047079122504314,PRUNED
387,387,0.7012570865171309,2021-02-21 16:19:48.474713,2021-02-21 16:19:59.645169,0 days 00:00:11.170456,0.00035036847142541844,40,0.998174737581043,13.603343620924296,0.7012570865171309,PRUNED
388,388,0.7015035740695095,2021-02-21 16:19:59.645498,2021-02-21 16:20:10.818274,0 days 00:00:11.172776,0.00024333660345442817,40,0.9965812920929075,12.1918961155398,0.7015035740695095,PRUNED
389,389,0.6992851860981021,2021-02-21 16:20:10.818589,2021-02-21 16:20:22.006705,0 days 00:00:11.188116,0.00040671252087588056,60,0.9951772870474961,9.171772511664255,0.6992851860981021,PRUNED
390,390,0.7059403500123244,2021-02-21 16:20:22.007029,2021-02-21 16:20:33.414526,0 days 00:00:11.407497,0.0001234079757677139,40,0.9955520471114836,11.665503547784027,0.7059403500123244,PRUNED
391,391,0.7032289869361598,2021-02-21 16:20:33.414844,2021-02-21 16:20:44.703038,0 days 00:00:11.288194,0.0005555160503949518,30,0.9979581878550486,13.01942353621145,0.7032289869361598,PRUNED
392,392,0.7314367306549905,2021-02-21 16:20:44.703367,2021-02-21 16:22:10.067350,0 days 00:01:25.363983,0.00018466268668885017,40,0.9910061766409094,7.5479721735846965,0.7101306384027607,COMPLETE
393,393,0.7044614246980527,2021-02-21 16:22:10.068040,2021-02-21 16:22:21.267982,0 days 00:00:11.199942,0.0004602379504498412,40,0.996767984928673,12.255641567756872,0.7044614246980527,PRUNED
394,394,0.7044614246980527,2021-02-21 16:22:21.268293,2021-02-21 16:22:32.376902,0 days 00:00:11.108609,0.000671536948489388,70,0.9989975444180684,10.941572592300863,0.7044614246980527,PRUNED
395,395,0.732839677200735,2021-02-21 16:22:32.377215,2021-02-21 16:23:57.613695,0 days 00:01:25.236480,0.0005772107020585516,30,0.997051388410244,11.76420603777764,0.7069263002218388,COMPLETE
396,396,0.7056938624599458,2021-02-21 16:23:57.614401,2021-02-21 16:24:08.892695,0 days 00:00:11.278294,0.0004979570663819592,30,0.9971016852136073,11.858597710763819,0.7056938624599458,PRUNED
397,397,0.7049543998028099,2021-02-21 16:24:08.892992,2021-02-21 16:24:20.277212,0 days 00:00:11.384220,0.0005568879488066515,30,0.9969324577405838,12.6316331617608,0.7049543998028099,PRUNED
398,398,0.7052008873551886,2021-02-21 16:24:20.277561,2021-02-21 16:24:31.474495,0 days 00:00:11.196934,0.0004142140824455446,30,0.9973056898347599,13.177945993073491,0.7052008873551886,PRUNED
399,399,0.7299239772845286,2021-02-21 16:24:31.474853,2021-02-21 16:25:57.177346,0 days 00:01:25.702493,0.0003118672591517467,30,0.9974448811388319,8.126944579401052,0.7111165886122751,COMPLETE
400,400,0.7056938624599458,2021-02-21 16:25:57.178058,2021-02-21 16:26:08.496944,0 days 00:00:11.318886,0.0006097535839852333,30,0.9969046806420371,11.90957292574662,0.7056938624599458,PRUNED
401,401,0.700517623859995,2021-02-21 16:26:08.497281,2021-02-21 16:26:19.770707,0 days 00:00:11.273426,0.0004801972016999738,20,0.9966721211989066,10.051212954192254,0.700517623859995,PRUNED
402,402,0.703721962040917,2021-02-21 16:26:19.771042,2021-02-21 16:26:31.003069,0 days 00:00:11.232027,0.00037269611277220054,30,0.9971053664778037,12.475843576249346,0.703721962040917,PRUNED
403,403,0.7056938624599458,2021-02-21 16:26:31.003423,2021-02-21 16:26:42.283992,0 days 00:00:11.280569,0.0002741927704848978,30,0.9976300256884176,15.32150493127701,0.7056938624599458,PRUNED
404,404,0.7049543998028099,2021-02-21 16:26:42.284315,2021-02-21 16:26:53.430452,0 days 00:00:11.146137,0.0005985040779296923,30,0.9964562515381756,11.23779280633366,0.7049543998028099,PRUNED
405,405,0.7049543998028099,2021-02-21 16:26:53.430778,2021-02-21 16:27:04.553276,0 days 00:00:11.122498,0.0007227062428535403,30,0.9968241919403572,9.480771405510216,0.7049543998028099,PRUNED
406,406,0.7307312316946998,2021-02-21 16:27:04.553613,2021-02-21 16:28:29.824001,0 days 00:01:25.270388,0.0002013157148067035,20,0.996237407734774,11.619918345650087,0.7118560512694109,COMPLETE
407,407,0.7327219489129975,2021-02-21 16:28:29.824628,2021-02-21 16:29:55.769081,0 days 00:01:25.944453,0.0005036454054710609,90,0.997291112795973,10.59689873076701,0.7125955139265467,COMPLETE
408,408,0.7017500616218881,2021-02-21 16:29:55.769791,2021-02-21 16:30:06.983953,0 days 00:00:11.214162,0.00040429055186243316,100,0.9974307143292765,10.557878125148111,0.7017500616218881,PRUNED
409,409,0.732296936954848,2021-02-21 16:30:06.984312,2021-02-21 16:31:32.579786,0 days 00:01:25.595474,0.0004658124593254843,90,0.9972324912699155,9.74050589997174,0.7128420014789253,COMPLETE
410,410,0.7056938624599458,2021-02-21 16:31:32.580514,2021-02-21 16:31:43.753894,0 days 00:00:11.173380,0.00022981491042857203,90,0.997267813796787,8.640091417854283,0.7056938624599458,PRUNED
411,411,0.7044614246980527,2021-02-21 16:31:43.754230,2021-02-21 16:31:54.961717,0 days 00:00:11.207487,0.0005151946025105798,90,0.9971043645963872,6.815680870179758,0.7044614246980527,PRUNED
412,412,0.7059403500123244,2021-02-21 16:31:54.962066,2021-02-21 16:32:06.316088,0 days 00:00:11.354022,0.00017124657171921112,90,0.9972480777601654,9.061768717330462,0.7059403500123244,PRUNED
413,413,0.7299845462586926,2021-02-21 16:32:06.316454,2021-02-21 16:33:32.172760,0 days 00:01:25.856306,0.0003455179474045617,80,0.9973702892960131,9.336621341916539,0.706186837564703,COMPLETE
414,414,0.703721962040917,2021-02-21 16:33:32.173577,2021-02-21 16:33:43.414655,0 days 00:00:11.241078,0.00042812728554605467,90,0.9970518011448848,9.762414452068397,0.703721962040917,PRUNED
415,415,0.6985457234409662,2021-02-21 16:33:43.414987,2021-02-21 16:33:54.569182,0 days 00:00:11.154195,0.0001377013631071221,90,0.9975268604831624,12.210898505683433,0.6985457234409662,PRUNED
416,416,0.7320216382433151,2021-02-21 16:33:54.569525,2021-02-21 16:35:20.226773,0 days 00:01:25.657248,0.0005142206120350005,90,0.9972042728728685,13.7718047599398,0.7079122504313532,COMPLETE
417,417,0.7335401930639435,2021-02-21 16:35:20.227306,2021-02-21 16:36:45.917308,0 days 00:01:25.690002,0.00011240539029499423,80,0.9970582611220505,14.351826676929912,0.7111165886122751,COMPLETE
418,418,0.7174027503814825,2021-02-21 16:36:45.918010,2021-02-21 16:38:11.515409,0 days 00:01:25.597399,3.3230329156965775e-05,80,0.9969985663909164,13.536487908109416,0.7118560512694109,COMPLETE
419,419,0.7294916726872649,2021-02-21 16:38:11.516139,2021-02-21 16:39:37.160669,0 days 00:01:25.644530,0.00011398234455671402,80,0.9973342473718618,14.093730929295067,0.7093911757456248,COMPLETE
420,420,0.7059403500123244,2021-02-21 16:39:37.161420,2021-02-21 16:39:48.591991,0 days 00:00:11.430571,9.714979200064402e-05,80,0.997576430153337,14.58997125451897,0.7059403500123244,PRUNED
421,421,0.7302138680023809,2021-02-21 16:39:48.592329,2021-02-21 16:41:14.245771,0 days 00:01:25.653442,8.165802953502137e-05,80,0.9971429784532881,14.677117906687553,0.706186837564703,COMPLETE
422,422,0.7029824993837811,2021-02-21 16:41:14.246302,2021-02-21 16:41:25.613973,0 days 00:00:11.367671,0.00010563351755512073,90,0.997029799420518,14.258088762940012,0.7029824993837811,PRUNED
423,423,0.7282235151215766,2021-02-21 16:41:25.614301,2021-02-21 16:42:51.556298,0 days 00:01:25.941997,0.00012314239453247922,80,0.9973571532997639,13.034307111854417,0.7084052255361104,COMPLETE
424,424,0.7059403500123244,2021-02-21 16:42:51.556985,2021-02-21 16:43:02.688902,0 days 00:00:11.131917,0.00044997159027611316,80,0.9968948569970641,14.4104095750946,0.7059403500123244,PRUNED
425,425,0.7181858252652529,2021-02-21 16:43:02.689257,2021-02-21 16:44:28.127423,0 days 00:01:25.438166,6.032639585954407e-05,80,0.9977266241837867,15.28928634464527,0.7066798126694602,COMPLETE
426,426,0.7047079122504314,2021-02-21 16:44:28.128146,2021-02-21 16:44:39.394976,0 days 00:00:11.266830,0.000773806068038423,90,0.9971750404289904,12.805720589547061,0.7047079122504314,PRUNED
427,427,0.7330940795198125,2021-02-21 16:44:39.395337,2021-02-21 16:46:05.408855,0 days 00:01:26.013518,0.0005637777056061238,80,0.9936130267858996,12.423407565998069,0.7066798126694602,COMPLETE
428,428,0.731857710905396,2021-02-21 16:46:05.409597,2021-02-21 16:47:31.002599,0 days 00:01:25.593002,0.0005211876011788586,80,0.9975495422703838,13.686523720855192,0.7086517130884891,COMPLETE
429,429,0.7056938624599458,2021-02-21 16:47:31.003142,2021-02-21 16:47:42.232068,0 days 00:00:11.228926,0.00039543707714516813,80,0.9935153961208496,13.284612828498293,0.7056938624599458,PRUNED
430,430,0.6978062607838305,2021-02-21 16:47:42.232412,2021-02-21 16:47:53.450389,0 days 00:00:11.217977,7.090104178013724e-05,80,0.9974413407652035,4.987471829886115,0.6978062607838305,PRUNED
431,431,0.7054473749075671,2021-02-21 16:47:53.450742,2021-02-21 16:48:04.661487,0 days 00:00:11.210745,8.979902370369887e-05,80,0.9940627867796272,9.895167210691213,0.7054473749075671,PRUNED
432,432,0.7323618358222364,2021-02-21 16:48:04.661850,2021-02-21 16:49:30.124653,0 days 00:01:25.462803,0.0005952853737924715,80,0.9937040121950765,12.590932916786857,0.707419275326596,COMPLETE
433,433,0.7054473749075671,2021-02-21 16:49:30.125187,2021-02-21 16:49:41.424634,0 days 00:00:11.299447,0.0006906475128046388,80,0.9933285080317025,13.00192827700663,0.7054473749075671,PRUNED
434,434,0.7039684495932955,2021-02-21 16:49:41.424997,2021-02-21 16:49:52.669171,0 days 00:00:11.244174,0.000600546768558072,80,0.9937647475778421,12.479252868035212,0.7039684495932955,PRUNED
435,435,0.7034754744885383,2021-02-21 16:49:52.669540,2021-02-21 16:50:03.898336,0 days 00:00:11.228796,0.0008167364055204604,80,0.9935590368565058,12.649272344771065,0.7034754744885383,PRUNED
436,436,0.703721962040917,2021-02-21 16:50:03.898706,2021-02-21 16:50:15.143380,0 days 00:00:11.244674,0.0006070966154116213,80,0.9936520946429196,14.91257593454929,0.703721962040917,PRUNED
437,437,0.7319663446887453,2021-02-21 16:50:15.143727,2021-02-21 16:51:40.862800,0 days 00:01:25.719073,0.000705102688138975,80,0.9941201621717757,12.355577585990497,0.7076657628789746,COMPLETE
438,438,0.7314730246901864,2021-02-21 16:51:40.863340,2021-02-21 16:53:06.491002,0 days 00:01:25.627662,0.0005152812532605747,70,0.9930046107608176,13.354985246598847,0.707419275326596,COMPLETE
439,439,0.7324534412848488,2021-02-21 16:53:06.491706,2021-02-21 16:54:32.475452,0 days 00:01:25.983746,0.0006525916244801729,80,0.9977463623673041,12.803473459720896,0.7069263002218388,COMPLETE
440,440,0.731825237544363,2021-02-21 16:54:32.476179,2021-02-21 16:55:58.045537,0 days 00:01:25.569358,0.0008038603685738993,80,0.9944678303879898,12.7475956629512,0.706186837564703,COMPLETE
441,441,0.7330218533999979,2021-02-21 16:55:58.046295,2021-02-21 16:57:23.629572,0 days 00:01:25.583277,0.0006053340308639063,80,0.9978062483702651,13.195541420857147,0.7088982006408676,COMPLETE
442,442,0.7320703955491497,2021-02-21 16:57:23.630271,2021-02-21 16:58:49.176470,0 days 00:01:25.546199,0.000637778205246691,80,0.9977122899456625,13.9157885258174,0.7071727877742174,COMPLETE
443,443,0.7322965412670068,2021-02-21 16:58:49.177214,2021-02-21 17:00:15.259524,0 days 00:01:26.082310,0.0005581045669684479,80,0.9978068345265703,13.264649195591563,0.706186837564703,COMPLETE
444,444,0.7059403500123244,2021-02-21 17:00:15.260061,2021-02-21 17:00:26.547490,0 days 00:00:11.287429,0.000661696861603281,80,0.9978561759279604,13.501642082196996,0.7059403500123244,PRUNED
445,445,0.7317067834909597,2021-02-21 17:00:26.547849,2021-02-21 17:01:51.972374,0 days 00:01:25.424525,0.0005393330218825953,80,0.9930526306725097,13.07177722608223,0.7138279516884397,COMPLETE
446,446,0.7309616618926341,2021-02-21 17:01:51.973077,2021-02-21 17:03:17.427807,0 days 00:01:25.454730,0.0004593975612599379,80,0.9976187791178511,13.915539122310863,0.706186837564703,COMPLETE
447,447,0.7027360118314026,2021-02-21 17:03:17.428532,2021-02-21 17:03:28.646018,0 days 00:00:11.217486,0.0005881152998647997,80,0.9947321275283496,12.908044810806345,0.7027360118314026,PRUNED
448,448,0.7323679460802899,2021-02-21 17:03:28.646374,2021-02-21 17:04:54.267661,0 days 00:01:25.621287,0.0007082152160008675,80,0.9939301518588619,13.447935804901544,0.7071727877742174,COMPLETE
449,449,0.7054473749075671,2021-02-21 17:04:54.268453,2021-02-21 17:05:05.486553,0 days 00:00:11.218100,0.0006977804584927195,80,0.9942832354745466,13.69678318708891,0.7054473749075671,PRUNED
