,number,value,datetime_start,datetime_complete,duration,params_lr,params_out_dim,params_scheduler_gamma,params_weight_decay,system_attrs_completed_rung_0,state
113,113,0.7317290973188028,2021-02-21 13:04:58.830152,2021-02-21 13:06:24.112098,0 days 00:01:25.281946,0.00045018610687502835,30,0.9983402178337479,11.027215565705863,0.7086517130884891,COMPLETE
114,114,0.7317008230750519,2021-02-21 13:06:24.112600,2021-02-21 13:07:49.476920,0 days 00:01:25.364320,0.0006956122928158872,40,0.9969877986674542,8.613229578205182,0.7064333251170816,COMPLETE
115,115,0.7321888313821505,2021-02-21 13:07:49.477443,2021-02-21 13:09:15.339608,0 days 00:01:25.862165,0.00017518849523075693,50,0.9979645045733889,10.225539897095828,0.7138279516884397,COMPLETE
116,116,0.729362622060302,2021-02-21 13:09:15.340032,2021-02-21 13:10:40.599264,0 days 00:01:25.259232,0.0001560914500651764,60,0.9972495459711832,10.287004047417874,0.7123490263741681,COMPLETE
117,117,0.740389030410693,2021-02-21 13:10:40.599773,2021-02-21 13:12:05.765096,0 days 00:01:25.165323,0.0001050533507356847,50,0.9980237274208562,7.968317995301641,0.7066798126694602,COMPLETE
118,118,0.703721962040917,2021-02-21 13:12:05.765600,2021-02-21 13:12:16.852715,0 days 00:00:11.087115,0.0001833362869755577,50,0.9985728890991875,9.55726522240123,0.703721962040917,PRUNED
119,119,0.723815172447393,2021-02-21 13:12:16.852947,2021-02-21 13:13:42.176023,0 days 00:01:25.323076,4.586885958226284e-05,60,0.998368123773133,2.516490983943704,0.7084052255361104,COMPLETE
120,120,0.6978062607838305,2021-02-21 13:13:42.176514,2021-02-21 13:13:53.468782,0 days 00:00:11.292268,0.00010226050888213843,50,0.9988064326198044,11.526079978192154,0.6978062607838305,PRUNED
121,121,0.7288525441498346,2021-02-21 13:13:53.468979,2021-02-21 13:15:18.902442,0 days 00:01:25.433463,0.00012929381756372562,50,0.9962458886534491,10.589060398684335,0.7106236135075179,COMPLETE
122,122,0.7233853417239553,2021-02-21 13:15:18.902970,2021-02-21 13:16:44.254537,0 days 00:01:25.351567,0.0002082961692626895,50,0.9979867295376152,13.80566234483561,0.7143209267931969,COMPLETE
123,123,0.7042149371456742,2021-02-21 13:16:44.255104,2021-02-21 13:16:55.628791,0 days 00:00:11.373687,0.000278871117836146,50,0.9981706739016335,8.14620158649292,0.7042149371456742,PRUNED
124,124,0.7056938624599458,2021-02-21 13:16:55.629037,2021-02-21 13:17:06.736772,0 days 00:00:11.107735,8.872161975728464e-05,50,0.9974340413834912,14.750226286121755,0.7056938624599458,PRUNED
125,125,0.6946019226029085,2021-02-21 13:17:06.736989,2021-02-21 13:17:17.992997,0 days 00:00:11.256008,0.00017104607424542532,60,0.9902502799722949,9.89508739738975,0.6946019226029085,PRUNED
126,126,0.7159802130262038,2021-02-21 13:17:17.993228,2021-02-21 13:18:43.332869,0 days 00:01:25.339641,7.336685238950287e-05,20,0.9965418337503992,0.41972358171224333,0.7113630761646537,COMPLETE
127,127,0.7056938624599458,2021-02-21 13:18:43.333432,2021-02-21 13:18:54.544907,0 days 00:00:11.211475,0.0009444145087382673,40,0.9976384848121476,11.856667821847132,0.7056938624599458,PRUNED
128,128,0.7042149371456742,2021-02-21 13:18:54.545129,2021-02-21 13:19:05.705905,0 days 00:00:11.160776,0.00014523530403961872,10,0.9980535031721797,16.58657055443459,0.7042149371456742,PRUNED
129,129,0.7312629401745606,2021-02-21 13:19:05.706117,2021-02-21 13:20:30.869441,0 days 00:01:25.163324,0.0003557687071753577,30,0.9984616510775491,12.668518629536324,0.7066798126694602,COMPLETE
130,130,0.7256032691293088,2021-02-21 13:20:30.869966,2021-02-21 13:21:56.390706,0 days 00:01:25.520740,0.00010821764566623681,50,0.9973084886283656,10.72150522375139,0.7059403500123244,COMPLETE
131,131,0.7047079122504314,2021-02-21 13:21:56.391235,2021-02-21 13:22:07.750670,0 days 00:00:11.359435,0.0007804245788274408,40,0.9976852577815534,11.29509625458192,0.7047079122504314,PRUNED
132,132,0.7324544072265512,2021-02-21 13:22:07.750899,2021-02-21 13:23:33.100751,0 days 00:01:25.349852,0.0006217468934795887,40,0.997955804381618,11.005508074396795,0.7069263002218388,COMPLETE
133,133,0.7042149371456742,2021-02-21 13:23:33.101308,2021-02-21 13:23:44.269490,0 days 00:00:11.168182,0.0011428489038298733,40,0.9982375357421305,10.015857976622705,0.7042149371456742,PRUNED
134,134,0.7327134347498478,2021-02-21 13:23:44.269727,2021-02-21 13:25:09.990892,0 days 00:01:25.721165,0.0006193146426765008,40,0.9977870830054067,9.141997557298714,0.7084052255361104,COMPLETE
135,135,0.7307819828450398,2021-02-21 13:25:09.991697,2021-02-21 13:26:35.531741,0 days 00:01:25.540044,0.0006182834973747842,40,0.9942776553438352,9.21003008587262,0.7084052255361104,COMPLETE
136,136,0.7019965491742667,2021-02-21 13:26:35.532255,2021-02-21 13:26:46.727369,0 days 00:00:11.195114,0.00040770586231603527,40,0.9959412428876461,8.878740058756263,0.7019965491742667,PRUNED
137,137,0.6995316736504806,2021-02-21 13:26:46.727590,2021-02-21 13:26:57.986124,0 days 00:00:11.258534,0.0004941185191062691,30,0.9967155199358504,10.444478953260667,0.6995316736504806,PRUNED
138,138,0.7323247610314676,2021-02-21 13:26:57.986333,2021-02-21 13:28:23.027708,0 days 00:01:25.041375,0.00023815787369231505,40,0.9969676831654121,9.554740733656505,0.7138279516884397,COMPLETE
139,139,0.7047079122504314,2021-02-21 13:28:23.028234,2021-02-21 13:28:34.352492,0 days 00:00:11.324258,0.0007030546801216248,40,0.9971642129133972,7.235419311128009,0.7047079122504314,PRUNED
140,140,0.7019965491742667,2021-02-21 13:28:34.352721,2021-02-21 13:28:45.543377,0 days 00:00:11.190656,0.00022332001389952202,100,0.9969177217936199,7.941326166848042,0.7019965491742667,PRUNED
141,141,0.7319023820670918,2021-02-21 13:28:45.543608,2021-02-21 13:30:11.162695,0 days 00:01:25.619087,0.00026444176941991664,40,0.9974603725977557,9.496617402801853,0.7064333251170816,COMPLETE
142,142,0.7052008873551886,2021-02-21 13:30:11.163249,2021-02-21 13:30:22.390784,0 days 00:00:11.227535,0.0004450356361252096,40,0.9979141152942032,10.934205366479276,0.7052008873551886,PRUNED
143,143,0.7042149371456742,2021-02-21 13:30:22.391036,2021-02-21 13:30:33.537505,0 days 00:00:11.146469,0.000350292808538695,40,0.9963359927502076,1.0775427561612414,0.7042149371456742,PRUNED
144,144,0.7052008873551886,2021-02-21 13:30:33.537724,2021-02-21 13:30:44.748341,0 days 00:00:11.210617,0.0005584466562347549,30,0.996583709963126,9.814508519619707,0.7052008873551886,PRUNED
145,145,0.6982992358885877,2021-02-21 13:30:44.748560,2021-02-21 13:30:56.221950,0 days 00:00:11.473390,0.00012796833989453887,30,0.9970273392963419,12.147871005881038,0.6982992358885877,PRUNED
146,146,0.7265484043942114,2021-02-21 13:30:56.222171,2021-02-21 13:32:22.027318,0 days 00:01:25.805147,8.429086000498774e-05,40,0.9975592136914896,10.183626984002013,0.7101306384027607,COMPLETE
147,147,0.7323610947677814,2021-02-21 13:32:22.027890,2021-02-21 13:33:47.464564,0 days 00:01:25.436674,0.0008452615840160374,20,0.9968104227907707,11.692627400862317,0.706186837564703,COMPLETE
148,148,0.703721962040917,2021-02-21 13:33:47.464997,2021-02-21 13:33:58.710562,0 days 00:00:11.245565,0.000853810384696913,20,0.9968001987043679,11.763803146956576,0.703721962040917,PRUNED
149,149,0.7056938624599458,2021-02-21 13:33:58.710817,2021-02-21 13:34:10.014698,0 days 00:00:11.303881,0.0006431171256055365,20,0.9972498740369097,13.196438984422674,0.7056938624599458,PRUNED
150,150,0.7267923140870458,2021-02-21 13:34:10.014941,2021-02-21 13:35:35.647646,0 days 00:01:25.632705,6.089355656662034e-05,30,0.9977811586053159,11.354804254706725,0.7093911757456248,COMPLETE
151,151,0.7324655666366464,2021-02-21 13:35:35.648079,2021-02-21 13:37:01.246990,0 days 00:01:25.598911,0.0007262861234974432,10,0.9961333183711998,11.000166521255956,0.7059403500123244,COMPLETE
152,152,0.7049543998028099,2021-02-21 13:37:01.247526,2021-02-21 13:37:12.499334,0 days 00:00:11.251808,0.0007554519058451414,10,0.9960456063468967,10.89147738434886,0.7049543998028099,PRUNED
153,153,0.7047079122504314,2021-02-21 13:37:12.499584,2021-02-21 13:37:23.689059,0 days 00:00:11.189475,0.0005461444504633981,20,0.9970745706955498,11.61011263335766,0.7047079122504314,PRUNED
154,154,0.7047079122504314,2021-02-21 13:37:23.689285,2021-02-21 13:37:35.100486,0 days 00:00:11.411201,0.0008644709104773832,40,0.9981027488003072,12.433293908304254,0.7047079122504314,PRUNED
155,155,0.7047079122504314,2021-02-21 13:37:35.100693,2021-02-21 13:37:46.424325,0 days 00:00:11.323632,0.0013518398342273101,20,0.9964670184432561,11.274084880333062,0.7047079122504314,PRUNED
156,156,0.7052008873551886,2021-02-21 13:37:46.424556,2021-02-21 13:37:57.666849,0 days 00:00:11.242293,0.0006374097779285511,10,0.9983161299015086,10.6356492756496,0.7052008873551886,PRUNED
157,157,0.7039684495932955,2021-02-21 13:37:57.667113,2021-02-21 13:38:08.824973,0 days 00:00:11.157860,0.0010233297944114285,40,0.9986572841887835,12.030698876884419,0.7039684495932955,PRUNED
158,158,0.7042149371456742,2021-02-21 13:38:08.825231,2021-02-21 13:38:19.959825,0 days 00:00:11.134594,0.0004865747446717757,80,0.9962123902693878,4.25649785455633,0.7042149371456742,PRUNED
159,159,0.7049543998028099,2021-02-21 13:38:19.960047,2021-02-21 13:38:31.139852,0 days 00:00:11.179805,0.0007390609183749985,40,0.9968524537479704,9.198076039055401,0.7049543998028099,PRUNED
160,160,0.7054473749075671,2021-02-21 13:38:31.140098,2021-02-21 13:38:42.312047,0 days 00:00:11.171949,0.000899395647399946,30,0.9957394363299811,19.468468492129418,0.7054473749075671,PRUNED
161,161,0.7308115874845622,2021-02-21 13:38:42.312286,2021-02-21 13:40:07.481433,0 days 00:01:25.169147,0.0003801502718055135,10,0.9966081059653743,9.925727152624562,0.707419275326596,COMPLETE
162,162,0.7022430367266453,2021-02-21 13:40:07.482032,2021-02-21 13:40:18.691740,0 days 00:00:11.209708,0.0002871101414497492,10,0.9963073814996193,10.195720868059002,0.7022430367266453,PRUNED
163,163,0.7029824993837811,2021-02-21 13:40:18.691970,2021-02-21 13:40:29.940891,0 days 00:00:11.248921,0.00018628340778548702,10,0.9973407524555404,11.096121738681536,0.7029824993837811,PRUNED
164,164,0.7047079122504314,2021-02-21 13:40:29.941155,2021-02-21 13:40:41.123329,0 days 00:00:11.182174,0.0005957845371054745,10,0.9978822159876836,8.522939325722836,0.7047079122504314,PRUNED
165,165,0.7054473749075671,2021-02-21 13:40:41.123568,2021-02-21 13:40:52.242085,0 days 00:00:11.118517,0.00043276069211732257,20,0.9967003226047167,10.474686554502743,0.7054473749075671,PRUNED
166,166,0.7331468057897842,2021-02-21 13:40:52.242309,2021-02-21 13:42:17.497125,0 days 00:01:25.254816,0.00023769234157371583,40,0.9960589893179788,11.723586486227545,0.7106236135075179,COMPLETE
167,167,0.7332440602936309,2021-02-21 13:42:17.497696,2021-02-21 13:43:42.850177,0 days 00:01:25.352481,0.00011268042219042456,40,0.9922947697728622,12.786864182323301,0.7113630761646537,COMPLETE
168,168,0.7047079122504314,2021-02-21 13:43:42.850741,2021-02-21 13:43:54.042709,0 days 00:00:11.191968,0.0001079382622717077,40,0.9922336983153981,12.785452839262813,0.7047079122504314,PRUNED
169,169,0.7022430367266453,2021-02-21 13:43:54.042947,2021-02-21 13:44:05.276710,0 days 00:00:11.233763,0.00014671229501968732,40,0.9937778834777055,12.353140470918161,0.7022430367266453,PRUNED
170,170,0.7282363607895702,2021-02-21 13:44:05.276939,2021-02-21 13:45:31.056449,0 days 00:01:25.779510,9.590289090579856e-05,40,0.9960662061099693,11.754610674075384,0.7121025388217895,COMPLETE
171,171,0.6987922109933449,2021-02-21 13:45:31.057052,2021-02-21 13:45:42.272029,0 days 00:00:11.214977,7.837784467611017e-05,40,0.9913779657142536,13.196613769488872,0.6987922109933449,PRUNED
172,172,0.7316598496371723,2021-02-21 13:45:42.272302,2021-02-21 13:47:08.083674,0 days 00:01:25.811372,0.00011778693091463056,40,0.9958818938034422,13.829988101152697,0.7093911757456248,COMPLETE
173,173,0.7044614246980527,2021-02-21 13:47:08.084250,2021-02-21 13:47:19.397721,0 days 00:00:11.313471,0.00023538162081576354,50,0.9928561848980816,12.004669122070789,0.7044614246980527,PRUNED
174,174,0.6995316736504806,2021-02-21 13:47:19.397957,2021-02-21 13:47:30.648136,0 days 00:00:11.250179,0.00016795468162911768,40,0.9976485202924579,11.502790074856113,0.6995316736504806,PRUNED
175,175,0.7316679571284667,2021-02-21 13:47:30.648396,2021-02-21 13:48:56.164045,0 days 00:01:25.515649,0.0006858699858431362,40,0.9964298391425668,5.633833711880361,0.7128420014789253,COMPLETE
176,176,0.7034754744885383,2021-02-21 13:48:56.164494,2021-02-21 13:49:07.431937,0 days 00:00:11.267443,0.0004904839048701135,50,0.9914146353177682,13.449205805547788,0.7034754744885383,PRUNED
177,177,0.7180826149543391,2021-02-21 13:49:07.432198,2021-02-21 13:50:32.570468,0 days 00:01:25.138270,0.00013275933025514545,40,0.997987664714801,10.903319490792786,0.7069263002218388,COMPLETE
178,178,0.7054473749075671,2021-02-21 13:50:32.571030,2021-02-21 13:50:43.811694,0 days 00:00:11.240664,0.0012093177753476876,40,0.9955923320203572,12.613896292951752,0.7054473749075671,PRUNED
179,179,0.7019965491742667,2021-02-21 13:50:43.811914,2021-02-21 13:50:55.114224,0 days 00:00:11.302310,0.0005856329445115344,30,0.9975005098845785,14.313046437014021,0.7019965491742667,PRUNED
180,180,0.7052008873551886,2021-02-21 13:50:55.114447,2021-02-21 13:51:06.245032,0 days 00:00:11.130585,0.0008183196865402381,40,0.9984574972015722,11.257732787087543,0.7052008873551886,PRUNED
181,181,0.7002711363076165,2021-02-21 13:51:06.245281,2021-02-21 13:51:17.365144,0 days 00:00:11.119863,0.0001997730712935402,10,0.9961587871205215,10.784058542625427,0.7002711363076165,PRUNED
182,182,0.729876285076937,2021-02-21 13:51:17.365417,2021-02-21 13:52:42.400311,0 days 00:01:25.034894,0.0003329837163898783,20,0.9963789617979455,10.419964448645835,0.7091446881932463,COMPLETE
183,183,0.7270483206114472,2021-02-21 13:52:42.400745,2021-02-21 13:54:07.596113,0 days 00:01:25.195368,0.0002475577961509696,40,0.9989905646896861,9.602135090301676,0.7093911757456248,COMPLETE
184,184,0.7315393693675476,2021-02-21 13:54:07.596680,2021-02-21 13:55:32.980789,0 days 00:01:25.384109,0.00030290344400996783,50,0.9969308793990361,15.1029821193531,0.7121025388217895,COMPLETE
185,185,0.7052008873551886,2021-02-21 13:55:32.981360,2021-02-21 13:55:44.292056,0 days 00:00:11.310696,0.0006795691083609633,90,0.9953274519902298,11.968646210752949,0.7052008873551886,PRUNED
186,186,0.703721962040917,2021-02-21 13:55:44.292326,2021-02-21 13:55:55.481437,0 days 00:00:11.189111,0.0005257528350512327,30,0.9965501481593984,11.503347287689985,0.703721962040917,PRUNED
187,187,0.695587872812423,2021-02-21 13:55:55.481692,2021-02-21 13:56:06.571996,0 days 00:00:11.090304,0.0001590750829532248,40,0.9970985322286373,11.040586951797817,0.695587872812423,PRUNED
188,188,0.7015035740695095,2021-02-21 13:56:06.572230,2021-02-21 13:56:17.705870,0 days 00:00:11.133640,0.0004112097142174647,20,0.9981473310279764,10.18229377039987,0.7015035740695095,PRUNED
189,189,0.7179528758686466,2021-02-21 13:56:17.706134,2021-02-21 13:57:43.165427,0 days 00:01:25.459293,6.745370871633774e-05,10,0.9961816947601052,12.81879703998624,0.7064333251170816,COMPLETE
190,190,0.7042149371456742,2021-02-21 13:57:43.165991,2021-02-21 13:57:54.416178,0 days 00:00:11.250187,9.745941229543358e-05,40,0.996702395015756,11.724189704330062,0.7042149371456742,PRUNED
191,191,0.7056938624599458,2021-02-21 13:57:54.416441,2021-02-21 13:58:05.546770,0 days 00:00:11.130329,0.0008684598928719517,50,0.9978879160634737,12.346231862311242,0.7056938624599458,PRUNED
192,192,0.7042149371456742,2021-02-21 13:58:05.547016,2021-02-21 13:58:16.699905,0 days 00:00:11.152889,0.0009997196243732246,50,0.997839195943464,10.70327576780188,0.7042149371456742,PRUNED
193,193,0.7320924999125953,2021-02-21 13:58:16.700161,2021-02-21 13:59:41.941647,0 days 00:01:25.241486,0.0007215486486606931,50,0.9976395797669814,11.269922586143469,0.7069263002218388,COMPLETE
194,194,0.7318343269435944,2021-02-21 13:59:41.942226,2021-02-21 14:01:07.091852,0 days 00:01:25.149626,0.0007496054283506895,50,0.9973336439574436,11.167293648254674,0.7066798126694602,COMPLETE
195,195,0.6987922109933449,2021-02-21 14:01:07.092437,2021-02-21 14:01:18.363742,0 days 00:00:11.271305,0.0005994390244299284,60,0.9976856435675345,11.444889955424927,0.6987922109933449,PRUNED
196,196,0.7042149371456742,2021-02-21 14:01:18.363983,2021-02-21 14:01:29.531001,0 days 00:00:11.167018,0.00047368011607726177,40,0.9982047681355601,9.716304915061768,0.7042149371456742,PRUNED
197,197,0.7052008873551886,2021-02-21 14:01:29.531275,2021-02-21 14:01:40.743819,0 days 00:00:11.212544,0.0007406270781682906,50,0.997419165028747,12.035824237197627,0.7052008873551886,PRUNED
198,198,0.7056938624599458,2021-02-21 14:01:40.744068,2021-02-21 14:01:51.907373,0 days 00:00:11.163305,0.00020738164105351764,10,0.9975604799089888,10.437638085427285,0.7056938624599458,PRUNED
199,199,0.7049543998028099,2021-02-21 14:01:51.907618,2021-02-21 14:02:02.972852,0 days 00:00:11.065234,0.0006398107666287769,20,0.9968958253405781,10.810634783102156,0.7049543998028099,PRUNED
200,200,0.7047079122504314,2021-02-21 14:02:02.973112,2021-02-21 14:02:14.259270,0 days 00:00:11.286158,0.0005504970306425816,40,0.9958439658756711,11.68501405050706,0.7047079122504314,PRUNED
201,201,0.7052008873551886,2021-02-21 14:02:14.259484,2021-02-21 14:02:25.358581,0 days 00:00:11.099097,0.0010528231506471092,50,0.9979888796180388,12.296055543994001,0.7052008873551886,PRUNED
202,202,0.732243406616641,2021-02-21 14:02:25.358831,2021-02-21 14:03:50.594482,0 days 00:01:25.235651,0.000917980916146611,50,0.9977515508657196,11.318495035497364,0.7066798126694602,COMPLETE
203,203,0.7056938624599458,2021-02-21 14:03:50.595093,2021-02-21 14:04:01.885593,0 days 00:00:11.290500,0.0006280823938530267,50,0.997659979710671,11.111691949151147,0.7056938624599458,PRUNED
204,204,0.7321740620932738,2021-02-21 14:04:01.885842,2021-02-21 14:05:27.087347,0 days 00:01:25.201505,0.0008419942647237462,50,0.9972247774568339,11.375389875063197,0.7059403500123244,COMPLETE
205,205,0.7049543998028099,2021-02-21 14:05:27.087918,2021-02-21 14:05:38.336114,0 days 00:00:11.248196,0.0008079662208900253,50,0.9972275270349689,11.476092973602348,0.7049543998028099,PRUNED
206,206,0.7047079122504314,2021-02-21 14:05:38.336386,2021-02-21 14:05:49.548627,0 days 00:00:11.212241,0.0009400160601604944,60,0.9977563306821099,11.729457104330463,0.7047079122504314,PRUNED
207,207,0.7044614246980527,2021-02-21 14:05:49.548879,2021-02-21 14:06:00.924980,0 days 00:00:11.376101,0.0011893652735605862,50,0.997180386294168,11.261589888299683,0.7044614246980527,PRUNED
208,208,0.7317810849414215,2021-02-21 14:06:00.925214,2021-02-21 14:07:26.393827,0 days 00:01:25.468613,0.0007545525786610595,50,0.9974601540559079,12.053797421391145,0.706186837564703,COMPLETE
209,209,0.7047079122504314,2021-02-21 14:07:26.394407,2021-02-21 14:07:37.594621,0 days 00:00:11.200214,0.0008593623683046816,50,0.998240224526288,10.783286810945858,0.7047079122504314,PRUNED
210,210,0.7024895242790239,2021-02-21 14:07:37.594880,2021-02-21 14:07:48.811374,0 days 00:00:11.216494,0.0006804180204782263,50,0.9970149038883301,14.057389719065782,0.7024895242790239,PRUNED
211,211,0.7044614246980527,2021-02-21 14:07:48.811641,2021-02-21 14:07:59.997482,0 days 00:00:11.185841,0.0001114904376670283,40,0.9965067495775922,10.13550731828034,0.7044614246980527,PRUNED
212,212,0.7047079122504314,2021-02-21 14:07:59.997755,2021-02-21 14:08:11.353183,0 days 00:00:11.355428,0.000544956633296705,40,0.9903836382015914,10.474502624513388,0.7047079122504314,PRUNED
213,213,0.6950948977076657,2021-02-21 14:08:11.353403,2021-02-21 14:08:22.442109,0 days 00:00:11.088706,8.255208830586832e-05,40,0.9967259617312997,11.132293540838228,0.6950948977076657,PRUNED
214,214,0.7320100555728356,2021-02-21 14:08:22.442374,2021-02-21 14:09:47.647517,0 days 00:01:25.205143,0.0009314805271322896,70,0.9963542290990881,11.679692919889222,0.7059403500123244,COMPLETE
215,215,0.7321120874356067,2021-02-21 14:09:47.648092,2021-02-21 14:11:13.310439,0 days 00:01:25.662347,0.0009893512943621738,50,0.9928599053634932,11.799537488454522,0.7059403500123244,COMPLETE
216,216,0.7056938624599458,2021-02-21 14:11:13.311045,2021-02-21 14:11:24.571371,0 days 00:00:11.260326,0.0010842796659366353,50,0.9975232111947333,11.85185194975146,0.7056938624599458,PRUNED
217,217,0.7047079122504314,2021-02-21 14:11:24.571631,2021-02-21 14:11:35.747839,0 days 00:00:11.176208,0.001310844850821246,50,0.992503031265221,12.315858378611765,0.7047079122504314,PRUNED
218,218,0.7321126025388196,2021-02-21 14:11:35.748091,2021-02-21 14:13:01.105062,0 days 00:01:25.356971,0.0009335826707898225,50,0.9924020901340592,11.418982415564978,0.7066798126694602,COMPLETE
219,219,0.7049543998028099,2021-02-21 14:13:01.105697,2021-02-21 14:13:12.570332,0 days 00:00:11.464635,0.0010106728864124218,70,0.992674177222541,11.492007813939491,0.7049543998028099,PRUNED
220,220,0.7039684495932955,2021-02-21 14:13:12.570585,2021-02-21 14:13:23.773200,0 days 00:00:11.202615,0.0008831779588919977,50,0.9920733021825823,11.028001614881921,0.7039684495932955,PRUNED
221,221,0.7049543998028099,2021-02-21 14:13:23.773466,2021-02-21 14:13:34.909096,0 days 00:00:11.135630,0.0016123765680170167,50,0.9933270195539864,11.838389803247445,0.7049543998028099,PRUNED
222,222,0.7042149371456742,2021-02-21 14:13:34.909372,2021-02-21 14:13:46.090748,0 days 00:00:11.181376,0.0009462313646977725,50,0.9928802508591115,12.580377545247144,0.7042149371456742,PRUNED
223,223,0.7318860368820589,2021-02-21 14:13:46.091018,2021-02-21 14:15:11.227844,0 days 00:01:25.136826,0.000780877979564656,80,0.9919646545284088,11.387346157808137,0.7069263002218388,COMPLETE
224,224,0.7047079122504314,2021-02-21 14:15:11.228467,2021-02-21 14:15:22.356476,0 days 00:00:11.128009,0.001188030429252193,90,0.9922165010265809,11.847707118334023,0.7047079122504314,PRUNED
225,225,0.7054473749075671,2021-02-21 14:15:22.356766,2021-02-21 14:15:33.673777,0 days 00:00:11.317011,0.0007548175829936963,50,0.9925053546962411,10.73761282012113,0.7054473749075671,PRUNED
