,number,value,datetime_start,datetime_complete,duration,params_lr,params_out_dim,params_scheduler_gamma,params_weight_decay,system_attrs_completed_rung_0,state
1684,1684,0.727165646699067,2021-02-22 07:06:43.803389,2021-02-22 07:08:09.135666,0 days 00:01:25.332277,0.00024059339010196852,90,0.9984589544558424,4.666227025091349,0.7143209267931969,COMPLETE
1685,1685,0.696820310574316,2021-02-22 07:08:09.136906,2021-02-22 07:08:20.533485,0 days 00:00:11.396579,0.0002981051138139367,60,0.9941456684018466,2.793942453122755,0.696820310574316,PRUNED
1686,1686,0.7259985713212374,2021-02-22 07:08:20.534279,2021-02-22 07:09:45.821502,0 days 00:01:25.287223,0.00034404478127302924,80,0.9965125349423322,5.291640769905659,0.7079122504313532,COMPLETE
1687,1687,0.6884397337934435,2021-02-22 07:09:45.822891,2021-02-22 07:09:57.328048,0 days 00:00:11.505157,0.00014927751563081164,80,0.998809731464858,1.1800327692656167,0.6884397337934435,PRUNED
1688,1688,0.7313622162477826,2021-02-22 07:09:57.328810,2021-02-22 07:11:22.847324,0 days 00:01:25.518514,0.0002713891446746877,10,0.994376151702505,3.719726594237767,0.7118560512694109,COMPLETE
1689,1689,0.7301720605791118,2021-02-22 07:11:22.848614,2021-02-22 07:12:48.043876,0 days 00:01:25.195262,0.00019662562828170476,20,0.99814926867513,5.5844938682024265,0.7086517130884891,COMPLETE
1690,1690,0.6997781612028593,2021-02-22 07:12:48.045100,2021-02-22 07:12:59.316905,0 days 00:00:11.271805,8.331130262866033e-05,50,0.9938165399944945,6.123710141829508,0.6997781612028593,PRUNED
1691,1691,0.7306807719667365,2021-02-22 07:12:59.317662,2021-02-22 07:14:24.499070,0 days 00:01:25.181408,0.00036001086562393697,90,0.9930213741711615,5.000961378824588,0.7157998521074685,COMPLETE
1692,1692,0.6987922109933449,2021-02-22 07:14:24.500099,2021-02-22 07:14:35.724240,0 days 00:00:11.224141,0.0002430468462229209,80,0.9946386089194582,4.2927139758389785,0.6987922109933449,PRUNED
1693,1693,0.7283069629222811,2021-02-22 07:14:35.725049,2021-02-22 07:16:01.138274,0 days 00:01:25.413225,0.0003025448941063399,80,0.9955097089113305,6.551375418006627,0.7101306384027607,COMPLETE
1694,1694,0.7012570865171309,2021-02-22 07:16:01.139650,2021-02-22 07:16:12.348837,0 days 00:00:11.209187,0.00016803698554060818,80,0.9941048762439364,1.9736498615582343,0.7012570865171309,PRUNED
1695,1695,0.6899186591077151,2021-02-22 07:16:12.349672,2021-02-22 07:16:23.784135,0 days 00:00:11.434463,0.0004334365886887379,60,0.9948908788898733,5.713242789012869,0.6899186591077151,PRUNED
1696,1696,0.6973132856790732,2021-02-22 07:16:23.784949,2021-02-22 07:16:35.104878,0 days 00:00:11.319929,0.00021376408829828553,50,0.9983111724246194,3.3155108845454917,0.6973132856790732,PRUNED
1697,1697,0.703721962040917,2021-02-22 07:16:35.105681,2021-02-22 07:16:46.436040,0 days 00:00:11.330359,0.0003441481737302465,80,0.9936577312329506,0.597267396218019,0.703721962040917,PRUNED
1698,1698,0.7259442708607983,2021-02-22 07:16:46.436836,2021-02-22 07:18:11.483306,0 days 00:01:25.046470,0.00013080493220618368,80,0.9943106252551085,5.268450268101586,0.7084052255361104,COMPLETE
1699,1699,0.7010105989647523,2021-02-22 07:18:11.484706,2021-02-22 07:18:22.795697,0 days 00:00:11.310991,0.00028736514141578575,80,0.9939285331402066,2.3368647657188566,0.7010105989647523,PRUNED
1700,1700,0.7027360118314026,2021-02-22 07:18:22.796490,2021-02-22 07:18:34.216888,0 days 00:00:11.420398,0.00024724800967057764,50,0.9944635890835668,6.4273113330957,0.7027360118314026,PRUNED
1701,1701,0.7015035740695095,2021-02-22 07:18:34.217663,2021-02-22 07:18:45.438545,0 days 00:00:11.220882,0.00010305795003735003,20,0.9932226332374491,4.277103964260098,0.7015035740695095,PRUNED
1702,1702,0.7049543998028099,2021-02-22 07:18:45.439357,2021-02-22 07:18:56.709829,0 days 00:00:11.270472,0.008941184417820184,80,0.9940828861897265,4.913062034326207,0.7049543998028099,PRUNED
1703,1703,0.7285433477740846,2021-02-22 07:18:56.710553,2021-02-22 07:20:22.180972,0 days 00:01:25.470419,0.00018923331900068882,90,0.9934796656039999,5.86478451949526,0.7084052255361104,COMPLETE
1704,1704,0.6889327088982007,2021-02-22 07:20:22.182333,2021-02-22 07:20:33.423926,0 days 00:00:11.241593,0.000370018380888007,80,0.9980723062979154,2.6917697232702418,0.6889327088982007,PRUNED
1705,1705,0.7310968657021979,2021-02-22 07:20:33.424787,2021-02-22 07:21:58.945466,0 days 00:01:25.520679,0.00030934303396812666,40,0.9910197841672644,5.444710192949266,0.7170322898693616,COMPLETE
1706,1706,0.7318287073870777,2021-02-22 07:21:58.946755,2021-02-22 07:23:24.063564,0 days 00:01:25.116809,0.0004293858867960803,50,0.9966874333780352,3.9882676886114314,0.707419275326596,COMPLETE
1707,1707,0.706186837564703,2021-02-22 07:23:24.064814,2021-02-22 07:23:35.415607,0 days 00:00:11.350793,0.0002653601838902317,80,0.9937486428209883,6.122401196652523,0.706186837564703,PRUNED
1708,1708,0.7280697727987334,2021-02-22 07:23:35.416395,2021-02-22 07:25:00.432870,0 days 00:01:25.016475,0.00022476448617324304,40,0.9941925624317917,4.72223006764124,0.7113630761646537,COMPLETE
1709,1709,0.6840029578506286,2021-02-22 07:25:00.434271,2021-02-22 07:25:11.744906,0 days 00:00:11.310635,0.0001435810685898087,90,0.9948022151585028,0.01693278447902935,0.6840029578506286,PRUNED
1710,1710,0.722709109038956,2021-02-22 07:25:11.745692,2021-02-22 07:26:36.992269,0 days 00:01:25.246577,0.000332394186327001,60,0.9945262808277521,3.4670969337053896,0.7084052255361104,COMPLETE
1711,1711,0.7370459432240857,2021-02-22 07:26:36.993583,2021-02-22 07:28:02.265803,0 days 00:01:25.272220,0.00017194745943862897,80,0.9952389348720124,1.5536993379415907,0.7101306384027607,COMPLETE
1712,1712,0.7064333251170816,2021-02-22 07:28:02.267123,2021-02-22 07:28:13.542680,0 days 00:00:11.275557,0.0001680085396073785,80,0.995070632445637,1.3863883794266456,0.7064333251170816,PRUNED
1713,1713,0.7231087152781142,2021-02-22 07:28:13.543486,2021-02-22 07:29:38.825220,0 days 00:01:25.281734,0.00016817445798368176,80,0.9952346616004246,1.341035803056157,0.7101306384027607,COMPLETE
1714,1714,0.703721962040917,2021-02-22 07:29:38.826261,2021-02-22 07:29:50.040478,0 days 00:00:11.214217,0.0001382617763238665,80,0.9954863007260031,1.1216986592983438,0.703721962040917,PRUNED
1715,1715,0.6982992358885877,2021-02-22 07:29:50.041281,2021-02-22 07:30:01.403504,0 days 00:00:11.362223,0.00014645486865647774,80,0.9952407523165171,1.5178978798353004,0.6982992358885877,PRUNED
1716,1716,0.6987922109933449,2021-02-22 07:30:01.404308,2021-02-22 07:30:12.720452,0 days 00:00:11.316144,0.00016273857848454442,80,0.9948758498654113,1.7933637536845808,0.6987922109933449,PRUNED
1717,1717,0.7010105989647523,2021-02-22 07:30:12.721282,2021-02-22 07:30:24.094021,0 days 00:00:11.372739,0.00012599508390743368,80,0.9952925435345811,1.4235046452784699,0.7010105989647523,PRUNED
1718,1718,0.7165944322370729,2021-02-22 07:30:24.094845,2021-02-22 07:31:49.692131,0 days 00:01:25.597286,0.00018280341746950576,80,0.9951900691789641,0.9800309005732561,0.7079122504313532,COMPLETE
1719,1719,0.6877002711363076,2021-02-22 07:31:49.693158,2021-02-22 07:32:00.902130,0 days 00:00:11.208972,0.00017707080036295046,80,0.9953552867636722,2.255065870950652,0.6877002711363076,PRUNED
1720,1720,0.7382749339292815,2021-02-22 07:32:00.902959,2021-02-22 07:33:26.105876,0 days 00:01:25.202917,0.00018514325139405965,80,0.9954426032992848,1.7315327678940766,0.7182647276312546,COMPLETE
1721,1721,0.7138955338861379,2021-02-22 07:33:26.107254,2021-02-22 07:34:51.243661,0 days 00:01:25.136407,0.00015703630103800284,80,0.9956054536716546,1.959562158639351,0.7133349765836825,COMPLETE
1722,1722,0.6783337441459206,2021-02-22 07:34:51.244955,2021-02-22 07:35:02.482024,0 days 00:00:11.237069,0.0001430969790912905,80,0.9954408877576232,1.6777878970144762,0.6783337441459206,PRUNED
1723,1723,0.7276400458019656,2021-02-22 07:35:02.482860,2021-02-22 07:36:27.802804,0 days 00:01:25.319944,0.00016469710016052717,80,0.9951567822900509,1.8920047139675789,0.7079122504313532,COMPLETE
1724,1724,0.696820310574316,2021-02-22 07:36:27.804019,2021-02-22 07:36:39.050070,0 days 00:00:11.246051,0.00018315673384775653,80,0.9955181278389665,1.6231722953671057,0.696820310574316,PRUNED
1725,1725,0.7238830846061779,2021-02-22 07:36:39.050855,2021-02-22 07:38:04.580012,0 days 00:01:25.529157,0.00014358886571461273,80,0.9953260703041857,1.6925383307006476,0.707419275326596,COMPLETE
1726,1726,0.6918905595267439,2021-02-22 07:38:04.580998,2021-02-22 07:38:15.935257,0 days 00:00:11.354259,0.00018805504211657717,80,0.9955097140451931,0.9924398791163151,0.6918905595267439,PRUNED
1727,1727,0.7029824993837811,2021-02-22 07:38:15.936076,2021-02-22 07:38:27.275182,0 days 00:00:11.339106,0.0001580750980551159,80,0.9950331510722457,1.3297438633336,0.7029824993837811,PRUNED
1728,1728,0.6867143209267932,2021-02-22 07:38:27.276005,2021-02-22 07:38:38.607714,0 days 00:00:11.331709,0.00011742243952851611,80,0.9952685725875138,0.8200678996785375,0.6867143209267932,PRUNED
1729,1729,0.7292656618517788,2021-02-22 07:38:38.608531,2021-02-22 07:40:03.943291,0 days 00:01:25.334760,0.00016983474457370822,80,0.9948416488523167,1.134452102648038,0.7091446881932463,COMPLETE
1730,1730,0.7029824993837811,2021-02-22 07:40:03.944739,2021-02-22 07:40:15.404290,0 days 00:00:11.459551,0.00019487051814273345,80,0.9950783417056329,2.03751394755512,0.7029824993837811,PRUNED
1731,1731,0.6938624599457728,2021-02-22 07:40:15.405092,2021-02-22 07:40:26.617398,0 days 00:00:11.212306,0.00013183597953917226,80,0.9955314104780746,2.041065798307006,0.6938624599457728,PRUNED
1732,1732,0.7275665150647846,2021-02-22 07:40:26.618201,2021-02-22 07:41:51.836636,0 days 00:01:25.218435,0.0001892203600165145,80,0.9951964623766778,1.3876964478472489,0.707419275326596,COMPLETE
1733,1733,0.7064333251170816,2021-02-22 07:41:51.837947,2021-02-22 07:42:03.287639,0 days 00:00:11.449692,0.00015703976945433354,80,0.995364483091688,1.7382321938827627,0.7064333251170816,PRUNED
1734,1734,0.7293248080985844,2021-02-22 07:42:03.288472,2021-02-22 07:43:28.695492,0 days 00:01:25.407020,0.00012129196768039548,80,0.9956199019578588,1.466799678775151,0.7103771259551392,COMPLETE
1735,1735,0.6990386985457234,2021-02-22 07:43:28.696810,2021-02-22 07:43:40.047200,0 days 00:00:11.350390,0.00020638413293228933,80,0.9953676923476048,0.9284487300984856,0.6990386985457234,PRUNED
1736,1736,0.7015035740695095,2021-02-22 07:43:40.048039,2021-02-22 07:43:51.309924,0 days 00:00:11.261885,0.00014780113530361312,80,0.9951573865765689,2.045989571781961,0.7015035740695095,PRUNED
1737,1737,0.6982992358885877,2021-02-22 07:43:51.310769,2021-02-22 07:44:02.526027,0 days 00:00:11.215258,0.0001904527519032992,80,0.9950377209640412,0.7132204877684356,0.6982992358885877,PRUNED
1738,1738,0.7027360118314026,2021-02-22 07:44:02.526869,2021-02-22 07:44:13.696340,0 days 00:00:11.169471,0.00016976991093649703,80,0.9953934125332086,1.7304592312204852,0.7027360118314026,PRUNED
1739,1739,0.7212883091727351,2021-02-22 07:44:13.697174,2021-02-22 07:45:39.120018,0 days 00:01:25.422844,0.00010430538886967908,80,0.9950250972466695,1.0993136754686126,0.7108701010598965,COMPLETE
1740,1740,0.7022430367266453,2021-02-22 07:45:39.121320,2021-02-22 07:45:50.440413,0 days 00:00:11.319093,0.0001352424664454254,80,0.9953203728707184,2.3724028170470426,0.7022430367266453,PRUNED
1741,1741,0.6950948977076657,2021-02-22 07:45:50.441243,2021-02-22 07:46:01.754070,0 days 00:00:11.312827,0.00020403303737454682,80,0.9956457206817179,1.5361070568896171,0.6950948977076657,PRUNED
1742,1742,0.7019965491742667,2021-02-22 07:46:01.754930,2021-02-22 07:46:13.020341,0 days 00:00:11.265411,0.00020785380061228445,80,0.9951786866675488,0.4998609775367371,0.7019965491742667,PRUNED
1743,1743,0.7171117861032551,2021-02-22 07:46:13.021194,2021-02-22 07:47:38.434425,0 days 00:01:25.413231,0.00011415720772901129,80,0.9958762235227119,1.1421815873125623,0.7088982006408676,COMPLETE
1744,1744,0.732119000438852,2021-02-22 07:47:38.435712,2021-02-22 07:49:04.034118,0 days 00:01:25.598406,0.00015220023807783936,80,0.9953862905860265,1.7212414073866684,0.7076657628789746,COMPLETE
1745,1745,0.7172534021872595,2021-02-22 07:49:04.035170,2021-02-22 07:50:29.522445,0 days 00:01:25.487275,0.00018031283987485504,80,0.9957444357547033,2.3196244057746016,0.7093911757456248,COMPLETE
1746,1746,0.7211585622014083,2021-02-22 07:50:29.523764,2021-02-22 07:51:54.978526,0 days 00:01:25.454762,0.00013169829616759872,90,0.9955555801450245,2.0870349317267682,0.7086517130884891,COMPLETE
1747,1747,0.7027360118314026,2021-02-22 07:51:54.979809,2021-02-22 07:52:06.388783,0 days 00:00:11.408974,0.00021411382113629493,80,0.9950125312435815,1.3441422317513567,0.7027360118314026,PRUNED
1748,1748,0.6867143209267932,2021-02-22 07:52:06.389639,2021-02-22 07:52:17.661141,0 days 00:00:11.271502,0.00015920450124172944,80,0.995277937191392,1.9044573335425463,0.6867143209267932,PRUNED
1749,1749,0.6928765097362584,2021-02-22 07:52:17.661919,2021-02-22 07:52:28.913675,0 days 00:00:11.251756,0.00017996835593490822,80,0.9951708443415943,1.5227670879398287,0.6928765097362584,PRUNED
1750,1750,0.7238655585380978,2021-02-22 07:52:28.914515,2021-02-22 07:53:54.287628,0 days 00:01:25.373113,0.00021781677136316403,80,0.995524019713307,0.6775777255732702,0.7177717525264974,COMPLETE
1751,1751,0.7276141026390782,2021-02-22 07:53:54.288924,2021-02-22 07:55:19.732273,0 days 00:01:25.443349,0.000112203768896735,90,0.9950127866724033,2.336794875194626,0.7108701010598965,COMPLETE
1752,1752,0.7286182759053801,2021-02-22 07:55:19.733619,2021-02-22 07:56:45.046226,0 days 00:01:25.312607,0.00013360318467662064,80,0.994951181533354,1.9070237866166146,0.7096376632980035,COMPLETE
1753,1753,0.7032289869361598,2021-02-22 07:56:45.047582,2021-02-22 07:56:56.350354,0 days 00:00:11.302772,9.515514569663158e-05,80,0.9950220081228685,1.0364036751442747,0.7032289869361598,PRUNED
1754,1754,0.7029824993837811,2021-02-22 07:56:56.351179,2021-02-22 07:57:07.701123,0 days 00:00:11.349944,0.00019478284333982848,80,0.9953899211699361,2.3414518488474427,0.7029824993837811,PRUNED
1755,1755,0.6941089474981513,2021-02-22 07:57:07.701943,2021-02-22 07:57:18.859684,0 days 00:00:11.157741,0.0002180237775801551,80,0.9951695520084066,1.3579021845617678,0.6941089474981513,PRUNED
1756,1756,0.7039684495932955,2021-02-22 07:57:18.860453,2021-02-22 07:57:30.033367,0 days 00:00:11.172914,0.0001712210599932442,80,0.9957938019250122,2.4950946537830108,0.7039684495932955,PRUNED
1757,1757,0.7064333251170816,2021-02-22 07:57:30.034184,2021-02-22 07:57:41.323038,0 days 00:00:11.288854,0.000145416929008515,90,0.9955678861937128,0.6542503386417743,0.7064333251170816,PRUNED
1758,1758,0.7049543998028099,2021-02-22 07:57:41.323829,2021-02-22 07:57:52.541844,0 days 00:00:11.218015,0.00022748516156350745,80,0.995269217862027,1.905869676138066,0.7049543998028099,PRUNED
1759,1759,0.7068698999315082,2021-02-22 07:57:52.542679,2021-02-22 07:59:18.053483,0 days 00:01:25.510804,0.0001972947345451618,80,0.9951410434676077,1.0226043814888959,0.7165393147646044,COMPLETE
1760,1760,0.7239500086816666,2021-02-22 07:59:18.054828,2021-02-22 08:00:43.458898,0 days 00:01:25.404070,0.00023122565685313574,80,0.9959950607061442,1.562442303324026,0.7084052255361104,COMPLETE
1761,1761,0.7276771131939481,2021-02-22 08:00:43.460225,2021-02-22 08:02:08.619637,0 days 00:01:25.159412,0.00015598126980018043,80,0.9953633772268682,2.5215571963433514,0.709884150850382,COMPLETE
1762,1762,0.7015035740695095,2021-02-22 08:02:08.620679,2021-02-22 08:02:19.872587,0 days 00:00:11.251908,0.00012387514035452647,80,0.9963772458263742,2.819258852737947,0.7015035740695095,PRUNED
1763,1763,0.6918905595267439,2021-02-22 08:02:19.873383,2021-02-22 08:02:31.134023,0 days 00:00:11.260640,0.00019014449464753173,80,0.9957039774570403,2.1384752129946807,0.6918905595267439,PRUNED
1764,1764,0.7054473749075671,2021-02-22 08:02:31.134865,2021-02-22 08:02:42.341501,0 days 00:00:11.206636,8.416663069030538e-05,90,0.9949138532479835,0.7907520688702028,0.7054473749075671,PRUNED
1765,1765,0.7032289869361598,2021-02-22 08:02:42.342329,2021-02-22 08:02:53.643189,0 days 00:00:11.300860,0.0002440085768882811,20,0.9956068259723126,1.3767000804821568,0.7032289869361598,PRUNED
1766,1766,0.7052008873551886,2021-02-22 08:02:53.644035,2021-02-22 08:03:04.985657,0 days 00:00:11.341622,0.00016146942582264407,80,0.9953404584407393,1.7468855810865458,0.7052008873551886,PRUNED
1767,1767,0.722469875035929,2021-02-22 08:03:04.986439,2021-02-22 08:04:30.397051,0 days 00:01:25.410612,0.00021841538912661658,80,0.9954907933292897,2.848209414166953,0.7143209267931969,COMPLETE
1768,1768,0.722852433754368,2021-02-22 08:04:30.398112,2021-02-22 08:05:55.917094,0 days 00:01:25.518982,0.0002368207273093139,80,0.9950991859394713,0.561198240118982,0.7093911757456248,COMPLETE
1769,1769,0.7010105989647523,2021-02-22 08:05:55.918507,2021-02-22 08:06:07.108887,0 days 00:00:11.190380,0.0001173866512670078,80,0.9949170900174985,16.220955419312432,0.7010105989647523,PRUNED
1770,1770,0.7019965491742667,2021-02-22 08:06:07.109742,2021-02-22 08:06:18.427019,0 days 00:00:11.317277,0.00017928856940660403,90,0.995164856016806,2.0783683863292106,0.7019965491742667,PRUNED
1771,1771,0.6982992358885877,2021-02-22 08:06:18.427880,2021-02-22 08:06:29.795677,0 days 00:00:11.367797,0.0001508721256952984,80,0.9960181098829302,1.1713955249973018,0.6982992358885877,PRUNED
1772,1772,0.6975597732314518,2021-02-22 08:06:29.796489,2021-02-22 08:06:41.072331,0 days 00:00:11.275842,0.00020412770675732087,20,0.9966613668152164,1.5669924132835393,0.6975597732314518,PRUNED
1773,1773,0.7270759437460894,2021-02-22 08:06:41.073153,2021-02-22 08:08:06.398259,0 days 00:01:25.325106,9.548127747865135e-05,80,0.9961650340452064,0.40245761998645324,0.7086517130884891,COMPLETE
1774,1774,0.700517623859995,2021-02-22 08:08:06.399652,2021-02-22 08:08:17.851325,0 days 00:00:11.451673,0.00025609066793717594,80,0.9948569891913704,1.9942083333121852,0.700517623859995,PRUNED
1775,1775,0.7188487939179105,2021-02-22 08:08:17.852148,2021-02-22 08:09:43.633659,0 days 00:01:25.781511,0.0001408813714028719,100,0.9958145751883014,3.0422600729965543,0.7113630761646537,COMPLETE
1776,1776,0.7064333251170816,2021-02-22 08:09:43.634996,2021-02-22 08:09:54.850719,0 days 00:00:11.215723,0.00024210592942590793,10,0.9954666105336196,2.4578828787623395,0.7064333251170816,PRUNED
1777,1777,0.7049543998028099,2021-02-22 08:09:54.851607,2021-02-22 08:10:06.009695,0 days 00:00:11.158088,0.00010647086229837772,90,0.9964852764521924,1.9191463824680932,0.7049543998028099,PRUNED
1778,1778,0.7224873754435065,2021-02-22 08:10:06.010518,2021-02-22 08:11:31.573870,0 days 00:01:25.563352,0.00017738305818791069,80,0.9953115187357465,2.6468735903851037,0.7081587379837319,COMPLETE
1779,1779,0.7216186083714264,2021-02-22 08:11:31.575173,2021-02-22 08:12:57.089248,0 days 00:01:25.514075,0.00013047617553163862,80,0.9951282191700679,1.1468769088987645,0.709884150850382,COMPLETE
1780,1780,0.7318738115567858,2021-02-22 08:12:57.090515,2021-02-22 08:14:22.889991,0 days 00:01:25.799476,0.00020608780230576073,80,0.9962889902972086,2.374318003735156,0.7071727877742174,COMPLETE
1781,1781,0.7252808589233578,2021-02-22 08:14:22.891393,2021-02-22 08:15:48.086287,0 days 00:01:25.194894,0.0002598860120614319,80,0.9949727464403804,1.6184646603179158,0.7096376632980035,COMPLETE
1782,1782,0.7216551260420372,2021-02-22 08:15:48.087599,2021-02-22 08:17:13.489326,0 days 00:01:25.401727,0.00017077200679690115,80,0.9947107159825298,1.2637017182691548,0.7175252649741188,COMPLETE
1783,1783,0.7181808816555938,2021-02-22 08:17:13.490372,2021-02-22 08:18:38.812265,0 days 00:01:25.321893,0.00022464198768019,80,0.9967659274938411,3.117522791958425,0.7086517130884891,COMPLETE
1784,1784,0.7260846884214855,2021-02-22 08:18:38.813642,2021-02-22 08:20:04.455277,0 days 00:01:25.641635,0.00027888033776624565,80,0.995707117530062,0.2894732672851774,0.7101306384027607,COMPLETE
1785,1785,0.7230813740248165,2021-02-22 08:20:04.456545,2021-02-22 08:21:29.647413,0 days 00:01:25.190868,0.00018972533564623746,80,0.9952389003243816,0.848990806017035,0.7133349765836825,COMPLETE
1786,1786,0.6992851860981021,2021-02-22 08:21:29.648465,2021-02-22 08:21:40.896610,0 days 00:00:11.248145,0.000264163521410372,90,0.9948429776805222,2.2337512959656647,0.6992851860981021,PRUNED
1787,1787,0.7240096637563418,2021-02-22 08:21:40.897394,2021-02-22 08:23:05.992498,0 days 00:01:25.095104,0.0001397618238858789,80,0.9937679306396168,2.739244269366943,0.7101306384027607,COMPLETE
1788,1788,0.7318224322182786,2021-02-22 08:23:05.993930,2021-02-22 08:24:31.469416,0 days 00:01:25.475486,0.0002305759752567266,80,0.9935316394534747,1.8049892281205389,0.7071727877742174,COMPLETE
1789,1789,0.706186837564703,2021-02-22 08:24:31.470728,2021-02-22 08:24:42.685201,0 days 00:00:11.214473,0.00011436271663417125,20,0.9933263419028621,1.0379588262814143,0.706186837564703,PRUNED
1790,1790,0.7291276969150072,2021-02-22 08:24:42.686050,2021-02-22 08:26:08.232293,0 days 00:01:25.546243,0.00028196995884478387,80,0.9928449628365779,3.709500532658551,0.707419275326596,COMPLETE
1791,1791,0.7012570865171309,2021-02-22 08:26:08.233595,2021-02-22 08:26:19.594163,0 days 00:00:11.360568,0.0001588776886088164,90,0.9955445243612551,1.4244394884528524,0.7012570865171309,PRUNED
1792,1792,0.7157924017601971,2021-02-22 08:26:19.595015,2021-02-22 08:27:44.888120,0 days 00:01:25.293105,0.00021844513398180948,50,0.9965455923626381,4.51274426490618,0.7125955139265467,COMPLETE
1793,1793,0.7239134870254152,2021-02-22 08:27:44.889182,2021-02-22 08:29:10.237666,0 days 00:01:25.348484,0.00029762185134301705,80,0.9952971505396622,2.2839397689824574,0.7162928272122258,COMPLETE
1794,1794,0.696820310574316,2021-02-22 08:29:10.239063,2021-02-22 08:29:21.635354,0 days 00:00:11.396291,9.3166590688431e-05,20,0.9936172139366348,4.132096594524361,0.696820310574316,PRUNED
