,number,value,datetime_start,datetime_complete,duration,params_lr,params_out_dim,params_scheduler_gamma,params_weight_decay,system_attrs_completed_rung_0,state
450,450,0.7049543998028099,2021-02-21 17:05:05.486920,2021-02-21 17:05:16.719118,0 days 00:00:11.232198,0.0007346866957981047,70,0.9980482419723481,13.484469763940282,0.7049543998028099,PRUNED
451,451,0.7056938624599458,2021-02-21 17:05:16.719490,2021-02-21 17:05:28.061289,0 days 00:00:11.341799,0.000940527769207577,80,0.9932879351555987,14.34115657453807,0.7056938624599458,PRUNED
452,452,0.7052008873551886,2021-02-21 17:05:28.061668,2021-02-21 17:05:39.336189,0 days 00:00:11.274521,0.0005109587694578271,80,0.9978878011742601,14.150147177249831,0.7052008873551886,PRUNED
453,453,0.7044614246980527,2021-02-21 17:05:39.336528,2021-02-21 17:05:50.494147,0 days 00:00:11.157619,0.0007825551410395345,80,0.9949354588095081,12.947767079679068,0.7044614246980527,PRUNED
454,454,0.7052008873551886,2021-02-21 17:05:50.494510,2021-02-21 17:06:01.817503,0 days 00:00:11.322993,0.0006743836592579325,80,0.99766780291518,13.317589107363066,0.7052008873551886,PRUNED
455,455,0.7059403500123244,2021-02-21 17:06:01.817878,2021-02-21 17:06:13.059586,0 days 00:00:11.241708,0.0004429330929401291,70,0.9940107583342889,14.030227507312649,0.7059403500123244,PRUNED
456,456,0.72266753936376,2021-02-21 17:06:13.059942,2021-02-21 17:07:38.734399,0 days 00:01:25.674457,0.00010108548893244881,80,0.9939212374308133,13.849049714476626,0.7086517130884891,COMPLETE
457,457,0.7044614246980527,2021-02-21 17:07:38.735139,2021-02-21 17:07:50.017909,0 days 00:00:11.282770,0.0005507828994825222,80,0.9975749052005805,13.302804728233955,0.7044614246980527,PRUNED
458,458,0.7325457492882541,2021-02-21 17:07:50.018253,2021-02-21 17:09:15.731066,0 days 00:01:25.712813,0.0006441296117705688,60,0.9945127639940432,7.346441394852136,0.7081587379837319,COMPLETE
459,459,0.7337147791564981,2021-02-21 17:09:15.731827,2021-02-21 17:10:41.316208,0 days 00:01:25.584381,0.00038436225772780407,70,0.9956956073905524,7.60075986530357,0.7064333251170816,COMPLETE
460,460,0.7321301101265171,2021-02-21 17:10:41.316755,2021-02-21 17:12:06.926244,0 days 00:01:25.609489,0.0003530997654666768,70,0.9955729315871976,7.499917301552047,0.719250677840769,COMPLETE
461,461,0.7047079122504314,2021-02-21 17:12:06.926979,2021-02-21 17:12:18.223135,0 days 00:00:11.296156,0.00039289938797265497,60,0.9958849827795161,6.529510240564937,0.7047079122504314,PRUNED
462,462,0.6948484101552872,2021-02-21 17:12:18.223471,2021-02-21 17:12:29.558440,0 days 00:00:11.334969,0.0001229515165963875,70,0.9959512249401431,8.579228987424777,0.6948484101552872,PRUNED
463,463,0.7281929753253336,2021-02-21 17:12:29.558807,2021-02-21 17:13:55.321973,0 days 00:01:25.763166,0.00032063720210593157,70,0.9960953431144653,7.819356141548121,0.7111165886122751,COMPLETE
464,464,0.729979620671753,2021-02-21 17:13:55.322704,2021-02-21 17:15:20.361019,0 days 00:01:25.038315,0.0004373352150002608,70,0.995311018494833,6.945713480255138,0.7096376632980035,COMPLETE
465,465,0.7059403500123244,2021-02-21 17:15:20.361774,2021-02-21 17:15:31.541072,0 days 00:00:11.179298,0.0003951308845511812,60,0.9958100179588145,7.433690811296021,0.7059403500123244,PRUNED
466,466,0.7049543998028099,2021-02-21 17:15:31.541429,2021-02-21 17:15:42.848367,0 days 00:00:11.306938,0.013648732804868722,70,0.9950847705825087,7.333774976201675,0.7049543998028099,PRUNED
467,467,0.7292716572430555,2021-02-21 17:15:42.848730,2021-02-21 17:17:08.828065,0 days 00:01:25.979335,0.0004876357345040117,60,0.9956515856254868,8.145804275214633,0.7123490263741681,COMPLETE
468,468,0.7315655299544105,2021-02-21 17:17:08.828609,2021-02-21 17:18:34.567474,0 days 00:01:25.738865,0.0006337559324507628,80,0.9978871187846041,6.480929863187771,0.7096376632980035,COMPLETE
469,469,0.6987922109933449,2021-02-21 17:18:34.568191,2021-02-21 17:18:45.828616,0 days 00:00:11.260425,3.9878212098796954e-05,60,0.9945388338781284,7.384275134399145,0.6987922109933449,PRUNED
470,470,0.7295778422142079,2021-02-21 17:18:45.828962,2021-02-21 17:20:11.577348,0 days 00:01:25.748386,0.0005621706429923462,60,0.9980964665625318,7.858812353758328,0.7093911757456248,COMPLETE
471,471,0.7334168592119812,2021-02-21 17:20:11.578092,2021-02-21 17:21:37.135616,0 days 00:01:25.557524,0.00044417738708632905,70,0.9978298903027336,6.904519038635268,0.7079122504313532,COMPLETE
472,472,0.7272805350276947,2021-02-21 17:21:37.136398,2021-02-21 17:23:02.688737,0 days 00:01:25.552339,0.00035099704780510013,70,0.9954131680450254,7.024608805111997,0.713088489031304,COMPLETE
473,473,0.7277843824306421,2021-02-21 17:23:02.689470,2021-02-21 17:24:28.656969,0 days 00:01:25.967499,0.0003720246528107119,70,0.9977622714703773,7.837195501157117,0.7066798126694602,COMPLETE
474,474,0.7308055746483036,2021-02-21 17:24:28.657716,2021-02-21 17:25:54.462058,0 days 00:01:25.804342,0.00043509302960227886,70,0.9978979650002099,6.810919216835634,0.7071727877742174,COMPLETE
475,475,0.7019965491742667,2021-02-21 17:25:54.462839,2021-02-21 17:26:05.732381,0 days 00:00:11.269542,0.0001444074894593774,70,0.9975212229615278,6.276624422151681,0.7019965491742667,PRUNED
476,476,0.7007641114123737,2021-02-21 17:26:05.732742,2021-02-21 17:26:16.892149,0 days 00:00:11.159407,0.0002948817575223995,70,0.9977893311458529,7.139473421875341,0.7007641114123737,PRUNED
477,477,0.7049543998028099,2021-02-21 17:26:16.892496,2021-02-21 17:26:27.965435,0 days 00:00:11.072939,0.0004762730454355242,70,0.9981722566889311,7.540000913497678,0.7049543998028099,PRUNED
478,478,0.723370795568514,2021-02-21 17:26:27.965784,2021-02-21 17:27:53.629800,0 days 00:01:25.664016,7.827202309492304e-05,60,0.9976659036315123,6.995931146651686,0.7140744392408184,COMPLETE
479,479,0.7228892042281763,2021-02-21 17:27:53.630591,2021-02-21 17:29:19.273955,0 days 00:01:25.643364,0.00010523222297626663,70,0.9961243553543624,12.925245136607378,0.713088489031304,COMPLETE
480,480,0.7017500616218881,2021-02-21 17:29:19.274680,2021-02-21 17:29:30.474388,0 days 00:00:11.199708,0.0004090025687491994,70,0.9974518048142869,5.913518346074273,0.7017500616218881,PRUNED
481,481,0.7333444850609027,2021-02-21 17:29:30.474772,2021-02-21 17:30:56.331106,0 days 00:01:25.856334,0.0004940285618119038,70,0.9979259299583453,8.381588555332169,0.7133349765836825,COMPLETE
482,482,0.7349601731041593,2021-02-21 17:30:56.331829,2021-02-21 17:32:21.427940,0 days 00:01:25.096111,0.00034923343131942826,70,0.998250685157292,8.330642568425175,0.7128420014789253,COMPLETE
483,483,0.7273877477414986,2021-02-21 17:32:21.428694,2021-02-21 17:33:46.949495,0 days 00:01:25.520801,0.00030979550218286666,70,0.998282554821882,8.01148315042671,0.7069263002218388,COMPLETE
484,484,0.7317194724614062,2021-02-21 17:33:46.950239,2021-02-21 17:35:12.670260,0 days 00:01:25.720021,0.0003568471400791706,70,0.9910690595115955,8.322294831578034,0.7093911757456248,COMPLETE
485,485,0.7298738033697614,2021-02-21 17:35:12.671020,2021-02-21 17:36:37.974280,0 days 00:01:25.303260,0.00034849810051709837,70,0.9980712878218234,7.8947965154764095,0.7108701010598965,COMPLETE
486,486,0.730715240443148,2021-02-21 17:36:37.975055,2021-02-21 17:38:03.611127,0 days 00:01:25.636072,0.0002694328420191666,70,0.998244591252851,8.643982638067184,0.7093911757456248,COMPLETE
487,487,0.700517623859995,2021-02-21 17:38:03.611685,2021-02-21 17:38:14.836831,0 days 00:00:11.225146,0.0003809622160780114,70,0.9979644259536133,8.242648049273905,0.700517623859995,PRUNED
488,488,0.7022430367266453,2021-02-21 17:38:14.837169,2021-02-21 17:38:26.074980,0 days 00:00:11.237811,0.00045553667706162924,70,0.9980479778401466,8.257467643551959,0.7022430367266453,PRUNED
489,489,0.7049543998028099,2021-02-21 17:38:26.075338,2021-02-21 17:38:37.291301,0 days 00:00:11.215963,0.0004037871714148432,70,0.9959116826127663,7.267290615686724,0.7049543998028099,PRUNED
490,490,0.7052008873551886,2021-02-21 17:38:37.291662,2021-02-21 17:38:48.472954,0 days 00:00:11.181292,0.0003140682283261691,60,0.9948482357150101,7.711561474368788,0.7052008873551886,PRUNED
491,491,0.7321630775945094,2021-02-21 17:38:48.473299,2021-02-21 17:40:13.962939,0 days 00:01:25.489640,0.00048234211205841867,70,0.9974491917391445,8.492888189880379,0.7116095637170323,COMPLETE
492,492,0.7263959769110266,2021-02-21 17:40:13.963508,2021-02-21 17:41:39.563696,0 days 00:01:25.600188,0.00033086217816067026,70,0.990713209869305,7.935706241759584,0.7081587379837319,COMPLETE
493,493,0.7054473749075671,2021-02-21 17:41:39.564422,2021-02-21 17:41:50.822641,0 days 00:00:11.258219,0.0003993585841799764,70,0.9957582555710843,6.585168435241339,0.7054473749075671,PRUNED
494,494,0.703721962040917,2021-02-21 17:41:50.822990,2021-02-21 17:42:02.092601,0 days 00:00:11.269611,0.0002832020068092679,70,0.9962695985223127,7.371691163182858,0.703721962040917,PRUNED
495,495,0.723762645116774,2021-02-21 17:42:02.092972,2021-02-21 17:43:27.535759,0 days 00:01:25.442787,9.230907522485713e-05,60,0.997929564821256,8.879268487536162,0.7064333251170816,COMPLETE
496,496,0.7047079122504314,2021-02-21 17:43:27.536504,2021-02-21 17:43:38.769397,0 days 00:00:11.232893,0.00044871415862856315,70,0.9977083878427289,8.39206816159975,0.7047079122504314,PRUNED
497,497,0.7293704471226794,2021-02-21 17:43:38.769761,2021-02-21 17:45:04.320991,0 days 00:01:25.551230,0.0004917375930845189,70,0.998248340382208,7.09109833109124,0.7113630761646537,COMPLETE
498,498,0.7341847510101858,2021-02-21 17:45:04.321782,2021-02-21 17:46:29.885635,0 days 00:01:25.563853,0.00013091089186257173,60,0.997360647953669,7.645549998681937,0.7143209267931969,COMPLETE
499,499,0.7262940588009192,2021-02-21 17:46:29.886188,2021-02-21 17:47:55.662386,0 days 00:01:25.776198,0.00011010270511499705,60,0.9974409344594526,7.691197769877571,0.7079122504313532,COMPLETE
500,500,0.7321663619496237,2021-02-21 17:47:55.663127,2021-02-21 17:49:21.418765,0 days 00:01:25.755638,0.0001399096556141009,60,0.997295569253937,6.830515484959219,0.7128420014789253,COMPLETE
501,501,0.7034754744885383,2021-02-21 17:49:21.419532,2021-02-21 17:49:32.684564,0 days 00:00:11.265032,0.00012705845243307762,70,0.99757513963674,7.632207300074383,0.7034754744885383,PRUNED
502,502,0.7039684495932955,2021-02-21 17:49:32.684927,2021-02-21 17:49:43.900463,0 days 00:00:11.215536,0.00011979569140880556,60,0.9972845307188987,8.029367471530755,0.7039684495932955,PRUNED
503,503,0.7327749129951375,2021-02-21 17:49:43.900854,2021-02-21 17:51:09.634289,0 days 00:01:25.733435,9.951759130563398e-05,60,0.997646319179019,7.248556212702992,0.7071727877742174,COMPLETE
504,504,0.7279383153462422,2021-02-21 17:51:09.635066,2021-02-21 17:52:35.033086,0 days 00:01:25.398020,8.844025118657005e-05,60,0.9976182029760075,7.380447830149884,0.709884150850382,COMPLETE
505,505,0.7007641114123737,2021-02-21 17:52:35.033807,2021-02-21 17:52:46.530995,0 days 00:00:11.497188,8.919034401168992e-05,60,0.9978670105294857,7.1071731777966525,0.7007641114123737,PRUNED
506,506,0.7027360118314026,2021-02-21 17:52:46.531362,2021-02-21 17:52:57.754979,0 days 00:00:11.223617,0.00010664296737788,60,0.9973787127335614,6.710539592086341,0.7027360118314026,PRUNED
507,507,0.706186837564703,2021-02-21 17:52:57.755340,2021-02-21 17:53:08.964618,0 days 00:00:11.209278,7.659052166447701e-05,60,0.9977592838471337,6.023412678746128,0.706186837564703,PRUNED
508,508,0.6928765097362584,2021-02-21 17:53:08.965006,2021-02-21 17:53:20.259049,0 days 00:00:11.294043,9.842334041911017e-05,60,0.9980713601929004,6.303721289697752,0.6928765097362584,PRUNED
509,509,0.7281467061645545,2021-02-21 17:53:20.259408,2021-02-21 17:54:45.787645,0 days 00:01:25.528237,6.952939106972179e-05,60,0.9975657726483338,7.909231024251513,0.7111165886122751,COMPLETE
510,510,0.7220561883784823,2021-02-21 17:54:45.788377,2021-02-21 17:56:11.662294,0 days 00:01:25.873917,0.00014967364087708912,70,0.9916917172773632,8.06402237499965,0.7064333251170816,COMPLETE
511,511,0.7012570865171309,2021-02-21 17:56:11.663061,2021-02-21 17:56:23.015192,0 days 00:00:11.352131,0.00012893428097905476,60,0.9978411074712786,7.215045943111461,0.7012570865171309,PRUNED
512,512,0.7278684121963834,2021-02-21 17:56:23.015589,2021-02-21 17:57:49.200915,0 days 00:01:26.185326,0.0001577913609531748,60,0.9973905198779499,8.352245597134972,0.7081587379837319,COMPLETE
513,513,0.7059403500123244,2021-02-21 17:57:49.201655,2021-02-21 17:58:00.415147,0 days 00:00:11.213492,0.00011735384500800626,60,0.9983012203851965,7.431962808887205,0.7059403500123244,PRUNED
514,514,0.7246257590968818,2021-02-21 17:58:00.415507,2021-02-21 17:59:26.211536,0 days 00:01:25.796029,9.117861739909736e-05,60,0.9927258146500527,6.675691165115838,0.7084052255361104,COMPLETE
515,515,0.7029824993837811,2021-02-21 17:59:26.212341,2021-02-21 17:59:37.445414,0 days 00:00:11.233073,0.00010942008050826116,70,0.9980907273023439,8.667664536729117,0.7029824993837811,PRUNED
516,516,0.7286473621737042,2021-02-21 17:59:37.445793,2021-02-21 18:01:03.592068,0 days 00:01:26.146275,0.0002507823133733136,70,0.9976124561062182,7.64454115292655,0.7103771259551392,COMPLETE
517,517,0.7059403500123244,2021-02-21 18:01:03.592630,2021-02-21 18:01:14.879156,0 days 00:00:11.286526,0.00013607876353168374,60,0.9971761656753123,7.086391084249495,0.7059403500123244,PRUNED
518,518,0.7165802840912436,2021-02-21 18:01:14.879512,2021-02-21 18:02:40.481940,0 days 00:01:25.602428,8.52046419468841e-05,70,0.9978593168921129,8.325711584830314,0.707419275326596,COMPLETE
519,519,0.7052008873551886,2021-02-21 18:02:40.482680,2021-02-21 18:02:51.793231,0 days 00:00:11.310551,9.916496158265882e-05,70,0.9976476516654926,7.720165232393112,0.7052008873551886,PRUNED
520,520,0.7039684495932955,2021-02-21 18:02:51.793618,2021-02-21 18:03:03.111637,0 days 00:00:11.318019,0.0001683382902817811,60,0.9974028961771348,6.539942164630949,0.7039684495932955,PRUNED
521,521,0.6987922109933449,2021-02-21 18:03:03.111979,2021-02-21 18:03:14.302405,0 days 00:00:11.190426,0.0003316954349161259,80,0.9979723553389521,8.056929650643719,0.6987922109933449,PRUNED
522,522,0.7242408487735543,2021-02-21 18:03:14.302801,2021-02-21 18:04:39.855138,0 days 00:01:25.552337,0.00011245429153903234,70,0.9900636203411705,8.658716319809594,0.7076657628789746,COMPLETE
523,523,0.7270915308641227,2021-02-21 18:04:39.855891,2021-02-21 18:06:05.505407,0 days 00:01:25.649516,0.00022762334786705898,80,0.9971763567583561,9.041209368033511,0.7084052255361104,COMPLETE
524,524,0.6916440719743653,2021-02-21 18:06:05.506176,2021-02-21 18:06:16.733795,0 days 00:00:11.227619,0.0002917861732354788,70,0.9975235851106197,7.598488316489052,0.6916440719743653,PRUNED
525,525,0.7024895242790239,2021-02-21 18:06:16.734182,2021-02-21 18:06:27.918164,0 days 00:00:11.183982,0.0003769640699920788,60,0.9981508998854925,6.967462994367163,0.7024895242790239,PRUNED
526,526,0.7302288212124598,2021-02-21 18:06:27.918533,2021-02-21 18:07:53.557376,0 days 00:01:25.638843,0.000420901043360829,80,0.9977806651163738,7.298408064175482,0.7093911757456248,COMPLETE
527,527,0.7295320279590712,2021-02-21 18:07:53.558160,2021-02-21 18:09:19.194925,0 days 00:01:25.636765,7.337958994075765e-05,70,0.9972758224951677,8.166124496385981,0.7101306384027607,COMPLETE
528,528,0.7049543998028099,2021-02-21 18:09:19.195497,2021-02-21 18:09:30.455696,0 days 00:00:11.260199,0.0001231109042684158,60,0.9969791377771061,6.3212420264241365,0.7049543998028099,PRUNED
529,529,0.6997781612028593,2021-02-21 18:09:30.456097,2021-02-21 18:09:41.760336,0 days 00:00:11.304239,0.00018798925152524275,80,0.9983666676004981,8.768800846047272,0.6997781612028593,PRUNED
530,530,0.7322623115573258,2021-02-21 18:09:41.760712,2021-02-21 18:11:07.450145,0 days 00:01:25.689433,0.000336615389032776,90,0.9979757805060594,14.472543210252898,0.7101306384027607,COMPLETE
531,531,0.6992851860981021,2021-02-21 18:11:07.450905,2021-02-21 18:11:18.749080,0 days 00:00:11.298175,0.00026558458491987374,70,0.9974787563052253,7.733406404869632,0.6992851860981021,PRUNED
532,532,0.7044614246980527,2021-02-21 18:11:18.749433,2021-02-21 18:11:29.941002,0 days 00:00:11.191569,0.00014902004681250196,70,0.9977105495583514,15.138719615791087,0.7044614246980527,PRUNED
533,533,0.7302066494829994,2021-02-21 18:11:29.941361,2021-02-21 18:12:55.952385,0 days 00:01:26.011024,0.0005185474011388691,80,0.9971272466959686,6.8403486272664376,0.7084052255361104,COMPLETE
534,534,0.6894256840029579,2021-02-21 18:12:55.953117,2021-02-21 18:13:07.201848,0 days 00:00:11.248731,6.198117113164172e-05,60,0.9978529135651938,7.327491282606808,0.6894256840029579,PRUNED
535,535,0.7318935254868173,2021-02-21 18:13:07.202253,2021-02-21 18:14:32.913850,0 days 00:01:25.711597,0.0004314235022007167,70,0.9914312949412623,5.704094063043204,0.7103771259551392,COMPLETE
536,536,0.6995316736504806,2021-02-21 18:14:32.914615,2021-02-21 18:14:44.216283,0 days 00:00:11.301668,9.652911677799325e-05,80,0.9981892407678481,8.173208752756508,0.6995316736504806,PRUNED
537,537,0.7054473749075671,2021-02-21 18:14:44.216663,2021-02-21 18:14:55.338848,0 days 00:00:11.122185,0.00038900646087332915,50,0.9967991923856755,9.086640068045615,0.7054473749075671,PRUNED
538,538,0.7042149371456742,2021-02-21 18:14:55.339246,2021-02-21 18:15:06.468112,0 days 00:00:11.128866,0.0005166882790639184,80,0.9972640794320706,5.40366846358816,0.7042149371456742,PRUNED
539,539,0.73105596215362,2021-02-21 18:15:06.468490,2021-02-21 18:16:31.635256,0 days 00:01:25.166766,0.0004499825712355624,70,0.9976312165789641,7.774784309572755,0.7081587379837319,COMPLETE
540,540,0.700517623859995,2021-02-21 18:16:31.636037,2021-02-21 18:16:42.767558,0 days 00:00:11.131521,0.00011389385935797487,90,0.9970001161435571,8.546534243899005,0.700517623859995,PRUNED
541,541,0.7029824993837811,2021-02-21 18:16:42.767931,2021-02-21 18:16:54.175111,0 days 00:00:11.407180,0.00031476320314969056,60,0.9932398285268119,7.089276892792945,0.7029824993837811,PRUNED
542,542,0.7284493422498803,2021-02-21 18:16:54.175482,2021-02-21 18:18:20.096390,0 days 00:01:25.920908,0.00021903755602649597,80,0.9973900617227558,7.57166572845146,0.7118560512694109,COMPLETE
543,543,0.7296009307453206,2021-02-21 18:18:20.097193,2021-02-21 18:19:45.646599,0 days 00:01:25.549406,0.0005299952479654948,50,0.9979857155684014,6.675051765499475,0.7069263002218388,COMPLETE
544,544,0.7238198696920671,2021-02-21 18:19:45.647178,2021-02-21 18:21:10.948683,0 days 00:01:25.301505,8.230563275736796e-05,60,0.9984075238113809,14.742869704481043,0.7071727877742174,COMPLETE
545,545,0.7315496891355803,2021-02-21 18:21:10.949431,2021-02-21 18:22:36.225705,0 days 00:01:25.276274,0.00037517031483721617,70,0.9977623698445552,13.760901070165874,0.7086517130884891,COMPLETE
546,546,0.7059403500123244,2021-02-21 18:22:36.226503,2021-02-21 18:22:47.495174,0 days 00:00:11.268671,0.0005491804354144368,70,0.9975011301706646,7.983624761567542,0.7059403500123244,PRUNED
547,547,0.7241345240102947,2021-02-21 18:22:47.495528,2021-02-21 18:24:13.303036,0 days 00:01:25.807508,0.00014504277445682355,80,0.9971133263954878,8.528890971065252,0.7106236135075179,COMPLETE
548,548,0.7054473749075671,2021-02-21 18:24:13.303839,2021-02-21 18:24:24.583097,0 days 00:00:11.279258,0.00045611772281654666,70,0.9946996215580546,7.2298456447626895,0.7054473749075671,PRUNED
549,549,0.7064333251170816,2021-02-21 18:24:24.583465,2021-02-21 18:24:35.730170,0 days 00:00:11.146705,0.00025996223974230183,60,0.9968927021865529,8.273857243717869,0.7064333251170816,PRUNED
550,550,0.6985457234409662,2021-02-21 18:24:35.730555,2021-02-21 18:24:47.091658,0 days 00:00:11.361103,0.0006169192987535573,80,0.9981709740065076,6.473171138014661,0.6985457234409662,PRUNED
551,551,0.6904116342124723,2021-02-21 18:24:47.092030,2021-02-21 18:24:58.503879,0 days 00:00:11.411849,0.0001271911715144027,90,0.9951457575808442,8.961544988918412,0.6904116342124723,PRUNED
552,552,0.7313988737914244,2021-02-21 18:24:58.504246,2021-02-21 18:26:24.434488,0 days 00:01:25.930242,0.0003799337030066264,80,0.9973001513220238,7.66487975653286,0.7071727877742174,COMPLETE
553,553,0.7328714910380107,2021-02-21 18:26:24.435363,2021-02-21 18:27:50.023912,0 days 00:01:25.588549,0.0004612932982637301,50,0.9964275482213346,14.197041746542947,0.7071727877742174,COMPLETE
554,554,0.7321763495324873,2021-02-21 18:27:50.024729,2021-02-21 18:29:15.854577,0 days 00:01:25.829848,0.0004715704232458656,50,0.9964250591998174,14.366815955357989,0.7086517130884891,COMPLETE
555,555,0.7328783779731427,2021-02-21 18:29:15.855365,2021-02-21 18:30:41.494534,0 days 00:01:25.639169,0.0005632781351583319,50,0.9961140544974114,15.032447222303798,0.7066798126694602,COMPLETE
556,556,0.7042149371456742,2021-02-21 18:30:41.495365,2021-02-21 18:30:52.780150,0 days 00:00:11.284785,0.00043545450095241583,50,0.9961832392505708,15.028935280553549,0.7042149371456742,PRUNED
557,557,0.7042149371456742,2021-02-21 18:30:52.780565,2021-02-21 18:31:03.992202,0 days 00:00:11.211637,0.0005259624780077122,50,0.9959449882650676,15.244246412978763,0.7042149371456742,PRUNED
558,558,0.706186837564703,2021-02-21 18:31:03.992603,2021-02-21 18:31:15.218739,0 days 00:00:11.226136,0.00048344723663333805,50,0.9961001337484754,14.43671630404039,0.706186837564703,PRUNED
559,559,0.7316903598486517,2021-02-21 18:31:15.219163,2021-02-21 18:32:40.700551,0 days 00:01:25.481388,0.0005802822988326802,50,0.9963046139085626,14.769233678550888,0.7066798126694602,COMPLETE
560,560,0.723801932109412,2021-02-21 18:32:40.701373,2021-02-21 18:34:05.886338,0 days 00:01:25.184965,0.00010190918411646872,50,0.9962591478911945,14.167337085949281,0.7071727877742174,COMPLETE
561,561,0.7052008873551886,2021-02-21 18:34:05.887100,2021-02-21 18:34:17.123501,0 days 00:00:11.236401,0.0004150556857852495,50,0.9964626667059737,15.531472837034798,0.7052008873551886,PRUNED
562,562,0.7317925380230237,2021-02-21 18:34:17.123897,2021-02-21 18:35:42.432542,0 days 00:01:25.308645,0.0003596891534615246,60,0.9961638381575306,14.95296738269553,0.7069263002218388,COMPLETE
