,number,value,datetime_start,datetime_complete,duration,params_lr,params_out_dim,params_scheduler_gamma,params_weight_decay,system_attrs_completed_rung_0,state
789,789,0.7059403500123244,2021-02-21 21:08:34.537468,2021-02-21 21:08:45.968220,0 days 00:00:11.430752,0.00031260776181261067,70,0.9944368897991837,5.934327778439352,0.7059403500123244,PRUNED
790,790,0.7000246487552378,2021-02-21 21:08:45.968660,2021-02-21 21:08:57.362818,0 days 00:00:11.394158,0.00036057612902906004,80,0.9939349452200138,6.158037335942019,0.7000246487552378,PRUNED
791,791,0.7244021143339244,2021-02-21 21:08:57.363272,2021-02-21 21:10:23.138550,0 days 00:01:25.775278,0.00028921010567264764,80,0.9937323682122525,6.872037199150725,0.7086517130884891,COMPLETE
792,792,0.6992851860981021,2021-02-21 21:10:23.139481,2021-02-21 21:10:34.309027,0 days 00:00:11.169546,0.0003762647708882208,80,0.9935293666780806,5.03157827054003,0.6992851860981021,PRUNED
793,793,0.6921370470791225,2021-02-21 21:10:34.309537,2021-02-21 21:10:45.549848,0 days 00:00:11.240311,0.00011164175697744973,80,0.9942376961619043,5.341039433602531,0.6921370470791225,PRUNED
794,794,0.7278138771887923,2021-02-21 21:10:45.550317,2021-02-21 21:12:11.618568,0 days 00:01:26.068251,0.00033089454488174056,70,0.9936145861904546,5.917621714242747,0.7133349765836825,COMPLETE
795,795,0.6950948977076657,2021-02-21 21:12:11.619525,2021-02-21 21:12:22.925159,0 days 00:00:11.305634,0.0002271306989100891,70,0.99436713562163,4.854859717933764,0.6950948977076657,PRUNED
796,796,0.7279701646705017,2021-02-21 21:12:22.925607,2021-02-21 21:13:49.033300,0 days 00:01:26.107693,0.00040675288418006534,80,0.992526834209505,7.179192127928979,0.713088489031304,COMPLETE
797,797,0.7261816670174942,2021-02-21 21:13:49.034219,2021-02-21 21:15:14.424548,0 days 00:01:25.390329,0.00013776147365333855,70,0.9945097579861704,5.465258998108834,0.7108701010598965,COMPLETE
798,798,0.696820310574316,2021-02-21 21:15:14.425488,2021-02-21 21:15:25.791204,0 days 00:00:11.365716,0.00018972611073723306,70,0.9934314289143943,6.128285840459587,0.696820310574316,PRUNED
799,799,0.728355723426851,2021-02-21 21:15:25.791666,2021-02-21 21:16:51.367960,0 days 00:01:25.576294,0.0002490930609411899,80,0.9941262878165187,7.464755469228377,0.7108701010598965,COMPLETE
800,800,0.6928765097362584,2021-02-21 21:16:51.368602,2021-02-21 21:17:02.473304,0 days 00:00:11.104702,0.00028172333261548545,70,0.9948694671494019,6.404591298168875,0.6928765097362584,PRUNED
801,801,0.7059403500123244,2021-02-21 21:17:02.473749,2021-02-21 21:17:13.753923,0 days 00:00:11.280174,0.0004213034875794756,70,0.993969252000467,5.675455631143655,0.7059403500123244,PRUNED
802,802,0.7054473749075671,2021-02-21 21:17:13.754365,2021-02-21 21:17:25.055770,0 days 00:00:11.301405,0.0003333513937512062,80,0.9951110415041368,6.581508058260123,0.7054473749075671,PRUNED
803,803,0.7318985699852621,2021-02-21 21:17:25.056249,2021-02-21 21:18:50.531665,0 days 00:01:25.475416,0.00044422894062101474,70,0.9947143960771245,7.2838850589620225,0.7069263002218388,COMPLETE
804,804,0.6884397337934435,2021-02-21 21:18:50.532592,2021-02-21 21:19:02.008228,0 days 00:00:11.475636,9.317433114876439e-05,80,0.9943669936181943,7.738462026297907,0.6884397337934435,PRUNED
805,805,0.7278860771431838,2021-02-21 21:19:02.008693,2021-02-21 21:20:27.929889,0 days 00:01:25.921196,0.0003755885818386474,70,0.9938181581887179,6.425448187580087,0.7118560512694109,COMPLETE
806,806,0.6953413852600444,2021-02-21 21:20:27.930810,2021-02-21 21:20:39.173014,0 days 00:00:11.242204,0.00025649669301155644,70,0.9984827495942898,6.926960693479295,0.6953413852600444,PRUNED
807,807,0.7273748856996033,2021-02-21 21:20:39.173530,2021-02-21 21:22:04.603745,0 days 00:01:25.430215,0.0001554047194815602,60,0.9949647833435875,8.99586972494,0.7086517130884891,COMPLETE
808,808,0.7313953068936688,2021-02-21 21:22:04.604636,2021-02-21 21:23:30.344248,0 days 00:01:25.739612,0.0003160367033213694,80,0.9982541542247797,8.083094238754018,0.7113630761646537,COMPLETE
809,809,0.6926300221838797,2021-02-21 21:23:30.345188,2021-02-21 21:23:41.550920,0 days 00:00:11.205732,0.00011547260763506793,70,0.9930209774409396,8.659697227970591,0.6926300221838797,PRUNED
810,810,0.7007641114123737,2021-02-21 21:23:41.551403,2021-02-21 21:23:53.008670,0 days 00:00:11.457267,0.0004692239657408844,70,0.9928207447502488,7.375520008851337,0.7007641114123737,PRUNED
811,811,0.7302338047453556,2021-02-21 21:23:53.009163,2021-02-21 21:25:19.039578,0 days 00:01:26.030415,0.00038502097746503873,80,0.9986348384654877,8.171652117927716,0.7088982006408676,COMPLETE
812,812,0.7056938624599458,2021-02-21 21:25:19.040509,2021-02-21 21:25:30.299150,0 days 00:00:11.258641,0.0003093183515015518,70,0.9981028268982599,7.660078552208123,0.7056938624599458,PRUNED
813,813,0.7338061417628952,2021-02-21 21:25:30.299661,2021-02-21 21:26:55.779334,0 days 00:01:25.479673,0.00042709628771323005,40,0.9940900750153732,5.389880633644194,0.7079122504313532,COMPLETE
814,814,0.7007641114123737,2021-02-21 21:26:55.780236,2021-02-21 21:27:07.273952,0 days 00:00:11.493716,0.0001950922402308197,40,0.994092290605757,5.0587839166286,0.7007641114123737,PRUNED
815,815,0.7277075610556715,2021-02-21 21:27:07.274395,2021-02-21 21:28:32.963547,0 days 00:01:25.689152,7.639337217206339e-05,40,0.9941246166280678,5.3712339393989685,0.7133349765836825,COMPLETE
816,816,0.7332627286389424,2021-02-21 21:28:32.964446,2021-02-21 21:29:58.478743,0 days 00:01:25.514297,0.00027547682588386014,40,0.9940258275924093,6.0922719966636745,0.7093911757456248,COMPLETE
817,817,0.6918905595267439,2021-02-21 21:29:58.479695,2021-02-21 21:30:09.834934,0 days 00:00:11.355239,0.0003705770838888679,40,0.9944898641161616,4.15188510854863,0.6918905595267439,PRUNED
818,818,0.7308788917409655,2021-02-21 21:30:09.835383,2021-02-21 21:31:35.640780,0 days 00:01:25.805397,0.0003242882544028778,40,0.9940479206106457,5.499434191102615,0.7066798126694602,COMPLETE
819,819,0.7032289869361598,2021-02-21 21:31:35.641706,2021-02-21 21:31:47.050287,0 days 00:00:11.408581,0.0004990502857917114,40,0.9937754979513008,5.282089319717663,0.7032289869361598,PRUNED
820,820,0.7325518399643975,2021-02-21 21:31:47.050739,2021-02-21 21:33:12.952122,0 days 00:01:25.901383,0.0002818341631790568,40,0.9940096843518289,6.404249256559444,0.7091446881932463,COMPLETE
821,821,0.7217342088647982,2021-02-21 21:33:12.953021,2021-02-21 21:34:38.744668,0 days 00:01:25.791647,0.0004092797491548323,40,0.994277367474313,5.788839100784538,0.7106236135075179,COMPLETE
822,822,0.6899186591077151,2021-02-21 21:34:38.745590,2021-02-21 21:34:50.037460,0 days 00:00:11.291870,5.639949141224352e-05,40,0.9934102809408133,4.839655045347536,0.6899186591077151,PRUNED
823,823,0.729620101087538,2021-02-21 21:34:50.037963,2021-02-21 21:36:15.783452,0 days 00:01:25.745489,0.0003474130393487226,40,0.9939488375007088,5.758427974103013,0.7076657628789746,COMPLETE
824,824,0.7019965491742667,2021-02-21 21:36:15.784356,2021-02-21 21:36:27.031142,0 days 00:00:11.246786,0.00045436822484404537,40,0.993652125436207,5.8873131973191315,0.7019965491742667,PRUNED
825,825,0.7066798126694602,2021-02-21 21:36:27.031638,2021-02-21 21:36:38.395818,0 days 00:00:11.364180,0.00010376719448001758,40,0.9940752160187325,4.635116740881658,0.7066798126694602,PRUNED
826,826,0.729100234245849,2021-02-21 21:36:38.396279,2021-02-21 21:38:04.085366,0 days 00:01:25.689087,0.0005198660416980782,40,0.9940074584506879,5.987454019510563,0.7172787774217402,COMPLETE
827,827,0.6995316736504806,2021-02-21 21:38:04.086269,2021-02-21 21:38:15.342667,0 days 00:00:11.256398,0.00026979196633554144,40,0.9942264741957407,5.1306246962641096,0.6995316736504806,PRUNED
828,828,0.7054473749075671,2021-02-21 21:38:15.343156,2021-02-21 21:38:26.589296,0 days 00:00:11.246140,0.0003737946833714505,40,0.9936840963286846,5.346602973224277,0.7054473749075671,PRUNED
829,829,0.7312091166653365,2021-02-21 21:38:26.589765,2021-02-21 21:39:51.646057,0 days 00:01:25.056292,0.00031441513750457296,40,0.9944690774909359,6.493240115040964,0.7076657628789746,COMPLETE
830,830,0.733749698365341,2021-02-21 21:39:51.646990,2021-02-21 21:41:17.763103,0 days 00:01:26.116113,0.0004553780247131033,40,0.9942813489815246,5.702499683849787,0.7101306384027607,COMPLETE
831,831,0.7289633652167382,2021-02-21 21:41:17.764021,2021-02-21 21:42:43.867067,0 days 00:01:26.103046,0.00041183034900091743,40,0.9941195314396687,5.590418648015052,0.7116095637170323,COMPLETE
832,832,0.7326260936158625,2021-02-21 21:42:43.867973,2021-02-21 21:44:09.881746,0 days 00:01:26.013773,0.0003374938128623129,40,0.9943638234001023,5.974213218571737,0.7133349765836825,COMPLETE
833,833,0.7324195597315273,2021-02-21 21:44:09.882690,2021-02-21 21:45:35.449241,0 days 00:01:25.566551,0.00038900397846008494,40,0.9942911809464409,5.543399534587326,0.7093911757456248,COMPLETE
834,834,0.7335471792619991,2021-02-21 21:45:35.450145,2021-02-21 21:47:01.313441,0 days 00:01:25.863296,0.0004429876667086588,40,0.9938362280057695,5.224728970787792,0.7148139018979541,COMPLETE
835,835,0.7292870499924968,2021-02-21 21:47:01.314341,2021-02-21 21:48:27.370755,0 days 00:01:26.056414,0.0002731045844072189,40,0.9945528049734935,5.357564502666937,0.7101306384027607,COMPLETE
836,836,0.7017500616218881,2021-02-21 21:48:27.371692,2021-02-21 21:48:38.597388,0 days 00:00:11.225696,0.00035460685179492977,40,0.9938993742253324,5.779443976633944,0.7017500616218881,PRUNED
837,837,0.706186837564703,2021-02-21 21:48:38.597904,2021-02-21 21:48:49.820459,0 days 00:00:11.222555,0.0004247208209716811,40,0.9943253440474845,4.574954995572118,0.706186837564703,PRUNED
838,838,0.7259370005723604,2021-02-21 21:48:49.820949,2021-02-21 21:50:15.599966,0 days 00:01:25.779017,0.0002972988248683807,40,0.994300900118219,4.44503335339857,0.7125955139265467,COMPLETE
839,839,0.7285095063590467,2021-02-21 21:50:15.600911,2021-02-21 21:51:41.534978,0 days 00:01:25.934067,0.00013540734536992977,40,0.9940558353283815,6.192457924376627,0.709884150850382,COMPLETE
840,840,0.6909046093172295,2021-02-21 21:51:41.535860,2021-02-21 21:51:52.852196,0 days 00:00:11.316336,0.0004822498747250665,40,0.9939083054957217,5.474821901038625,0.6909046093172295,PRUNED
841,841,0.6933694848410156,2021-02-21 21:51:52.852681,2021-02-21 21:52:04.264057,0 days 00:00:11.411376,9.061095761478183e-05,40,0.9939021514197349,4.901973785610725,0.6933694848410156,PRUNED
842,842,0.7278551470612441,2021-02-21 21:52:04.264485,2021-02-21 21:53:29.905966,0 days 00:01:25.641481,0.00036267519870740694,40,0.9941813357525562,5.182838304156557,0.7138279516884397,COMPLETE
843,843,0.7017500616218881,2021-02-21 21:53:29.906871,2021-02-21 21:53:41.152187,0 days 00:00:11.245316,0.0003109636277983484,40,0.9937597515033908,4.972623525842321,0.7017500616218881,PRUNED
844,844,0.7049543998028099,2021-02-21 21:53:41.152671,2021-02-21 21:53:52.570697,0 days 00:00:11.418026,0.01172687677630483,40,0.994090664013371,6.044211541156933,0.7049543998028099,PRUNED
845,845,0.700517623859995,2021-02-21 21:53:52.571177,2021-02-21 21:54:03.802082,0 days 00:00:11.230905,0.00041308939032748794,40,0.9942507558965004,5.058351634799212,0.700517623859995,PRUNED
846,846,0.6953413852600444,2021-02-21 21:54:03.802573,2021-02-21 21:54:15.154562,0 days 00:00:11.351989,0.00024275591284384388,40,0.9941222793766005,6.163908363734028,0.6953413852600444,PRUNED
847,847,0.729965699205257,2021-02-21 21:54:15.155079,2021-02-21 21:55:40.843979,0 days 00:01:25.688900,0.00011722509495872374,40,0.9941748702124137,5.642635052442169,0.7081587379837319,COMPLETE
848,848,0.7275961342622338,2021-02-21 21:55:40.844883,2021-02-21 21:57:06.714029,0 days 00:01:25.869146,0.0005120846886277871,40,0.9946693769526955,6.4422662715339225,0.7088982006408676,COMPLETE
849,849,0.7315834995031028,2021-02-21 21:57:06.714988,2021-02-21 21:58:32.394337,0 days 00:01:25.679349,0.0003438577134212717,40,0.9945996242910524,4.391851575909279,0.7145674143455756,COMPLETE
850,850,0.7318713161040533,2021-02-21 21:58:32.395370,2021-02-21 21:59:58.094009,0 days 00:01:25.698639,0.00042887191302475806,40,0.9944186807418766,5.806477435903579,0.7069263002218388,COMPLETE
851,851,0.7059403500123244,2021-02-21 21:59:58.094948,2021-02-21 22:00:09.420555,0 days 00:00:11.325607,0.00027515431403133517,30,0.9938115368660112,5.17866906479766,0.7059403500123244,PRUNED
852,852,0.7029824993837811,2021-02-21 22:00:09.420979,2021-02-21 22:00:20.716196,0 days 00:00:11.295217,0.0004589559023913684,40,0.9944312276581484,4.775489229113815,0.7029824993837811,PRUNED
853,853,0.703721962040917,2021-02-21 22:00:20.716694,2021-02-21 22:00:32.055717,0 days 00:00:11.339023,0.0003783879903205092,40,0.9938880605825932,6.508611287870513,0.703721962040917,PRUNED
854,854,0.727048988039843,2021-02-21 22:00:32.056220,2021-02-21 22:01:57.817140,0 days 00:01:25.760920,0.00010093969273116203,40,0.9938453176495361,6.141006749580327,0.7093911757456248,COMPLETE
855,855,0.7052008873551886,2021-02-21 22:01:57.818064,2021-02-21 22:02:09.321475,0 days 00:00:11.503411,0.00030566854534804134,40,0.9943261585496196,5.44648142486035,0.7052008873551886,PRUNED
856,856,0.7064333251170816,2021-02-21 22:02:09.321940,2021-02-21 22:02:20.617525,0 days 00:00:11.295585,8.387626119637422e-05,40,0.9947676463452813,6.702287247336126,0.7064333251170816,PRUNED
857,857,0.7299419934019191,2021-02-21 22:02:20.618027,2021-02-21 22:03:46.410402,0 days 00:01:25.792375,0.0005268047394503082,40,0.9953120533379851,5.674638824038932,0.7079122504313532,COMPLETE
858,858,0.7298218879813809,2021-02-21 22:03:46.411329,2021-02-21 22:05:12.204288,0 days 00:01:25.792959,0.00039011928513368145,30,0.9941719669801593,6.247175092558726,0.7108701010598965,COMPLETE
859,859,0.6916440719743653,2021-02-21 22:05:12.205229,2021-02-21 22:05:23.463625,0 days 00:00:11.258396,0.00023411287480640404,40,0.9954880621354822,6.7871086340379465,0.6916440719743653,PRUNED
860,860,0.7232396042968773,2021-02-21 22:05:23.464136,2021-02-21 22:06:48.654186,0 days 00:01:25.190050,0.0003241536889509215,40,0.9935755501308204,5.215574804767922,0.7116095637170323,COMPLETE
861,861,0.7064333251170816,2021-02-21 22:06:48.654906,2021-02-21 22:06:59.995382,0 days 00:00:11.340476,0.0004449440431555087,40,0.9939851200547115,5.966352551019621,0.7064333251170816,PRUNED
862,862,0.728788663166125,2021-02-21 22:06:59.995883,2021-02-21 22:08:25.672122,0 days 00:01:25.676239,0.00012827280744885753,40,0.9945910261967008,5.607009173112373,0.7071727877742174,COMPLETE
863,863,0.7044614246980527,2021-02-21 22:08:25.673037,2021-02-21 22:08:37.075300,0 days 00:00:11.402263,0.0005704273897832915,40,0.9940450842150104,6.899409844299112,0.7044614246980527,PRUNED
864,864,0.7310430943024421,2021-02-21 22:08:37.075770,2021-02-21 22:10:02.683161,0 days 00:01:25.607391,0.00036003070256214925,40,0.9942773457229988,6.134494699364824,0.7125955139265467,COMPLETE
865,865,0.7044614246980527,2021-02-21 22:10:02.684069,2021-02-21 22:10:13.894160,0 days 00:00:11.210091,0.00026686842577646044,30,0.9957900340008367,6.537684294593406,0.7044614246980527,PRUNED
866,866,0.731265246321297,2021-02-21 22:10:13.894662,2021-02-21 22:11:40.045308,0 days 00:01:26.150646,0.00045080135949326314,40,0.9943834243987518,7.049347595353149,0.707419275326596,COMPLETE
867,867,0.706186837564703,2021-02-21 22:11:40.046226,2021-02-21 22:11:51.186668,0 days 00:00:11.140442,0.0005124910802032768,40,0.9950186465781709,3.5263831130605556,0.706186837564703,PRUNED
868,868,0.6970667981266946,2021-02-21 22:11:51.187182,2021-02-21 22:12:02.463660,0 days 00:00:11.276478,0.0003191174574656431,30,0.9937921023240307,5.405970046047724,0.6970667981266946,PRUNED
869,869,0.7024895242790239,2021-02-21 22:12:02.464155,2021-02-21 22:12:13.681650,0 days 00:00:11.217495,6.959955375173355e-05,40,0.9973041285725032,4.8918516178750915,0.7024895242790239,PRUNED
870,870,0.7278621030376323,2021-02-21 22:12:13.682169,2021-02-21 22:13:39.532108,0 days 00:01:25.849939,0.00011205861753643302,60,0.9944821623709622,4.626566003792632,0.7162928272122258,COMPLETE
871,871,0.7015035740695095,2021-02-21 22:13:39.533034,2021-02-21 22:13:50.807032,0 days 00:00:11.273998,0.00040371703064139784,40,0.9913539667067275,5.815848660352023,0.7015035740695095,PRUNED
872,872,0.729195192268168,2021-02-21 22:13:50.807553,2021-02-21 22:15:16.604322,0 days 00:01:25.796769,0.00035829674993601083,40,0.9941456760597286,6.525438887742045,0.7111165886122751,COMPLETE
873,873,0.7334190488049112,2021-02-21 22:15:16.605018,2021-02-21 22:16:42.374798,0 days 00:01:25.769780,0.0005777081147390175,40,0.9939271907487134,3.683955724768676,0.7081587379837319,COMPLETE
874,874,0.706186837564703,2021-02-21 22:16:42.375712,2021-02-21 22:16:53.715835,0 days 00:00:11.340123,0.0006814599389059592,40,0.9937916291564807,2.962522156325692,0.706186837564703,PRUNED
875,875,0.7052008873551886,2021-02-21 22:16:53.716323,2021-02-21 22:17:05.086561,0 days 00:00:11.370238,0.000628573313345394,40,0.9936384606019525,3.66863469777233,0.7052008873551886,PRUNED
876,876,0.7289226418355867,2021-02-21 22:17:05.087022,2021-02-21 22:18:30.856554,0 days 00:01:25.769532,0.0006058249373589221,40,0.9939200230213218,0.6463698493254113,0.7160463396598472,COMPLETE
877,877,0.7015035740695095,2021-02-21 22:18:30.857474,2021-02-21 22:18:42.192029,0 days 00:00:11.334555,0.0005750164928464552,40,0.9936240116056756,1.9141015720731063,0.7015035740695095,PRUNED
878,878,0.728452462210619,2021-02-21 22:18:42.192532,2021-02-21 22:20:07.844212,0 days 00:01:25.651680,0.0005446247578232604,60,0.9939883910865128,4.262824146291747,0.709884150850382,COMPLETE
879,879,0.7232614605972673,2021-02-21 22:20:07.845183,2021-02-21 22:21:33.642063,0 days 00:01:25.796880,3.859518293831133e-05,40,0.9933270056398347,6.259958290501208,0.707419275326596,COMPLETE
880,880,0.7032289869361598,2021-02-21 22:21:33.642999,2021-02-21 22:21:44.953150,0 days 00:00:11.310151,0.0007423368653406431,40,0.9940456628076678,7.15501868514568,0.7032289869361598,PRUNED
881,881,0.7042149371456742,2021-02-21 22:21:44.953627,2021-02-21 22:21:56.208573,0 days 00:00:11.254946,0.0004947577290290853,30,0.99423151907886,16.076836216789577,0.7042149371456742,PRUNED
882,882,0.7241834730094977,2021-02-21 22:21:56.209067,2021-02-21 22:23:22.069459,0 days 00:01:25.860392,0.0005129134776955828,40,0.9936106686269986,3.8507401273765396,0.7071727877742174,COMPLETE
883,883,0.7291399617474985,2021-02-21 22:23:22.070383,2021-02-21 22:24:47.765199,0 days 00:01:25.694816,0.0006619528489974163,40,0.9938709214266941,2.7621854826680603,0.7096376632980035,COMPLETE
884,884,0.7022430367266453,2021-02-21 22:24:47.766120,2021-02-21 22:24:58.978544,0 days 00:00:11.212424,2.7765635459966314e-05,20,0.9940466700107646,6.995419581388976,0.7022430367266453,PRUNED
885,885,0.7032289869361598,2021-02-21 22:24:58.979038,2021-02-21 22:25:10.308774,0 days 00:00:11.329736,0.0005849572866978451,30,0.9903329956240301,4.132243134796477,0.7032289869361598,PRUNED
886,886,0.7044614246980527,2021-02-21 22:25:10.309256,2021-02-21 22:25:21.771358,0 days 00:00:11.462102,0.0004714991330903745,60,0.9937415622074351,17.261773320211272,0.7044614246980527,PRUNED
887,887,0.7044614246980527,2021-02-21 22:25:21.771829,2021-02-21 22:25:33.067800,0 days 00:00:11.295971,0.0009278047792402031,40,0.9972381772828416,7.08923743763547,0.7044614246980527,PRUNED
888,888,0.7320957474953536,2021-02-21 22:25:33.068299,2021-02-21 22:26:58.868752,0 days 00:01:25.800453,0.0019652560908924818,50,0.9941761456386631,3.903039778088149,0.7069263002218388,COMPLETE
889,889,0.7275369041536297,2021-02-21 22:26:58.869662,2021-02-21 22:28:24.919407,0 days 00:01:26.049745,0.00042732392147617614,40,0.9943829158871694,3.1299416913349942,0.7081587379837319,COMPLETE
890,890,0.7056938624599458,2021-02-21 22:28:24.920374,2021-02-21 22:28:36.296300,0 days 00:00:11.375926,0.0005300803131888948,40,0.9945926603917757,6.697331032439521,0.7056938624599458,PRUNED
891,891,0.7032289869361598,2021-02-21 22:28:36.296801,2021-02-21 22:28:47.563719,0 days 00:00:11.266918,0.0006317864327450727,40,0.9939117622807873,6.0447289078583415,0.7032289869361598,PRUNED
892,892,0.7056938624599458,2021-02-21 22:28:47.564197,2021-02-21 22:28:58.776127,0 days 00:00:11.211930,0.00045853012604898675,50,0.993424757395235,3.3382782206006554,0.7056938624599458,PRUNED
893,893,0.7054473749075671,2021-02-21 22:28:58.776629,2021-02-21 22:29:10.108014,0 days 00:00:11.331385,0.0007794838665051737,40,0.9973939428016899,7.399353523958,0.7054473749075671,PRUNED
894,894,0.7024895242790239,2021-02-21 22:29:10.108519,2021-02-21 22:29:21.537103,0 days 00:00:11.428584,0.0004060499668902604,90,0.9941958656217081,5.074562040474624,0.7024895242790239,PRUNED
895,895,0.7064333251170816,2021-02-21 22:29:21.537607,2021-02-21 22:29:32.863694,0 days 00:00:11.326087,0.0005160382916467734,40,0.9947634979605363,6.674922681830376,0.7064333251170816,PRUNED
896,896,0.7288739983560305,2021-02-21 22:29:32.864192,2021-02-21 22:30:58.845400,0 days 00:01:25.981208,0.0004542702328792378,60,0.9972952145419456,6.205322820459781,0.7084052255361104,COMPLETE
897,897,0.7052008873551886,2021-02-21 22:30:58.846326,2021-02-21 22:31:10.137554,0 days 00:00:11.291228,0.0006351498667183834,30,0.9971256039656041,2.3885080909791983,0.7052008873551886,PRUNED
898,898,0.7342245763234974,2021-02-21 22:31:10.138052,2021-02-21 22:32:35.918417,0 days 00:01:25.780365,0.00039677694646484774,40,0.9974448884828696,4.505626405811449,0.7084052255361104,COMPLETE
899,899,0.6913975844219867,2021-02-21 22:32:35.919361,2021-02-21 22:32:47.264998,0 days 00:00:11.345637,0.0005473723258997125,40,0.9973159386094599,3.8248706171733007,0.6913975844219867,PRUNED
900,900,0.728367579390647,2021-02-21 22:32:47.265471,2021-02-21 22:34:13.097450,0 days 00:01:25.831979,0.0004961977358813534,40,0.9971287784364777,3.9059581351793677,0.7086517130884891,COMPLETE
901,901,0.7191466052584226,2021-02-21 22:34:13.098378,2021-02-21 22:35:38.871039,0 days 00:01:25.772661,9.011911911706672e-05,40,0.9974224761402308,4.155799341834279,0.7128420014789253,COMPLETE
