,number,value,datetime_start,datetime_complete,duration,params_lr,params_out_dim,params_scheduler_gamma,params_weight_decay,system_attrs_completed_rung_0,state
0,0,0.7304729971051442,2021-02-21 12:00:36.594644,2021-02-21 12:02:03.669086,0 days 00:01:27.074442,0.0002891298601266827,60,0.9979647007605431,11.691452958847801,0.7081587379837319,COMPLETE
1,1,0.7015035740695095,2021-02-21 12:02:03.669526,2021-02-21 12:02:14.816788,0 days 00:00:11.147262,0.00015813525988148228,90,0.9928220697410015,3.375733109344082,0.7015035740695095,PRUNED
2,2,0.6990386985457234,2021-02-21 12:02:14.817000,2021-02-21 12:02:26.006646,0 days 00:00:11.189646,4.856966708476883e-05,60,0.9922956527307474,18.469598492909178,0.6990386985457234,PRUNED
3,3,0.7071727877742174,2021-02-21 12:02:26.006809,2021-02-21 12:02:37.190768,0 days 00:00:11.183959,0.0006307198082852817,70,0.9938235143876608,7.965820794926035,0.7071727877742174,PRUNED
4,4,0.7268882802832203,2021-02-21 12:02:37.190973,2021-02-21 12:04:02.262219,0 days 00:01:25.071246,0.0003442348055353211,60,0.9940634871245786,1.6540754813490819,0.7160463396598472,COMPLETE
5,5,0.7146976520842653,2021-02-21 12:04:02.262639,2021-02-21 12:05:27.679914,0 days 00:01:25.417275,1.455515279081601e-05,50,0.9946807082028692,18.56621414625619,0.7091446881932463,COMPLETE
6,6,0.700517623859995,2021-02-21 12:05:27.680331,2021-02-21 12:05:38.917388,0 days 00:00:11.237057,1.0442126203495992e-05,90,0.9971030751560327,1.5193521713082558,0.700517623859995,PRUNED
7,7,0.6965738230219374,2021-02-21 12:05:38.917596,2021-02-21 12:05:50.102157,0 days 00:00:11.184561,1.0270659018838361e-05,30,0.9985254938723911,16.40614362655669,0.6965738230219374,PRUNED
8,8,0.7054473749075671,2021-02-21 12:05:50.102345,2021-02-21 12:06:01.146334,0 days 00:00:11.043989,0.0007983278912204387,100,0.9951802984880062,9.074612673103516,0.7054473749075671,PRUNED
9,9,0.7221826270800791,2021-02-21 12:06:01.146511,2021-02-21 12:07:26.359256,0 days 00:01:25.212745,0.0009569083923423595,20,0.9958013633361326,1.4139033118152424,0.7084052255361104,COMPLETE
10,10,0.7049543998028099,2021-02-21 12:07:26.359684,2021-02-21 12:07:37.524138,0 days 00:00:11.164454,0.008039665117126841,40,0.9900476237525252,13.069294497241536,0.7049543998028099,PRUNED
11,11,0.6987922109933449,2021-02-21 12:07:37.524345,2021-02-21 12:07:48.668282,0 days 00:00:11.143937,0.00020575132503700307,70,0.9982543704450139,5.611775892298306,0.6987922109933449,PRUNED
12,12,0.7049543998028099,2021-02-21 12:07:48.668492,2021-02-21 12:07:59.827790,0 days 00:00:11.159298,0.0027684861052344766,70,0.9909591309614213,12.066674786964942,0.7049543998028099,PRUNED
13,13,0.7250113731103841,2021-02-21 12:07:59.827972,2021-02-21 12:09:25.422336,0 days 00:01:25.594364,0.00010416590173196506,50,0.9968867039541883,14.0700521676523,0.7160463396598472,COMPLETE
14,14,0.7047079122504314,2021-02-21 12:09:25.422780,2021-02-21 12:09:36.665616,0 days 00:00:11.242836,0.0033348670659632063,80,0.9934541647641375,6.04731877190022,0.7047079122504314,PRUNED
15,15,0.7319531537615187,2021-02-21 12:09:36.665788,2021-02-21 12:11:01.670969,0 days 00:01:25.005181,0.00025683360186715354,10,0.9963392607538379,10.36927168898556,0.7103771259551392,COMPLETE
16,16,0.7027360118314026,2021-02-21 12:11:01.671389,2021-02-21 12:11:12.773400,0 days 00:00:11.102011,4.302205200043686e-05,10,0.9970299777210445,11.529966023375046,0.7027360118314026,PRUNED
17,17,0.7049543998028099,2021-02-21 12:11:12.773612,2021-02-21 12:11:24.002537,0 days 00:00:11.228925,0.0019346279425991653,30,0.9987693803058341,15.283670646131595,0.7049543998028099,PRUNED
18,18,0.7012570865171309,2021-02-21 12:11:24.002719,2021-02-21 12:11:35.303734,0 days 00:00:11.301015,6.39676245673155e-05,10,0.9960138470329284,9.456581578016245,0.7012570865171309,PRUNED
19,19,0.7330068408415421,2021-02-21 12:11:35.303914,2021-02-21 12:13:00.862650,0 days 00:01:25.558736,0.0003948878996295742,40,0.9976206377978679,10.958469582965025,0.7084052255361104,COMPLETE
20,20,0.7049543998028099,2021-02-21 12:13:00.863110,2021-02-21 12:13:12.051849,0 days 00:00:11.188739,0.008979688915604099,20,0.9962123686942228,6.896838091063111,0.7049543998028099,PRUNED
21,21,0.7294218714347623,2021-02-21 12:13:12.052049,2021-02-21 12:14:37.334794,0 days 00:01:25.282745,0.00033202910112226374,40,0.9977238581133802,10.939848710389395,0.7135814641360612,COMPLETE
22,22,0.7300720141863815,2021-02-21 12:14:37.335251,2021-02-21 12:16:02.721119,0 days 00:01:25.385868,0.00022636564030606047,30,0.9978263258716307,10.169547109588159,0.7091446881932463,COMPLETE
23,23,0.7350926766501902,2021-02-21 12:16:02.721522,2021-02-21 12:17:27.772215,0 days 00:01:25.050693,0.00011021679311554567,40,0.9966900930954486,13.964070179453335,0.7084052255361104,COMPLETE
24,24,0.6906581217648509,2021-02-21 12:17:27.772640,2021-02-21 12:17:38.892112,0 days 00:00:11.119472,2.975608737575455e-05,40,0.9953230795199262,16.250321075461343,0.6906581217648509,PRUNED
25,25,0.7024895242790239,2021-02-21 12:17:38.892290,2021-02-21 12:17:50.301474,0 days 00:00:11.409184,0.00010613250749049969,20,0.9966420243030992,14.861842268831474,0.7024895242790239,PRUNED
26,26,0.7054473749075671,2021-02-21 12:17:50.301683,2021-02-21 12:18:01.532370,0 days 00:00:11.230687,0.001305394316538793,10,0.9973206641562528,13.208416225034702,0.7054473749075671,PRUNED
27,27,0.7015035740695095,2021-02-21 12:18:01.532544,2021-02-21 12:18:12.744290,0 days 00:00:11.211746,0.0005223436481299715,50,0.9952402685022826,8.082939494793482,0.7015035740695095,PRUNED
28,28,0.7000246487552378,2021-02-21 12:18:12.744496,2021-02-21 12:18:23.994317,0 days 00:00:11.249821,0.00011361969836500178,40,0.9963534600404823,19.892403000813204,0.7000246487552378,PRUNED
29,29,0.7205998129081663,2021-02-21 12:18:23.994487,2021-02-21 12:19:49.316731,0 days 00:01:25.322244,2.0371397168278875e-05,30,0.9989270532031314,12.446173178409039,0.713088489031304,COMPLETE
30,30,0.6992851860981021,2021-02-21 12:19:49.317170,2021-02-21 12:20:00.552810,0 days 00:00:11.235640,0.0004016737447717664,20,0.9977161141703219,10.407290418222278,0.6992851860981021,PRUNED
31,31,0.7027360118314026,2021-02-21 12:20:00.552993,2021-02-21 12:20:11.628032,0 days 00:00:11.075039,0.00015382225104549808,60,0.9981525699844288,11.516087189496853,0.7027360118314026,PRUNED
32,32,0.7044614246980527,2021-02-21 12:20:11.628219,2021-02-21 12:20:22.788970,0 days 00:00:11.160751,0.0002587400955944262,50,0.9974354047848435,14.054461790130057,0.7044614246980527,PRUNED
33,33,0.6992851860981021,2021-02-21 12:20:22.789163,2021-02-21 12:20:34.039992,0 days 00:00:11.250829,7.345796064445458e-05,60,0.9965873094186767,8.448698342292621,0.6992851860981021,PRUNED
34,34,0.7052008873551886,2021-02-21 12:20:34.040159,2021-02-21 12:20:45.353395,0 days 00:00:11.313236,0.0005206173600368327,80,0.9958539509039263,17.156438411257437,0.7052008873551886,PRUNED
35,35,0.7264324465122244,2021-02-21 12:20:45.353593,2021-02-21 12:22:10.991563,0 days 00:01:25.637970,0.00015958476190869222,50,0.9989939013582458,4.766171198129547,0.709884150850382,COMPLETE
36,36,0.7047079122504314,2021-02-21 12:22:10.992006,2021-02-21 12:22:22.109819,0 days 00:00:11.117813,0.001169411242418448,60,0.9944985429485067,10.068988120824104,0.7047079122504314,PRUNED
37,37,0.7042149371456742,2021-02-21 12:22:22.110018,2021-02-21 12:22:33.420342,0 days 00:00:11.310324,0.0003806097643727078,80,0.998217918114811,13.784577942721354,0.7042149371456742,PRUNED
38,38,0.7054473749075671,2021-02-21 12:22:33.420506,2021-02-21 12:22:44.711084,0 days 00:00:11.290578,0.0006790749726890216,40,0.9971827270262063,12.657087868701229,0.7054473749075671,PRUNED
39,39,0.7047079122504314,2021-02-21 12:22:44.711270,2021-02-21 12:22:55.951905,0 days 00:00:11.240635,0.00026057450039851995,70,0.9920760066252534,7.203036259001937,0.7047079122504314,PRUNED
40,40,0.7022430367266453,2021-02-21 12:22:55.952112,2021-02-21 12:23:07.219900,0 days 00:00:11.267788,4.0279447218575545e-05,50,0.9956752208807046,9.085742481438766,0.7022430367266453,PRUNED
41,41,0.700517623859995,2021-02-21 12:23:07.220089,2021-02-21 12:23:18.435072,0 days 00:00:11.214983,0.0002009477436940327,30,0.9977918116839992,11.269283112135549,0.700517623859995,PRUNED
42,42,0.7206181042642791,2021-02-21 12:23:18.435289,2021-02-21 12:24:43.839652,0 days 00:01:25.404363,7.588880586476603e-05,30,0.9979068190792054,10.40404069183729,0.707419275326596,COMPLETE
43,43,0.7017500616218881,2021-02-21 12:24:43.840116,2021-02-21 12:24:55.084234,0 days 00:00:11.244118,0.00014023607461639956,40,0.9986821849603799,15.059818914909805,0.7017500616218881,PRUNED
44,44,0.7047079122504314,2021-02-21 12:24:55.084426,2021-02-21 12:25:06.468731,0 days 00:00:11.384305,0.00026532636740329125,30,0.9968408234239221,9.700176303411082,0.7047079122504314,PRUNED
45,45,0.7052008873551886,2021-02-21 12:25:06.468946,2021-02-21 12:25:17.715514,0 days 00:00:11.246568,0.0007493700562782119,20,0.9984393853487599,12.05498930363567,0.7052008873551886,PRUNED
46,46,0.7047079122504314,2021-02-21 12:25:17.715704,2021-02-21 12:25:28.870208,0 days 00:00:11.154504,0.00018781732306359463,50,0.9974288107552768,8.972066604638286,0.7047079122504314,PRUNED
47,47,0.7052008873551886,2021-02-21 12:25:28.870388,2021-02-21 12:25:40.106693,0 days 00:00:11.236305,0.00031882654067975756,40,0.9981023278993026,10.726478014875555,0.7052008873551886,PRUNED
48,48,0.7049543998028099,2021-02-21 12:25:40.106881,2021-02-21 12:25:51.246039,0 days 00:00:11.139158,0.0004652608500309611,60,0.9947542400602056,13.390787771579388,0.7049543998028099,PRUNED
49,49,0.7322038284583081,2021-02-21 12:25:51.246232,2021-02-21 12:27:16.197001,0 days 00:01:24.950769,9.361556016617537e-05,20,0.9965096367199452,0.30089854082394574,0.7128420014789253,COMPLETE
50,50,0.7251537073753191,2021-02-21 12:27:16.197486,2021-02-21 12:28:41.688757,0 days 00:01:25.491271,5.50323024152517e-05,10,0.9962428508255917,0.4716721207025394,0.7108701010598965,COMPLETE
51,51,0.729216398717157,2021-02-21 12:28:41.689148,2021-02-21 12:30:06.991817,0 days 00:01:25.302669,8.805694125502924e-05,20,0.9966496998441453,2.536726082966673,0.7079122504313532,COMPLETE
52,52,0.7017500616218881,2021-02-21 12:30:06.992279,2021-02-21 12:30:18.260098,0 days 00:00:11.267819,0.00020911219360391392,30,0.997554095057746,11.988162736301865,0.7017500616218881,PRUNED
53,53,0.7263309989933847,2021-02-21 12:30:18.260315,2021-02-21 12:31:43.541753,0 days 00:01:25.281438,0.0001404006396936556,20,0.9970295219942473,7.55346715428966,0.7054473749075671,COMPLETE
54,54,0.722340215815902,2021-02-21 12:31:43.542225,2021-02-21 12:33:09.037785,0 days 00:01:25.495560,9.874173821637294e-05,10,0.9956043668838226,6.3897172721098805,0.7093911757456248,COMPLETE
55,55,0.7059403500123244,2021-02-21 12:33:09.038251,2021-02-21 12:33:20.332509,0 days 00:00:11.294258,3.318310158051728e-05,30,0.9965125144191788,16.111199634942544,0.7059403500123244,PRUNED
56,56,0.7056938624599458,2021-02-21 12:33:20.332716,2021-02-21 12:33:31.553268,0 days 00:00:11.220552,0.000998229113108446,20,0.9969699751766418,8.420960662356762,0.7056938624599458,PRUNED
57,57,0.7049543998028099,2021-02-21 12:33:31.553489,2021-02-21 12:33:42.649098,0 days 00:00:11.095609,0.017309455834132525,40,0.9959686933907412,12.897815628218517,0.7049543998028099,PRUNED
58,58,0.7321890623023022,2021-02-21 12:33:42.649292,2021-02-21 12:35:07.639863,0 days 00:01:24.990571,0.0005942153809824175,30,0.9985489431134262,11.505741551629011,0.706186837564703,COMPLETE
59,59,0.7319545170173736,2021-02-21 12:35:07.640263,2021-02-21 12:36:33.020729,0 days 00:01:25.380466,0.0006366303071702118,10,0.9984813513972985,14.270968626059673,0.7059403500123244,COMPLETE
60,60,0.7049543998028099,2021-02-21 12:36:33.021205,2021-02-21 12:36:44.169915,0 days 00:00:11.148710,0.0015049817092851374,10,0.9986880824380296,18.412473358596817,0.7049543998028099,PRUNED
61,61,0.7054473749075671,2021-02-21 12:36:44.170121,2021-02-21 12:36:55.449174,0 days 00:00:11.279053,0.0007924942527531557,10,0.9980748179409072,14.457081227892349,0.7054473749075671,PRUNED
62,62,0.7042149371456742,2021-02-21 12:36:55.449380,2021-02-21 12:37:06.610601,0 days 00:00:11.161221,0.0005997576749126884,20,0.9983496890567173,11.73692559146779,0.7042149371456742,PRUNED
63,63,0.7052008873551886,2021-02-21 12:37:06.610818,2021-02-21 12:37:17.845657,0 days 00:00:11.234839,0.0003049283939400496,10,0.9985130156255704,15.453434003762993,0.7052008873551886,PRUNED
64,64,0.7049543998028099,2021-02-21 12:37:17.845822,2021-02-21 12:37:29.013714,0 days 00:00:11.167892,0.0019923131742588195,20,0.9972947628403188,13.596938540030767,0.7049543998028099,PRUNED
65,65,0.7042149371456742,2021-02-21 12:37:29.013910,2021-02-21 12:37:40.067953,0 days 00:00:11.054043,0.00044349318548003,30,0.9975794216214535,11.14034211495999,0.7042149371456742,PRUNED
66,66,0.7263171837196902,2021-02-21 12:37:40.068176,2021-02-21 12:39:05.387418,0 days 00:01:25.319242,0.00012614239731937585,70,0.9988721854125212,12.702546858864544,0.707419275326596,COMPLETE
67,67,0.7049543998028099,2021-02-21 12:39:05.387884,2021-02-21 12:39:16.625277,0 days 00:00:11.237393,0.0005577177933969066,40,0.9961784133765311,17.009225771131675,0.7049543998028099,PRUNED
68,68,0.7289187670246519,2021-02-21 12:39:16.625507,2021-02-21 12:40:41.961554,0 days 00:01:25.336047,0.00036603186105792565,10,0.9954952432648055,9.474858919251375,0.7059403500123244,COMPLETE
69,69,0.7056938624599458,2021-02-21 12:40:41.962050,2021-02-21 12:40:53.329249,0 days 00:00:11.367199,0.00016887210492620095,30,0.9968468611454873,14.433340655522557,0.7056938624599458,PRUNED
70,70,0.7319148973937037,2021-02-21 12:40:53.329465,2021-02-21 12:42:18.363772,0 days 00:01:25.034307,0.0009858253171662558,50,0.9978490193620787,15.72798646594144,0.7059403500123244,COMPLETE
71,71,0.7047079122504314,2021-02-21 12:42:18.364254,2021-02-21 12:42:29.614228,0 days 00:00:11.249974,0.0010821223734214895,50,0.9978886438781077,18.285044892779386,0.7047079122504314,PRUNED
72,72,0.7049543998028099,2021-02-21 12:42:29.614433,2021-02-21 12:42:40.845520,0 days 00:00:11.231087,0.001785148316651606,50,0.9972530080820173,15.888517579021876,0.7049543998028099,PRUNED
73,73,0.7049543998028099,2021-02-21 12:42:40.845733,2021-02-21 12:42:52.129914,0 days 00:00:11.284181,0.0037045960615587816,60,0.9980032185211779,14.541577152129808,0.7049543998028099,PRUNED
74,74,0.7052008873551886,2021-02-21 12:42:52.130121,2021-02-21 12:43:03.433478,0 days 00:00:11.303357,0.0008564967925771818,40,0.9934345952449639,17.09781896616279,0.7052008873551886,PRUNED
75,75,0.7314187847882929,2021-02-21 12:43:03.433669,2021-02-21 12:44:28.390055,0 days 00:01:24.956386,0.0006258840294221561,40,0.9976306838801943,12.237285155866255,0.7066798126694602,COMPLETE
76,76,0.7034754744885383,2021-02-21 12:44:28.390565,2021-02-21 12:44:39.527719,0 days 00:00:11.137154,0.0005883364214226472,40,0.9975898670704357,15.551827781632028,0.7034754744885383,PRUNED
77,77,0.7044614246980527,2021-02-21 12:44:39.527930,2021-02-21 12:44:50.681065,0 days 00:00:11.153135,0.0013239623111914963,40,0.9982680749515251,13.197723943345629,0.7044614246980527,PRUNED
78,78,0.7049543998028099,2021-02-21 12:44:50.681290,2021-02-21 12:45:01.905593,0 days 00:00:11.224303,0.0024121467694419134,50,0.995043904894063,12.465438451288206,0.7049543998028099,PRUNED
79,79,0.7313990171202959,2021-02-21 12:45:01.905789,2021-02-21 12:46:27.234446,0 days 00:01:25.328657,0.0006703483095714403,40,0.9966508574320612,11.045920784995996,0.706186837564703,COMPLETE
80,80,0.7047079122504314,2021-02-21 12:46:27.234954,2021-02-21 12:46:38.468298,0 days 00:00:11.233344,0.00040298001342487834,30,0.9989674474160434,13.922122694630763,0.7047079122504314,PRUNED
81,81,0.7322316397655765,2021-02-21 12:46:38.468509,2021-02-21 12:48:03.924015,0 days 00:01:25.455506,0.0006666519678504163,40,0.9964623324288467,10.448489837229216,0.7059403500123244,COMPLETE
82,82,0.7054473749075671,2021-02-21 12:48:03.924487,2021-02-21 12:48:15.219261,0 days 00:00:11.294774,0.0007921006115767294,40,0.996329477763748,10.18316830741703,0.7054473749075671,PRUNED
83,83,0.7308539183612075,2021-02-21 12:48:15.219494,2021-02-21 12:49:40.548814,0 days 00:01:25.329320,0.000488370360090308,30,0.9971245327249285,10.652104717011172,0.7103771259551392,COMPLETE
84,84,0.7049543998028099,2021-02-21 12:49:40.549321,2021-02-21 12:49:51.820922,0 days 00:00:11.271601,0.0010092781708244617,50,0.9985396618956709,11.608504191574355,0.7049543998028099,PRUNED
85,85,0.7032289869361598,2021-02-21 12:49:51.821120,2021-02-21 12:50:03.045372,0 days 00:00:11.224252,0.00022807804095538106,40,0.9967943625089587,9.590528621342667,0.7032289869361598,PRUNED
86,86,0.732001911404916,2021-02-21 12:50:03.045602,2021-02-21 12:51:28.366639,0 days 00:01:25.321037,0.0006657574163691227,20,0.9960646338799752,11.938311491865946,0.7059403500123244,COMPLETE
87,87,0.7247031060542272,2021-02-21 12:51:28.367162,2021-02-21 12:52:53.516821,0 days 00:01:25.149659,5.798891791264427e-05,20,0.9958997152276096,8.9154610891554,0.707419275326596,COMPLETE
88,88,0.7047079122504314,2021-02-21 12:52:53.517336,2021-02-21 12:53:04.633358,0 days 00:00:11.116022,0.000895971475508715,20,0.9963858705839905,16.644525746030716,0.7047079122504314,PRUNED
89,89,0.7044614246980527,2021-02-21 12:53:04.633596,2021-02-21 12:53:15.749155,0 days 00:00:11.115559,0.00031395222185329327,20,0.996060123323319,10.056520524591672,0.7044614246980527,PRUNED
90,90,0.7056938624599458,2021-02-21 12:53:15.749361,2021-02-21 12:53:26.991560,0 days 00:00:11.242199,0.0013513422090689177,10,0.9964403426578403,10.92689266092571,0.7056938624599458,PRUNED
91,91,0.7044614246980527,2021-02-21 12:53:26.991779,2021-02-21 12:53:38.238385,0 days 00:00:11.246606,0.0006944929139535617,30,0.9973668764063816,12.078797073234432,0.7044614246980527,PRUNED
92,92,0.7315341384097798,2021-02-21 12:53:38.238615,2021-02-21 12:55:03.677496,0 days 00:01:25.438881,0.0005360045362633885,40,0.9977363541115863,12.267095249456721,0.7076657628789746,COMPLETE
93,93,0.7056938624599458,2021-02-21 12:55:03.678009,2021-02-21 12:55:14.732311,0 days 00:00:11.054302,0.0004147153800845238,30,0.9957586917722128,13.036586895694832,0.7056938624599458,PRUNED
94,94,0.7056938624599458,2021-02-21 12:55:14.732545,2021-02-21 12:55:25.916925,0 days 00:00:11.184380,0.0005235611448771902,50,0.9978415268411004,11.424363995148719,0.7056938624599458,PRUNED
95,95,0.7049543998028099,2021-02-21 12:55:25.917149,2021-02-21 12:55:37.124350,0 days 00:00:11.207201,0.0003700047792015933,40,0.9970968442220518,13.482983028507102,0.7049543998028099,PRUNED
96,96,0.7054473749075671,2021-02-21 12:55:37.124560,2021-02-21 12:55:48.316857,0 days 00:00:11.192297,0.00024526169328295864,10,0.9954391394451171,14.955618810082337,0.7054473749075671,PRUNED
97,97,0.6844959329553858,2021-02-21 12:55:48.317077,2021-02-21 12:55:59.556959,0 days 00:00:11.239882,9.003092459695513e-05,30,0.9950012508502224,10.62045972158636,0.6844959329553858,PRUNED
98,98,0.7017500616218881,2021-02-21 12:55:59.557165,2021-02-21 12:56:10.827739,0 days 00:00:11.270574,7.126929202078678e-05,20,0.9986737366611556,4.602063440635668,0.7017500616218881,PRUNED
99,99,0.7047079122504314,2021-02-21 12:56:10.827916,2021-02-21 12:56:22.032993,0 days 00:00:11.205077,0.0011611701242183997,50,0.9966921697274922,14.236202539765486,0.7047079122504314,PRUNED
100,100,0.7052008873551886,2021-02-21 12:56:22.033187,2021-02-21 12:56:33.257950,0 days 00:00:11.224763,0.0016015651642360931,40,0.996130096651901,12.45341208582818,0.7052008873551886,PRUNED
101,101,0.7044614246980527,2021-02-21 12:56:33.258165,2021-02-21 12:56:44.516920,0 days 00:00:11.258755,0.0006535343431662695,40,0.9976837332262775,11.944504229152603,0.7044614246980527,PRUNED
102,102,0.7321469728480723,2021-02-21 12:56:44.517156,2021-02-21 12:58:09.806146,0 days 00:01:25.288990,0.00047830593044001317,40,0.9974474728121249,12.125564046885286,0.7079122504313532,COMPLETE
103,103,0.703721962040917,2021-02-21 12:58:09.806555,2021-02-21 12:58:21.047690,0 days 00:00:11.241135,0.0004534790543415216,40,0.9981507678035441,17.70793363301283,0.703721962040917,PRUNED
104,104,0.732078903914142,2021-02-21 12:58:21.047907,2021-02-21 12:59:46.385722,0 days 00:01:25.337815,0.0008624424945907429,100,0.9973634029608119,11.330227728220875,0.7079122504313532,COMPLETE
105,105,0.7054473749075671,2021-02-21 12:59:46.386208,2021-02-21 12:59:57.544624,0 days 00:00:11.158416,0.0008496828853249935,90,0.9969442623435112,11.328179214298345,0.7054473749075671,PRUNED
106,106,0.7291621963661421,2021-02-21 12:59:57.544850,2021-02-21 13:01:23.043584,0 days 00:01:25.498734,0.00029499357559101643,10,0.9974401483446964,9.880044883398664,0.7064333251170816,COMPLETE
107,107,0.7269900034326211,2021-02-21 13:01:23.044109,2021-02-21 13:02:48.644551,0 days 00:01:25.600442,0.00011820840260088407,30,0.9971732146079402,9.203273706455505,0.7056938624599458,COMPLETE
108,108,0.7039684495932955,2021-02-21 13:02:48.645075,2021-02-21 13:02:59.827462,0 days 00:00:11.182387,0.0007632095566852173,100,0.9964867492739612,10.459923626573524,0.7039684495932955,PRUNED
109,109,0.7049543998028099,2021-02-21 13:02:59.827705,2021-02-21 13:03:11.045976,0 days 00:00:11.218271,0.0009994298302791636,20,0.9979850389206282,15.71962762953282,0.7049543998028099,PRUNED
110,110,0.7022430367266453,2021-02-21 13:03:11.046189,2021-02-21 13:03:22.172981,0 days 00:00:11.126792,0.00033742640281552377,10,0.9967918569548604,11.669026166280778,0.7022430367266453,PRUNED
111,111,0.7049543998028099,2021-02-21 13:03:22.173226,2021-02-21 13:03:33.309396,0 days 00:00:11.136170,0.0005238890180628579,50,0.9974852538888501,12.855930514103909,0.7049543998028099,PRUNED
112,112,0.7318664510197878,2021-02-21 13:03:33.309645,2021-02-21 13:04:58.829626,0 days 00:01:25.519981,0.0005881239284552691,40,0.9978137870059594,11.047064784202037,0.7069263002218388,COMPLETE
