,number,value,datetime_start,datetime_complete,duration,params_lr,params_out_dim,params_scheduler_gamma,params_weight_decay,system_attrs_completed_rung_0,state
1795,1795,0.7260613045907591,2021-02-22 08:29:21.636136,2021-02-22 08:30:46.802671,0 days 00:01:25.166535,0.00018301455357083946,80,0.9947231368219084,3.0394772831602523,0.7088982006408676,COMPLETE
1796,1796,0.7047079122504314,2021-02-22 08:30:46.803975,2021-02-22 08:30:58.200220,0 days 00:00:11.396245,0.00023810984179579856,80,0.9938436172757277,15.092329719586282,0.7047079122504314,PRUNED
1797,1797,0.7032289869361598,2021-02-22 08:30:58.201059,2021-02-22 08:31:09.581812,0 days 00:00:11.380753,0.00030796078434297867,80,0.9967514305498743,14.710206243493392,0.7032289869361598,PRUNED
1798,1798,0.7064333251170816,2021-02-22 08:31:09.582644,2021-02-22 08:31:20.890745,0 days 00:00:11.308101,7.71902861878367e-05,50,0.9954778626613655,2.691556238268751,0.7064333251170816,PRUNED
1799,1799,0.6997781612028593,2021-02-22 08:31:20.891584,2021-02-22 08:31:32.173637,0 days 00:00:11.282053,0.00012721987077164465,80,0.9913540243183518,1.6368835575144853,0.6997781612028593,PRUNED
1800,1800,0.703721962040917,2021-02-22 08:31:32.174415,2021-02-22 08:31:43.480149,0 days 00:00:11.305734,0.00016301055408747656,80,0.995143740297371,0.9564814612770685,0.703721962040917,PRUNED
1801,1801,0.7300304217703314,2021-02-22 08:31:43.480967,2021-02-22 08:33:08.880642,0 days 00:01:25.399675,0.0002549943886425393,80,0.9950074946302622,3.475210622214194,0.7076657628789746,COMPLETE
1802,1802,0.6946019226029085,2021-02-22 08:33:08.882004,2021-02-22 08:33:20.308333,0 days 00:00:11.426329,0.00019728804259817076,50,0.9939329185692632,2.0220199824769742,0.6946019226029085,PRUNED
1803,1803,0.6997781612028593,2021-02-22 08:33:20.309138,2021-02-22 08:33:31.557559,0 days 00:00:11.248421,0.00033029833987605924,90,0.9936336931174928,4.132782680415851,0.6997781612028593,PRUNED
1804,1804,0.703721962040917,2021-02-22 08:33:31.558328,2021-02-22 08:33:42.839197,0 days 00:00:11.280869,0.00010740722616689496,80,0.9958878952973297,0.6509249281612414,0.703721962040917,PRUNED
1805,1805,0.7273531285992563,2021-02-22 08:33:42.839989,2021-02-22 08:35:08.138546,0 days 00:01:25.298557,6.081880043878525e-05,20,0.9961540928504342,6.671347593855903,0.7143209267931969,COMPLETE
1806,1806,0.7237769305228987,2021-02-22 08:35:08.139850,2021-02-22 08:36:33.529647,0 days 00:01:25.389797,0.000278461498281199,80,0.9954398305059057,4.800195201856952,0.7106236135075179,COMPLETE
1807,1807,0.7007641114123737,2021-02-22 08:36:33.530971,2021-02-22 08:36:44.976186,0 days 00:00:11.445215,0.0002116500810571249,80,0.9947458911428699,4.537170934347962,0.7007641114123737,PRUNED
1808,1808,0.7254352344640486,2021-02-22 08:36:44.977033,2021-02-22 08:38:10.264560,0 days 00:01:25.287527,0.00035895453381780006,80,0.9918861685245199,1.3864733672746319,0.707419275326596,COMPLETE
1809,1809,0.6807986196697067,2021-02-22 08:38:10.266006,2021-02-22 08:38:21.623597,0 days 00:00:11.357591,0.0001465860835037122,90,0.9922396423065857,2.6505024144054907,0.6807986196697067,PRUNED
1810,1810,0.7237652961635381,2021-02-22 08:38:21.624448,2021-02-22 08:39:46.863017,0 days 00:01:25.238569,0.0002641291963447523,50,0.9931505770868126,6.361145330649264,0.7096376632980035,COMPLETE
1811,1811,0.700517623859995,2021-02-22 08:39:46.864355,2021-02-22 08:39:58.087476,0 days 00:00:11.223121,0.00019280468822299382,80,0.9967856117191378,3.228837786652504,0.700517623859995,PRUNED
1812,1812,0.722226729475872,2021-02-22 08:39:58.088301,2021-02-22 08:41:23.476355,0 days 00:01:25.388054,0.00030061438980711946,80,0.9963855128784526,0.35002632597869576,0.709884150850382,COMPLETE
1813,1813,0.7064333251170816,2021-02-22 08:41:23.477691,2021-02-22 08:41:34.792218,0 days 00:00:11.314527,0.00023835398848549649,80,0.9940471223138975,15.734735482470118,0.7064333251170816,PRUNED
1814,1814,0.7295044348155235,2021-02-22 08:41:34.793063,2021-02-22 08:43:00.085773,0 days 00:01:25.292710,0.00037802139872093147,80,0.9938380957162,5.152188620336802,0.7165393147646044,COMPLETE
1815,1815,0.7052008873551886,2021-02-22 08:43:00.087096,2021-02-22 08:43:11.344833,0 days 00:00:11.257737,0.0003223553389428219,50,0.9934789757152303,13.921089783115226,0.7052008873551886,PRUNED
1816,1816,0.7044614246980527,2021-02-22 08:43:11.345678,2021-02-22 08:43:22.671831,0 days 00:00:11.326153,0.00016867078696081696,10,0.9950508059937546,2.1450796002862136,0.7044614246980527,PRUNED
1817,1817,0.7054473749075671,2021-02-22 08:43:22.672657,2021-02-22 08:43:34.127554,0 days 00:00:11.454897,0.00012939397531484172,80,0.9956752962066132,5.14445439432797,0.7054473749075671,PRUNED
1818,1818,0.7032289869361598,2021-02-22 08:43:34.128352,2021-02-22 08:43:45.336148,0 days 00:00:11.207796,0.00023059103150292078,90,0.9939217591652033,4.050258062278386,0.7032289869361598,PRUNED
1819,1819,0.7069263002218388,2021-02-22 08:43:45.336995,2021-02-22 08:43:56.648273,0 days 00:00:11.311278,0.0003712388582201247,80,0.9936510682411345,1.6816306782512487,0.7069263002218388,PRUNED
1820,1820,0.7064333251170816,2021-02-22 08:43:56.649119,2021-02-22 08:44:08.031255,0 days 00:00:11.382136,0.0001986007010525333,80,0.9966153320322149,6.0826751943388935,0.7064333251170816,PRUNED
1821,1821,0.7318336491815592,2021-02-22 08:44:08.032131,2021-02-22 08:45:33.387542,0 days 00:01:25.355411,0.00027972277095389495,50,0.9952502111460034,6.630113260765751,0.7133349765836825,COMPLETE
1822,1822,0.7034754744885383,2021-02-22 08:45:33.388894,2021-02-22 08:45:44.636062,0 days 00:00:11.247168,0.00015841425920832525,80,0.9968769077038424,5.501526973094134,0.7034754744885383,PRUNED
1823,1823,0.7052008873551886,2021-02-22 08:45:44.636880,2021-02-22 08:45:55.973176,0 days 00:00:11.336296,0.0003288385990350006,80,0.995385141284012,3.7912589909173224,0.7052008873551886,PRUNED
1824,1824,0.7186468996888136,2021-02-22 08:45:55.973988,2021-02-22 08:47:21.478098,0 days 00:01:25.504110,0.0002523435675288565,100,0.994892107993079,2.545662199141887,0.7177717525264974,COMPLETE
1825,1825,0.7260852791398653,2021-02-22 08:47:21.479434,2021-02-22 08:48:46.967212,0 days 00:01:25.487778,0.00010518738418870543,20,0.9940295090462015,0.012348507156098476,0.7125955139265467,COMPLETE
1826,1826,0.6941089474981513,2021-02-22 08:48:46.968273,2021-02-22 08:48:58.262640,0 days 00:00:11.294367,0.00021057228108156594,80,0.9978677707800427,1.2535767045976938,0.6941089474981513,PRUNED
1827,1827,0.6992851860981021,2021-02-22 08:48:58.263472,2021-02-22 08:49:09.686377,0 days 00:00:11.422905,0.00013697165646545833,80,0.9933378386031435,4.737607228397552,0.6992851860981021,PRUNED
1828,1828,0.7302774074550851,2021-02-22 08:49:09.687228,2021-02-22 08:50:34.986331,0 days 00:01:25.299103,0.0004090578634709932,50,0.9946415820690516,3.0397328584965093,0.7160463396598472,COMPLETE
1829,1829,0.7069263002218388,2021-02-22 08:50:34.987771,2021-02-22 08:50:46.336641,0 days 00:00:11.348870,0.0003069913088662443,90,0.9938805439811216,5.91161934713076,0.7069263002218388,PRUNED
1830,1830,0.7296964687828307,2021-02-22 08:50:46.337482,2021-02-22 08:52:11.978814,0 days 00:01:25.641332,0.00017917805796905712,80,0.9941228420781877,0.7659678067912558,0.7081587379837319,COMPLETE
1831,1831,0.6948484101552872,2021-02-22 08:52:11.980153,2021-02-22 08:52:23.261464,0 days 00:00:11.281311,8.837078043968262e-05,80,0.9936958837541155,4.414113944394238,0.6948484101552872,PRUNED
1832,1832,0.6948484101552872,2021-02-22 08:52:23.262347,2021-02-22 08:52:34.672371,0 days 00:00:11.410024,2.386142463745013e-05,80,0.9951646547481273,1.8827486900228052,0.6948484101552872,PRUNED
1833,1833,0.6992851860981021,2021-02-22 08:52:34.673213,2021-02-22 08:52:45.881359,0 days 00:00:11.208146,0.000256771277906251,90,0.9956392919032026,6.673131688190595,0.6992851860981021,PRUNED
1834,1834,0.7066798126694602,2021-02-22 08:52:45.882240,2021-02-22 08:52:57.213071,0 days 00:00:11.330831,0.0003583681909375477,80,0.9938121025702035,4.952172397819757,0.7066798126694602,PRUNED
1835,1835,0.6992851860981021,2021-02-22 08:52:57.213948,2021-02-22 08:53:08.651362,0 days 00:00:11.437414,0.0002883294738350132,30,0.9943332710756089,5.629315179620984,0.6992851860981021,PRUNED
1836,1836,0.7044614246980527,2021-02-22 08:53:08.652253,2021-02-22 08:53:20.069658,0 days 00:00:11.417405,0.00012069732157476047,80,0.996504068360833,3.360759936801749,0.7044614246980527,PRUNED
1837,1837,0.7066798126694602,2021-02-22 08:53:20.070461,2021-02-22 08:53:31.326833,0 days 00:00:11.256372,0.00022946870978257482,50,0.9960074104744658,6.152184282187674,0.7066798126694602,PRUNED
1838,1838,0.6724180428888341,2021-02-22 08:53:31.327666,2021-02-22 08:53:42.681240,0 days 00:00:11.353574,0.0004389926195838784,80,0.9924439533660113,1.454088204491606,0.6724180428888341,PRUNED
1839,1839,0.7325370231672864,2021-02-22 08:53:42.682107,2021-02-22 08:55:07.985857,0 days 00:01:25.303750,0.00015162378955804786,30,0.9941672947879817,5.362884006841363,0.7116095637170323,COMPLETE
1840,1840,0.7054473749075671,2021-02-22 08:55:07.987288,2021-02-22 08:55:19.247159,0 days 00:00:11.259871,0.0003367335175145739,70,0.9953979461570578,2.448206972871021,0.7054473749075671,PRUNED
1841,1841,0.6997781612028593,2021-02-22 08:55:19.247968,2021-02-22 08:55:30.603010,0 days 00:00:11.355042,0.00020339438769945408,80,0.9950146503810288,2.156207251164582,0.6997781612028593,PRUNED
1842,1842,0.7044614246980527,2021-02-22 08:55:30.603790,2021-02-22 08:55:41.940022,0 days 00:00:11.336232,0.0002733429918147999,20,0.997924723486881,14.471578292209186,0.7044614246980527,PRUNED
1843,1843,0.703721962040917,2021-02-22 08:55:41.940876,2021-02-22 08:55:53.163019,0 days 00:00:11.222143,0.0003946685982484855,80,0.993984265229215,3.7143687859149432,0.703721962040917,PRUNED
1844,1844,0.6992851860981021,2021-02-22 08:55:53.163827,2021-02-22 08:56:04.420125,0 days 00:00:11.256298,0.0001867276824709085,80,0.9948604796819328,4.327829720173548,0.6992851860981021,PRUNED
1845,1845,0.7029824993837811,2021-02-22 08:56:04.420981,2021-02-22 08:56:15.734102,0 days 00:00:11.313121,0.0003177915826899027,90,0.9935606855468505,15.252351191213716,0.7029824993837811,PRUNED
1846,1846,0.726954183913479,2021-02-22 08:56:15.735004,2021-02-22 08:57:40.969243,0 days 00:01:25.234239,0.0002346028494474297,50,0.9947027294825265,1.076942670439177,0.7133349765836825,COMPLETE
1847,1847,0.6990386985457234,2021-02-22 08:57:40.970306,2021-02-22 08:57:52.393381,0 days 00:00:11.423075,0.00014245453407420465,80,0.9962941631630825,6.460348299116382,0.6990386985457234,PRUNED
1848,1848,0.6995316736504806,2021-02-22 08:57:52.394260,2021-02-22 08:58:03.690210,0 days 00:00:11.295950,0.00037487417400301504,30,0.994224358772574,5.048828802084146,0.6995316736504806,PRUNED
1849,1849,0.726165558832147,2021-02-22 08:58:03.691114,2021-02-22 08:59:29.155460,0 days 00:01:25.464346,0.0002715690213433414,80,0.9968240413654709,5.697930734939925,0.7103771259551392,COMPLETE
1850,1850,0.7314363118606474,2021-02-22 08:59:29.156926,2021-02-22 09:00:54.541247,0 days 00:01:25.384321,0.0004433019831507835,10,0.994413017147262,2.847000902316719,0.709884150850382,COMPLETE
1851,1851,0.706186837564703,2021-02-22 09:00:54.542595,2021-02-22 09:01:05.822844,0 days 00:00:11.280249,0.0001695906256158856,50,0.995159608475622,4.741199117223376,0.706186837564703,PRUNED
1852,1852,0.7223395546123385,2021-02-22 09:01:05.823722,2021-02-22 09:02:30.995372,0 days 00:01:25.171650,0.0002148275235107998,70,0.9939969834154873,6.1717699138760755,0.7138279516884397,COMPLETE
1853,1853,0.696820310574316,2021-02-22 09:02:30.996678,2021-02-22 09:02:42.360534,0 days 00:00:11.363856,0.00010263674170381383,40,0.9934206867421929,1.856972536555237,0.696820310574316,PRUNED
1854,1854,0.6978062607838305,2021-02-22 09:02:42.361382,2021-02-22 09:02:53.715345,0 days 00:00:11.353963,0.00031819975546750905,60,0.9978667987236369,5.876295746933354,0.6978062607838305,PRUNED
1855,1855,0.7247864095386406,2021-02-22 09:02:53.716186,2021-02-22 09:04:19.377205,0 days 00:01:25.661019,0.00023960119947674067,80,0.9938135466294654,5.335668915849328,0.7101306384027607,COMPLETE
1856,1856,0.6990386985457234,2021-02-22 09:04:19.378541,2021-02-22 09:04:30.660338,0 days 00:00:11.281797,0.0003651777533857078,90,0.9958296032486401,0.28354529463144784,0.6990386985457234,PRUNED
1857,1857,0.7029824993837811,2021-02-22 09:04:30.661196,2021-02-22 09:04:41.878419,0 days 00:00:11.217223,0.00011522174267761578,80,0.994546347335422,6.642944818898714,0.7029824993837811,PRUNED
1858,1858,0.7262606856762701,2021-02-22 09:04:41.879302,2021-02-22 09:06:07.311008,0 days 00:01:25.431706,0.00029746997651321244,30,0.9952866907722213,3.5813427667165554,0.707419275326596,COMPLETE
1859,1859,0.7007641114123737,2021-02-22 09:06:07.312103,2021-02-22 09:06:18.561109,0 days 00:00:11.249006,0.0001832163726883271,100,0.9941886130058393,4.510336071737488,0.7007641114123737,PRUNED
1860,1860,0.7034754744885383,2021-02-22 09:06:18.561943,2021-02-22 09:06:29.884151,0 days 00:00:11.322208,0.0004396912524062909,40,0.9966594370723435,0.762947121980996,0.7034754744885383,PRUNED
1861,1861,0.69435543505053,2021-02-22 09:06:29.885011,2021-02-22 09:06:41.228775,0 days 00:00:11.343764,0.00013825644465388626,80,0.9908655610029382,2.2836838900980583,0.69435543505053,PRUNED
1862,1862,0.7049543998028099,2021-02-22 09:06:41.229568,2021-02-22 09:06:52.525389,0 days 00:00:11.295821,0.0002103538545999888,80,0.9937382637753587,1.5168931121150342,0.7049543998028099,PRUNED
1863,1863,0.6926300221838797,2021-02-22 09:06:52.526209,2021-02-22 09:07:03.817460,0 days 00:00:11.291251,0.0003333341832911362,70,0.9902838012701439,5.358083483740762,0.6926300221838797,PRUNED
1864,1864,0.7039684495932955,2021-02-22 09:07:03.818270,2021-02-22 09:07:15.241486,0 days 00:00:11.423216,0.00025964768170463545,40,0.9955579082673481,3.9679005348287335,0.7039684495932955,PRUNED
1865,1865,0.7034754744885383,2021-02-22 09:07:15.242291,2021-02-22 09:07:26.457250,0 days 00:00:11.214959,0.00015500364408149383,20,0.9977536320326676,6.255277940716729,0.7034754744885383,PRUNED
1866,1866,0.7049543998028099,2021-02-22 09:07:26.458081,2021-02-22 09:07:37.826345,0 days 00:00:11.368264,0.0002811055431528558,30,0.9940569649475939,6.841217890909891,0.7049543998028099,PRUNED
1867,1867,0.7326490930087612,2021-02-22 09:07:37.827171,2021-02-22 09:09:03.559246,0 days 00:01:25.732075,0.00038390844773442427,80,0.9943375336229293,5.727450586975901,0.7103771259551392,COMPLETE
1868,1868,0.7019965491742667,2021-02-22 09:09:03.560559,2021-02-22 09:09:14.989274,0 days 00:00:11.428715,0.0002276051660235072,50,0.9980203556221596,2.9006554622411773,0.7019965491742667,PRUNED
1869,1869,0.6997781612028593,2021-02-22 09:09:14.990139,2021-02-22 09:09:26.376147,0 days 00:00:11.386008,0.0001188271033174598,70,0.9949591018989806,4.954800771914949,0.6997781612028593,PRUNED
1870,1870,0.7274058082283033,2021-02-22 09:09:26.376960,2021-02-22 09:10:51.818838,0 days 00:01:25.441878,7.63189239862085e-05,80,0.994549474628711,1.7739512437016096,0.7222085284693123,COMPLETE
1871,1871,0.7272061447567104,2021-02-22 09:10:51.820120,2021-02-22 09:12:17.236488,0 days 00:01:25.416368,0.0001698975023728407,40,0.9930640342072062,1.0431803477431312,0.7140744392408184,COMPLETE
1872,1872,0.700517623859995,2021-02-22 09:12:17.237959,2021-02-22 09:12:28.610315,0 days 00:00:11.372356,0.00044914002536125124,80,0.9939577582720662,3.3722755382359173,0.700517623859995,PRUNED
1873,1873,0.7069263002218388,2021-02-22 09:12:28.611142,2021-02-22 09:12:40.044774,0 days 00:00:11.433632,0.0003184249779554382,80,0.9952520828162039,5.31554694003824,0.7069263002218388,PRUNED
1874,1874,0.7042149371456742,2021-02-22 09:12:40.045615,2021-02-22 09:12:51.338328,0 days 00:00:11.292713,0.00025032354845399055,60,0.996921455874311,5.953456884058099,0.7042149371456742,PRUNED
1875,1875,0.7034754744885383,2021-02-22 09:12:51.339226,2021-02-22 09:13:02.592729,0 days 00:00:11.253503,0.00019795739681719845,20,0.993458568228975,2.6226525319285976,0.7034754744885383,PRUNED
1876,1876,0.7056938624599458,2021-02-22 09:13:02.593579,2021-02-22 09:13:13.851156,0 days 00:00:11.257577,0.00038354142862693857,50,0.9942660225540675,13.759048419254466,0.7056938624599458,PRUNED
1877,1877,0.7000246487552378,2021-02-22 09:13:13.851976,2021-02-22 09:13:25.228946,0 days 00:00:11.376970,0.00028727591047680547,40,0.9948015939874043,2.1233003755256097,0.7000246487552378,PRUNED
1878,1878,0.7315753067719493,2021-02-22 09:13:25.229798,2021-02-22 09:14:50.615901,0 days 00:01:25.386103,0.0003409747317735458,30,0.9954185361973376,14.801577823929073,0.707419275326596,COMPLETE
1879,1879,0.7121558420318383,2021-02-22 09:14:50.617477,2021-02-22 09:16:16.321726,0 days 00:01:25.704249,0.0001262323485221694,90,0.9938507241859377,4.371935458427055,0.7088982006408676,COMPLETE
1880,1880,0.6985457234409662,2021-02-22 09:16:16.323088,2021-02-22 09:16:27.636045,0 days 00:00:11.312957,0.00023805954228173546,80,0.9936235933903353,6.376041401788123,0.6985457234409662,PRUNED
1881,1881,0.718392344845334,2021-02-22 09:16:27.636965,2021-02-22 09:17:53.290407,0 days 00:01:25.653442,8.899548195327449e-05,80,0.9940662531986543,4.733328930528683,0.7081587379837319,COMPLETE
1882,1882,0.7286411193339168,2021-02-22 09:17:53.291794,2021-02-22 09:19:18.637872,0 days 00:01:25.346078,0.0001662988408943362,40,0.9977844467735474,5.751644724743075,0.707419275326596,COMPLETE
1883,1883,0.7268657467950341,2021-02-22 09:19:18.638972,2021-02-22 09:20:43.748111,0 days 00:01:25.109139,0.0004496397633145614,80,0.99642583709886,4.018166626444312,0.7079122504313532,COMPLETE
1884,1884,0.6815380823268425,2021-02-22 09:20:43.749499,2021-02-22 09:20:55.008842,0 days 00:00:11.259343,0.00019298742811784097,80,0.9980675079120981,5.1375258141074,0.6815380823268425,PRUNED
1885,1885,0.7049543998028099,2021-02-22 09:20:55.009708,2021-02-22 09:21:06.243094,0 days 00:00:11.233386,0.0023649280472253583,30,0.9932500518249066,1.2246927026433987,0.7049543998028099,PRUNED
1886,1886,0.7240247296640282,2021-02-22 09:21:06.243958,2021-02-22 09:22:31.587498,0 days 00:01:25.343540,0.0002845210574135097,70,0.9961704786359581,6.606570710596924,0.7096376632980035,COMPLETE
1887,1887,0.700517623859995,2021-02-22 09:22:31.588864,2021-02-22 09:22:42.876309,0 days 00:00:11.287445,0.00039274444995612926,40,0.9950839584729103,0.5257155208125501,0.700517623859995,PRUNED
1888,1888,0.7034754744885383,2021-02-22 09:22:42.877181,2021-02-22 09:22:54.136216,0 days 00:00:11.259035,0.00033106785751817685,80,0.9944858184359744,3.089901137498262,0.7034754744885383,PRUNED
1889,1889,0.7047079122504314,2021-02-22 09:22:54.137063,2021-02-22 09:23:05.352755,0 days 00:00:11.215692,0.00014203945162097898,90,0.9929035342271115,5.537888953652914,0.7047079122504314,PRUNED
1890,1890,0.7299848841192738,2021-02-22 09:23:05.353633,2021-02-22 09:24:30.821785,0 days 00:01:25.468152,0.00022304083006318627,50,0.995706883617158,1.8149034470866836,0.7076657628789746,COMPLETE
1891,1891,0.7000246487552378,2021-02-22 09:24:30.823132,2021-02-22 09:24:42.155433,0 days 00:00:11.332301,0.0002713271184662052,40,0.9942640431606822,6.158010150035137,0.7000246487552378,PRUNED
1892,1892,0.6985457234409662,2021-02-22 09:24:42.156277,2021-02-22 09:24:53.457418,0 days 00:00:11.301141,0.00010502386687489969,80,0.9938425714263671,2.5321000217638523,0.6985457234409662,PRUNED
1893,1893,0.7288981874084894,2021-02-22 09:24:53.458289,2021-02-22 09:26:18.741117,0 days 00:01:25.282828,0.00019723996275783186,30,0.9954854410004726,4.767956816289849,0.7150603894503328,COMPLETE
1894,1894,0.7059403500123244,2021-02-22 09:26:18.742206,2021-02-22 09:26:29.971105,0 days 00:00:11.228899,0.00036963385646473997,60,0.9941187815502506,1.4535540597400554,0.7059403500123244,PRUNED
1895,1895,0.7007641114123737,2021-02-22 09:26:29.971957,2021-02-22 09:26:41.247634,0 days 00:00:11.275677,0.0002551773111603568,80,0.9966285186514883,6.728136831126466,0.7007641114123737,PRUNED
1896,1896,0.7066798126694602,2021-02-22 09:26:41.248500,2021-02-22 09:26:52.522970,0 days 00:00:11.274470,0.0003155801252158359,80,0.9946967445635544,5.203083753596587,0.7066798126694602,PRUNED
1897,1897,0.7239988952933085,2021-02-22 09:26:52.523854,2021-02-22 09:28:17.966633,0 days 00:01:25.442779,0.00015672867964863175,40,0.9939699766718623,17.28923477371186,0.7148139018979541,COMPLETE
1898,1898,0.7264254789756652,2021-02-22 09:28:17.967748,2021-02-22 09:29:43.437115,0 days 00:01:25.469367,0.00043442213489328633,50,0.9943448640899982,3.58968826682018,0.7096376632980035,COMPLETE
1899,1899,0.7336042498654801,2021-02-22 09:29:43.438559,2021-02-22 09:31:08.761846,0 days 00:01:25.323287,0.0002029087090052352,10,0.9979164517449611,4.2350933757421965,0.7148139018979541,COMPLETE
1900,1900,0.7059403500123244,2021-02-22 09:31:08.763209,2021-02-22 09:31:20.054353,0 days 00:00:11.291144,0.0002986835808376867,80,0.99526905114841,14.216280929325166,0.7059403500123244,PRUNED
1901,1901,0.6960808479171802,2021-02-22 09:31:20.055189,2021-02-22 09:31:31.368126,0 days 00:00:11.312937,0.00017606421772031338,70,0.9936590675803051,5.8041932270797325,0.6960808479171802,PRUNED
1902,1902,0.7154308519437965,2021-02-22 09:31:31.369034,2021-02-22 09:32:56.825377,0 days 00:01:25.456343,0.0002321690290702746,30,0.9976531095011544,1.0407518753896836,0.7088982006408676,COMPLETE
1903,1903,0.7335309551918812,2021-02-22 09:32:56.826909,2021-02-22 09:34:22.510140,0 days 00:01:25.683231,0.00047293446578026933,20,0.9950276024612387,6.868077645682167,0.7093911757456248,COMPLETE
1904,1904,0.7049543998028099,2021-02-22 09:34:22.511516,2021-02-22 09:34:33.771924,0 days 00:00:11.260408,0.0003542012807094098,80,0.9920600770947459,1.9906672122833442,0.7049543998028099,PRUNED
1905,1905,0.7024895242790239,2021-02-22 09:34:33.772776,2021-02-22 09:34:45.145905,0 days 00:00:11.373129,0.00026222962838507786,40,0.9926375228548713,5.5270958150462794,0.7024895242790239,PRUNED
