,number,value,datetime_start,datetime_complete,duration,params_lr,params_out_dim,params_scheduler_gamma,params_weight_decay,system_attrs_completed_rung_0,state
2351,2351,0.7199290119044928,2021-02-22 14:38:37.540795,2021-02-22 14:40:07.126069,0 days 00:01:29.585274,0.00015636592726890665,60,0.9976803577305333,3.055317334394154,0.7150603894503328,COMPLETE
2352,2352,0.7191818719579511,2021-02-22 14:40:07.127774,2021-02-22 14:41:36.344154,0 days 00:01:29.216380,0.00012680466816305922,100,0.9978802502592391,7.778344981942012,0.7160463396598472,COMPLETE
2353,2353,0.7064333251170816,2021-02-22 14:41:36.345757,2021-02-22 14:41:48.307014,0 days 00:00:11.961257,9.315688113332361e-05,90,0.9973174252904025,8.558443723653529,0.7064333251170816,PRUNED
2354,2354,0.7279858947087979,2021-02-22 14:41:48.308090,2021-02-22 14:43:16.086831,0 days 00:01:27.778741,0.0001746981625572727,90,0.9981879588933358,0.29607480019427,0.7091446881932463,COMPLETE
2355,2355,0.69435543505053,2021-02-22 14:43:16.088385,2021-02-22 14:43:27.722468,0 days 00:00:11.634083,0.00011454103838090829,10,0.99755927212505,2.441841935622109,0.69435543505053,PRUNED
2356,2356,0.7012570865171309,2021-02-22 14:43:27.723552,2021-02-22 14:43:39.244118,0 days 00:00:11.520566,0.00016445128226193662,90,0.9979191536544768,6.744483685450404,0.7012570865171309,PRUNED
2357,2357,0.7253842464914515,2021-02-22 14:43:39.245121,2021-02-22 14:45:06.161818,0 days 00:01:26.916697,0.00021670730768235137,60,0.997785355814752,7.583457335009581,0.7118560512694109,COMPLETE
2358,2358,0.7071727877742174,2021-02-22 14:45:06.163077,2021-02-22 14:45:17.750731,0 days 00:00:11.587654,0.00019907729932099952,70,0.998322181935352,1.7709147784461288,0.7071727877742174,PRUNED
2359,2359,0.7039684495932955,2021-02-22 14:45:17.751752,2021-02-22 14:45:29.168836,0 days 00:00:11.417084,0.00014023300097196063,50,0.9980155179615174,3.8041437933961006,0.7039684495932955,PRUNED
2360,2360,0.7022430367266453,2021-02-22 14:45:29.169826,2021-02-22 14:45:40.561421,0 days 00:00:11.391595,0.00011659512696241361,90,0.9973502553475743,8.160641869981024,0.7022430367266453,PRUNED
2361,2361,0.7027360118314026,2021-02-22 14:45:40.562391,2021-02-22 14:45:52.010147,0 days 00:00:11.447756,0.00021243523314692383,70,0.9977332842850091,2.8214151915711687,0.7027360118314026,PRUNED
2362,2362,0.7334160605452275,2021-02-22 14:45:52.011170,2021-02-22 14:47:18.391034,0 days 00:01:26.379864,0.00016330033115323364,90,0.997940152536688,1.2761216794118146,0.7076657628789746,COMPLETE
2363,2363,0.7034754744885383,2021-02-22 14:47:18.392323,2021-02-22 14:47:29.828555,0 days 00:00:11.436232,9.026343331180132e-05,60,0.9985036050143553,7.199965881165147,0.7034754744885383,PRUNED
2364,2364,0.700517623859995,2021-02-22 14:47:29.829618,2021-02-22 14:47:41.275741,0 days 00:00:11.446123,0.0001319150867378946,100,0.9929149492666749,2.2137191914907532,0.700517623859995,PRUNED
2365,2365,0.6982992358885877,2021-02-22 14:47:41.276794,2021-02-22 14:47:52.753070,0 days 00:00:11.476276,0.0001898554758186179,50,0.9972671250980091,6.732550616875229,0.6982992358885877,PRUNED
2366,2366,0.7069263002218388,2021-02-22 14:47:52.754162,2021-02-22 14:48:04.269511,0 days 00:00:11.515349,0.0002198044206819742,90,0.9975150920760831,13.573417481003844,0.7069263002218388,PRUNED
2367,2367,0.7282177230935984,2021-02-22 14:48:04.270575,2021-02-22 14:49:30.389638,0 days 00:01:26.119063,0.0001437557746415447,70,0.990439215041285,0.9217514117262675,0.7153068770027113,COMPLETE
2368,2368,0.700517623859995,2021-02-22 14:49:30.391506,2021-02-22 14:49:41.710438,0 days 00:00:11.318932,0.00011001618225703889,80,0.9940449880869211,4.01369383250162,0.700517623859995,PRUNED
2369,2369,0.7032289869361598,2021-02-22 14:49:41.711525,2021-02-22 14:49:53.170374,0 days 00:00:11.458849,0.00017273547555374775,80,0.9981937596651734,3.3720463884066674,0.7032289869361598,PRUNED
2370,2370,0.6832634951934927,2021-02-22 14:49:53.171409,2021-02-22 14:50:04.554900,0 days 00:00:11.383491,7.649856243725016e-05,90,0.9941426235961115,14.361166610278069,0.6832634951934927,PRUNED
2371,2371,0.7266769116283163,2021-02-22 14:50:04.555928,2021-02-22 14:51:30.521251,0 days 00:01:25.965323,0.00020767078506195438,80,0.9932318812366044,7.419213187274152,0.7093911757456248,COMPLETE
2372,2372,0.7287267235317008,2021-02-22 14:51:30.522922,2021-02-22 14:52:56.442401,0 days 00:01:25.919479,0.00010185800783097141,50,0.994442490852521,1.9478197703565003,0.7157998521074685,COMPLETE
2373,2373,0.6985457234409662,2021-02-22 14:52:56.444044,2021-02-22 14:53:07.853922,0 days 00:00:11.409878,5.721037441122218e-05,80,0.9980862858387961,7.89100894831036,0.6985457234409662,PRUNED
2374,2374,0.7059403500123244,2021-02-22 14:53:07.854948,2021-02-22 14:53:19.281287,0 days 00:00:11.426339,0.00015186777731675228,80,0.997813573666734,8.461649451710421,0.7059403500123244,PRUNED
2375,2375,0.731894421531335,2021-02-22 14:53:19.282341,2021-02-22 14:54:45.001197,0 days 00:01:25.718856,0.00012246594630020593,90,0.993818032124108,6.877625127539448,0.7086517130884891,COMPLETE
2376,2376,0.7245162097424346,2021-02-22 14:54:45.002708,2021-02-22 14:56:10.803063,0 days 00:01:25.800355,0.00018629994829856642,80,0.9910726515510997,1.5015482670084865,0.7236874537835839,COMPLETE
2377,2377,0.6906581217648509,2021-02-22 14:56:10.804762,2021-02-22 14:56:22.293914,0 days 00:00:11.489152,0.0002251754143266671,70,0.9975751249635352,0.787140682907466,0.6906581217648509,PRUNED
2378,2378,0.684988908060143,2021-02-22 14:56:22.295039,2021-02-22 14:56:33.818673,0 days 00:00:11.523634,0.00016592770729402832,60,0.9984149746140778,2.6291940552261845,0.684988908060143,PRUNED
2379,2379,0.7064333251170816,2021-02-22 14:56:33.819745,2021-02-22 14:56:45.226160,0 days 00:00:11.406415,0.00023020280730613277,80,0.9934287542552988,4.153700206346052,0.7064333251170816,PRUNED
2380,2380,0.6923835346315012,2021-02-22 14:56:45.227274,2021-02-22 14:56:56.698379,0 days 00:00:11.471105,0.0001411092805506585,80,0.9936076089664033,6.6270021618989885,0.6923835346315012,PRUNED
2381,2381,0.7309113894548791,2021-02-22 14:56:56.699429,2021-02-22 14:58:22.857667,0 days 00:01:26.158238,0.0001976453767822059,90,0.9941564947506262,2.2142922687507856,0.7111165886122751,COMPLETE
2382,2382,0.7191355309805898,2021-02-22 14:58:22.859325,2021-02-22 14:59:48.754536,0 days 00:01:25.895211,9.78622365092914e-05,50,0.9972228102356888,7.706108923132242,0.7103771259551392,COMPLETE
2383,2383,0.6965738230219374,2021-02-22 14:59:48.756129,2021-02-22 15:00:00.222653,0 days 00:00:11.466524,0.00024125915307661908,80,0.9939525859822456,0.40120607649936435,0.6965738230219374,PRUNED
2384,2384,0.6995316736504806,2021-02-22 15:00:00.223668,2021-02-22 15:00:11.651160,0 days 00:00:11.427492,0.00016480277651234588,10,0.9977286915895646,7.20725813565864,0.6995316736504806,PRUNED
2385,2385,0.7269516291539981,2021-02-22 15:00:11.652238,2021-02-22 15:01:38.320480,0 days 00:01:26.668242,0.00011433181553396306,90,0.9978909045226195,2.942183896794142,0.7157998521074685,COMPLETE
2386,2386,0.7286463748456884,2021-02-22 15:01:38.322012,2021-02-22 15:03:07.665425,0 days 00:01:29.343413,0.000128184095350002,80,0.9974660470936221,3.5144807853390354,0.7175252649741188,COMPLETE
2387,2387,0.7238509868268915,2021-02-22 15:03:07.667270,2021-02-22 15:04:37.269018,0 days 00:01:29.601748,0.00018597824288145806,70,0.9944820440973702,8.226082786946852,0.707419275326596,COMPLETE
2388,2388,0.6975597732314518,2021-02-22 15:04:37.270702,2021-02-22 15:04:49.168461,0 days 00:00:11.897759,0.00023838842828473767,50,0.9918966958200982,14.829659812623207,0.6975597732314518,PRUNED
2389,2389,0.7066798126694602,2021-02-22 15:04:49.169567,2021-02-22 15:05:01.066593,0 days 00:00:11.897026,0.00014216944093794855,80,0.9943150404591045,15.627716300642216,0.7066798126694602,PRUNED
2390,2390,0.6938624599457728,2021-02-22 15:05:01.067662,2021-02-22 15:05:13.020092,0 days 00:00:11.952430,9.005889745034494e-05,60,0.991584885617191,1.211575893773983,0.6938624599457728,PRUNED
2391,2391,0.7270562223969609,2021-02-22 15:05:13.021233,2021-02-22 15:06:42.648560,0 days 00:01:29.627327,0.0002001994730433348,80,0.9980935892754607,0.04124397657238932,0.7222085284693123,COMPLETE
2392,2392,0.7206970902668642,2021-02-22 15:06:42.650161,2021-02-22 15:08:11.981708,0 days 00:01:29.331547,0.00011989557460658486,90,0.9941265706325986,1.8512877459748105,0.7091446881932463,COMPLETE
2393,2393,0.7285282298216315,2021-02-22 15:08:11.983018,2021-02-22 15:09:41.464866,0 days 00:01:29.481848,0.00023613533897055405,80,0.9937455026959279,6.471433064445037,0.7088982006408676,COMPLETE
2394,2394,0.7335194078052744,2021-02-22 15:09:41.466669,2021-02-22 15:11:11.425492,0 days 00:01:29.958823,0.00015878024696558957,80,0.9939837805377351,2.4278203293964418,0.713088489031304,COMPLETE
2395,2395,0.7052008873551886,2021-02-22 15:11:11.427057,2021-02-22 15:11:23.374078,0 days 00:00:11.947021,0.000182529883541864,20,0.9979615213490431,13.966012756002955,0.7052008873551886,PRUNED
2396,2396,0.724666822660113,2021-02-22 15:11:23.375165,2021-02-22 15:12:52.837945,0 days 00:01:29.462780,0.00025623584640397897,80,0.9976844532220188,7.038499935620311,0.7088982006408676,COMPLETE
2397,2397,0.7278267264418794,2021-02-22 15:12:52.839260,2021-02-22 15:14:22.359093,0 days 00:01:29.519833,0.0002184521743251357,70,0.9983029970851202,7.659360158842025,0.7081587379837319,COMPLETE
2398,2398,0.7325116393977884,2021-02-22 15:14:22.360829,2021-02-22 15:15:52.070334,0 days 00:01:29.709505,0.00010873052760501619,50,0.9942268801836375,3.7003214421968647,0.7091446881932463,COMPLETE
2399,2399,0.6948484101552872,2021-02-22 15:15:52.071932,2021-02-22 15:16:04.031314,0 days 00:00:11.959382,7.417352697362413e-05,90,0.9936074602128543,8.57101696034456,0.6948484101552872,PRUNED
2400,2400,0.7000246487552378,2021-02-22 15:16:04.032416,2021-02-22 15:16:15.986667,0 days 00:00:11.954251,0.00014136211787696613,80,0.9974339702608762,1.5620573495932804,0.7000246487552378,PRUNED
2401,2401,0.6963273354695588,2021-02-22 15:16:15.987743,2021-02-22 15:16:27.832727,0 days 00:00:11.844984,0.00020278470792006284,80,0.9923441916977491,3.0936377192511078,0.6963273354695588,PRUNED
2402,2402,0.7064333251170816,2021-02-22 15:16:27.833835,2021-02-22 15:16:39.709897,0 days 00:00:11.876062,0.00016069936900555676,80,0.9938817542932658,19.995612975408786,0.7064333251170816,PRUNED
2403,2403,0.706186837564703,2021-02-22 15:16:39.711081,2021-02-22 15:16:51.528811,0 days 00:00:11.817730,0.0001301105182230356,80,0.9988653155681034,4.282852684253983,0.706186837564703,PRUNED
2404,2404,0.7282122772231514,2021-02-22 15:16:51.529902,2021-02-22 15:18:20.953154,0 days 00:01:29.423252,0.000256294377012048,70,0.9944656196543027,6.644292716318496,0.7121025388217895,COMPLETE
2405,2405,0.7017500616218881,2021-02-22 15:18:20.954737,2021-02-22 15:18:32.869195,0 days 00:00:11.914458,8.880223701857655e-05,100,0.9981877372337264,7.351590092804459,0.7017500616218881,PRUNED
2406,2406,0.7245795550819484,2021-02-22 15:18:32.870598,2021-02-22 15:20:02.188564,0 days 00:01:29.317966,4.571460781462608e-05,90,0.9972341675811344,6.264657480997339,0.7113630761646537,COMPLETE
2407,2407,0.7054473749075671,2021-02-22 15:20:02.189874,2021-02-22 15:20:14.076547,0 days 00:00:11.886673,0.000180800355606647,60,0.994067389846974,1.9877698012498415,0.7054473749075671,PRUNED
2408,2408,0.7209499401962293,2021-02-22 15:20:14.077699,2021-02-22 15:21:43.647628,0 days 00:01:29.569929,0.0002262103870727715,80,0.9978846457441685,8.12807560742369,0.7093911757456248,COMPLETE
2409,2409,0.7109932282643722,2021-02-22 15:21:43.649448,2021-02-22 15:23:13.142378,0 days 00:01:29.492930,0.00011720859458672145,90,0.9907675279591286,1.083864211354548,0.7231944786788267,COMPLETE
2410,2410,0.7327100068623602,2021-02-22 15:23:13.143969,2021-02-22 15:24:42.807341,0 days 00:01:29.663372,0.00025378634243675916,20,0.9976185754462393,8.723049278379767,0.7140744392408184,COMPLETE
2411,2411,0.698052748336209,2021-02-22 15:24:42.808660,2021-02-22 15:24:54.696079,0 days 00:00:11.887419,0.00010198118260004602,50,0.9934064793975474,4.101405629768405,0.698052748336209,PRUNED
2412,2412,0.7281822039183737,2021-02-22 15:24:54.697105,2021-02-22 15:26:24.274155,0 days 00:01:29.577050,0.00014090259859859868,80,0.9930874814267833,10.553249664662282,0.7091446881932463,COMPLETE
2413,2413,0.7052008873551886,2021-02-22 15:26:24.275995,2021-02-22 15:26:36.088897,0 days 00:00:11.812902,0.00020999380948436656,80,0.9938366191428255,2.814417398214426,0.7052008873551886,PRUNED
2414,2414,0.7238621025980482,2021-02-22 15:26:36.090015,2021-02-22 15:28:06.214676,0 days 00:01:30.124661,0.00025675624565642605,80,0.9985791819397941,1.3866499909805132,0.7234409662312054,COMPLETE
2415,2415,0.7211289207386823,2021-02-22 15:28:06.216266,2021-02-22 15:29:37.313310,0 days 00:01:31.097044,0.00016827655941079216,70,0.9943132256124226,0.6969253904238619,0.7148139018979541,COMPLETE
2416,2416,0.7007641114123737,2021-02-22 15:29:37.314939,2021-02-22 15:29:49.342799,0 days 00:00:12.027860,0.0001923252533844949,90,0.9941283818163801,3.5217449728909695,0.7007641114123737,PRUNED
2417,2417,0.7064333251170816,2021-02-22 15:29:49.343874,2021-02-22 15:30:01.223701,0 days 00:00:11.879827,0.0001585255560772958,50,0.993701593760398,6.930336083867956,0.7064333251170816,PRUNED
2418,2418,0.7024895242790239,2021-02-22 15:30:01.224842,2021-02-22 15:30:13.134265,0 days 00:00:11.909423,0.00012907457226200687,80,0.9945474072688666,7.861031086786398,0.7024895242790239,PRUNED
2419,2419,0.7299729657746531,2021-02-22 15:30:13.135372,2021-02-22 15:31:42.910498,0 days 00:01:29.775126,0.0002633499713794469,70,0.9977488407704079,2.4532896130370143,0.7088982006408676,COMPLETE
2420,2420,0.6992851860981021,2021-02-22 15:31:42.911815,2021-02-22 15:31:54.740915,0 days 00:00:11.829100,0.00010196371591867763,80,0.9939956909137394,6.356641359537253,0.6992851860981021,PRUNED
2421,2421,0.706186837564703,2021-02-22 15:31:54.742031,2021-02-22 15:32:06.628118,0 days 00:00:11.886087,0.00020091723523307586,90,0.9981386951347334,1.8287468249289114,0.706186837564703,PRUNED
2422,2422,0.7227182654882823,2021-02-22 15:32:06.629237,2021-02-22 15:33:36.528828,0 days 00:01:29.899591,0.00023045209992934352,80,0.9980001808583084,7.456259240118075,0.7118560512694109,COMPLETE
2423,2423,0.7289041624818218,2021-02-22 15:33:36.530812,2021-02-22 15:35:06.433289,0 days 00:01:29.902477,0.00014869838434885461,80,0.9974983645946021,6.961328426933914,0.7185112151836333,COMPLETE
2424,2424,0.7278012648363984,2021-02-22 15:35:06.435050,2021-02-22 15:36:36.308996,0 days 00:01:29.873946,0.0002639010363089874,60,0.9943289328079441,3.159952327795993,0.7101306384027607,COMPLETE
2425,2425,0.7319069914786556,2021-02-22 15:36:36.310531,2021-02-22 15:38:05.999265,0 days 00:01:29.688734,0.00011570676430968338,80,0.9984307669294711,15.310515673197868,0.707419275326596,COMPLETE
2426,2426,0.6997781612028593,2021-02-22 15:38:06.001107,2021-02-22 15:38:17.845324,0 days 00:00:11.844217,0.00018196270450251975,100,0.9935981117026192,6.147052827401242,0.6997781612028593,PRUNED
2427,2427,0.7322061502136552,2021-02-22 15:38:17.846484,2021-02-22 15:39:47.733453,0 days 00:01:29.886969,0.00022248331185730166,50,0.9972949394755287,4.376687734386717,0.7106236135075179,COMPLETE
2428,2428,0.7019965491742667,2021-02-22 15:39:47.735057,2021-02-22 15:39:59.597387,0 days 00:00:11.862330,3.512057066750705e-05,90,0.9941959244672528,8.235699223717203,0.7019965491742667,PRUNED
2429,2429,0.7267121364543317,2021-02-22 15:39:59.598530,2021-02-22 15:41:29.496103,0 days 00:01:29.897573,8.583605563055083e-05,80,0.9978487216291784,2.102317308198935,0.7153068770027113,COMPLETE
2430,2430,0.7305539900320107,2021-02-22 15:41:29.497661,2021-02-22 15:42:58.851425,0 days 00:01:29.353764,7.019816607526324e-05,80,0.9938070663186481,6.606899038578746,0.7162928272122258,COMPLETE
2431,2431,0.7293116367284413,2021-02-22 15:42:58.853290,2021-02-22 15:44:28.532491,0 days 00:01:29.679201,0.00027477942484348754,20,0.9939634608885984,7.815900514052781,0.7081587379837319,COMPLETE
2432,2432,0.7049543998028099,2021-02-22 15:44:28.534115,2021-02-22 15:44:40.425515,0 days 00:00:11.891400,0.00013665472234274787,80,0.9944297399445382,3.8896106206344263,0.7049543998028099,PRUNED
2433,2433,0.7059403500123244,2021-02-22 15:44:40.426592,2021-02-22 15:44:52.305030,0 days 00:00:11.878438,0.00017564265068239007,70,0.9975789239694486,2.6094133954956504,0.7059403500123244,PRUNED
2434,2434,0.7022430367266453,2021-02-22 15:44:52.306173,2021-02-22 15:45:04.206234,0 days 00:00:11.900061,0.0002283396281172535,50,0.994653403702438,1.5394168797012922,0.7022430367266453,PRUNED
2435,2435,0.696820310574316,2021-02-22 15:45:04.207334,2021-02-22 15:45:16.048668,0 days 00:00:11.841334,0.0001453383706414296,10,0.9932649498900682,0.3647059207970429,0.696820310574316,PRUNED
2436,2436,0.7294992495822575,2021-02-22 15:45:16.049833,2021-02-22 15:46:45.831163,0 days 00:01:29.781330,0.00011749413137417338,80,0.9981019085227769,0.8901980676477325,0.7111165886122751,COMPLETE
2437,2437,0.7034754744885383,2021-02-22 15:46:45.832783,2021-02-22 15:46:57.755684,0 days 00:00:11.922901,0.0002885272560717395,90,0.9942353608555484,7.294481006697643,0.7034754744885383,PRUNED
2438,2438,0.7318840832298316,2021-02-22 15:46:57.756907,2021-02-22 15:48:27.548567,0 days 00:01:29.791660,0.00020292616353657895,60,0.99768453651027,14.295617533781844,0.7079122504313532,COMPLETE
2439,2439,0.7029824993837811,2021-02-22 15:48:27.550206,2021-02-22 15:48:39.363512,0 days 00:00:11.813306,0.00025921339707008737,80,0.9926829046864065,6.185045607038585,0.7029824993837811,PRUNED
2440,2440,0.7022430367266453,2021-02-22 15:48:39.364602,2021-02-22 15:48:51.180261,0 days 00:00:11.815659,9.854936775197868e-05,80,0.9979550668431463,4.381291194142337,0.7022430367266453,PRUNED
2441,2441,0.7007641114123737,2021-02-22 15:48:51.181417,2021-02-22 15:49:03.143651,0 days 00:00:11.962234,0.0001650882281662263,90,0.9921026966340041,1.226006347563059,0.7007641114123737,PRUNED
2442,2442,0.7010105989647523,2021-02-22 15:49:03.144750,2021-02-22 15:49:15.035739,0 days 00:00:11.890989,0.00024370307884271708,80,0.9934786665381965,6.660990424405313,0.7010105989647523,PRUNED
2443,2443,0.6975597732314518,2021-02-22 15:49:15.036842,2021-02-22 15:49:26.945784,0 days 00:00:11.908942,0.00011941273803043049,70,0.9971866001899895,2.4108351870628977,0.6975597732314518,PRUNED
2444,2444,0.686221345822036,2021-02-22 15:49:26.946961,2021-02-22 15:49:38.889161,0 days 00:00:11.942200,0.00019383810633816085,80,0.9974296684012056,0.002429439142698997,0.686221345822036,PRUNED
2445,2445,0.7285111406147229,2021-02-22 15:49:38.890286,2021-02-22 15:51:08.352002,0 days 00:01:29.461716,0.00015487290869239552,80,0.9940544917287035,3.41899453244557,0.7123490263741681,COMPLETE
2446,2446,0.728884435498762,2021-02-22 15:51:08.353639,2021-02-22 15:52:38.040804,0 days 00:01:29.687165,0.00028337066946258483,50,0.9937600772376918,8.80188755849505,0.7093911757456248,COMPLETE
2447,2447,0.7285178220086388,2021-02-22 15:52:38.042692,2021-02-22 15:54:07.784875,0 days 00:01:29.742183,0.00012793657153524357,90,0.9978023257916148,7.326767189288807,0.7096376632980035,COMPLETE
2448,2448,0.7054473749075671,2021-02-22 15:54:07.786595,2021-02-22 15:54:19.768159,0 days 00:00:11.981564,0.00022026972724624113,80,0.9983448996152975,8.265886849331961,0.7054473749075671,PRUNED
2449,2449,0.7195193694791873,2021-02-22 15:54:19.769284,2021-02-22 15:55:49.465212,0 days 00:01:29.695928,0.0001768699629287968,80,0.9943555844069905,1.6505931327323116,0.7148139018979541,COMPLETE
2450,2450,0.6997781612028593,2021-02-22 15:55:49.466801,2021-02-22 15:56:01.602147,0 days 00:00:12.135346,9.641710336359887e-05,90,0.9941204363670351,7.634096642556293,0.6997781612028593,PRUNED
2451,2451,0.7015035740695095,2021-02-22 15:56:01.603296,2021-02-22 15:56:13.664240,0 days 00:00:12.060944,0.0002656642055120303,70,0.9939068048700614,6.189726644794134,0.7015035740695095,PRUNED
2452,2452,0.7007641114123737,2021-02-22 15:56:13.665383,2021-02-22 15:56:25.475260,0 days 00:00:11.809877,8.16369501345859e-05,20,0.9924939902312792,2.074652716159724,0.7007641114123737,PRUNED
2453,2453,0.698052748336209,2021-02-22 15:56:25.476421,2021-02-22 15:56:36.971034,0 days 00:00:11.494613,1.2164234652315503e-05,50,0.9987242118637574,7.040350712097874,0.698052748336209,PRUNED
2454,2454,0.7253454170714255,2021-02-22 15:56:36.972113,2021-02-22 15:58:04.375340,0 days 00:01:27.403227,0.00014559764648185502,80,0.9945103791168832,2.8984816329904115,0.7113630761646537,COMPLETE
2455,2455,0.7064333251170816,2021-02-22 15:58:04.376877,2021-02-22 15:58:16.275924,0 days 00:00:11.899047,0.0002944800176479654,60,0.998152650788661,3.7074691941625106,0.7064333251170816,PRUNED
2456,2456,0.7356638166308319,2021-02-22 15:58:16.277046,2021-02-22 15:59:45.699311,0 days 00:01:29.422265,0.0002058456449506649,80,0.9976706587050943,7.946385935887674,0.7106236135075179,COMPLETE
2457,2457,0.7282109473740068,2021-02-22 15:59:45.701209,2021-02-22 16:01:15.600967,0 days 00:01:29.899758,0.00022997742124920798,80,0.9973615585857886,8.606422281786932,0.7086517130884891,COMPLETE
2458,2458,0.7069263002218388,2021-02-22 16:01:15.602658,2021-02-22 16:01:27.599673,0 days 00:00:11.997015,0.00023059832432955073,80,0.9973795139660199,8.212996394143163,0.7069263002218388,PRUNED
2459,2459,0.7066798126694602,2021-02-22 16:01:27.600810,2021-02-22 16:01:39.467556,0 days 00:00:11.866746,0.00022346443957479495,80,0.997606882806609,8.205782615209268,0.7066798126694602,PRUNED
2460,2460,0.706186837564703,2021-02-22 16:01:39.468719,2021-02-22 16:01:51.446991,0 days 00:00:11.978272,0.00020306522098765173,80,0.9971590484412913,7.968215869075508,0.706186837564703,PRUNED
2461,2461,0.7039684495932955,2021-02-22 16:01:51.448167,2021-02-22 16:02:03.540626,0 days 00:00:12.092459,0.00024239280359103927,80,0.9975621689716017,8.329012254285255,0.7039684495932955,PRUNED
