,number,value,datetime_start,datetime_complete,duration,params_lr,params_out_dim,params_scheduler_gamma,params_weight_decay,system_attrs_completed_rung_0,state
1127,1127,0.7316532846435215,2021-02-22 01:13:28.399647,2021-02-22 01:14:53.579107,0 days 00:01:25.179460,0.0007181522211987063,80,0.9970178106833033,6.451279743229359,0.7106236135075179,COMPLETE
1128,1128,0.7056938624599458,2021-02-22 01:14:53.580166,2021-02-22 01:15:04.818595,0 days 00:00:11.238429,0.0009386004673666043,80,0.9971052944909587,6.321441810096485,0.7056938624599458,PRUNED
1129,1129,0.7313471859551055,2021-02-22 01:15:04.819204,2021-02-22 01:16:30.288175,0 days 00:01:25.468971,0.0006529207521905787,80,0.9968483664782958,6.03583067077303,0.7076657628789746,COMPLETE
1130,1130,0.7316913826017424,2021-02-22 01:16:30.289213,2021-02-22 01:17:55.652678,0 days 00:01:25.363465,0.0006140095488972708,80,0.9971213059137407,7.0014248402920956,0.7076657628789746,COMPLETE
1131,1131,0.7022430367266453,2021-02-22 01:17:55.653707,2021-02-22 01:18:06.919224,0 days 00:00:11.265517,0.0008733892028376738,80,0.9968939064961889,6.553300233977181,0.7022430367266453,PRUNED
1132,1132,0.7066798126694602,2021-02-22 01:18:06.919837,2021-02-22 01:18:18.184487,0 days 00:00:11.264650,0.0005681143221702191,80,0.9971364051781884,5.7542490739789125,0.7066798126694602,PRUNED
1133,1133,0.7066798126694602,2021-02-22 01:18:18.185101,2021-02-22 01:18:29.452382,0 days 00:00:11.267281,0.0007491360506682067,90,0.9972644020615149,6.729245699998479,0.7066798126694602,PRUNED
1134,1134,0.6928765097362584,2021-02-22 01:18:29.452984,2021-02-22 01:18:40.592712,0 days 00:00:11.139728,8.794721153164522e-05,80,0.9972975851455418,6.027135686816152,0.6928765097362584,PRUNED
1135,1135,0.7052008873551886,2021-02-22 01:18:40.593322,2021-02-22 01:18:51.891651,0 days 00:00:11.298329,0.0005430697621966997,80,0.9965954815297854,6.414067449328965,0.7052008873551886,PRUNED
1136,1136,0.7360673250218052,2021-02-22 01:18:51.892219,2021-02-22 01:20:17.118238,0 days 00:01:25.226019,0.00017222351288736598,80,0.9969067386353825,5.33691948859123,0.7101306384027607,COMPLETE
1137,1137,0.706186837564703,2021-02-22 01:20:17.119307,2021-02-22 01:20:28.451520,0 days 00:00:11.332213,0.00019226017034013613,80,0.9970306034024222,4.950179761582893,0.706186837564703,PRUNED
1138,1138,0.7333034884783254,2021-02-22 01:20:28.452099,2021-02-22 01:21:53.606772,0 days 00:01:25.154673,0.0001543176673860875,80,0.9965566303193837,5.500850283886341,0.7251663790978555,COMPLETE
1139,1139,0.7052008873551886,2021-02-22 01:21:53.607870,2021-02-22 01:22:04.894132,0 days 00:00:11.286262,0.00016274278463421056,80,0.9967732259700266,5.455656045061974,0.7052008873551886,PRUNED
1140,1140,0.7289193212060295,2021-02-22 01:22:04.894793,2021-02-22 01:23:30.025684,0 days 00:01:25.130891,0.00017356148674791452,80,0.9968880752872683,5.284253202429283,0.7108701010598965,COMPLETE
1141,1141,0.7271782411005612,2021-02-22 01:23:30.026764,2021-02-22 01:24:55.147192,0 days 00:01:25.120428,0.00015045033401019634,80,0.9967204956927201,5.086163034268445,0.7259058417549914,COMPLETE
1142,1142,0.7259393839834882,2021-02-22 01:24:55.148230,2021-02-22 01:26:20.267084,0 days 00:01:25.118854,0.00013034791756949522,80,0.9969562338537501,4.165119283130164,0.7160463396598472,COMPLETE
1143,1143,0.7059403500123244,2021-02-22 01:26:20.268125,2021-02-22 01:26:31.475308,0 days 00:00:11.207183,0.0001926422862071225,80,0.9969807490185575,4.476864197986763,0.7059403500123244,PRUNED
1144,1144,0.6987922109933449,2021-02-22 01:26:31.475880,2021-02-22 01:26:42.689766,0 days 00:00:11.213886,0.0001734472803193916,80,0.9966739932694428,5.733643555392424,0.6987922109933449,PRUNED
1145,1145,0.6889327088982007,2021-02-22 01:26:42.690371,2021-02-22 01:26:53.886459,0 days 00:00:11.196088,0.00014715976692790945,80,0.9964101294252676,5.055747592874183,0.6889327088982007,PRUNED
1146,1146,0.7022430367266453,2021-02-22 01:26:53.887074,2021-02-22 01:27:05.141129,0 days 00:00:11.254055,0.00012353173767956546,80,0.996839385792237,5.403715562876816,0.7022430367266453,PRUNED
1147,1147,0.7064333251170816,2021-02-22 01:27:05.141737,2021-02-22 01:27:16.411783,0 days 00:00:11.270046,0.00013033664530887352,80,0.99694175915968,5.160426880262717,0.7064333251170816,PRUNED
1148,1148,0.7239217327513587,2021-02-22 01:27:16.412386,2021-02-22 01:28:41.610134,0 days 00:01:25.197748,0.00016891294476571356,80,0.996734353474654,4.548323968196571,0.7108701010598965,COMPLETE
1149,1149,0.7044614246980527,2021-02-22 01:28:41.611195,2021-02-22 01:28:52.798534,0 days 00:00:11.187339,0.00011132662318630147,90,0.9971324383986829,3.899821799370824,0.7044614246980527,PRUNED
1150,1150,0.700517623859995,2021-02-22 01:28:52.799170,2021-02-22 01:29:03.991845,0 days 00:00:11.192675,0.00023425589720908,80,0.9966226938114857,4.839315504877157,0.700517623859995,PRUNED
1151,1151,0.7044614246980527,2021-02-22 01:29:03.992474,2021-02-22 01:29:15.335427,0 days 00:00:11.342953,0.00013811990167654292,80,0.9964832330682274,5.750663924551124,0.7044614246980527,PRUNED
1152,1152,0.7027360118314026,2021-02-22 01:29:15.336057,2021-02-22 01:29:26.585024,0 days 00:00:11.248967,0.000203320461859231,80,0.9968564611310148,4.67976080998731,0.7027360118314026,PRUNED
1153,1153,0.696820310574316,2021-02-22 01:29:26.585672,2021-02-22 01:29:37.859193,0 days 00:00:11.273521,0.00014971116551237883,80,0.9971373002293639,5.512924387230536,0.696820310574316,PRUNED
1154,1154,0.7054473749075671,2021-02-22 01:29:37.859821,2021-02-22 01:29:49.047014,0 days 00:00:11.187193,0.00012086927860444317,80,0.9969947879802356,5.934458815160916,0.7054473749075671,PRUNED
1155,1155,0.7059403500123244,2021-02-22 01:29:49.047649,2021-02-22 01:30:00.249784,0 days 00:00:11.202135,0.00010486096924495174,90,0.9972109298220624,6.0633849396122095,0.7059403500123244,PRUNED
1156,1156,0.6990386985457234,2021-02-22 01:30:00.250421,2021-02-22 01:30:11.625647,0 days 00:00:11.375226,0.0002735356189040858,80,0.9968697426015549,5.1654352912860055,0.6990386985457234,PRUNED
1157,1157,0.7015035740695095,2021-02-22 01:30:11.626246,2021-02-22 01:30:22.918614,0 days 00:00:11.292368,0.00017175644740039778,80,0.9940896463137567,3.758298826464509,0.7015035740695095,PRUNED
1158,1158,0.7272559370267626,2021-02-22 01:30:22.919232,2021-02-22 01:31:48.051542,0 days 00:01:25.132310,0.00010207567776764756,80,0.99670048109998,4.2176846587122,0.7071727877742174,COMPLETE
1159,1159,0.7280658976612265,2021-02-22 01:31:48.052639,2021-02-22 01:33:13.287729,0 days 00:01:25.235090,0.00021421527821439745,80,0.9970994590946726,5.495047920422573,0.7069263002218388,COMPLETE
1160,1160,0.6992851860981021,2021-02-22 01:33:13.288773,2021-02-22 01:33:24.496981,0 days 00:00:11.208208,0.0003067127698254397,80,0.9964617632959527,3.5623811949236277,0.6992851860981021,PRUNED
1161,1161,0.724378162301191,2021-02-22 01:33:24.497610,2021-02-22 01:34:49.802730,0 days 00:01:25.305120,0.00013849327188985119,90,0.9942916744209161,4.745046587555635,0.7076657628789746,COMPLETE
1162,1162,0.6995316736504806,2021-02-22 01:34:49.803796,2021-02-22 01:35:01.113757,0 days 00:00:11.309961,0.00036210645081964654,80,0.9948408015650326,6.140376677970787,0.6995316736504806,PRUNED
1163,1163,0.7066798126694602,2021-02-22 01:35:01.114388,2021-02-22 01:35:12.301383,0 days 00:00:11.186995,0.0002500048145282355,80,0.993855259356333,5.810394289910703,0.7066798126694602,PRUNED
1164,1164,0.6950948977076657,2021-02-22 01:35:12.302006,2021-02-22 01:35:23.468886,0 days 00:00:11.166880,0.00031475634351734865,30,0.9971963572103265,3.1777921442931243,0.6950948977076657,PRUNED
1165,1165,0.6985457234409662,2021-02-22 01:35:23.469501,2021-02-22 01:35:34.589349,0 days 00:00:11.119848,0.0001214344778505886,40,0.9936106000100416,5.152623310378237,0.6985457234409662,PRUNED
1166,1166,0.7049543998028099,2021-02-22 01:35:34.589940,2021-02-22 01:35:45.914342,0 days 00:00:11.324402,0.00037568882567284823,50,0.9945961985622652,14.384945381637275,0.7049543998028099,PRUNED
1167,1167,0.7294563983576197,2021-02-22 01:35:45.914950,2021-02-22 01:37:10.916428,0 days 00:01:25.001478,0.00027194649743477405,40,0.9939558675525398,5.530413409307696,0.7116095637170323,COMPLETE
1168,1168,0.7032289869361598,2021-02-22 01:37:10.917492,2021-02-22 01:37:22.176318,0 days 00:00:11.258826,0.00041190941514686243,80,0.9972522093117296,7.302367005250079,0.7032289869361598,PRUNED
1169,1169,0.7056938624599458,2021-02-22 01:37:22.176940,2021-02-22 01:37:33.490506,0 days 00:00:11.313566,0.0003454603736677915,40,0.9941605291331547,16.481633807147453,0.7056938624599458,PRUNED
1170,1170,0.7230246104134516,2021-02-22 01:37:33.491141,2021-02-22 01:38:58.644176,0 days 00:01:25.153035,0.0001663349762424262,50,0.9969452724217824,6.882787800200119,0.7145674143455756,COMPLETE
1171,1171,0.7066798126694602,2021-02-22 01:38:58.645214,2021-02-22 01:39:09.997149,0 days 00:00:11.351935,0.00042719128221461485,40,0.994430620620512,6.349228512064743,0.7066798126694602,PRUNED
1172,1172,0.7042149371456742,2021-02-22 01:39:09.997756,2021-02-22 01:39:21.343898,0 days 00:00:11.346142,9.593141135729617e-05,80,0.997360359052875,4.5958034830959615,0.7042149371456742,PRUNED
1173,1173,0.7047079122504314,2021-02-22 01:39:21.344496,2021-02-22 01:39:32.515601,0 days 00:00:11.171105,0.0002322576783212832,30,0.9967077345306679,5.995887068049461,0.7047079122504314,PRUNED
1174,1174,0.726289607054832,2021-02-22 01:39:32.516226,2021-02-22 01:40:57.653601,0 days 00:01:25.137375,0.0003341758223441934,90,0.9950872628593048,1.6922341834202825,0.7160463396598472,COMPLETE
1175,1175,0.7052008873551886,2021-02-22 01:40:57.654434,2021-02-22 01:41:08.943814,0 days 00:00:11.289380,0.00011191836217650654,40,0.9970152238054525,9.285825223738755,0.7052008873551886,PRUNED
1176,1176,0.7316745051354461,2021-02-22 01:41:08.944435,2021-02-22 01:42:33.939511,0 days 00:01:24.995076,0.00029760396592199865,40,0.9937818657015498,6.581315928681807,0.7123490263741681,COMPLETE
1177,1177,0.7298496731309748,2021-02-22 01:42:33.940578,2021-02-22 01:43:59.118620,0 days 00:01:25.178042,0.0001406550180284318,40,0.9957330654925844,7.507804378956726,0.7086517130884891,COMPLETE
1178,1178,0.7056938624599458,2021-02-22 01:43:59.119701,2021-02-22 01:44:10.471009,0 days 00:00:11.351308,0.0004469788818743954,80,0.9932137538646815,4.064409111900936,0.7056938624599458,PRUNED
1179,1179,0.7027360118314026,2021-02-22 01:44:10.471626,2021-02-22 01:44:21.711049,0 days 00:00:11.239423,0.0003836702939625985,20,0.998721762068109,5.280364874183293,0.7027360118314026,PRUNED
1180,1180,0.7019965491742667,2021-02-22 01:44:21.711681,2021-02-22 01:44:32.991514,0 days 00:00:11.279833,0.0004857242195035338,30,0.9973328967607777,7.161867071689998,0.7019965491742667,PRUNED
1181,1181,0.706186837564703,2021-02-22 01:44:32.992127,2021-02-22 01:44:44.180370,0 days 00:00:11.188243,0.00036426040489963063,50,0.9952835302348326,5.738431961396676,0.706186837564703,PRUNED
1182,1182,0.7313297039008828,2021-02-22 01:44:44.180987,2021-02-22 01:46:09.176611,0 days 00:01:24.995624,7.845144217184009e-05,40,0.9940583960983186,2.9458794046629824,0.7113630761646537,COMPLETE
1183,1183,0.7296510297023028,2021-02-22 01:46:09.177654,2021-02-22 01:47:34.191281,0 days 00:01:25.013627,0.00020470647756913417,80,0.9968573520657394,7.757304489385978,0.7113630761646537,COMPLETE
1184,1184,0.7314177073896089,2021-02-22 01:47:34.192340,2021-02-22 01:48:59.455884,0 days 00:01:25.263544,0.00027982631390022005,40,0.9941936381124478,9.582223405744188,0.7079122504313532,COMPLETE
1185,1185,0.696820310574316,2021-02-22 01:48:59.456948,2021-02-22 01:49:10.686903,0 days 00:00:11.229955,0.00040419374580770293,40,0.996528118747225,4.787777579932479,0.696820310574316,PRUNED
1186,1186,0.6982992358885877,2021-02-22 01:49:10.687487,2021-02-22 01:49:21.946831,0 days 00:00:11.259344,0.00047440761379750765,50,0.9971520816039483,6.232702691940097,0.6982992358885877,PRUNED
1187,1187,0.7034754744885383,2021-02-22 01:49:21.947422,2021-02-22 01:49:33.236033,0 days 00:00:11.288611,0.00032924177114697166,40,0.9974271809662347,14.700604513945137,0.7034754744885383,PRUNED
1188,1188,0.7266316776335955,2021-02-22 01:49:33.236630,2021-02-22 01:50:58.034898,0 days 00:01:24.798268,0.00012552517198265525,80,0.993601414291519,8.964474000652926,0.7084052255361104,COMPLETE
1189,1189,0.7064333251170816,2021-02-22 01:50:58.035955,2021-02-22 01:51:09.244130,0 days 00:00:11.208175,0.00018206973724670477,40,0.9943733793053496,8.486578443449643,0.7064333251170816,PRUNED
1190,1190,0.706186837564703,2021-02-22 01:51:09.244780,2021-02-22 01:51:20.641910,0 days 00:00:11.397130,0.0005249409723341829,80,0.9971344650817785,6.772758177215066,0.706186837564703,PRUNED
1191,1191,0.7054473749075671,2021-02-22 01:51:20.642492,2021-02-22 01:51:31.827661,0 days 00:00:11.185169,9.326755962735958e-05,30,0.9963436203006879,7.98627567934825,0.7054473749075671,PRUNED
1192,1192,0.7000246487552378,2021-02-22 01:51:31.828271,2021-02-22 01:51:43.000951,0 days 00:00:11.172680,0.00041917598375633484,40,0.9967568566715588,5.423245292377305,0.7000246487552378,PRUNED
1193,1193,0.7002711363076165,2021-02-22 01:51:43.001543,2021-02-22 01:51:54.169369,0 days 00:00:11.167826,0.000354492407092124,50,0.994065848917893,3.516854134243711,0.7002711363076165,PRUNED
1194,1194,0.7024895242790239,2021-02-22 01:51:54.169974,2021-02-22 01:52:05.492072,0 days 00:00:11.322098,0.0002414139858268592,40,0.9970183516455136,7.526705742389072,0.7024895242790239,PRUNED
1195,1195,0.7278172127922748,2021-02-22 01:52:05.492668,2021-02-22 01:53:30.556762,0 days 00:01:25.064094,0.0004877360852317844,40,0.9938645662737909,4.316694825318153,0.7128420014789253,COMPLETE
1196,1196,0.7234989838731164,2021-02-22 01:53:30.557601,2021-02-22 01:54:55.536830,0 days 00:01:24.979229,0.0001479685866068266,80,0.9946909699619281,5.058370044628753,0.7084052255361104,COMPLETE
1197,1197,0.7056938624599458,2021-02-22 01:54:55.537883,2021-02-22 01:55:06.837897,0 days 00:00:11.300014,0.00029224980200414974,40,0.997417563337837,2.3734906269165927,0.7056938624599458,PRUNED
1198,1198,0.6987922109933449,2021-02-22 01:55:06.838541,2021-02-22 01:55:17.937797,0 days 00:00:11.099256,0.0003989771904484475,40,0.9972695826366392,7.0573880849789195,0.6987922109933449,PRUNED
1199,1199,0.7277053375162753,2021-02-22 01:55:17.938408,2021-02-22 01:56:43.031311,0 days 00:01:25.092903,0.00011215396821079139,90,0.993989794751791,5.798433922622091,0.7088982006408676,COMPLETE
1200,1200,0.7052008873551886,2021-02-22 01:56:43.032374,2021-02-22 01:56:54.265298,0 days 00:00:11.232924,0.0004560903336962662,10,0.9943982753617672,9.100582709533198,0.7052008873551886,PRUNED
1201,1201,0.7044614246980527,2021-02-22 01:56:54.265934,2021-02-22 01:57:05.514981,0 days 00:00:11.249047,0.0005372348265982875,50,0.9912761718527278,9.545194203076411,0.7044614246980527,PRUNED
1202,1202,0.7298207041763225,2021-02-22 01:57:05.515592,2021-02-22 01:58:30.422295,0 days 00:01:24.906703,0.00033071856732270566,80,0.9959330623314752,6.349965392525121,0.7204831156026621,COMPLETE
1203,1203,0.7322788809043621,2021-02-22 01:58:30.423453,2021-02-22 01:59:55.520215,0 days 00:01:25.096762,0.0004225308199285011,40,0.998373336629465,8.05718376733866,0.7071727877742174,COMPLETE
1204,1204,0.6965738230219374,2021-02-22 01:59:55.521049,2021-02-22 02:00:06.677589,0 days 00:00:11.156540,0.00025867846797914614,30,0.9934190421999399,8.513384088184857,0.6965738230219374,PRUNED
1205,1205,0.7064333251170816,2021-02-22 02:00:06.678207,2021-02-22 02:00:18.034123,0 days 00:00:11.355916,0.0003674075322548011,40,0.9942426798552725,4.877951347372436,0.7064333251170816,PRUNED
1206,1206,0.7064333251170816,2021-02-22 02:00:18.034726,2021-02-22 02:00:29.291527,0 days 00:00:11.256801,0.0005462642387719356,80,0.9956056122890361,13.981146805193669,0.7064333251170816,PRUNED
1207,1207,0.7291266067632683,2021-02-22 02:00:29.292136,2021-02-22 02:01:54.256362,0 days 00:01:24.964226,0.00013108847221574637,50,0.9974741215035379,7.5702872570641055,0.7071727877742174,COMPLETE
1208,1208,0.7066798126694602,2021-02-22 02:01:54.257199,2021-02-22 02:02:05.506677,0 days 00:00:11.249478,0.00043964272503895017,40,0.9969119026389386,6.717961263539055,0.7066798126694602,PRUNED
1209,1209,0.7010105989647523,2021-02-22 02:02:05.507292,2021-02-22 02:02:16.735935,0 days 00:00:11.228643,0.00028863796922052573,80,0.9985661517058673,8.785897145846802,0.7010105989647523,PRUNED
1210,1210,0.6950948977076657,2021-02-22 02:02:16.736551,2021-02-22 02:02:28.000330,0 days 00:00:11.263779,0.0001748465640608087,40,0.9965953941300174,15.467691051070249,0.6950948977076657,PRUNED
1211,1211,0.7032289869361598,2021-02-22 02:02:28.000949,2021-02-22 02:02:39.309777,0 days 00:00:11.308828,0.00048640485651212903,40,0.9972665754404029,5.649881441833159,0.7032289869361598,PRUNED
1212,1212,0.7059403500123244,2021-02-22 02:02:39.310409,2021-02-22 02:02:50.610081,0 days 00:00:11.299672,0.00010382222630552114,50,0.9945509155478388,6.006936376441939,0.7059403500123244,PRUNED
1213,1213,0.7311092992395363,2021-02-22 02:02:50.610689,2021-02-22 02:04:15.359893,0 days 00:01:24.749204,0.0006011317094966146,40,0.9937727744322852,8.338904500391141,0.7071727877742174,COMPLETE
1214,1214,0.7007641114123737,2021-02-22 02:04:15.361013,2021-02-22 02:04:26.539383,0 days 00:00:11.178370,0.0003559173918601434,30,0.9901647785662129,7.066294213129595,0.7007641114123737,PRUNED
1215,1215,0.7310703984243127,2021-02-22 02:04:26.540000,2021-02-22 02:05:51.368999,0 days 00:01:24.828999,0.0004346807675287096,60,0.9975827597204049,6.397782745962853,0.7153068770027113,COMPLETE
1216,1216,0.7331704417441266,2021-02-22 02:05:51.370087,2021-02-22 02:07:16.302411,0 days 00:01:24.932324,0.00030569916093550254,40,0.9980675263198352,7.845077526867515,0.7103771259551392,COMPLETE
1217,1217,0.7015035740695095,2021-02-22 02:07:16.303476,2021-02-22 02:07:27.537863,0 days 00:00:11.234387,0.0005413492532332963,80,0.9942129751635524,4.380654392755846,0.7015035740695095,PRUNED
1218,1218,0.7015035740695095,2021-02-22 02:07:27.538504,2021-02-22 02:07:38.786921,0 days 00:00:11.248417,0.0003957387209689288,40,0.9971328264546235,9.205406130007606,0.7015035740695095,PRUNED
1219,1219,0.7263838083525858,2021-02-22 02:07:38.787553,2021-02-22 02:09:03.767082,0 days 00:01:24.979529,0.00014537337702173907,80,0.9974404795470245,3.9923678075143707,0.7135814641360612,COMPLETE
1220,1220,0.7010105989647523,2021-02-22 02:09:03.768157,2021-02-22 02:09:15.072052,0 days 00:00:11.303895,0.00021082688517234127,40,0.9949782440984183,2.858378876516506,0.7010105989647523,PRUNED
1221,1221,0.7276871988082725,2021-02-22 02:09:15.072700,2021-02-22 02:10:39.901284,0 days 00:01:24.828584,9.04157156215204e-05,20,0.9968085314829552,5.277595875073223,0.7140744392408184,COMPLETE
1222,1222,0.7027360118314026,2021-02-22 02:10:39.902132,2021-02-22 02:10:51.293129,0 days 00:00:11.390997,0.0003434960822962228,40,0.9983707567677109,14.790357760723577,0.7027360118314026,PRUNED
1223,1223,0.6995316736504806,2021-02-22 02:10:51.293756,2021-02-22 02:11:02.503377,0 days 00:00:11.209621,7.278634285506627e-05,50,0.9969767820300218,7.247065529781438,0.6995316736504806,PRUNED
1224,1224,0.7064333251170816,2021-02-22 02:11:02.503947,2021-02-22 02:11:13.720075,0 days 00:00:11.216128,0.0004775612921264724,80,0.9938991154573062,8.648551191315825,0.7064333251170816,PRUNED
1225,1225,0.7312517811465838,2021-02-22 02:11:13.720707,2021-02-22 02:12:38.913985,0 days 00:01:25.193278,0.000596665749171458,40,0.9975089086544284,8.09654342287588,0.7069263002218388,COMPLETE
1226,1226,0.72783338392243,2021-02-22 02:12:38.914853,2021-02-22 02:14:03.849955,0 days 00:01:24.935102,0.00012196176952810947,40,0.9981848871766612,9.624293740634869,0.7135814641360612,COMPLETE
1227,1227,0.7039684495932955,2021-02-22 02:14:03.851031,2021-02-22 02:14:15.145437,0 days 00:00:11.294406,0.0003855719846321078,60,0.9943201644669941,6.165560208670502,0.7039684495932955,PRUNED
1228,1228,0.7327654178584929,2021-02-22 02:14:15.146053,2021-02-22 02:15:40.035256,0 days 00:01:24.889203,0.0004999361608403705,30,0.9928602811715472,14.36370125254907,0.7069263002218388,COMPLETE
1229,1229,0.700517623859995,2021-02-22 02:15:40.036315,2021-02-22 02:15:51.244355,0 days 00:00:11.208040,0.0003109020602521603,40,0.9964880715955139,5.64538905812377,0.700517623859995,PRUNED
1230,1230,0.7280574769588851,2021-02-22 02:15:51.244962,2021-02-22 02:17:16.013667,0 days 00:01:24.768705,0.0002499954186621783,50,0.9972363455626487,6.667724374638175,0.7259058417549914,COMPLETE
1231,1231,0.7230667214654358,2021-02-22 02:17:16.014775,2021-02-22 02:18:41.127351,0 days 00:01:25.112576,0.00016070808782900215,80,0.9940436575417729,4.957434721842161,0.7123490263741681,COMPLETE
1232,1232,0.7309160039881525,2021-02-22 02:18:41.128440,2021-02-22 02:20:06.529695,0 days 00:01:25.401255,0.00040916395762518324,40,0.9977440101173152,7.815823815328083,0.7091446881932463,COMPLETE
1233,1233,0.7042149371456742,2021-02-22 02:20:06.530768,2021-02-22 02:20:17.656988,0 days 00:00:11.126220,0.00047981529792114394,40,0.9936370220507693,3.449538823913993,0.7042149371456742,PRUNED
1234,1234,0.7315299719757593,2021-02-22 02:20:17.657628,2021-02-22 02:21:42.588938,0 days 00:01:24.931310,0.0005649163843653686,80,0.9979706041334292,9.219711829974708,0.7116095637170323,COMPLETE
1235,1235,0.7056938624599458,2021-02-22 02:21:42.590017,2021-02-22 02:21:53.765777,0 days 00:00:11.175760,0.00034644434713154975,40,0.9976374517664599,8.897382737739823,0.7056938624599458,PRUNED
1236,1236,0.7044614246980527,2021-02-22 02:21:53.766371,2021-02-22 02:22:05.043379,0 days 00:00:11.277008,0.00011345363877980054,50,0.9970604860351872,18.394408902348324,0.7044614246980527,PRUNED
1237,1237,0.7283080256567903,2021-02-22 02:22:05.043951,2021-02-22 02:23:30.079893,0 days 00:01:25.035942,0.0004264845879440707,60,0.9966974769077593,7.402974605246294,0.7081587379837319,COMPLETE
1238,1238,0.7056938624599458,2021-02-22 02:23:30.080970,2021-02-22 02:23:41.440523,0 days 00:00:11.359553,0.0006310516165518074,40,0.9972903852586599,8.41369170019954,0.7056938624599458,PRUNED
