,number,value,datetime_start,datetime_complete,duration,params_lr,params_out_dim,params_scheduler_gamma,params_weight_decay,system_attrs_completed_rung_0,system_attrs_completed_rung_1,system_attrs_completed_rung_2,state
322,322,0.7032289869361598,2021-02-23 12:20:21.807684,2021-02-23 12:20:48.790003,0 days 00:00:26.982319,0.000256520199495985,10,0.9943088022016853,9.188950534802803,0.7079122504313532,0.7032289869361598,,PRUNED
323,323,0.7042149371456742,2021-02-23 12:20:48.790315,2021-02-23 12:21:16.030759,0 days 00:00:27.240444,8.211119025459249e-05,50,0.9919803329141961,13.913627400675779,0.7042149371456742,,,PRUNED
324,324,0.7261621486407431,2021-02-23 12:21:16.031024,2021-02-23 12:36:35.860915,0 days 00:15:19.829891,0.0018321605273737569,40,0.996696178456291,13.215504104152767,0.7056938624599458,,,COMPLETE
325,325,0.7010105989647523,2021-02-23 12:36:35.861621,2021-02-23 12:36:47.948162,0 days 00:00:12.086541,0.00046183597573872773,10,0.9943408261262239,8.499998884983363,0.7010105989647523,,,PRUNED
326,326,0.7132263555402272,2021-02-23 12:36:47.948518,2021-02-23 12:52:07.144100,0 days 00:15:19.195582,0.00021687068077608468,40,0.9914381018854104,9.201869511756199,0.7138279516884397,0.7111165886122751,,COMPLETE
327,327,0.7049543998028099,2021-02-23 12:52:07.144818,2021-02-23 12:53:19.567331,0 days 00:01:12.422513,0.0008576147723953805,90,0.9954580345569963,14.919288438373227,0.7049543998028099,,,PRUNED
328,328,0.7066798126694602,2021-02-23 12:53:19.567608,2021-02-23 12:53:31.649090,0 days 00:00:12.081482,1.7525760653801193e-05,10,0.9947185464470824,9.771854074773442,0.7066798126694602,,,PRUNED
329,329,0.7049543998028099,2021-02-23 12:53:31.649431,2021-02-23 12:53:43.791390,0 days 00:00:12.141959,0.005612177376822223,10,0.9936908901281543,15.099369022998768,0.7049543998028099,,,PRUNED
330,330,0.7022430367266453,2021-02-23 12:53:43.791683,2021-02-23 12:53:55.854884,0 days 00:00:12.063201,0.00010574526072101881,20,0.9938691604132535,1.4385287513685434,0.7022430367266453,,,PRUNED
331,331,0.7308833182649328,2021-02-23 12:53:55.855203,2021-02-23 13:09:15.091052,0 days 00:15:19.235849,0.0029260691711111607,50,0.994686202942916,12.03557887573362,0.7052008873551886,,,COMPLETE
332,332,0.7069263002218388,2021-02-23 13:09:15.091794,2021-02-23 13:09:42.273916,0 days 00:00:27.182122,0.00018694913163973416,40,0.9921330552186968,9.264777053128844,0.7069263002218388,,,PRUNED
333,333,0.7163564603874496,2021-02-23 13:09:42.274238,2021-02-23 13:25:01.405719,0 days 00:15:19.131481,0.0002338225723809107,50,0.9925335612685992,11.230203117075199,0.7076657628789746,0.7081587379837319,,COMPLETE
334,334,0.7059403500123244,2021-02-23 13:25:01.406425,2021-02-23 13:26:14.026255,0 days 00:01:12.619830,0.000253197301511743,50,0.9927060526165347,8.216132742244774,0.7084052255361104,0.7059403500123244,,PRUNED
335,335,0.7044614246980527,2021-02-23 13:26:14.026589,2021-02-23 13:26:40.576693,0 days 00:00:26.550104,0.000578888256743566,60,0.9924260875960256,6.897405598524738,0.7044614246980527,,,PRUNED
336,336,0.7069263002218388,2021-02-23 13:26:40.576981,2021-02-23 13:26:52.522782,0 days 00:00:11.945801,0.00020385557019029547,100,0.9974368398073596,7.752749875984576,0.7069263002218388,,,PRUNED
337,337,0.7076657628789746,2021-02-23 13:26:52.523119,2021-02-23 13:28:05.001882,0 days 00:01:12.478763,0.0002892701520852279,90,0.9987054672470037,9.539989819120475,0.7138279516884397,0.7103771259551392,0.7076657628789746,PRUNED
338,338,0.7000246487552378,2021-02-23 13:28:05.002220,2021-02-23 13:28:17.172290,0 days 00:00:12.170070,2.286586141438267e-05,90,0.9934757547856011,16.54692997322899,0.7000246487552378,,,PRUNED
339,339,0.7052008873551886,2021-02-23 13:28:17.172665,2021-02-23 13:28:44.394682,0 days 00:00:27.222017,0.0002225799838945414,50,0.9916840800030997,8.66202646251663,0.7052008873551886,,,PRUNED
340,340,0.7054473749075671,2021-02-23 13:28:44.394981,2021-02-23 13:28:56.440327,0 days 00:00:12.045346,0.00028880566338792494,10,0.998639499587268,9.60015335727055,0.7054473749075671,,,PRUNED
341,341,0.7049543998028099,2021-02-23 13:28:56.440676,2021-02-23 13:30:08.703371,0 days 00:01:12.262695,0.00044847813297019967,80,0.9964533939292051,16.07419171816044,0.7049543998028099,,,PRUNED
342,342,0.7017500616218881,2021-02-23 13:30:08.703724,2021-02-23 13:30:36.018359,0 days 00:00:27.314635,0.0004036677021751924,90,0.9982094589058361,6.63007706897358,0.718018240078876,0.7017500616218881,,PRUNED
343,343,0.6896721715553364,2021-02-23 13:30:36.018701,2021-02-23 13:30:48.193380,0 days 00:00:12.174679,0.00015657067909873149,90,0.9983770142911066,10.37147475196171,0.6896721715553364,,,PRUNED
344,344,0.7049543998028099,2021-02-23 13:30:48.193700,2021-02-23 13:31:15.439042,0 days 00:00:27.245342,0.0003128975080807859,60,0.9914177791637413,9.997962031971824,0.7049543998028099,,,PRUNED
345,345,0.6938624599457728,2021-02-23 13:31:15.439393,2021-02-23 13:32:27.752916,0 days 00:01:12.313523,0.00016500263510604325,40,0.9922280735762558,11.440488862675686,0.7116095637170323,0.6938624599457728,,PRUNED
346,346,0.7064333251170816,2021-02-23 13:32:27.753236,2021-02-23 13:32:39.753327,0 days 00:00:12.000091,0.0003496271283652275,90,0.9940791398715358,8.909567212446351,0.7064333251170816,,,PRUNED
347,347,0.6970667981266946,2021-02-23 13:32:39.753652,2021-02-23 13:33:06.866482,0 days 00:00:27.112830,0.00011100713679763015,30,0.9918487828482534,5.620526976303164,0.6970667981266946,,,PRUNED
348,348,0.7044614246980527,2021-02-23 13:33:06.866797,2021-02-23 13:33:18.964700,0 days 00:00:12.097903,0.00025852511662434414,100,0.9945615088961286,10.979143002298024,0.7044614246980527,,,PRUNED
349,349,0.7049543998028099,2021-02-23 13:33:18.965039,2021-02-23 13:34:31.441474,0 days 00:01:12.476435,0.0006374416290435025,80,0.9965369593161709,16.944736232280803,0.7049543998028099,,,PRUNED
350,350,0.7049543998028099,2021-02-23 13:34:31.441817,2021-02-23 13:34:43.494580,0 days 00:00:12.052763,0.0001727283497029448,90,0.9942287514128206,9.345988182321749,0.7049543998028099,,,PRUNED
351,351,0.7042149371456742,2021-02-23 13:34:43.494899,2021-02-23 13:35:10.703979,0 days 00:00:27.209080,2.843464149203719e-05,20,0.9989951100125443,8.210886998761183,0.7076657628789746,0.7042149371456742,,PRUNED
352,352,0.7069263002218388,2021-02-23 13:35:10.704319,2021-02-23 13:35:37.925341,0 days 00:00:27.221022,0.000131898975820273,50,0.9926310485215667,12.031465510402253,0.7069263002218388,,,PRUNED
353,353,0.7032289869361598,2021-02-23 13:35:37.925651,2021-02-23 13:36:50.199710,0 days 00:01:12.274059,0.00021566552454088976,90,0.998673781005197,7.523851722760247,0.7088982006408676,0.7103771259551392,0.7032289869361598,PRUNED
354,354,0.7323009520256059,2021-02-23 13:36:50.200044,2021-02-23 13:52:09.654733,0 days 00:15:19.454689,0.00022288376389097242,90,0.9980180295449491,15.518868293713838,0.7071727877742174,,,COMPLETE
355,355,0.7087132377961903,2021-02-23 13:52:09.655452,2021-02-23 14:07:30.540059,0 days 00:15:20.884607,8.430318509876723e-05,70,0.9950553681557045,16.4615215112761,0.7052008873551886,,,COMPLETE
356,356,0.7071727877742174,2021-02-23 14:07:30.540808,2021-02-23 14:07:42.694152,0 days 00:00:12.153344,0.00012179097242228668,90,0.998818227459696,7.235692206540916,0.7071727877742174,,,PRUNED
357,357,0.7029824993837811,2021-02-23 14:07:42.694498,2021-02-23 14:07:54.885987,0 days 00:00:12.191489,0.00022186615396771364,20,0.9985289664884379,8.554454339178509,0.7029824993837811,,,PRUNED
358,358,0.7032289869361598,2021-02-23 14:07:54.886310,2021-02-23 14:09:07.249184,0 days 00:01:12.362874,9.148858184156094e-05,30,0.9929992132579238,10.631334981476018,0.709884150850382,0.7032289869361598,,PRUNED
359,359,0.7071727877742174,2021-02-23 14:09:07.249488,2021-02-23 14:09:19.356514,0 days 00:00:12.107026,0.0003063094643648315,100,0.9923515721783607,7.48520177455069,0.7071727877742174,,,PRUNED
360,360,0.6960808479171802,2021-02-23 14:09:19.356854,2021-02-23 14:09:46.520426,0 days 00:00:27.163572,0.00022576192946852178,20,0.9906368761763977,11.081207675737485,0.6960808479171802,,,PRUNED
361,361,0.7064333251170816,2021-02-23 14:09:46.520775,2021-02-23 14:10:13.614848,0 days 00:00:27.094073,0.0004436408142910705,10,0.990939951766276,12.585503513257333,0.7064333251170816,,,PRUNED
362,362,0.7047079122504314,2021-02-23 14:10:13.615134,2021-02-23 14:11:26.036741,0 days 00:01:12.421607,0.00032342867315836884,80,0.9972239865394239,17.486057399122718,0.7047079122504314,,,PRUNED
363,363,0.7049543998028099,2021-02-23 14:11:26.037104,2021-02-23 14:12:38.678962,0 days 00:01:12.641858,0.0014215576797001468,90,0.9918963387993193,14.642873248811735,0.7049543998028099,,,PRUNED
364,364,0.6844959329553858,2021-02-23 14:12:38.679298,2021-02-23 14:13:05.885396,0 days 00:00:27.206098,1.0213421443741591e-05,40,0.9933941336283703,13.479740222752618,0.6844959329553858,,,PRUNED
365,365,0.7002711363076165,2021-02-23 14:13:05.885736,2021-02-23 14:13:33.086157,0 days 00:00:27.200421,1.7377662792498436e-05,20,0.990219948928602,9.657109975231101,0.7002711363076165,,,PRUNED
366,366,0.7054473749075671,2021-02-23 14:13:33.086464,2021-02-23 14:13:45.198211,0 days 00:00:12.111747,0.00020016509158824622,90,0.998593249657879,6.837102105727555,0.7054473749075671,,,PRUNED
367,367,0.706186837564703,2021-02-23 14:13:45.198548,2021-02-23 14:14:57.542477,0 days 00:01:12.343929,1.3378305243907126e-05,10,0.9914907001216271,11.232871161141672,0.7157998521074685,0.706186837564703,,PRUNED
368,368,0.7039684495932955,2021-02-23 14:14:57.542789,2021-02-23 14:15:24.581349,0 days 00:00:27.038560,5.813479231889171e-05,40,0.9911631003286928,15.0831826745272,0.7039684495932955,,,PRUNED
369,369,0.7054473749075671,2021-02-23 14:15:24.581677,2021-02-23 14:15:51.654120,0 days 00:00:27.072443,0.0001062502256615008,40,0.9913636117007902,14.6664017993528,0.7054473749075671,,,PRUNED
370,370,0.7019965491742667,2021-02-23 14:15:51.654476,2021-02-23 14:16:18.847137,0 days 00:00:27.192661,0.0005226223091515254,90,0.9963180312487309,6.086724229481598,0.7096376632980035,0.7019965491742667,,PRUNED
371,371,0.7066798126694602,2021-02-23 14:16:18.847450,2021-02-23 14:16:31.029392,0 days 00:00:12.181942,0.0002701845917187329,90,0.9987997916436949,9.814146311236671,0.7066798126694602,,,PRUNED
372,372,0.7000246487552378,2021-02-23 14:16:31.029718,2021-02-23 14:16:43.109675,0 days 00:00:12.079957,0.00041461255804102677,90,0.9949924333773433,8.013845384705698,0.7000246487552378,,,PRUNED
373,373,0.6902109831464769,2021-02-23 14:16:43.110013,2021-02-23 14:32:03.824042,0 days 00:15:20.714029,7.479024978282253e-05,30,0.9944517810080397,16.26777380616788,0.7081587379837319,0.7125955139265467,,COMPLETE
374,374,0.7044614246980527,2021-02-23 14:32:03.824781,2021-02-23 14:32:15.926647,0 days 00:00:12.101866,0.00022941037775945914,80,0.9914060307871371,9.072872077888421,0.7044614246980527,,,PRUNED
375,375,0.7029824993837811,2021-02-23 14:32:15.926985,2021-02-23 14:32:28.006491,0 days 00:00:12.079506,0.00018072065840649365,90,0.9925503787362108,16.111065818501224,0.7029824993837811,,,PRUNED
376,376,0.706186837564703,2021-02-23 14:32:28.006835,2021-02-23 14:32:55.263661,0 days 00:00:27.256826,0.00032603948000084395,20,0.9946339759205303,12.192325075866652,0.7091446881932463,0.706186837564703,,PRUNED
377,377,0.7052008873551886,2021-02-23 14:32:55.264010,2021-02-23 14:33:07.359490,0 days 00:00:12.095480,0.0003581900158031876,10,0.9948812947558735,14.663806718222691,0.7052008873551886,,,PRUNED
378,378,0.706186837564703,2021-02-23 14:33:07.359836,2021-02-23 14:34:19.607346,0 days 00:01:12.247510,7.202416684501019e-05,30,0.9948912940082161,16.279776060859483,0.707419275326596,0.706186837564703,,PRUNED
379,379,0.7064333251170816,2021-02-23 14:34:19.607710,2021-02-23 14:35:32.007232,0 days 00:01:12.399522,2.7889375391296996e-05,30,0.9937907584907324,16.91141026606664,0.7187577027360118,0.7064333251170816,,PRUNED
380,380,0.7054473749075671,2021-02-23 14:35:32.007562,2021-02-23 14:35:44.048441,0 days 00:00:12.040879,4.427182864071337e-05,100,0.9919170591212435,6.368148055574755,0.7054473749075671,,,PRUNED
381,381,0.7019965491742667,2021-02-23 14:35:44.048806,2021-02-23 14:36:11.218729,0 days 00:00:27.169923,0.00013607886806280242,30,0.9943918269275914,19.183671362131662,0.7019965491742667,,,PRUNED
382,382,0.7054473749075671,2021-02-23 14:36:11.219056,2021-02-23 14:36:38.524119,0 days 00:00:27.305063,0.0003275416514573413,20,0.9953243662960046,15.558420977480024,0.7054473749075671,,,PRUNED
383,383,0.703721962040917,2021-02-23 14:36:38.524430,2021-02-23 14:37:05.589357,0 days 00:00:27.064927,3.484900596989055e-05,90,0.9951629828287668,7.704951562955372,0.7076657628789746,0.703721962040917,,PRUNED
384,384,0.6997781612028593,2021-02-23 14:37:05.589721,2021-02-23 14:37:32.784927,0 days 00:00:27.195206,4.569024143715254e-05,10,0.9945673533829135,17.28417579526061,0.6997781612028593,,,PRUNED
385,385,0.7049543998028099,2021-02-23 14:37:32.785282,2021-02-23 14:38:45.080789,0 days 00:01:12.295507,0.013127750608711627,100,0.9904844018504061,18.335698074538616,0.7049543998028099,,,PRUNED
386,386,0.7331725764285131,2021-02-23 14:38:45.081163,2021-02-23 14:54:08.444428,0 days 00:15:23.363265,0.0005321172596638241,70,0.9914440248854931,15.620962029459037,0.7052008873551886,,,COMPLETE
387,387,0.7017500616218881,2021-02-23 14:54:08.445145,2021-02-23 14:54:20.740984,0 days 00:00:12.295839,0.00046576976090763935,100,0.990920293075324,2.8378425481908423,0.7017500616218881,,,PRUNED
388,388,0.7027360118314026,2021-02-23 14:54:20.741297,2021-02-23 14:54:32.972283,0 days 00:00:12.230986,0.00013070439779016313,20,0.99826603820083,15.65429734642624,0.7027360118314026,,,PRUNED
389,389,0.6894256840029579,2021-02-23 14:54:32.972636,2021-02-23 14:54:45.128338,0 days 00:00:12.155702,1.6365358177374804e-05,90,0.9917553549230729,7.09309938700906,0.6894256840029579,,,PRUNED
390,390,0.6950948977076657,2021-02-23 14:54:45.128656,2021-02-23 14:54:57.286472,0 days 00:00:12.157816,1.382030833196298e-05,90,0.9915218696398417,5.019974423409009,0.6950948977076657,,,PRUNED
391,391,0.7049543998028099,2021-02-23 14:54:57.286948,2021-02-23 14:56:10.102619,0 days 00:01:12.815671,0.0009705968101861572,70,0.9924454901523208,13.679781957858491,0.7049543998028099,,,PRUNED
392,392,0.7049543998028099,2021-02-23 14:56:10.102965,2021-02-23 14:57:22.915326,0 days 00:01:12.812361,0.00751383690700746,60,0.9915510727467967,10.279417296743706,0.7049543998028099,,,PRUNED
393,393,0.7042149371456742,2021-02-23 14:57:22.915659,2021-02-23 14:58:35.890240,0 days 00:01:12.974581,0.0004913703860416601,80,0.991322642409979,15.70295766946204,0.7042149371456742,,,PRUNED
394,394,0.6973132856790732,2021-02-23 14:58:35.890577,2021-02-23 14:59:03.104357,0 days 00:00:27.213780,3.8307390035848506e-05,20,0.9939898781298611,8.547765032872347,0.6973132856790732,,,PRUNED
395,395,0.7039684495932955,2021-02-23 14:59:03.104717,2021-02-23 14:59:30.369065,0 days 00:00:27.264348,0.00015889749157494104,30,0.9904470863314135,7.7631602594805305,0.7039684495932955,,,PRUNED
396,396,0.6775466354482637,2021-02-23 14:59:30.369411,2021-02-23 15:14:54.982907,0 days 00:15:24.613496,1.9540544287325472e-05,90,0.9970431514522228,6.3063356793462715,0.7150603894503328,0.7140744392408184,0.7079122504313532,COMPLETE
397,397,0.706186837564703,2021-02-23 15:14:54.983649,2021-02-23 15:15:22.416146,0 days 00:00:27.432497,2.7308947759832034e-05,90,0.9976263132821517,5.831594068815527,0.7103771259551392,0.706186837564703,,PRUNED
398,398,0.7015035740695095,2021-02-23 15:15:22.416480,2021-02-23 15:15:34.656097,0 days 00:00:12.239617,2.001122667899254e-05,90,0.9968950701049947,6.6792920801741476,0.7015035740695095,,,PRUNED
399,399,0.6970667981266946,2021-02-23 15:15:34.656505,2021-02-23 15:15:46.797354,0 days 00:00:12.140849,2.47157764440626e-05,90,0.9972574677973981,5.505605015333112,0.6970667981266946,,,PRUNED
400,400,0.6844959329553858,2021-02-23 15:15:46.797705,2021-02-23 15:15:59.009660,0 days 00:00:12.211955,1.1948986970095722e-05,10,0.9966562025363696,8.374051565642562,0.6844959329553858,,,PRUNED
401,401,0.706186837564703,2021-02-23 15:15:59.010007,2021-02-23 15:16:11.146281,0 days 00:00:12.136274,0.0006116838557470013,80,0.994453505858866,6.385465331978746,0.706186837564703,,,PRUNED
402,402,0.7322169068480052,2021-02-23 15:16:11.146600,2021-02-23 15:31:34.588346,0 days 00:15:23.441746,0.00038665149179604395,70,0.9921484761405229,14.404653095635295,0.7052008873551886,,,COMPLETE
403,403,0.726903588247929,2021-02-23 15:31:34.589077,2021-02-23 15:46:28.363519,0 days 00:14:53.774442,0.0002819577511024837,80,0.9909151894631781,16.63053853921056,0.7054473749075671,,,COMPLETE
404,404,0.7054193831478289,2021-02-23 15:46:28.364237,2021-02-23 16:01:35.764563,0 days 00:15:07.400326,8.811209977291785e-05,40,0.99567227012525,16.301528884824016,0.707419275326596,0.7121025388217895,,COMPLETE
405,405,0.7032289869361598,2021-02-23 16:01:35.765311,2021-02-23 16:01:47.972226,0 days 00:00:12.206915,0.00025566447413943546,20,0.9969179134382797,9.431446372795458,0.7032289869361598,,,PRUNED
406,406,0.7056938624599458,2021-02-23 16:01:47.972558,2021-02-23 16:02:00.215328,0 days 00:00:12.242770,2.214588807965522e-05,100,0.997017757026708,18.00713459108631,0.7056938624599458,,,PRUNED
407,407,0.7027360118314026,2021-02-23 16:02:00.215686,2021-02-23 16:02:12.512410,0 days 00:00:12.296724,1.5747164136011826e-05,90,0.9918908272564271,6.512318560244793,0.7027360118314026,,,PRUNED
408,408,0.7296610527409576,2021-02-23 16:02:12.512738,2021-02-23 16:17:30.571264,0 days 00:15:18.058526,0.00019949153338920974,90,0.9912766328819723,19.355915979697112,0.7066798126694602,,,COMPLETE
409,409,0.6588046463486037,2021-02-23 16:17:30.572003,2021-02-23 16:32:53.716408,0 days 00:15:23.144405,0.00020353273252013125,90,0.9921093083125374,6.093995032230175,0.7096376632980035,0.7069263002218388,0.7217155533645551,COMPLETE
410,410,0.724302649620418,2021-02-23 16:32:53.717222,2021-02-23 16:47:59.440782,0 days 00:15:05.723560,8.986076451553348e-05,50,0.9960828223239332,16.395106232852314,0.707419275326596,0.7081587379837319,,COMPLETE
411,411,0.7066798126694602,2021-02-23 16:47:59.441974,2021-02-23 16:48:26.709758,0 days 00:00:27.267784,0.00020871140773256363,90,0.9921634502409313,5.9587577171577015,0.707419275326596,0.7066798126694602,,PRUNED
412,412,0.7059403500123244,2021-02-23 16:48:26.710111,2021-02-23 16:48:38.852229,0 days 00:00:12.142118,0.0001653813164622035,90,0.9926845477179007,7.225135972056634,0.7059403500123244,,,PRUNED
413,413,0.6941644175076547,2021-02-23 16:48:38.852597,2021-02-23 17:04:01.978467,0 days 00:15:23.125870,8.216386080959019e-05,50,0.9960544431298667,17.107137493933667,0.7108701010598965,0.7088982006408676,,COMPLETE
414,414,0.7069263002218388,2021-02-23 17:04:01.979225,2021-02-23 17:04:28.452463,0 days 00:00:26.473238,0.0001986545871528194,50,0.9963358224032465,18.157858588154713,0.7069263002218388,,,PRUNED
415,415,0.7332017228567769,2021-02-23 17:04:28.452796,2021-02-23 17:19:49.378877,0 days 00:15:20.926081,0.0006210599648239227,30,0.9985977931422064,15.231128907448092,0.7052008873551886,,,COMPLETE
416,416,0.7049543998028099,2021-02-23 17:19:49.379630,2021-02-23 17:21:02.271807,0 days 00:01:12.892177,0.0006625942252068084,30,0.9939478730784184,15.128868484502963,0.7049543998028099,,,PRUNED
417,417,0.7071727877742174,2021-02-23 17:21:02.272125,2021-02-23 17:21:29.540316,0 days 00:00:27.268191,8.409976649280045e-05,50,0.9959485409746694,17.259648326032483,0.7071727877742174,,,PRUNED
418,418,0.703721962040917,2021-02-23 17:21:29.540648,2021-02-23 17:21:41.665125,0 days 00:00:12.124477,0.00023247707073464853,90,0.99206525895194,8.747511327085853,0.703721962040917,,,PRUNED
419,419,0.706186837564703,2021-02-23 17:21:41.665447,2021-02-23 17:21:53.752499,0 days 00:00:12.087052,0.0002852376905521494,90,0.9923396940944168,10.003651716460713,0.706186837564703,,,PRUNED
420,420,0.6913975844219867,2021-02-23 17:21:53.752878,2021-02-23 17:23:06.385860,0 days 00:01:12.632982,0.00014433777102950226,50,0.991205909458542,7.558196711794726,0.7170322898693616,0.7177717525264974,0.6913975844219867,PRUNED
421,421,0.7044614246980527,2021-02-23 17:23:06.386223,2021-02-23 17:23:33.732071,0 days 00:00:27.345848,0.00011595162650200695,60,0.996546899687561,17.724972325947096,0.7044614246980527,,,PRUNED
422,422,0.6827705200887355,2021-02-23 17:23:33.732389,2021-02-23 17:24:46.439157,0 days 00:01:12.706768,0.0001779901368664352,10,0.9986987316728733,3.7785209807899505,0.7093911757456248,0.7096376632980035,0.6827705200887355,PRUNED
423,423,0.6990386985457234,2021-02-23 17:24:46.439523,2021-02-23 17:24:58.565229,0 days 00:00:12.125706,0.0004138081315094265,100,0.9942270247541845,6.922822490986054,0.6990386985457234,,,PRUNED
424,424,0.7049543998028099,2021-02-23 17:24:58.565612,2021-02-23 17:26:09.422710,0 days 00:01:10.857098,0.0016627802093280998,30,0.99858322683511,17.546699523045145,0.7049543998028099,,,PRUNED
425,425,0.7059403500123244,2021-02-23 17:26:09.423056,2021-02-23 17:26:35.867925,0 days 00:00:26.444869,9.653475484730517e-05,50,0.997251287622766,16.633308894954034,0.7059403500123244,,,PRUNED
426,426,0.7022430367266453,2021-02-23 17:26:35.868262,2021-02-23 17:26:47.568636,0 days 00:00:11.700374,6.456342272379827e-05,20,0.9948050783961805,6.153742829561245,0.7022430367266453,,,PRUNED
427,427,0.6864678333744146,2021-02-23 17:26:47.568974,2021-02-23 17:27:58.445448,0 days 00:01:10.876474,1.667118784226643e-05,90,0.9919461737050231,5.5726363377316055,0.713088489031304,0.7172787774217402,0.6864678333744146,PRUNED
428,428,0.6948484101552872,2021-02-23 17:27:58.445801,2021-02-23 17:28:10.197238,0 days 00:00:11.751437,1.295729808746724e-05,90,0.9917727243545396,6.255739594778338,0.6948484101552872,,,PRUNED
429,429,0.706186837564703,2021-02-23 17:28:10.197588,2021-02-23 17:28:21.872847,0 days 00:00:11.675259,1.0542942261192166e-05,90,0.9970889033439154,16.96541287191905,0.706186837564703,,,PRUNED
