,number,value,datetime_start,datetime_complete,duration,params_lr,params_out_dim,params_scheduler_gamma,params_weight_decay,system_attrs_completed_rung_0,state
1350,1350,0.7024895242790239,2021-02-22 03:38:36.008778,2021-02-22 03:38:47.243143,0 days 00:00:11.234365,0.00035932520312764943,10,0.9943492921103273,2.9779025378133603,0.7024895242790239,PRUNED
1351,1351,0.7066798126694602,2021-02-22 03:38:47.243810,2021-02-22 03:38:58.529167,0 days 00:00:11.285357,0.00030042758107058876,80,0.9943566783231665,2.2992997497679415,0.7066798126694602,PRUNED
1352,1352,0.7267455973284755,2021-02-22 03:38:58.529789,2021-02-22 03:40:23.802489,0 days 00:01:25.272700,0.00021969901605172718,90,0.9941483367022517,2.5808296632423917,0.7121025388217895,COMPLETE
1353,1353,0.7311603330400888,2021-02-22 03:40:23.803631,2021-02-22 03:41:48.748727,0 days 00:01:24.945096,0.00030244229148179735,60,0.9937086389124359,3.5386772919169625,0.7101306384027607,COMPLETE
1354,1354,0.7047079122504314,2021-02-22 03:41:48.749834,2021-02-22 03:42:00.044713,0 days 00:00:11.294879,0.0003623789494370911,80,0.9931583164549675,2.465186729478405,0.7047079122504314,PRUNED
1355,1355,0.72568111997204,2021-02-22 03:42:00.045374,2021-02-22 03:43:25.031374,0 days 00:01:24.986000,0.00019161672919621613,50,0.9938808583314468,3.236308339978355,0.7227015035740695,COMPLETE
1356,1356,0.7032289869361598,2021-02-22 03:43:25.032467,2021-02-22 03:43:36.308732,0 days 00:00:11.276265,0.00025848617071174383,80,0.9941879928010063,2.5039223485951236,0.7032289869361598,PRUNED
1357,1357,0.7330450684355749,2021-02-22 03:43:36.309354,2021-02-22 03:45:01.392562,0 days 00:01:25.083208,0.0002921361656728813,20,0.9947210702557998,2.916283849418581,0.7091446881932463,COMPLETE
1358,1358,0.7042149371456742,2021-02-22 03:45:01.393470,2021-02-22 03:45:12.601006,0 days 00:00:11.207536,0.00037703699574181834,50,0.9945660011771628,3.3307631727478126,0.7042149371456742,PRUNED
1359,1359,0.7002711363076165,2021-02-22 03:45:12.601695,2021-02-22 03:45:24.003869,0 days 00:00:11.402174,0.00023218245153996584,80,0.9984515370091158,3.6661304538267236,0.7002711363076165,PRUNED
1360,1360,0.7066798126694602,2021-02-22 03:45:24.004565,2021-02-22 03:45:35.206999,0 days 00:00:11.202434,0.0003590928292745531,80,0.9937542186816013,1.6095104295991478,0.7066798126694602,PRUNED
1361,1361,0.7285193728695656,2021-02-22 03:45:35.207715,2021-02-22 03:47:00.033439,0 days 00:01:24.825724,0.00032153351215646734,60,0.9939873393301359,1.9543274061598979,0.7076657628789746,COMPLETE
1362,1362,0.7034754744885383,2021-02-22 03:47:00.034321,2021-02-22 03:47:11.378966,0 days 00:00:11.344645,0.0002734454471850213,30,0.9942636096252029,1.8148063164557142,0.7034754744885383,PRUNED
1363,1363,0.7267912190835021,2021-02-22 03:47:11.379632,2021-02-22 03:48:36.472090,0 days 00:01:25.092458,0.0003662484194391085,50,0.9944830074991283,2.3325012465046706,0.7086517130884891,COMPLETE
1364,1364,0.7019965491742667,2021-02-22 03:48:36.473256,2021-02-22 03:48:47.711418,0 days 00:00:11.238162,0.00020141363744286076,80,0.9941435809995808,3.070798187695125,0.7019965491742667,PRUNED
1365,1365,0.7342460001801089,2021-02-22 03:48:47.712079,2021-02-22 03:50:12.996442,0 days 00:01:25.284363,0.0002576870077467854,80,0.9935842384708804,0.9256148366021506,0.7182647276312546,COMPLETE
1366,1366,0.6995316736504806,2021-02-22 03:50:12.997571,2021-02-22 03:50:24.295567,0 days 00:00:11.297996,0.00021944281469900518,80,0.9933411956239477,0.8760869604031261,0.6995316736504806,PRUNED
1367,1367,0.6990386985457234,2021-02-22 03:50:24.296230,2021-02-22 03:50:35.615869,0 days 00:00:11.319639,0.0002497819322703485,80,0.993452747907989,0.7027378278607532,0.6990386985457234,PRUNED
1368,1368,0.7066798126694602,2021-02-22 03:50:35.616573,2021-02-22 03:50:46.848834,0 days 00:00:11.232261,0.00019538904341399679,80,0.9936423280903712,0.7004265309285,0.7066798126694602,PRUNED
1369,1369,0.7032289869361598,2021-02-22 03:50:46.849515,2021-02-22 03:50:58.134909,0 days 00:00:11.285394,0.0001960132163659647,80,0.9934365399391475,2.8630441780267866,0.7032289869361598,PRUNED
1370,1370,0.6973132856790732,2021-02-22 03:50:58.135596,2021-02-22 03:51:09.412837,0 days 00:00:11.277241,0.00024413019598612488,80,0.9937369201869909,1.609876211705511,0.6973132856790732,PRUNED
1371,1371,0.7322019766557208,2021-02-22 03:51:09.413482,2021-02-22 03:52:34.450576,0 days 00:01:25.037094,0.0002611810076329226,80,0.9937153243415511,0.919057763642377,0.7207296031550406,COMPLETE
1372,1372,0.7292075429844552,2021-02-22 03:52:34.451758,2021-02-22 03:53:59.192242,0 days 00:01:24.740484,0.00022635817348530687,80,0.9936124658756311,1.3932363786580226,0.7071727877742174,COMPLETE
1373,1373,0.698052748336209,2021-02-22 03:53:59.193405,2021-02-22 03:54:10.355333,0 days 00:00:11.161928,0.0002794026761768167,80,0.9935063738319676,1.247539340752625,0.698052748336209,PRUNED
1374,1374,0.6950948977076657,2021-02-22 03:54:10.356028,2021-02-22 03:54:21.654573,0 days 00:00:11.298545,0.00022582316118867647,80,0.993281085276161,0.5817458484131053,0.6950948977076657,PRUNED
1375,1375,0.7049543998028099,2021-02-22 03:54:21.655220,2021-02-22 03:54:32.911417,0 days 00:00:11.256197,0.0002694053683164428,80,0.9939447789073725,0.5226903878259457,0.7049543998028099,PRUNED
1376,1376,0.7047079122504314,2021-02-22 03:54:32.912059,2021-02-22 03:54:44.224060,0 days 00:00:11.312001,0.00030112170839262365,90,0.9938560902483531,3.195496679110656,0.7047079122504314,PRUNED
1377,1377,0.7309847629721116,2021-02-22 03:54:44.224708,2021-02-22 03:56:09.367319,0 days 00:01:25.142611,0.00018797054018863891,80,0.9937725970283398,0.45867410067512127,0.7103771259551392,COMPLETE
1378,1378,0.7357642096762794,2021-02-22 03:56:09.368459,2021-02-22 03:57:34.397415,0 days 00:01:25.028956,0.0002964390589957303,80,0.9935576384922635,0.9288811852304864,0.7145674143455756,COMPLETE
1379,1379,0.7330867842121694,2021-02-22 03:57:34.398575,2021-02-22 03:58:59.573863,0 days 00:01:25.175288,0.00024311687807133876,80,0.9931390502337551,0.8047673251801202,0.72615232930737,COMPLETE
1380,1380,0.7213077070206008,2021-02-22 03:58:59.575039,2021-02-22 04:00:24.851157,0 days 00:01:25.276118,0.00028007364460392947,80,0.99321619584672,0.9011166359584621,0.7116095637170323,COMPLETE
1381,1381,0.7049543998028099,2021-02-22 04:00:24.852282,2021-02-22 04:00:36.128695,0 days 00:00:11.276413,0.0002303015832756544,80,0.9934110366370644,0.287688785742896,0.7049543998028099,PRUNED
1382,1382,0.6997781612028593,2021-02-22 04:00:36.129380,2021-02-22 04:00:47.440074,0 days 00:00:11.310694,0.00030015023481704445,80,0.9935358777486474,1.1330443936977264,0.6997781612028593,PRUNED
1383,1383,0.7264395335997389,2021-02-22 04:00:47.440761,2021-02-22 04:02:12.592678,0 days 00:01:25.151917,0.00025343847442815327,80,0.9916780335329277,1.7549986022638018,0.71555336455509,COMPLETE
1384,1384,0.6997781612028593,2021-02-22 04:02:12.593825,2021-02-22 04:02:23.774860,0 days 00:00:11.181035,0.0002940807219932998,90,0.9935043479983511,2.4807450465256577,0.6997781612028593,PRUNED
1385,1385,0.7034754744885383,2021-02-22 04:02:23.775582,2021-02-22 04:02:35.016077,0 days 00:00:11.240495,0.00018342339989861986,80,0.9932210656602795,1.6584833863085997,0.7034754744885383,PRUNED
1386,1386,0.6938624599457728,2021-02-22 04:02:35.016793,2021-02-22 04:02:46.138488,0 days 00:00:11.121695,0.0002301638070681781,80,0.9937038809314306,0.3687661696954476,0.6938624599457728,PRUNED
1387,1387,0.732268362236361,2021-02-22 04:02:46.139195,2021-02-22 04:04:11.409496,0 days 00:01:25.270301,0.00026576634092969416,80,0.9935097447480693,1.1069329142818565,0.7123490263741681,COMPLETE
1388,1388,0.7210047321945963,2021-02-22 04:04:11.410419,2021-02-22 04:05:36.392894,0 days 00:01:24.982475,0.00020178059720368932,80,0.9935768803771773,1.2349788422330226,0.7088982006408676,COMPLETE
1389,1389,0.7064333251170816,2021-02-22 04:05:36.394029,2021-02-22 04:05:47.560610,0 days 00:00:11.166581,0.0003112981647655119,80,0.9939441502839357,0.9820174386842537,0.7064333251170816,PRUNED
1390,1390,0.7252140263399586,2021-02-22 04:05:47.561259,2021-02-22 04:07:12.925800,0 days 00:01:25.364541,0.000211578516183512,80,0.9933279523623166,0.40318655847974183,0.7194971653931477,COMPLETE
1391,1391,0.7052008873551886,2021-02-22 04:07:12.926956,2021-02-22 04:07:24.255936,0 days 00:00:11.328980,0.00031496112263046345,80,0.9929687362017513,0.4012424761124429,0.7052008873551886,PRUNED
1392,1392,0.7034754744885383,2021-02-22 04:07:24.256608,2021-02-22 04:07:35.680487,0 days 00:00:11.423879,0.000253911679006445,80,0.993663652867621,0.4187232379444771,0.7034754744885383,PRUNED
1393,1393,0.7242080437612732,2021-02-22 04:07:35.681200,2021-02-22 04:09:00.667337,0 days 00:01:24.986137,0.00030961563905699315,90,0.9940734881298147,1.16491023135881,0.7088982006408676,COMPLETE
1394,1394,0.727809907394351,2021-02-22 04:09:00.668259,2021-02-22 04:10:25.635588,0 days 00:01:24.967329,0.0002660803558746756,80,0.9938407786266668,0.9375976920587261,0.707419275326596,COMPLETE
1395,1395,0.6817845698792211,2021-02-22 04:10:25.636771,2021-02-22 04:10:36.856356,0 days 00:00:11.219585,0.00021810211712616556,80,0.9983220061958759,0.17684872628352222,0.6817845698792211,PRUNED
1396,1396,0.7255153098599703,2021-02-22 04:10:36.857054,2021-02-22 04:12:01.948721,0 days 00:01:25.091667,0.00017031468793542656,80,0.9942268953679942,1.4348206029225816,0.7071727877742174,COMPLETE
1397,1397,0.7056938624599458,2021-02-22 04:12:01.949877,2021-02-22 04:12:13.225948,0 days 00:00:11.276071,0.0002936455392069211,80,0.994448847259634,3.5988809877841805,0.7056938624599458,PRUNED
1398,1398,0.6827705200887355,2021-02-22 04:12:13.226688,2021-02-22 04:12:24.557826,0 days 00:00:11.331138,0.0003411552807267693,80,0.9929776962704283,0.011118714092044346,0.6827705200887355,PRUNED
1399,1399,0.6987922109933449,2021-02-22 04:12:24.558522,2021-02-22 04:12:35.705745,0 days 00:00:11.147223,0.00024665927162217434,80,0.9932594968754985,1.2319429270750486,0.6987922109933449,PRUNED
1400,1400,0.7052008873551886,2021-02-22 04:12:35.706406,2021-02-22 04:12:46.953123,0 days 00:00:11.246717,0.0003353812613683003,80,0.9940430096807117,2.113396670114853,0.7052008873551886,PRUNED
1401,1401,0.7002711363076165,2021-02-22 04:12:46.953808,2021-02-22 04:12:58.184165,0 days 00:00:11.230357,0.0002711256534937679,80,0.9943461465261095,1.7604568260374043,0.7002711363076165,PRUNED
1402,1402,0.7032289869361598,2021-02-22 04:12:58.184826,2021-02-22 04:13:09.360366,0 days 00:00:11.175540,0.00018325982633508162,80,0.991461214642952,1.2066572186427051,0.7032289869361598,PRUNED
1403,1403,0.723515283424813,2021-02-22 04:13:09.361029,2021-02-22 04:14:34.408118,0 days 00:01:25.047089,0.00022100312963578417,80,0.9939884744080498,2.6047002323943937,0.7088982006408676,COMPLETE
1404,1404,0.7047079122504314,2021-02-22 04:14:34.409353,2021-02-22 04:14:45.629007,0 days 00:00:11.219654,0.0003150686801161407,80,0.9986318721367533,3.7479074385168127,0.7047079122504314,PRUNED
1405,1405,0.6978062607838305,2021-02-22 04:14:45.629769,2021-02-22 04:14:57.070825,0 days 00:00:11.441056,0.0003286495729105852,80,0.9936728531356976,0.8323134657777653,0.6978062607838305,PRUNED
1406,1406,0.695587872812423,2021-02-22 04:14:57.071541,2021-02-22 04:15:08.361880,0 days 00:00:11.290339,0.00025834872914441925,80,0.9938872075652045,0.021196067399797958,0.695587872812423,PRUNED
1407,1407,0.7313782680877464,2021-02-22 04:15:08.362550,2021-02-22 04:16:33.379248,0 days 00:01:25.016698,0.005105092400331505,90,0.9948308363321933,1.7986531375336154,0.707419275326596,COMPLETE
1408,1408,0.7227121392361255,2021-02-22 04:16:33.380423,2021-02-22 04:17:58.649032,0 days 00:01:25.268609,0.00020447575491846836,80,0.9942469703704321,0.19079866926992928,0.7091446881932463,COMPLETE
1409,1409,0.7052008873551886,2021-02-22 04:17:58.650186,2021-02-22 04:18:09.867884,0 days 00:00:11.217698,0.0001659206430462748,80,0.9934202112236585,2.83935921831901,0.7052008873551886,PRUNED
1410,1410,0.7012570865171309,2021-02-22 04:18:09.868564,2021-02-22 04:18:21.149883,0 days 00:00:11.281319,0.00028230772566455403,80,0.9983156227760966,2.0523570458630838,0.7012570865171309,PRUNED
1411,1411,0.7024895242790239,2021-02-22 04:18:21.150613,2021-02-22 04:18:32.397937,0 days 00:00:11.247324,0.0003469914317740737,90,0.9940639207728217,0.024028061022820846,0.7024895242790239,PRUNED
1412,1412,0.698052748336209,2021-02-22 04:18:32.398619,2021-02-22 04:18:43.599883,0 days 00:00:11.201264,0.00025400220127128666,80,0.9938200693764464,3.33682604868846,0.698052748336209,PRUNED
1413,1413,0.729225467454321,2021-02-22 04:18:43.600600,2021-02-22 04:20:08.849725,0 days 00:01:25.249125,0.0003067147085147043,80,0.9927925062591891,1.3727612287290392,0.7088982006408676,COMPLETE
1414,1414,0.7224269277365846,2021-02-22 04:20:08.850937,2021-02-22 04:21:33.914457,0 days 00:01:25.063520,0.00036901029928748235,80,0.9946204964936081,3.563818424729555,0.7093911757456248,COMPLETE
1415,1415,0.7056938624599458,2021-02-22 04:21:33.915672,2021-02-22 04:21:45.253009,0 days 00:00:11.337337,0.00022929923088662154,80,0.994376032328698,3.9380686423498212,0.7056938624599458,PRUNED
1416,1416,0.7029824993837811,2021-02-22 04:21:45.253718,2021-02-22 04:21:56.498884,0 days 00:00:11.245166,0.00029511279976171816,60,0.9935373348597656,2.4498165567786234,0.7029824993837811,PRUNED
1417,1417,0.732210407276759,2021-02-22 04:21:56.499637,2021-02-22 04:23:21.663386,0 days 00:01:25.163749,0.00035938092028926067,10,0.9942065523599922,0.6408734241598703,0.7113630761646537,COMPLETE
1418,1418,0.7054473749075671,2021-02-22 04:23:21.664600,2021-02-22 04:23:32.787489,0 days 00:00:11.122889,0.00021092068781675195,20,0.9982529858455665,2.0092646277384403,0.7054473749075671,PRUNED
1419,1419,0.7052008873551886,2021-02-22 04:23:32.788139,2021-02-22 04:23:44.261068,0 days 00:00:11.472929,0.00026627460439260497,80,0.9939805231261815,4.1313965349064095,0.7052008873551886,PRUNED
1420,1420,0.6973132856790732,2021-02-22 04:23:44.261703,2021-02-22 04:23:55.580009,0 days 00:00:11.318306,1.2745423336079829e-05,80,0.9937510512130271,3.0130168467643728,0.6973132856790732,PRUNED
1421,1421,0.7044614246980527,2021-02-22 04:23:55.580742,2021-02-22 04:24:06.766447,0 days 00:00:11.185705,0.0003705060251404135,90,0.9941359065888467,3.1605360844511754,0.7044614246980527,PRUNED
1422,1422,0.7064333251170816,2021-02-22 04:24:06.767176,2021-02-22 04:24:17.918332,0 days 00:00:11.151156,0.00031071708843251875,80,0.9984198928835825,17.95258431633269,0.7064333251170816,PRUNED
1423,1423,0.7275384010241845,2021-02-22 04:24:17.919048,2021-02-22 04:25:43.195044,0 days 00:01:25.275996,0.00017407464393110524,60,0.9956438812765276,1.012337787504788,0.7194971653931477,COMPLETE
1424,1424,0.7210382882523195,2021-02-22 04:25:43.195970,2021-02-22 04:27:08.479095,0 days 00:01:25.283125,0.00023141952681423667,80,0.9944019745002692,3.734778982697281,0.7106236135075179,COMPLETE
1425,1425,0.7054473749075671,2021-02-22 04:27:08.480260,2021-02-22 04:27:19.821516,0 days 00:00:11.341256,0.0003352882450694542,80,0.9981400522625691,6.233041583061058,0.7054473749075671,PRUNED
1426,1426,0.7253603798427092,2021-02-22 04:27:19.822219,2021-02-22 04:28:45.173414,0 days 00:01:25.351195,0.00015588218289995626,20,0.9960370514392448,2.8038092178426215,0.716785802316983,COMPLETE
1427,1427,0.706186837564703,2021-02-22 04:28:45.174578,2021-02-22 04:28:56.337666,0 days 00:00:11.163088,0.00019821617128122477,80,0.9939309457111195,2.6610957358871303,0.706186837564703,PRUNED
1428,1428,0.7258780033694485,2021-02-22 04:28:56.338322,2021-02-22 04:30:21.431812,0 days 00:01:25.093490,0.0002718784915615279,80,0.9931124665244966,1.4420447429726078,0.707419275326596,COMPLETE
1429,1429,0.725836683047271,2021-02-22 04:30:21.432938,2021-02-22 04:31:46.567522,0 days 00:01:25.134584,0.0003809873378714936,80,0.9941960455769223,6.504086102015518,0.7121025388217895,COMPLETE
1430,1430,0.7022430367266453,2021-02-22 04:31:46.568442,2021-02-22 04:31:57.820935,0 days 00:00:11.252493,0.00030906472473337976,60,0.9945108623238417,0.07420871651139027,0.7022430367266453,PRUNED
1431,1431,0.7069263002218388,2021-02-22 04:31:57.821648,2021-02-22 04:32:09.016117,0 days 00:00:11.194469,0.0003724689939085427,30,0.9938276839593803,4.110441625364145,0.7069263002218388,PRUNED
1432,1432,0.703721962040917,2021-02-22 04:32:09.016806,2021-02-22 04:32:20.249463,0 days 00:00:11.232657,0.00025634129712799104,90,0.9935810234010506,17.106790835575985,0.703721962040917,PRUNED
1433,1433,0.7027360118314026,2021-02-22 04:32:20.250155,2021-02-22 04:32:31.496014,0 days 00:00:11.245859,0.00023690471338670027,50,0.9951411635136828,2.2256434919149735,0.7027360118314026,PRUNED
1434,1434,0.7250181613683472,2021-02-22 04:32:31.496728,2021-02-22 04:33:56.369221,0 days 00:01:24.872493,0.00031441113873394237,80,0.9985567372756117,3.513731494889414,0.7088982006408676,COMPLETE
1435,1435,0.7019965491742667,2021-02-22 04:33:56.370148,2021-02-22 04:34:07.642542,0 days 00:00:11.272394,0.00014114275903333805,80,0.9940859067434015,6.336343985632839,0.7019965491742667,PRUNED
1436,1436,0.7069263002218388,2021-02-22 04:34:07.643270,2021-02-22 04:34:18.895306,0 days 00:00:11.252036,0.00019629344341888223,80,0.9947062831123119,6.069002114191484,0.7069263002218388,PRUNED
1437,1437,0.7064333251170816,2021-02-22 04:34:18.896028,2021-02-22 04:34:30.135014,0 days 00:00:11.238986,0.00035737466692157134,30,0.9981906652322251,6.926859730128335,0.7064333251170816,PRUNED
1438,1438,0.7215881047268808,2021-02-22 04:34:30.135719,2021-02-22 04:35:55.457626,0 days 00:01:25.321907,0.0002845999309755939,80,0.9964798367912427,0.790759929094529,0.7153068770027113,COMPLETE
1439,1439,0.7027360118314026,2021-02-22 04:35:55.458561,2021-02-22 04:36:06.696088,0 days 00:00:11.237527,0.00039198298732367115,50,0.9943707323894694,3.232246556590132,0.7027360118314026,PRUNED
1440,1440,0.7024895242790239,2021-02-22 04:36:06.696824,2021-02-22 04:36:17.865102,0 days 00:00:11.168278,0.00023084431892462113,20,0.99536153512981,2.528811458304597,0.7024895242790239,PRUNED
1441,1441,0.7056938624599458,2021-02-22 04:36:17.865851,2021-02-22 04:36:29.082077,0 days 00:00:11.216226,0.00017613058930550463,60,0.9934062422802135,1.9052535182409618,0.7056938624599458,PRUNED
1442,1442,0.7056938624599458,2021-02-22 04:36:29.082816,2021-02-22 04:36:40.401166,0 days 00:00:11.318350,0.00028117504932108356,80,0.9936246495916167,4.136910827278412,0.7056938624599458,PRUNED
1443,1443,0.7337027520814259,2021-02-22 04:36:40.401894,2021-02-22 04:38:05.568865,0 days 00:01:25.166971,0.0003330066182284425,30,0.9941025651229697,7.297835503303669,0.7093911757456248,COMPLETE
1444,1444,0.7047079122504314,2021-02-22 04:38:05.569791,2021-02-22 04:38:16.835937,0 days 00:00:11.266146,0.00035695377386173963,30,0.9940283661151865,7.141466226260762,0.7047079122504314,PRUNED
1445,1445,0.6987922109933449,2021-02-22 04:38:16.836651,2021-02-22 04:38:28.195900,0 days 00:00:11.359249,0.00030318968604701253,30,0.9941905301588007,7.343254285578762,0.6987922109933449,PRUNED
1446,1446,0.7066798126694602,2021-02-22 04:38:28.196588,2021-02-22 04:38:39.389931,0 days 00:00:11.193343,0.0003431115244811349,30,0.994260334558543,7.453371842408822,0.7066798126694602,PRUNED
1447,1447,0.7322055838871494,2021-02-22 04:38:39.390656,2021-02-22 04:40:04.765376,0 days 00:01:25.374720,0.0002667956145833909,30,0.9939555354249694,7.181889488158841,0.7138279516884397,COMPLETE
1448,1448,0.6911510968696081,2021-02-22 04:40:04.766526,2021-02-22 04:40:15.907106,0 days 00:00:11.140580,0.00031298006334320945,30,0.9938078321339583,7.067806883837903,0.6911510968696081,PRUNED
1449,1449,0.7317837898372991,2021-02-22 04:40:15.907803,2021-02-22 04:41:41.228291,0 days 00:01:25.320488,0.0002484469295868117,30,0.994322144405744,7.539145200399973,0.7113630761646537,COMPLETE
1450,1450,0.7049543998028099,2021-02-22 04:41:41.229552,2021-02-22 04:41:52.599082,0 days 00:00:11.369530,0.0003232463875626147,30,0.996169746624707,1.5438630373418514,0.7049543998028099,PRUNED
1451,1451,0.6960808479171802,2021-02-22 04:41:52.599738,2021-02-22 04:42:03.801062,0 days 00:00:11.201324,0.0003777450044802686,30,0.9940782593603216,7.349245277183467,0.6960808479171802,PRUNED
1452,1452,0.7313298717615082,2021-02-22 04:42:03.801751,2021-02-22 04:43:28.816300,0 days 00:01:25.014549,0.0002875737556201012,30,0.9944868509674661,3.764616993664556,0.7116095637170323,COMPLETE
1453,1453,0.7300031768578215,2021-02-22 04:43:28.817470,2021-02-22 04:44:54.004460,0 days 00:01:25.186990,0.00024378834609428056,30,0.9939188271386039,4.545995732735767,0.7091446881932463,COMPLETE
1454,1454,0.7310345145257087,2021-02-22 04:44:54.005620,2021-02-22 04:46:19.198298,0 days 00:01:25.192678,0.00033061487497537727,20,0.9942361362595284,2.339640236627865,0.7214690658121765,COMPLETE
1455,1455,0.703721962040917,2021-02-22 04:46:19.199225,2021-02-22 04:46:30.362042,0 days 00:00:11.162817,0.00020366370396948807,30,0.9940448994114724,7.52087052734131,0.703721962040917,PRUNED
1456,1456,0.7237566357115623,2021-02-22 04:46:30.362736,2021-02-22 04:47:55.448880,0 days 00:01:25.086144,0.00028449149530727225,30,0.993813617095178,2.954512275906316,0.7254128666502342,COMPLETE
1457,1457,0.6948484101552872,2021-02-22 04:47:55.450101,2021-02-22 04:48:06.632066,0 days 00:00:11.181965,0.00038073371744253324,30,0.9943013392973858,1.1110358105596096,0.6948484101552872,PRUNED
1458,1458,0.7024895242790239,2021-02-22 04:48:06.632746,2021-02-22 04:48:17.910539,0 days 00:00:11.277793,0.00022115089835921404,30,0.9936998516475954,7.542159251093367,0.7024895242790239,PRUNED
1459,1459,0.7002711363076165,2021-02-22 04:48:17.911227,2021-02-22 04:48:29.301645,0 days 00:00:11.390418,0.00033549529960315543,30,0.994114645257719,6.7643125850029255,0.7002711363076165,PRUNED
1460,1460,0.7066798126694602,2021-02-22 04:48:29.302319,2021-02-22 04:48:40.575750,0 days 00:00:11.273431,0.0003879973534240704,30,0.9944771668299897,4.352007253224835,0.7066798126694602,PRUNED
