,number,value,datetime_start,datetime_complete,duration,params_lr,params_out_dim,params_scheduler_gamma,params_weight_decay,system_attrs_completed_rung_0,state
2462,2462,0.732778251733286,2021-02-22 16:02:03.541749,2021-02-22 16:03:33.211802,0 days 00:01:29.670053,0.000259323571290909,80,0.9974157261165864,7.898412596213484,0.7108701010598965,COMPLETE
2463,2463,0.7318969988173156,2021-02-22 16:03:33.213473,2021-02-22 16:05:03.150813,0 days 00:01:29.937340,0.00020819286490712514,80,0.9973990391883211,8.753417336092987,0.7111165886122751,COMPLETE
2464,2464,0.7052008873551886,2021-02-22 16:05:03.152309,2021-02-22 16:05:15.099375,0 days 00:00:11.947066,0.00027529835040381354,80,0.9971739084254188,8.407803412279238,0.7052008873551886,PRUNED
2465,2465,0.6997781612028593,2021-02-22 16:05:15.100540,2021-02-22 16:05:27.078939,0 days 00:00:11.978399,0.00020823080800919338,80,0.9912725924687439,8.818366977673818,0.6997781612028593,PRUNED
2466,2466,0.723425883379556,2021-02-22 16:05:27.080067,2021-02-22 16:06:56.961665,0 days 00:01:29.881598,0.00024064007354671725,80,0.9972050688333002,8.46105321093218,0.7084052255361104,COMPLETE
2467,2467,0.7311761381812215,2021-02-22 16:06:56.962995,2021-02-22 16:08:26.554084,0 days 00:01:29.591089,0.00028971720550155413,80,0.9975508674088648,8.010250358841427,0.7133349765836825,COMPLETE
2468,2468,0.7069263002218388,2021-02-22 16:08:26.555883,2021-02-22 16:08:38.569222,0 days 00:00:12.013339,0.00019819980567715702,80,0.9975818350232788,7.919487432720248,0.7069263002218388,PRUNED
2469,2469,0.7019965491742667,2021-02-22 16:08:38.570442,2021-02-22 16:08:50.512571,0 days 00:00:11.942129,0.00024778571066824196,80,0.9977039306946001,7.861494068124863,0.7019965491742667,PRUNED
2470,2470,0.7071727877742174,2021-02-22 16:08:50.513716,2021-02-22 16:09:02.429460,0 days 00:00:11.915744,0.0002974112022714298,80,0.9974054890855478,8.792814987045702,0.7071727877742174,PRUNED
2471,2471,0.7056938624599458,2021-02-22 16:09:02.430635,2021-02-22 16:09:14.392847,0 days 00:00:11.962212,0.0002228583332859758,80,0.9935535561339821,8.36180103198775,0.7056938624599458,PRUNED
2472,2472,0.7047079122504314,2021-02-22 16:09:14.393925,2021-02-22 16:09:26.342515,0 days 00:00:11.948590,0.00028282400019984707,80,0.9941833652919252,8.083641363509715,0.7047079122504314,PRUNED
2473,2473,0.6874537835839291,2021-02-22 16:09:26.343638,2021-02-22 16:09:38.305583,0 days 00:00:11.961945,0.00020176592323368461,80,0.993999614752545,7.772238452574906,0.6874537835839291,PRUNED
2474,2474,0.7320893944717779,2021-02-22 16:09:38.306722,2021-02-22 16:11:08.081076,0 days 00:01:29.774354,0.00025565705735729785,80,0.9973222982439525,7.618243766439598,0.7093911757456248,COMPLETE
2475,2475,0.6973132856790732,2021-02-22 16:11:08.082965,2021-02-22 16:11:20.225946,0 days 00:00:12.142981,0.00030482213699272,80,0.9938224655225061,8.610057544659771,0.6973132856790732,PRUNED
2476,2476,0.7290024304388412,2021-02-22 16:11:20.227222,2021-02-22 16:12:50.038255,0 days 00:01:29.811033,0.0002024208060255561,80,0.9943805662586556,8.940279304732798,0.709884150850382,COMPLETE
2477,2477,0.7224494801547273,2021-02-22 16:12:50.040196,2021-02-22 16:14:19.580887,0 days 00:01:29.540691,0.00018492159428871936,80,0.9946233195388291,8.2359448012552,0.7081587379837319,COMPLETE
2478,2478,0.7012570865171309,2021-02-22 16:14:19.582532,2021-02-22 16:14:31.558726,0 days 00:00:11.976194,0.0002437894647930094,80,0.9976911684874479,7.637846955841135,0.7012570865171309,PRUNED
2479,2479,0.6975597732314518,2021-02-22 16:14:31.559840,2021-02-22 16:14:43.527279,0 days 00:00:11.967439,0.0002623103401143544,80,0.994284681439897,7.645285910831633,0.6975597732314518,PRUNED
2480,2480,0.7269066273879148,2021-02-22 16:14:43.528405,2021-02-22 16:16:13.148647,0 days 00:01:29.620242,0.00019111838965937025,70,0.9975030975455302,7.9934766023707615,0.7093911757456248,COMPLETE
2481,2481,0.7034754744885383,2021-02-22 16:16:13.149988,2021-02-22 16:16:25.114105,0 days 00:00:11.964117,0.0003121117344518961,80,0.9936158705388177,8.391216453121167,0.7034754744885383,PRUNED
2482,2482,0.7066798126694602,2021-02-22 16:16:25.115258,2021-02-22 16:16:36.870929,0 days 00:00:11.755671,0.00023263065997780177,80,0.99405505440864,7.5477251824183025,0.7066798126694602,PRUNED
2483,2483,0.7044614246980527,2021-02-22 16:16:36.872064,2021-02-22 16:16:48.790207,0 days 00:00:11.918143,0.00029714715742458107,80,0.9971562526595531,9.079788215262642,0.7044614246980527,PRUNED
2484,2484,0.7243342566446911,2021-02-22 16:16:48.791378,2021-02-22 16:18:18.610108,0 days 00:01:29.818730,0.00017688493009211054,70,0.993884737410474,7.995618954093792,0.7093911757456248,COMPLETE
2485,2485,0.6990386985457234,2021-02-22 16:18:18.612059,2021-02-22 16:18:30.592050,0 days 00:00:11.979991,0.00021816693701392752,80,0.9933637879082067,7.476305919845424,0.6990386985457234,PRUNED
2486,2486,0.726977448920598,2021-02-22 16:18:30.593171,2021-02-22 16:20:00.540232,0 days 00:01:29.947061,0.00027711451099351016,80,0.9977384174817169,8.45029295123196,0.707419275326596,COMPLETE
2487,2487,0.7066798126694602,2021-02-22 16:20:00.541940,2021-02-22 16:20:12.418614,0 days 00:00:11.876674,0.00023703400494093992,90,0.9941399898307963,14.746767941134584,0.7066798126694602,PRUNED
2488,2488,0.706186837564703,2021-02-22 16:20:12.419767,2021-02-22 16:20:24.344276,0 days 00:00:11.924509,0.0003198309198499702,80,0.9928825432833442,16.93998962098415,0.706186837564703,PRUNED
2489,2489,0.7032289869361598,2021-02-22 16:20:24.345420,2021-02-22 16:20:36.247625,0 days 00:00:11.902205,0.00018075625130911936,80,0.9947257612583942,7.83638843911943,0.7032289869361598,PRUNED
2490,2490,0.7254429229943056,2021-02-22 16:20:36.248778,2021-02-22 16:22:06.231927,0 days 00:01:29.983149,0.0002551794423115624,80,0.9936551732289912,7.508254773973154,0.7086517130884891,COMPLETE
2491,2491,0.695587872812423,2021-02-22 16:22:06.233603,2021-02-22 16:22:18.137584,0 days 00:00:11.903981,0.0002068704716007089,90,0.9945221663892622,1.1440575396172314,0.695587872812423,PRUNED
2492,2492,0.6970667981266946,2021-02-22 16:22:18.138721,2021-02-22 16:22:30.233313,0 days 00:00:12.094592,0.00030543355047231343,80,0.9930874713429465,4.575992276201009,0.6970667981266946,PRUNED
2493,2493,0.7347669031477125,2021-02-22 16:22:30.234428,2021-02-22 16:23:59.746127,0 days 00:01:29.511699,0.000179945357158122,80,0.9942601022945382,16.408214829757554,0.7091446881932463,COMPLETE
2494,2494,0.7064333251170816,2021-02-22 16:23:59.747768,2021-02-22 16:24:11.736624,0 days 00:00:11.988856,0.0001775481999356457,80,0.9944010619027246,16.279929794061225,0.7064333251170816,PRUNED
2495,2495,0.7066798126694602,2021-02-22 16:24:11.737822,2021-02-22 16:24:23.624038,0 days 00:00:11.886216,0.00017574130635936974,80,0.9942846877495409,15.89845533482752,0.7066798126694602,PRUNED
2496,2496,0.706186837564703,2021-02-22 16:24:23.625163,2021-02-22 16:24:35.588777,0 days 00:00:11.963614,0.0001624496511514824,80,0.9942852307588467,15.699978970862764,0.706186837564703,PRUNED
2497,2497,0.7307247219350559,2021-02-22 16:24:35.589915,2021-02-22 16:26:05.244341,0 days 00:01:29.654426,0.00016143746305185262,80,0.9944363721130742,17.09671002669442,0.7148139018979541,COMPLETE
2498,2498,0.6936159723933941,2021-02-22 16:26:05.245953,2021-02-22 16:26:17.191790,0 days 00:00:11.945837,0.00016450751462800125,80,0.9941808931803386,11.965218557655916,0.6936159723933941,PRUNED
2499,2499,0.7047079122504314,2021-02-22 16:26:17.192934,2021-02-22 16:26:29.102129,0 days 00:00:11.909195,0.00015242162923221356,80,0.9942620685271941,18.377299914796183,0.7047079122504314,PRUNED
2500,2500,0.7341820935111223,2021-02-22 16:26:29.103270,2021-02-22 16:27:58.815435,0 days 00:01:29.712165,0.00018019883077961796,80,0.9941225832355697,16.386728673011884,0.7088982006408676,COMPLETE
2501,2501,0.7250498971678553,2021-02-22 16:27:58.816784,2021-02-22 16:29:28.367439,0 days 00:01:29.550655,0.0001623608461255344,80,0.9941065347598785,17.10164207358917,0.7101306384027607,COMPLETE
2502,2502,0.7064333251170816,2021-02-22 16:29:28.369235,2021-02-22 16:29:40.314681,0 days 00:00:11.945446,0.00017194990318749416,80,0.9941334797664589,16.246719790317474,0.7064333251170816,PRUNED
2503,2503,0.7320845460410514,2021-02-22 16:29:40.315836,2021-02-22 16:31:10.296793,0 days 00:01:29.980957,0.00014807414840304584,80,0.9940204209346338,15.629248138840138,0.7093911757456248,COMPLETE
2504,2504,0.7039684495932955,2021-02-22 16:31:10.298439,2021-02-22 16:31:22.379651,0 days 00:00:12.081212,0.00015825147274422846,80,0.9943269244502443,16.346212836453276,0.7039684495932955,PRUNED
2505,2505,0.7056938624599458,2021-02-22 16:31:22.380820,2021-02-22 16:31:34.343763,0 days 00:00:11.962943,0.00017776453838358184,80,0.9939618644125814,18.77818187410452,0.7056938624599458,PRUNED
2506,2506,0.7049543998028099,2021-02-22 16:31:34.344927,2021-02-22 16:31:46.224690,0 days 00:00:11.879763,0.00017894100643624293,80,0.9941919049493175,15.844574846778753,0.7049543998028099,PRUNED
2507,2507,0.7267120365923947,2021-02-22 16:31:46.225859,2021-02-22 16:33:15.837891,0 days 00:01:29.612032,0.00014287897459173743,80,0.9944636619533971,16.652986319745086,0.7084052255361104,COMPLETE
2508,2508,0.729895668456332,2021-02-22 16:33:15.839583,2021-02-22 16:34:45.560005,0 days 00:01:29.720422,0.00014146479448000668,80,0.9939760132708252,16.607164058019684,0.7165393147646044,COMPLETE
2509,2509,0.7300673298082281,2021-02-22 16:34:45.561353,2021-02-22 16:36:15.024592,0 days 00:01:29.463239,0.00018332182957466782,80,0.9942541758439017,17.698142085598406,0.7121025388217895,COMPLETE
2510,2510,0.7299170114777598,2021-02-22 16:36:15.026424,2021-02-22 16:37:44.582936,0 days 00:01:29.556512,0.00015729581273299904,80,0.9944859775564823,16.897050429859483,0.7106236135075179,COMPLETE
2511,2511,0.7049543998028099,2021-02-22 16:37:44.584559,2021-02-22 16:37:56.549587,0 days 00:00:11.965028,0.00013295937085130828,80,0.9941594588168218,16.64510747842715,0.7049543998028099,PRUNED
2512,2512,0.7066798126694602,2021-02-22 16:37:56.550753,2021-02-22 16:38:08.412472,0 days 00:00:11.861719,0.00019281097054127543,80,0.9939130935966023,17.715351411332293,0.7066798126694602,PRUNED
2513,2513,0.7269920541300872,2021-02-22 16:38:08.413609,2021-02-22 16:39:38.185719,0 days 00:01:29.772110,0.00017225492020731496,80,0.9942777293577041,18.600312874650186,0.713088489031304,COMPLETE
2514,2514,0.7237979295924468,2021-02-22 16:39:38.187300,2021-02-22 16:41:07.770565,0 days 00:01:29.583265,0.00013212437133532743,80,0.9944318226946796,8.164175807318237,0.7145674143455756,COMPLETE
2515,2515,0.7318697872434541,2021-02-22 16:41:07.772478,2021-02-22 16:42:37.537364,0 days 00:01:29.764886,0.000187200771008224,80,0.9938777718277908,17.253202393364262,0.707419275326596,COMPLETE
2516,2516,0.7322295053670531,2021-02-22 16:42:37.539032,2021-02-22 16:44:07.096732,0 days 00:01:29.557700,0.00015375687250281268,80,0.9943111104611152,16.251407035652054,0.707419275326596,COMPLETE
2517,2517,0.7257516693003523,2021-02-22 16:44:07.098115,2021-02-22 16:45:36.934192,0 days 00:01:29.836077,0.00015805799758156832,80,0.9940708190434303,17.28129046557648,0.7108701010598965,COMPLETE
2518,2518,0.7042149371456742,2021-02-22 16:45:36.936007,2021-02-22 16:45:48.923466,0 days 00:00:11.987459,0.00019181338417563807,80,0.9940251983791305,16.50864583849398,0.7042149371456742,PRUNED
2519,2519,0.730596600184042,2021-02-22 16:45:48.924710,2021-02-22 16:47:18.445854,0 days 00:01:29.521144,0.00012461182030064968,80,0.9944950342124617,16.0848008690342,0.707419275326596,COMPLETE
2520,2520,0.703721962040917,2021-02-22 16:47:18.447569,2021-02-22 16:47:30.443890,0 days 00:00:11.996321,0.000148782097167935,80,0.9940867689562395,17.173130248268738,0.703721962040917,PRUNED
2521,2521,0.7039684495932955,2021-02-22 16:47:30.445050,2021-02-22 16:47:42.321920,0 days 00:00:11.876870,0.0001828280761573527,80,0.9938156819327829,16.579143795797236,0.7039684495932955,PRUNED
2522,2522,0.7332011867535433,2021-02-22 16:47:42.323104,2021-02-22 16:49:10.420394,0 days 00:01:28.097290,0.000187977682343174,80,0.9942120623262379,16.55554598972793,0.7157998521074685,COMPLETE
2523,2523,0.7032289869361598,2021-02-22 16:49:10.421983,2021-02-22 16:49:21.962894,0 days 00:00:11.540911,0.0001413485461532008,80,0.9937496255611246,16.14814653052159,0.7032289869361598,PRUNED
2524,2524,0.7029824993837811,2021-02-22 16:49:21.963990,2021-02-22 16:49:33.481256,0 days 00:00:11.517266,0.00019973879962990708,80,0.994357461104483,17.99111195656916,0.7029824993837811,PRUNED
2525,2525,0.7044614246980527,2021-02-22 16:49:33.482376,2021-02-22 16:49:45.163310,0 days 00:00:11.680934,0.0001147310443854389,80,0.9939743946610101,17.494970055154084,0.7044614246980527,PRUNED
2526,2526,0.7027360118314026,2021-02-22 16:49:45.164447,2021-02-22 16:49:56.556488,0 days 00:00:11.392041,0.0001680548564825397,80,0.9945215201649622,16.93459266265412,0.7027360118314026,PRUNED
2527,2527,0.7047079122504314,2021-02-22 16:49:56.557688,2021-02-22 16:50:08.165512,0 days 00:00:11.607824,0.0001277359097492551,70,0.9941599937070862,16.276899190812305,0.7047079122504314,PRUNED
2528,2528,0.6997781612028593,2021-02-22 16:50:08.166618,2021-02-22 16:50:19.716570,0 days 00:00:11.549952,0.00011234571305176542,80,0.9943328918337399,16.385198129116283,0.6997781612028593,PRUNED
2529,2529,0.7024895242790239,2021-02-22 16:50:19.717737,2021-02-22 16:50:31.572375,0 days 00:00:11.854638,0.0001596781952236024,80,0.9938189707076576,4.030492841134377,0.7024895242790239,PRUNED
2530,2530,0.7341784696194038,2021-02-22 16:50:31.573513,2021-02-22 16:52:01.471828,0 days 00:01:29.898315,0.00021241121314760815,80,0.9940460726173631,18.655907379260338,0.7111165886122751,COMPLETE
2531,2531,0.7049543998028099,2021-02-22 16:52:01.473466,2021-02-22 16:52:13.441905,0 days 00:00:11.968439,0.00020263742895943653,80,0.9939771528777953,18.119759428677146,0.7049543998028099,PRUNED
2532,2532,0.7042149371456742,2021-02-22 16:52:13.443126,2021-02-22 16:52:25.504612,0 days 00:00:12.061486,0.0001310626848410822,80,0.9941884114628875,16.850472280157614,0.7042149371456742,PRUNED
2533,2533,0.7243053828342843,2021-02-22 16:52:25.505773,2021-02-22 16:53:55.460394,0 days 00:01:29.954621,0.0001678008223885852,70,0.9944868964757333,15.804163151230869,0.7084052255361104,COMPLETE
2534,2534,0.732467382845086,2021-02-22 16:53:55.462041,2021-02-22 16:55:24.889429,0 days 00:01:29.427388,0.00010311260424817687,80,0.9936993027308963,17.205475985172583,0.7177717525264974,COMPLETE
2535,2535,0.7000246487552378,2021-02-22 16:55:24.891406,2021-02-22 16:55:36.941610,0 days 00:00:12.050204,0.00020360324103394374,80,0.994563878125396,15.668495701308,0.7000246487552378,PRUNED
2536,2536,0.7310897935275233,2021-02-22 16:55:36.942724,2021-02-22 16:57:06.819150,0 days 00:01:29.876426,0.00014802868853603166,70,0.9942819135861759,16.62726926785109,0.7103771259551392,COMPLETE
2537,2537,0.7329522499746122,2021-02-22 16:57:06.820958,2021-02-22 16:58:36.391610,0 days 00:01:29.570652,0.0001781227455708156,80,0.9940774564822046,8.852719288044351,0.7096376632980035,COMPLETE
2538,2538,0.7290843214992886,2021-02-22 16:58:36.393289,2021-02-22 17:00:05.914503,0 days 00:01:29.521214,0.00013146052041844826,80,0.9938477416117542,16.28469834735165,0.7091446881932463,COMPLETE
2539,2539,0.7069263002218388,2021-02-22 17:00:05.916482,2021-02-22 17:00:17.940816,0 days 00:00:12.024334,0.00019882297702032475,80,0.9943777388131636,17.838640110186113,0.7069263002218388,PRUNED
2540,2540,0.7266456248235005,2021-02-22 17:00:17.941920,2021-02-22 17:01:47.843702,0 days 00:01:29.901782,0.00010427395557087264,80,0.9941597795144843,16.684234791138323,0.7084052255361104,COMPLETE
2541,2541,0.7034754744885383,2021-02-22 17:01:47.845480,2021-02-22 17:01:59.761399,0 days 00:00:11.915919,7.099583294841366e-05,80,0.9939171980681677,15.967147459420588,0.7034754744885383,PRUNED
2542,2542,0.7237083298385604,2021-02-22 17:01:59.762601,2021-02-22 17:03:29.444543,0 days 00:01:29.681942,9.133640829500978e-05,80,0.994322063140711,0.5497519647159812,0.7084052255361104,COMPLETE
2543,2543,0.7007641114123737,2021-02-22 17:03:29.446315,2021-02-22 17:03:41.295069,0 days 00:00:11.848754,0.0001545547045196831,80,0.99371621325262,16.206986169932904,0.7007641114123737,PRUNED
2544,2544,0.7309218012981088,2021-02-22 17:03:41.296243,2021-02-22 17:05:10.682381,0 days 00:01:29.386138,0.00021099500524763087,80,0.9945640632606992,19.724666123807115,0.7116095637170323,COMPLETE
2545,2545,0.7017500616218881,2021-02-22 17:05:10.683971,2021-02-22 17:05:22.612141,0 days 00:00:11.928170,0.00012646363145402782,70,0.9940985893875033,17.54877976882032,0.7017500616218881,PRUNED
2546,2546,0.7366875029865371,2021-02-22 17:05:22.613308,2021-02-22 17:06:52.266759,0 days 00:01:29.653451,0.0001637041803017199,80,0.9939343713926222,17.137143030881443,0.7157998521074685,COMPLETE
2547,2547,0.6958343603648016,2021-02-22 17:06:52.268639,2021-02-22 17:07:04.146138,0 days 00:00:11.877499,0.00011537649980126987,80,0.9935763475642205,8.577664115131334,0.6958343603648016,PRUNED
2548,2548,0.6916440719743653,2021-02-22 17:07:04.147300,2021-02-22 17:07:16.182183,0 days 00:00:12.034883,0.00014108119043256768,80,0.9937936480217282,3.0930517513305382,0.6916440719743653,PRUNED
2549,2549,0.695587872812423,2021-02-22 17:07:16.183389,2021-02-22 17:07:28.130953,0 days 00:00:11.947564,0.0001270740039920158,80,0.9935152078536702,17.506913792940882,0.695587872812423,PRUNED
2550,2550,0.7002711363076165,2021-02-22 17:07:28.132106,2021-02-22 17:07:40.139219,0 days 00:00:12.007113,0.00010878315572336182,70,0.9936754003284546,16.79501662567331,0.7002711363076165,PRUNED
2551,2551,0.6958343603648016,2021-02-22 17:07:40.140417,2021-02-22 17:07:52.068708,0 days 00:00:11.928291,8.630764074538458e-05,80,0.9938826233548212,17.922669008744357,0.6958343603648016,PRUNED
2552,2552,0.6872072960315504,2021-02-22 17:07:52.069838,2021-02-22 17:08:03.951831,0 days 00:00:11.881993,0.00014213901523534633,80,0.9937268475681257,2.2735169829144573,0.6872072960315504,PRUNED
2553,2553,0.7310017375082729,2021-02-22 17:08:03.952973,2021-02-22 17:09:33.590671,0 days 00:01:29.637698,0.00014931836182804743,80,0.9937399238971246,17.11345918894957,0.7101306384027607,COMPLETE
2554,2554,0.7027360118314026,2021-02-22 17:09:33.592048,2021-02-22 17:09:45.567563,0 days 00:00:11.975515,0.00011482613811867774,80,0.993530863187671,17.17736008832089,0.7027360118314026,PRUNED
2555,2555,0.7275315857530094,2021-02-22 17:09:45.568696,2021-02-22 17:11:15.252242,0 days 00:01:29.683546,0.0001684118671808812,80,0.9938661390331195,16.879181924674803,0.7096376632980035,COMPLETE
2556,2556,0.6921370470791225,2021-02-22 17:11:15.254099,2021-02-22 17:11:27.224149,0 days 00:00:11.970050,9.766054745320303e-05,70,0.9939809499863395,1.6244026508362,0.6921370470791225,PRUNED
2557,2557,0.6978062607838305,2021-02-22 17:11:27.225313,2021-02-22 17:11:39.053763,0 days 00:00:11.828450,0.000135376478352094,80,0.9935077031135805,17.460309353637374,0.6978062607838305,PRUNED
2558,2558,0.7029824993837811,2021-02-22 17:11:39.054958,2021-02-22 17:11:51.156986,0 days 00:00:12.102028,0.0001657690727375935,80,0.9933117813124563,7.953872572280853,0.7029824993837811,PRUNED
2559,2559,0.7039684495932955,2021-02-22 17:11:51.158137,2021-02-22 17:12:03.192293,0 days 00:00:12.034156,0.00012153374240817219,80,0.9938854097630614,18.06763178636093,0.7039684495932955,PRUNED
2560,2560,0.7298324241671289,2021-02-22 17:12:03.193472,2021-02-22 17:13:32.728346,0 days 00:01:29.534874,0.00015507217342105244,80,0.9937970084546837,16.846723150405744,0.7123490263741681,COMPLETE
2561,2561,0.7010105989647523,2021-02-22 17:13:32.730263,2021-02-22 17:13:44.703984,0 days 00:00:11.973721,0.00019983476451027664,80,0.9940095397521547,2.7410834432779674,0.7010105989647523,PRUNED
2562,2562,0.7183022115105288,2021-02-22 17:13:44.705205,2021-02-22 17:15:14.328709,0 days 00:01:29.623504,0.00010285207048726443,80,0.9936859172751988,17.40927951495351,0.7143209267931969,COMPLETE
2563,2563,0.7047079122504314,2021-02-22 17:15:14.330387,2021-02-22 17:15:26.297938,0 days 00:00:11.967551,0.00021854372658263458,80,0.9938984899568556,18.288306721559366,0.7047079122504314,PRUNED
2564,2564,0.7012570865171309,2021-02-22 17:15:26.299144,2021-02-22 17:15:38.228113,0 days 00:00:11.928969,0.00013740407166714264,70,0.9940725791007264,17.05620521132033,0.7012570865171309,PRUNED
2565,2565,0.7039684495932955,2021-02-22 17:15:38.229254,2021-02-22 17:15:50.126360,0 days 00:00:11.897106,0.00017363476071502104,80,0.9933494282529417,17.773008115762394,0.7039684495932955,PRUNED
2566,2566,0.7266455584481124,2021-02-22 17:15:50.127534,2021-02-22 17:17:19.785838,0 days 00:01:29.658304,0.00011714602850221372,80,0.9936601004326263,17.43438621277987,0.7187577027360118,COMPLETE
2567,2567,0.6933694848410156,2021-02-22 17:17:19.787458,2021-02-22 17:17:31.792894,0 days 00:00:12.005436,0.0002220073738798278,80,0.9942117403410472,3.6147417527594334,0.6933694848410156,PRUNED
2568,2568,0.7305596440177273,2021-02-22 17:17:31.794113,2021-02-22 17:19:01.459664,0 days 00:01:29.665551,8.073995701997474e-05,80,0.993919006876665,17.844316576697526,0.7182647276312546,COMPLETE
2569,2569,0.7024895242790239,2021-02-22 17:19:01.461590,2021-02-22 17:19:13.361523,0 days 00:00:11.899933,0.00015461163902922564,70,0.994637233614534,18.2464939430454,0.7024895242790239,PRUNED
2570,2570,0.730388436819766,2021-02-22 17:19:13.362703,2021-02-22 17:20:43.290505,0 days 00:01:29.927802,0.00018882707038233305,80,0.9940145341676417,17.10428373891313,0.7135814641360612,COMPLETE
2571,2571,0.7336886769039358,2021-02-22 17:20:43.292199,2021-02-22 17:22:12.960050,0 days 00:01:29.667851,0.00013451652313117786,80,0.9942084519720817,18.091167843303367,0.7101306384027607,COMPLETE
2572,2572,0.7000246487552378,2021-02-22 17:22:12.961623,2021-02-22 17:22:24.992093,0 days 00:00:12.030470,6.166083061642315e-05,80,0.9934869346576553,17.29396586885318,0.7000246487552378,PRUNED
