,number,value,datetime_start,datetime_complete,duration,params_lr,params_out_dim,params_scheduler_gamma,params_weight_decay,system_attrs_completed_rung_0,state
1461,1461,0.706186837564703,2021-02-22 04:48:40.576437,2021-02-22 04:48:51.816199,0 days 00:00:11.239762,0.00025935332710744615,30,0.9941376859166448,7.621058450315859,0.706186837564703,PRUNED
1462,1462,0.7066798126694602,2021-02-22 04:48:51.816893,2021-02-22 04:49:03.156761,0 days 00:00:11.339868,0.00031270189874933193,30,0.9946296845533334,0.6101113730574882,0.7066798126694602,PRUNED
1463,1463,0.703721962040917,2021-02-22 04:49:03.157452,2021-02-22 04:49:14.366245,0 days 00:00:11.208793,0.00015654988923834403,30,0.9939093131103758,3.369168731017558,0.703721962040917,PRUNED
1464,1464,0.7310145109538164,2021-02-22 04:49:14.366936,2021-02-22 04:50:39.314349,0 days 00:01:24.947413,0.0003815137139336646,30,0.9936522155462768,7.040424823837476,0.7093911757456248,COMPLETE
1465,1465,0.7271224657714997,2021-02-22 04:50:39.315329,2021-02-22 04:52:04.674412,0 days 00:01:25.359083,0.00027575782478585296,30,0.9962572164068846,2.714656391647158,0.7096376632980035,COMPLETE
1466,1466,0.7007641114123737,2021-02-22 04:52:04.675586,2021-02-22 04:52:15.952428,0 days 00:00:11.276842,0.00022528640326563947,30,0.9942373691632345,3.657521516481489,0.7007641114123737,PRUNED
1467,1467,0.6884397337934435,2021-02-22 04:52:15.953116,2021-02-22 04:52:27.250863,0 days 00:00:11.297747,0.0003207613665979749,20,0.9940562608483865,1.887472761615069,0.6884397337934435,PRUNED
1468,1468,0.7056938624599458,2021-02-22 04:52:27.251521,2021-02-22 04:52:38.467777,0 days 00:00:11.216256,0.00026065719214780187,30,0.994436370112417,6.592094344589515,0.7056938624599458,PRUNED
1469,1469,0.7239180004924864,2021-02-22 04:52:38.468422,2021-02-22 04:54:03.526699,0 days 00:01:25.058277,0.00017954547255358435,50,0.9947815591412066,7.595529057976873,0.7143209267931969,COMPLETE
1470,1470,0.7255021034430875,2021-02-22 04:54:03.527894,2021-02-22 04:55:28.833951,0 days 00:01:25.306057,0.00038646734660117716,30,0.9938098410383659,4.681092920535274,0.7086517130884891,COMPLETE
1471,1471,0.7034754744885383,2021-02-22 04:55:28.835135,2021-02-22 04:55:40.152057,0 days 00:00:11.316922,0.0003303359404531016,20,0.9981750001719135,7.018238149936462,0.7034754744885383,PRUNED
1472,1472,0.700517623859995,2021-02-22 04:55:40.152739,2021-02-22 04:55:51.334721,0 days 00:00:11.181982,0.00013520481323275814,60,0.9958396386207293,1.2936740122727541,0.700517623859995,PRUNED
1473,1473,0.7022430367266453,2021-02-22 04:55:51.335438,2021-02-22 04:56:02.558979,0 days 00:00:11.223541,0.00019778000046277396,30,0.9933576606359128,5.737811658857791,0.7022430367266453,PRUNED
1474,1474,0.7270007739197741,2021-02-22 04:56:02.559683,2021-02-22 04:57:27.477430,0 days 00:01:24.917747,0.0002991919558455689,50,0.9943389581036743,3.991852936487476,0.7101306384027607,COMPLETE
1475,1475,0.6992851860981021,2021-02-22 04:57:27.478366,2021-02-22 04:57:38.738257,0 days 00:00:11.259891,0.00037931023781282173,10,0.9939264870536163,0.026690166767352252,0.6992851860981021,PRUNED
1476,1476,0.7015035740695095,2021-02-22 04:57:38.738945,2021-02-22 04:57:49.979736,0 days 00:00:11.240791,0.0002374021861420823,60,0.9983749658405617,2.169374045040821,0.7015035740695095,PRUNED
1477,1477,0.7032289869361598,2021-02-22 04:57:49.980451,2021-02-22 04:58:01.218765,0 days 00:00:11.238314,0.00027601332306173337,30,0.9940802723022104,2.8964642247240353,0.7032289869361598,PRUNED
1478,1478,0.7022430367266453,2021-02-22 04:58:01.219473,2021-02-22 04:58:12.448950,0 days 00:00:11.229477,0.0003388552697965314,50,0.9942548513996149,7.719186258284558,0.7022430367266453,PRUNED
1479,1479,0.7271823291699949,2021-02-22 04:58:12.449686,2021-02-22 04:59:37.471423,0 days 00:01:25.021737,0.00039606627657193125,50,0.9988603662674576,4.308328098178256,0.7113630761646537,COMPLETE
1480,1480,0.6837564702982499,2021-02-22 04:59:37.472587,2021-02-22 04:59:48.719114,0 days 00:00:11.246527,0.00016207074039413936,20,0.9980189698327482,7.307143661293457,0.6837564702982499,PRUNED
1481,1481,0.706186837564703,2021-02-22 04:59:48.719844,2021-02-22 05:00:00.247241,0 days 00:00:11.527397,0.0002132566317090801,30,0.9936120945246663,5.998116973316476,0.706186837564703,PRUNED
1482,1482,0.7292541743340928,2021-02-22 05:00:00.247931,2021-02-22 05:01:25.367783,0 days 00:01:25.119852,0.0003100832663787358,50,0.9949711021773373,6.67559154594897,0.7081587379837319,COMPLETE
1483,1483,0.6992851860981021,2021-02-22 05:01:25.368733,2021-02-22 05:01:36.577542,0 days 00:00:11.208809,0.000254261939523864,30,0.992682831205163,4.714401079892697,0.6992851860981021,PRUNED
1484,1484,0.7044614246980527,2021-02-22 05:01:36.578276,2021-02-22 05:01:47.838171,0 days 00:00:11.259895,0.000386114115309659,60,0.9944980668344477,3.473612096936163,0.7044614246980527,PRUNED
1485,1485,0.7042149371456742,2021-02-22 05:01:47.838913,2021-02-22 05:01:59.160946,0 days 00:00:11.322033,0.00012489540927468915,30,0.996399709356626,1.5917579983597354,0.7042149371456742,PRUNED
1486,1486,0.7049543998028099,2021-02-22 05:01:59.161677,2021-02-22 05:02:10.497553,0 days 00:00:11.335876,0.018197692495961048,20,0.9939305630766515,5.508112601367834,0.7049543998028099,PRUNED
1487,1487,0.7064333251170816,2021-02-22 05:02:10.498281,2021-02-22 05:02:21.707919,0 days 00:00:11.209638,0.0002934525160653263,50,0.99821559958658,6.245021601446792,0.7064333251170816,PRUNED
1488,1488,0.7029824993837811,2021-02-22 05:02:21.708606,2021-02-22 05:02:32.903703,0 days 00:00:11.195097,0.0003413531568625101,60,0.9937757908960824,7.689629897920689,0.7029824993837811,PRUNED
1489,1489,0.7189491151716184,2021-02-22 05:02:32.904456,2021-02-22 05:03:57.925057,0 days 00:01:25.020601,0.00023123491930705418,30,0.9941884490942654,0.6143136962562596,0.707419275326596,COMPLETE
1490,1490,0.6953413852600444,2021-02-22 05:03:57.926255,2021-02-22 05:04:09.115481,0 days 00:00:11.189226,0.00014617424642942203,30,0.9984896948233173,2.4355845538492216,0.6953413852600444,PRUNED
1491,1491,0.7316523971913373,2021-02-22 05:04:09.116184,2021-02-22 05:05:34.432225,0 days 00:01:25.316041,0.0004022404331711484,50,0.9946168434628334,3.2091929781144684,0.7108701010598965,COMPLETE
1492,1492,0.7032289869361598,2021-02-22 05:05:34.433156,2021-02-22 05:05:45.749734,0 days 00:00:11.316578,0.00010726861047405473,10,0.9917579323212117,5.108522316476432,0.7032289869361598,PRUNED
1493,1493,0.7059403500123244,2021-02-22 05:05:45.750408,2021-02-22 05:05:57.000924,0 days 00:00:11.250516,0.00019956965522378338,20,0.9940839582990947,5.793822498937486,0.7059403500123244,PRUNED
1494,1494,0.7042149371456742,2021-02-22 05:05:57.001610,2021-02-22 05:06:08.205113,0 days 00:00:11.203503,0.0002781664882177333,30,0.996044568856932,7.14210808426751,0.7042149371456742,PRUNED
1495,1495,0.7064333251170816,2021-02-22 05:06:08.205815,2021-02-22 05:06:19.380389,0 days 00:00:11.174574,0.0004101046370855439,50,0.998076501856718,3.9845472991876894,0.7064333251170816,PRUNED
1496,1496,0.7059403500123244,2021-02-22 05:06:19.381042,2021-02-22 05:06:30.625966,0 days 00:00:11.244924,0.0003498670184424598,100,0.9944186316020376,7.936797713896921,0.7059403500123244,PRUNED
1497,1497,0.7042149371456742,2021-02-22 05:06:30.626678,2021-02-22 05:06:41.837205,0 days 00:00:11.210527,0.00025337108539924693,30,0.9934704879846156,6.880804033188695,0.7042149371456742,PRUNED
1498,1498,0.72937305760949,2021-02-22 05:06:41.837948,2021-02-22 05:08:07.166307,0 days 00:01:25.328359,0.00033070755686394126,60,0.9939246103678432,4.402607323032047,0.7212225782597979,COMPLETE
1499,1499,0.7034754744885383,2021-02-22 05:08:07.167635,2021-02-22 05:08:18.546198,0 days 00:00:11.378563,0.00016600313426011663,30,0.9942596462109696,0.015766338428116033,0.7034754744885383,PRUNED
1500,1500,0.7324569081706604,2021-02-22 05:08:18.546950,2021-02-22 05:09:43.704517,0 days 00:01:25.157567,0.00028759838276609006,90,0.9932487568091087,1.870984714205445,0.7071727877742174,COMPLETE
1501,1501,0.6874537835839291,2021-02-22 05:09:43.705489,2021-02-22 05:09:55.060454,0 days 00:00:11.354965,0.00018637280012486052,50,0.9936979327350224,1.0831565097489049,0.6874537835839291,PRUNED
1502,1502,0.6958343603648016,2021-02-22 05:09:55.061191,2021-02-22 05:10:06.266863,0 days 00:00:11.205672,0.0002283685570045001,20,0.9940730515940881,5.039515567801025,0.6958343603648016,PRUNED
1503,1503,0.7012570865171309,2021-02-22 05:10:06.267604,2021-02-22 05:10:17.487374,0 days 00:00:11.219770,0.0003871445800479904,30,0.9983183000123118,7.404846957665055,0.7012570865171309,PRUNED
1504,1504,0.7044614246980527,2021-02-22 05:10:17.488064,2021-02-22 05:10:28.653700,0 days 00:00:11.165636,0.0003343764184289842,60,0.9938693419992491,6.296691869407301,0.7044614246980527,PRUNED
1505,1505,0.7327650316254737,2021-02-22 05:10:28.654400,2021-02-22 05:11:53.719474,0 days 00:01:25.065074,0.0002842275351691939,80,0.9979981111722761,3.0063310403844654,0.7091446881932463,COMPLETE
1506,1506,0.7066798126694602,2021-02-22 05:11:53.720787,2021-02-22 05:12:05.075486,0 days 00:00:11.354699,0.00012843150034027535,30,0.9986826565599524,5.445855953720048,0.7066798126694602,PRUNED
1507,1507,0.7277493582466464,2021-02-22 05:12:05.076228,2021-02-22 05:13:30.044274,0 days 00:01:24.968046,0.0004095030217409882,50,0.99435347743454,3.7377355183362457,0.7079122504313532,COMPLETE
1508,1508,0.7019965491742667,2021-02-22 05:13:30.045509,2021-02-22 05:13:41.342486,0 days 00:00:11.296977,0.00024879611902321573,80,0.9941331883075731,6.748483505217492,0.7019965491742667,PRUNED
1509,1509,0.7069263002218388,2021-02-22 05:13:41.343248,2021-02-22 05:13:52.671698,0 days 00:00:11.328450,0.0003358710960850781,90,0.9935840854741237,7.934742947244992,0.7069263002218388,PRUNED
1510,1510,0.6923835346315012,2021-02-22 05:13:52.672426,2021-02-22 05:14:03.781168,0 days 00:00:11.108742,0.00020778691709052123,80,0.9981286318636884,2.5711540631562135,0.6923835346315012,PRUNED
1511,1511,0.7034754744885383,2021-02-22 05:14:03.781920,2021-02-22 05:14:15.163310,0 days 00:00:11.381390,0.0002873212532392511,50,0.9947817133762932,4.838974691229869,0.7034754744885383,PRUNED
1512,1512,0.6921370470791225,2021-02-22 05:14:15.164038,2021-02-22 05:14:26.375708,0 days 00:00:11.211670,9.647956007085845e-05,30,0.9939398629918297,5.9070591305253455,0.6921370470791225,PRUNED
1513,1513,0.7039684495932955,2021-02-22 05:14:26.376442,2021-02-22 05:14:37.709748,0 days 00:00:11.333306,0.0003955127763558188,60,0.9930234916283488,7.616986121124222,0.7039684495932955,PRUNED
1514,1514,0.7272190163868817,2021-02-22 05:14:37.710441,2021-02-22 05:16:02.951673,0 days 00:01:25.241232,0.00015707223208670154,80,0.9965213604124127,6.408480346806376,0.7108701010598965,COMPLETE
1515,1515,0.6987922109933449,2021-02-22 05:16:02.952933,2021-02-22 05:16:14.308346,0 days 00:00:11.355413,0.0003396536583939889,30,0.9945540090808098,4.474849183237239,0.6987922109933449,PRUNED
1516,1516,0.7056938624599458,2021-02-22 05:16:14.309054,2021-02-22 05:16:25.589260,0 days 00:00:11.280206,0.00023822732885637207,80,0.9911887964808791,5.488896779303599,0.7056938624599458,PRUNED
1517,1517,0.7244140690113041,2021-02-22 05:16:25.589970,2021-02-22 05:17:50.767983,0 days 00:01:25.178013,0.00011460263512467491,80,0.9936980491918883,7.022654586716952,0.71555336455509,COMPLETE
1518,1518,0.7235057518423846,2021-02-22 05:17:50.769216,2021-02-22 05:19:15.726549,0 days 00:01:24.957333,0.0002906843722844161,30,0.9942361838094039,2.2310109918651175,0.7101306384027607,COMPLETE
1519,1519,0.7064333251170816,2021-02-22 05:19:15.727688,2021-02-22 05:19:26.900169,0 days 00:00:11.172481,0.0004106410683095594,70,0.998265611460948,7.831536728931955,0.7064333251170816,PRUNED
1520,1520,0.6960808479171802,2021-02-22 05:19:26.900887,2021-02-22 05:19:38.260492,0 days 00:00:11.359605,0.0003249789304811313,20,0.996264864988965,1.5829497046999335,0.6960808479171802,PRUNED
1521,1521,0.7027360118314026,2021-02-22 05:19:38.261235,2021-02-22 05:19:49.609595,0 days 00:00:11.348360,0.00025759468129982644,50,0.9940473279153769,3.201210731718928,0.7027360118314026,PRUNED
1522,1522,0.7332170029113237,2021-02-22 05:19:49.610377,2021-02-22 05:21:14.950842,0 days 00:01:25.340465,0.00019110853808936942,60,0.9984742672246716,7.31612921802388,0.7084052255361104,COMPLETE
1523,1523,0.7049543998028099,2021-02-22 05:21:14.951986,2021-02-22 05:21:26.096416,0 days 00:00:11.144430,0.0004161156155707098,80,0.9944210899877496,0.8138368694626497,0.7049543998028099,PRUNED
1524,1524,0.7289065758813169,2021-02-22 05:21:26.097139,2021-02-22 05:22:51.323937,0 days 00:01:25.226798,0.00013835889908805468,30,0.9938387364788506,3.9625582108989743,0.7143209267931969,COMPLETE
1525,1525,0.728233614980152,2021-02-22 05:22:51.325139,2021-02-22 05:24:16.402394,0 days 00:01:25.077255,0.0003643243283786847,80,0.994180708750623,5.1793266953158685,0.7121025388217895,COMPLETE
1526,1526,0.7059403500123244,2021-02-22 05:24:16.403639,2021-02-22 05:24:27.715688,0 days 00:00:11.312049,0.00022710710298736085,90,0.9980422976384535,5.807421374047758,0.7059403500123244,PRUNED
1527,1527,0.6970667981266946,2021-02-22 05:24:27.716388,2021-02-22 05:24:39.080957,0 days 00:00:11.364569,0.00027759529539937906,50,0.9940515878511462,4.5969397286571745,0.6970667981266946,PRUNED
1528,1528,0.7238706688589343,2021-02-22 05:24:39.081706,2021-02-22 05:26:04.245207,0 days 00:01:25.163501,8.553865512027146e-05,70,0.9935186437037407,6.578754658448564,0.7096376632980035,COMPLETE
1529,1529,0.7323577754558392,2021-02-22 05:26:04.246406,2021-02-22 05:27:29.433488,0 days 00:01:25.187082,0.0003149939677493889,20,0.9937699309412037,15.917333833213387,0.7081587379837319,COMPLETE
1530,1530,0.7059403500123244,2021-02-22 05:27:29.434669,2021-02-22 05:27:40.665296,0 days 00:00:11.230627,0.00017914056309499887,80,0.995588730601682,6.011916563903316,0.7059403500123244,PRUNED
1531,1531,0.7019965491742667,2021-02-22 05:27:40.665963,2021-02-22 05:27:51.941107,0 days 00:00:11.275144,0.0004049140541610681,30,0.994333574625758,2.775859303737266,0.7019965491742667,PRUNED
1532,1532,0.7173501033112422,2021-02-22 05:27:51.941808,2021-02-22 05:29:17.020599,0 days 00:01:25.078791,0.00022192639139022248,70,0.9980097595669479,3.5576988468617983,0.7084052255361104,COMPLETE
1533,1533,0.7309794688159352,2021-02-22 05:29:17.021790,2021-02-22 05:30:42.117330,0 days 00:01:25.095540,0.0003555372714375624,80,0.9946196428910983,4.8499809491939105,0.7084052255361104,COMPLETE
1534,1534,0.7049543998028099,2021-02-22 05:30:42.118632,2021-02-22 05:30:53.298585,0 days 00:00:11.179953,0.00029759843876534035,60,0.9939509736567087,7.446664128984684,0.7049543998028099,PRUNED
1535,1535,0.7017500616218881,2021-02-22 05:30:53.299394,2021-02-22 05:31:04.673615,0 days 00:00:11.374221,0.0004257313310892266,80,0.9933524935463252,7.937798173871743,0.7017500616218881,PRUNED
1536,1536,0.6958343603648016,2021-02-22 05:31:04.674326,2021-02-22 05:31:15.798500,0 days 00:00:11.124174,0.00010634993721521916,50,0.9983128396177849,5.4558157431158705,0.6958343603648016,PRUNED
1537,1537,0.7044614246980527,2021-02-22 05:31:15.799260,2021-02-22 05:31:27.085954,0 days 00:00:11.286694,0.0002455602918947462,30,0.994249457661143,1.273623468172242,0.7044614246980527,PRUNED
1538,1538,0.7029824993837811,2021-02-22 05:31:27.086689,2021-02-22 05:31:38.307316,0 days 00:00:11.220627,0.0001400897799775313,80,0.9941230671358525,4.27893112192952,0.7029824993837811,PRUNED
1539,1539,0.7000246487552378,2021-02-22 05:31:38.308039,2021-02-22 05:31:49.539056,0 days 00:00:11.231017,0.0003399077080510581,80,0.9958232229092852,6.941929977504482,0.7000246487552378,PRUNED
1540,1540,0.7064333251170816,2021-02-22 05:31:49.539804,2021-02-22 05:32:00.747140,0 days 00:00:11.207336,0.00020618710199545536,70,0.9937291034431237,6.222072675158913,0.7064333251170816,PRUNED
1541,1541,0.7227247960651721,2021-02-22 05:32:00.747854,2021-02-22 05:33:25.750031,0 days 00:01:25.002177,0.00027060261839986977,20,0.9943861015367876,2.2740839975882716,0.7079122504313532,COMPLETE
1542,1542,0.7066798126694602,2021-02-22 05:33:25.751288,2021-02-22 05:33:36.978491,0 days 00:00:11.227203,0.0001717280372931975,30,0.9981605958359498,7.22380344651269,0.7066798126694602,PRUNED
1543,1543,0.6992851860981021,2021-02-22 05:33:36.979221,2021-02-22 05:33:48.215891,0 days 00:00:11.236670,0.0003583877823216859,80,0.9979337388132599,7.8913195306442105,0.6992851860981021,PRUNED
1544,1544,0.7007641114123737,2021-02-22 05:33:48.216622,2021-02-22 05:33:59.541494,0 days 00:00:11.324872,0.00030263157422879807,50,0.9949354885863567,5.581231303723082,0.7007641114123737,PRUNED
1545,1545,0.7284087027899753,2021-02-22 05:33:59.542240,2021-02-22 05:35:24.595536,0 days 00:01:25.053296,0.000255236697497979,30,0.9963912160819444,6.684456637203787,0.7162928272122258,COMPLETE
1546,1546,0.7024895242790239,2021-02-22 05:35:24.596509,2021-02-22 05:35:35.810112,0 days 00:00:11.213603,0.0004376519853218157,90,0.9939169481265764,3.1631123071172924,0.7024895242790239,PRUNED
1547,1547,0.6992851860981021,2021-02-22 05:35:35.810843,2021-02-22 05:35:47.056510,0 days 00:00:11.245667,0.0001193261952877761,60,0.9945011452503268,3.8126393909535135,0.6992851860981021,PRUNED
1548,1548,0.703721962040917,2021-02-22 05:35:47.057227,2021-02-22 05:35:58.288097,0 days 00:00:11.230870,0.00035895170329829144,70,0.9985511145431349,4.993830371906826,0.703721962040917,PRUNED
1549,1549,0.7029824993837811,2021-02-22 05:35:58.288829,2021-02-22 05:36:09.615452,0 days 00:00:11.326623,0.00030218589214193206,80,0.994103361453495,1.986002965626329,0.7029824993837811,PRUNED
1550,1550,0.7318984726874009,2021-02-22 05:36:09.616219,2021-02-22 05:37:34.776298,0 days 00:01:25.160079,0.00042283789983304045,30,0.9935542798555319,8.078570750746358,0.7081587379837319,COMPLETE
1551,1551,0.7064333251170816,2021-02-22 05:37:34.777257,2021-02-22 05:37:46.146438,0 days 00:00:11.369181,0.00015208342840161368,10,0.9978923586356688,0.46588949060693247,0.7064333251170816,PRUNED
1552,1552,0.7024895242790239,2021-02-22 05:37:46.147211,2021-02-22 05:37:57.464793,0 days 00:00:11.317582,0.0002618722701025471,40,0.9965507943729872,6.314261354306438,0.7024895242790239,PRUNED
1553,1553,0.7044614246980527,2021-02-22 05:37:57.465551,2021-02-22 05:38:08.739711,0 days 00:00:11.274160,0.00021207372237027556,50,0.9943130566322946,4.223591143098792,0.7044614246980527,PRUNED
1554,1554,0.7262616167528355,2021-02-22 05:38:08.740482,2021-02-22 05:39:34.097486,0 days 00:01:25.357004,0.0003227319378105523,80,0.9927898375375181,7.610773925879482,0.707419275326596,COMPLETE
1555,1555,0.6997781612028593,2021-02-22 05:39:34.098458,2021-02-22 05:39:45.277882,0 days 00:00:11.179424,0.0004065382851870987,40,0.9981504457147263,2.5089768829944044,0.6997781612028593,PRUNED
1556,1556,0.7338338406805344,2021-02-22 05:39:45.278610,2021-02-22 05:41:10.406574,0 days 00:01:25.127964,0.00036736668885721974,80,0.9952745046992021,5.918264270072535,0.713088489031304,COMPLETE
1557,1557,0.728449457119699,2021-02-22 05:41:10.407833,2021-02-22 05:42:35.720912,0 days 00:01:25.313079,0.00030256725041821926,80,0.9959587047291397,5.989982612083281,0.7079122504313532,COMPLETE
1558,1558,0.7049543998028099,2021-02-22 05:42:35.722117,2021-02-22 05:42:47.020769,0 days 00:00:11.298652,0.0003520802139154079,80,0.9959728220846934,5.799153680758386,0.7049543998028099,PRUNED
1559,1559,0.728645150241223,2021-02-22 05:42:47.021554,2021-02-22 05:44:12.345785,0 days 00:01:25.324231,0.0002772167526687027,80,0.9953991311008406,5.852982745395427,0.7204831156026621,COMPLETE
1560,1560,0.7254223397968168,2021-02-22 05:44:12.347028,2021-02-22 05:45:37.555893,0 days 00:01:25.208865,0.00023113240879519414,80,0.9951013763916069,6.376099683045041,0.7071727877742174,COMPLETE
1561,1561,0.706186837564703,2021-02-22 05:45:37.557168,2021-02-22 05:45:48.725742,0 days 00:00:11.168574,0.00032610392939641064,80,0.9957421955993505,5.476418627400742,0.706186837564703,PRUNED
1562,1562,0.7044614246980527,2021-02-22 05:45:48.726460,2021-02-22 05:46:00.116792,0 days 00:00:11.390332,0.0002629909419997597,80,0.9953214235369426,6.116969030813537,0.7044614246980527,PRUNED
1563,1563,0.6975597732314518,2021-02-22 05:46:00.117515,2021-02-22 05:46:11.429566,0 days 00:00:11.312051,0.000305961536674446,80,0.9956817585709022,5.569624008227805,0.6975597732314518,PRUNED
1564,1564,0.7044614246980527,2021-02-22 05:46:11.430338,2021-02-22 05:46:22.636503,0 days 00:00:11.206165,0.00037171118508469474,80,0.9955378980854535,6.554010437247236,0.7044614246980527,PRUNED
1565,1565,0.7047079122504314,2021-02-22 05:46:22.637261,2021-02-22 05:46:34.042923,0 days 00:00:11.405662,0.0001949865736922825,80,0.9950461425492999,5.175252364911081,0.7047079122504314,PRUNED
1566,1566,0.703721962040917,2021-02-22 05:46:34.043733,2021-02-22 05:46:45.261279,0 days 00:00:11.217546,0.00025306908809259363,80,0.995416710876246,5.82188138512743,0.703721962040917,PRUNED
1567,1567,0.7069263002218388,2021-02-22 05:46:45.262086,2021-02-22 05:46:56.516082,0 days 00:00:11.253996,0.00034524017511487965,80,0.9952975283505624,6.127322231239305,0.7069263002218388,PRUNED
1568,1568,0.6958343603648016,2021-02-22 05:46:56.516848,2021-02-22 05:47:07.852292,0 days 00:00:11.335444,0.0003138053799945796,80,0.9950615797129667,5.269984388445901,0.6958343603648016,PRUNED
1569,1569,0.6987922109933449,2021-02-22 05:47:07.853074,2021-02-22 05:47:19.029334,0 days 00:00:11.176260,0.00010318554737723616,80,0.9954310815839692,5.709989457948616,0.6987922109933449,PRUNED
1570,1570,0.7069263002218388,2021-02-22 05:47:19.030092,2021-02-22 05:47:30.399438,0 days 00:00:11.369346,0.000228350484371907,80,0.9949440792223712,6.587463435114754,0.7069263002218388,PRUNED
1571,1571,0.7032289869361598,2021-02-22 05:47:30.400217,2021-02-22 05:47:41.750160,0 days 00:00:11.349943,0.0003707532329642107,80,0.9947795829965389,5.346414032079047,0.7032289869361598,PRUNED
1572,1572,0.7248414498940116,2021-02-22 05:47:41.750946,2021-02-22 05:49:07.348226,0 days 00:01:25.597280,0.00017148300296856254,80,0.9947763876804734,4.916869775387767,0.7101306384027607,COMPLETE
