,number,value,datetime_start,datetime_complete,duration,params_lr,params_out_dim,params_scheduler_gamma,params_weight_decay,system_attrs_completed_rung_0,state
1906,1906,0.7032289869361598,2021-02-22 09:34:45.146796,2021-02-22 09:34:56.498345,0 days 00:00:11.351549,0.00011977077361299178,80,0.9968446835817399,4.545962526081609,0.7032289869361598,PRUNED
1907,1907,0.7032289869361598,2021-02-22 09:34:56.499269,2021-02-22 09:35:07.837202,0 days 00:00:11.337933,0.0001376525840916496,90,0.9941389785045615,6.205365039042119,0.7032289869361598,PRUNED
1908,1908,0.7022430367266453,2021-02-22 09:35:07.838090,2021-02-22 09:35:19.233155,0 days 00:00:11.395065,0.000390553585493863,50,0.9938494172530925,2.4914772461277286,0.7022430367266453,PRUNED
1909,1909,0.7217847473139186,2021-02-22 09:35:19.234048,2021-02-22 09:36:44.742464,0 days 00:01:25.508416,0.0003114792658537491,80,0.9958910930372145,3.052593967292851,0.7113630761646537,COMPLETE
1910,1910,0.7064333251170816,2021-02-22 09:36:44.743891,2021-02-22 09:36:56.145902,0 days 00:00:11.402011,0.00024309253181039884,40,0.994518111183042,4.985785090493325,0.7064333251170816,PRUNED
1911,1911,0.7059403500123244,2021-02-22 09:36:56.146811,2021-02-22 09:37:07.534899,0 days 00:00:11.388088,0.00017426945552760385,80,0.9935938673272074,18.385914768734146,0.7059403500123244,PRUNED
1912,1912,0.6864678333744146,2021-02-22 09:37:07.535798,2021-02-22 09:37:18.928879,0 days 00:00:11.393081,9.209940721785448e-05,70,0.9940268823730385,0.7308952863778655,0.6864678333744146,PRUNED
1913,1913,0.7010105989647523,2021-02-22 09:37:18.929771,2021-02-22 09:37:30.148433,0 days 00:00:11.218662,0.00040625005884627034,30,0.9981103114227509,0.0045241183886277625,0.7010105989647523,PRUNED
1914,1914,0.7166430408153477,2021-02-22 09:37:30.149289,2021-02-22 09:38:55.785400,0 days 00:01:25.636111,0.00021305123657869743,100,0.9915151296757336,2.275015160507717,0.7076657628789746,COMPLETE
1915,1915,0.7017500616218881,2021-02-22 09:38:55.786784,2021-02-22 09:39:07.057383,0 days 00:00:11.270599,0.0002830205664577026,60,0.9934142139262314,5.911504284672031,0.7017500616218881,PRUNED
1916,1916,0.7231235348051159,2021-02-22 09:39:07.058263,2021-02-22 09:40:32.547374,0 days 00:01:25.489111,0.00035946318326658314,40,0.9955823842494776,3.983923568650033,0.7148139018979541,COMPLETE
1917,1917,0.7032289869361598,2021-02-22 09:40:32.548714,2021-02-22 09:40:43.735315,0 days 00:00:11.186601,0.00031457681076350907,90,0.9948751926932818,5.338876119292021,0.7032289869361598,PRUNED
1918,1918,0.6990386985457234,2021-02-22 09:40:43.736181,2021-02-22 09:40:55.047885,0 days 00:00:11.311704,0.0001497480932527063,80,0.9943839423413903,6.284548362294895,0.6990386985457234,PRUNED
1919,1919,0.7264006727669333,2021-02-22 09:40:55.048731,2021-02-22 09:42:20.671100,0 days 00:01:25.622369,0.0004551890402249401,80,0.9978757702835686,1.5401565580275576,0.7103771259551392,COMPLETE
1920,1920,0.7242776789666672,2021-02-22 09:42:20.672469,2021-02-22 09:43:46.084663,0 days 00:01:25.412194,0.0002107103928805262,80,0.991762082263079,4.8469679019019045,0.7123490263741681,COMPLETE
1921,1921,0.7285701701332771,2021-02-22 09:43:46.086095,2021-02-22 09:45:11.413100,0 days 00:01:25.327005,0.00025486021869633614,30,0.9937665386365494,5.600766259068255,0.7086517130884891,COMPLETE
1922,1922,0.7064333251170816,2021-02-22 09:45:11.414529,2021-02-22 09:45:22.759574,0 days 00:00:11.345045,0.0001302908454918423,50,0.9969985391461048,6.8169554220741,0.7064333251170816,PRUNED
1923,1923,0.7047079122504314,2021-02-22 09:45:22.760399,2021-02-22 09:45:34.201519,0 days 00:00:11.441120,0.0001840156546374606,40,0.9952446312446699,3.5781141985449065,0.7047079122504314,PRUNED
1924,1924,0.7330194885408238,2021-02-22 09:45:34.202326,2021-02-22 09:46:59.957626,0 days 00:01:25.755300,0.0003473316732833316,80,0.9941229732757902,15.5010209902729,0.7096376632980035,COMPLETE
1925,1925,0.7264757009058511,2021-02-22 09:46:59.958983,2021-02-22 09:48:25.365553,0 days 00:01:25.406570,0.00046915234339357163,20,0.9946911891444014,1.2883572643617018,0.7111165886122751,COMPLETE
1926,1926,0.6970667981266946,2021-02-22 09:48:25.366908,2021-02-22 09:48:36.611808,0 days 00:00:11.244900,0.0002963669428465538,70,0.9965435560790578,2.7674835912310813,0.6970667981266946,PRUNED
1927,1927,0.6997781612028593,2021-02-22 09:48:36.612702,2021-02-22 09:48:47.880552,0 days 00:00:11.267850,0.00010357035385421869,40,0.9954277468135666,1.8247419891404695,0.6997781612028593,PRUNED
1928,1928,0.7335136634368037,2021-02-22 09:48:47.881453,2021-02-22 09:50:13.253637,0 days 00:01:25.372184,0.00023429549958508446,60,0.9967682721482394,5.927665085821493,0.7103771259551392,COMPLETE
1929,1929,0.6941089474981513,2021-02-22 09:50:13.254776,2021-02-22 09:50:24.564568,0 days 00:00:11.309792,0.00016371942664609472,80,0.9950544804255667,4.398151116863074,0.6941089474981513,PRUNED
1930,1930,0.7258152269533948,2021-02-22 09:50:24.565471,2021-02-22 09:51:49.931579,0 days 00:01:25.366108,0.0002618705853426506,90,0.9911719346021326,5.136982403008803,0.7086517130884891,COMPLETE
1931,1931,0.7271259110395654,2021-02-22 09:51:49.933008,2021-02-22 09:53:15.370643,0 days 00:01:25.437635,0.0003934565339793527,80,0.9942867960337805,6.2784239768612045,0.7106236135075179,COMPLETE
1932,1932,0.7047079122504314,2021-02-22 09:53:15.372048,2021-02-22 09:53:26.657447,0 days 00:00:11.285399,0.0002070131965990951,80,0.9976777208718002,3.301886997356815,0.7047079122504314,PRUNED
1933,1933,0.7295661189767901,2021-02-22 09:53:26.658334,2021-02-22 09:54:51.956027,0 days 00:01:25.297693,6.901884686203911e-05,50,0.9939877645228821,6.978674260227684,0.7138279516884397,COMPLETE
1934,1934,0.7282594199232824,2021-02-22 09:54:51.957334,2021-02-22 09:56:17.299811,0 days 00:01:25.342477,0.0003220157944563666,40,0.9981771706128882,5.540142649713635,0.7101306384027607,COMPLETE
1935,1935,0.7066798126694602,2021-02-22 09:56:17.301272,2021-02-22 09:56:28.678431,0 days 00:00:11.377159,0.00027817641051365214,30,0.9980174515847128,0.42822623446285146,0.7066798126694602,PRUNED
1936,1936,0.7271676078592566,2021-02-22 09:56:28.679316,2021-02-22 09:57:54.148314,0 days 00:01:25.468998,0.0003594391350463308,70,0.9937956832468415,3.9610732986251516,0.7088982006408676,COMPLETE
1937,1937,0.6975597732314518,2021-02-22 09:57:54.149785,2021-02-22 09:58:05.405416,0 days 00:00:11.255631,0.0001500748966304361,80,0.9963050253796736,4.6020090533870075,0.6975597732314518,PRUNED
1938,1938,0.7015035740695095,2021-02-22 09:58:05.406333,2021-02-22 09:58:16.843517,0 days 00:00:11.437184,0.0001240003160485557,40,0.994164188600807,2.0189623455272723,0.7015035740695095,PRUNED
1939,1939,0.7039684495932955,2021-02-22 09:58:16.844394,2021-02-22 09:58:28.025961,0 days 00:00:11.181567,0.0001859341719994578,80,0.9944473890796981,0.9188805929100603,0.7039684495932955,PRUNED
1940,1940,0.7047079122504314,2021-02-22 09:58:28.026879,2021-02-22 09:58:39.406116,0 days 00:00:11.379237,0.0004167127592131507,80,0.997564251160199,6.472677139743685,0.7047079122504314,PRUNED
1941,1941,0.6879467586886863,2021-02-22 09:58:39.407085,2021-02-22 09:58:50.557257,0 days 00:00:11.150172,0.00023477455990525414,50,0.9939408087149506,5.093851382121393,0.6879467586886863,PRUNED
1942,1942,0.7029824993837811,2021-02-22 09:58:50.558191,2021-02-22 09:59:01.836911,0 days 00:00:11.278720,0.000299576022674295,30,0.9935486864752958,14.871731451493805,0.7029824993837811,PRUNED
1943,1943,0.7256789750863357,2021-02-22 09:59:01.837831,2021-02-22 10:00:27.074337,0 days 00:01:25.236506,0.00047198793929846176,80,0.9951774677649027,1.4602753101936372,0.707419275326596,COMPLETE
1944,1944,0.700517623859995,2021-02-22 10:00:27.075756,2021-02-22 10:00:38.457364,0 days 00:00:11.381608,0.00020974154031515424,10,0.9960258060620832,2.8039311314264843,0.700517623859995,PRUNED
1945,1945,0.7042149371456742,2021-02-22 10:00:38.458292,2021-02-22 10:00:49.699104,0 days 00:00:11.240812,0.0002653458038858919,40,0.9946272337972927,2.2531109434706593,0.7042149371456742,PRUNED
1946,1946,0.7322421969637929,2021-02-22 10:00:49.699967,2021-02-22 10:02:15.499372,0 days 00:01:25.799405,0.0003367190802139391,80,0.9942593440761393,5.815756603525885,0.7086517130884891,COMPLETE
1947,1947,0.7208621708304918,2021-02-22 10:02:15.500726,2021-02-22 10:03:40.758215,0 days 00:01:25.257489,0.00016772330884060995,70,0.9956970325911245,5.367144902424882,0.707419275326596,COMPLETE
1948,1948,0.6965738230219374,2021-02-22 10:03:40.759741,2021-02-22 10:03:52.318148,0 days 00:00:11.558407,0.0001147820354429242,80,0.9978327892641068,7.022108384068032,0.6965738230219374,PRUNED
1949,1949,0.727321542890533,2021-02-22 10:03:52.319037,2021-02-22 10:05:18.138520,0 days 00:01:25.819483,0.0004120913661171862,90,0.993670904565096,5.984396791745145,0.7091446881932463,COMPLETE
1950,1950,0.6923835346315012,2021-02-22 10:05:18.139916,2021-02-22 10:05:29.537909,0 days 00:00:11.397993,0.00023857213132368,60,0.9932026937761879,4.74365513868816,0.6923835346315012,PRUNED
1951,1951,0.7310363160779142,2021-02-22 10:05:29.538840,2021-02-22 10:06:55.462485,0 days 00:01:25.923645,0.0003329901070487267,20,0.9948525322180007,14.288261961930415,0.707419275326596,COMPLETE
1952,1952,0.7029824993837811,2021-02-22 10:06:55.463898,2021-02-22 10:07:06.797462,0 days 00:00:11.333564,9.580766186073743e-05,40,0.9954147503484327,6.508448719436809,0.7029824993837811,PRUNED
1953,1953,0.7069263002218388,2021-02-22 10:07:06.798381,2021-02-22 10:07:18.092439,0 days 00:00:11.294058,0.0001842375288037022,30,0.996844681047684,4.303879700953725,0.7069263002218388,PRUNED
1954,1954,0.7287037433416451,2021-02-22 10:07:18.093338,2021-02-22 10:08:43.433520,0 days 00:01:25.340182,0.00014519947725584464,50,0.9939696235586636,1.6102083691504063,0.7128420014789253,COMPLETE
1955,1955,0.7287515955217105,2021-02-22 10:08:43.434905,2021-02-22 10:10:08.876232,0 days 00:01:25.441327,0.00028638148150576467,80,0.9941472435669495,3.658105668426331,0.7081587379837319,COMPLETE
1956,1956,0.7317524847685226,2021-02-22 10:10:08.877726,2021-02-22 10:11:34.383139,0 days 00:01:25.505413,0.00037466336827917036,80,0.9970606384182343,3.217494739749105,0.7081587379837319,COMPLETE
1957,1957,0.7288409765533271,2021-02-22 10:11:34.384558,2021-02-22 10:12:59.580701,0 days 00:01:25.196143,0.00021897507043483027,40,0.9951786413824755,5.513863306059333,0.7103771259551392,COMPLETE
1958,1958,0.7246221878674024,2021-02-22 10:12:59.581836,2021-02-22 10:14:25.053393,0 days 00:01:25.471557,0.00026037729015657894,90,0.9943938375764712,1.1897341066371925,0.7133349765836825,COMPLETE
1959,1959,0.6854818831649002,2021-02-22 10:14:25.054828,2021-02-22 10:14:36.476811,0 days 00:00:11.421983,8.096911502828256e-05,30,0.9979729986385242,2.1702915655395145,0.6854818831649002,PRUNED
1960,1960,0.6995316736504806,2021-02-22 10:14:36.477746,2021-02-22 10:14:47.894461,0 days 00:00:11.416715,0.000490698362172524,80,0.9938158312769552,6.081428184164644,0.6995316736504806,PRUNED
1961,1961,0.6985457234409662,2021-02-22 10:14:47.895319,2021-02-22 10:14:59.316807,0 days 00:00:11.421488,0.00031360607274891406,70,0.9965011488464899,0.8355772880067152,0.6985457234409662,PRUNED
1962,1962,0.7064333251170816,2021-02-22 10:14:59.317663,2021-02-22 10:15:10.596925,0 days 00:00:11.279262,0.00041425831332263404,40,0.9981693245644798,5.060835460603479,0.7064333251170816,PRUNED
1963,1963,0.7245237780896499,2021-02-22 10:15:10.597803,2021-02-22 10:16:35.723902,0 days 00:01:25.126099,0.00012689835991927802,80,0.9950203393838134,2.562394907148719,0.7108701010598965,COMPLETE
1964,1964,0.7027360118314026,2021-02-22 10:16:35.725436,2021-02-22 10:16:47.021274,0 days 00:00:11.295838,0.00019318862027081538,80,0.9941907218298521,6.580336869228731,0.7027360118314026,PRUNED
1965,1965,0.7291448668827577,2021-02-22 10:16:47.022149,2021-02-22 10:18:12.433354,0 days 00:01:25.411205,0.0001621629614995444,60,0.9977256867847419,5.73131990781279,0.7125955139265467,COMPLETE
1966,1966,0.6990386985457234,2021-02-22 10:18:12.434768,2021-02-22 10:18:23.806313,0 days 00:00:11.371545,0.00023145566279790506,80,0.9975286577181893,4.155785782469859,0.6990386985457234,PRUNED
1967,1967,0.7196459109150769,2021-02-22 10:18:23.807200,2021-02-22 10:19:49.455072,0 days 00:01:25.647872,0.0002838354927936051,50,0.9934529683197958,0.3427609965977666,0.7093911757456248,COMPLETE
1968,1968,0.7265507608917595,2021-02-22 10:19:49.456432,2021-02-22 10:21:14.731870,0 days 00:01:25.275438,0.00032724290826006476,30,0.994509458753879,4.734174026572974,0.7135814641360612,COMPLETE
1969,1969,0.7056938624599458,2021-02-22 10:21:14.733355,2021-02-22 10:21:26.214814,0 days 00:00:11.481459,0.0003710935638193788,40,0.9953368535031223,7.139507332357802,0.7056938624599458,PRUNED
1970,1970,0.7022430367266453,2021-02-22 10:21:26.215650,2021-02-22 10:21:37.497569,0 days 00:00:11.281919,0.00048302942809810937,80,0.9939334789639436,1.8172611594099304,0.7022430367266453,PRUNED
1971,1971,0.7260444665649531,2021-02-22 10:21:37.498438,2021-02-22 10:23:02.746397,0 days 00:01:25.247959,0.00025367145539113855,20,0.9956227971535574,2.9052384816907324,0.7086517130884891,COMPLETE
1972,1972,0.7219171088939142,2021-02-22 10:23:02.747907,2021-02-22 10:24:28.265870,0 days 00:01:25.517963,0.00010623336450244235,70,0.9940677822293728,6.035760329533089,0.7079122504313532,COMPLETE
1973,1973,0.6936159723933941,2021-02-22 10:24:28.267265,2021-02-22 10:24:39.591794,0 days 00:00:11.324529,0.00020704542932728807,80,0.9948005159761735,5.481760323702553,0.6936159723933941,PRUNED
1974,1974,0.7024895242790239,2021-02-22 10:24:39.592719,2021-02-22 10:24:50.906004,0 days 00:00:11.313285,0.00015507653207597055,50,0.9936406376770616,5.233610586245674,0.7024895242790239,PRUNED
1975,1975,0.729488033947717,2021-02-22 10:24:50.906934,2021-02-22 10:26:16.303302,0 days 00:01:25.396368,0.00035414000301652905,80,0.9958330853073031,2.303969706794505,0.7096376632980035,COMPLETE
1976,1976,0.7027360118314026,2021-02-22 10:26:16.304864,2021-02-22 10:26:27.863573,0 days 00:00:11.558709,0.00028704885699209803,40,0.9966992143783003,1.1797390269423471,0.7027360118314026,PRUNED
1977,1977,0.7284680404071444,2021-02-22 10:26:27.864460,2021-02-22 10:27:53.592626,0 days 00:01:25.728166,0.00013557019374618024,90,0.9961592367125045,19.152426229966885,0.7116095637170323,COMPLETE
1978,1978,0.7301437035192908,2021-02-22 10:27:53.594105,2021-02-22 10:29:19.120963,0 days 00:01:25.526858,0.0004218116337223941,40,0.9943054679606397,6.415772382185673,0.7125955139265467,COMPLETE
1979,1979,0.6950948977076657,2021-02-22 10:29:19.122337,2021-02-22 10:29:30.347887,0 days 00:00:11.225550,0.00018223692130450627,80,0.9937693513665508,3.901994374287238,0.6950948977076657,PRUNED
1980,1980,0.7257346466917786,2021-02-22 10:29:30.348760,2021-02-22 10:30:55.975097,0 days 00:01:25.626337,0.00023420196124234114,100,0.9983830342146226,4.563456439214468,0.7071727877742174,COMPLETE
1981,1981,0.7312126400145121,2021-02-22 10:30:55.976450,2021-02-22 10:32:21.443845,0 days 00:01:25.467395,0.00030951048354852407,80,0.9969497845358953,13.825698187635936,0.7113630761646537,COMPLETE
1982,1982,0.7281792850887375,2021-02-22 10:32:21.444970,2021-02-22 10:33:46.501327,0 days 00:01:25.056357,1.645569328021942e-05,30,0.9933022085967854,6.84628008031093,0.7133349765836825,COMPLETE
1983,1983,0.73266778503507,2021-02-22 10:33:46.502798,2021-02-22 10:35:12.074672,0 days 00:01:25.571874,0.0004811182323886153,70,0.9946263348702424,5.095799697067652,0.71555336455509,COMPLETE
1984,1984,0.7066798126694602,2021-02-22 10:35:12.076040,2021-02-22 10:35:23.408410,0 days 00:00:11.332370,0.000259898300094257,80,0.9955147586206323,1.7099432426199237,0.7066798126694602,PRUNED
1985,1985,0.6872072960315504,2021-02-22 10:35:23.409309,2021-02-22 10:35:34.677181,0 days 00:00:11.267872,0.00037569661416593037,20,0.9979561269222945,3.156983574058128,0.6872072960315504,PRUNED
1986,1986,0.7310863222504016,2021-02-22 10:35:34.678084,2021-02-22 10:36:59.960425,0 days 00:01:25.282341,0.00019591174231564225,40,0.9922687079269128,5.848012601720158,0.7135814641360612,COMPLETE
1987,1987,0.6978062607838305,2021-02-22 10:36:59.961750,2021-02-22 10:37:11.302574,0 days 00:00:11.340824,0.0001671711646800497,30,0.9940585021269694,16.32178924052793,0.6978062607838305,PRUNED
1988,1988,0.7069263002218388,2021-02-22 10:37:11.303476,2021-02-22 10:37:22.651932,0 days 00:00:11.348456,0.00011233085752016306,60,0.9951540382506732,3.484478401923268,0.7069263002218388,PRUNED
1989,1989,0.700517623859995,2021-02-22 10:37:22.652791,2021-02-22 10:37:33.897450,0 days 00:00:11.244659,0.00033740014140083393,80,0.9977538572230267,0.6264427144924765,0.700517623859995,PRUNED
1990,1990,0.7002711363076165,2021-02-22 10:37:33.898379,2021-02-22 10:37:45.205318,0 days 00:00:11.306939,0.00021537021026245672,40,0.9943427127873111,6.180591911235306,0.7002711363076165,PRUNED
1991,1991,0.7301858432643007,2021-02-22 10:37:45.206227,2021-02-22 10:39:10.687250,0 days 00:01:25.481023,0.0002663029112017157,50,0.9929384983392652,2.70702630787317,0.7172787774217402,COMPLETE
1992,1992,0.7056938624599458,2021-02-22 10:39:10.688590,2021-02-22 10:39:21.937817,0 days 00:00:11.249227,0.00042610910495427946,90,0.9982216530197876,5.639681491184526,0.7056938624599458,PRUNED
1993,1993,0.7182348037801035,2021-02-22 10:39:21.938713,2021-02-22 10:40:47.546684,0 days 00:01:25.607971,0.0001437302261796208,80,0.9963669962927367,4.8521335449132845,0.7182647276312546,COMPLETE
1994,1994,0.6891791964505792,2021-02-22 10:40:47.548300,2021-02-22 10:40:58.967972,0 days 00:00:11.419672,0.0003226634770850311,80,0.9949905987379829,1.4957741101235178,0.6891791964505792,PRUNED
1995,1995,0.7066798126694602,2021-02-22 10:40:58.968906,2021-02-22 10:41:10.517395,0 days 00:00:11.548489,9.132793033447775e-05,80,0.9974450724372479,6.6928777331984355,0.7066798126694602,PRUNED
1996,1996,0.7042149371456742,2021-02-22 10:41:10.518298,2021-02-22 10:41:21.795381,0 days 00:00:11.277083,0.00028816844308144046,40,0.9971216075575369,2.01281682772561,0.7042149371456742,PRUNED
1997,1997,0.698052748336209,2021-02-22 10:41:21.796290,2021-02-22 10:41:33.053584,0 days 00:00:11.257294,0.00022680540049746422,30,0.9938172235718468,7.1594031333574915,0.698052748336209,PRUNED
1998,1998,0.731380579355329,2021-02-22 10:41:33.054459,2021-02-22 10:42:58.509565,0 days 00:01:25.455106,0.0003929636303225032,50,0.9940945036580204,5.37545960067102,0.7096376632980035,COMPLETE
1999,1999,0.7034754744885383,2021-02-22 10:42:58.511174,2021-02-22 10:43:09.899351,0 days 00:00:11.388177,0.00017247248327234907,80,0.9945074547741563,4.205032394847807,0.7034754744885383,PRUNED
2000,2000,0.7044614246980527,2021-02-22 10:43:09.900170,2021-02-22 10:43:21.167580,0 days 00:00:11.267410,0.0003494645713838454,70,0.9953177316926564,6.0303064331146805,0.7044614246980527,PRUNED
2001,2001,0.7246350966903783,2021-02-22 10:43:21.168509,2021-02-22 10:44:46.454275,0 days 00:01:25.285766,0.00048037441361928356,40,0.9980591365637302,1.155147006338953,0.7128420014789253,COMPLETE
2002,2002,0.729195851813043,2021-02-22 10:44:46.455771,2021-02-22 10:46:12.252268,0 days 00:01:25.796497,0.00023637803336668353,80,0.9935230254377851,14.59006773836002,0.7113630761646537,COMPLETE
2003,2003,0.700517623859995,2021-02-22 10:46:12.253643,2021-02-22 10:46:23.698245,0 days 00:00:11.444602,0.00013237031928704728,90,0.9942801709488368,2.350110483741905,0.700517623859995,PRUNED
2004,2004,0.7064333251170816,2021-02-22 10:46:23.699171,2021-02-22 10:46:35.106556,0 days 00:00:11.407385,0.0002875131195959421,80,0.993692826793787,3.7583065678436656,0.7064333251170816,PRUNED
2005,2005,0.7279383976550717,2021-02-22 10:46:35.107481,2021-02-22 10:48:00.879722,0 days 00:01:25.772241,0.00019946072976610114,60,0.994008939609741,4.4230502744621685,0.7076657628789746,COMPLETE
2006,2006,0.7064333251170816,2021-02-22 10:48:00.881037,2021-02-22 10:48:12.191078,0 days 00:00:11.310041,0.000257269332965033,80,0.994862568297566,4.880251712232005,0.7064333251170816,PRUNED
2007,2007,0.7044614246980527,2021-02-22 10:48:12.191967,2021-02-22 10:48:23.584434,0 days 00:00:11.392467,0.00039258885861824885,40,0.9977868175025103,6.372472217360348,0.7044614246980527,PRUNED
2008,2008,0.7222453341887991,2021-02-22 10:48:23.585307,2021-02-22 10:49:49.063860,0 days 00:01:25.478553,0.0001178999451899908,70,0.9954401434055565,5.575046302979672,0.7116095637170323,COMPLETE
2009,2009,0.6997781612028593,2021-02-22 10:49:49.065005,2021-02-22 10:50:00.526448,0 days 00:00:11.461443,0.0003104967806908834,30,0.996807928757147,5.104144245498092,0.6997781612028593,PRUNED
2010,2010,0.7064333251170816,2021-02-22 10:50:00.527356,2021-02-22 10:50:11.766093,0 days 00:00:11.238737,0.00015215869577369701,80,0.9939251157724684,0.8782782676925837,0.7064333251170816,PRUNED
2011,2011,0.7238188164349569,2021-02-22 10:50:11.766989,2021-02-22 10:51:37.128786,0 days 00:01:25.361797,0.00018107471545189655,50,0.9975529025352237,1.7974909520899789,0.7081587379837319,COMPLETE
2012,2012,0.703721962040917,2021-02-22 10:51:37.130428,2021-02-22 10:51:48.418316,0 days 00:00:11.287888,0.00021335753040494328,80,0.9966130805459572,2.761316102373785,0.703721962040917,PRUNED
2013,2013,0.7007641114123737,2021-02-22 10:51:48.419230,2021-02-22 10:51:59.848206,0 days 00:00:11.428976,0.000475485664864431,40,0.9941757589286552,5.88380796865281,0.7007641114123737,PRUNED
2014,2014,0.7287442842242602,2021-02-22 10:51:59.849090,2021-02-22 10:53:25.396486,0 days 00:01:25.547396,0.00035765740652837617,20,0.9982752278084598,7.079463155406102,0.7076657628789746,COMPLETE
2015,2015,0.7022430367266453,2021-02-22 10:53:25.397895,2021-02-22 10:53:36.724277,0 days 00:00:11.326382,0.00025393228712877156,80,0.9947513121690785,15.109616171652258,0.7022430367266453,PRUNED
2016,2016,0.7056938624599458,2021-02-22 10:53:36.725136,2021-02-22 10:53:48.099122,0 days 00:00:11.373986,0.0003045507702676966,80,0.9951486486776114,3.2976502218611854,0.7056938624599458,PRUNED
