,number,value,datetime_start,datetime_complete,duration,params_lr,params_out_dim,params_scheduler_gamma,params_weight_decay,system_attrs_completed_rung_0,state
1015,1015,0.706186837564703,2021-02-21 23:56:36.373436,2021-02-21 23:56:47.627901,0 days 00:00:11.254465,0.0006622553258116257,50,0.997952324404277,5.5503219394563965,0.706186837564703,PRUNED
1016,1016,0.7245849207230319,2021-02-21 23:56:47.628483,2021-02-21 23:58:13.238668,0 days 00:01:25.610185,0.000153610932781785,50,0.9975634353837421,6.741287888113117,0.7081587379837319,COMPLETE
1017,1017,0.7298156834933264,2021-02-21 23:58:13.239646,2021-02-21 23:59:39.401967,0 days 00:01:26.162321,0.0005689229424039065,50,0.9973476431697912,6.1624417561625915,0.7084052255361104,COMPLETE
1018,1018,0.7274641265065432,2021-02-21 23:59:39.402965,2021-02-22 00:01:05.649959,0 days 00:01:26.246994,0.0004762181562190141,50,0.9979653981397195,7.4064443712879,0.7069263002218388,COMPLETE
1019,1019,0.7270847479595082,2021-02-22 00:01:05.650977,2021-02-22 00:02:31.454118,0 days 00:01:25.803141,0.0003326362976652105,60,0.9977126448713429,5.104366648492745,0.7148139018979541,COMPLETE
1020,1020,0.7319938429750991,2021-02-22 00:02:31.455112,2021-02-22 00:03:57.194067,0 days 00:01:25.738955,0.0008766684339293006,50,0.9970690161918142,6.390678000525544,0.707419275326596,COMPLETE
1021,1021,0.7012570865171309,2021-02-22 00:03:57.195077,2021-02-22 00:04:08.643017,0 days 00:00:11.447940,0.00038289253361825415,90,0.997564585817763,7.059208771300988,0.7012570865171309,PRUNED
1022,1022,0.7002711363076165,2021-02-22 00:04:08.643543,2021-02-22 00:04:19.981073,0 days 00:00:11.337530,0.00016043378196008064,70,0.994045548025046,1.29015521185325,0.7002711363076165,PRUNED
1023,1023,0.7320235221447321,2021-02-22 00:04:19.981639,2021-02-22 00:05:45.794466,0 days 00:01:25.812827,0.0004372114899304145,60,0.9978702898905194,5.8207070165243415,0.7084052255361104,COMPLETE
1024,1024,0.7047079122504314,2021-02-22 00:05:45.795472,2021-02-22 00:05:57.119860,0 days 00:00:11.324388,0.0005299168944178983,80,0.9982768604817407,16.959960901482432,0.7047079122504314,PRUNED
1025,1025,0.7042149371456742,2021-02-22 00:05:57.120443,2021-02-22 00:06:08.355147,0 days 00:00:11.234704,0.00025572788130388623,50,0.9956716581015409,5.374516350161342,0.7042149371456742,PRUNED
1026,1026,0.7029824993837811,2021-02-22 00:06:08.355731,2021-02-22 00:06:19.777343,0 days 00:00:11.421612,0.0003044010094551861,70,0.9943556088715371,3.343637864725652,0.7029824993837811,PRUNED
1027,1027,0.7059403500123244,2021-02-22 00:06:19.777937,2021-02-22 00:06:31.052487,0 days 00:00:11.274550,0.0004898036175908834,80,0.9977471764423959,7.4577494463994,0.7059403500123244,PRUNED
1028,1028,0.7321412381687797,2021-02-22 00:06:31.053064,2021-02-22 00:07:56.904449,0 days 00:01:25.851385,0.00069599883271899,70,0.9973319259626462,7.861871361014135,0.7091446881932463,COMPLETE
1029,1029,0.706186837564703,2021-02-22 00:07:56.905441,2021-02-22 00:08:08.210640,0 days 00:00:11.305199,0.0003783530152835279,60,0.9980362292934996,6.2370309144407186,0.706186837564703,PRUNED
1030,1030,0.7015035740695095,2021-02-22 00:08:08.211212,2021-02-22 00:08:19.549248,0 days 00:00:11.338036,0.0005865639564885197,50,0.9967222739426522,2.096588152779912,0.7015035740695095,PRUNED
1031,1031,0.7056938624599458,2021-02-22 00:08:19.549823,2021-02-22 00:08:31.036568,0 days 00:00:11.486745,0.0001338129493966809,70,0.9937959521967232,6.637749183486994,0.7056938624599458,PRUNED
1032,1032,0.7019965491742667,2021-02-22 00:08:31.037146,2021-02-22 00:08:42.440463,0 days 00:00:11.403317,0.00044454402765647813,80,0.9975606230025026,5.6670630777143804,0.7019965491742667,PRUNED
1033,1033,0.7284048919923297,2021-02-22 00:08:42.441013,2021-02-22 00:10:08.423028,0 days 00:01:25.982015,0.0003399522549246927,50,0.9942175323639039,7.137063022409512,0.7125955139265467,COMPLETE
1034,1034,0.7056938624599458,2021-02-22 00:10:08.424048,2021-02-22 00:10:19.850403,0 days 00:00:11.426355,0.00020073224166435456,70,0.9971749635530373,4.673749588581465,0.7056938624599458,PRUNED
1035,1035,0.7064333251170816,2021-02-22 00:10:19.850959,2021-02-22 00:10:31.264406,0 days 00:00:11.413447,0.00040409367438821244,30,0.9977612197370063,8.870682051062282,0.7064333251170816,PRUNED
1036,1036,0.7196023229738356,2021-02-22 00:10:31.264969,2021-02-22 00:11:57.118218,0 days 00:01:25.853249,0.0001192418802411279,70,0.9969049735877505,8.219488380399078,0.7199901404979049,COMPLETE
1037,1037,0.7049543998028099,2021-02-22 00:11:57.119245,2021-02-22 00:12:08.573793,0 days 00:00:11.454548,0.000512926311480581,70,0.9974623064725442,17.923597843974385,0.7049543998028099,PRUNED
1038,1038,0.7019965491742667,2021-02-22 00:12:08.574362,2021-02-22 00:12:19.872142,0 days 00:00:11.297780,0.00028699265250304126,80,0.9980188758770138,2.984990661104555,0.7019965491742667,PRUNED
1039,1039,0.7300111420411399,2021-02-22 00:12:19.872760,2021-02-22 00:13:45.730226,0 days 00:01:25.857466,0.00035760816100805024,50,0.9939604376226444,7.65193913645575,0.7111165886122751,COMPLETE
1040,1040,0.7299907888939803,2021-02-22 00:13:45.731008,2021-02-22 00:15:11.639716,0 days 00:01:25.908708,0.0006103545769572041,20,0.9982867054308617,6.324412576569188,0.7069263002218388,COMPLETE
1041,1041,0.6978062607838305,2021-02-22 00:15:11.640682,2021-02-22 00:15:22.945741,0 days 00:00:11.305059,0.00044578096439452957,60,0.9936578022167353,6.866098750576074,0.6978062607838305,PRUNED
1042,1042,0.7306478442042924,2021-02-22 00:15:22.946257,2021-02-22 00:16:48.639665,0 days 00:01:25.693408,0.0005291165711841542,30,0.9978931696746337,3.780612644960709,0.7069263002218388,COMPLETE
1043,1043,0.7052008873551886,2021-02-22 00:16:48.640643,2021-02-22 00:17:00.016961,0 days 00:00:11.376318,0.0007303582263446992,40,0.9976753288228289,19.57726071876303,0.7052008873551886,PRUNED
1044,1044,0.706186837564703,2021-02-22 00:17:00.017559,2021-02-22 00:17:11.458184,0 days 00:00:11.440625,0.0004119002578828746,40,0.9945139690007753,5.249332354414066,0.706186837564703,PRUNED
1045,1045,0.7268574088931294,2021-02-22 00:17:11.458758,2021-02-22 00:18:37.283609,0 days 00:01:25.824851,0.0002840834164957694,80,0.9984657190788052,8.648249085765169,0.7079122504313532,COMPLETE
1046,1046,0.732064303064311,2021-02-22 00:18:37.284599,2021-02-22 00:20:03.190321,0 days 00:01:25.905722,0.00033858791120266205,70,0.9974256489468803,7.778497317558648,0.7157998521074685,COMPLETE
1047,1047,0.7208834324033141,2021-02-22 00:20:03.191103,2021-02-22 00:21:28.832867,0 days 00:01:25.641764,0.00015670989280447767,30,0.9941541202681708,5.991684933461057,0.7069263002218388,COMPLETE
1048,1048,0.7066798126694602,2021-02-22 00:21:28.833859,2021-02-22 00:21:40.040740,0 days 00:00:11.206881,0.00025031970861731493,50,0.9972471669965873,8.183009402124469,0.7066798126694602,PRUNED
1049,1049,0.7019965491742667,2021-02-22 00:21:40.041295,2021-02-22 00:21:51.320322,0 days 00:00:11.279027,0.0004887110433603668,40,0.9981392499684592,4.4209325739192735,0.7019965491742667,PRUNED
1050,1050,0.7044614246980527,2021-02-22 00:21:51.320903,2021-02-22 00:22:02.639599,0 days 00:00:11.318696,0.0003790177602272339,60,0.9987091856732762,7.325523354769958,0.7044614246980527,PRUNED
1051,1051,0.6748829184126202,2021-02-22 00:22:02.640129,2021-02-22 00:22:13.861773,0 days 00:00:11.221644,0.00011617768574447812,40,0.9979540629449609,5.054193237454568,0.6748829184126202,PRUNED
1052,1052,0.7298172444738729,2021-02-22 00:22:13.862299,2021-02-22 00:23:40.036047,0 days 00:01:26.173748,0.0006167500149298445,70,0.9939003586102174,5.804556522668371,0.7091446881932463,COMPLETE
1053,1053,0.7052008873551886,2021-02-22 00:23:40.037043,2021-02-22 00:23:51.509940,0 days 00:00:11.472897,0.00043631217367745464,40,0.9950812537684941,6.689232519187275,0.7052008873551886,PRUNED
1054,1054,0.7066798126694602,2021-02-22 00:23:51.510493,2021-02-22 00:24:02.849378,0 days 00:00:11.338885,0.00021127092720186165,80,0.9933847931775752,9.082457548974833,0.7066798126694602,PRUNED
1055,1055,0.7310511948410253,2021-02-22 00:24:02.849888,2021-02-22 00:25:28.615219,0 days 00:01:25.765331,0.00030875044104919255,40,0.9965928664153682,8.280556960950232,0.7093911757456248,COMPLETE
1056,1056,0.7311493082846428,2021-02-22 00:25:28.616220,2021-02-22 00:26:54.379161,0 days 00:01:25.762941,0.0005549096047910275,70,0.9976750466826572,8.73257824163715,0.7088982006408676,COMPLETE
1057,1057,0.7325046682121792,2021-02-22 00:26:54.380187,2021-02-22 00:28:20.402219,0 days 00:01:26.022032,0.0004831087109180181,40,0.9946837550928853,7.113390876552996,0.7116095637170323,COMPLETE
1058,1058,0.7313204582089219,2021-02-22 00:28:20.403267,2021-02-22 00:29:46.229073,0 days 00:01:25.825806,0.0008098478741804172,90,0.9970723347704549,6.366986648470692,0.7101306384027607,COMPLETE
1059,1059,0.6985457234409662,2021-02-22 00:29:46.230073,2021-02-22 00:29:57.551437,0 days 00:00:11.321364,0.0003615184874517958,50,0.9974778656540098,7.841815568111297,0.6985457234409662,PRUNED
1060,1060,0.7054473749075671,2021-02-22 00:29:57.552017,2021-02-22 00:30:08.803690,0 days 00:00:11.251673,9.969020626492265e-05,80,0.9983299314234947,5.662328244917317,0.7054473749075671,PRUNED
1061,1061,0.7270944260337355,2021-02-22 00:30:08.804241,2021-02-22 00:31:35.042633,0 days 00:01:26.238392,0.00013867054936748775,70,0.9943390201146545,4.64616880493521,0.7076657628789746,COMPLETE
1062,1062,0.7334900314596103,2021-02-22 00:31:35.043667,2021-02-22 00:33:01.154741,0 days 00:01:26.111074,0.00042847063390508036,40,0.994087726956403,8.988803164429395,0.7103771259551392,COMPLETE
1063,1063,0.7052008873551886,2021-02-22 00:33:01.155547,2021-02-22 00:33:12.308716,0 days 00:00:11.153169,0.00046330093614430236,40,0.9978159298596809,9.19271990966342,0.7052008873551886,PRUNED
1064,1064,0.7054473749075671,2021-02-22 00:33:12.309288,2021-02-22 00:33:23.712164,0 days 00:00:11.402876,0.0005540752633274181,60,0.9980987330491521,8.921848518638152,0.7054473749075671,PRUNED
1065,1065,0.7044614246980527,2021-02-22 00:33:23.712738,2021-02-22 00:33:35.121063,0 days 00:00:11.408325,0.0004289516321317249,40,0.9948569210721389,9.121387823630162,0.7044614246980527,PRUNED
1066,1066,0.703721962040917,2021-02-22 00:33:35.121640,2021-02-22 00:33:46.337810,0 days 00:00:11.216170,0.000639286258655229,70,0.9973442775194389,8.411959085732533,0.703721962040917,PRUNED
1067,1067,0.7042149371456742,2021-02-22 00:33:46.338366,2021-02-22 00:33:57.721980,0 days 00:00:11.383614,0.000515912960701489,40,0.9977633416198655,8.76598604245699,0.7042149371456742,PRUNED
1068,1068,0.7034754744885383,2021-02-22 00:33:57.722589,2021-02-22 00:34:09.173099,0 days 00:00:11.450510,0.00046127809558176556,30,0.9968916314335736,9.186999084825956,0.7034754744885383,PRUNED
1069,1069,0.7019965491742667,2021-02-22 00:34:09.173641,2021-02-22 00:34:20.545118,0 days 00:00:11.371477,0.00041652775543821153,50,0.9942086296880415,8.372317889443128,0.7019965491742667,PRUNED
1070,1070,0.7052008873551886,2021-02-22 00:34:20.545650,2021-02-22 00:34:31.840702,0 days 00:00:11.295052,0.0006755734694392704,80,0.9945029161667814,8.522654662807899,0.7052008873551886,PRUNED
1071,1071,0.7052008873551886,2021-02-22 00:34:31.841275,2021-02-22 00:34:43.177193,0 days 00:00:11.335918,0.0005612016396991271,40,0.9979765429605609,8.749314335260259,0.7052008873551886,PRUNED
1072,1072,0.706186837564703,2021-02-22 00:34:43.177763,2021-02-22 00:34:54.544377,0 days 00:00:11.366614,0.00039919264684992257,70,0.997600785465208,9.360027637790278,0.706186837564703,PRUNED
1073,1073,0.7056938624599458,2021-02-22 00:34:54.544926,2021-02-22 00:35:05.884616,0 days 00:00:11.339690,0.0004927646702074566,40,0.9981458491318644,7.813282739274269,0.7056938624599458,PRUNED
1074,1074,0.7327918485476764,2021-02-22 00:35:05.885182,2021-02-22 00:36:31.993595,0 days 00:01:26.108413,0.0004189693260584042,40,0.9953913850874047,7.995944010351947,0.7128420014789253,COMPLETE
1075,1075,0.7032289869361598,2021-02-22 00:36:31.994630,2021-02-22 00:36:43.359198,0 days 00:00:11.364568,0.00037092396994580233,50,0.9940981498047077,9.231461997537707,0.7032289869361598,PRUNED
1076,1076,0.7034754744885383,2021-02-22 00:36:43.359763,2021-02-22 00:36:54.592150,0 days 00:00:11.232387,0.000551902075892169,70,0.9971753684717719,8.737553511421218,0.7034754744885383,PRUNED
1077,1077,0.7292819257732377,2021-02-22 00:36:54.592711,2021-02-22 00:38:20.633731,0 days 00:01:26.041020,0.0004806174856253817,60,0.9975305443544735,8.115562425565313,0.7079122504313532,COMPLETE
1078,1078,0.7044614246980527,2021-02-22 00:38:20.634744,2021-02-22 00:38:31.921094,0 days 00:00:11.286350,0.0006563592936944738,80,0.9978249391830283,7.622722410255862,0.7044614246980527,PRUNED
1079,1079,0.7029824993837811,2021-02-22 00:38:31.921674,2021-02-22 00:38:43.223791,0 days 00:00:11.302117,0.00039470632005686327,40,0.9942913976008628,8.411538558708008,0.7029824993837811,PRUNED
1080,1080,0.7056938624599458,2021-02-22 00:38:43.224407,2021-02-22 00:38:54.597414,0 days 00:00:11.373007,0.001029156113884195,40,0.9983788570003024,3.412628822441346,0.7056938624599458,PRUNED
1081,1081,0.7257665343482882,2021-02-22 00:38:54.597987,2021-02-22 00:40:20.449319,0 days 00:01:25.851332,0.0005081558785592526,40,0.9967685696206456,4.032091559149877,0.7101306384027607,COMPLETE
1082,1082,0.7042149371456742,2021-02-22 00:40:20.450314,2021-02-22 00:40:31.741686,0 days 00:00:11.291372,0.0005863498179790613,70,0.9979674968838335,9.107751286135793,0.7042149371456742,PRUNED
1083,1083,0.695587872812423,2021-02-22 00:40:31.742249,2021-02-22 00:40:43.132348,0 days 00:00:11.390099,8.910306406553596e-05,30,0.9972781289773327,8.673473633145374,0.695587872812423,PRUNED
1084,1084,0.7054473749075671,2021-02-22 00:40:43.132910,2021-02-22 00:40:54.378172,0 days 00:00:11.245262,0.0007422930300758731,50,0.9976431155011501,7.3349739335728,0.7054473749075671,PRUNED
1085,1085,0.7170892315256031,2021-02-22 00:40:54.378800,2021-02-22 00:42:20.108186,0 days 00:01:25.729386,0.00010964628945248256,40,0.9937254815367415,7.916174674135684,0.7138279516884397,COMPLETE
1086,1086,0.6970667981266946,2021-02-22 00:42:20.109204,2021-02-22 00:42:31.425118,0 days 00:00:11.315914,0.000347727459421365,70,0.9981981390302592,8.946655036467444,0.6970667981266946,PRUNED
1087,1087,0.700517623859995,2021-02-22 00:42:31.425738,2021-02-22 00:42:42.801624,0 days 00:00:11.375886,0.0004335220082201777,40,0.9938971922599057,8.23649742383825,0.700517623859995,PRUNED
1088,1088,0.7039684495932955,2021-02-22 00:42:42.802248,2021-02-22 00:42:54.099506,0 days 00:00:11.297258,0.0004470759575299362,80,0.9974802122135982,7.415092919820458,0.7039684495932955,PRUNED
1089,1089,0.7321373171233327,2021-02-22 00:42:54.100122,2021-02-22 00:44:20.147039,0 days 00:01:26.046917,0.0003587088377472151,40,0.9970346292861405,8.640129816322956,0.7088982006408676,COMPLETE
1090,1090,0.7029824993837811,2021-02-22 00:44:20.148058,2021-02-22 00:44:31.433523,0 days 00:00:11.285465,0.0005261698808198911,60,0.9978163287137779,8.145918347946727,0.7029824993837811,PRUNED
1091,1091,0.725370667340453,2021-02-22 00:44:31.434094,2021-02-22 00:45:57.260585,0 days 00:01:25.826491,0.000402043938039554,70,0.9985531571745355,3.519865522793473,0.7125955139265467,COMPLETE
1092,1092,0.7024895242790239,2021-02-22 00:45:57.261615,2021-02-22 00:46:08.629805,0 days 00:00:11.368190,0.0006468372662968715,90,0.9940917843590323,2.4588005454978257,0.7024895242790239,PRUNED
1093,1093,0.7332424835332148,2021-02-22 00:46:08.630411,2021-02-22 00:47:33.866679,0 days 00:01:25.236268,0.0003318146571745346,40,0.9944867110063248,9.19931153635778,0.7108701010598965,COMPLETE
1094,1094,0.706186837564703,2021-02-22 00:47:33.867472,2021-02-22 00:47:45.142786,0 days 00:00:11.275314,0.0008318863047236017,30,0.998048974336521,9.479113536211155,0.706186837564703,PRUNED
1095,1095,0.7022430367266453,2021-02-22 00:47:45.143328,2021-02-22 00:47:56.327125,0 days 00:00:11.183797,0.0004595809196962224,80,0.9976217688398008,7.590410134347449,0.7022430367266453,PRUNED
1096,1096,0.7186962440788041,2021-02-22 00:47:56.327668,2021-02-22 00:49:21.226083,0 days 00:01:24.898415,8.152129638557612e-05,40,0.9973968688368943,2.7941451841285776,0.7076657628789746,COMPLETE
1097,1097,0.7329075825089013,2021-02-22 00:49:21.227158,2021-02-22 00:50:46.636708,0 days 00:01:25.409550,0.0005812735838651832,50,0.9966003449234072,4.894210447928888,0.7069263002218388,COMPLETE
1098,1098,0.7027360118314026,2021-02-22 00:50:46.637754,2021-02-22 00:50:57.931984,0 days 00:00:11.294230,0.00037582766014236413,40,0.9979391488504833,8.513499407088043,0.7027360118314026,PRUNED
1099,1099,0.724349125052776,2021-02-22 00:50:57.932564,2021-02-22 00:52:23.156556,0 days 00:01:25.223992,0.0001306810159783433,70,0.994295661410186,6.953552629256482,0.7101306384027607,COMPLETE
1100,1100,0.7262221855384683,2021-02-22 00:52:23.157584,2021-02-22 00:53:48.248836,0 days 00:01:25.091252,0.00044663471221327854,50,0.9982900693193982,7.95844705731601,0.7069263002218388,COMPLETE
1101,1101,0.7052008873551886,2021-02-22 00:53:48.249858,2021-02-22 00:53:59.634622,0 days 00:00:11.384764,0.000513590969337015,40,0.9935049802669299,4.4865525605393035,0.7052008873551886,PRUNED
1102,1102,0.7042149371456742,2021-02-22 00:53:59.635173,2021-02-22 00:54:10.813928,0 days 00:00:11.178755,0.00032385342200316226,70,0.9977336339181033,8.935986059495077,0.7042149371456742,PRUNED
1103,1103,0.7321141160579324,2021-02-22 00:54:10.814491,2021-02-22 00:55:35.826171,0 days 00:01:25.011680,0.0003916940777090614,30,0.994669447657626,7.433711626906355,0.7071727877742174,COMPLETE
1104,1104,0.7024895242790239,2021-02-22 00:55:35.827239,2021-02-22 00:55:47.130073,0 days 00:00:11.302834,0.00011110877067676497,40,0.9910054231538663,3.799338483838543,0.7024895242790239,PRUNED
1105,1105,0.7052008873551886,2021-02-22 00:55:47.130633,2021-02-22 00:55:58.285112,0 days 00:00:11.154479,0.00057895902187857,60,0.997210433244244,7.021965355004152,0.7052008873551886,PRUNED
1106,1106,0.6946019226029085,2021-02-22 00:55:58.285684,2021-02-22 00:56:09.762082,0 days 00:00:11.476398,0.000496781147464616,80,0.9930636351587054,7.964372690707487,0.6946019226029085,PRUNED
1107,1107,0.7052008873551886,2021-02-22 00:56:09.762651,2021-02-22 00:56:20.999970,0 days 00:00:11.237319,0.00015630263988604013,40,0.9980914444719171,5.181505840895095,0.7052008873551886,PRUNED
1108,1108,0.7049543998028099,2021-02-22 00:56:21.000525,2021-02-22 00:56:32.253934,0 days 00:00:11.253409,0.0032822643845570984,50,0.997499255842246,8.438541669519756,0.7049543998028099,PRUNED
1109,1109,0.7307572458949583,2021-02-22 00:56:32.254508,2021-02-22 00:57:57.388204,0 days 00:01:25.133696,0.0006772134600789264,20,0.997009070285413,8.900871798576944,0.7091446881932463,COMPLETE
1110,1110,0.7289606832181639,2021-02-22 00:57:57.389242,2021-02-22 00:59:22.852961,0 days 00:01:25.463719,0.00043046903337877636,40,0.99786203733778,7.629749939285893,0.707419275326596,COMPLETE
1111,1111,0.7268699252403124,2021-02-22 00:59:22.853987,2021-02-22 01:00:47.949449,0 days 00:01:25.095462,0.00032105402497755993,70,0.9939527443911829,9.54180064623966,0.7091446881932463,COMPLETE
1112,1112,0.7276655268059753,2021-02-22 01:00:47.950493,2021-02-22 01:02:13.011986,0 days 00:01:25.061493,0.0003914406189232426,70,0.9984537804143117,6.831225396315344,0.7093911757456248,COMPLETE
1113,1113,0.7010105989647523,2021-02-22 01:02:13.013022,2021-02-22 01:02:24.327387,0 days 00:00:11.314365,9.813211234117888e-05,40,0.9977199288293571,5.44555094224391,0.7010105989647523,PRUNED
1114,1114,0.7007641114123737,2021-02-22 01:02:24.327954,2021-02-22 01:02:35.616076,0 days 00:00:11.288122,0.00048747779302059775,80,0.9941476795007334,4.342610954958437,0.7007641114123737,PRUNED
1115,1115,0.7034754744885383,2021-02-22 01:02:35.616633,2021-02-22 01:02:46.775565,0 days 00:00:11.158932,0.0003466637628143925,40,0.9944101532675356,8.252176350506186,0.7034754744885383,PRUNED
1116,1116,0.7318410812275516,2021-02-22 01:02:46.776154,2021-02-22 01:04:11.860203,0 days 00:01:25.084049,0.000581192675430533,60,0.9973317785426771,7.343844621679689,0.7103771259551392,COMPLETE
1117,1117,0.7286397337908734,2021-02-22 01:04:11.861229,2021-02-22 01:05:37.120420,0 days 00:01:25.259191,0.0004434604653683374,50,0.9981802813655389,6.637216758991776,0.7069263002218388,COMPLETE
1118,1118,0.7064333251170816,2021-02-22 01:05:37.121439,2021-02-22 01:05:48.484574,0 days 00:00:11.363135,0.0008018601978621846,40,0.9967672173041142,8.565867408921566,0.7064333251170816,PRUNED
1119,1119,0.7117025696766535,2021-02-22 01:05:48.485173,2021-02-22 01:07:13.670277,0 days 00:01:25.185104,0.00013811282247182003,70,0.9937669315840914,9.371803093443924,0.7081587379837319,COMPLETE
1120,1120,0.7047079122504314,2021-02-22 01:07:13.671332,2021-02-22 01:07:24.928246,0 days 00:00:11.256914,0.0005170359977906463,40,0.9955235778229452,8.132821599963021,0.7047079122504314,PRUNED
1121,1121,0.7304294636578581,2021-02-22 01:07:24.928837,2021-02-22 01:08:49.935342,0 days 00:01:25.006505,0.00038804084972455074,80,0.9979330149079473,7.8143540997018865,0.7091446881932463,COMPLETE
1122,1122,0.7044614246980527,2021-02-22 01:08:49.936155,2021-02-22 01:09:01.261649,0 days 00:00:11.325494,0.00011801491029085406,40,0.9976049586657917,3.170179397856694,0.7044614246980527,PRUNED
1123,1123,0.7282571413721362,2021-02-22 01:09:01.262286,2021-02-22 01:10:26.499411,0 days 00:01:25.237125,0.00030917826073012576,40,0.9974258420199511,4.855710825211938,0.7086517130884891,COMPLETE
1124,1124,0.706186837564703,2021-02-22 01:10:26.500473,2021-02-22 01:10:37.833839,0 days 00:00:11.333366,0.0007043757549931069,70,0.9977531099264572,8.86967946692755,0.706186837564703,PRUNED
1125,1125,0.7326980002864282,2021-02-22 01:10:37.834440,2021-02-22 01:12:03.089421,0 days 00:01:25.254981,0.0004575348892176376,40,0.9982679188523094,7.146778255550541,0.71555336455509,COMPLETE
1126,1126,0.7335939537093943,2021-02-22 01:12:03.090468,2021-02-22 01:13:28.398625,0 days 00:01:25.308157,0.000586818231872124,80,0.9971689182609893,6.621909050191988,0.7093911757456248,COMPLETE
