,number,value,datetime_start,datetime_complete,duration,params_lr,params_out_dim,params_scheduler_gamma,params_weight_decay,system_attrs_completed_rung_0,system_attrs_completed_rung_1,system_attrs_completed_rung_2,state
430,430,0.7064333251170816,2021-02-23 17:28:21.873195,2021-02-23 17:29:32.692830,0 days 00:01:10.819635,0.0001675975514506534,60,0.9957851126761644,9.387261577092108,0.7084052255361104,0.7064333251170816,,PRUNED
431,431,0.7066798126694602,2021-02-23 17:29:32.693170,2021-02-23 17:29:59.878121,0 days 00:00:27.184951,0.00013657685920709945,50,0.9970125223343587,10.60758087540968,0.7066798126694602,,,PRUNED
432,432,0.7049543998028099,2021-02-23 17:29:59.878456,2021-02-23 17:30:12.078395,0 days 00:00:12.199939,1.8196454954539607e-05,90,0.9924072555254821,6.895912897935311,0.7049543998028099,,,PRUNED
433,433,0.6911510968696081,2021-02-23 17:30:12.078764,2021-02-23 17:30:24.242263,0 days 00:00:12.163499,2.0927534274601673e-05,90,0.9921333454126057,18.88862202019627,0.6911510968696081,,,PRUNED
434,434,0.7066798126694602,2021-02-23 17:30:24.242645,2021-02-23 17:30:51.693543,0 days 00:00:27.450898,0.00011463321571546258,50,0.9964673459391876,16.092023352460213,0.7066798126694602,,,PRUNED
435,435,0.7069263002218388,2021-02-23 17:30:51.693918,2021-02-23 17:31:18.962921,0 days 00:00:27.269003,7.735483607917477e-05,40,0.9955772890347926,16.163760100457555,0.7069263002218388,,,PRUNED
436,436,0.7049543998028099,2021-02-23 17:31:18.963274,2021-02-23 17:31:31.105021,0 days 00:00:12.141747,0.0002017305432980797,10,0.9939867425552715,15.196030592655829,0.7049543998028099,,,PRUNED
437,437,0.7049543998028099,2021-02-23 17:31:31.105378,2021-02-23 17:32:43.942029,0 days 00:01:12.836651,0.019610426559810133,20,0.9989952183334146,18.596773635641334,0.7049543998028099,,,PRUNED
438,438,0.7049543998028099,2021-02-23 17:32:43.942333,2021-02-23 17:33:11.230865,0 days 00:00:27.288532,8.752586529541232e-05,60,0.9961588542618026,17.05039723902518,0.7049543998028099,,,PRUNED
439,439,0.706186837564703,2021-02-23 17:33:11.231226,2021-02-23 17:33:38.586540,0 days 00:00:27.355314,0.00035121009027352365,90,0.9906718438988104,6.567479275326226,0.7108701010598965,0.706186837564703,,PRUNED
440,440,0.7064333251170816,2021-02-23 17:33:38.586919,2021-02-23 17:34:51.633495,0 days 00:01:13.046576,7.727510989744406e-05,50,0.9951586969481709,18.23574535268412,0.7113630761646537,0.7064333251170816,,PRUNED
441,441,0.7015035740695095,2021-02-23 17:34:51.633822,2021-02-23 17:35:18.975342,0 days 00:00:27.341520,6.42644250181281e-05,50,0.9959888769890598,15.655086484759867,0.7015035740695095,,,PRUNED
442,442,0.7066798126694602,2021-02-23 17:35:18.975715,2021-02-23 17:36:31.614298,0 days 00:01:12.638583,0.00010215934254839894,10,0.9956756278884328,16.40962135689387,0.7084052255361104,0.7066798126694602,,PRUNED
443,443,0.7056938624599458,2021-02-23 17:36:31.614691,2021-02-23 17:36:43.998193,0 days 00:00:12.383502,0.00029729891982595367,60,0.9989802792091952,5.271403591959197,0.7056938624599458,,,PRUNED
444,444,0.7064333251170816,2021-02-23 17:36:43.998560,2021-02-23 17:37:11.353036,0 days 00:00:27.354476,0.00020205585939240726,40,0.9948671497321269,10.306343717763836,0.7064333251170816,,,PRUNED
445,445,0.7017500616218881,2021-02-23 17:37:11.353408,2021-02-23 17:37:38.588248,0 days 00:00:27.234840,5.160238160475531e-05,10,0.9936009303342729,17.497346672069888,0.7017500616218881,,,PRUNED
446,446,0.7064333251170816,2021-02-23 17:37:38.588633,2021-02-23 17:38:05.879805,0 days 00:00:27.291172,6.926286806174091e-05,40,0.9967800829705435,18.606348030372722,0.7064333251170816,,,PRUNED
447,447,0.7049543998028099,2021-02-23 17:38:05.880167,2021-02-23 17:39:18.726082,0 days 00:01:12.845915,0.0005708950089793397,40,0.9974121701032195,14.010762314698635,0.7049543998028099,,,PRUNED
448,448,0.6380477624393215,2021-02-23 17:39:18.726445,2021-02-23 17:54:32.093391,0 days 00:15:13.366946,9.00388471506008e-05,80,0.9916326807293929,4.710418965355323,0.7111165886122751,0.7143209267931969,0.7101306384027607,COMPLETE
449,449,0.6879467586886863,2021-02-23 17:54:32.094131,2021-02-23 17:55:42.962495,0 days 00:01:10.868364,8.511140940360113e-05,70,0.991630403790689,4.495673460157422,0.7084052255361104,0.7106236135075179,0.6879467586886863,PRUNED
450,450,0.6970667981266946,2021-02-23 17:55:42.962830,2021-02-23 17:56:53.655299,0 days 00:01:10.692469,9.937373721743807e-05,80,0.9918670343889789,5.729234883715452,0.7088982006408676,0.7212225782597979,0.6970667981266946,PRUNED
451,451,0.7034754744885383,2021-02-23 17:56:53.655680,2021-02-23 17:57:05.480605,0 days 00:00:11.824925,0.00014324126956190793,80,0.9913539038229596,6.08668617048257,0.7034754744885383,,,PRUNED
452,452,0.6978062607838305,2021-02-23 17:57:05.480958,2021-02-23 17:57:32.244152,0 days 00:00:26.763194,0.00013742739104073896,50,0.9941075012544962,15.323230534330037,0.6978062607838305,,,PRUNED
453,453,0.703721962040917,2021-02-23 17:57:32.244539,2021-02-23 17:57:59.644253,0 days 00:00:27.399714,0.0004850418676139082,90,0.9917148959307344,7.07855973109505,0.7086517130884891,0.703721962040917,,PRUNED
454,454,0.7029824993837811,2021-02-23 17:57:59.644684,2021-02-23 17:58:27.004023,0 days 00:00:27.359339,0.00012167868824036911,10,0.9916507696918164,11.556525663900183,0.7029824993837811,,,PRUNED
455,455,0.7069263002218388,2021-02-23 17:58:27.004379,2021-02-23 17:58:39.100399,0 days 00:00:12.096020,0.0001248769833622602,20,0.9902790227973906,6.29639122745011,0.7069263002218388,,,PRUNED
456,456,0.7049543998028099,2021-02-23 17:58:39.100763,2021-02-23 17:59:51.774094,0 days 00:01:12.673331,0.0011504704930650788,30,0.998605692364333,17.15678216135049,0.7049543998028099,,,PRUNED
457,457,0.7032289869361598,2021-02-23 17:59:51.774488,2021-02-23 18:00:19.213356,0 days 00:00:27.438868,0.00023998368023603223,90,0.9921539645985075,7.534561898366484,0.7093911757456248,0.7032289869361598,,PRUNED
458,458,0.695587872812423,2021-02-23 18:00:19.213678,2021-02-23 18:00:46.559583,0 days 00:00:27.345905,5.5064808060721126e-05,30,0.9900054763443984,12.76656830281838,0.695587872812423,,,PRUNED
459,459,0.7012570865171309,2021-02-23 18:00:46.559981,2021-02-23 18:01:59.241718,0 days 00:01:12.681737,9.550533732772966e-05,20,0.9954914574117695,14.07566485225656,0.7145674143455756,0.7012570865171309,,PRUNED
460,460,0.7056938624599458,2021-02-23 18:01:59.242061,2021-02-23 18:02:11.439261,0 days 00:00:12.197200,0.00019181402315409515,90,0.9943819705639739,15.508155081408814,0.7056938624599458,,,PRUNED
461,461,0.6649109710465005,2021-02-23 18:02:11.439627,2021-02-23 18:17:27.139166,0 days 00:15:15.699539,2.260189774116205e-05,100,0.9915819082752422,19.91298521148501,0.7113630761646537,0.7153068770027113,0.7091446881932463,COMPLETE
462,462,0.6987922109933449,2021-02-23 18:17:27.140017,2021-02-23 18:17:54.460710,0 days 00:00:27.320693,3.147730227523902e-05,100,0.9910311251110598,18.43085422012867,0.7084052255361104,0.6987922109933449,,PRUNED
463,463,0.7069263002218388,2021-02-23 18:17:54.461077,2021-02-23 18:18:21.876532,0 days 00:00:27.415455,2.753424833740449e-05,100,0.9914832309378551,17.472563962720987,0.7086517130884891,0.7069263002218388,,PRUNED
464,464,0.7039684495932955,2021-02-23 18:18:21.876895,2021-02-23 18:19:34.602836,0 days 00:01:12.725941,0.0003561561214952781,70,0.9961146900988815,16.04591873608729,0.7039684495932955,,,PRUNED
465,465,0.6847424205077643,2021-02-23 18:19:34.603225,2021-02-23 18:20:01.895977,0 days 00:00:27.292752,0.00024746698376206357,30,0.9943696359360721,0.19481075059128905,0.6847424205077643,,,PRUNED
466,466,0.7012570865171309,2021-02-23 18:20:01.896457,2021-02-23 18:20:29.122048,0 days 00:00:27.225591,7.318465926637284e-05,40,0.9960948483071674,15.964070510576404,0.7012570865171309,,,PRUNED
467,467,0.7049543998028099,2021-02-23 18:20:29.122426,2021-02-23 18:21:42.046270,0 days 00:01:12.923844,0.0007818731446537546,30,0.997756866853244,15.48941420255565,0.7049543998028099,,,PRUNED
468,468,0.7054473749075671,2021-02-23 18:21:42.046594,2021-02-23 18:21:54.147743,0 days 00:00:12.101149,2.479720065611207e-05,100,0.9965027478329629,19.846507122125985,0.7054473749075671,,,PRUNED
469,469,0.703721962040917,2021-02-23 18:21:54.148174,2021-02-23 18:22:06.283489,0 days 00:00:12.135315,0.00010376539241329071,100,0.9961290860019664,19.57440131205997,0.703721962040917,,,PRUNED
470,470,0.696820310574316,2021-02-23 18:22:06.283886,2021-02-23 18:22:33.497809,0 days 00:00:27.213923,4.645358973533281e-05,10,0.9946522649572693,13.32259605227049,0.696820310574316,,,PRUNED
471,471,0.7049543998028099,2021-02-23 18:22:33.498199,2021-02-23 18:23:46.230402,0 days 00:01:12.732203,0.00046286575321447806,80,0.9980467347973322,17.74430136877728,0.7049543998028099,,,PRUNED
472,472,0.7066798126694602,2021-02-23 18:23:46.230778,2021-02-23 18:24:13.720030,0 days 00:00:27.489252,0.00016776882009927457,100,0.9967632730294829,13.625004362158629,0.7096376632980035,0.7066798126694602,,PRUNED
473,473,0.7282646652856519,2021-02-23 18:24:13.720433,2021-02-23 18:39:22.710101,0 days 00:15:08.989668,0.00014066923484951525,10,0.9968695066175057,16.81142015041448,0.7106236135075179,,,COMPLETE
