,number,value,datetime_start,datetime_complete,duration,params_lr,params_out_dim,params_scheduler_gamma,params_weight_decay,system_attrs_completed_rung_0,state
2128,2128,0.706186837564703,2021-02-22 12:06:04.430801,2021-02-22 12:06:16.241779,0 days 00:00:11.810978,0.0002746289651261385,80,0.9942260257419832,7.231582967160058,0.706186837564703,PRUNED
2129,2129,0.7064333251170816,2021-02-22 12:06:16.242795,2021-02-22 12:06:28.189121,0 days 00:00:11.946326,0.00041240316470499334,30,0.9933675889810021,5.31731587848328,0.7064333251170816,PRUNED
2130,2130,0.7017500616218881,2021-02-22 12:06:28.190097,2021-02-22 12:06:40.079288,0 days 00:00:11.889191,0.0003418822310133274,40,0.9955994718481987,3.1247412601399187,0.7017500616218881,PRUNED
2131,2131,0.7249907407204168,2021-02-22 12:06:40.080335,2021-02-22 12:08:09.524771,0 days 00:01:29.444436,0.00022564330763834173,80,0.995983558586255,4.565702193042425,0.707419275326596,COMPLETE
2132,2132,0.7246596351921852,2021-02-22 12:08:09.526239,2021-02-22 12:09:39.160825,0 days 00:01:29.634586,0.0001153770953565691,90,0.9944120868031783,5.987979191038898,0.707419275326596,COMPLETE
2133,2133,0.7285953192719389,2021-02-22 12:09:39.162034,2021-02-22 12:11:08.710237,0 days 00:01:29.548203,0.00017698438290752447,70,0.9976209418969101,1.6247974723699916,0.7076657628789746,COMPLETE
2134,2134,0.7069263002218388,2021-02-22 12:11:08.711831,2021-02-22 12:11:20.602453,0 days 00:00:11.890622,0.0002765758432991378,80,0.994909835599316,0.6285529059371692,0.7069263002218388,PRUNED
2135,2135,0.7334568791820446,2021-02-22 12:11:20.603557,2021-02-22 12:12:50.135451,0 days 00:01:29.531894,0.00036797918225102194,40,0.9946351706354678,14.990494815092433,0.7096376632980035,COMPLETE
2136,2136,0.706186837564703,2021-02-22 12:12:50.136949,2021-02-22 12:13:01.964561,0 days 00:00:11.827612,0.0004477853285544556,80,0.9937929304370343,13.867325749703438,0.706186837564703,PRUNED
2137,2137,0.7054473749075671,2021-02-22 12:13:01.965489,2021-02-22 12:13:13.825361,0 days 00:00:11.859872,0.00020239741022202472,70,0.9983528652335428,2.241558026028176,0.7054473749075671,PRUNED
2138,2138,0.7064333251170816,2021-02-22 12:13:13.826368,2021-02-22 12:13:25.713876,0 days 00:00:11.887508,0.0001556866542105612,80,0.9973455199769671,8.15199002755005,0.7064333251170816,PRUNED
2139,2139,0.7007641114123737,2021-02-22 12:13:25.714885,2021-02-22 12:13:37.605413,0 days 00:00:11.890528,0.00025413936722732853,50,0.9953590179858955,4.97642958069702,0.7007641114123737,PRUNED
2140,2140,0.7298664560414954,2021-02-22 12:13:37.606401,2021-02-22 12:15:07.198528,0 days 00:01:29.592127,0.0005182927144466457,30,0.9939820813220926,6.77034954836118,0.7076657628789746,COMPLETE
2141,2141,0.7066798126694602,2021-02-22 12:15:07.200051,2021-02-22 12:15:19.232471,0 days 00:00:12.032420,0.00030757005409268596,60,0.9941500907491971,0.027653994423583406,0.7066798126694602,PRUNED
2142,2142,0.7034754744885383,2021-02-22 12:15:19.233419,2021-02-22 12:15:31.094572,0 days 00:00:11.861153,0.00037527522534384103,40,0.9963679380862595,6.230911540228528,0.7034754744885383,PRUNED
2143,2143,0.7032289869361598,2021-02-22 12:15:31.095644,2021-02-22 12:15:42.956299,0 days 00:00:11.860655,0.00023777487242248409,80,0.9950388259243703,7.70149761417785,0.7032289869361598,PRUNED
2144,2144,0.7047079122504314,2021-02-22 12:15:42.957291,2021-02-22 12:15:54.899120,0 days 00:00:11.941829,0.00012868527465910646,90,0.992150793889473,2.87028162002557,0.7047079122504314,PRUNED
2145,2145,0.7283645331792444,2021-02-22 12:15:54.900160,2021-02-22 12:17:24.316888,0 days 00:01:29.416728,0.0001847105804068254,80,0.9978608636765872,4.2283935253944716,0.7133349765836825,COMPLETE
2146,2146,0.6970667981266946,2021-02-22 12:17:24.318387,2021-02-22 12:17:36.118968,0 days 00:00:11.800581,0.00010151753782059719,20,0.9942787977924226,5.2342111332533765,0.6970667981266946,PRUNED
2147,2147,0.7027360118314026,2021-02-22 12:17:36.119951,2021-02-22 12:17:47.972030,0 days 00:00:11.852079,0.00028866706100265355,40,0.9966523946275093,3.579861855990295,0.7027360118314026,PRUNED
2148,2148,0.7234438421563599,2021-02-22 12:17:47.972981,2021-02-22 12:19:17.296964,0 days 00:01:29.323983,0.00033843371520771187,30,0.9936157144443865,1.202415861559431,0.71555336455509,COMPLETE
2149,2149,0.7059403500123244,2021-02-22 12:19:17.298490,2021-02-22 12:19:29.147710,0 days 00:00:11.849220,0.00021174840871616298,80,0.9969441792959665,5.897677786484929,0.7059403500123244,PRUNED
2150,2150,0.6985457234409662,2021-02-22 12:19:29.148725,2021-02-22 12:19:41.111780,0 days 00:00:11.963055,0.0004203014725086502,50,0.9980694745509919,1.820305494967911,0.6985457234409662,PRUNED
2151,2151,0.7316878864397489,2021-02-22 12:19:41.112755,2021-02-22 12:21:10.423220,0 days 00:01:29.310465,0.00015896589616066172,10,0.9939901196575491,2.365111682871218,0.7113630761646537,COMPLETE
2152,2152,0.703721962040917,2021-02-22 12:21:10.424852,2021-02-22 12:21:22.250689,0 days 00:00:11.825837,0.0002564074886553413,80,0.9952172112036916,5.581837365918842,0.703721962040917,PRUNED
2153,2153,0.7039684495932955,2021-02-22 12:21:22.251656,2021-02-22 12:21:34.249822,0 days 00:00:11.998166,0.0003031003803826216,30,0.9957457189677789,7.163152121444126,0.7039684495932955,PRUNED
2154,2154,0.7044614246980527,2021-02-22 12:21:34.250886,2021-02-22 12:21:46.233423,0 days 00:00:11.982537,8.473359825123832e-05,40,0.9937840480627427,4.786938240468095,0.7044614246980527,PRUNED
2155,2155,0.7240701346001546,2021-02-22 12:21:46.234463,2021-02-22 12:23:15.897924,0 days 00:01:29.663461,0.00013588763284409373,80,0.9947749324149429,6.484211414336244,0.716785802316983,COMPLETE
2156,2156,0.6975597732314518,2021-02-22 12:23:15.899168,2021-02-22 12:23:27.815869,0 days 00:00:11.916701,0.00037241110197064374,80,0.9944169726917311,0.9448738093798386,0.6975597732314518,PRUNED
2157,2157,0.7064333251170816,2021-02-22 12:23:27.816872,2021-02-22 12:23:39.789424,0 days 00:00:11.972552,0.000492048622566581,70,0.9916877397909403,8.422324167679061,0.7064333251170816,PRUNED
2158,2158,0.69435543505053,2021-02-22 12:23:39.790415,2021-02-22 12:23:51.709073,0 days 00:00:11.918658,0.00022511125090779064,40,0.9923811494889833,6.120287260596022,0.69435543505053,PRUNED
2159,2159,0.6948484101552872,2021-02-22 12:23:51.710113,2021-02-22 12:24:03.722224,0 days 00:00:12.012111,0.00017722543485353294,60,0.998247563810836,3.93346514146783,0.6948484101552872,PRUNED
2160,2160,0.7039684495932955,2021-02-22 12:24:03.723245,2021-02-22 12:24:15.653647,0 days 00:00:11.930402,0.00032170459453427996,80,0.993478526235473,0.2897311276298993,0.7039684495932955,PRUNED
2161,2161,0.7049543998028099,2021-02-22 12:24:15.654702,2021-02-22 12:24:27.615918,0 days 00:00:11.961216,0.00011473669274812156,80,0.998676767226849,5.189639459123642,0.7049543998028099,PRUNED
2162,2162,0.733572999489961,2021-02-22 12:24:27.616966,2021-02-22 12:25:56.846948,0 days 00:01:29.229982,0.00026105621859911983,90,0.9971257354287549,2.656663549433903,0.7086517130884891,COMPLETE
2163,2163,0.7022430367266453,2021-02-22 12:25:56.848373,2021-02-22 12:26:08.778749,0 days 00:00:11.930376,0.0004565919438080343,40,0.9977894772897916,3.257682818075362,0.7022430367266453,PRUNED
2164,2164,0.7015035740695095,2021-02-22 12:26:08.779796,2021-02-22 12:26:20.624590,0 days 00:00:11.844794,0.00038804036079288133,50,0.9954321159663632,4.41225053827737,0.7015035740695095,PRUNED
2165,2165,0.7268013501553151,2021-02-22 12:26:20.625576,2021-02-22 12:27:50.586915,0 days 00:01:29.961339,0.0002039085304949489,80,0.9941913862518266,7.795765001709262,0.7079122504313532,COMPLETE
2166,2166,0.7251791746681893,2021-02-22 12:27:50.588104,2021-02-22 12:29:20.194933,0 days 00:01:29.606829,0.0005599979981840424,30,0.9900817680895942,1.441128272081776,0.7103771259551392,COMPLETE
2167,2167,0.7066798126694602,2021-02-22 12:29:20.196567,2021-02-22 12:29:32.020419,0 days 00:00:11.823852,0.00014767962265865414,70,0.9938768403265236,6.709562346616246,0.7066798126694602,PRUNED
2168,2168,0.7215091668224684,2021-02-22 12:29:32.021570,2021-02-22 12:31:01.885950,0 days 00:01:29.864380,0.0002782520203703038,40,0.9974803174345098,2.0508898507676188,0.7081587379837319,COMPLETE
2169,2169,0.7334648042875548,2021-02-22 12:31:01.887433,2021-02-22 12:32:31.531402,0 days 00:01:29.643969,0.0003383730951779449,100,0.9944501796643933,5.502187334921656,0.7086517130884891,COMPLETE
2170,2170,0.7017500616218881,2021-02-22 12:32:31.532608,2021-02-22 12:32:43.516334,0 days 00:00:11.983726,0.0002362763045588443,80,0.9940849979017465,4.881593704366384,0.7017500616218881,PRUNED
2171,2171,0.7336188044441256,2021-02-22 12:32:43.517359,2021-02-22 12:34:13.033460,0 days 00:01:29.516101,0.00018099813630265135,80,0.9946468215909667,5.93793163339038,0.713088489031304,COMPLETE
2172,2172,0.7273467723725711,2021-02-22 12:34:13.035135,2021-02-22 12:35:42.172979,0 days 00:01:29.137844,0.0004368100976688029,30,0.9931612729323287,7.458935767704984,0.707419275326596,COMPLETE
2173,2173,0.7032289869361598,2021-02-22 12:35:42.174450,2021-02-22 12:35:54.054268,0 days 00:00:11.879818,0.0002997684313356147,20,0.9984944536290833,2.905952967091347,0.7032289869361598,PRUNED
2174,2174,0.7049543998028099,2021-02-22 12:35:54.055325,2021-02-22 12:36:05.966138,0 days 00:00:11.910813,0.010944652029149337,90,0.9979626540278235,5.492084808421829,0.7049543998028099,PRUNED
2175,2175,0.7284556660665713,2021-02-22 12:36:05.967104,2021-02-22 12:37:35.583473,0 days 00:01:29.616369,0.00035730105172389614,80,0.9976350910912722,6.387518412063516,0.709884150850382,COMPLETE
2176,2176,0.6913975844219867,2021-02-22 12:37:35.584938,2021-02-22 12:37:47.436920,0 days 00:00:11.851982,0.00022909653591806045,70,0.9950102924642314,1.792507291483516,0.6913975844219867,PRUNED
2177,2177,0.6889327088982007,2021-02-22 12:37:47.437957,2021-02-22 12:37:59.333998,0 days 00:00:11.896041,0.0001361278224656588,40,0.9968198596267451,1.1482399259360874,0.6889327088982007,PRUNED
2178,2178,0.703721962040917,2021-02-22 12:37:59.335051,2021-02-22 12:38:11.065384,0 days 00:00:11.730333,0.00019360957085767506,80,0.9937273549059071,3.8031800858653666,0.703721962040917,PRUNED
2179,2179,0.7273578254019749,2021-02-22 12:38:11.066412,2021-02-22 12:39:40.621863,0 days 00:01:29.555451,9.683615846635258e-05,50,0.9952720873263473,14.37746073137139,0.7096376632980035,COMPLETE
2180,2180,0.7297615797315802,2021-02-22 12:39:40.623272,2021-02-22 12:41:09.950109,0 days 00:01:29.326837,0.0002928288269589301,80,0.997297029670355,8.0338060474743,0.7091446881932463,COMPLETE
2181,2181,0.706186837564703,2021-02-22 12:41:09.951760,2021-02-22 12:41:21.841425,0 days 00:00:11.889665,0.00024488385050008024,60,0.9927808840105928,4.704368343762285,0.706186837564703,PRUNED
2182,2182,0.6881932462410648,2021-02-22 12:41:21.842446,2021-02-22 12:41:33.879613,0 days 00:00:12.037167,0.00016245626611871095,40,0.994293322421395,0.6057721762021326,0.6881932462410648,PRUNED
2183,2183,0.7318425971698466,2021-02-22 12:41:33.880676,2021-02-22 12:43:03.380557,0 days 00:01:29.499881,0.0005433085825181871,80,0.9940554785885852,13.545348519908556,0.7088982006408676,COMPLETE
2184,2184,0.6982992358885877,2021-02-22 12:43:03.382146,2021-02-22 12:43:15.190501,0 days 00:00:11.808355,0.0004191344986246009,30,0.9964575723363384,2.493369443771829,0.6982992358885877,PRUNED
2185,2185,0.7029824993837811,2021-02-22 12:43:15.191549,2021-02-22 12:43:26.886619,0 days 00:00:11.695070,0.0003196019057054004,80,0.9955312556477794,6.043841984871494,0.7029824993837811,PRUNED
2186,2186,0.7238348388341522,2021-02-22 12:43:26.887639,2021-02-22 12:44:55.574278,0 days 00:01:28.686639,0.00011584918627503151,50,0.9935343057107089,7.139427770758261,0.7081587379837319,COMPLETE
2187,2187,0.7299640551287868,2021-02-22 12:44:55.575755,2021-02-22 12:46:23.589131,0 days 00:01:28.013376,0.0003796006179251345,80,0.9948188944900496,8.428698002525712,0.7091446881932463,COMPLETE
2188,2188,0.7064333251170816,2021-02-22 12:46:23.590366,2021-02-22 12:46:35.636671,0 days 00:00:12.046305,0.00020268576076927755,40,0.9981426890272803,5.188562054955766,0.7064333251170816,PRUNED
2189,2189,0.7272649681749181,2021-02-22 12:46:35.637681,2021-02-22 12:48:05.206804,0 days 00:01:29.569123,0.0002943806144076905,90,0.9938875098161182,4.408044530617878,0.7133349765836825,COMPLETE
2190,2190,0.7275021991810864,2021-02-22 12:48:05.208459,2021-02-22 12:49:34.747315,0 days 00:01:29.538856,0.0002477605164770072,80,0.9950895717574738,6.745424866406454,0.713088489031304,COMPLETE
2191,2191,0.7273435695495593,2021-02-22 12:49:34.748973,2021-02-22 12:51:04.303723,0 days 00:01:29.554750,0.0001526649856230492,70,0.995834312062901,5.789695333785316,0.709884150850382,COMPLETE
2192,2192,0.7069263002218388,2021-02-22 12:51:04.305150,2021-02-22 12:51:16.123112,0 days 00:00:11.817962,0.0004682827480767914,40,0.9966248050558959,3.5292215150308563,0.7069263002218388,PRUNED
2193,2193,0.7042149371456742,2021-02-22 12:51:16.124098,2021-02-22 12:51:27.932475,0 days 00:00:11.808377,0.0003469124048047292,80,0.9942373448611399,1.3450386976885516,0.7042149371456742,PRUNED
2194,2194,0.6990386985457234,2021-02-22 12:51:27.933514,2021-02-22 12:51:39.670238,0 days 00:00:11.736724,7.2675656592071e-05,20,0.9946050860851302,2.1879449148692798,0.6990386985457234,PRUNED
2195,2195,0.698052748336209,2021-02-22 12:51:39.671281,2021-02-22 12:51:51.587603,0 days 00:00:11.916322,0.00026858810928787465,80,0.9978965549430039,5.556015955970174,0.698052748336209,PRUNED
2196,2196,0.7278085601590657,2021-02-22 12:51:51.588620,2021-02-22 12:53:21.345861,0 days 00:01:29.757241,0.00021557261568090725,70,0.9940215123163062,4.877223462022723,0.7143209267931969,COMPLETE
2197,2197,0.7047079122504314,2021-02-22 12:53:21.347307,2021-02-22 12:53:33.262492,0 days 00:00:11.915185,0.00012846655261815814,30,0.9982913996619416,6.313411551500604,0.7047079122504314,PRUNED
2198,2198,0.7303248103810752,2021-02-22 12:53:33.263511,2021-02-22 12:55:02.639095,0 days 00:01:29.375584,0.0001680190995632199,50,0.9933579302939318,14.596901367511343,0.7081587379837319,COMPLETE
2199,2199,0.696820310574316,2021-02-22 12:55:02.640800,2021-02-22 12:55:14.679873,0 days 00:00:12.039073,0.00038995823189443636,60,0.9962576074041012,3.1221334653521047,0.696820310574316,PRUNED
2200,2200,0.7325413010221443,2021-02-22 12:55:14.680930,2021-02-22 12:56:43.892351,0 days 00:01:29.211421,0.0002678860529079737,40,0.9977447678450464,4.110518349274395,0.7199901404979049,COMPLETE
2201,2201,0.7054473749075671,2021-02-22 12:56:43.893986,2021-02-22 12:56:55.860210,0 days 00:00:11.966224,0.00018992650471596665,80,0.9936590072318147,0.9068276975602816,0.7054473749075671,PRUNED
2202,2202,0.7034754744885383,2021-02-22 12:56:55.861243,2021-02-22 12:57:07.603147,0 days 00:00:11.741904,0.00032603465398559664,40,0.9969967967525633,1.858584147877784,0.7034754744885383,PRUNED
2203,2203,0.7044614246980527,2021-02-22 12:57:07.604198,2021-02-22 12:57:19.426927,0 days 00:00:11.822729,0.0005449709811306339,80,0.9944272243935053,5.109282051475486,0.7044614246980527,PRUNED
2204,2204,0.7069263002218388,2021-02-22 12:57:19.427908,2021-02-22 12:57:31.489355,0 days 00:00:12.061447,0.0002155031528180952,80,0.9938739791744157,7.700467473334814,0.7069263002218388,PRUNED
2205,2205,0.7291592563993845,2021-02-22 12:57:31.490418,2021-02-22 12:59:00.898168,0 days 00:01:29.407750,0.00042880746701578896,90,0.9952992522159064,6.864037246956866,0.7081587379837319,COMPLETE
2206,2206,0.7002711363076165,2021-02-22 12:59:00.899753,2021-02-22 12:59:12.831819,0 days 00:00:11.932066,0.0002917365881430645,10,0.9975589924926104,5.652956324641134,0.7002711363076165,PRUNED
2207,2207,0.7310238076406599,2021-02-22 12:59:12.832883,2021-02-22 13:00:42.453087,0 days 00:01:29.620204,0.00034909885390096767,80,0.9942522464478899,1.453804018463246,0.707419275326596,COMPLETE
2208,2208,0.7269634710646637,2021-02-22 13:00:42.454639,2021-02-22 13:02:12.010790,0 days 00:01:29.556151,0.00010620270287148132,30,0.9955129214803141,6.132141419518459,0.7103771259551392,COMPLETE
2209,2209,0.7278436461805109,2021-02-22 13:02:12.012022,2021-02-22 13:03:41.229852,0 days 00:01:29.217830,0.0002378287364791268,50,0.9959898159626415,5.2741152888551674,0.7108701010598965,COMPLETE
2210,2210,0.6928765097362584,2021-02-22 13:03:41.231488,2021-02-22 13:03:53.092465,0 days 00:00:11.860977,0.0001389453124032081,40,0.9949223650303033,4.579590074161509,0.6928765097362584,PRUNED
2211,2211,0.6992851860981021,2021-02-22 13:03:53.093522,2021-02-22 13:04:04.928152,0 days 00:00:11.834630,0.00017340543931764266,30,0.9972234895595649,7.344432584779924,0.6992851860981021,PRUNED
2212,2212,0.7294999502910512,2021-02-22 13:04:04.929179,2021-02-22 13:05:34.548292,0 days 00:01:29.619113,0.00039651348666554204,80,0.9974038647980445,2.5716067427918037,0.7123490263741681,COMPLETE
2213,2213,0.7309924461146671,2021-02-22 13:05:34.549850,2021-02-22 13:07:04.262181,0 days 00:01:29.712331,0.0004779357436475626,40,0.9980396955560483,6.470264456725515,0.7088982006408676,COMPLETE
2214,2214,0.7234226657897533,2021-02-22 13:07:04.263643,2021-02-22 13:08:33.991125,0 days 00:01:29.727482,0.00027736795199642667,60,0.9941144551123404,5.864833909295313,0.7086517130884891,COMPLETE
2215,2215,0.7326981613372077,2021-02-22 13:08:33.992767,2021-02-22 13:10:03.581372,0 days 00:01:29.588605,0.00033395994923937996,80,0.9929917422937485,8.484882595909042,0.7093911757456248,COMPLETE
2216,2216,0.6990386985457234,2021-02-22 13:10:03.582937,2021-02-22 13:10:15.451149,0 days 00:00:11.868212,0.00020349803819716178,100,0.9945238265233374,0.43506761154395285,0.6990386985457234,PRUNED
2217,2217,0.7071727877742174,2021-02-22 13:10:15.452155,2021-02-22 13:10:27.289788,0 days 00:00:11.837633,0.00026007475949791275,20,0.9937371926131372,2.1490201496667027,0.7071727877742174,PRUNED
2218,2218,0.7047079122504314,2021-02-22 13:10:27.290866,2021-02-22 13:10:39.156916,0 days 00:00:11.866050,0.0001235913037610306,70,0.9957002384332005,8.116661020423692,0.7047079122504314,PRUNED
2219,2219,0.7029824993837811,2021-02-22 13:10:39.157934,2021-02-22 13:10:51.063337,0 days 00:00:11.905403,9.221797197219174e-05,80,0.9941052152726182,3.4760007123326613,0.7029824993837811,PRUNED
2220,2220,0.706186837564703,2021-02-22 13:10:51.064405,2021-02-22 13:11:02.981759,0 days 00:00:11.917354,0.00022975254621392539,50,0.9951296414910394,4.1416791449171555,0.706186837564703,PRUNED
2221,2221,0.7029824993837811,2021-02-22 13:11:02.982820,2021-02-22 13:11:15.008997,0 days 00:00:12.026177,0.0001517166790040084,30,0.993516426881339,2.944554332058906,0.7029824993837811,PRUNED
2222,2222,0.7207452683519339,2021-02-22 13:11:15.010115,2021-02-22 13:12:44.478992,0 days 00:01:29.468877,0.00031558164784072887,90,0.9968503341575722,1.5848411286464286,0.7091446881932463,COMPLETE
2223,2223,0.7052008873551886,2021-02-22 13:12:44.480595,2021-02-22 13:12:56.429705,0 days 00:00:11.949110,0.00041228733747935854,80,0.9939119739400871,5.516515907442273,0.7052008873551886,PRUNED
2224,2224,0.6987922109933449,2021-02-22 13:12:56.430771,2021-02-22 13:13:08.205795,0 days 00:00:11.775024,0.00018083346161392488,40,0.9943485439988583,5.015523838949035,0.6987922109933449,PRUNED
2225,2225,0.7049543998028099,2021-02-22 13:13:08.206892,2021-02-22 13:13:20.197785,0 days 00:00:11.990893,0.0036731690818674768,80,0.9977524477445302,7.022081620339188,0.7049543998028099,PRUNED
2226,2226,0.7056938624599458,2021-02-22 13:13:20.198823,2021-02-22 13:13:32.049786,0 days 00:00:11.850963,0.0003496517102445763,70,0.9953733335385133,15.346340910799277,0.7056938624599458,PRUNED
2227,2227,0.6990386985457234,2021-02-22 13:13:32.050850,2021-02-22 13:13:44.045360,0 days 00:00:11.994510,0.0002596856299939711,80,0.9966971670838833,0.932172131497321,0.6990386985457234,PRUNED
2228,2228,0.700517623859995,2021-02-22 13:13:44.046338,2021-02-22 13:13:55.944040,0 days 00:00:11.897702,0.0005196626244542449,30,0.9947842967844359,4.578742294340594,0.700517623859995,PRUNED
2229,2229,0.7056938624599458,2021-02-22 13:13:55.945042,2021-02-22 13:14:07.863495,0 days 00:00:11.918453,0.00021966455968018038,90,0.9984686881803672,6.304612123733575,0.7056938624599458,PRUNED
2230,2230,0.7252740726668154,2021-02-22 13:14:07.864520,2021-02-22 13:15:37.266809,0 days 00:01:29.402289,0.00029152722683250994,40,0.997943569217097,2.4965814443605505,0.7121025388217895,COMPLETE
2231,2231,0.7296036903897981,2021-02-22 13:15:37.268606,2021-02-22 13:17:06.982791,0 days 00:01:29.714185,0.00038512488907565954,80,0.9939848447061245,6.015882383294859,0.707419275326596,COMPLETE
2232,2232,0.6928765097362584,2021-02-22 13:17:06.984340,2021-02-22 13:17:18.904452,0 days 00:00:11.920112,0.00015391487957551125,50,0.9932862452771761,7.58228162075969,0.6928765097362584,PRUNED
2233,2233,0.7017500616218881,2021-02-22 13:17:18.905478,2021-02-22 13:17:30.721915,0 days 00:00:11.816437,0.00018507405318581258,80,0.9971343783848846,3.7643844423310138,0.7017500616218881,PRUNED
2234,2234,0.6948484101552872,2021-02-22 13:17:30.722980,2021-02-22 13:17:42.682166,0 days 00:00:11.959186,0.00030649402170993955,40,0.9981579550334662,5.2072359085710795,0.6948484101552872,PRUNED
2235,2235,0.7343336066813887,2021-02-22 13:17:42.683199,2021-02-22 13:19:12.277169,0 days 00:01:29.593970,0.00010615155196782637,80,0.9942604201854622,6.734376226742343,0.7222085284693123,COMPLETE
2236,2236,0.7059403500123244,2021-02-22 13:19:12.278758,2021-02-22 13:19:24.127785,0 days 00:00:11.849027,8.09045063088519e-05,80,0.9945056710957624,7.049018589172161,0.7059403500123244,PRUNED
2237,2237,0.698052748336209,2021-02-22 13:19:24.128833,2021-02-22 13:19:36.037856,0 days 00:00:11.909023,9.056057615941589e-05,80,0.9945874402195298,6.974960665068557,0.698052748336209,PRUNED
2238,2238,0.7056938624599458,2021-02-22 13:19:36.038957,2021-02-22 13:19:47.871114,0 days 00:00:11.832157,7.820472989175848e-05,80,0.9943894231226288,7.249968527598192,0.7056938624599458,PRUNED
2239,2239,0.7015035740695095,2021-02-22 13:19:47.872136,2021-02-22 13:19:59.884212,0 days 00:00:12.012076,0.00010235191274831836,80,0.994786237505317,7.376660421471851,0.7015035740695095,PRUNED
