,number,value,datetime_start,datetime_complete,duration,params_lr,params_out_dim,params_scheduler_gamma,params_weight_decay,system_attrs_completed_rung_0,state
1239,1239,0.7357026152254781,2021-02-22 02:23:41.441148,2021-02-22 02:25:06.315792,0 days 00:01:24.874644,0.00028310727675925294,30,0.9941303815249278,4.566367780875723,0.7246734039930983,COMPLETE
1240,1240,0.7362459722679073,2021-02-22 02:25:06.316935,2021-02-22 02:26:31.093186,0 days 00:01:24.776251,0.00022869412628740587,30,0.9941780353108868,4.3395702887038805,0.7162928272122258,COMPLETE
1241,1241,0.703721962040917,2021-02-22 02:26:31.094283,2021-02-22 02:26:42.362317,0 days 00:00:11.268034,0.00019632180567474744,30,0.9945530309226099,4.5232851847018924,0.703721962040917,PRUNED
1242,1242,0.7002711363076165,2021-02-22 02:26:42.362944,2021-02-22 02:26:53.532228,0 days 00:00:11.169284,0.00021901873523497175,30,0.9943609706810852,4.7592264885752495,0.7002711363076165,PRUNED
1243,1243,0.706186837564703,2021-02-22 02:26:53.532842,2021-02-22 02:27:04.722815,0 days 00:00:11.189973,0.00023288340985135503,30,0.9942768144492592,4.8707847591119835,0.706186837564703,PRUNED
1244,1244,0.703721962040917,2021-02-22 02:27:04.723428,2021-02-22 02:27:15.871359,0 days 00:00:11.147931,0.0002013535227907688,30,0.9945567837297745,4.595126897393206,0.703721962040917,PRUNED
1245,1245,0.6918905595267439,2021-02-22 02:27:15.871959,2021-02-22 02:27:27.292391,0 days 00:00:11.420432,0.00019414625987117226,30,0.9941863828293102,5.135861073699417,0.6918905595267439,PRUNED
1246,1246,0.703721962040917,2021-02-22 02:27:27.292973,2021-02-22 02:27:38.435394,0 days 00:00:11.142421,0.00019414003669630423,30,0.9943712596862171,4.418233087290533,0.703721962040917,PRUNED
1247,1247,0.7320188714643238,2021-02-22 02:27:38.435999,2021-02-22 02:29:03.653287,0 days 00:01:25.217288,0.0002359105635613908,30,0.9941837936970268,4.259028697398787,0.7199901404979049,COMPLETE
1248,1248,0.7312115174063172,2021-02-22 02:29:03.654375,2021-02-22 02:30:28.566659,0 days 00:01:24.912284,0.00021656834486193484,30,0.9947567201517203,4.71614486442652,0.7143209267931969,COMPLETE
1249,1249,0.7039684495932955,2021-02-22 02:30:28.567725,2021-02-22 02:30:39.792557,0 days 00:00:11.224832,0.00027504960864740535,30,0.9944894945468499,5.139110962382329,0.7039684495932955,PRUNED
1250,1250,0.7044614246980527,2021-02-22 02:30:39.793117,2021-02-22 02:30:50.925816,0 days 00:00:11.132699,0.00021638141552753003,30,0.9944332075993708,4.137733406875342,0.7044614246980527,PRUNED
1251,1251,0.7260757840203551,2021-02-22 02:30:50.926381,2021-02-22 02:32:15.743485,0 days 00:01:24.817104,0.0002595672094055179,30,0.9941755716065138,4.697568997266677,0.707419275326596,COMPLETE
1252,1252,0.7270558889966583,2021-02-22 02:32:15.744547,2021-02-22 02:33:41.108710,0 days 00:01:25.364163,0.000258473165575782,30,0.9940512977351835,5.106671236554915,0.7148139018979541,COMPLETE
1253,1253,0.7295026594805225,2021-02-22 02:33:41.109766,2021-02-22 02:35:05.888550,0 days 00:01:24.778784,0.00023947009213923955,20,0.9942049885980111,4.452739063559571,0.7084052255361104,COMPLETE
1254,1254,0.7007641114123737,2021-02-22 02:35:05.889649,2021-02-22 02:35:17.166599,0 days 00:00:11.276950,0.0001854169769168271,30,0.9940755705143877,5.544252397188223,0.7007641114123737,PRUNED
1255,1255,0.7236596723912884,2021-02-22 02:35:17.167217,2021-02-22 02:36:42.179631,0 days 00:01:25.012414,0.0002362500492657989,30,0.9943283501715956,5.1146625603488625,0.71555336455509,COMPLETE
1256,1256,0.700517623859995,2021-02-22 02:36:42.180732,2021-02-22 02:36:53.312636,0 days 00:00:11.131904,0.0002661505956448664,30,0.9946674376547471,5.417802074920483,0.700517623859995,PRUNED
1257,1257,0.7059403500123244,2021-02-22 02:36:53.313276,2021-02-22 02:37:04.535651,0 days 00:00:11.222375,0.00023304610843993427,90,0.9940388573099446,4.210152312590663,0.7059403500123244,PRUNED
1258,1258,0.7313243088806053,2021-02-22 02:37:04.536292,2021-02-22 02:38:29.699705,0 days 00:01:25.163413,0.0001876730021723157,30,0.9944392309187975,4.832751742014626,0.7108701010598965,COMPLETE
1259,1259,0.7282095889786271,2021-02-22 02:38:29.700782,2021-02-22 02:39:54.664159,0 days 00:01:24.963377,0.0002713024747290654,30,0.9939951980539621,4.731672270465341,0.7093911757456248,COMPLETE
1260,1260,0.7054473749075671,2021-02-22 02:39:54.665014,2021-02-22 02:40:05.814335,0 days 00:00:11.149321,0.00016616941570508312,30,0.9941951917576095,4.008288963056212,0.7054473749075671,PRUNED
1261,1261,0.706186837564703,2021-02-22 02:40:05.814992,2021-02-22 02:40:17.022038,0 days 00:00:11.207046,0.00027076177404433834,30,0.994620745165846,5.327407150505255,0.706186837564703,PRUNED
1262,1262,0.7039684495932955,2021-02-22 02:40:17.022712,2021-02-22 02:40:28.218569,0 days 00:00:11.195857,0.0001753386061705817,30,0.9942703898619163,5.250683434915396,0.7039684495932955,PRUNED
1263,1263,0.6992851860981021,2021-02-22 02:40:28.219226,2021-02-22 02:40:39.510482,0 days 00:00:11.291256,0.00021889837015470672,30,0.9938934072170927,4.582174856014694,0.6992851860981021,PRUNED
1264,1264,0.7243942338921616,2021-02-22 02:40:39.511140,2021-02-22 02:42:04.557044,0 days 00:01:25.045904,0.00015836340416774432,30,0.9942969201754394,0.8167599396042595,0.7135814641360612,COMPLETE
1265,1265,0.7305895880548376,2021-02-22 02:42:04.558227,2021-02-22 02:43:29.651738,0 days 00:01:25.093511,0.00029988302900832214,30,0.9944872781147803,5.695397239125575,0.7138279516884397,COMPLETE
1266,1266,0.7042149371456742,2021-02-22 02:43:29.652814,2021-02-22 02:43:40.917059,0 days 00:00:11.264245,0.00028237254333680727,30,0.9952179682614819,5.519452048360282,0.7042149371456742,PRUNED
1267,1267,0.7064333251170816,2021-02-22 02:43:40.917665,2021-02-22 02:43:52.089091,0 days 00:00:11.171426,0.00023823102888957543,30,0.9940007210585251,4.922741239115153,0.7064333251170816,PRUNED
1268,1268,0.7039684495932955,2021-02-22 02:43:52.089708,2021-02-22 02:44:03.369800,0 days 00:00:11.280092,0.0003007920994019786,30,0.9948641378743359,8.807304926022528,0.7039684495932955,PRUNED
1269,1269,0.7052008873551886,2021-02-22 02:44:03.370412,2021-02-22 02:44:14.546897,0 days 00:00:11.176485,0.00018990080882748376,30,0.9961947820618279,9.658589175034242,0.7052008873551886,PRUNED
1270,1270,0.7052008873551886,2021-02-22 02:44:14.547542,2021-02-22 02:44:25.819994,0 days 00:00:11.272452,0.0002556535278592645,30,0.9938399765824133,4.321716719185271,0.7052008873551886,PRUNED
1271,1271,0.7056938624599458,2021-02-22 02:44:25.820616,2021-02-22 02:44:37.006560,0 days 00:00:11.185944,0.0002995242060356325,30,0.9941258126262852,5.217331966673732,0.7056938624599458,PRUNED
1272,1272,0.7066798126694602,2021-02-22 02:44:37.007209,2021-02-22 02:44:48.213254,0 days 00:00:11.206045,0.0002094267253657079,30,0.9967950678309155,9.303559582730058,0.7066798126694602,PRUNED
1273,1273,0.6946019226029085,2021-02-22 02:44:48.213894,2021-02-22 02:44:59.492357,0 days 00:00:11.278463,0.00015114728553802258,20,0.9943632888107413,5.739548440237523,0.6946019226029085,PRUNED
1274,1274,0.7066798126694602,2021-02-22 02:44:59.492997,2021-02-22 02:45:10.705576,0 days 00:00:11.212579,0.0003069781692546421,30,0.9970833987506859,8.591369015432425,0.7066798126694602,PRUNED
1275,1275,0.7312231334476313,2021-02-22 02:45:10.706211,2021-02-22 02:46:35.560693,0 days 00:01:24.854482,0.0002505790433338229,30,0.9906342845090963,4.493369712266225,0.7088982006408676,COMPLETE
1276,1276,0.6987922109933449,2021-02-22 02:46:35.561556,2021-02-22 02:46:46.813928,0 days 00:00:11.252372,0.00017379924326376214,20,0.9937485343829631,15.03584626842251,0.6987922109933449,PRUNED
1277,1277,0.7294081055767738,2021-02-22 02:46:46.814524,2021-02-22 02:48:11.653625,0 days 00:01:24.839101,0.00031105623701924536,30,0.996384205095197,9.124375436609482,0.7071727877742174,COMPLETE
1278,1278,0.7066798126694602,2021-02-22 02:48:11.654742,2021-02-22 02:48:22.800037,0 days 00:00:11.145295,0.00020272732941789591,30,0.9969159139095021,5.097213353959395,0.7066798126694602,PRUNED
1279,1279,0.7277624836778536,2021-02-22 02:48:22.800611,2021-02-22 02:49:47.685300,0 days 00:01:24.884689,0.0002654035879985927,30,0.994503749574618,1.4769902245359554,0.7128420014789253,COMPLETE
1280,1280,0.7266613585757795,2021-02-22 02:49:47.686378,2021-02-22 02:51:12.824877,0 days 00:01:25.138499,0.00014398547672832797,80,0.994035820135686,9.842163115060607,0.7079122504313532,COMPLETE
1281,1281,0.7032289869361598,2021-02-22 02:51:12.825742,2021-02-22 02:51:23.980543,0 days 00:00:11.154801,0.0003241231522030994,30,0.9947384755672432,4.014875214230358,0.7032289869361598,PRUNED
1282,1282,0.7044614246980527,2021-02-22 02:51:23.981208,2021-02-22 02:51:35.183539,0 days 00:00:11.202331,0.00023190609684761973,30,0.9943095296924124,14.045165068412057,0.7044614246980527,PRUNED
1283,1283,0.7316807853102967,2021-02-22 02:51:35.184183,2021-02-22 02:53:00.111239,0 days 00:01:24.927056,0.0003261080795053,30,0.9966785885453605,8.300197483305329,0.7086517130884891,COMPLETE
1284,1284,0.7213267495188141,2021-02-22 02:53:00.112104,2021-02-22 02:54:25.155474,0 days 00:01:25.043370,0.00013251486789834978,100,0.9930019390552379,5.470214918064705,0.7118560512694109,COMPLETE
1285,1285,0.7017500616218881,2021-02-22 02:54:25.156558,2021-02-22 02:54:36.343376,0 days 00:00:11.186818,0.00026689167286724364,20,0.9958584569694007,5.93651736170302,0.7017500616218881,PRUNED
1286,1286,0.7262415963028502,2021-02-22 02:54:36.344044,2021-02-22 02:56:01.433220,0 days 00:01:25.089176,0.00015573350108988307,80,0.9908936698703417,8.719810674056433,0.707419275326596,COMPLETE
1287,1287,0.7044614246980527,2021-02-22 02:56:01.434323,2021-02-22 02:56:12.556486,0 days 00:00:11.122163,0.0003320895616323503,30,0.9985503350041354,4.944974759329014,0.7044614246980527,PRUNED
1288,1288,0.7292615570669811,2021-02-22 02:56:12.557169,2021-02-22 02:57:37.559165,0 days 00:01:25.001996,0.0001791276224938466,80,0.9941529624213308,8.951962633405456,0.707419275326596,COMPLETE
1289,1289,0.7334540560094028,2021-02-22 02:57:37.560303,2021-02-22 02:59:02.618115,0 days 00:01:25.057812,0.0002121074710319212,20,0.9973197659528413,8.346871637652681,0.7153068770027113,COMPLETE
1290,1290,0.7244152142704053,2021-02-22 02:59:02.619241,2021-02-22 03:00:27.588609,0 days 00:01:24.969368,0.00016616140010312976,10,0.9970738274523273,7.850434882566576,0.7088982006408676,COMPLETE
1291,1291,0.7052008873551886,2021-02-22 03:00:27.589682,2021-02-22 03:00:38.721373,0 days 00:00:11.131691,0.00020320362057384874,10,0.9969612642709633,8.192274552658608,0.7052008873551886,PRUNED
1292,1292,0.7027360118314026,2021-02-22 03:00:38.721980,2021-02-22 03:00:50.106306,0 days 00:00:11.384326,0.00022047826367343755,10,0.9972126180361985,7.910103885033745,0.7027360118314026,PRUNED
1293,1293,0.7049543998028099,2021-02-22 03:00:50.106946,2021-02-22 03:01:01.204074,0 days 00:00:11.097128,0.00021652064545508017,10,0.9968734092239183,8.26777452470811,0.7049543998028099,PRUNED
1294,1294,0.7002711363076165,2021-02-22 03:01:01.204682,2021-02-22 03:01:12.487888,0 days 00:00:11.283206,0.0002718189478917519,20,0.9987909459404859,8.216040150366439,0.7002711363076165,PRUNED
1295,1295,0.7066798126694602,2021-02-22 03:01:12.488504,2021-02-22 03:01:23.771279,0 days 00:00:11.282775,0.00019074984912824562,50,0.9965702454770394,5.917934264544968,0.7066798126694602,PRUNED
1296,1296,0.7245018458038148,2021-02-22 03:01:23.771927,2021-02-22 03:02:48.626257,0 days 00:01:24.854330,0.0002069379721098479,20,0.997319597004607,4.544985226165425,0.7076657628789746,COMPLETE
1297,1297,0.7274776690150888,2021-02-22 03:02:48.627379,2021-02-22 03:04:13.692149,0 days 00:01:25.064770,0.00023149677511146932,20,0.9971431177273622,14.461955823639167,0.7111165886122751,COMPLETE
1298,1298,0.7010105989647523,2021-02-22 03:04:13.693241,2021-02-22 03:04:24.916239,0 days 00:00:11.222998,0.00017711038223990926,20,0.9938848469244349,8.479299978049822,0.7010105989647523,PRUNED
1299,1299,0.706186837564703,2021-02-22 03:04:24.916862,2021-02-22 03:04:36.252306,0 days 00:00:11.335444,0.00023645124143488946,20,0.9972821071857125,5.622981215014297,0.706186837564703,PRUNED
1300,1300,0.7309855712864672,2021-02-22 03:04:36.252914,2021-02-22 03:06:01.015067,0 days 00:01:24.762153,0.0001882711337877599,10,0.9970218205265887,4.898045722342446,0.7076657628789746,COMPLETE
1301,1301,0.7066798126694602,2021-02-22 03:06:01.016275,2021-02-22 03:06:12.368108,0 days 00:00:11.351833,0.0002540518473522497,90,0.994229402629918,7.878965539101569,0.7066798126694602,PRUNED
1302,1302,0.7069263002218388,2021-02-22 03:06:12.368664,2021-02-22 03:06:23.611558,0 days 00:00:11.242894,0.0001506977529554039,20,0.9946159545870544,6.047583678367452,0.7069263002218388,PRUNED
1303,1303,0.7243909517506403,2021-02-22 03:06:23.612243,2021-02-22 03:07:48.528895,0 days 00:01:24.916652,0.0002695724096651953,80,0.9954785992921514,4.042250538333232,0.7071727877742174,COMPLETE
1304,1304,0.7029824993837811,2021-02-22 03:07:48.530015,2021-02-22 03:07:59.741919,0 days 00:00:11.211904,0.00016231049231321622,10,0.9967702612582099,18.861046027460866,0.7029824993837811,PRUNED
1305,1305,0.7052008873551886,2021-02-22 03:07:59.742548,2021-02-22 03:08:10.849993,0 days 00:00:11.107445,0.00023958314648547422,20,0.9939294094359092,5.365160355581113,0.7052008873551886,PRUNED
1306,1306,0.7027360118314026,2021-02-22 03:08:10.850576,2021-02-22 03:08:22.090397,0 days 00:00:11.239821,0.00021059159966979688,20,0.9949696252974205,8.263571329280559,0.7027360118314026,PRUNED
1307,1307,0.7317564626041058,2021-02-22 03:08:22.091044,2021-02-22 03:09:47.636824,0 days 00:01:25.545780,0.00017498883401401207,50,0.9973399713641663,15.363941106333423,0.7069263002218388,COMPLETE
1308,1308,0.6997781612028593,2021-02-22 03:09:47.637917,2021-02-22 03:09:58.846574,0 days 00:00:11.208657,0.0001262549617020313,20,0.9963063503917121,7.766132893310068,0.6997781612028593,PRUNED
1309,1309,0.733362275119805,2021-02-22 03:09:58.847266,2021-02-22 03:11:24.075722,0 days 00:01:25.228456,0.00030582199316986467,20,0.9944358637668032,4.382455655547495,0.7081587379837319,COMPLETE
1310,1310,0.7000246487552378,2021-02-22 03:11:24.076818,2021-02-22 03:11:35.326845,0 days 00:00:11.250027,0.00013831344770025362,80,0.9969687032604625,5.297191450860791,0.7000246487552378,PRUNED
1311,1311,0.7361016883845724,2021-02-22 03:11:35.327482,2021-02-22 03:13:00.123457,0 days 00:01:24.795975,0.00029508865750443517,20,0.9941317307541069,1.9929004091226667,0.7194971653931477,COMPLETE
1312,1312,0.7056938624599458,2021-02-22 03:13:00.124664,2021-02-22 03:13:11.384108,0 days 00:00:11.259444,0.0002905730655465908,80,0.9941776138106516,2.7704681861595053,0.7056938624599458,PRUNED
1313,1313,0.7264272908958829,2021-02-22 03:13:11.384696,2021-02-22 03:14:36.749851,0 days 00:01:25.365155,0.00032859115619679447,20,0.9935834006612004,1.6784586582784096,0.707419275326596,COMPLETE
1314,1314,0.7064333251170816,2021-02-22 03:14:36.751004,2021-02-22 03:14:48.082491,0 days 00:00:11.331487,0.00031241835192015986,20,0.9940070087663112,0.2776049579382216,0.7064333251170816,PRUNED
1315,1315,0.6965738230219374,2021-02-22 03:14:48.083159,2021-02-22 03:14:59.190338,0 days 00:00:11.107179,0.00028620645516299324,50,0.9938330563148601,3.7952497802591427,0.6965738230219374,PRUNED
1316,1316,0.7326974013526618,2021-02-22 03:14:59.191010,2021-02-22 03:16:24.189358,0 days 00:01:24.998348,0.00035228020024375475,10,0.9943018759051049,4.86281352543528,0.7091446881932463,COMPLETE
1317,1317,0.7342245714318356,2021-02-22 03:16:24.190449,2021-02-22 03:17:49.493903,0 days 00:01:25.303454,0.00028429836536304683,80,0.994087367482949,2.5075931232631294,0.7101306384027607,COMPLETE
1318,1318,0.7369022241512857,2021-02-22 03:17:49.494813,2021-02-22 03:19:14.723349,0 days 00:01:25.228536,0.00027050704932597236,80,0.9937718348164812,3.115130008721959,0.7157998521074685,COMPLETE
1319,1319,0.7027360118314026,2021-02-22 03:19:14.724478,2021-02-22 03:19:25.933823,0 days 00:00:11.209345,0.00025319525469903254,80,0.9933764849080157,3.3163091941824856,0.7027360118314026,PRUNED
1320,1320,0.7019965491742667,2021-02-22 03:19:25.934523,2021-02-22 03:19:37.135679,0 days 00:00:11.201156,0.0002556848829317685,80,0.9936305331136633,2.363411990987265,0.7019965491742667,PRUNED
1321,1321,0.7059403500123244,2021-02-22 03:19:37.136381,2021-02-22 03:19:48.292845,0 days 00:00:11.156464,0.0002745342640256362,80,0.9936826282219401,1.92068215139003,0.7059403500123244,PRUNED
1322,1322,0.7064333251170816,2021-02-22 03:19:48.293522,2021-02-22 03:19:59.669303,0 days 00:00:11.375781,0.0002801414155333382,80,0.9937766186687986,1.9781828419068708,0.7064333251170816,PRUNED
1323,1323,0.7064333251170816,2021-02-22 03:19:59.669952,2021-02-22 03:20:10.830264,0 days 00:00:11.160312,0.0002557023141690701,80,0.9938504182686292,0.9785973305116857,0.7064333251170816,PRUNED
1324,1324,0.7248356375839784,2021-02-22 03:20:10.830947,2021-02-22 03:21:36.146341,0 days 00:01:25.315394,0.0002465420714665571,80,0.993650946230914,1.2598362198108926,0.7138279516884397,COMPLETE
1325,1325,0.7238595328048689,2021-02-22 03:21:36.147468,2021-02-22 03:23:01.312580,0 days 00:01:25.165112,0.00029786329659634123,80,0.9939640064444059,2.1488361863747976,0.7088982006408676,COMPLETE
1326,1326,0.7027360118314026,2021-02-22 03:23:01.313701,2021-02-22 03:23:12.457215,0 days 00:00:11.143514,0.0002850045604000926,80,0.9937623992028906,1.9609075424278994,0.7027360118314026,PRUNED
1327,1327,0.7298403301111778,2021-02-22 03:23:12.457907,2021-02-22 03:24:37.651916,0 days 00:01:25.194009,0.0002948869139526872,80,0.9941767974005965,1.6573829948823702,0.7113630761646537,COMPLETE
1328,1328,0.6992851860981021,2021-02-22 03:24:37.653011,2021-02-22 03:24:48.846591,0 days 00:00:11.193580,0.00024478309195112097,80,0.993974534170245,2.1422853132191504,0.6992851860981021,PRUNED
1329,1329,0.6985457234409662,2021-02-22 03:24:48.847271,2021-02-22 03:25:00.059696,0 days 00:00:11.212425,0.00031552099213761687,90,0.9935499896454889,2.5772980311456526,0.6985457234409662,PRUNED
1330,1330,0.700517623859995,2021-02-22 03:25:00.060338,2021-02-22 03:25:11.248164,0 days 00:00:11.187826,0.0002295407173262863,80,0.9939952506524639,2.672724043647561,0.700517623859995,PRUNED
1331,1331,0.7156461385162303,2021-02-22 03:25:11.248844,2021-02-22 03:26:36.352047,0 days 00:01:25.103203,0.0002792450441609307,80,0.9933318225522189,2.5818137795832605,0.7103771259551392,COMPLETE
1332,1332,0.7285751421912708,2021-02-22 03:26:36.353143,2021-02-22 03:28:01.264877,0 days 00:01:24.911734,0.00032445242106810506,80,0.9941211260055777,3.917005605240909,0.7121025388217895,COMPLETE
1333,1333,0.7229906926029559,2021-02-22 03:28:01.265771,2021-02-22 03:29:26.445538,0 days 00:01:25.179767,0.00025110281703953765,80,0.9940720309473836,1.8453424592638488,0.7106236135075179,COMPLETE
1334,1334,0.7117074596789397,2021-02-22 03:29:26.446676,2021-02-22 03:30:51.679507,0 days 00:01:25.232831,0.00021871090245962282,80,0.993810147410585,2.104127537538402,0.7111165886122751,COMPLETE
1335,1335,0.7241904017491085,2021-02-22 03:30:51.680633,2021-02-22 03:32:16.765794,0 days 00:01:25.085161,0.00032022584842744233,80,0.9935182726097819,2.267072445612428,0.7135814641360612,COMPLETE
1336,1336,0.723821717942467,2021-02-22 03:32:16.767054,2021-02-22 03:33:42.243431,0 days 00:01:25.476377,0.0003297670615379483,80,0.9943876535077587,2.7846724690060185,0.7096376632980035,COMPLETE
1337,1337,0.7044614246980527,2021-02-22 03:33:42.244546,2021-02-22 03:33:53.574049,0 days 00:00:11.329503,0.00028425342604406574,90,0.9938054396990927,2.261558049861284,0.7044614246980527,PRUNED
1338,1338,0.6990386985457234,2021-02-22 03:33:53.574777,2021-02-22 03:34:04.741204,0 days 00:00:11.166427,0.00035470155159833116,80,0.9942022086370084,1.4380585415024285,0.6990386985457234,PRUNED
1339,1339,0.7069263002218388,2021-02-22 03:34:04.741921,2021-02-22 03:34:15.923440,0 days 00:00:11.181519,0.00027306998961625523,20,0.9940641148231381,2.7233293347734495,0.7069263002218388,PRUNED
1340,1340,0.6960808479171802,2021-02-22 03:34:15.924106,2021-02-22 03:34:27.188746,0 days 00:00:11.264640,0.00024091017305301348,90,0.9944971226057069,1.6977703081222932,0.6960808479171802,PRUNED
1341,1341,0.7007641114123737,2021-02-22 03:34:27.189395,2021-02-22 03:34:38.399961,0 days 00:00:11.210566,0.00034266348168492594,80,0.9937253964958013,2.209441681180993,0.7007641114123737,PRUNED
1342,1342,0.706186837564703,2021-02-22 03:34:38.400688,2021-02-22 03:34:49.783110,0 days 00:00:11.382422,0.0002135076189424631,60,0.994332095740084,1.4187630418595059,0.706186837564703,PRUNED
1343,1343,0.6948484101552872,2021-02-22 03:34:49.783768,2021-02-22 03:35:00.921989,0 days 00:00:11.138221,0.00028023660133242407,80,0.9939085762673745,1.5058574911895397,0.6948484101552872,PRUNED
1344,1344,0.7056938624599458,2021-02-22 03:35:00.922687,2021-02-22 03:35:12.175805,0 days 00:00:11.253118,0.00033240906754807784,80,0.9942369798879259,2.088970020166653,0.7056938624599458,PRUNED
1345,1345,0.6958343603648016,2021-02-22 03:35:12.176520,2021-02-22 03:35:23.549769,0 days 00:00:11.373249,0.0002293568743328817,80,0.9940132020265084,2.9453937795471075,0.6958343603648016,PRUNED
1346,1346,0.7044614246980527,2021-02-22 03:35:23.550493,2021-02-22 03:35:34.666418,0 days 00:00:11.115925,0.0003556536388349699,60,0.9945751578705426,2.3883577883059695,0.7044614246980527,PRUNED
1347,1347,0.729233676945531,2021-02-22 03:35:34.667137,2021-02-22 03:36:59.784708,0 days 00:01:25.117571,0.0003475954031029933,80,0.9934854814218167,2.985302434535681,0.7140744392408184,COMPLETE
1348,1348,0.7047079122504314,2021-02-22 03:36:59.785609,2021-02-22 03:37:10.991177,0 days 00:00:11.205568,0.00029044110647866145,20,0.9939107734627819,3.201215414052106,0.7047079122504314,PRUNED
1349,1349,0.7237593813497213,2021-02-22 03:37:10.991853,2021-02-22 03:38:36.007620,0 days 00:01:25.015767,0.0002481122834148868,80,0.9940622220019983,3.3296034579631737,0.7128420014789253,COMPLETE
