,number,value,datetime_start,datetime_complete,duration,params_lr,params_out_dim,params_scheduler_gamma,params_weight_decay,system_attrs_completed_rung_0,state
2240,2240,0.7019965491742667,2021-02-22 13:19:59.885392,2021-02-22 13:20:11.757678,0 days 00:00:11.872286,8.513476944673148e-05,80,0.9945833403395733,6.7556350736896755,0.7019965491742667,PRUNED
2241,2241,0.6995316736504806,2021-02-22 13:20:11.758704,2021-02-22 13:20:23.654498,0 days 00:00:11.895794,9.679677237099111e-05,80,0.9942646775318251,7.226850242401809,0.6995316736504806,PRUNED
2242,2242,0.7197734902866342,2021-02-22 13:20:23.655594,2021-02-22 13:21:53.442922,0 days 00:01:29.787328,0.00010845881784133117,80,0.9946024959909574,6.745211462871247,0.7143209267931969,COMPLETE
2243,2243,0.6933694848410156,2021-02-22 13:21:53.444437,2021-02-22 13:22:05.529809,0 days 00:00:12.085372,6.768495980486586e-05,80,0.9948980543411304,7.083209354731842,0.6933694848410156,PRUNED
2244,2244,0.7034754744885383,2021-02-22 13:22:05.531407,2021-02-22 13:22:17.491938,0 days 00:00:11.960531,9.634975535539898e-05,80,0.9944472313675026,6.929501789197724,0.7034754744885383,PRUNED
2245,2245,0.7034754744885383,2021-02-22 13:22:17.493006,2021-02-22 13:22:29.270502,0 days 00:00:11.777496,0.00010847535365849559,80,0.9951481437844353,7.78742803072072,0.7034754744885383,PRUNED
2246,2246,0.7042149371456742,2021-02-22 13:22:29.271505,2021-02-22 13:22:41.255492,0 days 00:00:11.983987,6.989202383149288e-05,80,0.9943329506957825,6.8090375613568925,0.7042149371456742,PRUNED
2247,2247,0.7240096144035788,2021-02-22 13:22:41.256525,2021-02-22 13:24:10.658950,0 days 00:01:29.402425,0.00012978153122605634,80,0.9965182575574661,6.849414318471494,0.7123490263741681,COMPLETE
2248,2248,0.7212000246152079,2021-02-22 13:24:10.660557,2021-02-22 13:25:40.470956,0 days 00:01:29.810399,7.642586385923573e-05,80,0.9974477228836821,7.452978469321652,0.7123490263741681,COMPLETE
2249,2249,0.6992851860981021,2021-02-22 13:25:40.472576,2021-02-22 13:25:52.288503,0 days 00:00:11.815927,9.534262727834408e-05,80,0.9949977965298458,6.617431740982882,0.6992851860981021,PRUNED
2250,2250,0.7015035740695095,2021-02-22 13:25:52.289527,2021-02-22 13:26:04.187879,0 days 00:00:11.898352,0.00010977963878432617,80,0.9926156081006493,6.642829334120561,0.7015035740695095,PRUNED
2251,2251,0.7059403500123244,2021-02-22 13:26:04.188985,2021-02-22 13:26:16.093670,0 days 00:00:11.904685,0.00011471087755463251,80,0.9982895354504187,7.458713792904596,0.7059403500123244,PRUNED
2252,2252,0.7192834351785962,2021-02-22 13:26:16.094703,2021-02-22 13:27:45.862110,0 days 00:01:29.767407,0.00010679632609810403,80,0.9946505050436567,7.660018043540836,0.7121025388217895,COMPLETE
2253,2253,0.6995316736504806,2021-02-22 13:27:45.863574,2021-02-22 13:27:57.915201,0 days 00:00:12.051627,8.758250158024507e-05,80,0.9961437851948408,6.519748714004654,0.6995316736504806,PRUNED
2254,2254,0.7296458321819068,2021-02-22 13:27:57.916204,2021-02-22 13:29:27.580173,0 days 00:01:29.663969,8.205554011881954e-05,80,0.9954075602176922,6.553550961527426,0.7138279516884397,COMPLETE
2255,2255,0.7145324491234781,2021-02-22 13:29:27.581901,2021-02-22 13:30:59.548999,0 days 00:01:31.967098,0.00012512270562991683,80,0.994310077836492,7.324323253168123,0.7116095637170323,COMPLETE
2256,2256,0.7240439311460064,2021-02-22 13:30:59.550581,2021-02-22 13:32:29.594357,0 days 00:01:30.043776,0.00011987551147747359,80,0.9956084935809655,6.977419839142748,0.7108701010598965,COMPLETE
2257,2257,0.7007641114123737,2021-02-22 13:32:29.595815,2021-02-22 13:32:41.451826,0 days 00:00:11.856011,0.00013550765435909045,90,0.9969183604235952,6.431347448439143,0.7007641114123737,PRUNED
2258,2258,0.7259617685978514,2021-02-22 13:32:41.452962,2021-02-22 13:34:10.962533,0 days 00:01:29.509571,6.511439274113147e-05,70,0.9976984500194888,7.754273008074768,0.7125955139265467,COMPLETE
2259,2259,0.6958343603648016,2021-02-22 13:34:10.964428,2021-02-22 13:34:23.060354,0 days 00:00:12.095926,9.12115144320232e-05,80,0.9952020897987691,8.215680822859788,0.6958343603648016,PRUNED
2260,2260,0.700517623859995,2021-02-22 13:34:23.061367,2021-02-22 13:34:34.932252,0 days 00:00:11.870885,0.00010760640394727465,80,0.9942202558795286,6.404840262208855,0.700517623859995,PRUNED
2261,2261,0.722403597921075,2021-02-22 13:34:34.933317,2021-02-22 13:36:04.384968,0 days 00:01:29.451651,0.00012623391397802172,80,0.9979680011027334,7.155857526747689,0.7175252649741188,COMPLETE
2262,2262,0.7052008873551886,2021-02-22 13:36:04.386649,2021-02-22 13:36:16.306928,0 days 00:00:11.920279,9.5506159850179e-05,80,0.9947221979688072,8.042551050212072,0.7052008873551886,PRUNED
2263,2263,0.7059403500123244,2021-02-22 13:36:16.308004,2021-02-22 13:36:28.297478,0 days 00:00:11.989474,0.0001101247186275232,90,0.9971522078375122,6.232711943182832,0.7059403500123244,PRUNED
2264,2264,0.7007641114123737,2021-02-22 13:36:28.298528,2021-02-22 13:36:40.328062,0 days 00:00:12.029534,0.00012441249934039947,70,0.9981261373573754,6.357250293983326,0.7007641114123737,PRUNED
2265,2265,0.7015035740695095,2021-02-22 13:36:40.329104,2021-02-22 13:36:52.235815,0 days 00:00:11.906711,0.00014370298374174415,80,0.9963381878622425,6.928865870034502,0.7015035740695095,PRUNED
2266,2266,0.7275694335836729,2021-02-22 13:36:52.236862,2021-02-22 13:38:18.921164,0 days 00:01:26.684302,0.00011475696624082178,80,0.9943796482755496,7.498091251158615,0.7076657628789746,COMPLETE
2267,2267,0.7296801975673893,2021-02-22 13:38:18.922860,2021-02-22 13:39:45.364044,0 days 00:01:26.441184,0.00013790243438187132,70,0.9967356727862133,1.8129105851411265,0.709884150850382,COMPLETE
2268,2268,0.7064333251170816,2021-02-22 13:39:45.365553,2021-02-22 13:39:56.708149,0 days 00:00:11.342596,9.347058774797575e-05,80,0.9975924850452065,6.444499531816709,0.7064333251170816,PRUNED
2269,2269,0.7069263002218388,2021-02-22 13:39:56.709206,2021-02-22 13:40:08.280064,0 days 00:00:11.570858,6.077446728319016e-05,80,0.9948680110561291,1.481576560732165,0.7069263002218388,PRUNED
2270,2270,0.7012570865171309,2021-02-22 13:40:08.281037,2021-02-22 13:40:19.677167,0 days 00:00:11.396130,0.00015026530056984986,80,0.9942336772453899,6.690302646697139,0.7012570865171309,PRUNED
2271,2271,0.7353201627304458,2021-02-22 13:40:19.678171,2021-02-22 13:41:46.150291,0 days 00:01:26.472120,0.00012911416329666335,90,0.9978363138930962,7.921737845399915,0.7209760907074193,COMPLETE
2272,2272,0.7002711363076165,2021-02-22 13:41:46.151761,2021-02-22 13:41:57.759947,0 days 00:00:11.608186,0.0001303067880585494,90,0.9978670571136924,8.046892758536124,0.7002711363076165,PRUNED
2273,2273,0.7293219446204653,2021-02-22 13:41:57.760960,2021-02-22 13:43:24.292554,0 days 00:01:26.531594,0.0001156252644670427,90,0.9977124506013658,7.907700827865467,0.7086517130884891,COMPLETE
2274,2274,0.7012570865171309,2021-02-22 13:43:24.293808,2021-02-22 13:43:35.744121,0 days 00:00:11.450313,9.799904783811209e-05,90,0.9978451510740839,8.455076411356725,0.7012570865171309,PRUNED
2275,2275,0.7042149371456742,2021-02-22 13:43:35.745172,2021-02-22 13:43:47.156117,0 days 00:00:11.410945,0.0001202974279138324,90,0.9978103308614671,7.968927254734489,0.7042149371456742,PRUNED
2276,2276,0.7039684495932955,2021-02-22 13:43:47.157124,2021-02-22 13:43:58.557048,0 days 00:00:11.399924,0.00015467024673296144,90,0.9976190023633259,8.193501817801764,0.7039684495932955,PRUNED
2277,2277,0.7236218443654516,2021-02-22 13:43:58.558056,2021-02-22 13:45:24.698235,0 days 00:01:26.140179,0.00012108598423865828,90,0.9979022297490493,8.449937997200422,0.7185112151836333,COMPLETE
2278,2278,0.7306759759307344,2021-02-22 13:45:24.699471,2021-02-22 13:46:50.844812,0 days 00:01:26.145341,7.997854085933403e-05,90,0.9977847969117615,8.784743663131758,0.7091446881932463,COMPLETE
2279,2279,0.6933694848410156,2021-02-22 13:46:50.846407,2021-02-22 13:47:02.435419,0 days 00:00:11.589012,0.00011134347847483916,90,0.9980410840300608,7.739664498138135,0.6933694848410156,PRUNED
2280,2280,0.7346156665211553,2021-02-22 13:47:02.436446,2021-02-22 13:48:31.300434,0 days 00:01:28.863988,0.00013712360912613677,90,0.9976286080592384,7.829055250670333,0.719250677840769,COMPLETE
2281,2281,0.7311008823002421,2021-02-22 13:48:31.302017,2021-02-22 13:50:00.857282,0 days 00:01:29.555265,0.00012205934291422732,90,0.9979735102243115,7.629562441392636,0.7138279516884397,COMPLETE
2282,2282,0.7034754744885383,2021-02-22 13:50:00.858822,2021-02-22 13:50:12.661622,0 days 00:00:11.802800,0.0001403366996549846,90,0.9974838264161643,7.612076431769001,0.7034754744885383,PRUNED
2283,2283,0.7059403500123244,2021-02-22 13:50:12.662727,2021-02-22 13:50:24.605138,0 days 00:00:11.942411,0.0001294376226535533,90,0.9976137610540136,7.484917088187899,0.7059403500123244,PRUNED
2284,2284,0.6970667981266946,2021-02-22 13:50:24.606205,2021-02-22 13:50:36.481074,0 days 00:00:11.874869,0.00013574264940453804,90,0.9975962716189576,7.7308294547486405,0.6970667981266946,PRUNED
2285,2285,0.7029824993837811,2021-02-22 13:50:36.482118,2021-02-22 13:50:48.388068,0 days 00:00:11.905950,0.00011055695679402937,90,0.9976642042211994,7.236758309748851,0.7029824993837811,PRUNED
2286,2286,0.727270824381826,2021-02-22 13:50:48.389303,2021-02-22 13:52:17.842500,0 days 00:01:29.453197,0.00013102905802765035,90,0.9975914079003919,7.942198399494312,0.7165393147646044,COMPLETE
2287,2287,0.7213252092642134,2021-02-22 13:52:17.844068,2021-02-22 13:53:47.351265,0 days 00:01:29.507197,0.0001412703695310696,90,0.9977785493109849,7.519820801837903,0.7148139018979541,COMPLETE
2288,2288,0.706186837564703,2021-02-22 13:53:47.353104,2021-02-22 13:53:59.177375,0 days 00:00:11.824271,0.00014540459062152976,90,0.9975946678261743,7.846353701275194,0.706186837564703,PRUNED
2289,2289,0.7064333251170816,2021-02-22 13:53:59.178405,2021-02-22 13:54:11.033978,0 days 00:00:11.855573,0.0001050100101365582,90,0.9974382129073036,7.164917099848061,0.7064333251170816,PRUNED
2290,2290,0.7044614246980527,2021-02-22 13:54:11.035053,2021-02-22 13:54:22.996332,0 days 00:00:11.961279,0.00010283674007727349,90,0.9975148569784992,8.695940148853133,0.7044614246980527,PRUNED
2291,2291,0.7066798126694602,2021-02-22 13:54:22.997374,2021-02-22 13:54:34.777561,0 days 00:00:11.780187,0.00015099170514114277,90,0.9977328761390305,7.072022942133914,0.7066798126694602,PRUNED
2292,2292,0.7271138211908318,2021-02-22 13:54:34.778668,2021-02-22 13:56:03.993786,0 days 00:01:29.215118,9.604044490114612e-05,90,0.9974480321741421,8.103197074519942,0.71555336455509,COMPLETE
2293,2293,0.7291493140331733,2021-02-22 13:56:03.995477,2021-02-22 13:57:33.729115,0 days 00:01:29.733638,0.0001226375817979339,90,0.9973847095316386,7.160260316242132,0.7148139018979541,COMPLETE
2294,2294,0.7300723261733559,2021-02-22 13:57:33.730689,2021-02-22 13:59:03.292541,0 days 00:01:29.561852,0.00014299145979656494,90,0.9977850126918074,8.133162892967789,0.7091446881932463,COMPLETE
2295,2295,0.6978062607838305,2021-02-22 13:59:03.294023,2021-02-22 13:59:15.247134,0 days 00:00:11.953111,8.621880606098221e-05,90,0.9976886338051981,7.316129627877667,0.6978062607838305,PRUNED
2296,2296,0.7066798126694602,2021-02-22 13:59:15.248338,2021-02-22 13:59:27.103713,0 days 00:00:11.855375,0.00011441147168243329,90,0.997827796660181,7.5317609610077145,0.7066798126694602,PRUNED
2297,2297,0.7059403500123244,2021-02-22 13:59:27.104761,2021-02-22 13:59:38.899018,0 days 00:00:11.794257,0.0001543461150818489,90,0.9978621903457087,8.593471656284821,0.7059403500123244,PRUNED
2298,2298,0.7015035740695095,2021-02-22 13:59:38.900133,2021-02-22 13:59:50.711132,0 days 00:00:11.810999,0.00010333090777801133,90,0.9975714511741254,7.929367153010945,0.7015035740695095,PRUNED
2299,2299,0.7002711363076165,2021-02-22 13:59:50.712205,2021-02-22 14:00:02.494091,0 days 00:00:11.781886,0.00012707186722187244,90,0.997975303525395,7.782763501641543,0.7002711363076165,PRUNED
2300,2300,0.703721962040917,2021-02-22 14:00:02.495140,2021-02-22 14:00:14.281480,0 days 00:00:11.786340,0.00016561048269603682,90,0.9976272120786056,7.5568927549991605,0.703721962040917,PRUNED
2301,2301,0.7285090752208387,2021-02-22 14:00:14.282576,2021-02-22 14:01:43.813656,0 days 00:01:29.531080,0.0001297902392713572,90,0.9974577496227557,7.294111284830097,0.7103771259551392,COMPLETE
2302,2302,0.7052008873551886,2021-02-22 14:01:43.815202,2021-02-22 14:01:55.783522,0 days 00:00:11.968320,0.0001587005520122363,100,0.9974089974148347,7.951861538035657,0.7052008873551886,PRUNED
2303,2303,0.6950948977076657,2021-02-22 14:01:55.784615,2021-02-22 14:02:07.633813,0 days 00:00:11.849198,0.0001122240196208554,90,0.9979936842546515,8.21375039511145,0.6950948977076657,PRUNED
2304,2304,0.6822775449839783,2021-02-22 14:02:07.634949,2021-02-22 14:02:19.662684,0 days 00:00:12.027735,9.261220384472414e-05,90,0.9978294183763656,7.125811216066146,0.6822775449839783,PRUNED
2305,2305,0.7034754744885383,2021-02-22 14:02:19.663699,2021-02-22 14:02:31.638681,0 days 00:00:11.974982,0.00014033031266738564,90,0.9977474268617283,7.459263611249775,0.7034754744885383,PRUNED
2306,2306,0.7296617786418764,2021-02-22 14:02:31.639836,2021-02-22 14:04:01.516666,0 days 00:01:29.876830,0.0001225852928518567,90,0.998008455618155,7.51859526790922,0.7103771259551392,COMPLETE
2307,2307,0.6963273354695588,2021-02-22 14:04:01.518177,2021-02-22 14:04:13.464877,0 days 00:00:11.946700,0.00016495332840939377,90,0.9976615430057167,7.890133345582304,0.6963273354695588,PRUNED
2308,2308,0.7283547159000616,2021-02-22 14:04:13.465937,2021-02-22 14:05:42.801378,0 days 00:01:29.335441,0.00016337321896020017,90,0.9973587333839745,2.1868387587699933,0.7091446881932463,COMPLETE
2309,2309,0.723125759455047,2021-02-22 14:05:42.803151,2021-02-22 14:07:12.366334,0 days 00:01:29.563183,8.181157467225877e-05,100,0.9981033528854618,2.9285047760284613,0.7199901404979049,COMPLETE
2310,2310,0.7054473749075671,2021-02-22 14:07:12.367934,2021-02-22 14:07:24.324398,0 days 00:00:11.956464,0.00013768356249505294,90,0.9978473452895371,7.222798975669897,0.7054473749075671,PRUNED
2311,2311,0.7248371795553931,2021-02-22 14:07:24.325450,2021-02-22 14:08:53.842922,0 days 00:01:29.517472,0.0001048663041963462,90,0.9975683146191728,14.008441914102562,0.7091446881932463,COMPLETE
2312,2312,0.6960808479171802,2021-02-22 14:08:53.844467,2021-02-22 14:09:05.860733,0 days 00:00:12.016266,0.00017134044772776038,90,0.9979535312839053,1.1882603435352244,0.6960808479171802,PRUNED
2313,2313,0.6936159723933941,2021-02-22 14:09:05.861819,2021-02-22 14:09:17.661360,0 days 00:00:11.799541,0.00014172305659978244,90,0.9977001410489721,8.112382910927249,0.6936159723933941,PRUNED
2314,2314,0.7017500616218881,2021-02-22 14:09:17.662455,2021-02-22 14:09:29.455335,0 days 00:00:11.792880,0.00011270102208365395,90,0.9980654517139405,3.3065209591736577,0.7017500616218881,PRUNED
2315,2315,0.700517623859995,2021-02-22 14:09:29.456420,2021-02-22 14:09:41.320183,0 days 00:00:11.863763,9.392714855182978e-05,90,0.9976158799318771,8.348002468821438,0.700517623859995,PRUNED
2316,2316,0.7256880908363673,2021-02-22 14:09:41.321231,2021-02-22 14:11:10.916458,0 days 00:01:29.595227,0.0001561536822624039,90,0.9973831679547593,0.6491520722597028,0.7088982006408676,COMPLETE
2317,2317,0.6975597732314518,2021-02-22 14:11:10.918015,2021-02-22 14:11:22.870548,0 days 00:00:11.952533,0.0001650147652213022,90,0.997905044890404,7.025797180446839,0.6975597732314518,PRUNED
2318,2318,0.7309780547064023,2021-02-22 14:11:22.871658,2021-02-22 14:12:52.112487,0 days 00:01:29.240829,0.00012347642189949607,90,0.9981995493187037,2.6634417264660732,0.7123490263741681,COMPLETE
2319,2319,0.7015035740695095,2021-02-22 14:12:52.113981,2021-02-22 14:13:03.991285,0 days 00:00:11.877304,7.679362804331929e-05,100,0.9976865688929926,7.7245827329548,0.7015035740695095,PRUNED
2320,2320,0.7247169502218627,2021-02-22 14:13:03.992366,2021-02-22 14:14:33.706985,0 days 00:01:29.714619,0.0001413921443678912,90,0.9974484847527499,1.935545118810772,0.7160463396598472,COMPLETE
2321,2321,0.7172388736728219,2021-02-22 14:14:33.708883,2021-02-22 14:16:03.323034,0 days 00:01:29.614151,0.00010601137426489098,90,0.997762803176278,8.466808438399728,0.7150603894503328,COMPLETE
2322,2322,0.7024895242790239,2021-02-22 14:16:03.324627,2021-02-22 14:16:15.238249,0 days 00:00:11.913622,0.0001817921701640875,100,0.9975835187632197,7.407204520617989,0.7024895242790239,PRUNED
2323,2323,0.7269808708372645,2021-02-22 14:16:15.239326,2021-02-22 14:17:45.338341,0 days 00:01:30.099015,0.000145112611394274,90,0.9978839917219763,6.91739863471673,0.709884150850382,COMPLETE
2324,2324,0.6978062607838305,2021-02-22 14:17:45.339897,2021-02-22 14:17:57.171425,0 days 00:00:11.831528,0.00012793231383554147,90,0.9981614088855071,0.10598140057446315,0.6978062607838305,PRUNED
2325,2325,0.7012570865171309,2021-02-22 14:17:57.172501,2021-02-22 14:18:08.956077,0 days 00:00:11.783576,0.0001036046938072949,90,0.9974145701311433,0.9896039696723838,0.7012570865171309,PRUNED
2326,2326,0.7054473749075671,2021-02-22 14:18:08.957171,2021-02-22 14:18:20.789511,0 days 00:00:11.832340,0.00017328560559453794,90,0.9980935351822182,2.466115734762605,0.7054473749075671,PRUNED
2327,2327,0.726922003945704,2021-02-22 14:18:20.790688,2021-02-22 14:19:50.211996,0 days 00:01:29.421308,0.00011576711894662464,90,0.9978700684585108,1.6135693582805204,0.71555336455509,COMPLETE
2328,2328,0.6864678333744146,2021-02-22 14:19:50.213471,2021-02-22 14:20:02.078580,0 days 00:00:11.865109,0.00016625951986716804,100,0.9973547205584362,2.094081726557783,0.6864678333744146,PRUNED
2329,2329,0.7229693562757977,2021-02-22 14:20:02.079646,2021-02-22 14:21:31.472633,0 days 00:01:29.392987,0.00012879343122582497,90,0.9975181817867289,14.613730094112812,0.7162928272122258,COMPLETE
2330,2330,0.7010105989647523,2021-02-22 14:21:31.474408,2021-02-22 14:21:43.355016,0 days 00:00:11.880608,0.00018176911489702787,90,0.9979681877798974,3.191270848939862,0.7010105989647523,PRUNED
2331,2331,0.7263295762348376,2021-02-22 14:21:43.356094,2021-02-22 14:23:13.124617,0 days 00:01:29.768523,8.813749971960875e-05,90,0.9982283457609288,1.2499944365250975,0.7172787774217402,COMPLETE
2332,2332,0.7285418139877005,2021-02-22 14:23:13.126290,2021-02-22 14:24:42.652690,0 days 00:01:29.526400,0.00014698940779080079,90,0.9972438169668909,8.010299915080159,0.7153068770027113,COMPLETE
2333,2333,0.6970667981266946,2021-02-22 14:24:42.654258,2021-02-22 14:24:54.458943,0 days 00:00:11.804685,0.00018981702641761652,90,0.9978291315564763,7.7346022955083145,0.6970667981266946,PRUNED
2334,2334,0.703721962040917,2021-02-22 14:24:54.460089,2021-02-22 14:25:06.482650,0 days 00:00:12.022561,0.00011958449138598812,90,0.9977798781551387,14.974687444452886,0.703721962040917,PRUNED
2335,2335,0.7042149371456742,2021-02-22 14:25:06.483722,2021-02-22 14:25:18.354617,0 days 00:00:11.870895,0.00010253343975811792,90,0.9980280730509025,15.950462217077567,0.7042149371456742,PRUNED
2336,2336,0.7022430367266453,2021-02-22 14:25:18.355689,2021-02-22 14:25:30.221816,0 days 00:00:11.866127,0.00015853877494623986,100,0.9980121997801537,18.86350220323641,0.7022430367266453,PRUNED
2337,2337,0.7221857271574892,2021-02-22 14:25:30.222917,2021-02-22 14:26:59.674303,0 days 00:01:29.451386,0.0001824850179501389,90,0.9982936699754664,7.39960048460361,0.7113630761646537,COMPLETE
2338,2338,0.726740428563181,2021-02-22 14:26:59.675885,2021-02-22 14:28:29.237600,0 days 00:01:29.561715,0.00013361023110305568,90,0.9972975483076891,1.7863785216087211,0.7128420014789253,COMPLETE
2339,2339,0.7027360118314026,2021-02-22 14:28:29.239353,2021-02-22 14:28:41.031427,0 days 00:00:11.792074,8.658316461171074e-05,90,0.997552985750975,6.851798372085435,0.7027360118314026,PRUNED
2340,2340,0.7015035740695095,2021-02-22 14:28:41.032510,2021-02-22 14:28:52.934117,0 days 00:00:11.901607,0.00015107806262824915,90,0.9976840261099812,2.734346033717445,0.7015035740695095,PRUNED
2341,2341,0.7246415500325407,2021-02-22 14:28:52.935196,2021-02-22 14:30:22.443913,0 days 00:01:29.508717,0.00019103403178650003,90,0.9976852516483333,3.8061334035384404,0.7091446881932463,COMPLETE
2342,2342,0.7249334629130739,2021-02-22 14:30:22.445610,2021-02-22 14:31:51.951171,0 days 00:01:29.505561,0.00012604457550724422,90,0.9982368579119016,0.6240934242294991,0.7076657628789746,COMPLETE
2343,2343,0.7306088858208006,2021-02-22 14:31:51.952748,2021-02-22 14:33:21.428625,0 days 00:01:29.475877,0.00010120431053247941,90,0.9975073530295441,2.2374451665049144,0.7106236135075179,COMPLETE
2344,2344,0.7207967074408663,2021-02-22 14:33:21.430469,2021-02-22 14:34:51.084097,0 days 00:01:29.653628,0.00017398843807703984,100,0.9978586011963109,3.393333235546085,0.7093911757456248,COMPLETE
2345,2345,0.7277973453120685,2021-02-22 14:34:51.085724,2021-02-22 14:36:20.534178,0 days 00:01:29.448454,0.0001512972735362837,90,0.9973041411917654,8.263048617346746,0.7128420014789253,COMPLETE
2346,2346,0.6997781612028593,2021-02-22 14:36:20.535739,2021-02-22 14:36:32.403470,0 days 00:00:11.867731,0.0001988828636894281,90,0.9976987566840062,1.3038527595540041,0.6997781612028593,PRUNED
2347,2347,0.7007641114123737,2021-02-22 14:36:32.404520,2021-02-22 14:36:44.309440,0 days 00:00:11.904920,0.00013664935747511732,90,0.9980491459694997,6.844070047403037,0.7007641114123737,PRUNED
2348,2348,0.700517623859995,2021-02-22 14:36:44.311729,2021-02-22 14:36:56.164646,0 days 00:00:11.852917,7.739617269523823e-05,60,0.9974895755587683,0.9117569512668247,0.700517623859995,PRUNED
2349,2349,0.7054473749075671,2021-02-22 14:36:56.165687,2021-02-22 14:37:08.093551,0 days 00:00:11.927864,0.0001070911798526342,90,0.9980959909026764,1.650904636632312,0.7054473749075671,PRUNED
2350,2350,0.7279284797434502,2021-02-22 14:37:08.094593,2021-02-22 14:38:37.539307,0 days 00:01:29.444714,0.0002011055229041279,90,0.9983503657006492,7.189823259519702,0.7081587379837319,COMPLETE
