,number,value,datetime_start,datetime_complete,duration,params_lr,params_out_dim,params_scheduler_gamma,params_weight_decay,system_attrs_completed_rung_0,state
2573,2573,0.7069263002218388,2021-02-22 17:22:24.993289,2021-02-22 17:22:37.066751,0 days 00:00:12.073462,0.0001682723995766753,70,0.9944159454547808,17.114152539019457,0.7069263002218388,PRUNED
2574,2574,0.7017500616218881,2021-02-22 17:22:37.067928,2021-02-22 17:22:48.897729,0 days 00:00:11.829801,0.00022532837993389813,80,0.9940411888467584,18.582264213374664,0.7017500616218881,PRUNED
2575,2575,0.7305992902628884,2021-02-22 17:22:48.898927,2021-02-22 17:24:18.370332,0 days 00:01:29.471405,9.024130246101093e-05,80,0.9938365814829384,17.86032620642631,0.7125955139265467,COMPLETE
2576,2576,0.7312049389421164,2021-02-22 17:24:18.371913,2021-02-22 17:25:47.775252,0 days 00:01:29.403339,0.00018578797129734358,80,0.9943848551578205,19.463854737629063,0.7128420014789253,COMPLETE
2577,2577,0.7032289869361598,2021-02-22 17:25:47.777199,2021-02-22 17:25:59.673965,0 days 00:00:11.896766,0.00010603619190954067,80,0.9936609233203096,19.49603474029338,0.7032289869361598,PRUNED
2578,2578,0.7034754744885383,2021-02-22 17:25:59.675152,2021-02-22 17:26:11.668831,0 days 00:00:11.993679,0.00013816334942212818,70,0.9942712309523953,1.9076133365293437,0.7034754744885383,PRUNED
2579,2579,0.7034754744885383,2021-02-22 17:26:11.669997,2021-02-22 17:26:23.635343,0 days 00:00:11.965346,0.0001641303995360271,80,0.9941625063138594,16.787571733088132,0.7034754744885383,PRUNED
2580,2580,0.7071727877742174,2021-02-22 17:26:23.636441,2021-02-22 17:26:35.567977,0 days 00:00:11.931536,0.00022125493584581758,80,0.993237208169219,17.76047454322935,0.7071727877742174,PRUNED
2581,2581,0.7215863781821883,2021-02-22 17:26:35.569190,2021-02-22 17:28:05.259737,0 days 00:01:29.690547,0.00012680670864740284,80,0.9939903633253022,0.868842596189968,0.7177717525264974,COMPLETE
2582,2582,0.7066798126694602,2021-02-22 17:28:05.261595,2021-02-22 17:28:17.087054,0 days 00:00:11.825459,0.0002117434733677252,80,0.9937550775765402,17.62634285408405,0.7066798126694602,PRUNED
2583,2583,0.7024895242790239,2021-02-22 17:28:17.088274,2021-02-22 17:28:28.950763,0 days 00:00:11.862489,0.0001922470444924597,80,0.9945875207395904,8.309429254787466,0.7024895242790239,PRUNED
2584,2584,0.7283332942930507,2021-02-22 17:28:28.951959,2021-02-22 17:29:58.426739,0 days 00:01:29.474780,0.00015244212395182933,80,0.9935489276418524,17.658324027855024,0.7079122504313532,COMPLETE
2585,2585,0.7066798126694602,2021-02-22 17:29:58.428509,2021-02-22 17:30:10.334673,0 days 00:00:11.906164,0.00011582403864645081,20,0.9940862419839728,4.2163350588539865,0.7066798126694602,PRUNED
2586,2586,0.7047079122504314,2021-02-22 17:30:10.335825,2021-02-22 17:30:22.215388,0 days 00:00:11.879563,0.00024066265740389984,70,0.9943900725776279,7.905110651641732,0.7047079122504314,PRUNED
2587,2587,0.7029824993837811,2021-02-22 17:30:22.216501,2021-02-22 17:30:34.014715,0 days 00:00:11.798214,0.00017582416876385184,80,0.9938596681334603,1.207669916309202,0.7029824993837811,PRUNED
2588,2588,0.7250716903889391,2021-02-22 17:30:34.015928,2021-02-22 17:32:03.556793,0 days 00:01:29.540865,0.0002444403856519418,80,0.9946789144185259,3.2316000661456923,0.7091446881932463,COMPLETE
2589,2589,0.700517623859995,2021-02-22 17:32:03.558493,2021-02-22 17:32:15.497188,0 days 00:00:11.938695,9.782086727391042e-05,80,0.9942471094399118,18.291673000445705,0.700517623859995,PRUNED
2590,2590,0.7066798126694602,2021-02-22 17:32:15.498397,2021-02-22 17:32:27.452835,0 days 00:00:11.954438,0.00019956036600841056,80,0.9940036339203673,17.336753086162222,0.7066798126694602,PRUNED
2591,2591,0.706186837564703,2021-02-22 17:32:27.454004,2021-02-22 17:32:39.330987,0 days 00:00:11.876983,0.0001407938647465397,80,0.9936838850779756,18.929788448802864,0.706186837564703,PRUNED
2592,2592,0.7267227047700162,2021-02-22 17:32:39.332118,2021-02-22 17:34:08.905158,0 days 00:01:29.573040,0.00012339146088222018,70,0.9972555668655498,2.2313319850752547,0.713088489031304,COMPLETE
2593,2593,0.703721962040917,2021-02-22 17:34:08.906900,2021-02-22 17:34:20.792710,0 days 00:00:11.885810,0.0001537453194913522,80,0.994200328532546,1.5328959846832073,0.703721962040917,PRUNED
2594,2594,0.7329099188493022,2021-02-22 17:34:20.793915,2021-02-22 17:35:50.049390,0 days 00:01:29.255475,0.00024037177493442126,80,0.9944191984459648,17.443884807710937,0.7076657628789746,COMPLETE
2595,2595,0.7054473749075671,2021-02-22 17:35:50.051080,2021-02-22 17:36:01.986133,0 days 00:00:11.935053,8.034058221181007e-05,80,0.9934276049337233,3.799745090002584,0.7054473749075671,PRUNED
2596,2596,0.7263233599365566,2021-02-22 17:36:01.987308,2021-02-22 17:37:31.404412,0 days 00:01:29.417104,0.00018624735996605046,80,0.9941411344849413,4.5904334279695345,0.7079122504313532,COMPLETE
2597,2597,0.7029824993837811,2021-02-22 17:37:31.406384,2021-02-22 17:37:43.383286,0 days 00:00:11.976902,0.00010555158132009791,70,0.9938335172046987,7.508049433895732,0.7029824993837811,PRUNED
2598,2598,0.6901651466600937,2021-02-22 17:37:43.384528,2021-02-22 17:37:55.507425,0 days 00:00:12.122897,0.0002157498712339961,80,0.9946155035222403,2.6611547734373397,0.6901651466600937,PRUNED
2599,2599,0.6975597732314518,2021-02-22 17:37:55.508554,2021-02-22 17:38:07.310209,0 days 00:00:11.801655,0.0002639521572114637,10,0.9939209219178533,8.379263146885737,0.6975597732314518,PRUNED
2600,2600,0.706186837564703,2021-02-22 17:38:07.311381,2021-02-22 17:38:19.173719,0 days 00:00:11.862338,0.00016563286990062072,80,0.9943073903598187,9.196000441209875,0.706186837564703,PRUNED
2601,2601,0.7283762938394329,2021-02-22 17:38:19.174977,2021-02-22 17:39:48.993724,0 days 00:01:29.818747,0.00014262264817436094,80,0.9936292039047147,7.878270288888047,0.7170322898693616,COMPLETE
2602,2602,0.7333140369573473,2021-02-22 17:39:48.995760,2021-02-22 17:41:18.486537,0 days 00:01:29.490777,0.00020798206159341616,20,0.9940245326447436,4.043391567372976,0.71555336455509,COMPLETE
2603,2603,0.7071727877742174,2021-02-22 17:41:18.488155,2021-02-22 17:41:30.396090,0 days 00:00:11.907935,0.00025770836787028035,80,0.9970972217064594,10.720737831760784,0.7071727877742174,PRUNED
2604,2604,0.7137230784882512,2021-02-22 17:41:30.397265,2021-02-22 17:43:00.361661,0 days 00:01:29.964396,0.00012483328460663543,80,0.9943940775117988,1.9312344906120011,0.7113630761646537,COMPLETE
2605,2605,0.7042149371456742,2021-02-22 17:43:00.363475,2021-02-22 17:43:12.424144,0 days 00:00:12.060669,0.00017787071372229123,70,0.9934004319020794,0.6809991196691891,0.7042149371456742,PRUNED
2606,2606,0.7224469092588285,2021-02-22 17:43:12.425366,2021-02-22 17:44:42.036482,0 days 00:01:29.611116,9.168223484233723e-05,80,0.9937306125610759,2.395865205268966,0.7116095637170323,COMPLETE
2607,2607,0.7066798126694602,2021-02-22 17:44:42.038501,2021-02-22 17:44:54.089550,0 days 00:00:12.051049,0.00022369630201020757,80,0.9940974841125716,16.915729598821105,0.7066798126694602,PRUNED
2608,2608,0.7277801506032837,2021-02-22 17:44:54.090726,2021-02-22 17:46:23.470033,0 days 00:01:29.379307,0.0003324181809835953,80,0.9938932899148883,7.6011360595170885,0.7096376632980035,COMPLETE
2609,2609,0.7187834355601168,2021-02-22 17:46:23.471842,2021-02-22 17:47:51.653159,0 days 00:01:28.181317,0.00011049098825560427,80,0.9973401376112909,1.5077852787189192,0.7086517130884891,COMPLETE
2610,2610,0.6987922109933449,2021-02-22 17:47:51.654801,2021-02-22 17:48:03.016911,0 days 00:00:11.362110,0.00015374590816794867,80,0.9942649161326493,3.306070791992286,0.6987922109933449,PRUNED
2611,2611,0.7295947155876428,2021-02-22 17:48:03.018038,2021-02-22 17:49:29.456169,0 days 00:01:26.438131,0.000296839405082085,80,0.9944484877861571,8.710321094562715,0.7145674143455756,COMPLETE
2612,2612,0.7314396146975329,2021-02-22 17:49:29.458140,2021-02-22 17:50:55.357325,0 days 00:01:25.899185,0.00019444697593973544,70,0.9917543006102693,19.102824214972255,0.7113630761646537,COMPLETE
2613,2613,0.731310736021894,2021-02-22 17:50:55.359054,2021-02-22 17:52:21.382423,0 days 00:01:26.023369,0.0002651811004146393,80,0.994683718120965,4.377477350420467,0.7079122504313532,COMPLETE
2614,2614,0.6948484101552872,2021-02-22 17:52:21.384008,2021-02-22 17:52:32.869199,0 days 00:00:11.485191,0.00023437549451637833,80,0.9930989854608543,0.37397209354485206,0.6948484101552872,PRUNED
2615,2615,0.6879467586886863,2021-02-22 17:52:32.870335,2021-02-22 17:52:44.329911,0 days 00:00:11.459576,0.0013304247906296817,80,0.9941565109796938,1.090981714527587,0.6879467586886863,PRUNED
2616,2616,0.7223928787408227,2021-02-22 17:52:44.331048,2021-02-22 17:54:10.233039,0 days 00:01:25.901991,0.00013463253995698194,20,0.9939598736436234,1.9301176917832672,0.7172787774217402,COMPLETE
2617,2617,0.7002711363076165,2021-02-22 17:54:10.234395,2021-02-22 17:54:21.767150,0 days 00:00:11.532755,0.00016675718154458683,80,0.9936134791729232,8.1493142380361,0.7002711363076165,PRUNED
2618,2618,0.7044614246980527,2021-02-22 17:54:21.768241,2021-02-22 17:54:33.115361,0 days 00:00:11.347120,0.00031958150710456536,70,0.9922101418978381,7.49098924538672,0.7044614246980527,PRUNED
2619,2619,0.6975597732314518,2021-02-22 17:54:33.116459,2021-02-22 17:54:44.581987,0 days 00:00:11.465528,0.00012043110358149164,80,0.9938002246843751,2.794546349707656,0.6975597732314518,PRUNED
2620,2620,0.7292172694023865,2021-02-22 17:54:44.583113,2021-02-22 17:56:10.451438,0 days 00:01:25.868325,7.282761419954258e-05,80,0.9972359974660886,4.678777663454104,0.71555336455509,COMPLETE
2621,2621,0.7281976912612521,2021-02-22 17:56:10.453431,2021-02-22 17:57:36.524217,0 days 00:01:26.070786,0.0002036133653168368,80,0.9945261198558731,1.4460252681498453,0.7138279516884397,COMPLETE
2622,2622,0.7258200618600764,2021-02-22 17:57:36.525858,2021-02-22 17:59:02.892336,0 days 00:01:26.366478,0.00026433895982118464,80,0.9942303215721342,7.859745318652847,0.7088982006408676,COMPLETE
2623,2623,0.7019965491742667,2021-02-22 17:59:02.893911,2021-02-22 17:59:14.359054,0 days 00:00:11.465143,0.00014900746715009467,80,0.9914240779488797,0.0022049699576960347,0.7019965491742667,PRUNED
2624,2624,0.703721962040917,2021-02-22 17:59:14.360218,2021-02-22 17:59:25.797417,0 days 00:00:11.437199,9.69736044006262e-05,80,0.9940089214397968,3.1300522741251027,0.703721962040917,PRUNED
2625,2625,0.7007641114123737,2021-02-22 17:59:25.798590,2021-02-22 17:59:37.165461,0 days 00:00:11.366871,0.000179910316568742,80,0.997094484903806,3.63869631684653,0.7007641114123737,PRUNED
2626,2626,0.700517623859995,2021-02-22 17:59:37.166587,2021-02-22 17:59:48.598508,0 days 00:00:11.431921,0.00022105279920013458,70,0.9975254976998064,8.647720389162343,0.700517623859995,PRUNED
2627,2627,0.6973132856790732,2021-02-22 17:59:48.599684,2021-02-22 18:00:00.004713,0 days 00:00:11.405029,0.0003296572444642885,80,0.9931827820800404,2.443309130858284,0.6973132856790732,PRUNED
2628,2628,0.7052008873551886,2021-02-22 18:00:00.005842,2021-02-22 18:00:11.427869,0 days 00:00:11.422027,0.0002822665732422317,80,0.9941928231527283,4.099852301798183,0.7052008873551886,PRUNED
2629,2629,0.6946019226029085,2021-02-22 18:00:11.429057,2021-02-22 18:00:22.887631,0 days 00:00:11.458574,0.000130423506466577,80,0.9937308162739641,8.223823147477335,0.6946019226029085,PRUNED
2630,2630,0.7069263002218388,2021-02-22 18:00:22.888755,2021-02-22 18:00:34.371472,0 days 00:00:11.482717,0.00017076824035873873,80,0.9943680094762831,7.3903255295102435,0.7069263002218388,PRUNED
2631,2631,0.7019965491742667,2021-02-22 18:00:34.372655,2021-02-22 18:00:45.707478,0 days 00:00:11.334823,0.00011248843593727918,70,0.9935217758271918,2.054430293508894,0.7019965491742667,PRUNED
