,number,value,datetime_start,datetime_complete,duration,params_lr,params_out_dim,params_scheduler_gamma,params_weight_decay,system_attrs_completed_rung_0,system_attrs_completed_rung_1,system_attrs_completed_rung_2,system_attrs_completed_rung_3,state
320,320,0.7056938624599458,2021-03-05 03:32:06.341076,2021-03-05 03:32:18.951174,0 days 00:00:12.610098,6.995923529608588e-05,40,0.995151360958542,2.5923246570129685,0.7056938624599458,,,,PRUNED
321,321,0.6832634951934927,2021-03-05 03:32:18.951494,2021-03-05 03:33:37.399094,0 days 00:01:18.447600,1.0274071708967196e-05,20,0.9971942989633591,9.68877217332743,0.7236874537835839,0.6832634951934927,,,PRUNED
322,322,0.6706926300221839,2021-03-05 03:33:37.399387,2021-03-05 03:37:24.033171,0 days 00:03:46.633784,2.9045810013508678e-05,80,0.9944755417258763,8.269828617822721,0.6706926300221839,,,,PRUNED
323,323,0.7056938624599458,2021-03-05 03:37:24.033447,2021-03-05 03:37:36.692764,0 days 00:00:12.659317,0.00016675003764105327,50,0.9957306799767909,1.8018245485696442,0.7056938624599458,,,,PRUNED
324,324,0.688686221345822,2021-03-05 03:37:36.693058,2021-03-05 03:37:49.334740,0 days 00:00:12.641682,8.862764099521779e-05,40,0.9955508290989535,3.094716128130622,0.688686221345822,,,,PRUNED
325,325,0.6507271382795169,2021-03-05 03:37:49.335046,2021-03-05 03:41:35.752755,0 days 00:03:46.417709,0.0001198329606934235,50,0.9953937779889133,1.3825665610456657,0.7086517130884891,0.7214690658121765,0.718018240078876,0.6507271382795169,PRUNED
326,326,0.7054473749075671,2021-03-05 03:41:35.753051,2021-03-05 03:42:54.291764,0 days 00:01:18.538713,0.0002502237651876863,10,0.998321847891929,10.28415343948911,0.7054473749075671,,,,PRUNED
327,327,0.7019965491742667,2021-03-05 03:42:54.292040,2021-03-05 03:43:06.994327,0 days 00:00:12.702287,0.0009262574798783656,60,0.9945736779917985,0.32995471033756546,0.7019965491742667,,,,PRUNED
328,328,0.6936159723933941,2021-03-05 03:43:06.994652,2021-03-05 03:44:25.440030,0 days 00:01:18.445378,0.00012166964209047763,50,0.9950061187008946,1.153100204260003,0.719250677840769,0.7148139018979541,0.6936159723933941,,PRUNED
329,329,0.7000246487552378,2021-03-05 03:44:25.440352,2021-03-05 03:44:54.659878,0 days 00:00:29.219526,0.00010976682216874784,50,0.9954132976847225,1.0546808836046053,0.7088982006408676,0.7000246487552378,,,PRUNED
330,330,0.7064333251170816,2021-03-05 03:44:54.660175,2021-03-05 03:45:07.364314,0 days 00:00:12.704139,0.000137635474889528,50,0.9949487070210844,0.5039830256439854,0.7064333251170816,,,,PRUNED
331,331,0.6879467586886863,2021-03-05 03:45:07.364634,2021-03-05 03:45:36.473884,0 days 00:00:29.109250,0.0001011971619177521,50,0.9950718736568982,1.3973850471064897,0.7079122504313532,0.6879467586886863,,,PRUNED
332,332,0.6953413852600444,2021-03-05 03:45:36.474211,2021-03-05 03:45:49.117562,0 days 00:00:12.643351,0.015922388317202565,50,0.9959286569467005,1.513659138659378,0.6953413852600444,,,,PRUNED
333,333,0.7086517130884891,2021-03-05 03:45:49.117881,2021-03-05 03:46:18.312746,0 days 00:00:29.194865,7.936301381117228e-05,50,0.9948552854726563,2.3886342908283824,0.7086517130884891,0.7086517130884891,,,PRUNED
334,334,0.6941089474981513,2021-03-05 03:46:18.313073,2021-03-05 03:50:04.638691,0 days 00:03:46.325618,0.0006373831088055076,50,0.9907296271746334,4.2449502911008725,0.6941089474981513,,,,PRUNED
335,335,0.6958343603648016,2021-03-05 03:50:04.638988,2021-03-05 03:50:33.781380,0 days 00:00:29.142392,0.0001652763579872569,50,0.9956621994306087,0.07599478636731505,0.7088982006408676,0.6958343603648016,,,PRUNED
336,336,0.6990386985457234,2021-03-05 03:50:33.781701,2021-03-05 03:50:46.535743,0 days 00:00:12.754042,0.00012505589049248162,60,0.9943742136803575,0.9210086015036605,0.6990386985457234,,,,PRUNED
337,337,0.7076657628789746,2021-03-05 03:50:46.536064,2021-03-05 03:50:59.357378,0 days 00:00:12.821314,5.1040683775094304e-05,50,0.9953918734418548,0.6439851688650029,0.7076657628789746,,,,PRUNED
338,338,0.7019965491742667,2021-03-05 03:50:59.357685,2021-03-05 03:51:12.052523,0 days 00:00:12.694838,0.00015134672882218962,50,0.9951715976955193,1.8253213230443155,0.7019965491742667,,,,PRUNED
339,339,0.7052008873551886,2021-03-05 03:51:12.052869,2021-03-05 03:51:24.738084,0 days 00:00:12.685215,0.00012461961481202136,40,0.99529500234358,2.2227696894355393,0.7052008873551886,,,,PRUNED
340,340,0.6872072960315504,2021-03-05 03:51:24.738418,2021-03-05 03:52:43.179367,0 days 00:01:18.440949,0.00010124469088310863,40,0.9955931908257705,1.2850613131174229,0.7162928272122258,0.7125955139265467,0.6872072960315504,,PRUNED
341,341,0.6842494454030071,2021-03-05 03:52:43.179694,2021-03-05 03:56:29.628779,0 days 00:03:46.449085,0.00020608689765731476,30,0.9901074927379137,6.73445182439709,0.6842494454030071,,,,PRUNED
342,342,0.6990386985457234,2021-03-05 03:56:29.629060,2021-03-05 03:57:48.172898,0 days 00:01:18.543838,6.971301661262084e-05,10,0.9970655757331678,11.725381911949299,0.6990386985457234,,,,PRUNED
343,343,0.7071727877742174,2021-03-05 03:57:48.173200,2021-03-05 03:58:00.892992,0 days 00:00:12.719792,9.808343081863156e-05,40,0.9956038878108099,1.166896475408653,0.7071727877742174,,,,PRUNED
344,344,0.6918905595267439,2021-03-05 03:58:00.893316,2021-03-05 04:01:47.385876,0 days 00:03:46.492560,8.80081992627121e-05,70,0.9926413279960882,1.308907865338755,0.6918905595267439,,,,PRUNED
345,345,0.7059403500123244,2021-03-05 04:01:47.386195,2021-03-05 04:02:00.108892,0 days 00:00:12.722697,6.955745142973279e-05,40,0.9957967868930707,5.27280660927116,0.7059403500123244,,,,PRUNED
346,346,0.7069263002218388,2021-03-05 04:02:00.109239,2021-03-05 04:03:18.538508,0 days 00:01:18.429269,3.159907487533299e-05,10,0.9905356614968801,15.139062976880927,0.7111165886122751,0.7069263002218388,,,PRUNED
347,347,0.7066798126694602,2021-03-05 04:03:18.538809,2021-03-05 04:03:31.257423,0 days 00:00:12.718614,9.125281811452452e-05,50,0.9947549640761568,1.336822122332063,0.7066798126694602,,,,PRUNED
348,348,0.7064333251170816,2021-03-05 04:03:31.257748,2021-03-05 04:04:00.282132,0 days 00:00:29.024384,6.03062694861583e-05,40,0.9961635588950749,3.3252099970315174,0.7113630761646537,0.7064333251170816,,,PRUNED
349,349,0.7059403500123244,2021-03-05 04:04:00.282474,2021-03-05 04:04:12.942179,0 days 00:00:12.659705,0.0001968806310041687,60,0.9954952042849843,0.015399961500063813,0.7059403500123244,,,,PRUNED
350,350,0.7069263002218388,2021-03-05 04:04:12.942483,2021-03-05 04:04:25.624463,0 days 00:00:12.681980,0.0005764589643607088,50,0.9950205322499202,2.650171126493691,0.7069263002218388,,,,PRUNED
351,351,0.7052008873551886,2021-03-05 04:04:25.624790,2021-03-05 04:04:54.700758,0 days 00:00:29.075968,0.00023503329438444287,60,0.9928687085135605,19.86073808806198,0.7052008873551886,,,,PRUNED
352,352,0.7034754744885383,2021-03-05 04:04:54.701068,2021-03-05 04:05:23.919164,0 days 00:00:29.218096,0.00013472950998026718,30,0.9901129345016294,11.953879165626917,0.7034754744885383,,,,PRUNED
353,353,0.6840029578506286,2021-03-05 04:05:23.919445,2021-03-05 04:09:09.976477,0 days 00:03:46.057032,0.00297198861301112,90,0.9915212245339174,10.88427727876805,0.6840029578506286,,,,PRUNED
354,354,0.6960808479171802,2021-03-05 04:09:09.976796,2021-03-05 04:09:39.031426,0 days 00:00:29.054630,0.00014186002836272233,40,0.9938832663195486,1.7052301558607361,0.7093911757456248,0.6960808479171802,,,PRUNED
355,355,0.7059403500123244,2021-03-05 04:09:39.031753,2021-03-05 04:09:51.690368,0 days 00:00:12.658615,0.00010969593879817696,40,0.9959237822522965,0.42191939525057176,0.7059403500123244,,,,PRUNED
356,356,0.707419275326596,2021-03-05 04:09:51.690708,2021-03-05 04:10:04.527677,0 days 00:00:12.836969,0.00012182357636217083,40,0.9952706536052909,2.270580620381131,0.707419275326596,,,,PRUNED
357,357,0.6995316736504806,2021-03-05 04:10:04.527979,2021-03-05 04:13:50.620926,0 days 00:03:46.092947,6.004061605607102e-05,50,0.993978509244402,8.169753803595746,0.6995316736504806,,,,PRUNED
358,358,0.6950948977076657,2021-03-05 04:13:50.621239,2021-03-05 04:14:03.327817,0 days 00:00:12.706578,0.00012765148382877503,40,0.9952187998270376,1.9471355335207996,0.6950948977076657,,,,PRUNED
359,359,0.7049543998028099,2021-03-05 04:14:03.328129,2021-03-05 04:15:21.851726,0 days 00:01:18.523597,0.0005826230492401445,20,0.9989378053435691,9.593365690696182,0.7049543998028099,,,,PRUNED
360,360,0.688686221345822,2021-03-05 04:15:21.852029,2021-03-05 04:15:50.915475,0 days 00:00:29.063446,7.999490413060474e-05,40,0.995421222812139,0.795868217750233,0.7121025388217895,0.688686221345822,,,PRUNED
361,361,0.7029824993837811,2021-03-05 04:15:50.915818,2021-03-05 04:16:03.563273,0 days 00:00:12.647455,0.00016544665530958383,50,0.9949441901252553,2.8750524046239816,0.7029824993837811,,,,PRUNED
362,362,0.7056938624599458,2021-03-05 04:16:03.563602,2021-03-05 04:16:16.304280,0 days 00:00:12.740678,9.688546709626112e-05,20,0.995628892990131,1.4769387421946214,0.7056938624599458,,,,PRUNED
363,363,0.7019965491742667,2021-03-05 04:16:16.304588,2021-03-05 04:16:45.542792,0 days 00:00:29.238204,6.952344788179913e-05,40,0.991069839285868,15.52302147395572,0.7019965491742667,,,,PRUNED
364,364,0.7047079122504314,2021-03-05 04:16:45.543147,2021-03-05 04:18:03.946926,0 days 00:01:18.403779,0.000294564941852859,20,0.998289475393937,10.66651250162839,0.7047079122504314,,,,PRUNED
365,365,0.706186837564703,2021-03-05 04:18:03.947246,2021-03-05 04:18:16.605692,0 days 00:00:12.658446,0.0002297170985790471,40,0.9927203584409523,2.0414330820994597,0.706186837564703,,,,PRUNED
366,366,0.6978062607838305,2021-03-05 04:18:16.606021,2021-03-05 04:18:45.692967,0 days 00:00:29.086946,0.00011328667549490532,50,0.9951624223534563,3.805436066728455,0.7088982006408676,0.6978062607838305,,,PRUNED
367,367,0.703721962040917,2021-03-05 04:18:45.693306,2021-03-05 04:19:15.013333,0 days 00:00:29.320027,0.001682530816192882,40,0.9944102723903026,1.0615876897745535,0.703721962040917,,,,PRUNED
368,368,0.7064333251170816,2021-03-05 04:19:15.013646,2021-03-05 04:19:27.656182,0 days 00:00:12.642536,0.00013643120529658503,40,0.9953587463832766,1.2900977384779926,0.7064333251170816,,,,PRUNED
369,369,0.700517623859995,2021-03-05 04:19:27.656533,2021-03-05 04:19:40.286570,0 days 00:00:12.630037,0.00018733202745533687,100,0.9946183807116961,2.554276675033647,0.700517623859995,,,,PRUNED
370,370,0.7042149371456742,2021-03-05 04:19:40.286893,2021-03-05 04:19:52.979315,0 days 00:00:12.692422,8.84485140324335e-05,60,0.9957695685621969,0.7296735075048928,0.7042149371456742,,,,PRUNED
371,371,0.7064333251170816,2021-03-05 04:19:52.979647,2021-03-05 04:20:05.689842,0 days 00:00:12.710195,0.00024664584714248516,40,0.9972245389849417,17.673278645704592,0.7064333251170816,,,,PRUNED
372,372,0.7069263002218388,2021-03-05 04:20:05.690179,2021-03-05 04:21:24.161678,0 days 00:01:18.471499,2.036594530754866e-05,50,0.9904554279171727,19.56349774607006,0.7071727877742174,0.7069263002218388,,,PRUNED
373,373,0.6997781612028593,2021-03-05 04:21:24.161977,2021-03-05 04:21:36.914324,0 days 00:00:12.752347,1.6520806117489486e-05,40,0.9982480496947969,0.4024531082085958,0.6997781612028593,,,,PRUNED
374,374,0.6820310574315998,2021-03-05 04:21:36.914666,2021-03-05 04:21:49.592146,0 days 00:00:12.677480,0.00015589014095944775,40,0.9980699962739328,0.10575037667214326,0.6820310574315998,,,,PRUNED
375,375,0.6916440719743653,2021-03-05 04:21:49.592480,2021-03-05 04:23:08.032042,0 days 00:01:18.439562,2.313727304521013e-05,50,0.9902393130163587,19.17866303165866,0.7069263002218388,0.6916440719743653,,,PRUNED
376,376,0.6978062607838305,2021-03-05 04:23:08.032381,2021-03-05 04:24:26.513236,0 days 00:01:18.480855,0.00014306045112276244,10,0.997375017543958,7.909048613707851,0.6978062607838305,,,,PRUNED
377,377,0.706186837564703,2021-03-05 04:24:26.513554,2021-03-05 04:24:55.623992,0 days 00:00:29.110438,4.904276369648679e-05,50,0.991269909760694,16.380327446536963,0.706186837564703,,,,PRUNED
378,378,0.7064333251170816,2021-03-05 04:24:55.624332,2021-03-05 04:25:08.280971,0 days 00:00:12.656639,0.00011158143278044547,40,0.9974715207695297,1.117048861902691,0.7064333251170816,,,,PRUNED
379,379,0.6906581217648509,2021-03-05 04:25:08.281290,2021-03-05 04:25:20.952958,0 days 00:00:12.671668,0.0001705107318068697,50,0.9978112327017192,1.5696337383312877,0.6906581217648509,,,,PRUNED
380,380,0.7052008873551886,2021-03-05 04:25:20.953311,2021-03-05 04:25:50.235223,0 days 00:00:29.281912,1.598936049726914e-05,60,0.9921952117184655,18.664925697422785,0.7052008873551886,,,,PRUNED
381,381,0.6950948977076657,2021-03-05 04:25:50.235562,2021-03-05 04:29:37.496088,0 days 00:03:47.260526,0.0007167292363119712,80,0.9907077549268368,2.9803806274701623,0.6950948977076657,,,,PRUNED
382,382,0.7022430367266453,2021-03-05 04:29:37.496404,2021-03-05 04:29:50.260729,0 days 00:00:12.764325,0.00013638881296511738,20,0.9985525357981222,1.9659650897649028,0.7022430367266453,,,,PRUNED
383,383,0.6965738230219374,2021-03-05 04:29:50.261068,2021-03-05 04:30:19.441823,0 days 00:00:29.180755,9.608332861069717e-05,50,0.9955740821374552,14.009582784510634,0.6965738230219374,,,,PRUNED
384,384,0.7054473749075671,2021-03-05 04:30:19.442168,2021-03-05 04:30:48.505537,0 days 00:00:29.063369,1.018345109496007e-05,70,0.9900070457035546,17.396514251744467,0.7054473749075671,,,,PRUNED
385,385,0.706186837564703,2021-03-05 04:30:48.505897,2021-03-05 04:31:01.180753,0 days 00:00:12.674856,0.00020680616057292396,40,0.9979757749408228,15.158250781615573,0.706186837564703,,,,PRUNED
386,386,0.6694601922602909,2021-03-05 04:31:01.181082,2021-03-05 04:34:47.617627,0 days 00:03:46.436545,0.00010486233730659979,50,0.9950814151044123,4.297796715536498,0.709884150850382,0.7101306384027607,0.707419275326596,0.6694601922602909,PRUNED
387,387,0.6881932462410648,2021-03-05 04:34:47.617922,2021-03-05 04:35:16.742945,0 days 00:00:29.125023,1.8119188697517468e-05,10,0.9908447287574101,18.43805829701726,0.6881932462410648,,,,PRUNED
388,388,0.7032289869361598,2021-03-05 04:35:16.743306,2021-03-05 04:35:46.027739,0 days 00:00:29.284433,8.01306233425193e-05,50,0.9950952120999428,4.487646847543538,0.7079122504313532,0.7032289869361598,,,PRUNED
389,389,0.6973132856790732,2021-03-05 04:35:46.028056,2021-03-05 04:35:58.708056,0 days 00:00:12.680000,0.00010038528222143716,50,0.9948601374381861,4.928927983820201,0.6973132856790732,,,,PRUNED
390,390,0.7052008873551886,2021-03-05 04:35:58.708393,2021-03-05 04:37:17.047002,0 days 00:01:18.338609,0.00022321473773004755,10,0.9977649648770275,8.635324632913951,0.7052008873551886,,,,PRUNED
391,391,0.6899186591077151,2021-03-05 04:37:17.047364,2021-03-05 04:41:03.573867,0 days 00:03:46.526503,0.00012351215331123097,50,0.9976261644437313,4.2055154807735695,0.7081587379837319,0.7101306384027607,0.7042149371456742,0.6899186591077151,PRUNED
392,392,0.6978062607838305,2021-03-05 04:41:03.574189,2021-03-05 04:45:13.184158,0 days 00:04:09.609969,0.0013929436941249494,80,0.9910600413746522,5.781020672474969,0.703721962040917,,,,COMPLETE
393,393,0.7047079122504314,2021-03-05 04:45:13.184939,2021-03-05 04:45:25.865998,0 days 00:00:12.681059,0.00011526423831205242,50,0.9955028714247478,4.224477663208319,0.7047079122504314,,,,PRUNED
394,394,0.6936159723933941,2021-03-05 04:45:25.866346,2021-03-05 04:45:38.484325,0 days 00:00:12.617979,0.00010022762336073548,50,0.9976342869303919,3.5398184978739424,0.6936159723933941,,,,PRUNED
395,395,0.7022430367266453,2021-03-05 04:45:38.484677,2021-03-05 04:49:47.881278,0 days 00:04:09.396601,0.003056606404395543,60,0.9921595813847514,2.1527075204896517,0.706186837564703,,,,COMPLETE
396,396,0.7000246487552378,2021-03-05 04:49:47.882057,2021-03-05 04:50:00.658027,0 days 00:00:12.775970,0.00013252706160884104,50,0.9951248819440305,5.82445319700195,0.7000246487552378,,,,PRUNED
397,397,0.6975597732314518,2021-03-05 04:50:00.658365,2021-03-05 04:50:13.406243,0 days 00:00:12.747878,7.069591250720216e-05,50,0.9953250423166253,4.674056988761936,0.6975597732314518,,,,PRUNED
398,398,0.6965738230219374,2021-03-05 04:50:13.406585,2021-03-05 04:50:42.635044,0 days 00:00:29.228459,0.00014991037334556934,50,0.9955846831084348,5.204277486398448,0.7157998521074685,0.6965738230219374,,,PRUNED
399,399,0.6906581217648509,2021-03-05 04:50:42.635369,2021-03-05 04:50:55.323693,0 days 00:00:12.688324,9.167003705553894e-05,50,0.9949336791857817,3.048478405822796,0.6906581217648509,,,,PRUNED
400,400,0.7022430367266453,2021-03-05 04:50:55.324028,2021-03-05 04:51:08.011063,0 days 00:00:12.687035,0.00011992392980464029,20,0.9952524475339244,3.7472312851683984,0.7022430367266453,,,,PRUNED
401,401,0.703721962040917,2021-03-05 04:51:08.011417,2021-03-05 04:51:37.149263,0 days 00:00:29.137846,8.225835520729886e-05,60,0.9947201553900714,2.3787634921634906,0.7079122504313532,0.703721962040917,,,PRUNED
402,402,0.6965738230219374,2021-03-05 04:51:37.149588,2021-03-05 04:51:49.812318,0 days 00:00:12.662730,0.00011532422952818713,50,0.9954492755644685,4.040938204407994,0.6965738230219374,,,,PRUNED
403,403,0.7015035740695095,2021-03-05 04:51:49.812643,2021-03-05 04:52:18.985327,0 days 00:00:29.172684,1.3539115265033045e-05,60,0.9941592831177042,16.92585645094945,0.7015035740695095,,,,PRUNED
404,404,0.7022430367266453,2021-03-05 04:52:18.985654,2021-03-05 04:52:31.660861,0 days 00:00:12.675207,0.00014984961254039565,40,0.997349784975415,0.9196411136495566,0.7022430367266453,,,,PRUNED
405,405,0.6997781612028593,2021-03-05 04:52:31.661234,2021-03-05 04:53:00.932839,0 days 00:00:29.271605,0.0001716735295844156,40,0.9975971872595027,1.8831235557353407,0.7081587379837319,0.6997781612028593,,,PRUNED
406,406,0.7029824993837811,2021-03-05 04:53:00.933164,2021-03-05 04:53:13.602931,0 days 00:00:12.669767,0.00010438787506475201,70,0.9978090026372365,3.2179282833378693,0.7029824993837811,,,,PRUNED
407,407,0.7084052255361104,2021-03-05 04:53:13.603293,2021-03-05 04:57:00.263214,0 days 00:03:46.659921,0.0005078665606343109,20,0.9983490780869732,12.888755243615506,0.706186837564703,0.7084052255361104,,,PRUNED
408,408,0.6938624599457728,2021-03-05 04:57:00.263552,2021-03-05 04:57:12.922088,0 days 00:00:12.658536,0.00013122405557128384,40,0.9980972703674945,0.03058322481549735,0.6938624599457728,,,,PRUNED
409,409,0.6975597732314518,2021-03-05 04:57:12.922415,2021-03-05 04:58:31.396109,0 days 00:01:18.473694,0.00019575385273481666,30,0.9951030192915276,4.355512101437992,0.7088982006408676,0.7140744392408184,0.6975597732314518,,PRUNED
410,410,0.6778407690411634,2021-03-05 04:58:31.396463,2021-03-05 05:02:18.137813,0 days 00:03:46.741350,0.0001855033514226079,20,0.9950182699836223,4.725622919081845,0.7076657628789746,0.7103771259551392,0.7086517130884891,0.6778407690411634,PRUNED
411,411,0.7034754744885383,2021-03-05 05:02:18.138134,2021-03-05 05:06:27.982480,0 days 00:04:09.844346,0.00045458990136011077,40,0.990661162388423,4.130690901183547,0.7059403500123244,,,,COMPLETE
412,412,0.6987922109933449,2021-03-05 05:06:27.983254,2021-03-05 05:06:40.686358,0 days 00:00:12.703104,0.0002170528862941176,20,0.9950217815965305,4.743394273075195,0.6987922109933449,,,,PRUNED
413,413,0.6847424205077643,2021-03-05 05:06:40.686709,2021-03-05 05:06:53.347701,0 days 00:00:12.660992,0.00025430609139333684,20,0.9945188312064679,4.315715349513561,0.6847424205077643,,,,PRUNED
414,414,0.7076657628789746,2021-03-05 05:06:53.348053,2021-03-05 05:10:39.950900,0 days 00:03:46.602847,0.0004998067225036547,20,0.9983935525793483,14.552339965813413,0.7056938624599458,0.7076657628789746,,,PRUNED
415,415,0.6928765097362584,2021-03-05 05:10:39.951239,2021-03-05 05:11:09.004169,0 days 00:00:29.052930,3.0327787813628345e-05,40,0.9938380177301044,3.6028308287695685,0.6928765097362584,,,,PRUNED
416,416,0.7088982006408676,2021-03-05 05:11:09.004538,2021-03-05 05:15:18.395359,0 days 00:04:09.390821,0.00033062291032917747,20,0.9976166795933978,14.31751777471582,0.7059403500123244,0.7091446881932463,,,COMPLETE
417,417,0.6987922109933449,2021-03-05 05:15:18.396128,2021-03-05 05:15:31.068944,0 days 00:00:12.672816,0.00018680130929633922,20,0.994881542145267,5.266145893195693,0.6987922109933449,,,,PRUNED
418,418,0.674389943307863,2021-03-05 05:15:31.069299,2021-03-05 05:19:18.174627,0 days 00:03:47.105328,0.0001508779133590277,20,0.9950344761715079,5.589875024726555,0.7076657628789746,0.709884150850382,0.7175252649741188,0.674389943307863,PRUNED
419,419,0.686221345822036,2021-03-05 05:19:18.174956,2021-03-05 05:19:47.389750,0 days 00:00:29.214794,0.015308439068799303,30,0.9931702373323801,19.178072956076882,0.686221345822036,,,,PRUNED
420,420,0.703721962040917,2021-03-05 05:19:47.390074,2021-03-05 05:20:00.075916,0 days 00:00:12.685842,0.00015394087789706156,20,0.9951733317521975,4.9471009915484085,0.703721962040917,,,,PRUNED
421,421,0.7047079122504314,2021-03-05 05:20:00.076271,2021-03-05 05:20:12.807208,0 days 00:00:12.730937,0.0001704491974675255,20,0.9947558664721977,5.6364438907345376,0.7047079122504314,,,,PRUNED
422,422,0.6970667981266946,2021-03-05 05:20:12.807565,2021-03-05 05:20:25.496619,0 days 00:00:12.689054,0.010361145841191965,10,0.9950126320202392,5.946540055305473,0.6970667981266946,,,,PRUNED
423,423,0.7019965491742667,2021-03-05 05:20:25.496973,2021-03-05 05:20:54.629740,0 days 00:00:29.132767,0.00013806998488644052,20,0.9953737696812326,4.366155547071191,0.7113630761646537,0.7019965491742667,,,PRUNED
424,424,0.7024895242790239,2021-03-05 05:20:54.630078,2021-03-05 05:21:23.725985,0 days 00:00:29.095907,0.00019101290046304108,20,0.995078604318353,4.021078445171059,0.713088489031304,0.7024895242790239,,,PRUNED
425,425,0.7066798126694602,2021-03-05 05:21:23.726360,2021-03-05 05:21:53.011046,0 days 00:00:29.284686,0.0002880686834589219,30,0.9956705089945016,5.414210760529519,0.7076657628789746,0.7066798126694602,,,PRUNED
426,426,0.6975597732314518,2021-03-05 05:21:53.011374,2021-03-05 05:22:22.136787,0 days 00:00:29.125413,6.618621942593062e-05,60,0.9963297647857563,0.10295951447369989,0.6975597732314518,,,,PRUNED
