,number,value,datetime_start,datetime_complete,duration,params_lr,params_out_dim,params_scheduler_gamma,params_weight_decay,system_attrs_completed_rung_0,system_attrs_completed_rung_1,system_attrs_completed_rung_2,system_attrs_completed_rung_3,state
213,213,0.7017500616218881,2021-03-05 01:07:52.891879,2021-03-05 01:11:39.164359,0 days 00:03:46.272480,0.001712362665390908,70,0.9902134100080721,7.882382965198896,0.7017500616218881,,,,PRUNED
214,214,0.6995316736504806,2021-03-05 01:11:39.164622,2021-03-05 01:11:51.884727,0 days 00:00:12.720105,8.829125084983629e-05,20,0.9968825418750226,2.9897623127429673,0.6995316736504806,,,,PRUNED
215,215,0.7056938624599458,2021-03-05 01:11:51.884999,2021-03-05 01:16:01.323825,0 days 00:04:09.438826,0.0009396800296673349,80,0.9951677908647393,7.222849583178663,0.7066798126694602,0.7081587379837319,,,COMPLETE
216,216,0.7039684495932955,2021-03-05 01:16:01.324518,2021-03-05 01:16:14.004812,0 days 00:00:12.680294,0.00020399238545665938,50,0.995564859624847,0.899558731916115,0.7039684495932955,,,,PRUNED
217,217,0.7056938624599458,2021-03-05 01:16:14.005092,2021-03-05 01:20:00.514782,0 days 00:03:46.509690,0.000882109465407469,100,0.9950979013128374,7.019518237750753,0.707419275326596,0.7056938624599458,,,PRUNED
218,218,0.7096376632980035,2021-03-05 01:20:00.515061,2021-03-05 01:21:19.097271,0 days 00:01:18.582210,0.00039586698838720995,40,0.9930647409579981,8.719508393137584,0.7088982006408676,0.7096376632980035,,,PRUNED
219,219,0.6997781612028593,2021-03-05 01:21:19.097524,2021-03-05 01:22:37.738907,0 days 00:01:18.641383,0.0017051035253929302,80,0.9931960336109291,10.662820389694428,0.6997781612028593,,,,PRUNED
220,220,0.7027360118314026,2021-03-05 01:22:37.739157,2021-03-05 01:23:06.857624,0 days 00:00:29.118467,0.0020491374277788604,40,0.994365099650189,11.099800570385554,0.7027360118314026,,,,PRUNED
221,221,0.6647769287650973,2021-03-05 01:23:06.857899,2021-03-05 01:26:53.391815,0 days 00:03:46.533916,0.00015284793163931125,70,0.9914839870179869,3.392659046734865,0.6647769287650973,,,,PRUNED
222,222,0.7093911757456248,2021-03-05 01:26:53.392079,2021-03-05 01:28:11.639899,0 days 00:01:18.247820,0.0008762354202820812,50,0.9907335198693604,2.980040800341682,0.7101306384027607,0.7093911757456248,,,PRUNED
223,223,0.6975597732314518,2021-03-05 01:28:11.640161,2021-03-05 01:28:40.840726,0 days 00:00:29.200565,1.9918810583969783e-05,30,0.9912302817629679,7.283734147636725,0.7093911757456248,0.6975597732314518,,,PRUNED
224,224,0.7024895242790239,2021-03-05 01:28:40.840980,2021-03-05 01:29:09.897404,0 days 00:00:29.056424,0.00030043674080128664,20,0.9948981039732749,3.599142499570608,0.7084052255361104,0.7024895242790239,,,PRUNED
225,225,0.6869608084791718,2021-03-05 01:29:09.897679,2021-03-05 01:29:22.707241,0 days 00:00:12.809562,7.334631284114805e-05,40,0.9986682751392639,1.716191869423596,0.6869608084791718,,,,PRUNED
226,226,0.7066798126694602,2021-03-05 01:29:22.707507,2021-03-05 01:29:35.515259,0 days 00:00:12.807752,0.00015933938150336223,10,0.9974911661411486,4.236279183544074,0.7066798126694602,,,,PRUNED
227,227,0.7056938624599458,2021-03-05 01:29:35.515559,2021-03-05 01:29:48.153983,0 days 00:00:12.638424,0.0012923898369224824,50,0.9900672967347616,2.4751004249572017,0.7056938624599458,,,,PRUNED
228,228,0.6911510968696081,2021-03-05 01:29:48.154251,2021-03-05 01:31:06.599067,0 days 00:01:18.444816,0.00313008182287513,90,0.9945282106007356,9.056865744434313,0.6911510968696081,,,,PRUNED
229,229,0.6933694848410156,2021-03-05 01:31:06.599331,2021-03-05 01:31:19.380229,0 days 00:00:12.780898,9.399136478028794e-05,60,0.9978937154202436,0.36046529098220625,0.6933694848410156,,,,PRUNED
230,230,0.6992851860981021,2021-03-05 01:31:19.380498,2021-03-05 01:31:32.092120,0 days 00:00:12.711622,0.00017136630535272384,30,0.9958648800050456,7.950683317323125,0.6992851860981021,,,,PRUNED
231,231,0.6832634951934927,2021-03-05 01:31:32.092392,2021-03-05 01:32:50.607364,0 days 00:01:18.514972,0.005529700413520387,90,0.992196091154908,12.398046564557575,0.6832634951934927,,,,PRUNED
232,232,0.6973132856790732,2021-03-05 01:32:50.607644,2021-03-05 01:34:08.988212,0 days 00:01:18.380568,0.0006410649484583083,60,0.9936916677646594,1.730972513061624,0.7069263002218388,0.6973132856790732,,,PRUNED
233,233,0.7047079122504314,2021-03-05 01:34:08.988493,2021-03-05 01:34:38.101835,0 days 00:00:29.113342,0.0010028002039280323,30,0.992557959592389,7.517955186932799,0.7047079122504314,,,,PRUNED
234,234,0.706186837564703,2021-03-05 01:34:38.102121,2021-03-05 01:35:07.386328,0 days 00:00:29.284207,0.00013007056070269953,30,0.9960049190081159,6.437057086425419,0.7121025388217895,0.706186837564703,,,PRUNED
235,235,0.703721962040917,2021-03-05 01:35:07.386579,2021-03-05 01:35:36.589479,0 days 00:00:29.202900,0.0017264411199844904,40,0.9950471187143881,6.807566413489107,0.703721962040917,,,,PRUNED
236,236,0.7076657628789746,2021-03-05 01:35:36.589767,2021-03-05 01:36:05.748235,0 days 00:00:29.158468,0.0001131147653899233,20,0.9957270767198377,8.525670659389704,0.7088982006408676,0.7076657628789746,,,PRUNED
237,237,0.7069263002218388,2021-03-05 01:36:05.748518,2021-03-05 01:36:34.878907,0 days 00:00:29.130389,0.00023540342434661378,40,0.9954685188971067,5.514650958790489,0.709884150850382,0.7069263002218388,,,PRUNED
238,238,0.703721962040917,2021-03-05 01:36:34.879211,2021-03-05 01:40:44.342294,0 days 00:04:09.463083,0.0012927943197202777,90,0.9932381087049238,9.671801230485434,0.7064333251170816,,,,COMPLETE
239,239,0.7049543998028099,2021-03-05 01:40:44.343010,2021-03-05 01:42:02.771406,0 days 00:01:18.428396,0.0009529891588746012,100,0.9948443275006559,6.900540765625627,0.7049543998028099,,,,PRUNED
240,240,0.7384767069263002,2021-03-05 01:42:02.771706,2021-03-05 01:46:12.445052,0 days 00:04:09.673346,0.00013293802529197585,60,0.9900491562483923,2.214048434179233,0.7271382795168844,,,,COMPLETE
241,241,0.6921370470791225,2021-03-05 01:46:12.445777,2021-03-05 01:46:41.571965,0 days 00:00:29.126188,1.679687030850051e-05,50,0.99184106687191,17.805217204153347,0.6921370470791225,,,,PRUNED
242,242,0.7032289869361598,2021-03-05 01:46:41.572241,2021-03-05 01:47:10.871989,0 days 00:00:29.299748,0.00016694544261801277,30,0.9950834038376469,12.765210848554585,0.713088489031304,0.7032289869361598,,,PRUNED
243,243,0.7029824993837811,2021-03-05 01:47:10.872269,2021-03-05 01:47:23.530363,0 days 00:00:12.658094,7.91458741615228e-05,40,0.9964079977219427,7.2046210649658,0.7029824993837811,,,,PRUNED
244,244,0.6997781612028593,2021-03-05 01:47:23.530660,2021-03-05 01:47:36.298996,0 days 00:00:12.768336,0.0004757891879869292,20,0.9961730031199585,1.2068978770916177,0.6997781612028593,,,,PRUNED
245,245,0.6982992358885877,2021-03-05 01:47:36.299294,2021-03-05 01:48:54.633806,0 days 00:01:18.334512,0.00013021020442920153,70,0.9912728141811611,10.12657829643117,0.7081587379837319,0.6982992358885877,,,PRUNED
246,246,0.7047079122504314,2021-03-05 01:48:54.634103,2021-03-05 01:50:13.203671,0 days 00:01:18.569568,0.0007324419367863884,90,0.9949958181689612,7.566807906772274,0.7047079122504314,,,,PRUNED
247,247,0.7052008873551886,2021-03-05 01:50:13.203931,2021-03-05 01:51:31.712708,0 days 00:01:18.508777,0.000520750865763762,100,0.9953733761869193,6.659421197444181,0.7052008873551886,,,,PRUNED
248,248,0.7042149371456742,2021-03-05 01:51:31.712988,2021-03-05 01:52:50.171830,0 days 00:01:18.458842,0.0014918712649478545,80,0.9959855589598355,5.1219852197282805,0.7042149371456742,,,,PRUNED
249,249,0.7024895242790239,2021-03-05 01:52:50.172113,2021-03-05 01:54:08.675893,0 days 00:01:18.503780,0.0004512076191648641,20,0.9942562253623395,8.127776347154988,0.7024895242790239,,,,PRUNED
250,250,0.6847424205077643,2021-03-05 01:54:08.676159,2021-03-05 01:57:55.057989,0 days 00:03:46.381830,0.00013369642600262314,60,0.990101188253632,2.298696516283689,0.6847424205077643,,,,PRUNED
251,251,0.706186837564703,2021-03-05 01:57:55.058260,2021-03-05 01:58:24.198991,0 days 00:00:29.140731,0.0003141574633844692,30,0.9983974674451874,9.260108660707957,0.7111165886122751,0.706186837564703,,,PRUNED
252,252,0.7081587379837319,2021-03-05 01:58:24.199245,2021-03-05 01:59:42.492422,0 days 00:01:18.293177,0.00029805139943295174,40,0.9933039521568021,5.506512575657778,0.7170322898693616,0.7081587379837319,,,PRUNED
253,253,0.71555336455509,2021-03-05 01:59:42.492734,2021-03-05 02:03:52.045071,0 days 00:04:09.552337,0.001033297653340604,80,0.9909869345223743,2.6695651607280113,0.7138279516884397,,,,COMPLETE
254,254,0.6766083312792704,2021-03-05 02:03:52.045793,2021-03-05 02:04:21.350359,0 days 00:00:29.304566,1.2787626810688671e-05,60,0.9903340868362794,18.010178442111684,0.6766083312792704,,,,PRUNED
255,255,0.6958343603648016,2021-03-05 02:04:21.350637,2021-03-05 02:04:50.394388,0 days 00:00:29.043751,1.0067209745812036e-05,60,0.9906676285530108,15.949050354779049,0.6958343603648016,,,,PRUNED
256,256,0.6448114370224304,2021-03-05 02:04:50.394690,2021-03-05 02:08:36.861149,0 days 00:03:46.466459,2.1838766503960577e-05,50,0.9903268369695407,19.3532607971041,0.7143209267931969,0.7165393147646044,0.6448114370224304,,PRUNED
257,257,0.7017500616218881,2021-03-05 02:08:36.861417,2021-03-05 02:08:49.446813,0 days 00:00:12.585396,0.0001455236696289786,50,0.9969875298439841,3.198153643418266,0.7017500616218881,,,,PRUNED
258,258,0.6278037959083066,2021-03-05 02:08:49.447122,2021-03-05 02:12:36.010583,0 days 00:03:46.563461,0.00015886939712927468,60,0.9900882108630228,0.10637431279761955,0.6278037959083066,,,,PRUNED
259,259,0.6931229972886369,2021-03-05 02:12:36.010873,2021-03-05 02:12:48.703765,0 days 00:00:12.692892,0.0007473737017028289,40,0.9943960840545973,0.0023362381530530243,0.6931229972886369,,,,PRUNED
260,260,0.7022430367266453,2021-03-05 02:12:48.704059,2021-03-05 02:13:17.795929,0 days 00:00:29.091870,0.002489186420390505,60,0.9908471155110765,18.577406882389035,0.7022430367266453,,,,PRUNED
261,261,0.7027360118314026,2021-03-05 02:13:17.796212,2021-03-05 02:13:30.540036,0 days 00:00:12.743824,0.00010553397068099817,30,0.9952293762508343,8.822490258745141,0.7027360118314026,,,,PRUNED
262,262,0.7064333251170816,2021-03-05 02:13:30.540329,2021-03-05 02:13:43.145591,0 days 00:00:12.605262,0.00020937316403745973,30,0.9901845943839414,7.886322564739452,0.7064333251170816,,,,PRUNED
263,263,0.6936159723933941,2021-03-05 02:13:43.145885,2021-03-05 02:14:12.132765,0 days 00:00:28.986880,3.4889628546731865e-05,70,0.9960800212712958,13.508270963337111,0.6936159723933941,,,,PRUNED
264,264,0.706186837564703,2021-03-05 02:14:12.133068,2021-03-05 02:14:24.733313,0 days 00:00:12.600245,0.00018537179623894773,20,0.9903974250286597,9.737753731188409,0.706186837564703,,,,PRUNED
265,265,0.7022430367266453,2021-03-05 02:14:24.733618,2021-03-05 02:14:37.439038,0 days 00:00:12.705420,0.0003990862188444603,20,0.9911667340850135,6.218102861225693,0.7022430367266453,,,,PRUNED
266,266,0.7000246487552378,2021-03-05 02:14:37.439345,2021-03-05 02:18:46.656419,0 days 00:04:09.217074,0.0002003168536271328,30,0.9978532489005817,9.362013387742822,0.7187577027360118,0.7123490263741681,,,COMPLETE
267,267,0.7054473749075671,2021-03-05 02:18:46.657135,2021-03-05 02:18:59.330043,0 days 00:00:12.672908,0.0002724538282610756,60,0.9907787588487117,7.315986567457086,0.7054473749075671,,,,PRUNED
268,268,0.6941089474981513,2021-03-05 02:18:59.330346,2021-03-05 02:19:11.985053,0 days 00:00:12.654707,0.00014291999615600638,30,0.9956764280850631,5.194927061721145,0.6941089474981513,,,,PRUNED
269,269,0.7054473749075671,2021-03-05 02:19:11.985366,2021-03-05 02:19:24.856377,0 days 00:00:12.871011,0.0003414397061148554,40,0.9966705652202349,0.7144183405532898,0.7054473749075671,,,,PRUNED
270,270,0.7047079122504314,2021-03-05 02:19:24.856643,2021-03-05 02:23:11.337273,0 days 00:03:46.480630,0.0001898294619503382,30,0.9978905272008494,9.797129386064677,0.706186837564703,0.7047079122504314,,,PRUNED
271,271,0.7101306384027607,2021-03-05 02:23:11.337527,2021-03-05 02:27:20.512567,0 days 00:04:09.175040,0.0002330148018671394,20,0.9985040168970168,9.250953023175233,0.7069263002218388,0.7091446881932463,,,COMPLETE
272,272,0.7059403500123244,2021-03-05 02:27:20.513284,2021-03-05 02:27:49.695793,0 days 00:00:29.182509,0.00019486648012496935,30,0.9946607719822961,1.4703559198137577,0.7138279516884397,0.7059403500123244,,,PRUNED
273,273,0.7029824993837811,2021-03-05 02:27:49.696067,2021-03-05 02:28:02.375014,0 days 00:00:12.678947,0.0016339389546790584,20,0.997700854256537,6.56724559755402,0.7029824993837811,,,,PRUNED
274,274,0.7039684495932955,2021-03-05 02:28:02.375317,2021-03-05 02:28:31.377797,0 days 00:00:29.002480,0.00046522660633680233,50,0.996707130039215,16.686094207363396,0.7039684495932955,,,,PRUNED
275,275,0.7039684495932955,2021-03-05 02:28:31.378083,2021-03-05 02:29:00.454752,0 days 00:00:29.076669,1.006600770356855e-05,10,0.9960306520313932,10.242484622871471,0.7088982006408676,0.7039684495932955,,,PRUNED
276,276,0.7022430367266453,2021-03-05 02:29:00.455107,2021-03-05 02:29:13.143706,0 days 00:00:12.688599,0.0001055704793845848,40,0.995768411428178,4.025040517786126,0.7022430367266453,,,,PRUNED
277,277,0.6657628789746117,2021-03-05 02:29:13.143990,2021-03-05 02:33:22.420125,0 days 00:04:09.276135,9.609008885463372e-05,40,0.9953837766706352,3.813403937356909,0.7185112151836333,0.727384767069263,0.7039684495932955,0.6958343603648016,COMPLETE
278,278,0.6899186591077151,2021-03-05 02:33:22.420843,2021-03-05 02:34:40.804984,0 days 00:01:18.384141,6.149785516862649e-05,50,0.9953423980557814,4.677818611780873,0.7204831156026621,0.7182647276312546,0.6899186591077151,,PRUNED
279,279,0.6946019226029085,2021-03-05 02:34:40.805246,2021-03-05 02:34:53.482739,0 days 00:00:12.677493,5.482018126263227e-05,50,0.9953907293532415,5.722756578669351,0.6946019226029085,,,,PRUNED
280,280,0.6906581217648509,2021-03-05 02:34:53.483055,2021-03-05 02:38:39.849427,0 days 00:03:46.366372,1.4489205528504951e-05,20,0.9928194549629814,14.757732063167971,0.7118560512694109,0.7138279516884397,0.6906581217648509,,PRUNED
281,281,0.7064333251170816,2021-03-05 02:38:39.849703,2021-03-05 02:42:49.290279,0 days 00:04:09.440576,0.0007012420177515395,100,0.9957664167951785,9.534485088446743,0.7081587379837319,,,,COMPLETE
282,282,0.695587872812423,2021-03-05 02:42:49.291045,2021-03-05 02:43:01.937098,0 days 00:00:12.646053,6.704260701822174e-05,50,0.9948325299828026,4.545488516121799,0.695587872812423,,,,PRUNED
283,283,0.6926300221838797,2021-03-05 02:43:01.937403,2021-03-05 02:43:31.040072,0 days 00:00:29.102669,3.705809636692464e-05,50,0.9951047303474266,4.350852198605433,0.7088982006408676,0.6926300221838797,,,PRUNED
284,284,0.7002711363076165,2021-03-05 02:43:31.040378,2021-03-05 02:43:43.776654,0 days 00:00:12.736276,8.817305775796472e-05,40,0.995542184182291,4.8256690982919155,0.7002711363076165,,,,PRUNED
285,285,0.6938624599457728,2021-03-05 02:43:43.776952,2021-03-05 02:44:12.790417,0 days 00:00:29.013465,8.353599000834068e-05,20,0.9929874681040177,12.786201087740066,0.6938624599457728,,,,PRUNED
286,286,0.7066798126694602,2021-03-05 02:44:12.790726,2021-03-05 02:44:25.450645,0 days 00:00:12.659919,4.571125827685655e-05,50,0.9954166834284168,3.547263868274794,0.7066798126694602,,,,PRUNED
287,287,0.6864678333744146,2021-03-05 02:44:25.450957,2021-03-05 02:48:34.798348,0 days 00:04:09.347391,1.291794834782561e-05,80,0.9933784129547018,4.072581729547892,0.7103771259551392,,,,COMPLETE
288,288,0.679319694355435,2021-03-05 02:48:34.799063,2021-03-05 02:49:53.043307,0 days 00:01:18.244244,0.0001290314422127521,40,0.9949849272958473,2.7010599795643317,0.7079122504313532,0.7101306384027607,0.679319694355435,,PRUNED
289,289,0.7064333251170816,2021-03-05 02:49:53.043593,2021-03-05 02:50:05.707709,0 days 00:00:12.664116,2.6452560466344908e-05,40,0.9949739611582421,2.8919547859819272,0.7064333251170816,,,,PRUNED
290,290,0.6852353956125216,2021-03-05 02:50:05.708012,2021-03-05 02:51:24.145912,0 days 00:01:18.437900,0.0001316817335168654,40,0.9950964708353841,2.011647634884495,0.7360118314025141,0.7236874537835839,0.6852353956125216,,PRUNED
291,291,0.7032289869361598,2021-03-05 02:51:24.146199,2021-03-05 02:52:42.701584,0 days 00:01:18.555385,0.00010026090844824894,20,0.9987584517120287,13.142557820269001,0.7032289869361598,,,,PRUNED
292,292,0.6714320926793197,2021-03-05 02:52:42.701863,2021-03-05 02:54:01.106626,0 days 00:01:18.404763,0.00012500031440689223,40,0.9952563119872012,2.0575433333988404,0.7113630761646537,0.7091446881932463,0.6714320926793197,,PRUNED
293,293,0.7054473749075671,2021-03-05 02:54:01.106937,2021-03-05 02:55:19.635787,0 days 00:01:18.528850,0.00021191097964334203,10,0.9986278105499774,14.901765749195608,0.7054473749075671,,,,PRUNED
294,294,0.6975597732314518,2021-03-05 02:55:19.636045,2021-03-05 02:56:37.940747,0 days 00:01:18.304702,0.00012533148068968593,40,0.9952159445768319,2.1753774814656284,0.713088489031304,0.713088489031304,0.6975597732314518,,PRUNED
295,295,0.7039684495932955,2021-03-05 02:56:37.941033,2021-03-05 02:57:07.104860,0 days 00:00:29.163827,0.0006183564321731971,20,0.9924220139299625,14.415197517009428,0.7039684495932955,,,,PRUNED
296,296,0.7029824993837811,2021-03-05 02:57:07.105156,2021-03-05 02:57:19.757542,0 days 00:00:12.652386,0.00011989041954038645,40,0.9952729390506797,2.2397651785331734,0.7029824993837811,,,,PRUNED
297,297,0.6854818831649002,2021-03-05 02:57:19.757850,2021-03-05 03:01:28.903606,0 days 00:04:09.145756,8.263746458141826e-05,40,0.9947950390847372,2.6322540072907867,0.7093911757456248,0.7148139018979541,0.7019965491742667,0.7170322898693616,COMPLETE
298,298,0.6916440719743653,2021-03-05 03:01:28.904332,2021-03-05 03:01:41.564899,0 days 00:00:12.660567,7.713054632462935e-05,50,0.9945071794891484,2.590258654276549,0.6916440719743653,,,,PRUNED
299,299,0.7007641114123737,2021-03-05 03:01:41.565206,2021-03-05 03:02:10.670834,0 days 00:00:29.105628,1.6288221366506218e-05,20,0.9919557802592989,10.758375490412428,0.7007641114123737,,,,PRUNED
300,300,0.7047079122504314,2021-03-05 03:02:10.671135,2021-03-05 03:03:28.980079,0 days 00:01:18.308944,0.00013570540601137558,30,0.9976749059526961,9.046750449215185,0.7047079122504314,,,,PRUNED
301,301,0.7108701010598965,2021-03-05 03:03:28.980364,2021-03-05 03:07:38.197858,0 days 00:04:09.217494,0.00025727124617666564,10,0.9969133044204439,10.077224337818572,0.7081587379837319,0.7125955139265467,,,COMPLETE
302,302,0.7059403500123244,2021-03-05 03:07:38.198621,2021-03-05 03:07:50.904789,0 days 00:00:12.706168,6.155661993252245e-05,40,0.9950030847696946,1.8023157002611596,0.7059403500123244,,,,PRUNED
303,303,0.7029824993837811,2021-03-05 03:07:50.905105,2021-03-05 03:08:19.983122,0 days 00:00:29.078017,9.18893450771645e-05,50,0.99466116443737,3.1154312086776503,0.7101306384027607,0.7029824993837811,,,PRUNED
304,304,0.6960808479171802,2021-03-05 03:08:19.983416,2021-03-05 03:08:32.662641,0 days 00:00:12.679225,0.00010779046340063865,60,0.9948042206803025,2.707768850069658,0.6960808479171802,,,,PRUNED
305,305,0.6359378851368006,2021-03-05 03:08:32.662966,2021-03-05 03:12:19.090648,0 days 00:03:46.427682,5.78800659153444e-05,50,0.9920098197778047,7.116213597869326,0.6359378851368006,,,,PRUNED
306,306,0.7103771259551392,2021-03-05 03:12:19.090954,2021-03-05 03:16:28.490933,0 days 00:04:09.399979,0.00025789098145555207,10,0.9982001780711901,9.449951901487315,0.7064333251170816,0.7128420014789253,,,COMPLETE
307,307,0.6864678333744146,2021-03-05 03:16:28.491660,2021-03-05 03:16:57.590521,0 days 00:00:29.098861,1.2877536071086188e-05,10,0.9927041273209929,14.936174796279454,0.6864678333744146,,,,PRUNED
308,308,0.7054473749075671,2021-03-05 03:16:57.590840,2021-03-05 03:20:44.005578,0 days 00:03:46.414738,0.00010075527559827405,40,0.9908706459353677,1.6058109635531255,0.7054473749075671,,,,PRUNED
309,309,0.7012570865171309,2021-03-05 03:20:44.005860,2021-03-05 03:20:56.640573,0 days 00:00:12.634713,0.0001378003504333859,40,0.9955289744274053,3.7665807594629106,0.7012570865171309,,,,PRUNED
310,310,0.6992851860981021,2021-03-05 03:20:56.640882,2021-03-05 03:24:43.151531,0 days 00:03:46.510649,2.361664766232545e-05,40,0.992751106452916,5.28225628441913,0.6992851860981021,,,,PRUNED
311,311,0.7044614246980527,2021-03-05 03:24:43.151816,2021-03-05 03:24:55.820624,0 days 00:00:12.668808,0.0001276821322496218,40,0.9952235142067221,2.0504806408171508,0.7044614246980527,,,,PRUNED
312,312,0.6992851860981021,2021-03-05 03:24:55.820962,2021-03-05 03:25:08.468456,0 days 00:00:12.647494,8.247488061788788e-05,40,0.995015402081788,1.0859006755276979,0.6992851860981021,,,,PRUNED
313,313,0.7049543998028099,2021-03-05 03:25:08.468779,2021-03-05 03:25:37.577475,0 days 00:00:29.108696,1.1772356518622628e-05,30,0.9934048680257584,17.221245076885037,0.7049543998028099,,,,PRUNED
314,314,0.6842494454030071,2021-03-05 03:25:37.577787,2021-03-05 03:26:56.096003,0 days 00:01:18.518216,2.254297366246783e-05,30,0.9937464784151234,16.106478061702663,0.709884150850382,0.6842494454030071,,,PRUNED
315,315,0.7044614246980527,2021-03-05 03:26:56.096300,2021-03-05 03:27:25.205520,0 days 00:00:29.109220,0.00010006395831388508,40,0.9953092147046667,1.5492194455608792,0.709884150850382,0.7044614246980527,,,PRUNED
316,316,0.696820310574316,2021-03-05 03:27:25.205828,2021-03-05 03:31:11.807925,0 days 00:03:46.602097,0.00027898248183816615,60,0.9916907945269786,12.111185196129258,0.696820310574316,,,,PRUNED
317,317,0.6987922109933449,2021-03-05 03:31:11.808219,2021-03-05 03:31:24.577239,0 days 00:00:12.769020,0.000150670300995402,50,0.9941505228635643,2.1518418507180903,0.6987922109933449,,,,PRUNED
318,318,0.7024895242790239,2021-03-05 03:31:24.577558,2021-03-05 03:31:53.676004,0 days 00:00:29.098446,1.4325786155294942e-05,60,0.9916199042525089,18.05090065902042,0.7024895242790239,,,,PRUNED
319,319,0.7049543998028099,2021-03-05 03:31:53.676340,2021-03-05 03:32:06.340757,0 days 00:00:12.664417,0.00011561087454014313,40,0.9947890564002051,0.8627165485652851,0.7049543998028099,,,,PRUNED
