,number,value,datetime_start,datetime_complete,duration,params_lr,params_scheduler_gamma,params_weight_decay,system_attrs_completed_rung_0,system_attrs_completed_rung_1,system_attrs_completed_rung_2,system_attrs_completed_rung_3,state
106,106,0.6626728110599078,2021-02-12 00:09:49.158448,2021-02-12 00:14:37.230348,0 days 00:04:48.071900,0.0011617571946788178,0.9958062720282042,4.471139451883298e-05,0.6626728110599078,,,,PRUNED
107,107,0.6970814132104455,2021-02-12 00:14:37.230552,2021-02-12 00:14:51.390651,0 days 00:00:14.160099,0.0008266271493811624,0.997742646117402,2.1065140586937222e-05,0.6970814132104455,,,,PRUNED
108,108,0.7001536098310291,2021-02-12 00:14:51.390869,2021-02-12 00:15:05.521666,0 days 00:00:14.130797,0.00019202345762645042,0.998683181260906,3.797991852598024e-05,0.7001536098310291,,,,PRUNED
109,109,0.7176651305683563,2021-02-12 00:15:05.521887,2021-02-12 00:20:22.916987,0 days 00:05:17.395100,3.669075969758559e-05,0.9938007979734501,9.751744061594663e-06,0.7161290322580646,,,,COMPLETE
110,110,0.6709677419354839,2021-02-12 00:20:22.917631,2021-02-12 00:22:01.285393,0 days 00:01:38.367762,0.0005230736470462534,0.9972106126384026,6.092272687996898e-05,0.7010752688172043,0.7019969278033794,0.6709677419354839,,PRUNED
111,111,0.6986175115207374,2021-02-12 00:22:01.285618,2021-02-12 00:22:15.699584,0 days 00:00:14.413966,0.0006505965398873076,0.9981070577839112,3.420979644521526e-05,0.6986175115207374,,,,PRUNED
112,112,0.6731182795698925,2021-02-12 00:22:15.699807,2021-02-12 00:27:32.904485,0 days 00:05:17.204678,9.755275115601506e-05,0.9922766421674293,6.81878317658447e-05,0.6986175115207374,0.7133640552995392,0.677726574500768,,COMPLETE
113,113,0.698310291858679,2021-02-12 00:27:32.905172,2021-02-12 00:27:47.167126,0 days 00:00:14.261954,0.0010271388811367624,0.993630948251717,1.3745522277608637e-05,0.698310291858679,,,,PRUNED
114,114,0.687557603686636,2021-02-12 00:27:47.167357,2021-02-12 00:28:22.398279,0 days 00:00:35.230922,0.0017706635593583168,0.9989763106217674,9.288566797455162e-06,0.7010752688172043,0.687557603686636,,,PRUNED
115,115,0.6949308755760368,2021-02-12 00:28:22.398526,2021-02-12 00:28:36.738173,0 days 00:00:14.339647,3.537809074342107e-05,0.9976236631356518,1.9001723922992054e-05,0.6949308755760368,,,,PRUNED
116,116,0.6427035330261137,2021-02-12 00:28:36.738383,2021-02-12 00:33:24.272169,0 days 00:04:47.533786,1.1486341794217857e-05,0.9983708555832725,0.0009398945682113522,0.6427035330261137,,,,PRUNED
117,117,0.685099846390169,2021-02-12 00:33:24.272425,2021-02-12 00:35:02.689614,0 days 00:01:38.417189,4.35747504724238e-05,0.9935654591932606,3.725929714114927e-06,0.685099846390169,,,,PRUNED
118,118,0.6949308755760368,2021-02-12 00:35:02.689841,2021-02-12 00:35:38.138816,0 days 00:00:35.448975,0.000360499765018031,0.9984152479359273,2.6139219562892283e-05,0.7023041474654378,0.6949308755760368,,,PRUNED
119,119,0.7001536098310291,2021-02-12 00:35:38.139046,2021-02-12 00:35:52.388500,0 days 00:00:14.249454,1.0419129051786974e-05,0.9963063259746823,6.785573227567663e-05,0.7001536098310291,,,,PRUNED
120,120,0.7004608294930875,2021-02-12 00:35:52.388715,2021-02-12 00:36:06.590949,0 days 00:00:14.202234,3.214277444944164e-05,0.9978568508977027,1.2818356869838795e-05,0.7004608294930875,,,,PRUNED
121,121,0.7001536098310291,2021-02-12 00:36:06.591199,2021-02-12 00:36:20.968402,0 days 00:00:14.377203,2.615306208667087e-05,0.9979613238506039,1.058345584564406e-05,0.7001536098310291,,,,PRUNED
122,122,0.698310291858679,2021-02-12 00:36:20.968648,2021-02-12 00:36:35.286339,0 days 00:00:14.317691,5.2167530068889176e-05,0.9974302825128384,7.69483776358358e-06,0.698310291858679,,,,PRUNED
123,123,0.695852534562212,2021-02-12 00:36:35.286590,2021-02-12 00:36:49.501280,0 days 00:00:14.214690,1.9027668351058704e-05,0.9987743075060012,5.027802805298938e-06,0.695852534562212,,,,PRUNED
124,124,0.6657450076804915,2021-02-12 00:36:49.501512,2021-02-12 00:41:37.978152,0 days 00:04:48.476640,4.1351009037136075e-05,0.9901151573586512,1.310174632339332e-06,0.6657450076804915,,,,PRUNED
125,125,0.6967741935483871,2021-02-12 00:41:37.978370,2021-02-12 00:41:52.187225,0 days 00:00:14.208855,1.2455076215008036e-05,0.9971496138027116,1.4610575858663616e-05,0.6967741935483871,,,,PRUNED
126,126,0.6774193548387096,2021-02-12 00:41:52.187456,2021-02-12 00:43:30.540205,0 days 00:01:38.352749,2.4975723090005292e-05,0.9912534204062711,6.841802134734613e-05,0.6774193548387096,,,,PRUNED
127,127,0.6746543778801843,2021-02-12 00:43:30.540439,2021-02-12 00:48:18.945968,0 days 00:04:48.405529,2.3470829297376207e-05,0.9984452198859661,2.2750644144321687e-05,0.7023041474654378,0.7059907834101382,0.7195084485407066,0.6746543778801843,PRUNED
128,128,0.6955453149001536,2021-02-12 00:48:18.946193,2021-02-12 00:48:54.273059,0 days 00:00:35.326866,0.00023446557281133986,0.9951296936177523,0.0001357917390789205,0.6955453149001536,,,,PRUNED
129,129,0.6998463901689708,2021-02-12 00:48:54.273283,2021-02-12 00:49:29.693964,0 days 00:00:35.420681,2.46592452872966e-05,0.9982640674786363,2.1576618575588834e-05,0.7062980030721966,0.6998463901689708,,,PRUNED
130,130,0.6952380952380952,2021-02-12 00:49:29.694197,2021-02-12 00:49:43.854786,0 days 00:00:14.160589,3.856663512982203e-05,0.9944579077936366,3.2188727642415055e-05,0.6952380952380952,,,,PRUNED
131,131,0.6952380952380952,2021-02-12 00:49:43.855010,2021-02-12 00:49:58.235386,0 days 00:00:14.380376,1.4050121563708314e-05,0.9984955029574429,4.698021365348076e-05,0.6952380952380952,,,,PRUNED
132,132,0.6976958525345622,2021-02-12 00:49:58.235621,2021-02-12 00:50:12.510241,0 days 00:00:14.274620,0.00030462602843136133,0.9952299076911323,2.6166194620037317e-05,0.6976958525345622,,,,PRUNED
133,133,0.6854070660522273,2021-02-12 00:50:12.510479,2021-02-12 00:55:00.252013,0 days 00:04:47.741534,8.4372947399652e-05,0.9938132338674999,1.350521797245909e-05,0.7259600614439324,0.6854070660522273,,,PRUNED
134,134,0.7001536098310291,2021-02-12 00:55:00.252234,2021-02-12 00:55:14.422366,0 days 00:00:14.170132,1.7776067085327626e-05,0.9979317348355539,1.7704899360776582e-05,0.7001536098310291,,,,PRUNED
135,135,0.6992319508448541,2021-02-12 00:55:14.422593,2021-02-12 00:55:28.662843,0 days 00:00:14.240250,2.2649214486122263e-05,0.9975508185689971,9.911786488201299e-06,0.6992319508448541,,,,PRUNED
136,136,0.6466973886328725,2021-02-12 00:55:28.663073,2021-02-12 01:00:17.007021,0 days 00:04:48.343948,4.171474589060852e-05,0.990357888097637,1.0268509047523388e-06,0.6466973886328725,,,,PRUNED
137,137,0.6915514592933948,2021-02-12 01:00:17.007242,2021-02-12 01:00:31.394028,0 days 00:00:14.386786,5.6135472324248795e-05,0.9982436519083153,1.2561212547953502e-05,0.6915514592933948,,,,PRUNED
138,138,0.6995391705069124,2021-02-12 01:00:31.394258,2021-02-12 01:00:45.793148,0 days 00:00:14.398890,3.0580086855239725e-05,0.9987143280108615,8.414231250218486e-06,0.6995391705069124,,,,PRUNED
139,139,0.6952380952380952,2021-02-12 01:00:45.793389,2021-02-12 01:00:59.992414,0 days 00:00:14.199025,0.0007059564704449937,0.9970085868735543,6.201350018351491e-06,0.6952380952380952,,,,PRUNED
140,140,0.7118279569892473,2021-02-12 01:00:59.992670,2021-02-12 01:06:17.570983,0 days 00:05:17.578313,1.0075929088216161e-05,0.9916432780178367,2.6999763025025173e-06,0.7038402457757297,0.7176651305683563,,,COMPLETE
141,141,0.6995391705069124,2021-02-12 01:06:17.571640,2021-02-12 01:07:56.111797,0 days 00:01:38.540157,3.789318128577895e-05,0.9938332418285744,0.0001763735152253569,0.7053763440860215,0.6995391705069124,,,PRUNED
142,142,0.6995391705069124,2021-02-12 01:07:56.112001,2021-02-12 01:08:10.361003,0 days 00:00:14.249002,8.438566308532613e-05,0.9921528177542295,2.4246278543326463e-05,0.6995391705069124,,,,PRUNED
143,143,0.6964669738863287,2021-02-12 01:08:10.361241,2021-02-12 01:08:45.703129,0 days 00:00:35.341888,0.00012267908194271707,0.9964047772972492,1.5821996727907353e-05,0.6964669738863287,,,,PRUNED
144,144,0.6976958525345622,2021-02-12 01:08:45.703365,2021-02-12 01:09:20.935553,0 days 00:00:35.232188,0.0008656760630759918,0.9918450122504652,0.0004432748275235926,0.6976958525345622,,,,PRUNED
145,145,0.6826420890937019,2021-02-12 01:09:20.935810,2021-02-12 01:09:56.111389,0 days 00:00:35.175579,4.030699946715332e-05,0.9942568473205913,4.6757520117571936e-05,0.6826420890937019,,,,PRUNED
146,146,0.6986175115207374,2021-02-12 01:09:56.111647,2021-02-12 01:10:10.405101,0 days 00:00:14.293454,0.0004746550244486148,0.9978445650460354,1.5422480477827283e-05,0.6986175115207374,,,,PRUNED
147,147,0.6924731182795699,2021-02-12 01:10:10.405341,2021-02-12 01:10:45.595454,0 days 00:00:35.190113,0.00016677066565385035,0.9953407452611878,7.605947976502537e-05,0.6924731182795699,,,,PRUNED
148,148,0.6894009216589861,2021-02-12 01:10:45.595685,2021-02-12 01:10:59.873879,0 days 00:00:14.278194,4.6203268631771814e-05,0.9985198908803413,1.927421137560575e-05,0.6894009216589861,,,,PRUNED
149,149,0.6937019969278034,2021-02-12 01:10:59.874110,2021-02-12 01:11:35.292902,0 days 00:00:35.418792,0.0003384545049836382,0.9978018350194918,6.3885442811877185e-06,0.6937019969278034,,,,PRUNED
150,150,0.687557603686636,2021-02-12 01:11:35.293160,2021-02-12 01:13:13.765169,0 days 00:01:38.472009,0.0004927800027029744,0.9926775143464943,2.4194090969144502e-05,0.6980030721966206,0.687557603686636,,,PRUNED
151,151,0.6989247311827957,2021-02-12 01:13:13.765406,2021-02-12 01:13:28.095961,0 days 00:00:14.330555,1.1764410566731235e-05,0.9980738274613699,1.0780090918193218e-05,0.6989247311827957,,,,PRUNED
152,152,0.6986175115207374,2021-02-12 01:13:28.096198,2021-02-12 01:13:42.329978,0 days 00:00:14.233780,1.7887918839123748e-05,0.997651646264292,3.91581159611091e-05,0.6986175115207374,,,,PRUNED
153,153,0.6964669738863287,2021-02-12 01:13:42.330218,2021-02-12 01:13:56.514363,0 days 00:00:14.184145,1.3485586007021409e-05,0.9913336211458821,1.4513101532522115e-06,0.6964669738863287,,,,PRUNED
154,154,0.6900153609831029,2021-02-12 01:13:56.514643,2021-02-12 01:14:31.860397,0 days 00:00:35.345754,1.1066482727539818e-05,0.9916148442661749,3.64339645651154e-05,0.6900153609831029,,,,PRUNED
155,155,0.6976958525345622,2021-02-12 01:14:31.860634,2021-02-12 01:15:07.384470,0 days 00:00:35.523836,8.748408687938666e-05,0.9911026016188113,7.771264306037149e-05,0.6976958525345622,,,,PRUNED
156,156,0.6872503840245776,2021-02-12 01:15:07.384732,2021-02-12 01:15:42.779700,0 days 00:00:35.394968,6.298600616640488e-05,0.9919953767991934,5.8278079661666315e-05,0.6872503840245776,,,,PRUNED
157,157,0.6952380952380952,2021-02-12 01:15:42.779940,2021-02-12 01:15:56.969538,0 days 00:00:14.189598,2.3526352610384733e-05,0.9929066954886858,3.6350157365307892e-06,0.6952380952380952,,,,PRUNED
158,158,0.6924731182795699,2021-02-12 01:15:56.969805,2021-02-12 01:16:11.186036,0 days 00:00:14.216231,0.0009692690425075196,0.9973400230615722,2.3733118260999216e-06,0.6924731182795699,,,,PRUNED
159,159,0.6976958525345622,2021-02-12 01:16:11.186278,2021-02-12 01:16:25.664782,0 days 00:00:14.478504,1.0092156734519868e-05,0.9967284310566706,4.9725614448540235e-06,0.6976958525345622,,,,PRUNED
160,160,0.6737327188940092,2021-02-12 01:16:25.665012,2021-02-12 01:21:42.726493,0 days 00:05:17.061481,4.37186406039912e-05,0.9904278344675667,9.955890845564292e-05,0.7013824884792627,0.7013824884792627,0.6986175115207374,,COMPLETE
161,161,0.6955453149001536,2021-02-12 01:21:42.727190,2021-02-12 01:21:56.940569,0 days 00:00:14.213379,1.553868835249461e-05,0.9988482536955768,3.359135775863779e-05,0.6955453149001536,,,,PRUNED
162,162,0.6976958525345622,2021-02-12 01:21:56.940801,2021-02-12 01:23:35.687869,0 days 00:01:38.747068,2.1316829938889074e-05,0.9900526128596734,0.00020006927881963354,0.7084485407066052,0.6976958525345622,,,PRUNED
163,163,0.6940092165898617,2021-02-12 01:23:35.688120,2021-02-12 01:25:13.747241,0 days 00:01:38.059121,3.546820786387377e-05,0.9982053899421232,0.0005430626888361911,0.7007680491551459,0.7023041474654378,0.6940092165898617,,PRUNED
164,164,0.6976958525345622,2021-02-12 01:25:13.747492,2021-02-12 01:25:48.991333,0 days 00:00:35.243841,4.859541995713319e-05,0.9908080667158189,0.00011590997072872486,0.6976958525345622,,,,PRUNED
165,165,0.6961597542242703,2021-02-12 01:25:48.991578,2021-02-12 01:26:03.289001,0 days 00:00:14.297423,3.453738684308274e-05,0.9981712519698561,0.0003070983291018678,0.6961597542242703,,,,PRUNED
166,166,0.6915514592933948,2021-02-12 01:26:03.289269,2021-02-12 01:27:41.478073,0 days 00:01:38.188804,6.544834745327005e-05,0.998404204405979,0.0003555493060811954,0.7010752688172043,0.7062980030721966,0.6915514592933948,,PRUNED
167,167,0.6946236559139785,2021-02-12 01:27:41.478303,2021-02-12 01:27:55.692185,0 days 00:00:14.213882,6.816445111574863e-05,0.9984235232025832,0.0006376575942783992,0.6946236559139785,,,,PRUNED
168,168,0.6912442396313364,2021-02-12 01:27:55.692434,2021-02-12 01:28:30.979440,0 days 00:00:35.287006,0.001267935681954694,0.9989353479711611,0.0005125812925035477,0.7026113671274962,0.6912442396313364,,,PRUNED
169,169,0.698310291858679,2021-02-12 01:28:30.979689,2021-02-12 01:28:45.230777,0 days 00:00:14.251088,2.7684534217812515e-05,0.9978377379604196,0.0002781485345507028,0.698310291858679,,,,PRUNED
170,170,0.6989247311827957,2021-02-12 01:28:45.231044,2021-02-12 01:28:59.420289,0 days 00:00:14.189245,2.9998358142695753e-05,0.9986124839144758,0.0004478172757318182,0.6989247311827957,,,,PRUNED
171,171,0.6940092165898617,2021-02-12 01:28:59.420544,2021-02-12 01:29:34.799648,0 days 00:00:35.379104,1.5127807591888726e-05,0.9972176747109844,0.0003673568551599545,0.6940092165898617,,,,PRUNED
172,172,0.6989247311827957,2021-02-12 01:29:34.799899,2021-02-12 01:29:49.056563,0 days 00:00:14.256664,4.7582476538993724e-05,0.9981057029095424,0.0008809588200820334,0.6989247311827957,,,,PRUNED
173,173,0.6900153609831029,2021-02-12 01:29:49.056794,2021-02-12 01:30:24.561813,0 days 00:00:35.505019,2.991357774504786e-05,0.9900923884587681,4.243800753047532e-05,0.6900153609831029,,,,PRUNED
174,174,0.6866359447004609,2021-02-12 01:30:24.562060,2021-02-12 01:35:12.841533,0 days 00:04:48.279473,1.0075532178620893e-05,0.9901074582043112,1.967869074239987e-06,0.728110599078341,0.6866359447004609,,,PRUNED
175,175,0.6998463901689708,2021-02-12 01:35:12.841771,2021-02-12 01:35:27.190858,0 days 00:00:14.349087,3.778121419887445e-05,0.9983624624161848,0.0009209145007905769,0.6998463901689708,,,,PRUNED
176,176,0.6967741935483871,2021-02-12 01:35:27.191190,2021-02-12 01:35:41.500261,0 days 00:00:14.309071,0.00022707134910223675,0.9975298986432886,0.00020233283665723465,0.6967741935483871,,,,PRUNED
177,177,0.6943164362519201,2021-02-12 01:35:41.500495,2021-02-12 01:37:20.063429,0 days 00:01:38.562934,1.982001506204883e-05,0.9987948383232809,2.115131584276163e-06,0.6943164362519201,,,,PRUNED
178,178,0.6980030721966206,2021-02-12 01:37:20.063703,2021-02-12 01:37:34.311714,0 days 00:00:14.248011,0.00010403248867813974,0.9986796571307427,1.3196388912957332e-05,0.6980030721966206,,,,PRUNED
179,179,0.6955453149001536,2021-02-12 01:37:34.311972,2021-02-12 01:37:48.407773,0 days 00:00:14.095801,2.0663983025753973e-05,0.997947423252479,0.0007566203564174214,0.6955453149001536,,,,PRUNED
180,180,0.6964669738863287,2021-02-12 01:37:48.408048,2021-02-12 01:38:23.788120,0 days 00:00:35.380072,5.977797397443225e-05,0.9977533449032622,1.5594057586657892e-05,0.7032258064516129,0.6964669738863287,,,PRUNED
181,181,0.6291858678955453,2021-02-12 01:38:23.788376,2021-02-12 01:43:11.969809,0 days 00:04:48.181433,0.00019727802717842087,0.9963188839313506,2.15352699389737e-05,0.6995391705069124,0.7059907834101382,0.6291858678955453,,PRUNED
182,182,0.695852534562212,2021-02-12 01:43:11.970056,2021-02-12 01:43:47.155478,0 days 00:00:35.185422,0.0003951568051539724,0.9949252884933272,0.0006002564455979035,0.695852534562212,,,,PRUNED
183,183,0.6399385560675883,2021-02-12 01:43:47.155722,2021-02-12 01:48:35.913995,0 days 00:04:48.758273,4.602980223615146e-05,0.9914323878506974,4.118752701470756e-06,0.6399385560675883,,,,PRUNED
184,184,0.6835637480798771,2021-02-12 01:48:35.914230,2021-02-12 01:53:53.992305,0 days 00:05:18.078075,8.45351381243991e-05,0.9915778629795436,7.76465092476168e-06,0.7075268817204301,0.6912442396313364,,,COMPLETE
185,185,0.6737327188940092,2021-02-12 01:53:53.993023,2021-02-12 01:55:32.365118,0 days 00:01:38.372095,7.229893001185125e-05,0.9928581393504038,1.8231312209979443e-06,0.6737327188940092,,,,PRUNED
186,186,0.695852534562212,2021-02-12 01:55:32.365365,2021-02-12 01:55:46.705174,0 days 00:00:14.339809,7.92258462453853e-05,0.9972953691968983,8.271375703048547e-06,0.695852534562212,,,,PRUNED
187,187,0.6976958525345622,2021-02-12 01:55:46.705429,2021-02-12 01:56:00.988266,0 days 00:00:14.282837,0.00013310547635579057,0.9983432635918018,2.2859780955812645e-05,0.6976958525345622,,,,PRUNED
188,188,0.6470046082949309,2021-02-12 01:56:00.988521,2021-02-12 02:01:18.905662,0 days 00:05:17.917141,1.0054539231584561e-05,0.9915733682997656,3.507379921266401e-06,0.6820276497695853,,,,COMPLETE
189,189,0.6970814132104455,2021-02-12 02:01:18.906410,2021-02-12 02:01:54.300433,0 days 00:00:35.394023,0.0012616906438164318,0.9957209506810816,0.0001778352203561881,0.6970814132104455,,,,PRUNED
190,190,0.6961597542242703,2021-02-12 02:01:54.300671,2021-02-12 02:02:29.805339,0 days 00:00:35.504668,0.00010945143533077694,0.9911207552921532,6.314671397948085e-05,0.6961597542242703,,,,PRUNED
191,191,0.6946236559139785,2021-02-12 02:02:29.805612,2021-02-12 02:02:44.057312,0 days 00:00:14.251700,1.789214330695751e-05,0.9981650115544558,0.0005614546042868683,0.6946236559139785,,,,PRUNED
192,192,0.677726574500768,2021-02-12 02:02:44.057591,2021-02-12 02:07:32.582885,0 days 00:04:48.525294,1.0163786996988581e-05,0.9915984400336587,6.103816491329677e-05,0.7047619047619048,0.677726574500768,,,PRUNED
193,193,0.6826420890937019,2021-02-12 02:07:32.583152,2021-02-12 02:12:50.873328,0 days 00:05:18.290176,5.677162544889593e-05,0.9923751475341028,9.179087663520819e-05,0.7038402457757297,0.7207373271889401,0.6949308755760368,,COMPLETE
194,194,0.6915514592933948,2021-02-12 02:12:50.874027,2021-02-12 02:13:26.222582,0 days 00:00:35.348555,1.3185214140300117e-05,0.9932756952008597,1.2185458664317792e-05,0.7032258064516129,0.6915514592933948,,,PRUNED
195,195,0.6980030721966206,2021-02-12 02:13:26.222866,2021-02-12 02:14:01.592380,0 days 00:00:35.369514,4.212530083187696e-05,0.9940249055159797,3.0141163307601025e-05,0.7023041474654378,0.6980030721966206,,,PRUNED
196,196,0.6900153609831029,2021-02-12 02:14:01.592638,2021-02-12 02:14:15.824542,0 days 00:00:14.231904,2.4886004224600577e-05,0.9900676201895697,1.7444747923527183e-05,0.6900153609831029,,,,PRUNED
197,197,0.690937019969278,2021-02-12 02:14:15.824817,2021-02-12 02:14:30.115491,0 days 00:00:14.290674,2.1780252038848903e-05,0.9989734446389753,9.717182860218357e-06,0.690937019969278,,,,PRUNED
198,198,0.6937019969278034,2021-02-12 02:14:30.115753,2021-02-12 02:14:44.494994,0 days 00:00:14.379241,2.7815656403136466e-05,0.9985643375632289,0.00011814771325865019,0.6937019969278034,,,,PRUNED
199,199,0.7013824884792627,2021-02-12 02:14:44.495239,2021-02-12 02:15:20.064471,0 days 00:00:35.569232,1.5307222678905413e-05,0.9979990005438976,1.0084572808156732e-06,0.7059907834101382,0.7013824884792627,,,PRUNED
200,200,0.6688172043010753,2021-02-12 02:15:20.064723,2021-02-12 02:20:08.579143,0 days 00:04:48.514420,5.567687836408945e-05,0.9931121517902314,0.00027327166301616417,0.7035330261136713,0.709062980030722,0.6688172043010753,,PRUNED
201,201,0.6887864823348694,2021-02-12 02:20:08.579387,2021-02-12 02:21:47.174131,0 days 00:01:38.594744,2.9693322904577316e-05,0.9924844068821228,0.00010256124807501148,0.6980030721966206,0.6887864823348694,,,PRUNED
202,202,0.685099846390169,2021-02-12 02:21:47.174380,2021-02-12 02:23:25.270545,0 days 00:01:38.096165,0.0007455295827341949,0.9977188570263488,4.074627854010914e-06,0.7004608294930875,0.701689708141321,0.685099846390169,,PRUNED
203,203,0.6967741935483871,2021-02-12 02:23:25.270826,2021-02-12 02:23:39.513349,0 days 00:00:14.242523,0.0007273876611943714,0.9971347248588263,7.022413629268124e-06,0.6967741935483871,,,,PRUNED
204,204,0.6937019969278034,2021-02-12 02:23:39.513628,2021-02-12 02:24:14.789475,0 days 00:00:35.275847,0.007889614074930721,0.9941152085861147,9.539078632365912e-05,0.6937019969278034,,,,PRUNED
205,205,0.690937019969278,2021-02-12 02:24:14.789717,2021-02-12 02:24:29.013249,0 days 00:00:14.223532,0.0006173443091301349,0.9977271167786093,2.0790492238478828e-05,0.690937019969278,,,,PRUNED
206,206,0.6771121351766513,2021-02-12 02:24:29.013510,2021-02-12 02:26:07.463846,0 days 00:01:38.450336,0.0008361484990986592,0.9974764552575411,3.273483982375801e-06,0.7004608294930875,0.7023041474654378,0.6771121351766513,,PRUNED
207,207,0.6992319508448541,2021-02-12 02:26:07.464099,2021-02-12 02:26:21.768675,0 days 00:00:14.304576,0.00040525002063194576,0.9988013739718139,1.9548927371063157e-06,0.6992319508448541,,,,PRUNED
208,208,0.6844854070660522,2021-02-12 02:26:21.768942,2021-02-12 02:26:57.068518,0 days 00:00:35.299576,0.0005327710265774406,0.9948424946210486,5.550491385324282e-06,0.7001536098310291,0.6844854070660522,,,PRUNED
209,209,0.6964669738863287,2021-02-12 02:26:57.068767,2021-02-12 02:27:11.372231,0 days 00:00:14.303464,3.591760706541233e-05,0.9904138403075898,4.457372220028935e-06,0.6964669738863287,,,,PRUNED
210,210,0.6688172043010753,2021-02-12 02:27:11.372524,2021-02-12 02:28:50.155789,0 days 00:01:38.783265,0.00014904471412373097,0.9933666482563277,0.00015867302060836377,0.7001536098310291,0.6688172043010753,,,PRUNED
211,211,0.6986175115207374,2021-02-12 02:28:50.156046,2021-02-12 02:29:04.311615,0 days 00:00:14.155569,0.0004602781642611771,0.9982656493055704,3.1150308769006853e-06,0.6986175115207374,,,,PRUNED
