,number,value,datetime_start,datetime_complete,duration,params_lr,params_scheduler_gamma,params_weight_decay,system_attrs_completed_rung_0,system_attrs_completed_rung_1,system_attrs_completed_rung_2,system_attrs_completed_rung_3,state
421,421,0.6967741935483871,2021-02-12 07:44:12.010614,2021-02-12 07:44:26.143733,0 days 00:00:14.133119,4.35574433418578e-05,0.99883931420396,2.6896780222071827e-05,0.6967741935483871,,,,PRUNED
422,422,0.676804915514593,2021-02-12 07:44:26.144057,2021-02-12 07:49:12.310589,0 days 00:04:46.166532,5.3502333481808754e-05,0.9965324250159391,0.0002174886656708311,0.706605222734255,0.676804915514593,,,PRUNED
423,423,0.6986175115207374,2021-02-12 07:49:12.310938,2021-02-12 07:49:26.371603,0 days 00:00:14.060665,1.6613154667134923e-05,0.9978353916849797,1.3192044491315339e-05,0.6986175115207374,,,,PRUNED
424,424,0.698310291858679,2021-02-12 07:49:26.371924,2021-02-12 07:50:01.605713,0 days 00:00:35.233789,1.2767063668542535e-05,0.9925032461092158,0.0002235732737936415,0.698310291858679,,,,PRUNED
425,425,0.5923195084485408,2021-02-12 07:50:01.606057,2021-02-12 07:54:48.014814,0 days 00:04:46.408757,0.0019303236452077402,0.9955967073735608,9.140273068119008e-05,0.7007680491551459,0.7112135176651305,0.5923195084485408,,PRUNED
426,426,0.7001536098310291,2021-02-12 07:54:48.015142,2021-02-12 07:55:02.218814,0 days 00:00:14.203672,2.918669037723751e-05,0.998376946553586,1.6720112558100294e-05,0.7001536098310291,,,,PRUNED
427,427,0.6712749615975423,2021-02-12 07:55:02.219186,2021-02-12 07:59:49.320646,0 days 00:04:47.101460,1.5167248091250608e-05,0.9979296639514679,2.726482321404272e-05,0.6712749615975423,,,,PRUNED
428,428,0.6995391705069124,2021-02-12 07:59:49.320998,2021-02-12 08:00:03.507700,0 days 00:00:14.186702,3.5700574148891076e-05,0.997991419941598,2.0986026493834784e-05,0.6995391705069124,,,,PRUNED
429,429,0.6961597542242703,2021-02-12 08:00:03.508046,2021-02-12 08:00:17.658446,0 days 00:00:14.150400,2.3278202241398107e-05,0.9975583072694157,4.680026697316394e-05,0.6961597542242703,,,,PRUNED
430,430,0.6737327188940092,2021-02-12 08:00:17.658801,2021-02-12 08:05:33.608933,0 days 00:05:15.950132,1.6908825998965943e-05,0.9958853014828297,2.0658470694018976e-05,0.6872503840245776,,,,COMPLETE
431,431,0.6952380952380952,2021-02-12 08:05:33.609706,2021-02-12 08:05:47.795189,0 days 00:00:14.185483,1.4778110999756217e-05,0.998576825691408,3.3817787647067365e-05,0.6952380952380952,,,,PRUNED
432,432,0.6921658986175115,2021-02-12 08:05:47.795534,2021-02-12 08:06:01.930422,0 days 00:00:14.134888,2.5902075980755867e-05,0.9981958828969631,1.1295492715326068e-05,0.6921658986175115,,,,PRUNED
433,433,0.7001536098310291,2021-02-12 08:06:01.930775,2021-02-12 08:06:36.928401,0 days 00:00:34.997626,0.0004523445447469113,0.9983110792847089,2.5076901090986287e-05,0.7007680491551459,0.7001536098310291,,,PRUNED
434,434,0.690937019969278,2021-02-12 08:06:36.928728,2021-02-12 08:07:12.076100,0 days 00:00:35.147372,0.00018168381347318378,0.9961835015441693,0.00027171413888548785,0.690937019969278,,,,PRUNED
435,435,0.6943164362519201,2021-02-12 08:07:12.076450,2021-02-12 08:07:47.141723,0 days 00:00:35.065273,5.5758692076994993e-05,0.9930311911256853,0.0002998421456733966,0.6943164362519201,,,,PRUNED
436,436,0.6992319508448541,2021-02-12 08:07:47.142051,2021-02-12 08:08:01.282339,0 days 00:00:14.140288,3.152879899555924e-05,0.9979591441925209,2.8802438927275856e-05,0.6992319508448541,,,,PRUNED
437,437,0.6998463901689708,2021-02-12 08:08:01.282687,2021-02-12 08:09:39.386694,0 days 00:01:38.104007,3.471839150733686e-05,0.9905003872174336,0.00010078018976445611,0.6998463901689708,,,,PRUNED
438,438,0.6976958525345622,2021-02-12 08:09:39.387015,2021-02-12 08:10:14.510702,0 days 00:00:35.123687,4.003267955016345e-05,0.9926160827474445,0.0001594642793504145,0.6976958525345622,,,,PRUNED
439,439,0.7142857142857143,2021-02-12 08:10:14.511084,2021-02-12 08:15:30.896894,0 days 00:05:16.385810,1.0407777638802929e-05,0.9930295973339865,6.6921056124712776e-06,0.7210445468509985,,,,COMPLETE
440,440,0.6940092165898617,2021-02-12 08:15:30.897661,2021-02-12 08:15:45.057734,0 days 00:00:14.160073,1.888663100340097e-05,0.9977322220362136,1.791615478502334e-05,0.6940092165898617,,,,PRUNED
441,441,0.7112135176651305,2021-02-12 08:15:45.058082,2021-02-12 08:21:01.502891,0 days 00:05:16.444809,1.0284366691665525e-05,0.9933058186210224,6.309701767631939e-06,0.7139784946236559,,,,COMPLETE
442,442,0.6866359447004609,2021-02-12 08:21:01.503672,2021-02-12 08:22:39.511125,0 days 00:01:38.007453,4.088761737562093e-05,0.9935190919096416,1.558877966584169e-05,0.7038402457757297,0.706605222734255,0.6866359447004609,,PRUNED
443,443,0.6752688172043011,2021-02-12 08:22:39.511453,2021-02-12 08:27:55.879556,0 days 00:05:16.368103,3.067618853964589e-05,0.993059880690406,6.128468190148333e-06,0.6881720430107527,,,,COMPLETE
444,444,0.669431643625192,2021-02-12 08:27:55.880323,2021-02-12 08:29:33.387125,0 days 00:01:37.506802,0.001867778233958709,0.9910015522496692,0.0005009670151912584,0.669431643625192,,,,PRUNED
445,445,0.693394777265745,2021-02-12 08:29:33.387455,2021-02-12 08:29:47.512383,0 days 00:00:14.124928,4.386609089979294e-05,0.9940394588178069,1.4166770899251892e-05,0.693394777265745,,,,PRUNED
446,446,0.6992319508448541,2021-02-12 08:29:47.512755,2021-02-12 08:30:01.623782,0 days 00:00:14.111027,3.9845034026613994e-05,0.9936377565284051,1.921671209223997e-05,0.6992319508448541,,,,PRUNED
447,447,0.7010752688172043,2021-02-12 08:30:01.624129,2021-02-12 08:30:36.726010,0 days 00:00:35.101881,5.350907041564964e-05,0.9931008280870803,1.5868883294218822e-05,0.701689708141321,0.7010752688172043,,,PRUNED
448,448,0.695852534562212,2021-02-12 08:30:36.726379,2021-02-12 08:30:50.988904,0 days 00:00:14.262525,1.0162122291667126e-05,0.9919132503268899,8.818881257159632e-06,0.695852534562212,,,,PRUNED
449,449,0.7010752688172043,2021-02-12 08:30:50.989245,2021-02-12 08:31:26.188898,0 days 00:00:35.199653,3.5614144241138146e-05,0.9986410184285023,1.2392262211496306e-05,0.7013824884792627,0.7010752688172043,,,PRUNED
450,450,0.7001536098310291,2021-02-12 08:31:26.189254,2021-02-12 08:36:42.610329,0 days 00:05:16.421075,2.4578119017892466e-05,0.9957230561642451,4.841204438483907e-06,0.7127496159754224,0.6980030721966206,,,COMPLETE
451,451,0.6629800307219662,2021-02-12 08:36:42.611158,2021-02-12 08:41:30.272708,0 days 00:04:47.661550,2.399784657495877e-05,0.9959771047364592,5.040169599239866e-06,0.7053763440860215,0.6629800307219662,,,PRUNED
452,452,0.6995391705069124,2021-02-12 08:41:30.273023,2021-02-12 08:42:05.404619,0 days 00:00:35.131596,2.6571265181816075e-05,0.9923389708910281,0.0006773620528700235,0.6995391705069124,,,,PRUNED
453,453,0.6998463901689708,2021-02-12 08:42:05.404976,2021-02-12 08:42:19.511340,0 days 00:00:14.106364,3.126264853964564e-05,0.9958693738266776,0.0003493592028670527,0.6998463901689708,,,,PRUNED
454,454,0.6989247311827957,2021-02-12 08:42:19.511693,2021-02-12 08:42:54.667636,0 days 00:00:35.155943,9.320352309493813e-05,0.9984966234754041,2.1798827673129232e-05,0.7047619047619048,0.6989247311827957,,,PRUNED
455,455,0.6964669738863287,2021-02-12 08:42:54.667978,2021-02-12 08:43:08.875960,0 days 00:00:14.207982,4.689449274240679e-05,0.9915357448119976,1.035251983751554e-05,0.6964669738863287,,,,PRUNED
456,456,0.6992319508448541,2021-02-12 08:43:08.876315,2021-02-12 08:43:23.078408,0 days 00:00:14.202093,0.00037213850971375156,0.9989933082502241,1.491703959961666e-05,0.6992319508448541,,,,PRUNED
457,457,0.6841781874039938,2021-02-12 08:43:23.078791,2021-02-12 08:43:58.186960,0 days 00:00:35.108169,1.6738605042597202e-05,0.9914471609116519,0.00012069828988399897,0.6841781874039938,,,,PRUNED
458,458,0.6918586789554532,2021-02-12 08:43:58.187297,2021-02-12 08:44:12.266119,0 days 00:00:14.078822,0.016597925864837694,0.9982254071792948,1.2122685259026952e-05,0.6918586789554532,,,,PRUNED
459,459,0.6811059907834102,2021-02-12 08:44:12.266473,2021-02-12 08:45:50.361286,0 days 00:01:38.094813,1.1870547704535349e-05,0.9988087143705278,1.7434882908974036e-05,0.7053763440860215,0.7041474654377881,0.6811059907834102,,PRUNED
460,460,0.6973886328725039,2021-02-12 08:45:50.361650,2021-02-12 08:46:25.424734,0 days 00:00:35.063084,6.131346891129915e-05,0.9920374892479786,6.928598611647961e-05,0.6973886328725039,,,,PRUNED
461,461,0.6989247311827957,2021-02-12 08:46:25.425088,2021-02-12 08:47:00.667576,0 days 00:00:35.242488,3.846315806958299e-05,0.998113004387975,2.576730140202162e-05,0.7035330261136713,0.6989247311827957,,,PRUNED
462,462,0.6752688172043011,2021-02-12 08:47:00.667916,2021-02-12 08:48:38.819099,0 days 00:01:38.151183,1.4315587168815113e-05,0.9955401497586469,2.423812871144958e-06,0.6752688172043011,,,,PRUNED
463,463,0.6915514592933948,2021-02-12 08:48:38.819435,2021-02-12 08:49:13.873959,0 days 00:00:35.054524,0.006866314645213243,0.9911856930210164,0.0005047115032674081,0.6915514592933948,,,,PRUNED
464,464,0.6980030721966206,2021-02-12 08:49:13.874330,2021-02-12 08:49:49.067404,0 days 00:00:35.193074,8.209044404413545e-05,0.9965972978018793,0.00025530828157647854,0.6980030721966206,,,,PRUNED
465,465,0.693394777265745,2021-02-12 08:49:49.067763,2021-02-12 08:50:03.246674,0 days 00:00:14.178911,2.819253013948e-05,0.9983723040105066,3.0808049378232074e-05,0.693394777265745,,,,PRUNED
466,466,0.6924731182795699,2021-02-12 08:50:03.247047,2021-02-12 08:50:17.581008,0 days 00:00:14.333961,3.348894899552515e-05,0.9928133759239225,2.293552759863497e-05,0.6924731182795699,,,,PRUNED
467,467,0.7007680491551459,2021-02-12 08:50:17.581369,2021-02-12 08:50:52.589423,0 days 00:00:35.008054,1.7365575444471046e-05,0.9921258874509225,8.07743834385894e-05,0.7007680491551459,0.7007680491551459,,,PRUNED
468,468,0.6866359447004609,2021-02-12 08:50:52.589761,2021-02-12 08:51:27.651447,0 days 00:00:35.061686,7.38867716784066e-05,0.9917994355059399,0.0003178741423354595,0.6866359447004609,,,,PRUNED
469,469,0.6792626728110599,2021-02-12 08:51:27.651784,2021-02-12 08:56:14.550199,0 days 00:04:46.898415,1.3893836377371566e-05,0.9974801653411006,1.3534386537653157e-05,0.7087557603686636,0.701689708141321,0.709062980030722,0.6792626728110599,PRUNED
470,470,0.6721966205837173,2021-02-12 08:56:14.550544,2021-02-12 09:01:01.285421,0 days 00:04:46.734877,1.3109139734504537e-05,0.9973218487616186,1.3380555395825878e-05,0.7029185867895545,0.7026113671274962,0.7007680491551459,0.6721966205837173,PRUNED
471,471,0.7001536098310291,2021-02-12 09:01:01.285768,2021-02-12 09:01:36.431001,0 days 00:00:35.145233,1.1844837081891235e-05,0.9973745860410432,1.3551853652710495e-05,0.7026113671274962,0.7001536098310291,,,PRUNED
472,472,0.6973886328725039,2021-02-12 09:01:36.431381,2021-02-12 09:01:50.497655,0 days 00:00:14.066274,1.3307127061579096e-05,0.997126855784229,1.0762624847961727e-05,0.6973886328725039,,,,PRUNED
473,473,0.7023041474654378,2021-02-12 09:01:50.498008,2021-02-12 09:03:28.545989,0 days 00:01:38.047981,3.298440902195523e-05,0.9928582220422589,0.0001448240800800944,0.6998463901689708,0.7023041474654378,,,PRUNED
474,474,0.6952380952380952,2021-02-12 09:03:28.546330,2021-02-12 09:05:06.390818,0 days 00:01:37.844488,0.00014321382171016494,0.9935815797973122,6.015218152218796e-05,0.706605222734255,0.6952380952380952,,,PRUNED
475,475,0.6995391705069124,2021-02-12 09:05:06.391193,2021-02-12 09:05:41.412191,0 days 00:00:35.020998,1.52272946990959e-05,0.9972573322683098,1.550347392829693e-05,0.7035330261136713,0.6995391705069124,,,PRUNED
476,476,0.6617511520737327,2021-02-12 09:05:41.412552,2021-02-12 09:10:27.766035,0 days 00:04:46.353483,1.0447530507159873e-05,0.9934377368210074,1.1062896481153696e-05,0.6617511520737327,,,,PRUNED
477,477,0.7029185867895545,2021-02-12 09:10:27.766377,2021-02-12 09:12:05.406827,0 days 00:01:37.640450,0.0001146271512844239,0.9920417084608095,4.22899446493444e-05,0.7013824884792627,0.7029185867895545,,,PRUNED
478,478,0.6703533026113672,2021-02-12 09:12:05.407170,2021-02-12 09:13:43.636625,0 days 00:01:38.229455,6.881763170374925e-05,0.9944967989666288,8.003490230842339e-05,0.7050691244239631,0.6703533026113672,,,PRUNED
479,479,0.6986175115207374,2021-02-12 09:13:43.636986,2021-02-12 09:13:57.885900,0 days 00:00:14.248914,1.430221552804174e-05,0.9974590881963405,1.2373849207589394e-05,0.6986175115207374,,,,PRUNED
480,480,0.6973886328725039,2021-02-12 09:13:57.886246,2021-02-12 09:14:32.832179,0 days 00:00:34.945933,9.705707582287504e-05,0.9916881737801995,3.69644884331335e-05,0.6973886328725039,,,,PRUNED
481,481,0.6807987711213518,2021-02-12 09:14:32.832538,2021-02-12 09:16:10.938249,0 days 00:01:38.105711,4.7684195779728176e-05,0.9914934196260184,0.00010156592256789032,0.7013824884792627,0.6807987711213518,,,PRUNED
482,482,0.6482334869431644,2021-02-12 09:16:10.938591,2021-02-12 09:20:56.621256,0 days 00:04:45.682665,1.1759026317799447e-05,0.997529092062578,1.879665174394119e-05,0.7047619047619048,0.7149001536098311,0.698310291858679,0.6482334869431644,PRUNED
483,483,0.6854070660522273,2021-02-12 09:20:56.621599,2021-02-12 09:21:31.752681,0 days 00:00:35.131082,1.1648477059898815e-05,0.9973844754823301,1.7139149179381264e-05,0.7026113671274962,0.6854070660522273,,,PRUNED
484,484,0.6906298003072197,2021-02-12 09:21:31.753053,2021-02-12 09:22:06.782962,0 days 00:00:35.029909,1.0439853944882483e-05,0.9977321292523857,9.38100366326777e-06,0.7050691244239631,0.6906298003072197,,,PRUNED
485,485,0.6976958525345622,2021-02-12 09:22:06.783326,2021-02-12 09:22:42.041837,0 days 00:00:35.258511,1.0204317457100032e-05,0.9975502799073392,2.0444996591443284e-05,0.7013824884792627,0.6976958525345622,,,PRUNED
486,486,0.7004608294930875,2021-02-12 09:22:42.042183,2021-02-12 09:24:20.046821,0 days 00:01:38.004638,3.364701433109288e-05,0.9940193676746775,1.3956689828269015e-06,0.7004608294930875,,,,PRUNED
487,487,0.6774193548387096,2021-02-12 09:24:20.047213,2021-02-12 09:29:36.147076,0 days 00:05:16.099863,4.562191979739016e-05,0.9951612035798431,9.097555960530718e-06,0.7038402457757297,0.6912442396313364,,,COMPLETE
488,488,0.6970814132104455,2021-02-12 09:29:36.147896,2021-02-12 09:29:50.286159,0 days 00:00:14.138263,1.3548997549071338e-05,0.9965637169163335,1.9140222912168697e-05,0.6970814132104455,,,,PRUNED
489,489,0.6924731182795699,2021-02-12 09:29:50.286507,2021-02-12 09:30:04.554264,0 days 00:00:14.267757,1.5489373478971552e-05,0.997187767376997,2.3594334089525553e-05,0.6924731182795699,,,,PRUNED
490,490,0.6995391705069124,2021-02-12 09:30:04.554625,2021-02-12 09:30:18.672079,0 days 00:00:14.117454,1.3071487097832845e-05,0.99756052779682,1.3631053503129634e-05,0.6995391705069124,,,,PRUNED
491,491,0.6838709677419355,2021-02-12 09:30:18.672423,2021-02-12 09:30:32.764394,0 days 00:00:14.091971,1.0085522129699628e-05,0.996932572867675,1.1244718911450266e-05,0.6838709677419355,,,,PRUNED
492,492,0.6998463901689708,2021-02-12 09:30:32.764782,2021-02-12 09:30:46.829990,0 days 00:00:14.065208,1.9243843475422352e-05,0.9976314800190517,0.0004725057193080972,0.6998463901689708,,,,PRUNED
493,493,0.677726574500768,2021-02-12 09:30:46.830337,2021-02-12 09:35:32.268084,0 days 00:04:45.437747,1.6871436865831686e-05,0.9975104560727878,1.3699414866280373e-05,0.7023041474654378,0.7026113671274962,0.7019969278033794,0.677726574500768,PRUNED
