,number,value,datetime_start,datetime_complete,duration,params_lr,params_scheduler_gamma,params_weight_decay,system_attrs_completed_rung_0,system_attrs_completed_rung_1,system_attrs_completed_rung_2,system_attrs_completed_rung_3,state
0,0,0.6196620583717358,2021-02-11 21:31:02.219547,2021-02-11 21:36:20.247396,0 days 00:05:18.027849,0.00076519929851394,0.9946768539305874,1.096284873918983e-05,0.7007680491551459,0.6937019969278034,0.6657450076804915,0.6442396313364055,COMPLETE
1,1,0.6998463901689708,2021-02-11 21:36:20.248042,2021-02-11 21:36:34.567932,0 days 00:00:14.319890,0.0004842400755502041,0.9984407606905239,0.00011331147221928342,0.6998463901689708,,,,PRUNED
2,2,0.6989247311827957,2021-02-11 21:36:34.568124,2021-02-11 21:36:48.650851,0 days 00:00:14.082727,0.0003503822068586413,0.991076430663367,0.00017233723963472913,0.6989247311827957,,,,PRUNED
3,3,0.6940092165898617,2021-02-11 21:36:48.651032,2021-02-11 21:37:02.835992,0 days 00:00:14.184960,0.006080208159258652,0.9927920670497742,5.040238464887277e-05,0.6940092165898617,,,,PRUNED
4,4,0.6980030721966206,2021-02-11 21:37:02.836193,2021-02-11 21:37:17.036191,0 days 00:00:14.199998,0.00040742504029402717,0.9960424922409771,0.00040291909845796076,0.6980030721966206,,,,PRUNED
5,5,0.6995391705069124,2021-02-11 21:37:17.036421,2021-02-11 21:37:31.193949,0 days 00:00:14.157528,0.0005973628535105563,0.9949401414605772,0.0004039101092854024,0.6995391705069124,,,,PRUNED
6,6,0.6995391705069124,2021-02-11 21:37:31.194156,2021-02-11 21:37:45.503040,0 days 00:00:14.308884,0.0010463987709555056,0.9929369965457973,0.00038605458322946867,0.6995391705069124,,,,PRUNED
7,7,0.634715821812596,2021-02-11 21:37:45.503226,2021-02-11 21:42:32.764623,0 days 00:04:47.261397,0.0002916959613906644,0.9977163570133415,3.003758217405026e-05,0.7032258064516129,0.6998463901689708,0.6700460829493088,0.634715821812596,PRUNED
8,8,0.6949308755760368,2021-02-11 21:42:32.764781,2021-02-11 21:42:46.916363,0 days 00:00:14.151582,0.000777090768231669,0.9919533832931866,2.3051071547712206e-05,0.6949308755760368,,,,PRUNED
9,9,0.6924731182795699,2021-02-11 21:42:46.916533,2021-02-11 21:43:01.213874,0 days 00:00:14.297341,0.00016338758483078856,0.9979685003198816,0.0006709305465374809,0.6924731182795699,,,,PRUNED
10,10,0.6138248847926268,2021-02-11 21:43:01.214063,2021-02-11 21:48:18.403690,0 days 00:05:17.189627,0.008211732167281719,0.9954040664127276,0.000285383604434052,0.6746543778801843,0.6608294930875576,0.6153609831029185,,COMPLETE
11,11,0.6531490015360983,2021-02-11 21:48:18.404372,2021-02-11 21:53:35.825647,0 days 00:05:17.421275,0.00010211107179570653,0.9958622204910841,0.00010604596969458471,0.7056835637480798,0.7010752688172043,0.6728110599078341,,COMPLETE
12,12,0.6967741935483871,2021-02-11 21:53:35.826261,2021-02-11 21:54:10.935626,0 days 00:00:35.109365,1.4814250394843193e-05,0.9949443792928363,2.4505968600984828e-06,0.7047619047619048,0.6967741935483871,,,PRUNED
13,13,0.6989247311827957,2021-02-11 21:54:10.935805,2021-02-11 21:54:46.215613,0 days 00:00:35.279808,4.508698116263049e-05,0.9965935587041256,8.812725721196926e-06,0.7013824884792627,0.6989247311827957,,,PRUNED
14,14,0.6878648233486944,2021-02-11 21:54:46.215804,2021-02-11 21:55:00.601129,0 days 00:00:14.385325,0.0038520934131158068,0.9968504738616553,6.368193643078629e-06,0.6878648233486944,,,,PRUNED
15,15,0.6964669738863287,2021-02-11 21:55:00.601373,2021-02-11 22:00:18.115821,0 days 00:05:17.514448,0.00010322139599572152,0.9923134200487288,7.578610151576327e-05,0.6986175115207374,0.6890937019969278,,,COMPLETE
16,16,0.6903225806451613,2021-02-11 22:00:18.116454,2021-02-11 22:00:32.325405,0 days 00:00:14.208951,0.019942909648399742,0.9982762900004775,1.6259971113630775e-05,0.6903225806451613,,,,PRUNED
17,17,0.6937019969278034,2021-02-11 22:00:32.325579,2021-02-11 22:05:48.960552,0 days 00:05:16.634973,1.685943503475466e-05,0.9930159605663947,2.6350615080663404e-05,0.687557603686636,,,,COMPLETE
18,18,0.6970814132104455,2021-02-11 22:05:48.961172,2021-02-11 22:06:03.116304,0 days 00:00:14.155132,0.00011042029759961603,0.9938833038585955,1.7824319183179383e-06,0.6970814132104455,,,,PRUNED
19,19,0.6949308755760368,2021-02-11 22:06:03.116485,2021-02-11 22:06:17.267932,0 days 00:00:14.151447,0.0022200102164646306,0.9901656728211475,5.672483189469486e-05,0.6949308755760368,,,,PRUNED
20,20,0.6955453149001536,2021-02-11 22:06:17.268123,2021-02-11 22:06:52.523558,0 days 00:00:35.255435,0.00015937024809245732,0.995787851276344,5.0457276212526945e-06,0.7001536098310291,0.6955453149001536,,,PRUNED
21,21,0.6900153609831029,2021-02-11 22:06:52.523748,2021-02-11 22:07:27.871075,0 days 00:00:35.347327,0.0006670325916910557,0.9905483754380089,2.7077203606975713e-05,0.6900153609831029,,,,PRUNED
22,22,0.6626728110599078,2021-02-11 22:07:27.871233,2021-02-11 22:12:44.620179,0 days 00:05:16.748946,2.7717893805457275e-05,0.9973368969782617,1.4103395854597598e-05,0.7038402457757297,0.7026113671274962,0.7121351766513057,0.6602150537634408,COMPLETE
23,23,0.6992319508448541,2021-02-11 22:12:44.620848,2021-02-11 22:12:58.903922,0 days 00:00:14.283074,3.124629874077427e-05,0.9939232814961294,1.023233445568492e-06,0.6992319508448541,,,,PRUNED
24,24,0.5576036866359447,2021-02-11 22:12:58.904101,2021-02-11 22:17:46.415549,0 days 00:04:47.511448,0.005507484256730019,0.9928326273769662,5.621030490008288e-05,0.5576036866359447,,,,PRUNED
25,25,0.687557603686636,2021-02-11 22:17:46.415709,2021-02-11 22:18:21.615146,0 days 00:00:35.199437,3.481984136845371e-05,0.9978126968517113,5.0346375789907346e-05,0.687557603686636,,,,PRUNED
26,26,0.6992319508448541,2021-02-11 22:18:21.615354,2021-02-11 22:18:56.862264,0 days 00:00:35.246910,0.00025467515522525566,0.9903764803391163,1.0800314381073163e-06,0.6992319508448541,,,,PRUNED
27,27,0.6915514592933948,2021-02-11 22:18:56.862460,2021-02-11 22:19:32.124251,0 days 00:00:35.261791,0.011662462192166058,0.9909041501868429,1.5694331564988164e-06,0.6915514592933948,,,,PRUNED
28,28,0.6930875576036867,2021-02-11 22:19:32.124440,2021-02-11 22:20:07.365444,0 days 00:00:35.241004,1.0662692217182075e-05,0.997108718607962,1.4869467722673483e-05,0.706605222734255,0.6930875576036867,,,PRUNED
29,29,0.6986175115207374,2021-02-11 22:20:07.365605,2021-02-11 22:20:42.641100,0 days 00:00:35.275495,6.436769897259882e-05,0.9955093059914474,3.508761398194162e-06,0.7050691244239631,0.6986175115207374,,,PRUNED
30,30,0.6949308755760368,2021-02-11 22:20:42.641316,2021-02-11 22:22:20.843855,0 days 00:01:38.202539,7.365217889219197e-05,0.9924376671295194,3.2987548887211443e-06,0.7013824884792627,0.6949308755760368,,,PRUNED
31,31,0.6703533026113672,2021-02-11 22:22:20.844047,2021-02-11 22:27:08.710961,0 days 00:04:47.866914,0.0001259541357960069,0.9942694103260697,6.938979911894388e-05,0.6703533026113672,,,,PRUNED
32,32,0.698310291858679,2021-02-11 22:27:08.711140,2021-02-11 22:27:43.882116,0 days 00:00:35.170976,0.0037337085631913573,0.9933308661361856,0.0007156247882286541,0.698310291858679,,,,PRUNED
33,33,0.7001536098310291,2021-02-11 22:27:43.882310,2021-02-11 22:27:57.974094,0 days 00:00:14.091784,0.001428696470180124,0.9989785255756798,3.2614082949740585e-05,0.7001536098310291,,,,PRUNED
34,34,0.6887864823348694,2021-02-11 22:27:57.974281,2021-02-11 22:28:33.174391,0 days 00:00:35.200110,0.010430810054365273,0.9930109884185899,0.0003258699155726184,0.6887864823348694,,,,PRUNED
35,35,0.6900153609831029,2021-02-11 22:28:33.174593,2021-02-11 22:30:11.407706,0 days 00:01:38.233113,0.0006252092606563931,0.9909359302242573,0.00041740388783264795,0.6900153609831029,,,,PRUNED
36,36,0.6967741935483871,2021-02-11 22:30:11.407879,2021-02-11 22:31:49.495842,0 days 00:01:38.087963,2.1695542857885988e-05,0.9979339027640143,1.1843040125262557e-05,0.7013824884792627,0.7007680491551459,0.6967741935483871,,PRUNED
37,37,0.6973886328725039,2021-02-11 22:31:49.496058,2021-02-11 22:32:03.710768,0 days 00:00:14.214710,0.00023965577991999992,0.997344626551898,3.200003897917112e-05,0.6973886328725039,,,,PRUNED
38,38,0.6918586789554532,2021-02-11 22:32:03.710987,2021-02-11 22:32:17.883705,0 days 00:00:14.172718,0.009352007773418547,0.9976101978858372,6.772041039914239e-05,0.6918586789554532,,,,PRUNED
39,39,0.6740399385560676,2021-02-11 22:32:17.883904,2021-02-11 22:33:56.063392,0 days 00:01:38.179488,0.00024362314741974172,0.9934543008419492,3.0611705220073706e-05,0.6740399385560676,,,,PRUNED
40,40,0.6771121351766513,2021-02-11 22:33:56.063591,2021-02-11 22:38:43.832734,0 days 00:04:47.769143,0.0001503183598570178,0.9974716129427085,3.0207013440402217e-05,0.7026113671274962,0.6771121351766513,,,PRUNED
41,41,0.6921658986175115,2021-02-11 22:38:43.832915,2021-02-11 22:38:58.049460,0 days 00:00:14.216545,8.149899335591144e-05,0.9988552283583828,8.700491902937257e-06,0.6921658986175115,,,,PRUNED
42,42,0.6973886328725039,2021-02-11 22:38:58.049659,2021-02-11 22:40:36.388282,0 days 00:01:38.338623,0.0004733384377574703,0.996390595454886,3.205406741418419e-05,0.6973886328725039,,,,PRUNED
43,43,0.6976958525345622,2021-02-11 22:40:36.388458,2021-02-11 22:40:50.554437,0 days 00:00:14.165979,0.0021244807198660346,0.9960903963801262,2.08831160202493e-05,0.6976958525345622,,,,PRUNED
44,44,0.6648233486943165,2021-02-11 22:40:50.554649,2021-02-11 22:42:28.657311,0 days 00:01:38.102662,0.00356434081516811,0.9952241001176229,0.00039903249810230437,0.6648233486943165,,,,PRUNED
45,45,0.6961597542242703,2021-02-11 22:42:28.657507,2021-02-11 22:47:45.424459,0 days 00:05:16.766952,2.6260726876216893e-05,0.9919664172664525,1.399719104264747e-06,0.7010752688172043,,,,COMPLETE
46,46,0.6789554531490015,2021-02-11 22:47:45.425101,2021-02-11 22:48:20.773935,0 days 00:00:35.348834,0.0015613253487049303,0.9959348378576428,0.0002412860794525608,0.6789554531490015,,,,PRUNED
47,47,0.6857142857142857,2021-02-11 22:48:20.774134,2021-02-11 22:49:59.436658,0 days 00:01:38.662524,0.0001789973736968576,0.9948881426600867,7.59010108894765e-05,0.6857142857142857,,,,PRUNED
48,48,0.6992319508448541,2021-02-11 22:49:59.436858,2021-02-11 22:50:34.715230,0 days 00:00:35.278372,0.0014213394302538072,0.9942530886247235,9.801789227286118e-05,0.7001536098310291,0.6992319508448541,,,PRUNED
49,49,0.6986175115207374,2021-02-11 22:50:34.715456,2021-02-11 22:50:48.909187,0 days 00:00:14.193731,0.0002031017491047612,0.9965863704943093,5.233251894424284e-06,0.6986175115207374,,,,PRUNED
50,50,0.6685099846390169,2021-02-11 22:50:48.909382,2021-02-11 22:55:37.026238,0 days 00:04:48.116856,0.017071536832862156,0.992762829986374,0.00012807223677061978,0.6685099846390169,,,,PRUNED
51,51,0.6715821812596006,2021-02-11 22:55:37.026441,2021-02-11 22:57:15.274972,0 days 00:01:38.248531,0.0014003811887965932,0.9976954907329918,0.00013763742832190767,0.6715821812596006,,,,PRUNED
52,52,0.6592933947772658,2021-02-11 22:57:15.275174,2021-02-11 22:58:53.595312,0 days 00:01:38.320138,0.00016001478201636675,0.9908871127846574,0.0002662240697326387,0.6592933947772658,,,,PRUNED
53,53,0.6918586789554532,2021-02-11 22:58:53.595497,2021-02-11 22:59:28.866310,0 days 00:00:35.270813,1.0323169183399707e-05,0.9989720772575362,2.9592772672770202e-05,0.6918586789554532,,,,PRUNED
54,54,0.6725038402457757,2021-02-11 22:59:28.866746,2021-02-11 23:01:07.402160,0 days 00:01:38.535414,0.0004245784022867481,0.9932995377875892,0.00011943618279696178,0.701689708141321,0.7062980030721966,0.6725038402457757,,PRUNED
55,55,0.6924731182795699,2021-02-11 23:01:07.402367,2021-02-11 23:01:21.655989,0 days 00:00:14.253622,4.270981764877592e-05,0.9986179506865205,3.8596017368279166e-05,0.6924731182795699,,,,PRUNED
56,56,0.688479262672811,2021-02-11 23:01:21.656196,2021-02-11 23:06:38.899585,0 days 00:05:17.243389,1.9486395168224843e-05,0.9979250111075952,1.2097779147979248e-05,0.7056835637480798,0.7019969278033794,0.7081413210445469,0.6897081413210445,COMPLETE
57,57,0.6927803379416283,2021-02-11 23:06:38.900232,2021-02-11 23:06:53.134726,0 days 00:00:14.234494,1.1533964959266991e-05,0.9983605445545529,9.791666907182539e-06,0.6927803379416283,,,,PRUNED
58,58,0.6970814132104455,2021-02-11 23:06:53.134921,2021-02-11 23:07:28.347063,0 days 00:00:35.212142,0.00013915214045337457,0.9958504497667359,0.00011771703749090811,0.6970814132104455,,,,PRUNED
59,59,0.6943164362519201,2021-02-11 23:07:28.347269,2021-02-11 23:08:03.794116,0 days 00:00:35.446847,2.038837475555643e-05,0.9977548125105796,2.1550081230444658e-05,0.7026113671274962,0.6943164362519201,,,PRUNED
60,60,0.6534562211981567,2021-02-11 23:08:03.794303,2021-02-11 23:12:51.609629,0 days 00:04:47.815326,0.0004974817663941947,0.994160852258199,4.057102226593164e-05,0.6534562211981567,,,,PRUNED
61,61,0.6740399385560676,2021-02-11 23:12:51.609821,2021-02-11 23:14:30.108480,0 days 00:01:38.498659,0.00855545068570094,0.9923483900815127,9.219329731379065e-06,0.6740399385560676,,,,PRUNED
62,62,0.7001536098310291,2021-02-11 23:14:30.108688,2021-02-11 23:14:44.434393,0 days 00:00:14.325705,0.0003022483394582307,0.9952853121294729,1.389592057723054e-05,0.7001536098310291,,,,PRUNED
63,63,0.6998463901689708,2021-02-11 23:14:44.434581,2021-02-11 23:14:58.682333,0 days 00:00:14.247752,2.899411252673216e-05,0.9963171497723592,3.6855364257402386e-06,0.6998463901689708,,,,PRUNED
64,64,0.6946236559139785,2021-02-11 23:14:58.682535,2021-02-11 23:15:33.847477,0 days 00:00:35.164942,0.0006437257539288485,0.9974257682335297,4.57281665249307e-05,0.7023041474654378,0.6946236559139785,,,PRUNED
65,65,0.6820276497695853,2021-02-11 23:15:33.847688,2021-02-11 23:20:21.714836,0 days 00:04:47.867148,1.0890543234692448e-05,0.9900046889959858,4.766018265979548e-06,0.7121351766513057,0.6820276497695853,,,PRUNED
66,66,0.6967741935483871,2021-02-11 23:20:21.715043,2021-02-11 23:20:35.972156,0 days 00:00:14.257113,9.68913518755646e-05,0.9913653857056874,6.8893806817651e-06,0.6967741935483871,,,,PRUNED
67,67,0.688479262672811,2021-02-11 23:20:35.972364,2021-02-11 23:25:53.357169,0 days 00:05:17.384805,0.00014477040817405883,0.9963565388746067,9.298861923610696e-06,0.7059907834101382,,,,COMPLETE
68,68,0.6943164362519201,2021-02-11 23:25:53.357810,2021-02-11 23:26:28.605245,0 days 00:00:35.247435,2.2162249835641116e-05,0.995416279971505,0.0008005821741658576,0.6943164362519201,,,,PRUNED
69,69,0.6967741935483871,2021-02-11 23:26:28.605457,2021-02-11 23:26:42.874401,0 days 00:00:14.268944,0.0008618546719241407,0.9969657851747479,2.246946217661228e-05,0.6967741935483871,,,,PRUNED
70,70,0.695852534562212,2021-02-11 23:26:42.874612,2021-02-11 23:26:57.072963,0 days 00:00:14.198351,1.5981601749999132e-05,0.9982251798003854,8.201582956226481e-05,0.695852534562212,,,,PRUNED
71,71,0.6989247311827957,2021-02-11 23:26:57.073173,2021-02-11 23:27:32.515128,0 days 00:00:35.441955,5.376752794485335e-05,0.9947863121563099,0.00015378968654031935,0.7032258064516129,0.6989247311827957,,,PRUNED
72,72,0.685099846390169,2021-02-11 23:27:32.515323,2021-02-11 23:29:10.975883,0 days 00:01:38.460560,3.241186501725826e-05,0.997910023961123,1.1707965341657463e-05,0.706605222734255,0.701689708141321,0.685099846390169,,PRUNED
73,73,0.6973886328725039,2021-02-11 23:29:10.976102,2021-02-11 23:29:46.240440,0 days 00:00:35.264338,0.0006874134439421798,0.9975896031661509,8.175718867259074e-05,0.6973886328725039,,,,PRUNED
74,74,0.7010752688172043,2021-02-11 23:29:46.240668,2021-02-11 23:31:24.631776,0 days 00:01:38.391108,1.0165041326394521e-05,0.99872929386593,1.7280271477875913e-05,0.7035330261136713,0.7038402457757297,0.7010752688172043,,PRUNED
75,75,0.6921658986175115,2021-02-11 23:31:24.631977,2021-02-11 23:32:00.052204,0 days 00:00:35.420227,1.0164453744186117e-05,0.9987323181378759,1.7553182653591968e-05,0.7035330261136713,0.6921658986175115,,,PRUNED
76,76,0.7053763440860215,2021-02-11 23:32:00.052425,2021-02-11 23:37:17.954241,0 days 00:05:17.901816,1.3266894634583506e-05,0.9901669821681305,1.0558239365964695e-06,0.7053763440860215,0.717357910906298,,,COMPLETE
77,77,0.6771121351766513,2021-02-11 23:37:17.954896,2021-02-11 23:38:56.579993,0 days 00:01:38.625097,1.6155767872173802e-05,0.9925381872709332,2.8025746939522722e-05,0.7013824884792627,0.7099846390168971,0.6771121351766513,,PRUNED
78,78,0.6826420890937019,2021-02-11 23:38:56.580223,2021-02-11 23:39:10.743709,0 days 00:00:14.163486,0.005705893170282947,0.9972560256684287,7.5374506718941e-06,0.6826420890937019,,,,PRUNED
79,79,0.6847926267281106,2021-02-11 23:39:10.743919,2021-02-11 23:39:45.960921,0 days 00:00:35.217002,0.002442943927941771,0.9945401188107308,9.886702626280827e-06,0.6847926267281106,,,,PRUNED
80,80,0.6887864823348694,2021-02-11 23:39:45.961133,2021-02-11 23:40:21.126845,0 days 00:00:35.165712,0.0011895482088008099,0.998459390727113,1.1167261042293853e-05,0.7013824884792627,0.6887864823348694,,,PRUNED
81,81,0.6706605222734255,2021-02-11 23:40:21.127078,2021-02-11 23:41:59.513876,0 days 00:01:38.386798,7.360765096134207e-05,0.9970296664065312,0.0002370386185096424,0.712442396313364,0.6706605222734255,,,PRUNED
82,82,0.6863287250384025,2021-02-11 23:41:59.514077,2021-02-11 23:43:37.911729,0 days 00:01:38.397652,0.00047505905240494904,0.9989113594300698,4.203874814587373e-05,0.7023041474654378,0.7013824884792627,0.6863287250384025,,PRUNED
83,83,0.6986175115207374,2021-02-11 23:43:37.911947,2021-02-11 23:43:52.283386,0 days 00:00:14.371439,0.00011987937276321759,0.9965314919643848,1.638626047976525e-05,0.6986175115207374,,,,PRUNED
84,84,0.698310291858679,2021-02-11 23:43:52.283599,2021-02-11 23:44:06.466457,0 days 00:00:14.182858,0.0027121745272905722,0.9980632621633705,2.713018044467489e-05,0.698310291858679,,,,PRUNED
85,85,0.6780337941628264,2021-02-11 23:44:06.466678,2021-02-11 23:45:45.007321,0 days 00:01:38.540643,1.2929815216423564e-05,0.9900534723093335,4.146143783344668e-06,0.7041474654377881,0.7112135176651305,0.6780337941628264,,PRUNED
86,86,0.6878648233486944,2021-02-11 23:45:45.007538,2021-02-11 23:46:20.193582,0 days 00:00:35.186044,0.01934693771921841,0.9947078571651399,1.3464844426066553e-05,0.6878648233486944,,,,PRUNED
87,87,0.693394777265745,2021-02-11 23:46:20.193806,2021-02-11 23:46:34.461100,0 days 00:00:14.267294,2.648372239400721e-05,0.9977357419592996,1.215298349062958e-05,0.693394777265745,,,,PRUNED
88,88,0.6725038402457757,2021-02-11 23:46:34.461324,2021-02-11 23:51:22.830768,0 days 00:04:48.369444,1.3539322057509186e-05,0.9921917793581737,1.1716524121853205e-06,0.7007680491551459,0.6725038402457757,,,PRUNED
89,89,0.698310291858679,2021-02-11 23:51:22.830990,2021-02-11 23:51:37.091849,0 days 00:00:14.260859,2.053283592717834e-05,0.9969392616951801,5.80095367368818e-06,0.698310291858679,,,,PRUNED
90,90,0.6998463901689708,2021-02-11 23:51:37.092068,2021-02-11 23:52:12.620676,0 days 00:00:35.528608,2.129460001036438e-05,0.9980347577788239,8.729655012178383e-06,0.7069124423963133,0.6998463901689708,,,PRUNED
91,91,0.6940092165898617,2021-02-11 23:52:12.620893,2021-02-11 23:52:26.970169,0 days 00:00:14.349276,6.896438468556686e-05,0.9974834635938161,1.798595817811494e-05,0.6940092165898617,,,,PRUNED
92,92,0.6952380952380952,2021-02-11 23:52:26.970390,2021-02-11 23:52:41.165304,0 days 00:00:14.194914,4.183543305284724e-05,0.9982877318929482,1.1450838534620528e-05,0.6952380952380952,,,,PRUNED
93,93,0.6826420890937019,2021-02-11 23:52:41.165543,2021-02-11 23:53:16.629889,0 days 00:00:35.464346,0.0002796682422171399,0.9966557276718543,0.00045589247843293244,0.6826420890937019,,,,PRUNED
94,94,0.698310291858679,2021-02-11 23:53:16.630091,2021-02-11 23:53:30.864395,0 days 00:00:14.234304,0.0005638575871205257,0.9957596807216181,2.6737627439496414e-06,0.698310291858679,,,,PRUNED
95,95,0.688479262672811,2021-02-11 23:53:30.864619,2021-02-11 23:54:06.296810,0 days 00:00:35.432191,0.004541586244494806,0.998918469121875,0.00012897462217167815,0.688479262672811,,,,PRUNED
96,96,0.6384024577572964,2021-02-11 23:54:06.297048,2021-02-11 23:58:54.429225,0 days 00:04:48.132177,0.002454045434510609,0.9952822023309212,3.109635204889581e-05,0.6384024577572964,,,,PRUNED
97,97,0.6973886328725039,2021-02-11 23:58:54.429444,2021-02-12 00:00:32.768465,0 days 00:01:38.339021,3.494304395047801e-05,0.9900984732960367,1.0076514314740869e-06,0.6973886328725039,,,,PRUNED
98,98,0.6973886328725039,2021-02-12 00:00:32.768667,2021-02-12 00:00:47.092171,0 days 00:00:14.323504,1.5574419719923758e-05,0.9989697795323675,2.7117236865210444e-05,0.6973886328725039,,,,PRUNED
99,99,0.7001536098310291,2021-02-12 00:00:47.092413,2021-02-12 00:01:01.235650,0 days 00:00:14.143237,0.00029107295133633346,0.9967325733069986,5.375216524849121e-05,0.7001536098310291,,,,PRUNED
100,100,0.7001536098310291,2021-02-12 00:01:01.235889,2021-02-12 00:01:15.396272,0 days 00:00:14.160383,0.00014037165848772157,0.9985737040279713,1.5242990013633428e-05,0.7001536098310291,,,,PRUNED
101,101,0.690937019969278,2021-02-12 00:01:15.396509,2021-02-12 00:02:54.093694,0 days 00:01:38.697185,4.271998729868074e-05,0.9925037019239281,0.0009684332009567321,0.690937019969278,,,,PRUNED
102,102,0.6903225806451613,2021-02-12 00:02:54.093899,2021-02-12 00:03:08.276583,0 days 00:00:14.182684,0.018635170352197514,0.9905460656595153,7.077690215294626e-06,0.6903225806451613,,,,PRUNED
103,103,0.6814132104454685,2021-02-12 00:03:08.276823,2021-02-12 00:04:46.566490,0 days 00:01:38.289667,1.988941892295724e-05,0.9936703318961287,0.0009901779296681943,0.7004608294930875,0.6814132104454685,,,PRUNED
104,104,0.6672811059907834,2021-02-12 00:04:46.566712,2021-02-12 00:09:34.775004,0 days 00:04:48.208292,9.007950587652177e-05,0.9917792610750139,6.199591916770346e-05,0.701689708141321,0.7081413210445469,0.6672811059907834,,PRUNED
105,105,0.695852534562212,2021-02-12 00:09:34.775232,2021-02-12 00:09:49.158221,0 days 00:00:14.382989,0.00040140992312997234,0.9989700170548503,4.232996612835717e-05,0.695852534562212,,,,PRUNED
