,number,value,datetime_start,datetime_complete,duration,params_lr,params_scheduler_gamma,params_weight_decay,system_attrs_completed_rung_0,system_attrs_completed_rung_1,system_attrs_completed_rung_2,system_attrs_completed_rung_3,state
212,212,0.6995391705069124,2021-02-12 02:29:04.311878,2021-02-12 02:29:18.615141,0 days 00:00:14.303263,0.0015633730699204705,0.9976765802055388,1.0846768014304183e-05,0.6995391705069124,,,,PRUNED
213,213,0.695852534562212,2021-02-12 02:29:18.615403,2021-02-12 02:29:53.662495,0 days 00:00:35.047092,0.0010795766042777735,0.9979190965203162,4.017836995875573e-06,0.7032258064516129,0.695852534562212,,,PRUNED
214,214,0.6930875576036867,2021-02-12 02:29:53.662768,2021-02-12 02:30:07.988464,0 days 00:00:14.325696,1.8745008868119964e-05,0.9985145873184942,1.4007679716234517e-05,0.6930875576036867,,,,PRUNED
215,215,0.6903225806451613,2021-02-12 02:30:07.988748,2021-02-12 02:30:43.349489,0 days 00:00:35.360741,1.1310577441356926e-05,0.9981063734515455,1.307792719163005e-06,0.7013824884792627,0.6903225806451613,,,PRUNED
216,216,0.6976958525345622,2021-02-12 02:30:43.349738,2021-02-12 02:30:57.741459,0 days 00:00:14.391721,3.076310743835508e-05,0.9984043999611708,1.615983707496969e-05,0.6976958525345622,,,,PRUNED
217,217,0.6970814132104455,2021-02-12 02:30:57.741744,2021-02-12 02:31:12.084214,0 days 00:00:14.342470,1.5377298723613596e-05,0.9923871502118853,2.848679886202981e-05,0.6970814132104455,,,,PRUNED
218,218,0.6970814132104455,2021-02-12 02:31:12.084481,2021-02-12 02:31:47.278675,0 days 00:00:35.194194,2.4522366127073473e-05,0.9907810416024964,2.5168383624001598e-05,0.7041474654377881,0.6970814132104455,,,PRUNED
219,219,0.6912442396313364,2021-02-12 02:31:47.278932,2021-02-12 02:37:05.137022,0 days 00:05:17.858090,0.00017215527326693342,0.9972827756869407,8.763515206632786e-06,0.6823348694316437,,,,COMPLETE
220,220,0.6869431643625192,2021-02-12 02:37:05.137723,2021-02-12 02:38:43.628217,0 days 00:01:38.490494,0.0009657363455112091,0.9905564514851583,1.4955571567810717e-05,0.6869431643625192,,,,PRUNED
221,221,0.6866359447004609,2021-02-12 02:38:43.628482,2021-02-12 02:40:22.394346,0 days 00:01:38.765864,5.401528638190658e-05,0.9983519425313825,3.5131337015937286e-05,0.7007680491551459,0.6866359447004609,,,PRUNED
222,222,0.687557603686636,2021-02-12 02:40:22.394597,2021-02-12 02:42:00.880455,0 days 00:01:38.485858,1.3248805797589713e-05,0.9915984587250914,1.9261003440136895e-05,0.7044546850998464,0.717357910906298,0.687557603686636,,PRUNED
223,223,0.6906298003072197,2021-02-12 02:42:00.880720,2021-02-12 02:42:15.114258,0 days 00:00:14.233538,1.2718234029318261e-05,0.9912932751969111,1.9444958264174512e-05,0.6906298003072197,,,,PRUNED
224,224,0.693394777265745,2021-02-12 02:42:15.114529,2021-02-12 02:42:29.343086,0 days 00:00:14.228557,2.0792556641086144e-05,0.9957395062276211,0.00038746363704559423,0.693394777265745,,,,PRUNED
225,225,0.6943164362519201,2021-02-12 02:42:29.343354,2021-02-12 02:42:43.590753,0 days 00:00:14.247399,0.00017192631387538126,0.9916321116283594,1.242716051053198e-05,0.6943164362519201,,,,PRUNED
226,226,0.7013824884792627,2021-02-12 02:42:43.591018,2021-02-12 02:43:19.030248,0 days 00:00:35.439230,1.0018586733432735e-05,0.9976428729399027,1.74563963778424e-05,0.701689708141321,0.7013824884792627,,,PRUNED
227,227,0.698310291858679,2021-02-12 02:43:19.030489,2021-02-12 02:43:33.171879,0 days 00:00:14.141390,1.7315547280524172e-05,0.9973756804002334,2.795888611132808e-06,0.698310291858679,,,,PRUNED
228,228,0.6995391705069124,2021-02-12 02:43:33.172137,2021-02-12 02:43:47.235181,0 days 00:00:14.063044,1.4055256337122837e-05,0.9917987859963077,9.11467668511304e-06,0.6995391705069124,,,,PRUNED
229,229,0.6937019969278034,2021-02-12 02:43:47.235438,2021-02-12 02:44:22.300850,0 days 00:00:35.065412,8.622851489584183e-05,0.9956833653890153,0.00021568064250626767,0.6937019969278034,,,,PRUNED
230,230,0.6955453149001536,2021-02-12 02:44:22.301119,2021-02-12 02:44:36.454536,0 days 00:00:14.153417,0.00030965087583306825,0.9987523218852157,0.0003109960268367618,0.6955453149001536,,,,PRUNED
231,231,0.6857142857142857,2021-02-12 02:44:36.454803,2021-02-12 02:49:22.207756,0 days 00:04:45.752953,1.907748437440591e-05,0.9918384401821615,0.00017001456611689253,0.7145929339477727,0.6857142857142857,,,PRUNED
232,232,0.6645161290322581,2021-02-12 02:49:22.208011,2021-02-12 02:54:08.403128,0 days 00:04:46.195117,2.396661902094489e-05,0.991401926964093,2.3932219499074185e-06,0.6645161290322581,,,,PRUNED
233,233,0.6900153609831029,2021-02-12 02:54:08.403391,2021-02-12 02:54:43.524726,0 days 00:00:35.121335,0.0007738735748347411,0.9974375806854904,2.940017530640938e-06,0.7007680491551459,0.6900153609831029,,,PRUNED
234,234,0.6955453149001536,2021-02-12 02:54:43.524980,2021-02-12 03:00:00.113432,0 days 00:05:16.588452,1.4571751808369253e-05,0.9905097320110945,0.0001280069405577101,0.698310291858679,0.7102918586789555,0.6906298003072197,,COMPLETE
235,235,0.7004608294930875,2021-02-12 03:00:00.114124,2021-02-12 03:00:35.150237,0 days 00:00:35.036113,1.6689441306711445e-05,0.992351672358474,3.800853723225614e-05,0.7010752688172043,0.7004608294930875,,,PRUNED
236,236,0.6847926267281106,2021-02-12 03:00:35.150510,2021-02-12 03:05:21.266541,0 days 00:04:46.116031,1.3860326734174521e-05,0.99043619158412,5.203658924564526e-05,0.7059907834101382,0.7130568356374808,0.6847926267281106,,PRUNED
237,237,0.6989247311827957,2021-02-12 03:05:21.266806,2021-02-12 03:05:35.477241,0 days 00:00:14.210435,1.1861606687383516e-05,0.9979223957072668,2.1913893369457175e-05,0.6989247311827957,,,,PRUNED
238,238,0.6989247311827957,2021-02-12 03:05:35.477518,2021-02-12 03:05:49.716865,0 days 00:00:14.239347,2.3014052814824915e-05,0.9982258860598849,2.9646665351039886e-05,0.6989247311827957,,,,PRUNED
239,239,0.6906298003072197,2021-02-12 03:05:49.717121,2021-02-12 03:06:24.930271,0 days 00:00:35.213150,2.715473082552604e-05,0.990945533112441,2.3550053686440994e-05,0.7019969278033794,0.6906298003072197,,,PRUNED
240,240,0.676804915514593,2021-02-12 03:06:24.930545,2021-02-12 03:08:02.755736,0 days 00:01:37.825191,3.260796370104897e-05,0.9926220673888485,1.390612061754457e-05,0.7087557603686636,0.7035330261136713,0.676804915514593,,PRUNED
241,241,0.6949308755760368,2021-02-12 03:08:02.756007,2021-02-12 03:09:40.871983,0 days 00:01:38.115976,2.7093662126336174e-05,0.9914301767432965,0.00029230085995578736,0.7069124423963133,0.6949308755760368,,,PRUNED
242,242,0.6992319508448541,2021-02-12 03:09:40.872240,2021-02-12 03:09:55.093078,0 days 00:00:14.220838,0.0010590315301018146,0.9968543476191659,2.1402314582681e-06,0.6992319508448541,,,,PRUNED
243,243,0.6915514592933948,2021-02-12 03:09:55.093356,2021-02-12 03:11:33.028803,0 days 00:01:37.935447,5.6274465201349004e-05,0.9927800585434554,4.241773013174999e-06,0.6915514592933948,,,,PRUNED
244,244,0.6973886328725039,2021-02-12 03:11:33.029075,2021-02-12 03:11:47.185574,0 days 00:00:14.156499,0.0006387957607291511,0.9970375830515725,3.813660709042154e-06,0.6973886328725039,,,,PRUNED
245,245,0.7007680491551459,2021-02-12 03:11:47.185840,2021-02-12 03:12:22.345424,0 days 00:00:35.159584,0.0008264107703697443,0.9975903488638542,3.1389193063195865e-06,0.7010752688172043,0.7007680491551459,,,PRUNED
246,246,0.6952380952380952,2021-02-12 03:12:22.345678,2021-02-12 03:12:57.513054,0 days 00:00:35.167376,1.9226396828504313e-05,0.993843976654229,4.6134843070169194e-05,0.7001536098310291,0.6952380952380952,,,PRUNED
247,247,0.6764976958525346,2021-02-12 03:12:57.513328,2021-02-12 03:14:35.634075,0 days 00:01:38.120747,4.5096683874352875e-05,0.9907565673467844,8.871218272972676e-05,0.7035330261136713,0.6764976958525346,,,PRUNED
248,248,0.6964669738863287,2021-02-12 03:14:35.634349,2021-02-12 03:14:49.859282,0 days 00:00:14.224933,0.0009551043924450372,0.9980184261090906,1.1273874992061686e-05,0.6964669738863287,,,,PRUNED
249,249,0.6961597542242703,2021-02-12 03:14:49.859555,2021-02-12 03:15:24.992069,0 days 00:00:35.132514,0.0005592185033904461,0.9904266569093522,1.5726601742908243e-05,0.7023041474654378,0.6961597542242703,,,PRUNED
250,250,0.7336405529953917,2021-02-12 03:15:24.992332,2021-02-12 03:20:40.625867,0 days 00:05:15.633535,2.457446539462113e-05,0.9944311696742923,1.361264614162344e-06,0.723195084485407,0.7253456221198157,,,COMPLETE
251,251,0.6949308755760368,2021-02-12 03:20:40.626555,2021-02-12 03:21:15.727865,0 days 00:00:35.101310,0.0012522645226896796,0.9978521121892711,8.955801655435138e-05,0.7010752688172043,0.6949308755760368,,,PRUNED
252,252,0.6995391705069124,2021-02-12 03:21:15.728140,2021-02-12 03:22:53.539141,0 days 00:01:37.811001,1.4353850624275921e-05,0.9922497071072448,0.0001382486469768249,0.7007680491551459,0.6995391705069124,,,PRUNED
253,253,0.6998463901689708,2021-02-12 03:22:53.539399,2021-02-12 03:23:28.715123,0 days 00:00:35.175724,0.00025119630151267407,0.9932228750517098,4.604063290836793e-06,0.7038402457757297,0.6998463901689708,,,PRUNED
254,254,0.695852534562212,2021-02-12 03:23:28.715400,2021-02-12 03:23:42.828672,0 days 00:00:14.113272,1.4314578809899802e-05,0.9950599796502856,6.555760168319113e-06,0.695852534562212,,,,PRUNED
255,255,0.6967741935483871,2021-02-12 03:23:42.828954,2021-02-12 03:24:18.099842,0 days 00:00:35.270888,0.0009272544642168046,0.9943691717075736,3.423486115372266e-05,0.7035330261136713,0.6967741935483871,,,PRUNED
256,256,0.6937019969278034,2021-02-12 03:24:18.100128,2021-02-12 03:24:53.224472,0 days 00:00:35.124344,2.0967952194632208e-05,0.9972754582052258,1.9184650791073244e-05,0.701689708141321,0.6937019969278034,,,PRUNED
257,257,0.6992319508448541,2021-02-12 03:24:53.224733,2021-02-12 03:25:07.392461,0 days 00:00:14.167728,4.963896119420326e-05,0.9974917597105262,2.3879057519644858e-06,0.6992319508448541,,,,PRUNED
258,258,0.6946236559139785,2021-02-12 03:25:07.392748,2021-02-12 03:25:42.417515,0 days 00:00:35.024767,0.00011472875169274087,0.9960309297310066,7.217397351605969e-05,0.6946236559139785,,,,PRUNED
259,259,0.7032258064516129,2021-02-12 03:25:42.417807,2021-02-12 03:30:57.510437,0 days 00:05:15.092630,2.2721402845936793e-05,0.9956528266335853,1.0638555775405838e-06,0.7096774193548387,0.7102918586789555,,,COMPLETE
260,260,0.685099846390169,2021-02-12 03:30:57.511142,2021-02-12 03:31:32.574901,0 days 00:00:35.063759,0.01889489578087328,0.9913612724288542,0.00010899111741978631,0.685099846390169,,,,PRUNED
261,261,0.6906298003072197,2021-02-12 03:31:32.575164,2021-02-12 03:31:46.622852,0 days 00:00:14.047688,4.048130666860018e-05,0.9984066890058392,8.05640793409616e-06,0.6906298003072197,,,,PRUNED
262,262,0.6964669738863287,2021-02-12 03:31:46.623134,2021-02-12 03:37:02.351376,0 days 00:05:15.728242,1.018997672947233e-05,0.9981815841120956,2.6552499747489657e-05,0.7013824884792627,0.706605222734255,0.6940092165898617,0.6921658986175115,COMPLETE
263,263,0.6940092165898617,2021-02-12 03:37:02.352103,2021-02-12 03:37:37.568599,0 days 00:00:35.216496,1.8787702086336972e-05,0.9900003024780687,0.00037263388904283,0.6940092165898617,,,,PRUNED
264,264,0.6970814132104455,2021-02-12 03:37:37.568903,2021-02-12 03:38:12.803445,0 days 00:00:35.234542,6.999586990045028e-05,0.9947318068701027,0.0005823442369001968,0.6970814132104455,,,,PRUNED
265,265,0.6894009216589861,2021-02-12 03:38:12.803710,2021-02-12 03:38:47.862708,0 days 00:00:35.058998,0.0002525686256161119,0.9904233758386385,0.00016591242194701874,0.6894009216589861,,,,PRUNED
266,266,0.6912442396313364,2021-02-12 03:38:47.862989,2021-02-12 03:39:23.127557,0 days 00:00:35.264568,1.0547893876438576e-05,0.992783210783597,1.0804420170333042e-06,0.6912442396313364,,,,PRUNED
267,267,0.6976958525345622,2021-02-12 03:39:23.127841,2021-02-12 03:39:58.254242,0 days 00:00:35.126401,3.4173729178994054e-05,0.9967301375318699,0.0001318031849550543,0.6976958525345622,,,,PRUNED
268,268,0.7007680491551459,2021-02-12 03:39:58.254527,2021-02-12 03:45:14.311662,0 days 00:05:16.057135,8.919314433007935e-05,0.9939737505689862,8.998877029538268e-06,0.6937019969278034,,,,COMPLETE
269,269,0.685099846390169,2021-02-12 03:45:14.312356,2021-02-12 03:46:51.910713,0 days 00:01:37.598357,1.1235423769170477e-05,0.9981891660497424,2.9931322398136943e-05,0.7041474654377881,0.7053763440860215,0.685099846390169,,PRUNED
270,270,0.695852534562212,2021-02-12 03:46:51.910998,2021-02-12 03:47:27.285215,0 days 00:00:35.374217,1.0029257811493072e-05,0.9982506302443171,2.7871198512636977e-05,0.7050691244239631,0.695852534562212,,,PRUNED
271,271,0.6675883256528418,2021-02-12 03:47:27.285485,2021-02-12 03:49:05.122810,0 days 00:01:37.837325,0.019980444200360284,0.9943856204400434,2.4945444275341245e-06,0.6675883256528418,,,,PRUNED
272,272,0.6924731182795699,2021-02-12 03:49:05.123095,2021-02-12 03:50:43.023296,0 days 00:01:37.900201,1.123327244980598e-05,0.9985708146593204,2.3082940227329242e-05,0.7032258064516129,0.7099846390168971,0.6924731182795699,,PRUNED
273,273,0.6949308755760368,2021-02-12 03:50:43.023563,2021-02-12 03:50:57.190480,0 days 00:00:14.166917,1.1001542426857783e-05,0.9986282574624201,2.3746717542701955e-05,0.6949308755760368,,,,PRUNED
274,274,0.6961597542242703,2021-02-12 03:50:57.190780,2021-02-12 03:51:32.244992,0 days 00:00:35.054212,1.009560979240674e-05,0.9989597398254826,2.0635285306667483e-05,0.7026113671274962,0.6961597542242703,,,PRUNED
275,275,0.7010752688172043,2021-02-12 03:51:32.245283,2021-02-12 03:52:07.254944,0 days 00:00:35.009661,1.2542310439488956e-05,0.9984102254063075,3.5896572915314e-05,0.701689708141321,0.7010752688172043,,,PRUNED
276,276,0.6940092165898617,2021-02-12 03:52:07.255252,2021-02-12 03:52:42.266872,0 days 00:00:35.011620,1.3862295369778055e-05,0.9981097339329871,2.5405233921660042e-05,0.7019969278033794,0.6940092165898617,,,PRUNED
277,277,0.6976958525345622,2021-02-12 03:52:42.267176,2021-02-12 03:53:17.291641,0 days 00:00:35.024465,0.0003502637766595392,0.9985638570082993,1.7406119640925028e-05,0.7013824884792627,0.6976958525345622,,,PRUNED
278,278,0.6792626728110599,2021-02-12 03:53:17.291931,2021-02-12 03:53:31.375937,0 days 00:00:14.084006,1.6754236814217642e-05,0.9987914865730132,4.2081489495119886e-05,0.6792626728110599,,,,PRUNED
279,279,0.695852534562212,2021-02-12 03:53:31.376245,2021-02-12 03:53:45.569023,0 days 00:00:14.192778,1.1685085390152081e-05,0.9977970726851326,1.451961802179495e-05,0.695852534562212,,,,PRUNED
280,280,0.7050691244239631,2021-02-12 03:53:45.569297,2021-02-12 03:55:23.481041,0 days 00:01:37.911744,1.4666148820221688e-05,0.990438465130913,5.023927906875194e-05,0.7050691244239631,0.7050691244239631,,,PRUNED
281,281,0.6995391705069124,2021-02-12 03:55:23.481332,2021-02-12 03:55:58.603238,0 days 00:00:35.121906,0.0007431572915291149,0.9981635674326121,1.030708468068693e-05,0.7019969278033794,0.6995391705069124,,,PRUNED
282,282,0.688479262672811,2021-02-12 03:55:58.603538,2021-02-12 04:00:45.168873,0 days 00:04:46.565335,1.5428707487898265e-05,0.9983370931692306,3.0668910390217014e-05,0.7023041474654378,0.7062980030721966,0.6992319508448541,0.688479262672811,PRUNED
283,283,0.6964669738863287,2021-02-12 04:00:45.169169,2021-02-12 04:00:59.308530,0 days 00:00:14.139361,1.4912317539686518e-05,0.9983461755012722,3.2021133839479264e-05,0.6964669738863287,,,,PRUNED
284,284,0.6863287250384025,2021-02-12 04:00:59.308835,2021-02-12 04:02:37.355895,0 days 00:01:38.047060,2.5086056213252796e-05,0.998009781779455,5.24633360128871e-05,0.7078341013824885,0.7029185867895545,0.6863287250384025,,PRUNED
285,285,0.6863287250384025,2021-02-12 04:02:37.356192,2021-02-12 04:07:24.220669,0 days 00:04:46.864477,3.0943252614816264e-05,0.9980211729315354,6.104862572110392e-05,0.7023041474654378,0.7038402457757297,0.6943164362519201,0.6863287250384025,PRUNED
286,286,0.6949308755760368,2021-02-12 04:07:24.220943,2021-02-12 04:07:38.401588,0 days 00:00:14.180645,2.6783525316219036e-05,0.9980362464346338,5.9275217898204706e-05,0.6949308755760368,,,,PRUNED
287,287,0.7026113671274962,2021-02-12 04:07:38.401877,2021-02-12 04:09:16.201140,0 days 00:01:37.799263,2.4534624797928163e-05,0.9953850543438721,5.5872829390442586e-05,0.7044546850998464,0.7026113671274962,,,PRUNED
288,288,0.6946236559139785,2021-02-12 04:09:16.201432,2021-02-12 04:09:51.359725,0 days 00:00:35.158293,3.832380771328255e-05,0.9906222811773336,3.0995811133909386e-05,0.6946236559139785,,,,PRUNED
289,289,0.6712749615975423,2021-02-12 04:09:51.360011,2021-02-12 04:14:38.031822,0 days 00:04:46.671811,0.00016463218790367098,0.9902055140345403,4.230621164350093e-05,0.7069124423963133,0.7059907834101382,0.6712749615975423,,PRUNED
290,290,0.6976958525345622,2021-02-12 04:14:38.032105,2021-02-12 04:14:52.228851,0 days 00:00:14.196746,1.9416905029534132e-05,0.9985768642191984,4.718912093765462e-05,0.6976958525345622,,,,PRUNED
291,291,0.6946236559139785,2021-02-12 04:14:52.229144,2021-02-12 04:15:27.188886,0 days 00:00:34.959742,2.885171166024511e-05,0.9982614873304856,5.100625406596542e-05,0.7013824884792627,0.6946236559139785,,,PRUNED
292,292,0.690937019969278,2021-02-12 04:15:27.189183,2021-02-12 04:16:02.144853,0 days 00:00:34.955670,1.203044641258204e-05,0.9911497113577592,7.064747178535138e-05,0.690937019969278,,,,PRUNED
293,293,0.6565284178187404,2021-02-12 04:16:02.145144,2021-02-12 04:20:48.506912,0 days 00:04:46.361768,0.0003288455495180507,0.9936432978643094,1.0910866627030003e-05,0.6565284178187404,,,,PRUNED
294,294,0.6626728110599078,2021-02-12 04:20:48.507206,2021-02-12 04:25:34.103399,0 days 00:04:45.596193,3.4946254369147945e-05,0.9979832433555872,3.0054190335998265e-05,0.7053763440860215,0.7019969278033794,0.6989247311827957,0.6626728110599078,PRUNED
295,295,0.6854070660522273,2021-02-12 04:25:34.103691,2021-02-12 04:27:12.506594,0 days 00:01:38.402903,2.3274896862781762e-05,0.9979815608822411,3.935153663291125e-05,0.7038402457757297,0.7112135176651305,0.6854070660522273,,PRUNED
296,296,0.6433179723502304,2021-02-12 04:27:12.506891,2021-02-12 04:31:59.082075,0 days 00:04:46.575184,1.7892805530379766e-05,0.9920803637130728,9.188261471632155e-05,0.7013824884792627,0.7127496159754224,0.6433179723502304,,PRUNED
297,297,0.6700460829493088,2021-02-12 04:31:59.082358,2021-02-12 04:37:13.828182,0 days 00:05:14.745824,0.00010845941856450593,0.9952435126090139,1.6566011323469974e-05,0.687557603686636,,,,COMPLETE
298,298,0.6565284178187404,2021-02-12 04:37:13.828904,2021-02-12 04:38:51.527717,0 days 00:01:37.698813,1.0002372470748323e-05,0.995927535052978,1.0124513193881674e-06,0.6565284178187404,,,,PRUNED
299,299,0.6937019969278034,2021-02-12 04:38:51.528014,2021-02-12 04:39:05.875841,0 days 00:00:14.347827,3.416998858730397e-05,0.9979493064837631,6.741630855751051e-05,0.6937019969278034,,,,PRUNED
300,300,0.6740399385560676,2021-02-12 04:39:05.876107,2021-02-12 04:40:43.962235,0 days 00:01:38.086128,2.315983238007365e-05,0.9977548214715878,3.7980581937871615e-05,0.7035330261136713,0.7053763440860215,0.6740399385560676,,PRUNED
301,301,0.685099846390169,2021-02-12 04:40:43.962554,2021-02-12 04:45:30.451443,0 days 00:04:46.488889,1.841762482417129e-05,0.9960112576783272,1.2977110351358209e-06,0.7056835637480798,0.685099846390169,,,PRUNED
302,302,0.6973886328725039,2021-02-12 04:45:30.451708,2021-02-12 04:45:44.594709,0 days 00:00:14.143001,4.4523219894150306e-05,0.9984115880033605,5.0817842179145146e-05,0.6973886328725039,,,,PRUNED
303,303,0.6961597542242703,2021-02-12 04:45:44.594998,2021-02-12 04:45:58.696288,0 days 00:00:14.101290,2.4329413315717782e-05,0.9980108920155742,4.415040488220445e-05,0.6961597542242703,,,,PRUNED
304,304,0.698310291858679,2021-02-12 04:45:58.696588,2021-02-12 04:46:12.792044,0 days 00:00:14.095456,3.6819227716087924e-05,0.9981778472886869,3.2274950688623734e-05,0.698310291858679,,,,PRUNED
305,305,0.6761904761904762,2021-02-12 04:46:12.792346,2021-02-12 04:47:50.267436,0 days 00:01:37.475090,2.7027615648072304e-05,0.9967827265375325,3.3366717347714076e-06,0.6761904761904762,,,,PRUNED
306,306,0.7004608294930875,2021-02-12 04:47:50.267735,2021-02-12 04:48:25.314869,0 days 00:00:35.047134,2.9886696688716142e-05,0.9977847845255664,5.7841123995423925e-05,0.7007680491551459,0.7004608294930875,,,PRUNED
307,307,0.6976958525345622,2021-02-12 04:48:25.315188,2021-02-12 04:48:39.497606,0 days 00:00:14.182418,1.8558842122974108e-05,0.9988241578313847,2.8982779498928907e-05,0.6976958525345622,,,,PRUNED
308,308,0.6866359447004609,2021-02-12 04:48:39.497891,2021-02-12 04:50:17.174681,0 days 00:01:37.676790,9.703255048025666e-05,0.995113941350557,0.00023517338401208768,0.7004608294930875,0.6866359447004609,,,PRUNED
309,309,0.6946236559139785,2021-02-12 04:50:17.174975,2021-02-12 04:50:31.267111,0 days 00:00:14.092136,3.2200851488264775e-05,0.9986166669571178,4.0103331388749e-05,0.6946236559139785,,,,PRUNED
310,310,0.6912442396313364,2021-02-12 04:50:31.267412,2021-02-12 04:51:06.351339,0 days 00:00:35.083927,2.2460646355763527e-05,0.998235348389205,2.217548551887881e-05,0.7023041474654378,0.6912442396313364,,,PRUNED
311,311,0.6811059907834102,2021-02-12 04:51:06.351663,2021-02-12 04:56:21.870446,0 days 00:05:15.518783,2.598824433762939e-05,0.9979664423490157,1.2677818147375518e-05,0.7081413210445469,0.7087557603686636,0.7115207373271889,0.6937019969278034,COMPLETE
312,312,0.6980030721966206,2021-02-12 04:56:21.871179,2021-02-12 04:56:36.010701,0 days 00:00:14.139522,2.5546136699730432e-05,0.9979443101352387,1.1743857986504273e-05,0.6980030721966206,,,,PRUNED
313,313,0.6826420890937019,2021-02-12 04:56:36.011001,2021-02-12 05:01:21.739547,0 days 00:04:45.728546,4.004276540934264e-05,0.9980472959405183,1.244072481915032e-05,0.7010752688172043,0.7084485407066052,0.7164362519201228,0.6826420890937019,PRUNED
314,314,0.6912442396313364,2021-02-12 05:01:21.739832,2021-02-12 05:01:57.019002,0 days 00:00:35.279170,0.0034280825091182426,0.9942400091504932,2.1306710227669976e-05,0.6912442396313364,,,,PRUNED
