,number,value,datetime_start,datetime_complete,duration,params_lr,params_scheduler_gamma,params_weight_decay,system_attrs_completed_rung_0,system_attrs_completed_rung_1,system_attrs_completed_rung_2,system_attrs_completed_rung_3,state
315,315,0.6814132104454685,2021-02-12 05:01:57.019287,2021-02-12 05:03:34.515802,0 days 00:01:37.496515,1.310069161114659e-05,0.9955228294704606,1.4988886120484007e-06,0.6814132104454685,,,,PRUNED
316,316,0.7007680491551459,2021-02-12 05:03:34.516100,2021-02-12 05:03:48.704608,0 days 00:00:14.188508,3.8870948930923225e-05,0.9984530583009799,1.317743356522357e-05,0.7007680491551459,,,,PRUNED
317,317,0.6930875576036867,2021-02-12 05:03:48.704898,2021-02-12 05:04:02.855809,0 days 00:00:14.150911,2.8074794815426314e-05,0.9980291599421394,7.44211351610064e-05,0.6930875576036867,,,,PRUNED
318,318,0.6924731182795699,2021-02-12 05:04:02.856101,2021-02-12 05:04:38.018512,0 days 00:00:35.162411,5.785519176553716e-05,0.9976125834232356,1.5929731907473152e-05,0.7038402457757297,0.6924731182795699,,,PRUNED
319,319,0.6860215053763441,2021-02-12 05:04:38.018805,2021-02-12 05:06:15.921732,0 days 00:01:37.902927,6.253474797118021e-05,0.9961092292707991,0.00014452007882852344,0.7004608294930875,0.6860215053763441,,,PRUNED
320,320,0.6970814132104455,2021-02-12 05:06:15.922061,2021-02-12 05:06:51.089563,0 days 00:00:35.167502,0.0006140214513383443,0.9937978086073149,8.287425225187456e-05,0.6970814132104455,,,,PRUNED
321,321,0.693394777265745,2021-02-12 05:06:51.089855,2021-02-12 05:08:29.087820,0 days 00:01:37.997965,0.00018265108923461046,0.9904247205328092,4.0616770580815986e-05,0.6995391705069124,0.693394777265745,,,PRUNED
322,322,0.6930875576036867,2021-02-12 05:08:29.088095,2021-02-12 05:08:43.159576,0 days 00:00:14.071481,3.3271806264955645e-05,0.9946585597406824,0.00014340192157526077,0.6930875576036867,,,,PRUNED
323,323,0.6995391705069124,2021-02-12 05:08:43.159897,2021-02-12 05:08:57.261961,0 days 00:00:14.102064,2.1933251733787757e-05,0.9989959910728657,1.929529100458587e-05,0.6995391705069124,,,,PRUNED
324,324,0.6995391705069124,2021-02-12 05:08:57.262255,2021-02-12 05:09:32.286766,0 days 00:00:35.024511,4.96425858518673e-05,0.9983436458622069,9.818187025535351e-06,0.7013824884792627,0.6995391705069124,,,PRUNED
325,325,0.6755760368663595,2021-02-12 05:09:32.287058,2021-02-12 05:14:49.009407,0 days 00:05:16.722349,6.760521021533016e-05,0.9968570972296587,0.00028130991512537444,0.6903225806451613,,,,COMPLETE
326,326,0.6857142857142857,2021-02-12 05:14:49.010126,2021-02-12 05:19:34.557693,0 days 00:04:45.547567,2.3029616721566728e-05,0.992063354393116,4.655514944736377e-06,0.6857142857142857,,,,PRUNED
327,327,0.6921658986175115,2021-02-12 05:19:34.557980,2021-02-12 05:20:09.698657,0 days 00:00:35.140677,0.00020507845182350968,0.9901987928309195,5.1471377753022536e-05,0.6921658986175115,,,,PRUNED
328,328,0.693394777265745,2021-02-12 05:20:09.698964,2021-02-12 05:20:44.919440,0 days 00:00:35.220476,0.0003056924288264511,0.9909102609614838,2.577226165755312e-05,0.693394777265745,,,,PRUNED
329,329,0.6866359447004609,2021-02-12 05:20:44.919729,2021-02-12 05:25:31.684296,0 days 00:04:46.764567,4.1315553147878325e-05,0.9977999107658567,2.6511247655280656e-05,0.7013824884792627,0.701689708141321,0.7127496159754224,0.6866359447004609,PRUNED
330,330,0.6986175115207374,2021-02-12 05:25:31.684608,2021-02-12 05:26:06.707166,0 days 00:00:35.022558,0.00012740091208950424,0.9902701281288047,6.351620835983354e-05,0.6986175115207374,,,,PRUNED
331,331,0.6992319508448541,2021-02-12 05:26:06.707502,2021-02-12 05:26:20.913813,0 days 00:00:14.206311,4.0864327569099755e-05,0.9977501808428323,2.559966936444507e-05,0.6992319508448541,,,,PRUNED
332,332,0.6728110599078341,2021-02-12 05:26:20.914119,2021-02-12 05:31:37.272017,0 days 00:05:16.357898,8.332487271692765e-05,0.9917731221253967,0.0001084959382466505,0.7075268817204301,0.7238095238095238,0.6869431643625192,,COMPLETE
333,333,0.6980030721966206,2021-02-12 05:31:37.272738,2021-02-12 05:32:12.379216,0 days 00:00:35.106478,2.6645978717452904e-05,0.9978705156991613,2.5444714637421203e-05,0.7019969278033794,0.6980030721966206,,,PRUNED
334,334,0.6546850998463901,2021-02-12 05:32:12.379536,2021-02-12 05:36:59.316845,0 days 00:04:46.937309,0.0002539176164933217,0.9936796985360322,1.8935197395905087e-06,0.6546850998463901,,,,PRUNED
335,335,0.6943164362519201,2021-02-12 05:36:59.317147,2021-02-12 05:37:13.460751,0 days 00:00:14.143604,2.9962467277459617e-05,0.998074698858514,3.5019302037029926e-05,0.6943164362519201,,,,PRUNED
336,336,0.6574500768049155,2021-02-12 05:37:13.461059,2021-02-12 05:42:00.507704,0 days 00:04:47.046645,6.9462992438355e-05,0.9949867118734285,6.4914954454592646e-06,0.6574500768049155,,,,PRUNED
337,337,0.5993855606758832,2021-02-12 05:42:00.507982,2021-02-12 05:46:46.106666,0 days 00:04:45.598684,0.000638855611384401,0.99217376506383,1.566996325875781e-05,0.5993855606758832,,,,PRUNED
338,338,0.6614439324116743,2021-02-12 05:46:46.106962,2021-02-12 05:51:31.553130,0 days 00:04:45.446168,7.950064798708648e-05,0.9921892786729709,0.000106972081313985,0.7026113671274962,0.7145929339477727,0.6614439324116743,,PRUNED
339,339,0.6903225806451613,2021-02-12 05:51:31.553422,2021-02-12 05:52:06.476236,0 days 00:00:34.922814,6.558795055843556e-05,0.9916241217965943,0.0001895608880118665,0.6903225806451613,,,,PRUNED
340,340,0.6976958525345622,2021-02-12 05:52:06.476530,2021-02-12 05:52:41.606760,0 days 00:00:35.130230,3.3302106134286615e-05,0.9926978809965797,7.835092942632667e-05,0.6976958525345622,,,,PRUNED
341,341,0.7004608294930875,2021-02-12 05:52:41.607064,2021-02-12 05:54:19.760926,0 days 00:01:38.153862,3.3760089293842294e-05,0.9944418006011012,6.122700840683775e-06,0.7004608294930875,,,,PRUNED
342,342,0.7035330261136713,2021-02-12 05:54:19.761201,2021-02-12 05:55:57.308654,0 days 00:01:37.547453,4.260207343304641e-05,0.991909574494591,0.00013025726198834323,0.701689708141321,0.7035330261136713,,,PRUNED
343,343,0.674347158218126,2021-02-12 05:55:57.308983,2021-02-12 06:00:43.012918,0 days 00:04:45.703935,2.382206321547965e-05,0.9906624862822098,2.436933845503594e-06,0.674347158218126,,,,PRUNED
344,344,0.6817204301075269,2021-02-12 06:00:43.013216,2021-02-12 06:02:20.667685,0 days 00:01:37.654469,0.00010430168099453732,0.9912872302062627,0.00010782291668806217,0.7032258064516129,0.6817204301075269,,,PRUNED
345,345,0.6986175115207374,2021-02-12 06:02:20.667997,2021-02-12 06:02:34.855502,0 days 00:00:14.187505,4.113234752396815e-05,0.9978848247148604,1.3812399667079777e-05,0.6986175115207374,,,,PRUNED
346,346,0.6943164362519201,2021-02-12 06:02:34.855842,2021-02-12 06:02:49.171460,0 days 00:00:14.315618,3.549892706176779e-05,0.9980901970676217,1.7401432451851657e-05,0.6943164362519201,,,,PRUNED
347,347,0.6897081413210445,2021-02-12 06:02:49.171752,2021-02-12 06:04:27.341499,0 days 00:01:38.169747,2.0136009593994827e-05,0.998707555499234,2.2863426918614797e-05,0.7010752688172043,0.7032258064516129,0.6897081413210445,,PRUNED
348,348,0.7004608294930875,2021-02-12 06:04:27.341819,2021-02-12 06:04:41.537287,0 days 00:00:14.195468,1.832134162914207e-05,0.9987657205349257,2.056606253742688e-05,0.7004608294930875,,,,PRUNED
349,349,0.6986175115207374,2021-02-12 06:04:41.537599,2021-02-12 06:04:55.686457,0 days 00:00:14.148858,1.5581270397425132e-05,0.998573676808601,2.3114540076876663e-05,0.6986175115207374,,,,PRUNED
350,350,0.6937019969278034,2021-02-12 06:04:55.686775,2021-02-12 06:05:30.639223,0 days 00:00:34.952448,6.437710298008156e-05,0.9982982996490712,0.00046124591706364263,0.7019969278033794,0.6937019969278034,,,PRUNED
351,351,0.6890937019969278,2021-02-12 06:05:30.639535,2021-02-12 06:05:44.786953,0 days 00:00:14.147418,2.034252063845125e-05,0.998999996228674,0.0007633259567569841,0.6890937019969278,,,,PRUNED
352,352,0.7010752688172043,2021-02-12 06:05:44.787288,2021-02-12 06:07:23.062935,0 days 00:01:38.275647,0.0001540750675641154,0.9900012255462016,4.230196525149568e-05,0.701689708141321,0.7010752688172043,,,PRUNED
353,353,0.693394777265745,2021-02-12 06:07:23.063256,2021-02-12 06:07:37.225624,0 days 00:00:14.162368,4.750479601807224e-05,0.9986808306309971,2.763470650801313e-05,0.693394777265745,,,,PRUNED
354,354,0.6986175115207374,2021-02-12 06:07:37.225935,2021-02-12 06:09:14.906930,0 days 00:01:37.680995,1.726093461494647e-05,0.9978863545645519,2.631402073099725e-06,0.6986175115207374,,,,PRUNED
355,355,0.6980030721966206,2021-02-12 06:09:14.907244,2021-02-12 06:09:29.093259,0 days 00:00:14.186015,2.5496640842439544e-05,0.9975612742893105,3.221253872973325e-05,0.6980030721966206,,,,PRUNED
356,356,0.6811059907834102,2021-02-12 06:09:29.093578,2021-02-12 06:11:06.726836,0 days 00:01:37.633258,0.0003726672183175882,0.9940940951018187,1.0494970053147783e-06,0.6811059907834102,,,,PRUNED
357,357,0.6992319508448541,2021-02-12 06:11:06.727168,2021-02-12 06:11:20.764974,0 days 00:00:14.037806,2.3159501240704477e-05,0.998407399730214,1.5383352756743383e-05,0.6992319508448541,,,,PRUNED
358,358,0.6949308755760368,2021-02-12 06:11:20.765292,2021-02-12 06:11:55.615658,0 days 00:00:34.850366,5.045605966888909e-05,0.9908986338270245,6.4709383756888e-05,0.6949308755760368,,,,PRUNED
359,359,0.647926267281106,2021-02-12 06:11:55.615977,2021-02-12 06:16:42.264777,0 days 00:04:46.648800,3.021242138161163e-05,0.998127791442589,4.07831760911668e-05,0.7019969278033794,0.7056835637480798,0.6946236559139785,0.647926267281106,PRUNED
360,360,0.6823348694316437,2021-02-12 06:16:42.265070,2021-02-12 06:21:28.110710,0 days 00:04:45.845640,3.245651916095995e-05,0.9982132707136154,1.2476261466871277e-05,0.7032258064516129,0.7053763440860215,0.6946236559139785,0.6823348694316437,PRUNED
361,361,0.6973886328725039,2021-02-12 06:21:28.111006,2021-02-12 06:22:03.323542,0 days 00:00:35.212536,0.0001302900028025156,0.9915725729192059,3.480969454088027e-05,0.6973886328725039,,,,PRUNED
362,362,0.6992319508448541,2021-02-12 06:22:03.323878,2021-02-12 06:22:17.418390,0 days 00:00:14.094512,3.340857213467398e-05,0.9985323241302595,1.173902590665735e-05,0.6992319508448541,,,,PRUNED
363,363,0.7078341013824885,2021-02-12 06:22:17.418726,2021-02-12 06:27:32.852367,0 days 00:05:15.433641,1.0348156479304278e-05,0.9945550728239759,1.637292619560777e-05,0.6973886328725039,,,,COMPLETE
364,364,0.6814132104454685,2021-02-12 06:27:32.853096,2021-02-12 06:29:11.001030,0 days 00:01:38.147934,0.00012282981363509178,0.9949680079369358,1.456401388076389e-06,0.6814132104454685,,,,PRUNED
365,365,0.6887864823348694,2021-02-12 06:29:11.001334,2021-02-12 06:29:46.016633,0 days 00:00:35.015299,3.0105523704502725e-05,0.9981748232697657,1.3078350827212012e-05,0.7010752688172043,0.6887864823348694,,,PRUNED
366,366,0.6998463901689708,2021-02-12 06:29:46.016954,2021-02-12 06:30:00.162350,0 days 00:00:14.145396,3.790658564026037e-05,0.9983468003145335,1.0081215209726923e-05,0.6998463901689708,,,,PRUNED
367,367,0.6998463901689708,2021-02-12 06:30:00.162679,2021-02-12 06:30:14.391277,0 days 00:00:14.228598,0.0026657151105971394,0.9981964350627556,2.047156243389296e-05,0.6998463901689708,,,,PRUNED
368,368,0.7004608294930875,2021-02-12 06:30:14.391605,2021-02-12 06:30:49.497626,0 days 00:00:35.106021,3.319318015161394e-05,0.9985150771167859,1.7582965591865016e-05,0.7019969278033794,0.7004608294930875,,,PRUNED
369,369,0.698310291858679,2021-02-12 06:30:49.497952,2021-02-12 06:31:24.568697,0 days 00:00:35.070745,5.762851684966902e-05,0.9906095903702106,4.8989413753740885e-05,0.698310291858679,,,,PRUNED
370,370,0.6691244239631337,2021-02-12 06:31:24.569031,2021-02-12 06:33:02.614810,0 days 00:01:38.045779,7.843052352619255e-05,0.993244030522373,1.5983381965337217e-05,0.7032258064516129,0.6691244239631337,,,PRUNED
371,371,0.695852534562212,2021-02-12 06:33:02.615138,2021-02-12 06:33:16.815054,0 days 00:00:14.199916,4.44830364082971e-05,0.9978586743656748,1.173921957568501e-05,0.695852534562212,,,,PRUNED
372,372,0.6869431643625192,2021-02-12 06:33:16.815378,2021-02-12 06:33:51.965422,0 days 00:00:35.150044,9.4772436922792e-05,0.9957351622452072,9.098645122862498e-05,0.6869431643625192,,,,PRUNED
373,373,0.6921658986175115,2021-02-12 06:33:51.965765,2021-02-12 06:34:27.175021,0 days 00:00:35.209256,2.2712563746669635e-05,0.9924609172172452,0.00016087412294101328,0.6921658986175115,,,,PRUNED
374,374,0.6955453149001536,2021-02-12 06:34:27.175347,2021-02-12 06:34:41.469421,0 days 00:00:14.294074,2.7508676983681473e-05,0.998079341974313,2.7195330935537667e-05,0.6955453149001536,,,,PRUNED
375,375,0.6537634408602151,2021-02-12 06:34:41.469733,2021-02-12 06:39:27.548124,0 days 00:04:46.078391,5.370185408148511e-05,0.9906071078971388,3.0272493150170735e-06,0.7284178187403993,0.6537634408602151,,,PRUNED
376,376,0.669431643625192,2021-02-12 06:39:27.548430,2021-02-12 06:44:14.165975,0 days 00:04:46.617545,1.3123697844888203e-05,0.9946582999103705,1.7122526282716313e-05,0.669431643625192,,,,PRUNED
377,377,0.6927803379416283,2021-02-12 06:44:14.166282,2021-02-12 06:44:28.367487,0 days 00:00:14.201205,1.988012889108375e-05,0.9976956070056336,1.503920337708812e-05,0.6927803379416283,,,,PRUNED
378,378,0.6890937019969278,2021-02-12 06:44:28.367797,2021-02-12 06:45:03.442796,0 days 00:00:35.074999,1.7343388048249688e-05,0.9982817760855978,2.2301198812333887e-05,0.7038402457757297,0.6890937019969278,,,PRUNED
379,379,0.6943164362519201,2021-02-12 06:45:03.443122,2021-02-12 06:45:17.526209,0 days 00:00:14.083087,3.656499406784732e-05,0.9988166292532754,3.388394474729151e-05,0.6943164362519201,,,,PRUNED
380,380,0.6973886328725039,2021-02-12 06:45:17.526533,2021-02-12 06:45:52.412046,0 days 00:00:34.885513,0.00015657655044677883,0.993487064609736,0.0002728611390986539,0.6973886328725039,,,,PRUNED
381,381,0.6921658986175115,2021-02-12 06:45:52.412387,2021-02-12 06:46:27.443746,0 days 00:00:35.031359,0.00023518945504876385,0.991741139531607,0.00011939650398609577,0.6921658986175115,,,,PRUNED
382,382,0.6967741935483871,2021-02-12 06:46:27.444067,2021-02-12 06:46:41.693250,0 days 00:00:14.249183,2.5757737700907516e-05,0.9980218321873973,3.008288343864232e-05,0.6967741935483871,,,,PRUNED
383,383,0.6998463901689708,2021-02-12 06:46:41.693576,2021-02-12 06:48:19.763911,0 days 00:01:38.070335,7.242127732192073e-05,0.9929035436947665,5.5444713963096394e-05,0.7019969278033794,0.6998463901689708,,,PRUNED
384,384,0.7004608294930875,2021-02-12 06:48:19.764218,2021-02-12 06:48:34.000567,0 days 00:00:14.236349,5.422956648165277e-05,0.9954616305458935,0.00022379826744053886,0.7004608294930875,,,,PRUNED
385,385,0.6976958525345622,2021-02-12 06:48:34.000893,2021-02-12 06:48:48.164065,0 days 00:00:14.163172,7.591043783029921e-05,0.9978709341733485,2.3355971471196956e-05,0.6976958525345622,,,,PRUNED
386,386,0.6973886328725039,2021-02-12 06:48:48.164378,2021-02-12 06:49:02.374681,0 days 00:00:14.210303,1.3554549607919943e-05,0.9984671255655267,9.226944086797013e-06,0.6973886328725039,,,,PRUNED
387,387,0.7010752688172043,2021-02-12 06:49:02.375017,2021-02-12 06:49:37.484548,0 days 00:00:35.109531,2.9206472988013994e-05,0.9986894164174234,4.311068004927605e-05,0.7010752688172043,0.7010752688172043,,,PRUNED
388,388,0.6940092165898617,2021-02-12 06:49:37.484871,2021-02-12 06:49:51.704245,0 days 00:00:14.219374,2.1970573905185963e-05,0.9961800538965897,1.8916347342962515e-05,0.6940092165898617,,,,PRUNED
389,389,0.6998463901689708,2021-02-12 06:49:51.704555,2021-02-12 06:50:05.749931,0 days 00:00:14.045376,2.3058755291610696e-05,0.9980095315488097,4.338049655462516e-05,0.6998463901689708,,,,PRUNED
390,390,0.6918586789554532,2021-02-12 06:50:05.750254,2021-02-12 06:51:43.870501,0 days 00:01:38.120247,2.7805204063013854e-05,0.9971344894051267,1.0137535972577151e-06,0.6918586789554532,,,,PRUNED
391,391,0.6986175115207374,2021-02-12 06:51:43.870826,2021-02-12 06:52:19.006670,0 days 00:00:35.135844,2.525891164809429e-05,0.9981418215031294,3.8263353238815805e-05,0.7035330261136713,0.6986175115207374,,,PRUNED
392,392,0.6900153609831029,2021-02-12 06:52:19.007006,2021-02-12 06:53:56.943240,0 days 00:01:37.936234,4.907296983442998e-05,0.9930935812560193,0.00045935581968642675,0.7041474654377881,0.6900153609831029,,,PRUNED
393,393,0.6967741935483871,2021-02-12 06:53:56.943530,2021-02-12 06:54:11.127690,0 days 00:00:14.184160,1.657017919512876e-05,0.9978348170938652,1.2836823945877245e-05,0.6967741935483871,,,,PRUNED
394,394,0.6688172043010753,2021-02-12 06:54:11.128020,2021-02-12 06:58:57.265435,0 days 00:04:46.137415,3.0861370912799465e-05,0.9982907882610044,5.1874118237806866e-05,0.7093701996927804,0.7093701996927804,0.7142857142857143,0.6688172043010753,PRUNED
395,395,0.7007680491551459,2021-02-12 06:58:57.265755,2021-02-12 06:59:11.392918,0 days 00:00:14.127163,3.2689146747716265e-05,0.9982723907783282,5.7762700478079804e-05,0.7007680491551459,,,,PRUNED
396,396,0.6433179723502304,2021-02-12 06:59:11.393246,2021-02-12 07:03:58.280599,0 days 00:04:46.887353,7.06236296777912e-05,0.9936449485813049,0.00010375130385924347,0.6433179723502304,,,,PRUNED
397,397,0.6878648233486944,2021-02-12 07:03:58.280892,2021-02-12 07:09:13.388784,0 days 00:05:15.107892,8.844499119483215e-05,0.9922803946616736,0.0003225215878130765,0.7010752688172043,0.706605222734255,0.7038402457757297,,COMPLETE
398,398,0.7001536098310291,2021-02-12 07:09:13.389536,2021-02-12 07:09:27.567828,0 days 00:00:14.178292,3.992889706127417e-05,0.998412083973048,1.081108508540335e-05,0.7001536098310291,,,,PRUNED
399,399,0.7004608294930875,2021-02-12 07:09:27.568163,2021-02-12 07:11:05.756679,0 days 00:01:38.188516,1.7075482780453715e-05,0.9931242143652615,1.7205082999139687e-06,0.7004608294930875,,,,PRUNED
400,400,0.6740399385560676,2021-02-12 07:11:05.757014,2021-02-12 07:12:43.737856,0 days 00:01:37.980842,2.9611859070390062e-05,0.9982508655471811,5.101942152463818e-05,0.7007680491551459,0.7056835637480798,0.6740399385560676,,PRUNED
401,401,0.6980030721966206,2021-02-12 07:12:43.738187,2021-02-12 07:12:57.842342,0 days 00:00:14.104155,3.608404334653427e-05,0.9986284030136049,2.4945668885841605e-05,0.6980030721966206,,,,PRUNED
402,402,0.6961597542242703,2021-02-12 07:12:57.842718,2021-02-12 07:14:35.849007,0 days 00:01:38.006289,0.0001223788477153969,0.992273689562538,0.0009731790589212052,0.7029185867895545,0.6961597542242703,,,PRUNED
403,403,0.693394777265745,2021-02-12 07:14:35.849306,2021-02-12 07:15:11.007067,0 days 00:00:35.157761,8.830176824238283e-05,0.9909830100387004,0.0001970790572893971,0.693394777265745,,,,PRUNED
404,404,0.7001536098310291,2021-02-12 07:15:11.007402,2021-02-12 07:15:25.212505,0 days 00:00:14.205103,1.0120854167209575e-05,0.9976322879767502,0.0006029446194624767,0.7001536098310291,,,,PRUNED
405,405,0.6995391705069124,2021-02-12 07:15:25.212837,2021-02-12 07:15:39.435915,0 days 00:00:14.223078,1.99485831186214e-05,0.9980845548058034,6.735698267884731e-05,0.6995391705069124,,,,PRUNED
406,406,0.6992319508448541,2021-02-12 07:15:39.436236,2021-02-12 07:15:53.677251,0 days 00:00:14.241015,2.5196200729559894e-05,0.9979390205434439,4.143852848741054e-05,0.6992319508448541,,,,PRUNED
407,407,0.6568356374807988,2021-02-12 07:15:53.677581,2021-02-12 07:17:32.062994,0 days 00:01:38.385413,2.287487815960922e-05,0.9979824458181692,3.4984147279010963e-05,0.7013824884792627,0.7087557603686636,0.6568356374807988,,PRUNED
408,408,0.6878648233486944,2021-02-12 07:17:32.063320,2021-02-12 07:18:07.260380,0 days 00:00:35.197060,0.0003725193278702593,0.9907197592863007,0.0003453795435093572,0.6878648233486944,,,,PRUNED
409,409,0.6964669738863287,2021-02-12 07:18:07.260719,2021-02-12 07:18:21.478277,0 days 00:00:14.217558,2.772011582788103e-05,0.9982155400011439,5.2764222834350274e-05,0.6964669738863287,,,,PRUNED
410,410,0.6921658986175115,2021-02-12 07:18:21.478635,2021-02-12 07:18:56.588943,0 days 00:00:35.110308,0.00010493018815456308,0.990249774921382,7.422168350538118e-05,0.6921658986175115,,,,PRUNED
411,411,0.6682027649769585,2021-02-12 07:18:56.589312,2021-02-12 07:20:35.020809,0 days 00:01:38.431497,0.00026027145141138827,0.9911934193272559,2.8227587341785304e-05,0.6682027649769585,,,,PRUNED
412,412,0.6976958525345622,2021-02-12 07:20:35.021137,2021-02-12 07:20:49.230657,0 days 00:00:14.209520,3.169645026781306e-05,0.997753907302616,3.0597799727412906e-05,0.6976958525345622,,,,PRUNED
413,413,0.6903225806451613,2021-02-12 07:20:49.230995,2021-02-12 07:22:27.139916,0 days 00:01:37.908921,0.0009991942886022525,0.9949453759742967,0.0004168157994618255,0.7007680491551459,0.6903225806451613,,,PRUNED
414,414,0.6817204301075269,2021-02-12 07:22:27.140242,2021-02-12 07:22:41.424176,0 days 00:00:14.283934,2.0372768602239072e-05,0.9984390676217176,1.4571168989843862e-05,0.6817204301075269,,,,PRUNED
415,415,0.687557603686636,2021-02-12 07:22:41.424483,2021-02-12 07:24:19.354452,0 days 00:01:37.929969,9.280434366669778e-05,0.9954299815003524,3.877411166272558e-05,0.687557603686636,,,,PRUNED
416,416,0.6998463901689708,2021-02-12 07:24:19.354805,2021-02-12 07:24:33.502157,0 days 00:00:14.147352,1.2543042118652475e-05,0.9981036545866457,3.813559676323013e-05,0.6998463901689708,,,,PRUNED
417,417,0.6482334869431644,2021-02-12 07:24:33.502476,2021-02-12 07:29:20.866808,0 days 00:04:47.364332,0.0002161558539295868,0.9920954796912692,0.0001122322299200382,0.7216589861751153,0.6482334869431644,,,PRUNED
418,418,0.677726574500768,2021-02-12 07:29:20.867148,2021-02-12 07:34:08.512416,0 days 00:04:47.645268,0.00011616443721177512,0.9948964857185771,4.5520694531179053e-05,0.7102918586789555,0.677726574500768,,,PRUNED
419,419,0.6718894009216589,2021-02-12 07:34:08.512741,2021-02-12 07:38:56.087534,0 days 00:04:47.574793,1.340462716599755e-05,0.9933613666082756,2.124081343345577e-05,0.709062980030722,0.6718894009216589,,,PRUNED
420,420,0.7158218125960062,2021-02-12 07:38:56.087855,2021-02-12 07:44:12.009843,0 days 00:05:15.921988,1.55773205866046e-05,0.9959140393639818,2.5017082565059134e-05,0.723195084485407,,,,COMPLETE
