,number,value,datetime_start,datetime_complete,duration,params_lr,params_out_dim,params_scheduler_gamma,params_weight_decay,system_attrs_completed_rung_0,system_attrs_completed_rung_1,system_attrs_completed_rung_2,state
747,747,0.7233273056057866,2021-02-17 07:18:26.342411,2021-02-17 07:22:24.361305,0 days 00:03:58.018894,0.00012620554847020453,50,0.9978956487579604,10.58856621489722,0.7377938517179023,,,COMPLETE
748,748,0.7179023508137432,2021-02-17 07:22:24.362095,2021-02-17 07:23:26.911624,0 days 00:01:02.549529,0.00010998191486710761,70,0.9922900175513294,17.315241623844553,0.7179023508137432,,,PRUNED
749,749,0.7341772151898734,2021-02-17 07:23:26.912098,2021-02-17 07:24:28.506715,0 days 00:01:01.594617,0.00023313859661622724,50,0.995201036479212,19.92315237723236,0.7368896925858951,0.7341772151898734,,PRUNED
750,750,0.7332730560578662,2021-02-17 07:24:28.507204,2021-02-17 07:25:01.275009,0 days 00:00:32.767805,1.2407767649934912e-05,40,0.9948609259798997,18.43318083417015,0.7332730560578662,,,PRUNED
751,751,0.7350813743218807,2021-02-17 07:25:01.275474,2021-02-17 07:28:57.853410,0 days 00:03:56.577936,0.00012718773269964115,60,0.9955719039437767,16.778976822394387,0.7350813743218807,0.7350813743218807,0.7377938517179023,COMPLETE
752,752,0.7296564195298373,2021-02-17 07:28:57.854258,2021-02-17 07:31:20.152055,0 days 00:02:22.297797,0.0005614928523047315,70,0.9952458420831097,11.872169236663616,0.7296564195298373,,,PRUNED
753,753,0.7296564195298373,2021-02-17 07:31:20.152533,2021-02-17 07:31:56.209909,0 days 00:00:36.057376,9.823319654001761e-05,60,0.9960536330019867,17.452871533814946,0.7296564195298373,,,PRUNED
754,754,0.7296564195298373,2021-02-17 07:31:56.210609,2021-02-17 07:32:27.835097,0 days 00:00:31.624488,0.00011950070221096179,60,0.9958694636735773,17.019892195283127,0.7296564195298373,,,PRUNED
755,755,0.7251356238698011,2021-02-17 07:32:27.835550,2021-02-17 07:33:04.115474,0 days 00:00:36.279924,0.00013346354263683757,40,0.9966292936015153,17.865232696477612,0.7251356238698011,,,PRUNED
756,756,0.7323688969258589,2021-02-17 07:33:04.115937,2021-02-17 07:35:27.369043,0 days 00:02:23.253106,5.105008696783859e-05,60,0.9962807029947353,11.590118701661673,0.7323688969258589,,,PRUNED
757,757,0.7332730560578662,2021-02-17 07:35:27.369532,2021-02-17 07:35:59.850389,0 days 00:00:32.480857,0.00013150132161684087,60,0.995481231914067,16.259896775429674,0.7332730560578662,,,PRUNED
758,758,0.7332730560578662,2021-02-17 07:35:59.850890,2021-02-17 07:37:02.750406,0 days 00:01:02.899516,0.0009645733754666051,80,0.9916877791313039,18.077911946177252,0.7332730560578662,,,PRUNED
759,759,0.7341772151898734,2021-02-17 07:37:02.750883,2021-02-17 07:40:59.116256,0 days 00:03:56.365373,0.00019955963919618123,70,0.9923866196479196,18.572071513626817,0.7350813743218807,0.7359855334538878,,COMPLETE
760,760,0.7115732368896925,2021-02-17 07:40:59.117073,2021-02-17 07:41:35.336243,0 days 00:00:36.219170,0.00040312493385329443,60,0.9963317674748432,3.1429756158076616,0.7115732368896925,,,PRUNED
