,number,value,datetime_start,datetime_complete,duration,params_lr,params_out_dim,params_scheduler_gamma,params_weight_decay,system_attrs_completed_rung_0,system_attrs_completed_rung_1,system_attrs_completed_rung_2,state
106,106,0.7332730560578662,2021-02-16 14:51:08.823191,2021-02-16 14:52:10.467178,0 days 00:01:01.643987,3.16845726627372e-05,10,0.9926447667380861,16.156893394137974,0.7332730560578662,,,PRUNED
107,107,0.6844484629294756,2021-02-16 14:52:10.467398,2021-02-16 14:53:11.971641,0 days 00:01:01.504243,0.0020578882789510614,90,0.9919716231984399,19.703204374861762,0.6844484629294756,,,PRUNED
108,108,0.7350813743218807,2021-02-16 14:53:11.971944,2021-02-16 14:57:03.321165,0 days 00:03:51.349221,0.00030924907069923704,50,0.9962398933440856,19.951516401267817,0.7341772151898734,0.7341772151898734,0.7341772151898734,COMPLETE
109,109,0.7350813743218807,2021-02-16 14:57:03.321743,2021-02-16 15:01:01.840920,0 days 00:03:58.519177,0.00030536575309695675,50,0.9961994402784327,19.265740066879964,0.7350813743218807,0.7341772151898734,0.7323688969258589,COMPLETE
110,110,0.7332730560578662,2021-02-16 15:01:01.841880,2021-02-16 15:02:02.163327,0 days 00:01:00.321447,0.0002957392993955473,50,0.9961539394163967,19.455782605531017,0.7368896925858951,0.7332730560578662,,PRUNED
111,111,0.7251356238698011,2021-02-16 15:02:02.163668,2021-02-16 15:02:38.922513,0 days 00:00:36.758845,0.00020898005600353096,40,0.9958287254483971,18.277059683317937,0.7251356238698011,,,PRUNED
112,112,0.7305605786618445,2021-02-16 15:02:38.922763,2021-02-16 15:05:02.555278,0 days 00:02:23.632515,9.502821899473065e-05,80,0.9907428313745226,14.290110775081382,0.7386980108499096,0.7305605786618445,,PRUNED
113,113,0.7323688969258589,2021-02-16 15:05:02.555580,2021-02-16 15:06:04.071451,0 days 00:01:01.515871,0.0003342369815052087,50,0.9968419269198414,19.975208732594165,0.7359855334538878,0.7323688969258589,,PRUNED
114,114,0.7314647377938517,2021-02-16 15:06:04.071671,2021-02-16 15:10:02.301690,0 days 00:03:58.230019,0.0001269124345723983,50,0.9964764951109731,18.88222705200891,0.7368896925858951,0.7341772151898734,0.7341772151898734,COMPLETE
115,115,0.7314647377938517,2021-02-16 15:10:02.302710,2021-02-16 15:12:26.137865,0 days 00:02:23.835155,0.00011447184591624339,50,0.9964876919009277,18.942781687125436,0.7386980108499096,0.7377938517179023,0.7314647377938517,PRUNED
116,116,0.7332730560578662,2021-02-16 15:12:26.138148,2021-02-16 15:12:57.920929,0 days 00:00:31.782781,0.000479788593469331,60,0.9972333839304752,17.822206237430446,0.7332730560578662,,,PRUNED
117,117,0.7160940325497287,2021-02-16 15:12:57.921147,2021-02-16 15:15:21.968959,0 days 00:02:24.047812,0.0006463092403231012,40,0.9956180977324495,19.925680265061892,0.7350813743218807,0.7359855334538878,0.7160940325497287,PRUNED
118,118,0.7314647377938517,2021-02-16 15:15:21.969176,2021-02-16 15:15:58.537048,0 days 00:00:36.567872,0.00020716529135071906,60,0.9952553272157908,18.8356768039549,0.7314647377938517,,,PRUNED
119,119,0.7314647377938517,2021-02-16 15:15:58.537293,2021-02-16 15:18:22.182926,0 days 00:02:23.645633,0.00030386754668095103,40,0.9913878677185671,11.822939396024548,0.7350813743218807,0.7314647377938517,,PRUNED
120,120,0.7215189873417721,2021-02-16 15:18:22.183144,2021-02-16 15:19:23.108938,0 days 00:01:00.925794,2.0434215579769864e-05,50,0.9914199866527504,14.216638259148432,0.7215189873417721,,,PRUNED
121,121,0.7305605786618445,2021-02-16 15:19:23.109169,2021-02-16 15:20:22.096793,0 days 00:00:58.987624,1.3845346303028351e-05,50,0.9900541776972309,17.40765749995393,0.7305605786618445,,,PRUNED
122,122,0.7160940325497287,2021-02-16 15:20:22.097013,2021-02-16 15:21:24.140540,0 days 00:01:02.043527,2.0987584139460067e-05,60,0.990521351118144,15.484288390418849,0.7160940325497287,,,PRUNED
123,123,0.7350813743218807,2021-02-16 15:21:24.140764,2021-02-16 15:25:21.922591,0 days 00:03:57.781827,0.0004382491135477458,100,0.9979117825482725,4.215667378309771,0.7350813743218807,,,COMPLETE
124,124,0.7278481012658228,2021-02-16 15:25:21.923829,2021-02-16 15:25:58.434369,0 days 00:00:36.510540,8.264552800178767e-05,50,0.9962116680777184,19.280852367032352,0.7278481012658228,,,PRUNED
125,125,0.7350813743218807,2021-02-16 15:25:58.434630,2021-02-16 15:29:54.407778,0 days 00:03:55.973148,0.00013208730982519962,40,0.9976975487891871,18.18157673120614,0.7350813743218807,0.7368896925858951,0.7341772151898734,COMPLETE
126,126,0.7305605786618445,2021-02-16 15:29:54.408330,2021-02-16 15:30:29.653674,0 days 00:00:35.245344,0.00013924834965296592,50,0.997697299450437,18.309589441328203,0.7305605786618445,,,PRUNED
127,127,0.7323688969258589,2021-02-16 15:30:29.653914,2021-02-16 15:31:04.229169,0 days 00:00:34.575255,0.00035626054411142866,60,0.9948895711325362,16.83536128804829,0.7323688969258589,,,PRUNED
128,128,0.7341772151898734,2021-02-16 15:31:04.229388,2021-02-16 15:33:30.303738,0 days 00:02:26.074350,5.796209582362565e-05,30,0.9913213452317888,13.335266526529283,0.7368896925858951,0.7341772151898734,,PRUNED
129,129,0.7269439421338155,2021-02-16 15:33:30.303942,2021-02-16 15:34:33.330535,0 days 00:01:03.026593,3.915908425178351e-05,40,0.9919707661818463,10.606115767099473,0.7269439421338155,,,PRUNED
130,130,0.72875226039783,2021-02-16 15:34:33.330773,2021-02-16 15:35:05.021440,0 days 00:00:31.690667,3.19609582530707e-05,40,0.9966150700378666,17.821452589002316,0.72875226039783,,,PRUNED
131,131,0.7341772151898734,2021-02-16 15:35:05.021904,2021-02-16 15:35:41.833695,0 days 00:00:36.811791,0.00018434802271358804,30,0.9954178293947018,19.528491134360586,0.7341772151898734,,,PRUNED
132,132,0.7224231464737794,2021-02-16 15:35:41.833920,2021-02-16 15:36:42.729694,0 days 00:01:00.895774,1.2260285212755433e-05,60,0.9953403465046954,1.1032469681883539,0.7224231464737794,,,PRUNED
133,133,0.720614828209765,2021-02-16 15:36:42.729927,2021-02-16 15:37:43.335815,0 days 00:01:00.605888,1.6870078852575517e-05,50,0.9937083368959846,12.49128101435596,0.720614828209765,,,PRUNED
134,134,0.7296564195298373,2021-02-16 15:37:43.336181,2021-02-16 15:40:06.729171,0 days 00:02:23.392990,0.0007129267548804502,100,0.9975810663759594,3.7333644191007958,0.7296564195298373,,,PRUNED
135,135,0.7305605786618445,2021-02-16 15:40:06.729426,2021-02-16 15:40:41.978600,0 days 00:00:35.249174,5.922089491142592e-05,40,0.9969466289132414,18.901746756804304,0.7305605786618445,,,PRUNED
136,136,0.7224231464737794,2021-02-16 15:40:41.978848,2021-02-16 15:44:37.338265,0 days 00:03:55.359417,4.524611191366015e-05,100,0.9924883795954523,3.0501517221727266,0.7513562386980108,,,COMPLETE
137,137,0.7323688969258589,2021-02-16 15:44:37.338868,2021-02-16 15:45:41.540913,0 days 00:01:04.202045,9.529665749669692e-05,50,0.9973369290523154,19.963303787521184,0.7359855334538878,0.7323688969258589,,PRUNED
138,138,0.7269439421338155,2021-02-16 15:45:41.541138,2021-02-16 15:49:37.350880,0 days 00:03:55.809742,0.00038978523590449193,90,0.9959855736043794,8.684650506165557,0.7350813743218807,,,COMPLETE
139,139,0.7278481012658228,2021-02-16 15:49:37.351448,2021-02-16 15:50:13.817127,0 days 00:00:36.465679,0.00013167764592348852,40,0.9979755685471969,15.962815127716928,0.7278481012658228,,,PRUNED
140,140,0.6989150090415913,2021-02-16 15:50:13.817371,2021-02-16 15:52:37.826499,0 days 00:02:24.009128,2.485752375620062e-05,80,0.9972226865639501,0.2284909523822938,0.6989150090415913,,,PRUNED
141,141,0.7341772151898734,2021-02-16 15:52:37.826732,2021-02-16 15:53:11.123136,0 days 00:00:33.296404,9.975280706121331e-05,30,0.9983224974416174,17.553152164695984,0.7341772151898734,,,PRUNED
142,142,0.7296564195298373,2021-02-16 15:53:11.123366,2021-02-16 15:57:05.395700,0 days 00:03:54.272334,0.0002702424417931913,50,0.9959834408381922,16.966214238473373,0.7377938517179023,0.7341772151898734,0.7350813743218807,COMPLETE
143,143,0.7160940325497287,2021-02-16 15:57:05.396282,2021-02-16 15:59:28.478986,0 days 00:02:23.082704,0.00011193294117578833,60,0.9982202090503528,4.636663473647314,0.7160940325497287,,,PRUNED
144,144,0.72875226039783,2021-02-16 15:59:28.479206,2021-02-16 16:00:00.503728,0 days 00:00:32.024522,0.0004242976251648249,50,0.9959075520900934,18.536726496692754,0.72875226039783,,,PRUNED
145,145,0.7296564195298373,2021-02-16 16:00:00.503969,2021-02-16 16:03:58.872635,0 days 00:03:58.368666,0.00024054323237618304,60,0.9956957941953969,16.958514053796762,0.7368896925858951,0.7350813743218807,0.7359855334538878,COMPLETE
146,146,0.7332730560578662,2021-02-16 16:03:58.873288,2021-02-16 16:04:34.235993,0 days 00:00:35.362705,0.00022522123716494437,60,0.9946721025179598,19.440616238430295,0.7332730560578662,,,PRUNED
147,147,0.6808318264014467,2021-02-16 16:04:34.236321,2021-02-16 16:06:59.119760,0 days 00:02:24.883439,0.002269609260906925,100,0.9963351100283047,19.879628880854103,0.6808318264014467,,,PRUNED
148,148,0.7323688969258589,2021-02-16 16:06:59.119995,2021-02-16 16:10:54.931576,0 days 00:03:55.811581,0.0001664522150829153,60,0.9942560674592203,17.96686190744917,0.7368896925858951,0.7368896925858951,0.7341772151898734,COMPLETE
149,149,0.720614828209765,2021-02-16 16:10:54.932162,2021-02-16 16:11:31.623599,0 days 00:00:36.691437,5.338407746333432e-05,60,0.9939126200428952,18.480861055753465,0.720614828209765,,,PRUNED
150,150,0.7341772151898734,2021-02-16 16:11:31.623837,2021-02-16 16:12:04.527426,0 days 00:00:32.903589,0.00016978137828818637,70,0.9942308131513675,18.061645427504306,0.7341772151898734,,,PRUNED
151,151,0.7332730560578662,2021-02-16 16:12:04.527668,2021-02-16 16:13:09.083340,0 days 00:01:04.555672,0.00031253446949117684,60,0.9956089550348581,17.388130101877895,0.7350813743218807,0.7332730560578662,,PRUNED
152,152,0.716998191681736,2021-02-16 16:13:09.083557,2021-02-16 16:14:11.974704,0 days 00:01:02.891147,1.0062226656357822e-05,70,0.9909650749706449,6.382137227231146,0.716998191681736,,,PRUNED
153,153,0.7160940325497287,2021-02-16 16:14:11.975022,2021-02-16 16:15:13.376080,0 days 00:01:01.401058,2.8341497376865292e-05,100,0.9926459229960303,8.504893186355496,0.7160940325497287,,,PRUNED
154,154,0.7251356238698011,2021-02-16 16:15:13.376391,2021-02-16 16:15:46.214359,0 days 00:00:32.837968,0.00015896370726557884,70,0.9949506717995723,19.102533078493916,0.7251356238698011,,,PRUNED
155,155,0.7332730560578662,2021-02-16 16:15:46.214593,2021-02-16 16:16:22.230416,0 days 00:00:36.015823,6.726456899597863e-05,50,0.9963786624723351,16.47740136053465,0.7332730560578662,,,PRUNED
156,156,0.7332730560578662,2021-02-16 16:16:22.230655,2021-02-16 16:17:23.338474,0 days 00:01:01.107819,0.0005991673345597876,50,0.9953628303126623,15.040959129230366,0.7359855334538878,0.7332730560578662,,PRUNED
157,157,0.7314647377938517,2021-02-16 16:17:23.338734,2021-02-16 16:17:59.087690,0 days 00:00:35.748956,0.00025381009039254006,60,0.9956996886982477,18.61408998599777,0.7314647377938517,,,PRUNED
158,158,0.7332730560578662,2021-02-16 16:17:59.087944,2021-02-16 16:20:22.738762,0 days 00:02:23.650818,0.00012140654034671663,50,0.9935952763870308,17.795352763236554,0.7423146473779385,0.7359855334538878,0.7332730560578662,PRUNED
159,159,0.7314647377938517,2021-02-16 16:20:22.739002,2021-02-16 16:24:19.174419,0 days 00:03:56.435417,0.00034961279061844117,90,0.9957552392509239,9.441802717319637,0.7377938517179023,,,COMPLETE
160,160,0.7305605786618445,2021-02-16 16:24:19.175025,2021-02-16 16:26:43.112828,0 days 00:02:23.937803,0.00039356672485634306,60,0.9944743919674979,19.93915252378839,0.7359855334538878,0.7350813743218807,0.7305605786618445,PRUNED
161,161,0.7305605786618445,2021-02-16 16:26:43.113088,2021-02-16 16:29:07.330828,0 days 00:02:24.217740,4.322199343085914e-05,30,0.9941272649068751,19.114448321539285,0.7350813743218807,0.7305605786618445,,PRUNED
162,162,0.7142857142857143,2021-02-16 16:29:07.331077,2021-02-16 16:30:10.896414,0 days 00:01:03.565337,4.361071879757324e-05,40,0.9953877695549253,5.579423520718935,0.7142857142857143,,,PRUNED
163,163,0.7350813743218807,2021-02-16 16:30:10.896657,2021-02-16 16:34:05.586650,0 days 00:03:54.689993,0.00020762784715210289,70,0.9961188003427882,17.132845903737604,0.7368896925858951,0.7350813743218807,0.7359855334538878,COMPLETE
164,164,0.7278481012658228,2021-02-16 16:34:05.587228,2021-02-16 16:34:41.139869,0 days 00:00:35.552641,8.086773266642065e-05,70,0.9961921740024229,19.527833339698475,0.7278481012658228,,,PRUNED
165,165,0.7305605786618445,2021-02-16 16:34:41.140130,2021-02-16 16:35:14.989304,0 days 00:00:33.849174,0.00018730106294326246,60,0.9967701604984489,16.992574219366475,0.7305605786618445,,,PRUNED
166,166,0.7296564195298373,2021-02-16 16:35:14.989537,2021-02-16 16:35:50.519703,0 days 00:00:35.530166,0.0002967295171866861,40,0.9958764250681285,16.167626388941834,0.7296564195298373,,,PRUNED
167,167,0.7251356238698011,2021-02-16 16:35:50.520159,2021-02-16 16:36:50.147617,0 days 00:00:59.627458,2.015984099858531e-05,50,0.9970611668039572,3.2018848129021085,0.7251356238698011,,,PRUNED
168,168,0.7341772151898734,2021-02-16 16:36:50.147892,2021-02-16 16:37:25.837543,0 days 00:00:35.689651,0.00023038656128563257,70,0.9964490106614993,18.10740088024597,0.7341772151898734,,,PRUNED
169,169,0.7305605786618445,2021-02-16 16:37:25.837793,2021-02-16 16:38:26.373107,0 days 00:01:00.535314,0.00016057395157988383,50,0.9970930116746024,17.20429994901223,0.7368896925858951,0.7305605786618445,,PRUNED
170,170,0.7332730560578662,2021-02-16 16:38:26.373385,2021-02-16 16:38:59.161345,0 days 00:00:32.787960,0.0004796718985407799,70,0.9949793540441655,15.429148141982871,0.7332730560578662,,,PRUNED
171,171,0.7296564195298373,2021-02-16 16:38:59.161582,2021-02-16 16:39:35.187285,0 days 00:00:36.025703,0.00011274503008101884,20,0.9952392243996556,18.714921798982026,0.7296564195298373,,,PRUNED
172,172,0.7296564195298373,2021-02-16 16:39:35.187527,2021-02-16 16:40:08.426793,0 days 00:00:33.239266,0.00014461928701371254,60,0.9960735821127346,17.603644558048543,0.7296564195298373,,,PRUNED
173,173,0.7341772151898734,2021-02-16 16:40:08.427027,2021-02-16 16:44:04.125677,0 days 00:03:55.698650,0.00027850830177064836,40,0.9954741360041329,19.205250017832736,0.7359855334538878,0.7350813743218807,0.7341772151898734,COMPLETE
174,174,0.7332730560578662,2021-02-16 16:44:04.126766,2021-02-16 16:44:40.285508,0 days 00:00:36.158742,0.00020175426577876828,30,0.9941094981180741,19.25410890723871,0.7332730560578662,,,PRUNED
175,175,0.7332730560578662,2021-02-16 16:44:40.285744,2021-02-16 16:45:11.977593,0 days 00:00:31.691849,0.0003392692388097003,40,0.9954778469823092,19.77620422245878,0.7332730560578662,,,PRUNED
176,176,0.7332730560578662,2021-02-16 16:45:11.977831,2021-02-16 16:46:13.937169,0 days 00:01:01.959338,0.00024811574588318115,60,0.9947720751803316,18.289040142550192,0.7350813743218807,0.7332730560578662,,PRUNED
177,177,0.701627486437613,2021-02-16 16:46:13.937403,2021-02-16 16:48:38.194553,0 days 00:02:24.257150,2.7698753938873224e-05,10,0.9948028331436822,6.423528223515297,0.7350813743218807,0.701627486437613,,PRUNED
178,178,0.7314647377938517,2021-02-16 16:48:38.194815,2021-02-16 16:51:03.003194,0 days 00:02:24.808379,0.00048727028227797133,80,0.9950232392287058,8.59387937978803,0.7314647377938517,,,PRUNED
179,179,0.7368896925858951,2021-02-16 16:51:03.003407,2021-02-16 16:54:58.478933,0 days 00:03:55.475526,0.0003092192752717762,50,0.9951040950464759,19.119614829545,0.7368896925858951,0.7350813743218807,0.7341772151898734,COMPLETE
180,180,0.7341772151898734,2021-02-16 16:54:58.479517,2021-02-16 16:55:34.484890,0 days 00:00:36.005373,0.0006858317362173892,40,0.995084491729349,19.078048942981734,0.7341772151898734,,,PRUNED
181,181,0.7323688969258589,2021-02-16 16:55:34.485167,2021-02-16 16:56:06.959705,0 days 00:00:32.474538,0.0004367052952501772,50,0.9943936461096627,19.58245923160407,0.7323688969258589,,,PRUNED
182,182,0.7215189873417721,2021-02-16 16:56:06.959952,2021-02-16 16:57:10.261390,0 days 00:01:03.301438,0.00010076344398222003,60,0.9957815386097784,4.016971876053496,0.7215189873417721,,,PRUNED
183,183,0.7341772151898734,2021-02-16 16:57:10.261652,2021-02-16 16:57:44.621182,0 days 00:00:34.359530,0.0005449975150509014,40,0.9946755501817942,19.96067058585464,0.7341772151898734,,,PRUNED
184,184,0.7142857142857143,2021-02-16 16:57:44.621595,2021-02-16 17:00:07.328375,0 days 00:02:22.706780,0.00015038548447243844,80,0.997068746437107,1.4241505647551014,0.7142857142857143,,,PRUNED
185,185,0.72875226039783,2021-02-16 17:00:07.330858,2021-02-16 17:00:43.173208,0 days 00:00:35.842350,4.575929836587919e-05,50,0.9963078393726744,18.82435004467219,0.72875226039783,,,PRUNED
186,186,0.7314647377938517,2021-02-16 17:00:43.173460,2021-02-16 17:01:14.467495,0 days 00:00:31.294035,0.0002862603969164001,40,0.9953399208993976,18.292956945463224,0.7314647377938517,,,PRUNED
187,187,0.7233273056057866,2021-02-16 17:01:14.467741,2021-02-16 17:01:46.328695,0 days 00:00:31.860954,1.7975584188436937e-05,50,0.9966840458184056,19.1639857946715,0.7233273056057866,,,PRUNED
188,188,0.7278481012658228,2021-02-16 17:01:46.329048,2021-02-16 17:02:22.709496,0 days 00:00:36.380448,0.00019735632054123303,10,0.9950838642348833,17.76727878105588,0.7278481012658228,,,PRUNED
189,189,0.7305605786618445,2021-02-16 17:02:22.709872,2021-02-16 17:06:18.683342,0 days 00:03:55.973470,0.0002733837438924008,90,0.9989603862960214,14.972490780648709,0.7350813743218807,,,COMPLETE
190,190,0.7323688969258589,2021-02-16 17:06:18.683921,2021-02-16 17:07:21.782949,0 days 00:01:03.099028,0.0008761036232454741,40,0.9920953271290855,7.667372669592333,0.7323688969258589,,,PRUNED
191,191,0.7305605786618445,2021-02-16 17:07:21.783243,2021-02-16 17:09:45.527349,0 days 00:02:23.744106,0.0005451104887377496,100,0.9977824261126644,8.613270357727911,0.7305605786618445,,,PRUNED
192,192,0.7251356238698011,2021-02-16 17:09:45.527629,2021-02-16 17:10:46.770555,0 days 00:01:01.242926,6.0884813176401156e-05,50,0.9933619603031094,5.080832205686673,0.7251356238698011,,,PRUNED
193,193,0.7341772151898734,2021-02-16 17:10:46.770939,2021-02-16 17:14:42.723328,0 days 00:03:55.952389,0.0003468507288458762,50,0.9954894334659262,16.577362345650087,0.7359855334538878,0.7350813743218807,0.7350813743218807,COMPLETE
194,194,0.7332730560578662,2021-02-16 17:14:42.723962,2021-02-16 17:15:14.503972,0 days 00:00:31.780010,0.000335954841911576,50,0.9955334725578805,16.63028941789344,0.7332730560578662,,,PRUNED
195,195,0.6962025316455697,2021-02-16 17:15:14.504353,2021-02-16 17:17:36.680883,0 days 00:02:22.176530,0.019684262675383184,60,0.9965144499174937,0.22709313909440976,0.6962025316455697,,,PRUNED
196,196,0.7215189873417721,2021-02-16 17:17:36.681161,2021-02-16 17:18:38.850354,0 days 00:01:02.169193,1.5457516273043235e-05,90,0.9965144561674265,2.7293649833764073,0.7215189873417721,,,PRUNED
197,197,0.744122965641953,2021-02-16 17:18:38.850621,2021-02-16 17:22:34.279447,0 days 00:03:55.428826,7.517306711664226e-05,80,0.9945918221054384,6.863338064084447,0.7549728752260397,,,COMPLETE
198,198,0.7305605786618445,2021-02-16 17:22:34.280068,2021-02-16 17:23:10.470260,0 days 00:00:36.190192,0.00012767746339497854,50,0.9957490451316244,18.66268603443585,0.7305605786618445,,,PRUNED
199,199,0.6853526220614828,2021-02-16 17:23:10.470538,2021-02-16 17:24:11.325466,0 days 00:01:00.854928,0.013404706698711648,70,0.9976001567389704,9.390155172465208,0.6853526220614828,,,PRUNED
200,200,0.7251356238698011,2021-02-16 17:24:11.325719,2021-02-16 17:25:11.468055,0 days 00:01:00.142336,3.555036045973032e-05,20,0.9967445219176979,10.478164121678965,0.7251356238698011,,,PRUNED
201,201,0.6916817359855335,2021-02-16 17:25:11.468329,2021-02-16 17:27:33.744278,0 days 00:02:22.275949,2.3532324134018807e-05,40,0.9984226325557021,5.8443343009580495,0.7359855334538878,0.6916817359855335,,PRUNED
202,202,0.7061482820976492,2021-02-16 17:27:33.744644,2021-02-16 17:28:33.793342,0 days 00:01:00.048698,2.1337094040425057e-05,20,0.9957266335366867,3.853144963203309,0.7061482820976492,,,PRUNED
203,203,0.72875226039783,2021-02-16 17:28:33.793591,2021-02-16 17:30:57.388421,0 days 00:02:23.594830,0.0003783598592191037,40,0.9959432182159815,18.010318310328522,0.7377938517179023,0.7368896925858951,0.72875226039783,PRUNED
204,204,0.7332730560578662,2021-02-16 17:30:57.388671,2021-02-16 17:31:59.814844,0 days 00:01:02.426173,0.00017242032273325565,30,0.9960878456171807,17.468923430707186,0.7396021699819169,0.7332730560578662,,PRUNED
205,205,0.6952983725135624,2021-02-16 17:31:59.815113,2021-02-16 17:34:24.606944,0 days 00:02:24.791831,2.6851188140934487e-05,80,0.9931283543261258,6.91532634350923,0.6952983725135624,,,PRUNED
206,206,0.7323688969258589,2021-02-16 17:34:24.607198,2021-02-16 17:36:49.405422,0 days 00:02:24.798224,9.220062330917813e-05,50,0.9951291635950467,19.665657335500164,0.7368896925858951,0.7432188065099458,0.7323688969258589,PRUNED
207,207,0.7341772151898734,2021-02-16 17:36:49.405662,2021-02-16 17:37:22.575873,0 days 00:00:33.170211,0.0008021112317617454,50,0.9948992944864414,14.50499074372566,0.7341772151898734,,,PRUNED
208,208,0.6808318264014467,2021-02-16 17:37:22.576254,2021-02-16 17:41:20.611074,0 days 00:03:58.034820,1.2522755031591784e-05,10,0.9962223848594177,1.445545542754768,0.7396021699819169,0.7423146473779385,,COMPLETE
209,209,0.7305605786618445,2021-02-16 17:41:20.612076,2021-02-16 17:42:21.315890,0 days 00:01:00.703814,1.7182613453936235e-05,30,0.9948682465937844,3.3882797287146778,0.7305605786618445,,,PRUNED
210,210,0.720614828209765,2021-02-16 17:42:21.316196,2021-02-16 17:43:20.384577,0 days 00:00:59.068381,3.4677797789794717e-05,10,0.9980912015395955,4.538161085619554,0.720614828209765,,,PRUNED
211,211,0.7233273056057866,2021-02-16 17:43:20.384839,2021-02-16 17:44:22.597242,0 days 00:01:02.212403,1.2438192159105414e-05,20,0.9970619330215865,2.01761010166558,0.7233273056057866,,,PRUNED
212,212,0.7215189873417721,2021-02-16 17:44:22.597494,2021-02-16 17:45:25.920039,0 days 00:01:03.322545,5.1349979903091414e-05,30,0.9974490638859206,4.588029311418394,0.7215189873417721,,,PRUNED
