,number,value,datetime_start,datetime_complete,duration,params_lr,params_out_dim,params_weight_decay,system_attrs_completed_rung_0,system_attrs_completed_rung_1,system_attrs_completed_rung_2,state
353,353,0.4807987711213518,2021-02-14 07:05:21.394470,2021-02-14 07:06:02.318158,0 days 00:00:40.923688,0.00029599464768006176,30,0.0006402161818176291,0.4807987711213518,,,PRUNED
354,354,0.5324116743471582,2021-02-14 07:06:02.318441,2021-02-14 07:06:40.214990,0 days 00:00:37.896549,0.00035330861848119474,35,0.0003134827019862273,0.5324116743471582,,,PRUNED
355,355,0.514900153609831,2021-02-14 07:06:40.215276,2021-02-14 07:08:32.846201,0 days 00:01:52.630925,0.001383227910379038,20,2.185314890147352e-06,0.514900153609831,,,PRUNED
356,356,0.49216589861751153,2021-02-14 07:08:32.846649,2021-02-14 07:09:14.960943,0 days 00:00:42.114294,0.00019717088790544764,25,1.644786618673685e-05,0.49216589861751153,,,PRUNED
357,357,0.5207373271889401,2021-02-14 07:09:14.961236,2021-02-14 07:09:53.306307,0 days 00:00:38.345071,0.001405086256150679,45,4.538580519352725e-06,0.5207373271889401,,,PRUNED
358,358,0.5124423963133641,2021-02-14 07:09:53.306617,2021-02-14 07:11:47.240012,0 days 00:01:53.933395,8.572161444893982e-05,40,3.266320914788533e-05,0.5563748079877112,0.5124423963133641,,PRUNED
359,359,0.5087557603686635,2021-02-14 07:11:47.240269,2021-02-14 07:12:00.623129,0 days 00:00:13.382860,0.0001854480825916532,10,2.6923555846276235e-06,0.5087557603686635,,,PRUNED
360,360,0.44930875576036866,2021-02-14 07:12:00.623416,2021-02-14 07:13:56.605177,0 days 00:01:55.981761,0.004910563405434353,35,6.0192824101440986e-06,0.44930875576036866,,,PRUNED
361,361,0.5268817204301075,2021-02-14 07:13:56.605478,2021-02-14 07:18:53.926591,0 days 00:04:57.321113,0.0020788696360157337,25,3.35591406691697e-05,0.6178187403993856,,,COMPLETE
362,362,0.5551459293394777,2021-02-14 07:18:53.927302,2021-02-14 07:23:49.948995,0 days 00:04:56.021693,0.00044685298031809067,30,0.0004291235252665769,0.5929339477726574,0.5910906298003072,,COMPLETE
363,363,0.5459293394777266,2021-02-14 07:23:49.949671,2021-02-14 07:28:47.326649,0 days 00:04:57.376978,0.0032417622299557858,20,0.00040231313325136313,0.56036866359447,,,COMPLETE
364,364,0.5164362519201229,2021-02-14 07:28:47.327334,2021-02-14 07:30:44.180336,0 days 00:01:56.853002,0.0004530607234233642,30,0.0003775013867571353,0.5904761904761905,0.5164362519201229,,PRUNED
365,365,0.523963133640553,2021-02-14 07:30:44.180628,2021-02-14 07:31:21.182067,0 days 00:00:37.001439,0.00026414315994850295,10,3.164866975251958e-07,0.556989247311828,0.523963133640553,,PRUNED
366,366,0.5382488479262673,2021-02-14 07:31:21.182322,2021-02-14 07:33:18.546449,0 days 00:01:57.364127,0.0011719774003048089,30,1.2510906612240289e-05,0.5382488479262673,,,PRUNED
367,367,0.5069124423963134,2021-02-14 07:33:18.546758,2021-02-14 07:33:32.003604,0 days 00:00:13.456846,0.00022686507736300313,25,3.462864837944537e-06,0.5069124423963134,,,PRUNED
368,368,0.45683563748079875,2021-02-14 07:33:32.003862,2021-02-14 07:33:45.452948,0 days 00:00:13.449086,0.00047672332767384967,10,1.5742488201454106e-05,0.45683563748079875,,,PRUNED
369,369,0.5268817204301075,2021-02-14 07:33:45.453229,2021-02-14 07:34:02.413679,0 days 00:00:16.960450,0.00014385294541474633,15,6.581188480690156e-07,0.5268817204301075,,,PRUNED
370,370,0.48202764976958523,2021-02-14 07:34:02.413967,2021-02-14 07:34:18.054372,0 days 00:00:15.640405,0.002375888000926529,5,4.8319843470618755e-06,0.48202764976958523,,,PRUNED
371,371,0.5019969278033795,2021-02-14 07:34:18.054690,2021-02-14 07:34:33.522390,0 days 00:00:15.467700,0.0008897365006939768,10,2.1218739195230436e-06,0.5019969278033795,,,PRUNED
372,372,0.4594470046082949,2021-02-14 07:34:33.522683,2021-02-14 07:36:26.544247,0 days 00:01:53.021564,0.0065627951282481835,10,1.111442681971857e-06,0.4594470046082949,,,PRUNED
373,373,0.47649769585253454,2021-02-14 07:36:26.544536,2021-02-14 07:37:06.689402,0 days 00:00:40.144866,0.0006212712862236325,30,0.000991872268537137,0.47649769585253454,,,PRUNED
374,374,0.5090629800307219,2021-02-14 07:37:06.689692,2021-02-14 07:37:19.874555,0 days 00:00:13.184863,0.0035179429423925373,10,3.901446464564357e-06,0.5090629800307219,,,PRUNED
375,375,0.4153609831029186,2021-02-14 07:37:19.874846,2021-02-14 07:37:36.470164,0 days 00:00:16.595318,0.0025405826670972897,10,3.0076836268343966e-06,0.4153609831029186,,,PRUNED
376,376,0.5,2021-02-14 07:37:36.470558,2021-02-14 07:39:31.411442,0 days 00:01:54.940884,0.010399925825713318,20,8.07798117293558e-07,0.5,,,PRUNED
377,377,0.49615975422427033,2021-02-14 07:39:31.411705,2021-02-14 07:41:25.403739,0 days 00:01:53.992034,0.006627284404728793,15,2.092713350066524e-06,0.49615975422427033,,,PRUNED
378,378,0.5047619047619047,2021-02-14 07:41:25.404028,2021-02-14 07:43:18.060175,0 days 00:01:52.656147,0.0005201458528619416,25,3.087975186722232e-07,0.5047619047619047,,,PRUNED
379,379,0.4552995391705069,2021-02-14 07:43:18.060459,2021-02-14 07:43:59.674805,0 days 00:00:41.614346,0.0020956281872188272,5,2.418465462932009e-06,0.6227342549923195,0.4552995391705069,,PRUNED
380,380,0.5195084485407067,2021-02-14 07:43:59.675097,2021-02-14 07:44:36.709380,0 days 00:00:37.034283,0.00012954669371712863,25,0.0005179350560313953,0.5195084485407067,,,PRUNED
381,381,0.5287250384024578,2021-02-14 07:44:36.709669,2021-02-14 07:45:19.185627,0 days 00:00:42.475958,0.00016757980176290447,30,0.00041301184766532483,0.5287250384024578,,,PRUNED
382,382,0.5585253456221199,2021-02-14 07:45:19.185911,2021-02-14 07:47:11.886719,0 days 00:01:52.700808,0.00010221008145934361,35,0.0002574555936187067,0.6236559139784946,0.5585253456221199,,PRUNED
383,383,0.48847926267281105,2021-02-14 07:47:11.887030,2021-02-14 07:49:07.420464,0 days 00:01:55.533434,0.004675630768458808,50,5.739105112748825e-06,0.48847926267281105,,,PRUNED
384,384,0.5434715821812596,2021-02-14 07:49:07.420759,2021-02-14 07:54:02.727720,0 days 00:04:55.306961,0.0002696566828553524,25,0.00016867203923266115,0.5794162826420891,0.5944700460829493,,COMPLETE
385,385,0.5536098310291858,2021-02-14 07:54:02.728442,2021-02-14 07:55:57.633101,0 days 00:01:54.904659,0.0002586857514757709,25,0.00018981328600922509,0.565284178187404,0.5536098310291858,,PRUNED
386,386,0.5153609831029186,2021-02-14 07:55:57.633395,2021-02-14 07:57:49.456440,0 days 00:01:51.823045,0.014408952000225355,5,0.0007566104511502977,0.5153609831029186,,,PRUNED
387,387,0.4728110599078341,2021-02-14 07:57:49.456727,2021-02-14 07:58:31.765831,0 days 00:00:42.309104,0.0004203686099460409,25,0.000473471068336579,0.4728110599078341,,,PRUNED
388,388,0.522273425499232,2021-02-14 07:58:31.766157,2021-02-14 08:00:23.689012,0 days 00:01:51.922855,0.001691026098326879,20,1.642525852076686e-06,0.522273425499232,,,PRUNED
389,389,0.5597542242703533,2021-02-14 08:00:23.689359,2021-02-14 08:02:20.490580,0 days 00:01:56.801221,0.0005076250383988155,25,0.00014622724071145995,0.5886328725038402,0.5597542242703533,,PRUNED
390,390,0.39078341013824885,2021-02-14 08:02:20.490895,2021-02-14 08:02:59.054189,0 days 00:00:38.563294,0.0009475990349607779,30,0.00030805548069551015,0.39078341013824885,,,PRUNED
391,391,0.3935483870967742,2021-02-14 08:02:59.054502,2021-02-14 08:03:14.866986,0 days 00:00:15.812484,0.0028769760458961,15,4.365040751232043e-06,0.3935483870967742,,,PRUNED
392,392,0.4695852534562212,2021-02-14 08:03:14.867324,2021-02-14 08:05:07.072812,0 days 00:01:52.205488,0.009110454814353767,25,0.0004762888710175287,0.4695852534562212,,,PRUNED
393,393,0.41351766513056837,2021-02-14 08:05:07.073124,2021-02-14 08:07:04.166798,0 days 00:01:57.093674,1.4223173968761923e-05,15,2.0326704502375202e-07,0.41351766513056837,,,PRUNED
394,394,0.46390168970814133,2021-02-14 08:07:04.167136,2021-02-14 08:07:17.687835,0 days 00:00:13.520699,0.0014921113664473319,5,3.6246168217404524e-06,0.46390168970814133,,,PRUNED
395,395,0.5093701996927803,2021-02-14 08:07:17.688102,2021-02-14 08:07:31.037535,0 days 00:00:13.349433,0.00394900471713443,10,1.7051976398346633e-06,0.5093701996927803,,,PRUNED
396,396,0.4270353302611367,2021-02-14 08:07:31.037828,2021-02-14 08:08:13.229150,0 days 00:00:42.191322,0.0022097435123879976,25,0.00010809023903731131,0.4270353302611367,,,PRUNED
397,397,0.4715821812596006,2021-02-14 08:08:13.229457,2021-02-14 08:08:50.620519,0 days 00:00:37.391062,0.0002837274828659533,30,7.556793457693703e-05,0.4715821812596006,,,PRUNED
398,398,0.5164362519201229,2021-02-14 08:08:50.620837,2021-02-14 08:09:33.396033,0 days 00:00:42.775196,0.00023069476463200003,45,0.0007513706478904508,0.5164362519201229,,,PRUNED
399,399,0.5,2021-02-14 08:09:33.396360,2021-02-14 08:11:09.916008,0 days 00:01:36.519648,0.018489832510721546,45,0.000990447940499529,0.5439324116743471,0.5,,PRUNED
400,400,0.5339477726574501,2021-02-14 08:11:09.916304,2021-02-14 08:11:41.281522,0 days 00:00:31.365218,0.00035332406712230204,40,0.00022376669266992698,0.5339477726574501,,,PRUNED
401,401,0.5284178187403994,2021-02-14 08:11:41.281818,2021-02-14 08:13:11.407061,0 days 00:01:30.125243,0.003924937080976903,20,5.869375326619713e-07,0.5284178187403994,,,PRUNED
402,402,0.49370199692780337,2021-02-14 08:13:11.407331,2021-02-14 08:13:42.999314,0 days 00:00:31.591983,0.00020719546427012102,30,0.0001772416687874671,0.49370199692780337,,,PRUNED
403,403,0.5284178187403994,2021-02-14 08:13:42.999596,2021-02-14 08:15:13.382077,0 days 00:01:30.382481,0.0007202313175067589,45,0.00011831191418233851,0.5422427035330261,0.5284178187403994,,PRUNED
404,404,0.5208909370199692,2021-02-14 08:15:13.382391,2021-02-14 08:16:43.332444,0 days 00:01:29.950053,0.01983588058224244,10,4.714061401485139e-07,0.5208909370199692,,,PRUNED
405,405,0.45161290322580644,2021-02-14 08:16:43.332727,2021-02-14 08:16:55.157104,0 days 00:00:11.824377,0.0006106924916830272,5,2.6921429708623387e-06,0.45161290322580644,,,PRUNED
406,406,0.5204301075268817,2021-02-14 08:16:55.157387,2021-02-14 08:20:50.182447,0 days 00:03:55.025060,0.006522452092772275,15,2.29216555350316e-05,0.5497695852534562,,,COMPLETE
407,407,0.5136712749615976,2021-02-14 08:20:50.183167,2021-02-14 08:21:01.978881,0 days 00:00:11.795714,0.001817111241344448,10,2.4107734881025778e-05,0.5136712749615976,,,PRUNED
408,408,0.5274961597542243,2021-02-14 08:21:01.979157,2021-02-14 08:21:13.829572,0 days 00:00:11.850415,0.001302196185933996,10,5.270730538526725e-07,0.5274961597542243,,,PRUNED
409,409,0.48448540706605225,2021-02-14 08:21:13.829868,2021-02-14 08:22:43.963707,0 days 00:01:30.133839,0.0003229810879692003,35,0.000631675055234534,0.5612903225806452,0.48448540706605225,,PRUNED
410,410,0.4348694316436252,2021-02-14 08:22:43.964003,2021-02-14 08:22:55.791620,0 days 00:00:11.827617,0.00027032572690995917,5,3.8015285482308066e-07,0.4348694316436252,,,PRUNED
411,411,0.4930875576036866,2021-02-14 08:22:55.791917,2021-02-14 08:24:25.761373,0 days 00:01:29.969456,0.0022158966614773713,20,5.415643550480386e-06,0.5797235023041475,0.6159754224270353,0.4930875576036866,PRUNED
412,412,0.5480798771121351,2021-02-14 08:24:25.761695,2021-02-14 08:24:57.150394,0 days 00:00:31.388699,0.0029596447134154647,25,4.778423550423297e-06,0.5582181259600615,0.5480798771121351,,PRUNED
413,413,0.4399385560675883,2021-02-14 08:24:57.150695,2021-02-14 08:25:08.963705,0 days 00:00:11.813010,0.0020765170299115957,20,6.571222708549053e-06,0.4399385560675883,,,PRUNED
414,414,0.4771121351766513,2021-02-14 08:25:08.963984,2021-02-14 08:25:40.467787,0 days 00:00:31.503803,0.00015897597001978886,20,7.66841962858974e-06,0.4771121351766513,,,PRUNED
415,415,0.4273425499231951,2021-02-14 08:25:40.468100,2021-02-14 08:27:10.788117,0 days 00:01:30.320017,0.007995744458291366,15,1.0572688059679179e-07,0.4273425499231951,,,PRUNED
416,416,0.5720430107526882,2021-02-14 08:27:10.788444,2021-02-14 08:28:40.507418,0 days 00:01:29.718974,0.00026641233197314445,50,5.739344448975714e-06,0.5597542242703533,0.5720430107526882,,PRUNED
417,417,0.47465437788018433,2021-02-14 08:28:40.507709,2021-02-14 08:28:52.330291,0 days 00:00:11.822582,0.00016538526697083657,20,3.293691263800039e-06,0.47465437788018433,,,PRUNED
418,418,0.42334869431643624,2021-02-14 08:28:52.330600,2021-02-14 08:29:04.295468,0 days 00:00:11.964868,0.0025975051813909994,15,8.536393496287e-06,0.42334869431643624,,,PRUNED
419,419,0.46881720430107526,2021-02-14 08:29:04.295803,2021-02-14 08:29:16.113789,0 days 00:00:11.817986,0.0015665602412852126,15,3.981975032302586e-06,0.46881720430107526,,,PRUNED
420,420,0.5241167434715822,2021-02-14 08:29:16.114176,2021-02-14 08:33:11.374467,0 days 00:03:55.260291,0.0031775724278500154,25,5.193808218615297e-06,0.5450076804915515,0.5631336405529954,0.6,COMPLETE
421,421,0.4869431643625192,2021-02-14 08:33:11.375209,2021-02-14 08:33:23.295577,0 days 00:00:11.920368,0.0031173799226617664,25,1.1712694176506924e-06,0.4869431643625192,,,PRUNED
422,422,0.5493087557603686,2021-02-14 08:33:23.295898,2021-02-14 08:37:18.375376,0 days 00:03:55.079478,6.179495257187652e-05,35,9.886276367594757e-06,0.6442396313364055,0.6178187403993856,,COMPLETE
423,423,0.447926267281106,2021-02-14 08:37:18.376059,2021-02-14 08:37:30.168976,0 days 00:00:11.792917,0.00426082983243307,25,2.3108450104552776e-06,0.447926267281106,,,PRUNED
424,424,0.5038402457757296,2021-02-14 08:37:30.169278,2021-02-14 08:37:41.994638,0 days 00:00:11.825360,0.003370631802436761,25,3.2756422508006725e-06,0.5038402457757296,,,PRUNED
425,425,0.4552995391705069,2021-02-14 08:37:41.994938,2021-02-14 08:38:13.513827,0 days 00:00:31.518889,2.84184201697055e-05,35,1.1469216655794508e-05,0.4552995391705069,,,PRUNED
426,426,0.49523809523809526,2021-02-14 08:38:13.514136,2021-02-14 08:38:25.299966,0 days 00:00:11.785830,0.002515423479234876,25,5.157313137015249e-06,0.49523809523809526,,,PRUNED
427,427,0.47772657450076805,2021-02-14 08:38:25.300258,2021-02-14 08:38:56.607462,0 days 00:00:31.307204,5.2744325013867045e-05,35,1.541248095034742e-05,0.47772657450076805,,,PRUNED
428,428,0.4857142857142857,2021-02-14 08:38:56.607737,2021-02-14 08:39:28.118495,0 days 00:00:31.510758,8.631793600447473e-05,40,1.0045350812411064e-05,0.4857142857142857,,,PRUNED
429,429,0.4380952380952381,2021-02-14 08:39:28.118779,2021-02-14 08:39:39.944837,0 days 00:00:11.826058,0.0017809891372358596,25,5.658879250779233e-06,0.4380952380952381,,,PRUNED
430,430,0.528110599078341,2021-02-14 08:39:39.945130,2021-02-14 08:39:51.725141,0 days 00:00:11.780011,0.002367697789345041,25,4.406993949174976e-06,0.528110599078341,,,PRUNED
431,431,0.46021505376344085,2021-02-14 08:39:51.725427,2021-02-14 08:40:23.138106,0 days 00:00:31.412679,5.9596163492686007e-05,30,1.3382667107251022e-05,0.46021505376344085,,,PRUNED
432,432,0.46144393241167436,2021-02-14 08:40:23.138407,2021-02-14 08:40:34.913834,0 days 00:00:11.775427,0.00020452000344878631,20,2.4230470602436407e-07,0.46144393241167436,,,PRUNED
433,433,0.4448540706605223,2021-02-14 08:40:34.914114,2021-02-14 08:40:46.852837,0 days 00:00:11.938723,0.001985773855700283,5,2.8897526215462116e-06,0.4448540706605223,,,PRUNED
434,434,0.5167434715821813,2021-02-14 08:40:46.853148,2021-02-14 08:40:58.677058,0 days 00:00:11.823910,0.002696842304188229,10,6.623111507945136e-06,0.5167434715821813,,,PRUNED
435,435,0.5,2021-02-14 08:40:58.677363,2021-02-14 08:41:10.488644,0 days 00:00:11.811281,0.015697660153771994,5,3.772448174704164e-06,0.5,,,PRUNED
436,436,0.5391705069124424,2021-02-14 08:41:10.488953,2021-02-14 08:41:41.909762,0 days 00:00:31.420809,0.0034358336096077255,30,7.247708051521395e-07,0.5634408602150538,0.5391705069124424,,PRUNED
437,437,0.49585253456221196,2021-02-14 08:41:41.910065,2021-02-14 08:42:13.232124,0 days 00:00:31.322059,0.0007611108456886963,15,1.8356879080892767e-06,0.5763440860215053,0.49585253456221196,,PRUNED
438,438,0.47619047619047616,2021-02-14 08:42:13.232434,2021-02-14 08:42:25.165958,0 days 00:00:11.933524,0.0013707093078149921,10,1.9943994915256407e-07,0.47619047619047616,,,PRUNED
439,439,0.5,2021-02-14 08:42:25.166295,2021-02-14 08:42:37.057427,0 days 00:00:11.891132,0.011028819286049712,10,3.4253022048405718e-06,0.5,,,PRUNED
440,440,0.5,2021-02-14 08:42:37.057709,2021-02-14 08:42:48.850599,0 days 00:00:11.792890,0.008916728536487114,10,2.5951727499962644e-06,0.5,,,PRUNED
441,441,0.4291858678955453,2021-02-14 08:42:48.850877,2021-02-14 08:43:00.679438,0 days 00:00:11.828561,0.005368390904282512,10,4.3491140545516395e-06,0.4291858678955453,,,PRUNED
442,442,0.4448540706605223,2021-02-14 08:43:00.679780,2021-02-14 08:44:30.983525,0 days 00:01:30.303745,0.0008483906651048413,20,1.4617458369420856e-07,0.4448540706605223,,,PRUNED
443,443,0.4325652841781874,2021-02-14 08:44:30.983830,2021-02-14 08:45:02.493985,0 days 00:00:31.510155,0.0031901886361962385,10,3.142588287206352e-06,0.5391705069124424,0.4325652841781874,,PRUNED
444,444,0.5307219662058372,2021-02-14 08:45:02.494300,2021-02-14 08:46:32.998145,0 days 00:01:30.503845,0.012320447309008975,10,3.4196462729181437e-07,0.5307219662058372,,,PRUNED
445,445,0.5646697388632872,2021-02-14 08:46:32.998444,2021-02-14 08:48:03.225162,0 days 00:01:30.226718,0.00012013662793243247,35,5.728550732277876e-05,0.5846390168970814,0.5646697388632872,,PRUNED
446,446,0.49615975422427033,2021-02-14 08:48:03.225440,2021-02-14 08:49:33.748518,0 days 00:01:30.523078,0.0003893224528114744,45,6.6957045203763905e-06,0.6021505376344086,0.49615975422427033,,PRUNED
447,447,0.4841781874039939,2021-02-14 08:49:33.748815,2021-02-14 08:50:05.248247,0 days 00:00:31.499432,0.002187010820434764,5,2.310043244002453e-06,0.5741935483870968,0.4841781874039939,,PRUNED
448,448,0.5345622119815668,2021-02-14 08:50:05.248603,2021-02-14 08:54:00.009961,0 days 00:03:54.761358,0.0028248659475154135,25,4.01301424437996e-06,0.5910906298003072,0.5612903225806452,0.5855606758832566,COMPLETE
449,449,0.45499231950844854,2021-02-14 08:54:00.010655,2021-02-14 08:54:11.760304,0 days 00:00:11.749649,0.0027817850819140187,25,4.736897842267305e-06,0.45499231950844854,,,PRUNED
450,450,0.5138248847926268,2021-02-14 08:54:11.760639,2021-02-14 08:55:41.818549,0 days 00:01:30.057910,0.005430524162501959,25,0.0002502035516248139,0.5138248847926268,,,PRUNED
451,451,0.47649769585253454,2021-02-14 08:55:41.818830,2021-02-14 08:57:11.679539,0 days 00:01:29.860709,0.009895146933796367,15,3.71617612434302e-06,0.47649769585253454,,,PRUNED
452,452,0.5192012288786483,2021-02-14 08:57:11.679871,2021-02-14 08:57:23.526413,0 days 00:00:11.846542,0.0023430342201776967,25,5.752269027203068e-06,0.5192012288786483,,,PRUNED
453,453,0.49523809523809526,2021-02-14 08:57:23.526737,2021-02-14 08:57:54.944870,0 days 00:00:31.418133,0.0037687710461947834,25,3.989470668376189e-06,0.6159754224270353,0.49523809523809526,,PRUNED
454,454,0.5142857142857142,2021-02-14 08:57:54.945210,2021-02-14 08:58:06.679818,0 days 00:00:11.734608,2.6714055115414554e-05,25,2.860544216453827e-06,0.5142857142857142,,,PRUNED
455,455,0.5072196620583718,2021-02-14 08:58:06.680119,2021-02-14 08:58:38.182341,0 days 00:00:31.502222,7.094656230816064e-05,30,1.8246846156226146e-05,0.5072196620583718,,,PRUNED
456,456,0.541321044546851,2021-02-14 08:58:38.182635,2021-02-14 08:59:09.645939,0 days 00:00:31.463304,4.293623962037647e-05,25,9.111789134941886e-06,0.541321044546851,,,PRUNED
457,457,0.5032258064516129,2021-02-14 08:59:09.646245,2021-02-14 09:00:39.545279,0 days 00:01:29.899034,0.002365802875770872,40,0.000721667027964733,0.5032258064516129,,,PRUNED
458,458,0.5293394777265745,2021-02-14 09:00:39.545592,2021-02-14 09:01:11.008044,0 days 00:00:31.462452,0.003869129034318416,40,1.1637205397410135e-05,0.5293394777265745,,,PRUNED
459,459,0.5072196620583718,2021-02-14 09:01:11.008363,2021-02-14 09:01:22.775015,0 days 00:00:11.766652,0.00467139907786249,25,3.4975391303823734e-06,0.5072196620583718,,,PRUNED
460,460,0.47772657450076805,2021-02-14 09:01:22.775349,2021-02-14 09:02:53.215244,0 days 00:01:30.439895,0.00023014781302715175,20,0.0001497804278897367,0.47772657450076805,,,PRUNED
461,461,0.44516129032258067,2021-02-14 09:02:53.215553,2021-02-14 09:04:23.364764,0 days 00:01:30.149211,0.0073321039870973825,5,7.801905426367113e-07,0.44516129032258067,,,PRUNED
462,462,0.5296466973886329,2021-02-14 09:04:23.365063,2021-02-14 09:08:35.805790,0 days 00:04:12.440727,0.0003330383391544527,25,9.795293621208253e-06,0.5459293394777266,,,COMPLETE
463,463,0.4927803379416283,2021-02-14 09:08:35.806556,2021-02-14 09:08:52.245583,0 days 00:00:16.439027,0.0017242700806814363,5,4.879574142867766e-06,0.4927803379416283,,,PRUNED
464,464,0.4608294930875576,2021-02-14 09:08:52.245901,2021-02-14 09:09:07.979561,0 days 00:00:15.733660,0.006204571418997462,10,3.9810942649722035e-06,0.4608294930875576,,,PRUNED
465,465,0.5081413210445469,2021-02-14 09:09:07.979883,2021-02-14 09:14:07.631668,0 days 00:04:59.651785,0.00018306573833171935,20,0.0003692761760767774,0.5477726574500767,,,COMPLETE
466,466,0.506605222734255,2021-02-14 09:14:07.632382,2021-02-14 09:16:01.709403,0 days 00:01:54.077021,0.0005842626503103794,20,2.521238655895026e-05,0.506605222734255,,,PRUNED
467,467,0.546236559139785,2021-02-14 09:16:01.709727,2021-02-14 09:17:54.685063,0 days 00:01:52.975336,0.0029098595268795707,25,2.818742338310318e-07,0.5754224270353303,0.5708141321044546,0.546236559139785,PRUNED
468,468,0.47219662058371736,2021-02-14 09:17:54.685379,2021-02-14 09:18:10.462480,0 days 00:00:15.777101,0.002668283567135675,25,4.6494938128223913e-07,0.47219662058371736,,,PRUNED
469,469,0.546236559139785,2021-02-14 09:18:10.462818,2021-02-14 09:23:10.778480,0 days 00:05:00.315662,0.0003605227738674992,15,4.899423597526737e-05,0.5655913978494623,,,COMPLETE
470,470,0.6030721966205838,2021-02-14 09:23:10.779224,2021-02-14 09:28:09.544172,0 days 00:04:58.764948,0.000698117850382348,20,9.099587656291345e-05,0.5514592933947773,,,COMPLETE
471,471,0.5244239631336406,2021-02-14 09:28:09.545381,2021-02-14 09:28:25.368236,0 days 00:00:15.822855,0.00018057760662392515,25,1.4034185117195482e-07,0.5244239631336406,,,PRUNED
