,number,value,datetime_start,datetime_complete,duration,params_lr,params_out_dim,params_scheduler_gamma,params_weight_decay,system_attrs_completed_rung_0,system_attrs_completed_rung_1,system_attrs_completed_rung_2,state
213,213,0.7179023508137432,2021-02-16 17:45:25.920307,2021-02-16 17:46:29.098579,0 days 00:01:03.178272,6.967782515728261e-05,50,0.9966360402902398,13.611691202824419,0.7179023508137432,,,PRUNED
214,214,0.7115732368896925,2021-02-16 17:46:29.098855,2021-02-16 17:50:23.817661,0 days 00:03:54.718806,2.575001617308669e-05,60,0.9949910746740354,16.726567676985365,0.7368896925858951,0.7432188065099458,,COMPLETE
215,215,0.7314647377938517,2021-02-16 17:50:23.818271,2021-02-16 17:50:58.828166,0 days 00:00:35.009895,0.0002636556927529606,40,0.9954591032765294,19.220269738955636,0.7314647377938517,,,PRUNED
216,216,0.7323688969258589,2021-02-16 17:50:58.828480,2021-02-16 17:51:33.806426,0 days 00:00:34.977946,0.00020903795347405245,20,0.9957679031568938,19.9807743776185,0.7323688969258589,,,PRUNED
217,217,0.7260397830018083,2021-02-16 17:51:33.806707,2021-02-16 17:52:07.238371,0 days 00:00:33.431664,2.5785189088727143e-05,50,0.9940248810863003,15.943606354918714,0.7260397830018083,,,PRUNED
218,218,0.7224231464737794,2021-02-16 17:52:07.238674,2021-02-16 17:54:28.386156,0 days 00:02:21.147482,7.32088023211987e-05,60,0.9914397102879755,2.733906374901091,0.7224231464737794,,,PRUNED
219,219,0.705244122965642,2021-02-16 17:54:28.386494,2021-02-16 17:58:25.273935,0 days 00:03:56.887441,9.026374997395764e-05,40,0.9900768530912721,4.296300534530832,0.7459312839059674,,,COMPLETE
220,220,0.7251356238698011,2021-02-16 17:58:25.274581,2021-02-16 17:59:25.573568,0 days 00:01:00.298987,2.6328920270135645e-05,60,0.994340317916567,16.782650992267786,0.7251356238698011,,,PRUNED
221,221,0.7296564195298373,2021-02-16 17:59:25.573825,2021-02-16 18:01:47.629818,0 days 00:02:22.055993,0.00023255325700414917,90,0.9946192409754101,10.169963079983987,0.7296564195298373,,,PRUNED
222,222,0.7296564195298373,2021-02-16 18:01:47.630124,2021-02-16 18:02:48.381260,0 days 00:01:00.751136,0.001049195888747486,60,0.9964583742015191,18.441408725057485,0.7350813743218807,0.7296564195298373,,PRUNED
223,223,0.7323688969258589,2021-02-16 18:02:48.381516,2021-02-16 18:03:24.700835,0 days 00:00:36.319319,0.00022671131652231727,60,0.9956950891451793,16.776075094966863,0.7323688969258589,,,PRUNED
224,224,0.7323688969258589,2021-02-16 18:03:24.701141,2021-02-16 18:03:57.615891,0 days 00:00:32.914750,0.00014562622948618815,60,0.9945785431832227,17.2587517488678,0.7323688969258589,,,PRUNED
225,225,0.6645569620253164,2021-02-16 18:03:57.616170,2021-02-16 18:05:56.992171,0 days 00:01:59.376001,1.0563043313316282e-05,60,0.993647957559515,17.923590180265464,0.7386980108499096,0.6645569620253164,,PRUNED
226,226,0.7215189873417721,2021-02-16 18:05:56.992419,2021-02-16 18:06:46.484862,0 days 00:00:49.492443,1.885576748903493e-05,50,0.995180013319729,16.037253004367408,0.7215189873417721,,,PRUNED
227,227,0.7323688969258589,2021-02-16 18:06:46.485119,2021-02-16 18:07:14.284080,0 days 00:00:27.798961,0.0003263227591340894,60,0.9937156220200045,13.79591893264524,0.7323688969258589,,,PRUNED
228,228,0.7332730560578662,2021-02-16 18:07:14.284338,2021-02-16 18:07:42.469214,0 days 00:00:28.184876,0.00045136596741570355,50,0.9952250417701775,17.817539789997785,0.7332730560578662,,,PRUNED
229,229,0.7332730560578662,2021-02-16 18:07:42.469475,2021-02-16 18:09:38.405440,0 days 00:01:55.935965,0.000283124376971223,50,0.9960401400638558,18.80866939212446,0.7377938517179023,0.7350813743218807,0.7332730560578662,PRUNED
230,230,0.7251356238698011,2021-02-16 18:09:38.405698,2021-02-16 18:11:32.896404,0 days 00:01:54.490706,3.0482199976217593e-05,70,0.9956230078224048,15.317007705402933,0.7359855334538878,0.7251356238698011,,PRUNED
231,231,0.7323688969258589,2021-02-16 18:11:32.896672,2021-02-16 18:15:10.532735,0 days 00:03:37.636063,0.0003946673786075808,70,0.9955893110325307,15.477960270043756,0.7432188065099458,0.7368896925858951,0.7341772151898734,COMPLETE
232,232,0.7341772151898734,2021-02-16 18:15:10.533330,2021-02-16 18:15:39.971650,0 days 00:00:29.438320,0.0005240011559778725,80,0.9962757325020971,15.372092503078392,0.7341772151898734,,,PRUNED
233,233,0.7278481012658228,2021-02-16 18:15:39.971914,2021-02-16 18:17:33.871826,0 days 00:01:53.899912,2.561290852473548e-05,80,0.9959032876212381,5.893164543346572,0.7278481012658228,,,PRUNED
234,234,0.7332730560578662,2021-02-16 18:17:33.872094,2021-02-16 18:18:01.787344,0 days 00:00:27.915250,0.0003776921398506435,70,0.9954825988210301,16.226520435356843,0.7332730560578662,,,PRUNED
235,235,0.7332730560578662,2021-02-16 18:18:01.787590,2021-02-16 18:18:29.642942,0 days 00:00:27.855352,0.0001784599442114939,70,0.9958720703197813,13.236265962426408,0.7332730560578662,,,PRUNED
236,236,0.6989150090415913,2021-02-16 18:18:29.643213,2021-02-16 18:19:19.357966,0 days 00:00:49.714753,3.2658447533065095e-05,70,0.9932271693255555,15.050404373366286,0.7603978300180831,0.6989150090415913,,PRUNED
237,237,0.7341772151898734,2021-02-16 18:19:19.358226,2021-02-16 18:19:47.457500,0 days 00:00:28.099274,0.0002214512713741849,60,0.9953353282504762,16.9793490262017,0.7341772151898734,,,PRUNED
238,238,0.7305605786618445,2021-02-16 18:19:47.457749,2021-02-16 18:21:41.756846,0 days 00:01:54.299097,0.00020358397340119116,90,0.9943348938395961,8.61263774407379,0.7305605786618445,,,PRUNED
239,239,0.7323688969258589,2021-02-16 18:21:41.757112,2021-02-16 18:24:49.890962,0 days 00:03:08.133850,0.00026060508539444733,50,0.9960324854233179,16.50295451154624,0.7377938517179023,0.7350813743218807,0.7341772151898734,COMPLETE
240,240,0.7305605786618445,2021-02-16 18:24:49.891577,2021-02-16 18:25:17.889220,0 days 00:00:27.997643,0.0004120188289327755,40,0.9965759745652251,15.897811084601843,0.7305605786618445,,,PRUNED
241,241,0.7323688969258589,2021-02-16 18:25:17.889490,2021-02-16 18:25:45.766400,0 days 00:00:27.876910,0.000320357927880509,50,0.9956054159786447,17.508108860225462,0.7323688969258589,,,PRUNED
242,242,0.7323688969258589,2021-02-16 18:25:45.766670,2021-02-16 18:28:53.658598,0 days 00:03:07.891928,0.00035809627789342417,70,0.9970863645156202,7.0619386926530945,0.7341772151898734,,,COMPLETE
243,243,0.72875226039783,2021-02-16 18:28:53.659209,2021-02-16 18:29:43.181628,0 days 00:00:49.522419,0.00026979238377079204,80,0.9969419020304773,11.328131508153515,0.7377938517179023,0.72875226039783,,PRUNED
244,244,0.7296564195298373,2021-02-16 18:29:43.181918,2021-02-16 18:30:11.245904,0 days 00:00:28.063986,7.484097057474888e-05,50,0.9947681268591965,16.478603966832985,0.7296564195298373,,,PRUNED
245,245,0.7278481012658228,2021-02-16 18:30:11.246180,2021-02-16 18:30:39.346304,0 days 00:00:28.100124,0.00010478879110227058,40,0.994285432343424,18.190825938741217,0.7278481012658228,,,PRUNED
246,246,0.7179023508137432,2021-02-16 18:30:39.346572,2021-02-16 18:33:48.017361,0 days 00:03:08.670789,4.586235628679041e-05,60,0.9950728543492211,12.321925727889774,0.7359855334538878,0.7368896925858951,,COMPLETE
247,247,0.7251356238698011,2021-02-16 18:33:48.017973,2021-02-16 18:34:37.439863,0 days 00:00:49.421890,0.00015336791562447092,50,0.9961447710125992,19.321895282097216,0.7350813743218807,0.7251356238698011,,PRUNED
248,248,0.7314647377938517,2021-02-16 18:34:37.440132,2021-02-16 18:35:05.286864,0 days 00:00:27.846732,0.00019246153602805752,30,0.9985958179386919,14.176304887545404,0.7314647377938517,,,PRUNED
249,249,0.7323688969258589,2021-02-16 18:35:05.287139,2021-02-16 18:35:33.013835,0 days 00:00:27.726696,0.00012163191999710938,50,0.9958329686692649,15.606368528172741,0.7323688969258589,,,PRUNED
250,250,0.7341772151898734,2021-02-16 18:35:33.014111,2021-02-16 18:36:01.103926,0 days 00:00:28.089815,0.0002696826652247921,60,0.9957154588658481,16.889336827233862,0.7341772151898734,,,PRUNED
251,251,0.740506329113924,2021-02-16 18:36:01.104169,2021-02-16 18:39:08.923934,0 days 00:03:07.819765,9.199028647848426e-05,60,0.9943537122896132,11.896864060996435,0.7359855334538878,0.7450271247739603,,COMPLETE
252,252,0.7314647377938517,2021-02-16 18:39:08.924544,2021-02-16 18:42:16.434368,0 days 00:03:07.509824,0.0002234143466565979,60,0.9953210299448596,16.421777860118794,0.7377938517179023,0.7350813743218807,0.7350813743218807,COMPLETE
253,253,0.7341772151898734,2021-02-16 18:42:16.434968,2021-02-16 18:43:05.520675,0 days 00:00:49.085707,0.0003710124429520156,60,0.9950050575671477,16.28673098315152,0.7350813743218807,0.7341772151898734,,PRUNED
254,254,0.720614828209765,2021-02-16 18:43:05.520940,2021-02-16 18:46:13.780106,0 days 00:03:08.259166,4.440710780240615e-05,60,0.9943751787481465,12.489363624056914,0.7504520795660036,0.7396021699819169,,COMPLETE
255,255,0.7296564195298373,2021-02-16 18:46:13.780709,2021-02-16 18:46:41.380570,0 days 00:00:27.599861,0.0002239966163196003,70,0.9953152444039474,18.534259434895144,0.7296564195298373,,,PRUNED
256,256,0.7332730560578662,2021-02-16 18:46:41.380845,2021-02-16 18:47:30.710268,0 days 00:00:49.329423,0.00014113712784997765,70,0.993267584710553,12.303549065681642,0.7332730560578662,,,PRUNED
257,257,0.7323688969258589,2021-02-16 18:47:30.710517,2021-02-16 18:47:58.403480,0 days 00:00:27.692963,0.0003195945131138445,50,0.995544800496412,19.993752666567616,0.7323688969258589,,,PRUNED
258,258,0.72875226039783,2021-02-16 18:47:58.403786,2021-02-16 18:48:26.346351,0 days 00:00:27.942565,0.00016880968245579697,40,0.9963204344774261,15.733388910763402,0.72875226039783,,,PRUNED
259,259,0.7332730560578662,2021-02-16 18:48:26.346625,2021-02-16 18:50:20.445185,0 days 00:01:54.098560,0.00013439757522812668,50,0.9951592377310474,14.641922389109167,0.7396021699819169,0.7368896925858951,0.7332730560578662,PRUNED
260,260,0.7070524412296564,2021-02-16 18:50:20.445470,2021-02-16 18:52:14.881802,0 days 00:01:54.436332,0.001303694057110158,70,0.9971253984977804,7.176877380674597,0.7070524412296564,,,PRUNED
261,261,0.7296564195298373,2021-02-16 18:52:14.882084,2021-02-16 18:54:08.881886,0 days 00:01:53.999802,0.0008621644899544512,50,0.9985583545090115,6.356946408102537,0.7296564195298373,,,PRUNED
262,262,0.7341772151898734,2021-02-16 18:54:08.882188,2021-02-16 18:54:58.279727,0 days 00:00:49.397539,0.00025791643367239483,70,0.9948079296292878,17.970478774258304,0.7386980108499096,0.7341772151898734,,PRUNED
263,263,0.7323688969258589,2021-02-16 18:54:58.280024,2021-02-16 18:55:25.886740,0 days 00:00:27.606716,0.000490561663391723,60,0.9960261559705683,18.99033682485366,0.7323688969258589,,,PRUNED
264,264,0.7341772151898734,2021-02-16 18:55:25.887051,2021-02-16 18:55:53.757284,0 days 00:00:27.870233,0.0006336051858666289,50,0.9953023171151186,17.219126629158175,0.7341772151898734,,,PRUNED
265,265,0.7323688969258589,2021-02-16 18:55:53.757562,2021-02-16 18:56:43.440017,0 days 00:00:49.682455,9.647044047264346e-05,60,0.9942006682182922,11.05845897252513,0.7323688969258589,,,PRUNED
266,266,0.7305605786618445,2021-02-16 18:56:43.440284,2021-02-16 18:57:32.817974,0 days 00:00:49.377690,0.00023410505315896106,60,0.9956582270011504,16.568155198490874,0.7377938517179023,0.7305605786618445,,PRUNED
267,267,0.7314647377938517,2021-02-16 18:57:32.818244,2021-02-16 19:00:40.635882,0 days 00:03:07.817638,0.00019400587690717664,60,0.9958428476363119,16.11161190287006,0.7386980108499096,0.7423146473779385,0.7359855334538878,COMPLETE
268,268,0.7341772151898734,2021-02-16 19:00:40.636482,2021-02-16 19:01:29.982985,0 days 00:00:49.346503,0.00019375899026603227,60,0.9959194868167537,15.189992796730902,0.7368896925858951,0.7341772151898734,,PRUNED
269,269,0.7323688969258589,2021-02-16 19:01:29.983267,2021-02-16 19:01:57.754791,0 days 00:00:27.771524,0.00029989091299502277,60,0.9961954620579669,16.118854618434135,0.7323688969258589,,,PRUNED
270,270,0.7332730560578662,2021-02-16 19:01:57.755061,2021-02-16 19:03:52.178698,0 days 00:01:54.423637,4.7162009009819095e-05,80,0.9946007689352123,13.765860052461493,0.7396021699819169,0.7332730560578662,,PRUNED
271,271,0.7332730560578662,2021-02-16 19:03:52.178980,2021-02-16 19:04:41.702081,0 days 00:00:49.523101,0.00015841394783270112,50,0.9954794391025188,19.61720475316402,0.7359855334538878,0.7332730560578662,,PRUNED
272,272,0.7314647377938517,2021-02-16 19:04:41.702360,2021-02-16 19:05:09.388458,0 days 00:00:27.686098,0.00041752620822632457,60,0.996531223935004,15.595980301688265,0.7314647377938517,,,PRUNED
273,273,0.72875226039783,2021-02-16 19:05:09.388742,2021-02-16 19:05:58.778444,0 days 00:00:49.389702,0.00021179380211203578,70,0.9949838541830803,9.674489932685647,0.7377938517179023,0.72875226039783,,PRUNED
274,274,0.7233273056057866,2021-02-16 19:05:58.778727,2021-02-16 19:06:48.315834,0 days 00:00:49.537107,6.425081860376967e-05,60,0.9929991222442457,12.005472944382998,0.7233273056057866,,,PRUNED
275,275,0.7377938517179023,2021-02-16 19:06:48.316091,2021-02-16 19:09:56.466729,0 days 00:03:08.150638,3.8991561261361877e-05,60,0.9967862314789503,3.7309158895184575,0.7377938517179023,,,COMPLETE
276,276,0.720614828209765,2021-02-16 19:09:56.467333,2021-02-16 19:10:45.641969,0 days 00:00:49.174636,3.8528072988704945e-05,70,0.9938788753763049,12.723743749590176,0.720614828209765,,,PRUNED
277,277,0.701627486437613,2021-02-16 19:10:45.642242,2021-02-16 19:13:53.401695,0 days 00:03:07.759453,1.5407457899597596e-05,40,0.9976743561606851,1.5332053125405105,0.7468354430379747,,,COMPLETE
278,278,0.7296564195298373,2021-02-16 19:13:53.402310,2021-02-16 19:15:47.526294,0 days 00:01:54.123984,0.0003402684086678254,40,0.9945119617054978,18.72891390025846,0.7359855334538878,0.7350813743218807,0.7296564195298373,PRUNED
279,279,0.7269439421338155,2021-02-16 19:15:47.526563,2021-02-16 19:17:41.945623,0 days 00:01:54.419060,3.462868016617182e-05,50,0.992595383167406,3.194414698724451,0.7269439421338155,,,PRUNED
280,280,0.7314647377938517,2021-02-16 19:17:41.945899,2021-02-16 19:18:31.248267,0 days 00:00:49.302368,0.00011294614388374056,50,0.9959350165686229,14.79180639497974,0.740506329113924,0.7314647377938517,,PRUNED
281,281,0.7305605786618445,2021-02-16 19:18:31.248548,2021-02-16 19:18:58.981635,0 days 00:00:27.733087,0.0002480873996550891,60,0.9975972161269139,16.53690166575315,0.7305605786618445,,,PRUNED
282,282,0.7314647377938517,2021-02-16 19:18:58.981913,2021-02-16 19:19:26.705267,0 days 00:00:27.723354,0.00017734100211944367,60,0.9957191687388183,17.439907343271297,0.7314647377938517,,,PRUNED
283,283,0.7332730560578662,2021-02-16 19:19:26.705532,2021-02-16 19:19:54.372506,0 days 00:00:27.666974,0.000270985453345479,50,0.9960782038446274,17.03003359530865,0.7332730560578662,,,PRUNED
284,284,0.7332730560578662,2021-02-16 19:19:54.372781,2021-02-16 19:20:21.919644,0 days 00:00:27.546863,0.00022551095074963684,60,0.9954058402298258,17.823670253359683,0.7332730560578662,,,PRUNED
285,285,0.7269439421338155,2021-02-16 19:20:21.919908,2021-02-16 19:21:11.077218,0 days 00:00:49.157310,0.00017612918594329718,60,0.9950930636437072,10.933250496336669,0.7269439421338155,,,PRUNED
286,286,0.72875226039783,2021-02-16 19:21:11.077495,2021-02-16 19:22:00.130563,0 days 00:00:49.053068,0.00013996183676604968,60,0.9956028133708962,16.629212856377336,0.7350813743218807,0.72875226039783,,PRUNED
287,287,0.7332730560578662,2021-02-16 19:22:00.130870,2021-02-16 19:22:49.358609,0 days 00:00:49.227739,0.0003163004336087339,50,0.9963631656461815,16.00743952206364,0.7396021699819169,0.7332730560578662,,PRUNED
288,288,0.7341772151898734,2021-02-16 19:22:49.358898,2021-02-16 19:23:17.036705,0 days 00:00:27.677807,0.00019205372314516232,50,0.9958786154912447,18.289187572327844,0.7341772151898734,,,PRUNED
289,289,0.7332730560578662,2021-02-16 19:23:17.036988,2021-02-16 19:24:06.272034,0 days 00:00:49.235046,0.00028102463906687803,50,0.9967490409890104,19.25860124281873,0.7368896925858951,0.7332730560578662,,PRUNED
290,290,0.7242314647377939,2021-02-16 19:24:06.272326,2021-02-16 19:26:00.273711,0 days 00:01:54.001385,1.0255915924065063e-05,30,0.9985655539900234,2.097456924896761,0.7242314647377939,,,PRUNED
291,291,0.7296564195298373,2021-02-16 19:26:00.273979,2021-02-16 19:26:28.004035,0 days 00:00:27.730056,0.000368425002244179,70,0.9951309359282327,17.032956778348865,0.7296564195298373,,,PRUNED
292,292,0.7197106690777577,2021-02-16 19:26:28.004309,2021-02-16 19:28:22.061171,0 days 00:01:54.056862,7.622593259426358e-05,60,0.9967723127168776,4.253786539430661,0.7197106690777577,,,PRUNED
293,293,0.720614828209765,2021-02-16 19:28:22.061459,2021-02-16 19:28:49.765776,0 days 00:00:27.704317,9.441387637441356e-05,60,0.9952387469532076,17.629138622571695,0.720614828209765,,,PRUNED
294,294,0.720614828209765,2021-02-16 19:28:49.766083,2021-02-16 19:30:44.003788,0 days 00:01:54.237705,1.7689249086797208e-05,70,0.9975021999973119,7.23107617524641,0.720614828209765,,,PRUNED
295,295,0.7332730560578662,2021-02-16 19:30:44.004072,2021-02-16 19:31:11.815694,0 days 00:00:27.811622,0.0004372010640791215,40,0.9961077219226927,19.549731110209326,0.7332730560578662,,,PRUNED
296,296,0.7260397830018083,2021-02-16 19:31:11.815971,2021-02-16 19:31:39.629886,0 days 00:00:27.813915,0.00024390499411665252,50,0.9958266906374305,16.843486165287278,0.7260397830018083,,,PRUNED
297,297,0.7341772151898734,2021-02-16 19:31:39.630160,2021-02-16 19:32:07.318629,0 days 00:00:27.688469,0.0002942647498832625,50,0.9956534431696485,16.24541271383101,0.7341772151898734,,,PRUNED
298,298,0.7332730560578662,2021-02-16 19:32:07.318913,2021-02-16 19:32:56.524998,0 days 00:00:49.206085,0.00020097870512187163,60,0.9954384367543012,17.276950437222016,0.7350813743218807,0.7332730560578662,,PRUNED
299,299,0.7215189873417721,2021-02-16 19:32:56.525311,2021-02-16 19:33:45.596214,0 days 00:00:49.070903,8.190557491152291e-05,60,0.9917069598787758,14.626603580657683,0.7215189873417721,,,PRUNED
300,300,0.7197106690777577,2021-02-16 19:33:45.596494,2021-02-16 19:34:35.168766,0 days 00:00:49.572272,2.5159703118535296e-05,50,0.9944350831422304,14.984377154009634,0.7197106690777577,,,PRUNED
301,301,0.72875226039783,2021-02-16 19:34:35.169044,2021-02-16 19:36:29.695240,0 days 00:01:54.526196,5.81536762508479e-05,60,0.9967752047139236,5.452558628643759,0.72875226039783,,,PRUNED
302,302,0.7233273056057866,2021-02-16 19:36:29.695532,2021-02-16 19:37:18.746118,0 days 00:00:49.050586,4.918903243219282e-05,70,0.9927235105269517,13.013677544314712,0.7233273056057866,,,PRUNED
303,303,0.7043399638336347,2021-02-16 19:37:18.746416,2021-02-16 19:39:13.256482,0 days 00:01:54.510066,1.3959021514064503e-05,50,0.9912073799089494,14.068524265025541,0.7332730560578662,0.7043399638336347,,PRUNED
304,304,0.7314647377938517,2021-02-16 19:39:13.256760,2021-02-16 19:39:41.217887,0 days 00:00:27.961127,0.00024669605675118494,50,0.9962293921612144,19.00708864017486,0.7314647377938517,,,PRUNED
305,305,0.7224231464737794,2021-02-16 19:39:41.218200,2021-02-16 19:40:30.569078,0 days 00:00:49.350878,3.300754928767775e-05,60,0.9949648357203619,9.915134831997232,0.7224231464737794,,,PRUNED
306,306,0.7423146473779385,2021-02-16 19:40:30.569385,2021-02-16 19:43:38.447259,0 days 00:03:07.877874,1.7372184445256034e-05,60,0.9923179017683015,11.414770869775813,0.7450271247739603,0.7386980108499096,,COMPLETE
307,307,0.72875226039783,2021-02-16 19:43:38.447884,2021-02-16 19:44:05.974465,0 days 00:00:27.526581,0.00016976996295840391,60,0.995814878862791,15.40868074921022,0.72875226039783,,,PRUNED
308,308,0.7350813743218807,2021-02-16 19:44:05.974779,2021-02-16 19:47:14.111322,0 days 00:03:08.136543,0.00011684411841568051,70,0.9981355798230197,11.063123163422478,0.7350813743218807,,,COMPLETE
309,309,0.7269439421338155,2021-02-16 19:47:14.111953,2021-02-16 19:50:22.104582,0 days 00:03:07.992629,0.00011233935431180847,80,0.9979960991430536,12.851228989456839,0.7368896925858951,,,COMPLETE
310,310,0.7341772151898734,2021-02-16 19:50:22.105197,2021-02-16 19:50:49.887088,0 days 00:00:27.781891,0.0003666924914401285,70,0.9959962589999866,18.109536669587005,0.7341772151898734,,,PRUNED
311,311,0.6907775768535263,2021-02-16 19:50:49.887385,2021-02-16 19:52:43.751777,0 days 00:01:53.864392,1.7462761267337887e-05,100,0.9924331766642035,11.414743678468463,0.7332730560578662,0.6907775768535263,,PRUNED
312,312,0.72875226039783,2021-02-16 19:52:43.752070,2021-02-16 19:53:32.986337,0 days 00:00:49.234267,0.00021561401450768893,50,0.9955872979262839,15.868631615258517,0.7350813743218807,0.72875226039783,,PRUNED
313,313,0.7341772151898734,2021-02-16 19:53:32.986638,2021-02-16 19:54:22.428685,0 days 00:00:49.442047,0.00015498716842277395,50,0.9953042980966724,18.57449327296937,0.740506329113924,0.7341772151898734,,PRUNED
314,314,0.7350813743218807,2021-02-16 19:54:22.428963,2021-02-16 19:57:30.403055,0 days 00:03:07.974092,0.0001207287867657548,80,0.9923434511484378,12.37381925654168,0.7359855334538878,0.7359855334538878,,COMPLETE
315,315,0.7314647377938517,2021-02-16 19:57:30.403704,2021-02-16 19:57:58.208230,0 days 00:00:27.804526,0.00030788408878035977,40,0.9964658215652618,16.614707250681587,0.7314647377938517,,,PRUNED
316,316,0.7305605786618445,2021-02-16 19:57:58.208516,2021-02-16 19:58:26.010574,0 days 00:00:27.802058,0.00026577496012044087,20,0.9948939522240345,19.95995347838267,0.7305605786618445,,,PRUNED
317,317,0.7233273056057866,2021-02-16 19:58:26.010878,2021-02-16 20:00:20.002864,0 days 00:01:53.991986,4.8355104996408534e-05,60,0.998391237078768,11.227690334280874,0.7233273056057866,,,PRUNED
318,318,0.7323688969258589,2021-02-16 20:00:20.003171,2021-02-16 20:00:47.860184,0 days 00:00:27.857013,0.00012646027266294312,40,0.9978031322419799,16.166490835974347,0.7323688969258589,,,PRUNED
319,319,0.7314647377938517,2021-02-16 20:00:47.860506,2021-02-16 20:01:15.799029,0 days 00:00:27.938523,6.406294503845793e-05,40,0.9963237822635557,17.105203297029313,0.7314647377938517,,,PRUNED
