,number,value,datetime_start,datetime_complete,duration,params_lr,params_out_dim,params_weight_decay,system_attrs_completed_rung_0,system_attrs_completed_rung_1,system_attrs_completed_rung_2,state
472,472,0.5397849462365591,2021-02-14 09:28:25.368555,2021-02-14 09:29:04.432014,0 days 00:00:39.063459,0.002945056663081312,25,3.253367851177737e-07,0.5548387096774193,0.5397849462365591,,PRUNED
473,473,0.4291858678955453,2021-02-14 09:29:04.432333,2021-02-14 09:29:20.481802,0 days 00:00:16.049469,0.002129902998446378,20,2.6359519956463963e-07,0.4291858678955453,,,PRUNED
474,474,0.4543778801843318,2021-02-14 09:29:20.482133,2021-02-14 09:29:36.037544,0 days 00:00:15.555411,0.0010243387482236777,25,2.9155295903190426e-07,0.4543778801843318,,,PRUNED
475,475,0.5342549923195085,2021-02-14 09:29:36.037865,2021-02-14 09:31:29.072407,0 days 00:01:53.034542,0.0007405476050795972,45,0.00012007524891938851,0.5342549923195085,,,PRUNED
476,476,0.513978494623656,2021-02-14 09:31:29.072742,2021-02-14 09:33:22.483873,0 days 00:01:53.411131,0.00042170427723958243,25,0.000929820037472647,0.513978494623656,,,PRUNED
477,477,0.4393241167434716,2021-02-14 09:33:22.484198,2021-02-14 09:33:36.343932,0 days 00:00:13.859734,0.00024671968522875276,5,1.3150129586718854e-05,0.4393241167434716,,,PRUNED
478,478,0.5,2021-02-14 09:33:36.344283,2021-02-14 09:35:34.868640,0 days 00:01:58.524357,0.01714933336170764,20,6.491497614032628e-05,0.5,,,PRUNED
479,479,0.5,2021-02-14 09:35:34.868969,2021-02-14 09:36:13.459082,0 days 00:00:38.590113,0.01029089919820993,35,2.6536910303545993e-06,0.5,,,PRUNED
480,480,0.5582181259600615,2021-02-14 09:36:13.459422,2021-02-14 09:41:13.021226,0 days 00:04:59.561804,0.0009564330999864061,50,7.5020502496841875e-06,0.6055299539170507,,,COMPLETE
481,481,0.5990783410138248,2021-02-14 09:41:13.022402,2021-02-14 09:46:11.841392,0 days 00:04:58.818990,0.0001974452888986585,45,0.00013494719716254782,0.578494623655914,0.6516129032258065,,COMPLETE
482,482,0.4786482334869432,2021-02-14 09:46:11.842187,2021-02-14 09:51:11.158424,0 days 00:04:59.316237,0.003237183378316142,25,5.705456093906327e-07,0.5536098310291858,0.623963133640553,0.57357910906298,COMPLETE
483,483,0.4543778801843318,2021-02-14 09:51:11.159190,2021-02-14 09:51:23.912723,0 days 00:00:12.753533,0.0036567558351280264,25,6.110114854007109e-07,0.4543778801843318,,,PRUNED
484,484,0.5772657450076805,2021-02-14 09:51:23.913048,2021-02-14 09:56:21.626082,0 days 00:04:57.713034,0.00019101013218534213,45,9.071053152729985e-05,0.570199692780338,0.6405529953917051,,COMPLETE
485,485,0.4789554531490015,2021-02-14 09:56:21.626900,2021-02-14 09:56:39.007760,0 days 00:00:17.380860,0.0030476338835651946,25,5.522859886483964e-07,0.4789554531490015,,,PRUNED
486,486,0.4626728110599078,2021-02-14 09:56:39.008118,2021-02-14 09:56:55.004952,0 days 00:00:15.996834,0.003277334567081534,25,3.4987083046465204e-07,0.4626728110599078,,,PRUNED
487,487,0.5585253456221199,2021-02-14 09:56:55.005285,2021-02-14 09:58:47.105838,0 days 00:01:52.100553,0.00018368237018402878,45,8.702994447290221e-05,0.5717357910906298,0.5585253456221199,,PRUNED
488,488,0.5975422427035331,2021-02-14 09:58:47.106320,2021-02-14 10:03:47.468545,0 days 00:05:00.362225,0.001028541045470089,50,1.210433486299279e-05,0.5572964669738864,,,COMPLETE
489,489,0.48540706605222733,2021-02-14 10:03:47.469303,2021-02-14 10:04:03.291144,0 days 00:00:15.821841,0.0004481773140527774,5,8.075124740284278e-07,0.48540706605222733,,,PRUNED
490,490,0.5023041474654378,2021-02-14 10:04:03.291488,2021-02-14 10:04:18.599067,0 days 00:00:15.307579,0.0025917224400760506,30,7.082831705625488e-07,0.5023041474654378,,,PRUNED
491,491,0.4998463901689708,2021-02-14 10:04:18.599408,2021-02-14 10:04:31.659324,0 days 00:00:13.059916,0.004175177313401295,25,4.5475984787566224e-07,0.4998463901689708,,,PRUNED
492,492,0.5207373271889401,2021-02-14 10:04:31.659647,2021-02-14 10:05:13.000584,0 days 00:00:41.340937,0.00014538760430853423,45,0.00013420874348027447,0.5207373271889401,,,PRUNED
493,493,0.5317972350230414,2021-02-14 10:05:13.000913,2021-02-14 10:05:51.192472,0 days 00:00:38.191559,0.00019874987297242616,50,9.577914606200283e-05,0.5317972350230414,,,PRUNED
494,494,0.43655913978494626,2021-02-14 10:05:51.192798,2021-02-14 10:06:06.714343,0 days 00:00:15.521545,0.00021551122018299818,5,6.106918964738891e-07,0.43655913978494626,,,PRUNED
495,495,0.5505376344086022,2021-02-14 10:06:06.714688,2021-02-14 10:08:02.044897,0 days 00:01:55.330209,0.0005664006062124989,45,6.977173353901724e-05,0.6365591397849463,0.5505376344086022,,PRUNED
496,496,0.5407066052227343,2021-02-14 10:08:02.045188,2021-02-14 10:12:56.355608,0 days 00:04:54.310420,0.0009023829369515703,50,1.3045432465679607e-05,0.6129032258064516,,,COMPLETE
497,497,0.4894009216589862,2021-02-14 10:12:56.356348,2021-02-14 10:14:48.875847,0 days 00:01:52.519499,0.001220806324002572,25,2.062188042625764e-06,0.5274961597542243,0.5585253456221199,0.4894009216589862,PRUNED
498,498,0.4980030721966206,2021-02-14 10:14:48.876170,2021-02-14 10:15:04.740995,0 days 00:00:15.864825,0.00034711624879202253,5,9.437191194976613e-07,0.4980030721966206,,,PRUNED
499,499,0.49216589861751153,2021-02-14 10:15:04.741350,2021-02-14 10:15:46.044509,0 days 00:00:41.303159,0.00010381966726682302,45,0.00024463447657530177,0.49216589861751153,,,PRUNED
500,500,0.5207373271889401,2021-02-14 10:15:46.044844,2021-02-14 10:17:41.878271,0 days 00:01:55.833427,0.0010814357019775555,50,4.92086799492714e-06,0.5207373271889401,,,PRUNED
501,501,0.4055299539170507,2021-02-14 10:17:41.878625,2021-02-14 10:17:57.634984,0 days 00:00:15.756359,0.002392200722674664,5,3.740283095189721e-07,0.4055299539170507,,,PRUNED
502,502,0.48540706605222733,2021-02-14 10:17:57.635515,2021-02-14 10:18:34.775153,0 days 00:00:37.139638,0.003032113598041446,25,1.5078343016732123e-06,0.5572964669738864,0.48540706605222733,,PRUNED
503,503,0.6279569892473118,2021-02-14 10:18:34.775537,2021-02-14 10:23:39.439995,0 days 00:05:04.664458,0.0001542342385145419,10,2.756927912447715e-06,0.6344086021505376,0.6276497695852534,0.6043010752688172,COMPLETE
504,504,0.5225806451612903,2021-02-14 10:23:39.440787,2021-02-14 10:25:34.755614,0 days 00:01:55.314827,0.000641317361626152,50,0.000574482611532193,0.5225806451612903,,,PRUNED
505,505,0.45314900153609833,2021-02-14 10:25:34.755972,2021-02-14 10:26:16.543634,0 days 00:00:41.787662,0.000131568483117987,5,2.294580968393371e-06,0.543778801843318,0.45314900153609833,,PRUNED
506,506,0.48970814132104457,2021-02-14 10:26:16.543960,2021-02-14 10:26:32.658443,0 days 00:00:16.114483,0.00021402662113449152,10,2.741588416156687e-06,0.48970814132104457,,,PRUNED
507,507,0.549615975422427,2021-02-14 10:26:32.658797,2021-02-14 10:31:34.551173,0 days 00:05:01.892376,0.00017749692030460612,30,1.7687526737236563e-06,0.5302611367127497,0.5560675883256528,0.6310291858678956,COMPLETE
508,508,0.46682027649769586,2021-02-14 10:31:34.551954,2021-02-14 10:32:16.286729,0 days 00:00:41.734775,0.005387801616283228,45,0.00011202174705211567,0.46682027649769586,,,PRUNED
509,509,0.5726574500768049,2021-02-14 10:32:16.287066,2021-02-14 10:34:10.368580,0 days 00:01:54.081514,0.00023162815625430732,45,0.00013454775508548665,0.570199692780338,0.5726574500768049,,PRUNED
510,510,0.5081413210445469,2021-02-14 10:34:10.368912,2021-02-14 10:34:53.157464,0 days 00:00:42.788552,0.00016385611748358274,35,1.7443260550433166e-06,0.5394777265745008,0.5081413210445469,,PRUNED
511,511,0.3966205837173579,2021-02-14 10:34:53.157824,2021-02-14 10:35:31.202800,0 days 00:00:38.044976,7.158208683957053e-05,45,0.00015615548546042042,0.3966205837173579,,,PRUNED
512,512,0.46052227342549923,2021-02-14 10:35:31.203145,2021-02-14 10:35:47.852310,0 days 00:00:16.649165,0.0001247093523400711,35,1.2545588527678064e-06,0.46052227342549923,,,PRUNED
513,513,0.4768049155145929,2021-02-14 10:35:47.852672,2021-02-14 10:37:41.817332,0 days 00:01:53.964660,0.0017398863629852065,45,7.273139381396618e-06,0.4768049155145929,,,PRUNED
514,514,0.47035330261136715,2021-02-14 10:37:41.817687,2021-02-14 10:37:56.940362,0 days 00:00:15.122675,0.00015882258083657166,30,1.9065144706541098e-06,0.47035330261136715,,,PRUNED
515,515,0.4205837173579109,2021-02-14 10:37:56.940955,2021-02-14 10:38:13.734134,0 days 00:00:16.793179,0.000141684360136218,30,2.165934148431862e-07,0.4205837173579109,,,PRUNED
516,516,0.5087557603686635,2021-02-14 10:38:13.734638,2021-02-14 10:38:52.948872,0 days 00:00:39.214234,0.00032793964025776143,50,0.00019182623712855855,0.5087557603686635,,,PRUNED
517,517,0.5053763440860215,2021-02-14 10:38:52.949216,2021-02-14 10:39:35.305112,0 days 00:00:42.355896,0.00017633358802939393,30,1.4348502140719767e-06,0.5434715821812596,0.5053763440860215,,PRUNED
518,518,0.5213517665130568,2021-02-14 10:39:35.305449,2021-02-14 10:40:12.620505,0 days 00:00:37.315056,0.0001056571898694179,30,9.822410819123232e-07,0.5345622119815668,0.5213517665130568,,PRUNED
519,519,0.504147465437788,2021-02-14 10:40:12.620921,2021-02-14 10:40:55.948018,0 days 00:00:43.327097,0.00028124601668719044,40,6.88830228527851e-06,0.504147465437788,,,PRUNED
520,520,0.5410138248847927,2021-02-14 10:40:55.948366,2021-02-14 10:45:59.003671,0 days 00:05:03.055305,0.0013996790915131656,50,2.257500419864518e-06,0.5815668202764976,,,COMPLETE
521,521,0.4288786482334869,2021-02-14 10:45:59.004404,2021-02-14 10:46:12.152055,0 days 00:00:13.147651,0.0019015653374271151,5,7.82272822591454e-07,0.4288786482334869,,,PRUNED
522,522,0.4651305683563748,2021-02-14 10:46:12.152403,2021-02-14 10:48:11.723489,0 days 00:01:59.571086,0.00019071251658914773,25,4.923475140454468e-07,0.5658986175115207,0.5588325652841782,0.4651305683563748,PRUNED
523,523,0.5105990783410138,2021-02-14 10:48:11.723856,2021-02-14 10:48:50.052768,0 days 00:00:38.328912,0.00017114915007746518,45,4.230325406040428e-05,0.5105990783410138,,,PRUNED
524,524,0.5508448540706605,2021-02-14 10:48:50.053119,2021-02-14 10:50:46.923440,0 days 00:01:56.870321,0.00043706845103908643,40,5.098025257592914e-06,0.5883256528417818,0.5508448540706605,,PRUNED
525,525,0.44761904761904764,2021-02-14 10:50:46.923770,2021-02-14 10:51:26.902680,0 days 00:00:39.978910,0.00194010001577515,30,8.961425956621657e-05,0.44761904761904764,,,PRUNED
526,526,0.6168970814132104,2021-02-14 10:51:26.903083,2021-02-14 10:56:28.489039,0 days 00:05:01.585956,0.00013112638319908663,35,5.413241182225417e-05,0.5526881720430108,0.578494623655914,,COMPLETE
