,number,value,datetime_start,datetime_complete,duration,params_lr,params_out_dim,params_scheduler_gamma,params_weight_decay,system_attrs_completed_rung_0,system_attrs_completed_rung_1,system_attrs_completed_rung_2,state
320,320,0.7323688969258589,2021-02-16 20:01:15.799306,2021-02-16 20:02:05.541805,0 days 00:00:49.742499,0.00010413644438222777,30,0.9971346731661866,15.803862700178376,0.7386980108499096,0.7323688969258589,,PRUNED
321,321,0.7314647377938517,2021-02-16 20:02:05.542086,2021-02-16 20:02:40.605298,0 days 00:00:35.063212,0.00013202284785122006,40,0.996003894054547,16.343508626073987,0.7314647377938517,,,PRUNED
322,322,0.7314647377938517,2021-02-16 20:02:40.605594,2021-02-16 20:03:14.098842,0 days 00:00:33.493248,0.00017894185314038254,10,0.9973624402793905,15.386854738491884,0.7314647377938517,,,PRUNED
323,323,0.7224231464737794,2021-02-16 20:03:14.099143,2021-02-16 20:04:17.661544,0 days 00:01:03.562401,0.00011158683126178124,80,0.9923344009205163,11.77228008383855,0.7224231464737794,,,PRUNED
324,324,0.7323688969258589,2021-02-16 20:04:17.661840,2021-02-16 20:06:42.272988,0 days 00:02:24.611148,0.0003302150311928907,30,0.9979800816894969,17.758279732857833,0.7359855334538878,0.7341772151898734,0.7323688969258589,PRUNED
325,325,0.7323688969258589,2021-02-16 20:06:42.273281,2021-02-16 20:07:45.175709,0 days 00:01:02.902428,0.00025314396975870384,80,0.9906283942946955,12.21076374006402,0.7323688969258589,,,PRUNED
326,326,0.7278481012658228,2021-02-16 20:07:45.176100,2021-02-16 20:10:10.062160,0 days 00:02:24.886060,0.0006776670754752705,70,0.9918215880787312,10.045282069128728,0.7341772151898734,0.7278481012658228,,PRUNED
327,327,0.7278481012658228,2021-02-16 20:10:10.062445,2021-02-16 20:12:33.600611,0 days 00:02:23.538166,8.197504573817055e-05,50,0.998341006344971,16.914218807823648,0.7359855334538878,0.7386980108499096,0.7278481012658228,PRUNED
328,328,0.7197106690777577,2021-02-16 20:12:33.600906,2021-02-16 20:14:57.883057,0 days 00:02:24.282151,8.043320081330349e-05,90,0.9902997968365441,13.241203448700734,0.7341772151898734,0.7197106690777577,,PRUNED
329,329,0.7332730560578662,2021-02-16 20:14:57.883565,2021-02-16 20:15:30.216571,0 days 00:00:32.333006,0.00022775887065760262,60,0.997518984529178,19.243817853658683,0.7332730560578662,,,PRUNED
330,330,0.7350813743218807,2021-02-16 20:15:30.216875,2021-02-16 20:19:28.164506,0 days 00:03:57.947631,0.00017127739519194528,50,0.9988636879548766,14.310735655996687,0.7341772151898734,,,COMPLETE
331,331,0.7314647377938517,2021-02-16 20:19:28.165162,2021-02-16 20:23:24.869651,0 days 00:03:56.704489,0.00020251444465190887,50,0.99889633349904,17.44034515391271,0.7350813743218807,,,COMPLETE
332,332,0.7296564195298373,2021-02-16 20:23:24.870761,2021-02-16 20:27:22.280744,0 days 00:03:57.409983,9.235213777799279e-05,30,0.9937128196649501,15.049281474109456,0.7368896925858951,,,COMPLETE
333,333,0.7188065099457505,2021-02-16 20:27:22.281484,2021-02-16 20:28:23.607804,0 days 00:01:01.326320,4.414966230568522e-05,60,0.9988771934487726,12.5330474969426,0.7188065099457505,,,PRUNED
334,334,0.7278481012658228,2021-02-16 20:28:23.608094,2021-02-16 20:30:47.730251,0 days 00:02:24.122157,1.0610098066487085e-05,40,0.9955324105002723,17.423866048402775,0.7386980108499096,0.7432188065099458,0.7278481012658228,PRUNED
335,335,0.7323688969258589,2021-02-16 20:30:47.730551,2021-02-16 20:33:10.983607,0 days 00:02:23.253056,0.000123944601178281,50,0.9952902709500278,13.968005072465003,0.7323688969258589,,,PRUNED
336,336,0.72875226039783,2021-02-16 20:33:10.983898,2021-02-16 20:34:12.246718,0 days 00:01:01.262820,0.00012295366144386436,70,0.9912072899864169,11.322755786806573,0.72875226039783,,,PRUNED
337,337,0.7314647377938517,2021-02-16 20:34:12.247026,2021-02-16 20:36:35.798389,0 days 00:02:23.551363,0.00040787893547471275,60,0.9921503197781684,13.698694938456079,0.7377938517179023,0.7314647377938517,,PRUNED
338,338,0.7179023508137432,2021-02-16 20:36:35.798708,2021-02-16 20:38:59.769465,0 days 00:02:23.970757,3.5410391564617754e-05,70,0.9987125447377042,17.108859552767935,0.7179023508137432,,,PRUNED
339,339,0.7323688969258589,2021-02-16 20:38:59.769778,2021-02-16 20:39:36.063351,0 days 00:00:36.293573,0.00042535011427779357,80,0.9951194814932425,18.805799765066034,0.7323688969258589,,,PRUNED
340,340,0.7251356238698011,2021-02-16 20:39:36.063666,2021-02-16 20:41:59.437689,0 days 00:02:23.374023,0.00015921983928682414,70,0.9980481981838043,11.272679286222491,0.7251356238698011,,,PRUNED
341,341,0.7359855334538878,2021-02-16 20:41:59.438005,2021-02-16 20:45:56.604468,0 days 00:03:57.166463,6.083402345837818e-05,60,0.9974280636534972,12.048167002924188,0.7522603978300181,,,COMPLETE
342,342,0.72875226039783,2021-02-16 20:45:56.605104,2021-02-16 20:46:31.660158,0 days 00:00:35.055054,0.003149122867727272,50,0.9972777234014948,16.587059595966025,0.72875226039783,,,PRUNED
343,343,0.7341772151898734,2021-02-16 20:46:31.660462,2021-02-16 20:47:31.212148,0 days 00:00:59.551686,0.0003622954487801115,100,0.9957629753975886,15.826979646067137,0.7350813743218807,0.7341772151898734,,PRUNED
344,344,0.72875226039783,2021-02-16 20:47:31.212504,2021-02-16 20:48:33.050557,0 days 00:01:01.838053,0.00018609507552604462,50,0.9928325115027901,11.818845929905141,0.72875226039783,,,PRUNED
345,345,0.7242314647377939,2021-02-16 20:48:33.050861,2021-02-16 20:49:36.510997,0 days 00:01:03.460136,5.624894662336629e-05,70,0.9924521042398832,12.887686744482016,0.7242314647377939,,,PRUNED
346,346,0.7314647377938517,2021-02-16 20:49:36.511296,2021-02-16 20:53:32.509879,0 days 00:03:55.998583,6.52702164889411e-05,60,0.9962055911457387,11.925058460605626,0.7341772151898734,,,COMPLETE
347,347,0.7242314647377939,2021-02-16 20:53:32.510523,2021-02-16 20:54:08.892119,0 days 00:00:36.381596,0.005407352698837753,50,0.9977965102880688,8.400891554362154,0.7242314647377939,,,PRUNED
348,348,0.7323688969258589,2021-02-16 20:54:08.892423,2021-02-16 20:58:07.000409,0 days 00:03:58.107986,0.0002825818142408189,40,0.9974951096119886,16.331336338769354,0.740506329113924,0.7359855334538878,0.7341772151898734,COMPLETE
349,349,0.7332730560578662,2021-02-16 20:58:07.001092,2021-02-16 20:58:40.864267,0 days 00:00:33.863175,0.0002489468432918805,40,0.9976015144224993,19.693238520048848,0.7332730560578662,,,PRUNED
350,350,0.7341772151898734,2021-02-16 20:58:40.864570,2021-02-16 20:59:17.089083,0 days 00:00:36.224513,0.0002971304206955797,40,0.996602539633333,14.929877987903222,0.7341772151898734,,,PRUNED
351,351,0.7323688969258589,2021-02-16 20:59:17.089523,2021-02-16 21:01:41.524230,0 days 00:02:24.434707,3.7712033237697724e-05,50,0.9973144265158947,13.539895257784083,0.7323688969258589,,,PRUNED
352,352,0.7341772151898734,2021-02-16 21:01:41.524538,2021-02-16 21:02:13.314903,0 days 00:00:31.790365,0.00021064258546661131,40,0.9961628214324144,16.146643392528794,0.7341772151898734,,,PRUNED
353,353,0.7305605786618445,2021-02-16 21:02:13.315369,2021-02-16 21:02:49.558413,0 days 00:00:36.243044,3.981250103762955e-05,70,0.9969372984616666,18.24848072360251,0.7305605786618445,,,PRUNED
354,354,0.7061482820976492,2021-02-16 21:02:49.558741,2021-02-16 21:03:50.402270,0 days 00:01:00.843529,2.1107692736197035e-05,80,0.9934310496961577,10.778355720095345,0.7061482820976492,,,PRUNED
355,355,0.7269439421338155,2021-02-16 21:03:50.402630,2021-02-16 21:04:23.455955,0 days 00:00:33.053325,0.00014462172536578526,60,0.9954127670450148,16.718147336225226,0.7269439421338155,,,PRUNED
356,356,0.72875226039783,2021-02-16 21:04:23.456277,2021-02-16 21:06:45.181615,0 days 00:02:21.725338,0.00028068231552175893,60,0.9978157304549635,0.84264790146428,0.72875226039783,,,PRUNED
357,357,0.7332730560578662,2021-02-16 21:06:45.181940,2021-02-16 21:07:46.267966,0 days 00:01:01.086026,0.0002825159665875128,40,0.9981119262199779,17.41726700815253,0.7350813743218807,0.7332730560578662,,PRUNED
358,358,0.7269439421338155,2021-02-16 21:07:46.268429,2021-02-16 21:08:46.439539,0 days 00:01:00.171110,1.484875536141597e-05,50,0.9914922552829939,10.177389659060363,0.7269439421338155,,,PRUNED
359,359,0.7269439421338155,2021-02-16 21:08:46.439859,2021-02-16 21:09:23.131448,0 days 00:00:36.691589,0.00018830967095031758,50,0.9974110754809228,16.508557772499582,0.7269439421338155,,,PRUNED
360,360,0.7296564195298373,2021-02-16 21:09:23.131767,2021-02-16 21:11:46.586449,0 days 00:02:23.454682,2.7330325899486093e-05,60,0.9959695234093423,18.264836113561692,0.7423146473779385,0.7296564195298373,,PRUNED
361,361,0.7251356238698011,2021-02-16 21:11:46.586770,2021-02-16 21:12:47.931540,0 days 00:01:01.344770,3.895414710878905e-05,60,0.9935627685548745,17.124282236007122,0.7251356238698011,,,PRUNED
362,362,0.7278481012658228,2021-02-16 21:12:47.931875,2021-02-16 21:15:11.280947,0 days 00:02:23.349072,2.3810165999579873e-05,60,0.9939739381608875,16.307036947704933,0.740506329113924,0.7278481012658228,,PRUNED
363,363,0.7305605786618445,2021-02-16 21:15:11.281250,2021-02-16 21:19:08.754106,0 days 00:03:57.472856,0.0002486567958232139,80,0.9976658777641667,15.791632917570908,0.7377938517179023,0.7350813743218807,0.7350813743218807,COMPLETE
364,364,0.6980108499095841,2021-02-16 21:19:08.754804,2021-02-16 21:21:33.057297,0 days 00:02:24.302493,1.985138279402363e-05,40,0.9968595431564249,14.25844184755541,0.6980108499095841,,,PRUNED
365,365,0.7332730560578662,2021-02-16 21:21:33.057637,2021-02-16 21:22:33.731069,0 days 00:01:00.673432,0.00024705941225009766,80,0.9981139705890498,15.389841920907429,0.7396021699819169,0.7332730560578662,,PRUNED
366,366,0.7332730560578662,2021-02-16 21:22:33.731403,2021-02-16 21:23:08.429232,0 days 00:00:34.697829,0.00033709984145033757,80,0.9978414671038737,15.72873827763232,0.7332730560578662,,,PRUNED
367,367,0.7269439421338155,2021-02-16 21:23:08.429553,2021-02-16 21:23:43.301626,0 days 00:00:34.872073,0.0002788514700929384,60,0.9975225153077405,6.927445590486258,0.7269439421338155,,,PRUNED
368,368,0.7305605786618445,2021-02-16 21:23:43.301945,2021-02-16 21:27:41.313729,0 days 00:03:58.011784,8.959226878177966e-05,70,0.998255640706863,15.908622452693589,0.7350813743218807,,,COMPLETE
369,369,0.7450271247739603,2021-02-16 21:27:41.314508,2021-02-16 21:31:40.116636,0 days 00:03:58.802128,5.509187744202539e-05,80,0.9989656620605497,10.926577861375913,0.744122965641953,,,COMPLETE
370,370,0.7332730560578662,2021-02-16 21:31:40.117283,2021-02-16 21:32:42.336917,0 days 00:01:02.219634,0.00039140651115831507,90,0.9970703681354391,16.209915003849815,0.7350813743218807,0.7332730560578662,,PRUNED
371,371,0.7332730560578662,2021-02-16 21:32:42.337246,2021-02-16 21:33:14.057569,0 days 00:00:31.720323,0.00020353618488589008,90,0.9959407181512328,15.239780095121974,0.7332730560578662,,,PRUNED
372,372,0.7359855334538878,2021-02-16 21:33:14.057920,2021-02-16 21:37:12.851831,0 days 00:03:58.793911,0.00016706680510452312,50,0.9956637534043489,16.77862582870704,0.7477396021699819,0.7368896925858951,0.7359855334538878,COMPLETE
373,373,0.7314647377938517,2021-02-16 21:37:12.852490,2021-02-16 21:37:48.150537,0 days 00:00:35.298047,0.00016895097458793391,50,0.9957104652444018,17.200349679986417,0.7314647377938517,,,PRUNED
374,374,0.72875226039783,2021-02-16 21:37:48.150864,2021-02-16 21:38:22.385526,0 days 00:00:34.234662,0.00022911569439217053,50,0.995502694592529,17.851824705957117,0.72875226039783,,,PRUNED
375,375,0.7269439421338155,2021-02-16 21:38:22.385876,2021-02-16 21:40:46.090121,0 days 00:02:23.704245,4.435723431473855e-05,80,0.9988891977535194,9.535956634500351,0.7269439421338155,,,PRUNED
376,376,0.7215189873417721,2021-02-16 21:40:46.090439,2021-02-16 21:41:21.768996,0 days 00:00:35.678557,0.00015350158159691321,50,0.9957280015252905,16.881373304519165,0.7215189873417721,,,PRUNED
377,377,0.7260397830018083,2021-02-16 21:41:21.769324,2021-02-16 21:42:23.534419,0 days 00:01:01.765095,1.1826532770385085e-05,90,0.9932209231260596,19.533524959740397,0.7260397830018083,,,PRUNED
378,378,0.7305605786618445,2021-02-16 21:42:23.534741,2021-02-16 21:42:55.926714,0 days 00:00:32.391973,0.00010991482395699893,50,0.9953535723069641,16.319220435157586,0.7305605786618445,,,PRUNED
379,379,0.716998191681736,2021-02-16 21:42:55.927031,2021-02-16 21:45:20.776622,0 days 00:02:24.849591,1.820976154653758e-05,60,0.991963417352713,14.26870811518333,0.755877034358047,0.716998191681736,,PRUNED
380,380,0.7251356238698011,2021-02-16 21:45:20.776921,2021-02-16 21:46:24.087200,0 days 00:01:03.310279,2.873862379431644e-05,70,0.9947338951436658,15.846563299737577,0.7251356238698011,,,PRUNED
381,381,0.7079566003616636,2021-02-16 21:46:24.087524,2021-02-16 21:50:20.001697,0 days 00:03:55.914173,3.352772357329933e-05,50,0.993066365566034,13.292178162855127,0.7658227848101266,0.7775768535262206,,COMPLETE
382,382,0.7278481012658228,2021-02-16 21:50:20.002357,2021-02-16 21:50:56.296799,0 days 00:00:36.294442,0.00019952940218435753,60,0.9943500110174284,15.813876485952756,0.7278481012658228,,,PRUNED
383,383,0.7296564195298373,2021-02-16 21:50:56.297149,2021-02-16 21:53:20.851420,0 days 00:02:24.554271,5.903124526848329e-05,80,0.9982844489573213,10.942409368944562,0.7296564195298373,,,PRUNED
384,384,0.7323688969258589,2021-02-16 21:53:20.851901,2021-02-16 21:57:19.693350,0 days 00:03:58.841449,0.00013936280761813917,70,0.9974707895403329,12.569399533438741,0.7341772151898734,,,COMPLETE
385,385,0.7332730560578662,2021-02-16 21:57:19.694008,2021-02-16 21:58:21.562435,0 days 00:01:01.868427,0.0002716782846435373,40,0.9961542572674662,16.767756783769098,0.7359855334538878,0.7332730560578662,,PRUNED
386,386,0.7332730560578662,2021-02-16 21:58:21.562901,2021-02-16 21:58:53.376413,0 days 00:00:31.813512,0.00032813746015245156,50,0.9959329179370399,19.193600216597815,0.7332730560578662,,,PRUNED
387,387,0.7296564195298373,2021-02-16 21:58:53.376734,2021-02-16 22:01:16.586916,0 days 00:02:23.210182,2.2453380710729337e-05,70,0.9954694384084743,12.464960228477246,0.7368896925858951,0.7296564195298373,,PRUNED
388,388,0.7332730560578662,2021-02-16 22:01:16.587261,2021-02-16 22:03:40.902309,0 days 00:02:24.315048,9.945255155324774e-05,80,0.9978514845958784,12.0205068077926,0.7332730560578662,,,PRUNED
389,389,0.7341772151898734,2021-02-16 22:03:40.902649,2021-02-16 22:04:44.416107,0 days 00:01:03.513458,0.00012191229202590976,60,0.995220035571575,19.99005497898833,0.7359855334538878,0.7341772151898734,,PRUNED
390,390,0.7341772151898734,2021-02-16 22:04:44.416442,2021-02-16 22:05:19.600159,0 days 00:00:35.183717,1.9571912596373836e-05,40,0.9976733035825338,18.469269076791296,0.7341772151898734,,,PRUNED
391,391,0.7142857142857143,2021-02-16 22:05:19.600615,2021-02-16 22:06:19.710051,0 days 00:01:00.109436,9.186388476806033e-05,50,0.9956131912476429,16.055989201958592,0.7414104882459313,0.7142857142857143,,PRUNED
392,392,0.7251356238698011,2021-02-16 22:06:19.710545,2021-02-16 22:06:55.783710,0 days 00:00:36.073165,0.00023959791999369142,60,0.9947065245578297,19.4634191294912,0.7251356238698011,,,PRUNED
393,393,0.713381555153707,2021-02-16 22:06:55.784040,2021-02-16 22:09:13.553312,0 days 00:02:17.769272,1.5728528563808793e-05,60,0.9909469191653067,15.004811328545035,0.7396021699819169,0.713381555153707,,PRUNED
394,394,0.7314647377938517,2021-02-16 22:09:13.553639,2021-02-16 22:13:11.804745,0 days 00:03:58.251106,0.00016677950032229128,50,0.9950696678053519,17.143053947474378,0.7350813743218807,0.7359855334538878,0.7341772151898734,COMPLETE
395,395,0.7305605786618445,2021-02-16 22:13:11.805410,2021-02-16 22:13:47.352921,0 days 00:00:35.547511,0.00016574478178577222,50,0.9949245435414082,16.479517537554056,0.7305605786618445,,,PRUNED
396,396,0.7124773960216998,2021-02-16 22:13:47.353262,2021-02-16 22:16:12.964019,0 days 00:02:25.610757,7.617073147859414e-05,60,0.9986439481386425,7.952421801604933,0.7124773960216998,,,PRUNED
397,397,0.7197106690777577,2021-02-16 22:16:12.964412,2021-02-16 22:17:14.973940,0 days 00:01:02.009528,1.2893087199192169e-05,100,0.9915133373987873,12.035497055672323,0.7197106690777577,,,PRUNED
398,398,0.7233273056057866,2021-02-16 22:17:14.974272,2021-02-16 22:19:38.901266,0 days 00:02:23.926994,1.3792201801697614e-05,50,0.9950780632277955,17.13710336256373,0.7368896925858951,0.7359855334538878,0.7233273056057866,PRUNED
399,399,0.7332730560578662,2021-02-16 22:19:38.901658,2021-02-16 22:20:40.055622,0 days 00:01:01.153964,0.00019173819920707358,50,0.9955120264390594,16.93513202893689,0.7386980108499096,0.7332730560578662,,PRUNED
400,400,0.7269439421338155,2021-02-16 22:20:40.055983,2021-02-16 22:21:13.669874,0 days 00:00:33.613891,0.00013635481534125178,50,0.9952799020306783,17.665012451539976,0.7269439421338155,,,PRUNED
401,401,0.7278481012658228,2021-02-16 22:21:13.670213,2021-02-16 22:23:38.347608,0 days 00:02:24.677395,3.042858128200375e-05,50,0.9925623525090586,13.13520037392292,0.7396021699819169,0.7278481012658228,,PRUNED
402,402,0.72875226039783,2021-02-16 22:23:38.347936,2021-02-16 22:24:41.268743,0 days 00:01:02.920807,3.5412157129542083e-05,50,0.9943063311488768,13.448815846137498,0.72875226039783,,,PRUNED
403,403,0.7332730560578662,2021-02-16 22:24:41.269085,2021-02-16 22:27:05.732946,0 days 00:02:24.463861,2.9223237087604382e-05,70,0.9989844081558755,9.696313736640915,0.7332730560578662,,,PRUNED
404,404,0.7341772151898734,2021-02-16 22:27:05.733262,2021-02-16 22:28:07.605079,0 days 00:01:01.871817,0.0002967199199609019,50,0.9958124263703875,18.847180047801253,0.7350813743218807,0.7341772151898734,,PRUNED
405,405,0.7260397830018083,2021-02-16 22:28:07.605432,2021-02-16 22:30:31.808654,0 days 00:02:24.203222,6.58032260788908e-05,50,0.9929241244194541,13.86919353094663,0.7341772151898734,0.7260397830018083,,PRUNED
406,406,0.7549728752260397,2021-02-16 22:30:31.808978,2021-02-16 22:34:30.166388,0 days 00:03:58.357410,5.1915604801825924e-05,40,0.9938516366463797,11.27048745235386,0.7377938517179023,0.7368896925858951,,COMPLETE
407,407,0.7341772151898734,2021-02-16 22:34:30.167070,2021-02-16 22:35:03.573922,0 days 00:00:33.406852,0.0002170026915994915,40,0.996388875203265,15.650455981920285,0.7341772151898734,,,PRUNED
408,408,0.7323688969258589,2021-02-16 22:35:03.574254,2021-02-16 22:35:39.579393,0 days 00:00:36.005139,0.00015264623971815105,60,0.9945612391969335,17.468635134709718,0.7323688969258589,,,PRUNED
409,409,0.7314647377938517,2021-02-16 22:35:39.579724,2021-02-16 22:36:11.384089,0 days 00:00:31.804365,0.00024934752465784806,50,0.9960872477762999,16.36647811461356,0.7314647377938517,,,PRUNED
410,410,0.7305605786618445,2021-02-16 22:36:11.384567,2021-02-16 22:36:48.004676,0 days 00:00:36.620109,0.0004993676364572927,40,0.994146039905691,16.94460516841728,0.7305605786618445,,,PRUNED
411,411,0.7450271247739603,2021-02-16 22:36:48.005031,2021-02-16 22:40:44.440536,0 days 00:03:56.435505,5.559881019069445e-05,40,0.9938121697147699,11.436489602553522,0.7432188065099458,0.7377938517179023,,COMPLETE
412,412,0.7332730560578662,2021-02-16 22:40:44.441208,2021-02-16 22:41:19.487659,0 days 00:00:35.046451,0.00017786365571785054,60,0.9956280362909916,18.170127571992115,0.7332730560578662,,,PRUNED
413,413,0.7341772151898734,2021-02-16 22:41:19.488010,2021-02-16 22:41:54.200310,0 days 00:00:34.712300,0.0021735561878987934,100,0.9977634581271074,16.077209166107956,0.7341772151898734,,,PRUNED
414,414,0.7215189873417721,2021-02-16 22:41:54.200624,2021-02-16 22:42:57.072760,0 days 00:01:02.872136,8.658766241000095e-05,40,0.994088797154803,11.627864372299262,0.7215189873417721,,,PRUNED
415,415,0.7251356238698011,2021-02-16 22:42:57.073071,2021-02-16 22:43:58.775101,0 days 00:01:01.702030,5.284399899796045e-05,40,0.993827533688966,8.717170277199225,0.7251356238698011,,,PRUNED
416,416,0.7332730560578662,2021-02-16 22:43:58.775453,2021-02-16 22:44:31.320800,0 days 00:00:32.545347,0.0003717633844114428,50,0.9971994115514057,16.38226337390605,0.7332730560578662,,,PRUNED
417,417,0.7386980108499096,2021-02-16 22:44:31.321148,2021-02-16 22:48:28.196856,0 days 00:03:56.875708,5.4010538287720515e-05,60,0.9982291762098524,10.548785139616111,0.7350813743218807,,,COMPLETE
418,418,0.7278481012658228,2021-02-16 22:48:28.197554,2021-02-16 22:50:50.927382,0 days 00:02:22.729828,5.3087829794677674e-05,50,0.995478889072907,10.610988456618296,0.7278481012658228,,,PRUNED
419,419,0.7224231464737794,2021-02-16 22:50:50.927726,2021-02-16 22:51:52.579116,0 days 00:01:01.651390,6.14023147966703e-05,50,0.9934646880994915,11.10134063482688,0.7224231464737794,,,PRUNED
420,420,0.7061482820976492,2021-02-16 22:51:52.579450,2021-02-16 22:54:17.033703,0 days 00:02:24.454253,2.1740303925640462e-05,60,0.9947591830128154,13.113323521433406,0.7061482820976492,,,PRUNED
421,421,0.7323688969258589,2021-02-16 22:54:17.034042,2021-02-16 22:55:21.126483,0 days 00:01:04.092441,4.4352440015454145e-05,40,0.9938040034836066,9.246818981218425,0.7323688969258589,,,PRUNED
422,422,0.6654611211573237,2021-02-16 22:55:21.126836,2021-02-16 22:55:54.707054,0 days 00:00:33.580218,0.01978909485369511,30,0.997282544617794,16.785833453833014,0.6654611211573237,,,PRUNED
423,423,0.72875226039783,2021-02-16 22:55:54.707551,2021-02-16 22:56:54.696246,0 days 00:00:59.988695,0.00025853661379100074,50,0.9975633094110489,15.615440131125332,0.7350813743218807,0.72875226039783,,PRUNED
424,424,0.716998191681736,2021-02-16 22:56:54.696578,2021-02-16 23:00:53.129328,0 days 00:03:58.432750,4.1774510980825066e-05,70,0.998251532254391,11.612123661342707,0.7414104882459313,,,COMPLETE
425,425,0.7332730560578662,2021-02-16 23:00:53.130013,2021-02-16 23:01:28.483536,0 days 00:00:35.353523,0.00032912107600773963,70,0.9974157969111078,19.584743855095,0.7332730560578662,,,PRUNED
426,426,0.7296564195298373,2021-02-16 23:01:28.483876,2021-02-16 23:02:31.401409,0 days 00:01:02.917533,7.56115038207701e-05,40,0.9942761116335851,9.714972842571006,0.7296564195298373,,,PRUNED
