,number,value,datetime_start,datetime_complete,duration,params_lr,params_out_dim,params_scheduler_gamma,params_weight_decay,system_attrs_completed_rung_0,system_attrs_completed_rung_1,system_attrs_completed_rung_2,state
219,219,0.4819168173598553,2021-02-15 21:46:08.829646,2021-02-15 21:46:57.855096,0 days 00:00:49.025450,0.0007476230147391149,30,0.9946236887279034,6.002454970519423,0.6681735985533453,0.4819168173598553,,PRUNED
220,220,0.5334538878842676,2021-02-15 21:46:57.855366,2021-02-15 21:47:25.661980,0 days 00:00:27.806614,0.00031712696275886556,70,0.9963806793375141,8.721433882270656,0.5334538878842676,,,PRUNED
221,221,0.47377938517179025,2021-02-15 21:47:25.662240,2021-02-15 21:47:53.603049,0 days 00:00:27.940809,0.0005100887945004651,80,0.9952844708209769,9.960791720206736,0.47377938517179025,,,PRUNED
222,222,0.4055153707052441,2021-02-15 21:47:53.603319,2021-02-15 21:49:47.103886,0 days 00:01:53.500567,0.0011905175990594484,60,0.9968225580524528,5.218229354829424,0.569620253164557,0.4055153707052441,,PRUNED
223,223,0.5063291139240507,2021-02-15 21:49:47.104132,2021-02-15 21:51:40.544144,0 days 00:01:53.440012,0.005016984617639226,70,0.998973994409932,1.3694016174808752,0.596745027124774,0.5063291139240507,,PRUNED
224,224,0.48553345388788427,2021-02-15 21:51:40.544412,2021-02-15 21:53:34.194951,0 days 00:01:53.650539,0.0004039155811526713,80,0.9964275290883411,2.2934481248107934,0.5732368896925859,0.48553345388788427,,PRUNED
225,225,0.47106690777576854,2021-02-15 21:53:34.195203,2021-02-15 21:54:02.131795,0 days 00:00:27.936592,0.00041950696747162326,70,0.9968519658431548,7.88776589868287,0.47106690777576854,,,PRUNED
226,226,0.3969258589511754,2021-02-15 21:54:02.132047,2021-02-15 21:57:51.070463,0 days 00:03:48.938416,0.0002794615934846203,60,0.9985291855866948,8.628719291087158,0.5569620253164557,0.527124773960217,,COMPLETE
227,227,0.49005424954792043,2021-02-15 21:57:51.071127,2021-02-15 22:01:39.994468,0 days 00:03:48.923341,0.0002642371823137093,60,0.9986663526907262,8.210601583207138,0.5922242314647378,0.6175406871609403,,COMPLETE
228,228,0.45298372513562385,2021-02-15 22:01:39.995116,2021-02-15 22:03:33.616450,0 days 00:01:53.621334,0.00013570019324488715,60,0.9979164463279873,4.301375597458384,0.45298372513562385,,,PRUNED
229,229,0.3336347197106691,2021-02-15 22:03:33.616720,2021-02-15 22:04:22.835305,0 days 00:00:49.218585,8.115212597623739e-05,100,0.9966421526465128,5.123995783805485,0.5877034358047016,0.3336347197106691,,PRUNED
230,230,0.4615732368896926,2021-02-15 22:04:22.835571,2021-02-15 22:05:12.242491,0 days 00:00:49.406920,0.0008729932058280876,40,0.9938600859093911,16.923248774867844,0.5415913200723327,0.4615732368896926,,PRUNED
231,231,0.45207956600361665,2021-02-15 22:05:12.242776,2021-02-15 22:05:40.318422,0 days 00:00:28.075646,0.0006752130242087915,50,0.9975257062007465,17.816275996519302,0.45207956600361665,,,PRUNED
232,232,0.47377938517179025,2021-02-15 22:05:40.318699,2021-02-15 22:07:33.658913,0 days 00:01:53.340214,5.858106242738924e-05,60,0.9970224800486437,5.313609085191137,0.47377938517179025,,,PRUNED
233,233,0.46473779385171793,2021-02-15 22:07:33.659203,2021-02-15 22:08:22.891055,0 days 00:00:49.231852,3.506271425472129e-05,10,0.9972898564727672,11.121430061275184,0.546112115732369,0.46473779385171793,,PRUNED
234,234,0.4077757685352622,2021-02-15 22:08:22.891302,2021-02-15 22:10:16.512115,0 days 00:01:53.620813,0.00045007617486481153,90,0.996054915272073,7.304460217503786,0.5994575045207957,0.5361663652802894,0.4077757685352622,PRUNED
235,235,0.4376130198915009,2021-02-15 22:10:16.512386,2021-02-15 22:12:10.043982,0 days 00:01:53.531596,0.0004329489324523627,50,0.9989539742824914,2.434322723788849,0.4376130198915009,,,PRUNED
236,236,0.5027124773960217,2021-02-15 22:12:10.044251,2021-02-15 22:14:03.462946,0 days 00:01:53.418695,3.502728733921211e-05,70,0.9984066794107135,4.76121459565851,0.5027124773960217,,,PRUNED
237,237,0.5216998191681737,2021-02-15 22:14:03.463217,2021-02-15 22:15:57.056142,0 days 00:01:53.592925,0.0001468757305221069,60,0.9988144775445867,6.685396537939136,0.5786618444846293,0.5216998191681737,,PRUNED
238,238,0.4394213381555154,2021-02-15 22:15:57.056404,2021-02-15 22:16:46.427046,0 days 00:00:49.370642,0.00019934039032428995,70,0.9981788756996011,7.057764701133474,0.4394213381555154,,,PRUNED
239,239,0.546112115732369,2021-02-15 22:16:46.427301,2021-02-15 22:21:22.465596,0 days 00:04:36.038295,2.80903024391819e-05,60,0.9972986059749936,8.467012460916646,0.5533453887884268,0.6003616636528029,,COMPLETE
240,240,0.4240506329113924,2021-02-15 22:21:22.466754,2021-02-15 22:23:47.500876,0 days 00:02:25.034122,0.00010942183100118371,60,0.9957143380456784,15.953202000578614,0.6012658227848101,0.6681735985533453,0.4240506329113924,PRUNED
241,241,0.4258589511754069,2021-02-15 22:23:47.501233,2021-02-15 22:24:21.435761,0 days 00:00:33.934528,0.0001419246326233143,60,0.9955840051931977,16.33434796176123,0.4258589511754069,,,PRUNED
242,242,0.3227848101265823,2021-02-15 22:24:21.436128,2021-02-15 22:24:57.049851,0 days 00:00:35.613723,9.533223278852907e-05,60,0.9949392208412724,10.763818740874884,0.3227848101265823,,,PRUNED
243,243,0.5171790235081374,2021-02-15 22:24:57.050237,2021-02-15 22:25:58.829470,0 days 00:01:01.779233,1.3585447130358493e-05,60,0.9959984286969835,10.743767500101074,0.5171790235081374,,,PRUNED
244,244,0.3960216998191682,2021-02-15 22:25:58.829910,2021-02-15 22:26:31.102521,0 days 00:00:32.272611,0.00011486501605854297,60,0.995728072781177,15.806962691725506,0.3960216998191682,,,PRUNED
245,245,0.5144665461121157,2021-02-15 22:26:31.102806,2021-02-15 22:28:55.368647,0 days 00:02:24.265841,0.00012186432365645226,80,0.9974535224550735,9.240297537752662,0.5144665461121157,,,PRUNED
246,246,0.4213381555153707,2021-02-15 22:28:55.368920,2021-02-15 22:31:19.022626,0 days 00:02:23.653706,6.778509725578219e-05,60,0.9959216482286314,6.533624601671592,0.4213381555153707,,,PRUNED
247,247,0.5334538878842676,2021-02-15 22:31:19.022885,2021-02-15 22:31:55.211278,0 days 00:00:36.188393,4.360858117306126e-05,60,0.9951416369767123,4.433652715745055,0.5334538878842676,,,PRUNED
248,248,0.4638336347197107,2021-02-15 22:31:55.211586,2021-02-15 22:32:27.930755,0 days 00:00:32.719169,2.0451713429332763e-05,70,0.9944512794821645,18.298966163959967,0.4638336347197107,,,PRUNED
249,249,0.4430379746835443,2021-02-15 22:32:27.931027,2021-02-15 22:33:30.905516,0 days 00:01:02.974489,0.00022936630238478813,50,0.9970654898454845,15.187915912768398,0.5452079566003617,0.4430379746835443,,PRUNED
250,250,0.41862567811934903,2021-02-15 22:33:30.905801,2021-02-15 22:34:05.805648,0 days 00:00:34.899847,0.0002915114293129545,70,0.9965911337071236,6.606401214541172,0.41862567811934903,,,PRUNED
251,251,0.49005424954792043,2021-02-15 22:34:05.805957,2021-02-15 22:35:05.981756,0 days 00:01:00.175799,2.7793203304115665e-05,50,0.9972892229414559,8.558377780790291,0.49005424954792043,,,PRUNED
252,252,0.5090415913200723,2021-02-15 22:35:05.982051,2021-02-15 22:35:41.555628,0 days 00:00:35.573577,0.0005690958958035738,50,0.9963070031780656,16.03743375367858,0.5090415913200723,,,PRUNED
253,253,0.45298372513562385,2021-02-15 22:35:41.556134,2021-02-15 22:36:42.586054,0 days 00:01:01.029920,1.2672259641361913e-05,60,0.9976188339173033,9.20782373515052,0.45298372513562385,,,PRUNED
254,254,0.5027124773960217,2021-02-15 22:36:42.586382,2021-02-15 22:37:44.001715,0 days 00:01:01.415333,9.902706659268717e-05,50,0.9970135611948446,8.155766663448347,0.5027124773960217,,,PRUNED
255,255,0.4972875226039783,2021-02-15 22:37:44.002009,2021-02-15 22:38:43.597905,0 days 00:00:59.595896,3.0910073616759e-05,10,0.9979147323989499,10.820215978407248,0.4972875226039783,,,PRUNED
256,256,0.4475587703435805,2021-02-15 22:38:43.598398,2021-02-15 22:41:06.661987,0 days 00:02:23.063589,0.00014544410715385065,50,0.9947416956515432,3.2033463594131604,0.4475587703435805,,,PRUNED
257,257,0.30560578661844484,2021-02-15 22:41:06.662290,2021-02-15 22:41:42.926671,0 days 00:00:36.264381,5.679078337757444e-05,80,0.9961811955639955,14.693682967058269,0.30560578661844484,,,PRUNED
258,258,0.5009041591320073,2021-02-15 22:41:42.926957,2021-02-15 22:42:44.725334,0 days 00:01:01.798377,7.747468701320447e-05,60,0.9962869684753343,9.870482363671142,0.5009041591320073,,,PRUNED
259,259,0.45750452079566006,2021-02-15 22:42:44.725623,2021-02-15 22:43:17.551567,0 days 00:00:32.825944,0.0003516147292984081,100,0.996861124626768,12.056678049748566,0.45750452079566006,,,PRUNED
260,260,0.4376130198915009,2021-02-15 22:43:17.551912,2021-02-15 22:44:21.053152,0 days 00:01:03.501240,0.0003539961874856698,70,0.9981073002530106,4.1782167451327386,0.4376130198915009,,,PRUNED
261,261,0.4290235081374322,2021-02-15 22:44:21.053458,2021-02-15 22:45:24.206735,0 days 00:01:03.153277,0.0036809471772211774,70,0.998718701645772,5.848866618382664,0.4290235081374322,,,PRUNED
262,262,0.5334538878842676,2021-02-15 22:45:24.207021,2021-02-15 22:45:55.867787,0 days 00:00:31.660766,0.00018331050024744444,90,0.9964713545477053,6.352940568156905,0.5334538878842676,,,PRUNED
263,263,0.4602169981916817,2021-02-15 22:45:55.868139,2021-02-15 22:46:32.571122,0 days 00:00:36.702983,0.00039909793894702956,30,0.9960959720315141,6.9839501420157255,0.4602169981916817,,,PRUNED
264,264,0.5533453887884268,2021-02-15 22:46:32.571549,2021-02-15 22:51:24.538035,0 days 00:04:51.966486,0.00045385078044929774,90,0.9958454811014137,7.638272577714222,0.6808318264014467,0.6012658227848101,0.6383363471971067,COMPLETE
265,265,0.3996383363471971,2021-02-15 22:51:24.538740,2021-02-15 22:52:25.737941,0 days 00:01:01.199201,0.0006139148331285164,60,0.9983595126716258,7.387184773469568,0.3996383363471971,,,PRUNED
266,266,0.4475587703435805,2021-02-15 22:52:25.738380,2021-02-15 22:52:58.782828,0 days 00:00:33.044448,0.000620623988384082,90,0.9958415977123396,7.521821536873389,0.4475587703435805,,,PRUNED
267,267,0.41952983725135623,2021-02-15 22:52:58.783098,2021-02-15 22:54:02.382869,0 days 00:01:03.599771,0.00028155880416401934,80,0.9974013876834658,8.175121415785142,0.41952983725135623,,,PRUNED
268,268,0.47377938517179025,2021-02-15 22:54:02.383173,2021-02-15 22:55:05.277615,0 days 00:01:02.894442,0.00012525016796541201,100,0.9976531499554743,5.662644845200209,0.47377938517179025,,,PRUNED
269,269,0.5171790235081374,2021-02-15 22:55:05.277914,2021-02-15 22:57:29.300126,0 days 00:02:24.022212,0.00019753410567768212,90,0.997975831088171,3.490268949635905,0.5424954792043399,0.5171790235081374,,PRUNED
270,270,0.4204339963833635,2021-02-15 22:57:29.300438,2021-02-15 22:58:00.598149,0 days 00:00:31.297711,0.0004731923648768881,60,0.9955269063272616,5.033461346792584,0.4204339963833635,,,PRUNED
271,271,0.4972875226039783,2021-02-15 22:58:00.598463,2021-02-15 23:00:24.303973,0 days 00:02:23.705510,8.952210160416441e-05,40,0.9968052199317847,1.276662892919287,0.4972875226039783,,,PRUNED
272,272,0.5524412296564195,2021-02-15 23:00:24.304286,2021-02-15 23:02:47.154994,0 days 00:02:22.850708,3.019524162560571e-05,80,0.9952650672326145,5.499656328441137,0.6455696202531646,0.5678119349005425,0.5524412296564195,PRUNED
273,273,0.4023508137432188,2021-02-15 23:02:47.155316,2021-02-15 23:03:23.884677,0 days 00:00:36.729361,1.6767314278261022e-05,80,0.9951808546210856,5.59922997023782,0.4023508137432188,,,PRUNED
274,274,0.3829113924050633,2021-02-15 23:03:23.884974,2021-02-15 23:05:46.933700,0 days 00:02:23.048726,0.0010799926813401298,70,0.9985473086556748,5.071502422118404,0.6365280289330922,0.3829113924050633,,PRUNED
275,275,0.38698010849909587,2021-02-15 23:05:46.933985,2021-02-15 23:08:10.677345,0 days 00:02:23.743360,4.2510782001569664e-05,60,0.9988568159834015,9.413888711517863,0.5424954792043399,0.38698010849909587,,PRUNED
276,276,0.38788426763110306,2021-02-15 23:08:10.677637,2021-02-15 23:08:43.799003,0 days 00:00:33.121366,2.3005324598277464e-05,80,0.9953264605650527,3.6880575921869765,0.38788426763110306,,,PRUNED
277,277,0.38698010849909587,2021-02-15 23:08:43.799275,2021-02-15 23:09:47.495856,0 days 00:01:03.696581,0.0014348200812987512,70,0.9970392938195066,2.61478096262465,0.38698010849909587,,,PRUNED
278,278,0.5325497287522604,2021-02-15 23:09:47.496158,2021-02-15 23:10:50.322564,0 days 00:01:02.826406,3.067509167078164e-05,80,0.9969843315531528,6.037959223652363,0.5370705244122965,0.5325497287522604,,PRUNED
279,279,0.5103978300180831,2021-02-15 23:10:50.322861,2021-02-15 23:13:14.718967,0 days 00:02:24.396106,0.0018635263426624261,80,0.998191151863719,6.5359150347524,0.6708860759493671,0.5103978300180831,,PRUNED
280,280,0.5162748643761302,2021-02-15 23:13:14.719269,2021-02-15 23:13:45.924469,0 days 00:00:31.205200,0.000970698249412054,90,0.9948639036956595,4.756388260644794,0.5162748643761302,,,PRUNED
281,281,0.4104882459312839,2021-02-15 23:13:45.924783,2021-02-15 23:14:47.856288,0 days 00:01:01.931505,0.0002672303402787757,60,0.9984216589926721,8.55374447194211,0.4104882459312839,,,PRUNED
282,282,0.4448462929475588,2021-02-15 23:14:47.856572,2021-02-15 23:17:11.790374,0 days 00:02:23.933802,3.41571506078411e-05,100,0.9957195419311543,6.543329269154119,0.6103074141048824,0.5913200723327305,0.4448462929475588,PRUNED
283,283,0.45569620253164556,2021-02-15 23:17:11.790668,2021-02-15 23:17:47.682396,0 days 00:00:35.891728,2.663154389386459e-05,100,0.9947397022221315,6.492574196189205,0.45569620253164556,,,PRUNED
284,284,0.4421338155515371,2021-02-15 23:17:47.682695,2021-02-15 23:18:20.734438,0 days 00:00:33.051743,3.912158385238378e-05,100,0.9954261155823008,6.81429507854966,0.4421338155515371,,,PRUNED
285,285,0.4629294755877034,2021-02-15 23:18:20.734758,2021-02-15 23:20:42.892192,0 days 00:02:22.157434,0.0003189891008246324,70,0.990533964229152,7.517689280755636,0.4629294755877034,,,PRUNED
286,286,0.445750452079566,2021-02-15 23:20:42.892475,2021-02-15 23:21:44.127909,0 days 00:01:01.235434,0.0002231515716047153,60,0.9985426748367535,10.316450149362677,0.445750452079566,,,PRUNED
287,287,0.49638336347197104,2021-02-15 23:21:44.128203,2021-02-15 23:26:35.367228,0 days 00:04:51.239025,3.135389981926188e-05,100,0.996745199507766,5.502353008690661,0.6229656419529838,0.5415913200723327,0.7386980108499096,COMPLETE
288,288,0.5009041591320073,2021-02-15 23:26:35.367896,2021-02-15 23:28:58.520037,0 days 00:02:23.152141,0.00041921655725525147,60,0.9977322347610142,4.319900574454472,0.5741410488245932,0.5009041591320073,,PRUNED
289,289,0.488245931283906,2021-02-15 23:28:58.520355,2021-02-15 23:31:22.273086,0 days 00:02:23.752731,5.1299674952667803e-05,80,0.9967525945853997,5.52973942099066,0.6537070524412296,0.5949367088607594,0.488245931283906,PRUNED
290,290,0.4484629294755877,2021-02-15 23:31:22.273422,2021-02-15 23:32:22.782294,0 days 00:01:00.508872,0.00030812486726803983,50,0.9987849080515182,8.902630878357323,0.4484629294755877,,,PRUNED
291,291,0.4448462929475588,2021-02-15 23:32:22.782588,2021-02-15 23:32:58.686221,0 days 00:00:35.903633,4.2247138192178584e-05,80,0.9966796048347618,5.668453505852333,0.4448462929475588,,,PRUNED
292,292,0.4719710669077758,2021-02-15 23:32:58.686508,2021-02-15 23:35:22.124019,0 days 00:02:23.437511,3.503291957450794e-05,80,0.9974834522587633,4.524258570332399,0.4719710669077758,,,PRUNED
293,293,0.5036166365280289,2021-02-15 23:35:22.124388,2021-02-15 23:36:23.635193,0 days 00:01:01.510805,0.00015566752210422318,60,0.9979820456458112,7.7865909314543575,0.5036166365280289,,,PRUNED
294,294,0.4475587703435805,2021-02-15 23:36:23.635618,2021-02-15 23:37:23.946496,0 days 00:01:00.310878,0.002186699096284723,70,0.9983026031991795,7.072641729085186,0.4475587703435805,,,PRUNED
295,295,0.4638336347197107,2021-02-15 23:37:23.947106,2021-02-15 23:39:46.671905,0 days 00:02:22.724799,0.0008335172462310664,50,0.9989947430109805,3.2926241268184864,0.546112115732369,0.4638336347197107,,PRUNED
296,296,0.48553345388788427,2021-02-15 23:39:46.672324,2021-02-15 23:40:22.301890,0 days 00:00:35.629566,6.59198903756473e-05,80,0.9972275663054527,9.109618805162325,0.48553345388788427,,,PRUNED
297,297,0.5180831826401446,2021-02-15 23:40:22.302175,2021-02-15 23:40:54.210090,0 days 00:00:31.907915,3.000959944157687e-05,90,0.996801673482193,5.324128527055592,0.5180831826401446,,,PRUNED
298,298,0.472875226039783,2021-02-15 23:40:54.210577,2021-02-15 23:45:45.426102,0 days 00:04:51.215525,8.113072443834402e-05,60,0.9986729723865487,3.4422386954612287,0.5343580470162749,,,COMPLETE
299,299,0.3887884267631103,2021-02-15 23:45:45.426911,2021-02-15 23:46:21.498395,0 days 00:00:36.071484,4.981743827300462e-05,80,0.9974375767103352,8.130734641203578,0.3887884267631103,,,PRUNED
300,300,0.5090415913200723,2021-02-15 23:46:21.498708,2021-02-15 23:47:22.550802,0 days 00:01:01.052094,4.721403407148196e-05,90,0.9970897961581443,5.700637874168817,0.5714285714285714,0.5090415913200723,,PRUNED
301,301,0.42224231464737794,2021-02-15 23:47:22.551103,2021-02-15 23:52:14.484071,0 days 00:04:51.932968,0.00012031390770992271,60,0.9978495676263629,4.004494146625563,0.6021699819168174,,,COMPLETE
302,302,0.5144665461121157,2021-02-15 23:52:14.484733,2021-02-15 23:52:47.186594,0 days 00:00:32.701861,1.1075300292822143e-05,100,0.9966136764651671,4.477314447070289,0.5144665461121157,,,PRUNED
303,303,0.4566003616636528,2021-02-15 23:52:47.186925,2021-02-15 23:55:10.677939,0 days 00:02:23.491014,6.736423946420717e-05,50,0.9985752873743383,3.0300540536974347,0.4566003616636528,,,PRUNED
304,304,0.5,2021-02-15 23:55:10.678218,2021-02-15 23:57:34.508168,0 days 00:02:23.829950,0.003257897820758518,60,0.9974083417485341,6.2040047245687315,0.6500904159132007,0.5,,PRUNED
305,305,0.39783001808318263,2021-02-15 23:57:34.508470,2021-02-15 23:58:09.995348,0 days 00:00:35.486878,0.0008366030044159061,70,0.9969124974752686,3.9652435617068456,0.39783001808318263,,,PRUNED
306,306,0.5370705244122965,2021-02-15 23:58:09.995673,2021-02-15 23:59:11.397586,0 days 00:01:01.401913,2.450978675840795e-05,80,0.9964616008930339,5.002807681887793,0.546112115732369,0.5370705244122965,,PRUNED
307,307,0.5072332730560579,2021-02-15 23:59:11.398013,2021-02-16 00:00:11.144780,0 days 00:00:59.746767,0.0005633305079248979,70,0.9986044865772353,5.567961124915124,0.5072332730560579,,,PRUNED
308,308,0.49005424954792043,2021-02-16 00:00:11.145086,2021-02-16 00:02:34.230245,0 days 00:02:23.085159,0.0005264167596201457,100,0.9973315384342588,9.651657683698588,0.5497287522603979,0.5777576853526221,0.49005424954792043,PRUNED
309,309,0.47649186256781195,2021-02-16 00:02:34.230560,2021-02-16 00:04:57.450753,0 days 00:02:23.220193,1.9916282009061862e-05,70,0.9972392248635432,6.240331698573759,0.47649186256781195,,,PRUNED
310,310,0.4159132007233273,2021-02-16 00:04:57.451042,2021-02-16 00:05:33.773840,0 days 00:00:36.322798,0.0005277679046038994,100,0.9973428476551491,9.662948563387747,0.4159132007233273,,,PRUNED
311,311,0.4873417721518987,2021-02-16 00:05:33.774140,2021-02-16 00:06:34.734907,0 days 00:01:00.960767,0.00046653561443425653,100,0.9977536819851461,0.32666035265732773,0.4873417721518987,,,PRUNED
312,312,0.4945750452079566,2021-02-16 00:06:34.735253,2021-02-16 00:07:34.974644,0 days 00:01:00.239391,3.700413230825537e-05,100,0.9976140128817925,8.576189880449814,0.5406871609403255,0.4945750452079566,,PRUNED
313,313,0.4602169981916817,2021-02-16 00:07:34.974969,2021-02-16 00:08:35.111571,0 days 00:01:00.136602,0.0004597555346065322,100,0.9970653406405563,6.1950807897780535,0.5415913200723327,0.4602169981916817,,PRUNED
314,314,0.45569620253164556,2021-02-16 00:08:35.111882,2021-02-16 00:09:36.865995,0 days 00:01:01.754113,0.0009779377185024887,50,0.9980167108141732,2.076907595059116,0.45569620253164556,,,PRUNED
315,315,0.41862567811934903,2021-02-16 00:09:36.866294,2021-02-16 00:10:40.743657,0 days 00:01:03.877363,5.73532463524816e-05,90,0.9978857528615921,10.369718892363032,0.5551537070524413,0.41862567811934903,,PRUNED
316,316,0.47649186256781195,2021-02-16 00:10:40.743948,2021-02-16 00:11:13.970622,0 days 00:00:33.226674,0.0003593696512131134,100,0.9968305413112417,11.7706612753611,0.47649186256781195,,,PRUNED
317,317,0.4837251356238698,2021-02-16 00:11:13.970944,2021-02-16 00:13:36.204148,0 days 00:02:22.233204,3.54630574217814e-05,60,0.995299018307936,5.115441329871272,0.4837251356238698,,,PRUNED
318,318,0.5189873417721519,2021-02-16 00:13:36.204492,2021-02-16 00:14:36.773919,0 days 00:01:00.569427,0.0006973581737721836,80,0.9972069588067892,7.750189343282608,0.6717902350813744,0.5189873417721519,,PRUNED
319,319,0.4620253164556962,2021-02-16 00:14:36.774231,2021-02-16 00:15:39.358205,0 days 00:01:02.583974,0.0015868534476460765,40,0.9978738761468642,3.053197529763014,0.4620253164556962,,,PRUNED
320,320,0.3969258589511754,2021-02-16 00:15:39.358485,2021-02-16 00:16:15.048257,0 days 00:00:35.689772,0.0005360794196513569,100,0.9950069244865907,11.239434129143408,0.3969258589511754,,,PRUNED
321,321,0.32007233273056057,2021-02-16 00:16:15.048566,2021-02-16 00:16:49.605309,0 days 00:00:34.556743,0.0005856581490735209,70,0.9967199388965413,3.16608613535743,0.32007233273056057,,,PRUNED
322,322,0.5443037974683544,2021-02-16 00:16:49.605599,2021-02-16 00:19:14.231823,0 days 00:02:24.626224,0.00041662786788128684,80,0.9962702376333712,10.733453033740245,0.5913200723327305,0.5524412296564195,0.5443037974683544,PRUNED
323,323,0.472875226039783,2021-02-16 00:19:14.232128,2021-02-16 00:19:48.642007,0 days 00:00:34.409879,0.00030300710635895706,80,0.996272073141413,10.906140570098003,0.472875226039783,,,PRUNED
324,324,0.5018083182640145,2021-02-16 00:19:48.642313,2021-02-16 00:20:24.249178,0 days 00:00:35.606865,0.00039595166968825284,20,0.9964292183768607,10.51605936971648,0.5018083182640145,,,PRUNED
325,325,0.3960216998191682,2021-02-16 00:20:24.249480,2021-02-16 00:21:27.491464,0 days 00:01:03.241984,7.647709058021913e-05,80,0.9965849227889386,12.553803508904512,0.5614828209764918,0.3960216998191682,,PRUNED
