,number,value,datetime_start,datetime_complete,duration,params_lr,params_out_dim,params_scheduler_gamma,params_weight_decay,system_attrs_completed_rung_0,system_attrs_completed_rung_1,system_attrs_completed_rung_2,state
221,221,0.4892578125,2021-02-18 01:17:23.494278,2021-02-18 01:18:42.851963,0 days 00:01:19.357685,0.00013802224931949716,50,0.9915483647871579,5.723807427402834,0.5390625,0.4892578125,,PRUNED
222,222,0.42046718576195774,2021-02-18 01:18:42.852202,2021-02-18 01:19:42.836858,0 days 00:00:59.984656,1.9095918837698302e-05,90,0.9916095105743613,1.9764088379833717,0.5361512791991101,0.5884315906562848,0.42046718576195774,PRUNED
223,223,0.5072302558398221,2021-02-18 01:19:42.837080,2021-02-18 01:20:43.570204,0 days 00:01:00.733124,4.731800323529087e-05,20,0.9966416764870786,17.912871720953376,0.5072302558398221,,,PRUNED
224,224,0.4517497348886532,2021-02-18 01:20:43.570434,2021-02-18 01:21:43.623497,0 days 00:01:00.053063,0.00010221268270012831,30,0.9957469825573331,16.506539443987137,0.4517497348886532,,,PRUNED
225,225,0.4594348222424795,2021-02-18 01:21:43.623712,2021-02-18 01:22:11.282727,0 days 00:00:27.659015,0.00025991099730826003,100,0.9906281119253688,3.390842593940238,0.6061987237921604,0.4594348222424795,,PRUNED
226,226,0.51171875,2021-02-18 01:22:11.282946,2021-02-18 01:22:19.238975,0 days 00:00:07.956029,0.0003000441287551894,100,0.9902599895756334,3.7063027999038907,0.51171875,,,PRUNED
227,227,0.408203125,2021-02-18 01:22:19.239209,2021-02-18 01:24:23.609241,0 days 00:02:04.370032,2.725485646352085e-05,40,0.9962200469605651,13.457068489546806,0.5595703125,,,COMPLETE
228,228,0.5028462998102466,2021-02-18 01:24:23.609817,2021-02-18 01:24:31.485012,0 days 00:00:07.875195,0.00023237739979959081,100,0.9905941799002067,4.509344323279143,0.5028462998102466,,,PRUNED
229,229,0.5280685061845861,2021-02-18 01:24:31.485243,2021-02-18 01:24:59.540837,0 days 00:00:28.055594,5.3161762846028894e-05,100,0.9910525390566555,3.2697285407121415,0.5756422454804948,0.5280685061845861,,PRUNED
230,230,0.4785779398359161,2021-02-18 01:24:59.541064,2021-02-18 01:25:07.446334,0 days 00:00:07.905270,0.0003553136209992399,100,0.9919234919904454,2.537718608827415,0.4785779398359161,,,PRUNED
231,231,0.4500998003992016,2021-02-18 01:25:07.446587,2021-02-18 01:25:16.608060,0 days 00:00:09.161473,0.0001127897509600587,80,0.9909184508429961,4.078135632626942,0.4500998003992016,,,PRUNED
232,232,0.41020966271649956,2021-02-18 01:25:16.608316,2021-02-18 01:26:17.180596,0 days 00:01:00.572280,2.4123156642122067e-05,60,0.993257777443535,3.3050804130465083,0.5515041020966271,0.41020966271649956,,PRUNED
233,233,0.4208984375,2021-02-18 01:26:17.180828,2021-02-18 01:27:28.254646,0 days 00:01:11.073818,1.2941234607941898e-05,30,0.9904045611280906,1.773123873899852,0.4208984375,,,PRUNED
234,234,0.5,2021-02-18 01:27:28.254873,2021-02-18 01:28:28.950809,0 days 00:01:00.695936,0.005500447721789273,50,0.994466734196256,12.278839130556744,0.5,,,PRUNED
235,235,0.49204665959703076,2021-02-18 01:28:28.951027,2021-02-18 01:29:29.239488,0 days 00:01:00.288461,6.0463928067928545e-05,50,0.9925960228343296,6.573213418497636,0.545068928950159,0.49204665959703076,,PRUNED
236,236,0.4220572640509014,2021-02-18 01:29:29.239726,2021-02-18 01:29:50.196923,0 days 00:00:20.957197,0.00016067469838171707,10,0.9904212271860046,1.3773804035584751,0.5514316012725344,0.4220572640509014,,PRUNED
237,237,0.48403193612774453,2021-02-18 01:29:50.197181,2021-02-18 01:30:00.584083,0 days 00:00:10.386902,3.914239760715186e-05,90,0.994661498856228,0.00033742481921406053,0.48403193612774453,,,PRUNED
238,238,0.4994438264738598,2021-02-18 01:30:00.584340,2021-02-18 01:30:08.426086,0 days 00:00:07.841746,7.96557916297204e-05,100,0.9900316425898638,0.4630831249758429,0.4994438264738598,,,PRUNED
239,239,0.4857685009487666,2021-02-18 01:30:08.426354,2021-02-18 01:32:11.736748,0 days 00:02:03.310394,0.0013501984432914842,40,0.9938717642369533,5.412907791282703,0.5123339658444023,0.5502846299810247,,COMPLETE
240,240,0.4666666666666667,2021-02-18 01:32:11.737319,2021-02-18 01:33:22.632941,0 days 00:01:10.895622,6.966374724078146e-05,90,0.9935532332131071,11.348290506722327,0.4666666666666667,,,PRUNED
241,241,0.5,2021-02-18 01:33:22.633179,2021-02-18 01:33:43.550067,0 days 00:00:20.916888,0.005139503069553896,30,0.9937408306898199,9.049880854151482,0.5,,,PRUNED
242,242,0.4838709677419355,2021-02-18 01:33:43.550305,2021-02-18 01:33:53.412440,0 days 00:00:09.862135,0.00010104150035284624,70,0.9914246712706488,2.465651274591943,0.4838709677419355,,,PRUNED
243,243,0.4686907020872865,2021-02-18 01:33:53.412669,2021-02-18 01:34:53.359445,0 days 00:00:59.946776,3.994619359557116e-05,60,0.9930760937253766,10.12416671430982,0.4686907020872865,,,PRUNED
244,244,0.4736328125,2021-02-18 01:34:53.359689,2021-02-18 01:35:20.875912,0 days 00:00:27.516223,0.001368055220880431,70,0.9905094873475762,7.76240162518868,0.4736328125,,,PRUNED
245,245,0.5093333333333333,2021-02-18 01:35:20.876132,2021-02-18 01:35:30.054963,0 days 00:00:09.178831,9.986164638556603e-05,30,0.9925104492934792,0.8002981584310418,0.5093333333333333,,,PRUNED
246,246,0.48046875,2021-02-18 01:35:30.055206,2021-02-18 01:35:40.451433,0 days 00:00:10.396227,0.00027936326270373146,20,0.9922828347238049,1.767353523637019,0.48046875,,,PRUNED
247,247,0.47248576850094876,2021-02-18 01:35:40.451697,2021-02-18 01:35:49.718872,0 days 00:00:09.267175,6.373534419924862e-05,50,0.9927074458870756,1.1462460924935978,0.47248576850094876,,,PRUNED
248,248,0.47954091816367267,2021-02-18 01:35:49.719124,2021-02-18 01:36:17.541053,0 days 00:00:27.821929,0.002658287190671728,40,0.9942323492962708,5.629704845922644,0.47954091816367267,,,PRUNED
249,249,0.4305408271474019,2021-02-18 01:36:17.541305,2021-02-18 01:37:28.780305,0 days 00:01:11.239000,2.4463735563567e-05,40,0.9945713275381899,14.875509470242507,0.4305408271474019,,,PRUNED
250,250,0.44938820912124583,2021-02-18 01:37:28.780545,2021-02-18 01:37:36.602805,0 days 00:00:07.822260,0.00013571831662517243,40,0.9932358749655713,0.33338079417431427,0.44938820912124583,,,PRUNED
251,251,0.3992015968063872,2021-02-18 01:37:36.603062,2021-02-18 01:38:36.790244,0 days 00:01:00.187182,0.001982135604565475,40,0.9968893033523085,2.441264773583167,0.5089820359281437,0.3992015968063872,,PRUNED
252,252,0.4715370018975332,2021-02-18 01:38:36.790504,2021-02-18 01:38:44.651886,0 days 00:00:07.861382,4.754818137663904e-05,30,0.9920096089268802,0.0038252732875635395,0.4715370018975332,,,PRUNED
253,253,0.4983314794215795,2021-02-18 01:38:44.652114,2021-02-18 01:40:04.054046,0 days 00:01:19.401932,8.875140512494125e-05,40,0.9988153452549487,3.0315120511559237,0.5561735261401557,0.5873192436040044,0.4983314794215795,PRUNED
254,254,0.46506986027944114,2021-02-18 01:40:04.054308,2021-02-18 01:41:23.454119,0 days 00:01:19.399811,1.8297288496300215e-05,70,0.9935458227697541,12.958556611933096,0.46506986027944114,,,PRUNED
255,255,0.48861480075901326,2021-02-18 01:41:23.454351,2021-02-18 01:41:32.699021,0 days 00:00:09.244670,8.803055943872494e-05,40,0.9974083417061801,2.942951427359857,0.48861480075901326,,,PRUNED
256,256,0.5423406279733587,2021-02-18 01:41:32.699268,2021-02-18 01:42:00.506302,0 days 00:00:27.807034,0.00020785689249564886,20,0.9989421962476298,3.3044733404884283,0.6698382492863939,0.5423406279733587,,PRUNED
257,257,0.42491657397107896,2021-02-18 01:42:00.506574,2021-02-18 01:42:08.311253,0 days 00:00:07.804679,7.021215545521632e-05,100,0.9917791643482965,3.8972403938311757,0.42491657397107896,,,PRUNED
258,258,0.4448495897903373,2021-02-18 01:42:08.311489,2021-02-18 01:42:16.239754,0 days 00:00:07.928265,5.126312348328055e-05,100,0.9910776888187337,2.323851279932593,0.4448495897903373,,,PRUNED
259,259,0.5039920159680639,2021-02-18 01:42:16.240019,2021-02-18 01:43:16.019007,0 days 00:00:59.778988,0.0003007509348488379,50,0.9926692215162546,11.509661233228577,0.5039920159680639,,,PRUNED
260,260,0.5164369034994698,2021-02-18 01:43:16.019273,2021-02-18 01:44:35.137991,0 days 00:01:19.118718,0.00011358408699242446,30,0.9923502674773329,0.73271513426871,0.6171792152704135,0.5864262990455992,0.5164369034994698,PRUNED
261,261,0.5259799453053783,2021-02-18 01:44:35.138235,2021-02-18 01:44:43.362206,0 days 00:00:08.223971,0.00014930976155180881,30,0.9915274392471556,1.4364988315114875,0.5259799453053783,,,PRUNED
262,262,0.4765625,2021-02-18 01:44:43.362456,2021-02-18 01:44:53.859451,0 days 00:00:10.496995,5.9268655967378034e-05,30,0.9985394672943386,2.1411353521978653,0.4765625,,,PRUNED
263,263,0.523719165085389,2021-02-18 01:44:53.859722,2021-02-18 01:45:01.720378,0 days 00:00:07.860656,7.846509163458223e-05,30,0.9928317399627691,2.8468018765753493,0.523719165085389,,,PRUNED
264,264,0.5337773549000951,2021-02-18 01:45:01.720626,2021-02-18 01:47:07.592602,0 days 00:02:05.871976,0.000763231984147741,50,0.9948992128823752,5.1595604891219224,0.5137963843958135,0.5870599429115129,,COMPLETE
265,265,0.408,2021-02-18 01:47:07.593191,2021-02-18 01:47:28.503109,0 days 00:00:20.909918,0.0008032517542121859,50,0.9947196452188538,5.406158671668959,0.408,,,PRUNED
266,266,0.4719314938154139,2021-02-18 01:47:28.503361,2021-02-18 01:48:48.489690,0 days 00:01:19.986329,0.0012091403483605891,60,0.9951616927564151,6.2006715913616794,0.6270218839200761,0.4719314938154139,,PRUNED
267,267,0.5111111111111111,2021-02-18 01:48:48.489959,2021-02-18 01:48:56.349072,0 days 00:00:07.859113,0.00011637798973968706,30,0.992334723446,0.8619139420549898,0.5111111111111111,,,PRUNED
268,268,0.49600798403193613,2021-02-18 01:48:56.349325,2021-02-18 01:51:00.152953,0 days 00:02:03.803628,5.338961127417889e-05,60,0.9951337593795951,13.95030121678385,0.5768463073852296,,,COMPLETE
269,269,0.5071360608943863,2021-02-18 01:51:00.153550,2021-02-18 01:51:08.045875,0 days 00:00:07.892325,1.5796012517698093e-05,40,0.9912331273077043,3.3319588676950267,0.5071360608943863,,,PRUNED
270,270,0.458984375,2021-02-18 01:51:08.046152,2021-02-18 01:51:17.306752,0 days 00:00:09.260600,0.0001670129037930113,20,0.990728005814156,1.8962073628237965,0.458984375,,,PRUNED
271,271,0.4530938123752495,2021-02-18 01:51:17.307018,2021-02-18 01:51:38.205340,0 days 00:00:20.898322,0.0006893671101978197,50,0.9928146572828054,10.594133524969578,0.4530938123752495,,,PRUNED
272,272,0.4267578125,2021-02-18 01:51:38.205578,2021-02-18 01:51:46.115863,0 days 00:00:07.910285,2.8657176920320425e-05,100,0.9921786295930127,0.005950481172755345,0.4267578125,,,PRUNED
273,273,0.3591111111111111,2021-02-18 01:51:46.116117,2021-02-18 01:51:56.692235,0 days 00:00:10.576118,4.178263578321354e-05,90,0.9953271175388425,4.228054450574705,0.3591111111111111,,,PRUNED
274,274,0.44510978043912175,2021-02-18 01:51:56.692492,2021-02-18 01:52:04.708778,0 days 00:00:08.016286,1.1332773081186143e-05,100,0.9934305130259076,0.5604175164888728,0.44510978043912175,,,PRUNED
275,275,0.4878048780487805,2021-02-18 01:52:04.709021,2021-02-18 01:52:29.622383,0 days 00:00:24.913362,0.000980773076984906,60,0.9934120861218766,7.010058849555907,0.4878048780487805,,,PRUNED
276,276,0.47058823529411764,2021-02-18 01:52:29.622649,2021-02-18 01:54:13.835171,0 days 00:01:44.212522,2.9724558073172332e-05,10,0.9918697658092268,9.470491276294458,0.6138519924098672,,,COMPLETE
277,277,0.45540796963946867,2021-02-18 01:54:13.835766,2021-02-18 01:54:34.703962,0 days 00:00:20.868196,9.877656825588654e-05,50,0.9926787845588586,1.1881906709813075,0.5692599620493358,0.45540796963946867,,PRUNED
278,278,0.39265850945494996,2021-02-18 01:54:34.704214,2021-02-18 01:54:55.354345,0 days 00:00:20.650131,0.00012413761344982557,40,0.9929729707302584,0.753254219717339,0.5328142380422692,0.39265850945494996,,PRUNED
279,279,0.44048943270300334,2021-02-18 01:54:55.354578,2021-02-18 01:55:55.649513,0 days 00:01:00.294935,0.0003486249969170776,70,0.9923944646021854,4.394581224515326,0.542825361512792,0.44048943270300334,,PRUNED
280,280,0.4968888888888889,2021-02-18 01:55:55.649749,2021-02-18 01:56:54.921659,0 days 00:00:59.271910,0.0005578592176268633,30,0.991211782104247,9.616582548729292,0.5208888888888888,0.4968888888888889,,PRUNED
281,281,0.5,2021-02-18 01:56:54.921898,2021-02-18 01:57:54.496422,0 days 00:00:59.574524,0.0009439818162175009,20,0.9922486352994712,16.75899408207185,0.5,,,PRUNED
282,282,0.4783092324805339,2021-02-18 01:57:54.496667,2021-02-18 01:58:02.296990,0 days 00:00:07.800323,8.147275039309835e-05,30,0.9926178842768022,2.6615997228942256,0.4783092324805339,,,PRUNED
283,283,0.448,2021-02-18 01:58:02.297223,2021-02-18 01:58:12.575021,0 days 00:00:10.277798,6.872271522175095e-05,50,0.9923964306820023,1.4928034795627827,0.448,,,PRUNED
284,284,0.4443359375,2021-02-18 01:58:12.575280,2021-02-18 02:00:29.959459,0 days 00:02:17.384179,1.4169833344783582e-05,80,0.994239954437106,6.509010614749021,0.5537109375,,,COMPLETE
285,285,0.35372636262513907,2021-02-18 02:00:29.960053,2021-02-18 02:01:49.278463,0 days 00:01:19.318410,0.00012376438686933358,40,0.9953865356213876,15.714475947868005,0.35372636262513907,,,PRUNED
286,286,0.4912109375,2021-02-18 02:01:49.278727,2021-02-18 02:02:59.892998,0 days 00:01:10.614271,3.5434375618710824e-05,40,0.9924779104569205,0.3781475463329137,0.5546875,0.5595703125,0.4912109375,PRUNED
287,287,0.46044444444444443,2021-02-18 02:02:59.893252,2021-02-18 02:03:09.171017,0 days 00:00:09.277765,3.360942947034548e-05,60,0.9917529830661734,0.34679756801918005,0.46044444444444443,,,PRUNED
288,288,0.47573739295908657,2021-02-18 02:03:09.171277,2021-02-18 02:03:29.948771,0 days 00:00:20.777494,2.3435722928016304e-05,40,0.9908882268419543,3.6033209101892325,0.5404376784015223,0.47573739295908657,,PRUNED
289,289,0.4419600380589914,2021-02-18 02:03:29.949033,2021-02-18 02:03:50.736953,0 days 00:00:20.787920,0.0016816874690462735,80,0.9930989643079556,8.422211607792303,0.4419600380589914,,,PRUNED
290,290,0.5219560878243513,2021-02-18 02:03:50.737230,2021-02-18 02:04:18.320292,0 days 00:00:27.583062,1.820593824707505e-05,30,0.9921066062347947,2.00538383811574,0.5269461077844312,0.5219560878243513,,PRUNED
291,291,0.39236479321314954,2021-02-18 02:04:18.320560,2021-02-18 02:04:26.140042,0 days 00:00:07.819482,5.4473127859585216e-05,100,0.993621058257247,3.1453452972471956,0.39236479321314954,,,PRUNED
292,292,0.41020966271649956,2021-02-18 02:04:26.140297,2021-02-18 02:04:53.703163,0 days 00:00:27.562866,3.634409044573344e-05,100,0.9913614031608029,0.9719422725941997,0.5670009115770283,0.41020966271649956,,PRUNED
293,293,0.4961067853170189,2021-02-18 02:04:53.703410,2021-02-18 02:06:13.132630,0 days 00:01:19.429220,0.0007260490623741686,60,0.995573710434298,7.992697292235519,0.4961067853170189,,,PRUNED
294,294,0.5080875356803045,2021-02-18 02:06:13.132895,2021-02-18 02:06:33.832811,0 days 00:00:20.699916,0.0001155418918390764,40,0.9939592215160811,2.8417967087847735,0.5080875356803045,,,PRUNED
295,295,0.3662674650698603,2021-02-18 02:06:33.833047,2021-02-18 02:08:55.218740,0 days 00:02:21.385693,0.0010434134627738164,70,0.9947063877553931,8.542746057190293,0.5319361277445109,,,COMPLETE
296,296,0.4862222222222222,2021-02-18 02:08:55.219334,2021-02-18 02:09:05.557377,0 days 00:00:10.338043,9.115951513725349e-05,40,0.9924588172486428,0.08227511812459548,0.4862222222222222,,,PRUNED
297,297,0.466796875,2021-02-18 02:09:05.557654,2021-02-18 02:09:13.334239,0 days 00:00:07.776585,0.0002035729695232255,40,0.9925146019782198,0.6428137195890451,0.466796875,,,PRUNED
298,298,0.45955555555555555,2021-02-18 02:09:13.334496,2021-02-18 02:09:34.048709,0 days 00:00:20.714213,0.0007622031266521249,10,0.995555220975205,4.804967075442212,0.45955555555555555,,,PRUNED
299,299,0.501953125,2021-02-18 02:09:34.048955,2021-02-18 02:09:41.829582,0 days 00:00:07.780627,4.4494662376019185e-05,40,0.9929032674566475,0.001481692420396724,0.501953125,,,PRUNED
300,300,0.3425309229305423,2021-02-18 02:09:41.829817,2021-02-18 02:10:06.724558,0 days 00:00:24.894741,0.0004760936216521559,20,0.9949762150273482,3.521851092517779,0.3425309229305423,,,PRUNED
301,301,0.5061179087875417,2021-02-18 02:10:06.724817,2021-02-18 02:10:31.319788,0 days 00:00:24.594971,0.00010914701105734329,40,0.9919424979359569,1.317769344490992,0.557285873192436,0.5061179087875417,,PRUNED
302,302,0.537109375,2021-02-18 02:10:31.320056,2021-02-18 02:10:55.891062,0 days 00:00:24.571006,2.033004614594937e-05,30,0.9922612545534543,2.607120821656617,0.5869140625,0.537109375,,PRUNED
303,303,0.4639927073837739,2021-02-18 02:10:55.891344,2021-02-18 02:11:05.132610,0 days 00:00:09.241266,0.00038617385225297286,50,0.9905079933437385,0.4301126407634981,0.4639927073837739,,,PRUNED
304,304,0.4938820912124583,2021-02-18 02:11:05.132906,2021-02-18 02:11:29.935757,0 days 00:00:24.802851,0.00020974805834019536,50,0.9945477772390698,6.06387082032199,0.4938820912124583,,,PRUNED
305,305,0.47295864262990456,2021-02-18 02:11:29.936052,2021-02-18 02:11:38.083234,0 days 00:00:08.147182,6.232242943525574e-05,100,0.9941762461113227,1.6983320900066432,0.47295864262990456,,,PRUNED
306,306,0.5185546875,2021-02-18 02:11:38.083485,2021-02-18 02:13:55.866553,0 days 00:02:17.783068,0.0009102308439908534,40,0.9941514944444443,5.08228696201534,0.5244140625,0.57421875,,COMPLETE
307,307,0.47555555555555556,2021-02-18 02:13:55.867208,2021-02-18 02:14:21.920946,0 days 00:00:26.053738,0.0009098505780418339,30,0.9936974327630843,5.212170711810028,0.47555555555555556,,,PRUNED
308,308,0.46241674595623217,2021-02-18 02:14:21.921211,2021-02-18 02:15:22.337151,0 days 00:01:00.415940,0.0006780631537657677,60,0.9948822699229336,4.635219551717167,0.46241674595623217,,,PRUNED
309,309,0.5068928950159067,2021-02-18 02:15:22.337410,2021-02-18 02:15:43.181964,0 days 00:00:20.844554,0.000671047437042146,60,0.9941650595899589,1.7735853551773322,0.5068928950159067,,,PRUNED
310,310,0.5,2021-02-18 02:15:43.182236,2021-02-18 02:16:54.082816,0 days 00:01:10.900580,0.002384078293669581,50,0.9917134532591741,6.614312852149107,0.52490234375,0.5,,PRUNED
311,311,0.31358249772105745,2021-02-18 02:16:54.083099,2021-02-18 02:17:18.398826,0 days 00:00:24.315727,0.0012510662594510712,40,0.9928178062632521,7.378544712006366,0.31358249772105745,,,PRUNED
312,312,0.5142314990512334,2021-02-18 02:17:18.399068,2021-02-18 02:17:28.731598,0 days 00:00:10.332530,2.6369533542742526e-05,80,0.9915916244512357,1.0153154122537413,0.5142314990512334,,,PRUNED
313,313,0.5023786869647955,2021-02-18 02:17:28.731891,2021-02-18 02:17:38.141030,0 days 00:00:09.409139,0.00023574370723935528,70,0.9926048889057785,3.830858610485952,0.5023786869647955,,,PRUNED
314,314,0.5056925996204934,2021-02-18 02:17:38.141284,2021-02-18 02:17:48.375893,0 days 00:00:10.234609,3.0482923696036824e-05,100,0.9911411218716565,2.3506556188296526,0.5056925996204934,,,PRUNED
315,315,0.4986326344576117,2021-02-18 02:17:48.376159,2021-02-18 02:18:09.141078,0 days 00:00:20.764919,0.003235164275621948,100,0.9932947381344664,3.72462790779627,0.4986326344576117,,,PRUNED
316,316,0.5,2021-02-18 02:18:09.141332,2021-02-18 02:19:27.597031,0 days 00:01:18.455699,0.002246376941872934,90,0.9953721922616942,6.4217148890750995,0.5,,,PRUNED
317,317,0.4912109375,2021-02-18 02:19:27.597305,2021-02-18 02:21:10.642952,0 days 00:01:43.045647,8.551506543197715e-05,90,0.9911961616467622,1.8612293651357543,0.5908203125,0.5634765625,0.5810546875,COMPLETE
318,318,0.3860021208907741,2021-02-18 02:21:10.643558,2021-02-18 02:21:20.931627,0 days 00:00:10.288069,7.625081522766425e-05,90,0.9908184989817287,1.6071485944085095,0.3860021208907741,,,PRUNED
319,319,0.4460511679644049,2021-02-18 02:21:20.931886,2021-02-18 02:21:29.037734,0 days 00:00:08.105848,0.00013506846766263674,90,0.9913133203099525,2.997305732253389,0.4460511679644049,,,PRUNED
320,320,0.47954329210275926,2021-02-18 02:21:29.038001,2021-02-18 02:22:39.801412,0 days 00:01:10.763411,0.0003014711107852993,40,0.9920464265521827,4.409746614712727,0.5575642245480494,0.47954329210275926,,PRUNED
321,321,0.5185546875,2021-02-18 02:22:39.801681,2021-02-18 02:22:48.958940,0 days 00:00:09.157259,9.089982734284385e-05,90,0.9909649136786755,2.022944687074808,0.5185546875,,,PRUNED
322,322,0.5029296875,2021-02-18 02:22:48.959203,2021-02-18 02:23:50.464384,0 days 00:01:01.505181,0.00044476333424537924,70,0.9944239768334499,3.213775067529996,0.525390625,0.5029296875,,PRUNED
323,323,0.49609375,2021-02-18 02:23:50.464654,2021-02-18 02:24:11.303905,0 days 00:00:20.839251,0.0015287628010976935,40,0.993784866412409,5.080080108121562,0.49609375,,,PRUNED
324,324,0.5,2021-02-18 02:24:11.304180,2021-02-18 02:25:21.779350,0 days 00:01:10.475170,0.0016864003330579731,50,0.9958892912739081,10.906209985218423,0.5,,,PRUNED
325,325,0.4629981024667932,2021-02-18 02:25:21.779627,2021-02-18 02:25:30.946135,0 days 00:00:09.166508,4.442955579201111e-05,100,0.992744171344838,0.4469433015232517,0.4629981024667932,,,PRUNED
326,326,0.29810901001112344,2021-02-18 02:25:30.946414,2021-02-18 02:25:56.285719,0 days 00:00:25.339305,0.0006271870949923325,50,0.9935142742730559,4.0736760209486755,0.29810901001112344,,,PRUNED
327,327,0.55078125,2021-02-18 02:25:56.285991,2021-02-18 02:28:13.747343,0 days 00:02:17.461352,3.453642446031016e-05,70,0.993872318402737,12.29650601558153,0.544921875,,,COMPLETE
328,328,0.4072265625,2021-02-18 02:28:13.747969,2021-02-18 02:28:38.103897,0 days 00:00:24.355928,8.204392589062142e-05,80,0.9953928770640216,5.84729337300675,0.4072265625,,,PRUNED
329,329,0.4471057884231537,2021-02-18 02:28:38.104144,2021-02-18 02:29:03.954644,0 days 00:00:25.850500,5.8754241925553714e-05,90,0.9911382870085507,1.1601659390080528,0.5758483033932136,0.4471057884231537,,PRUNED
330,330,0.49191246431969554,2021-02-18 02:29:03.954907,2021-02-18 02:31:21.738532,0 days 00:02:17.783625,7.170392893050102e-05,70,0.9931131862480299,12.141389820506845,0.5375832540437678,,,COMPLETE
331,331,0.4146341463414634,2021-02-18 02:31:21.739206,2021-02-18 02:31:42.556188,0 days 00:00:20.816982,0.0009118319214874659,40,0.994793906431556,12.765811554964218,0.4146341463414634,,,PRUNED
