,number,value,datetime_start,datetime_complete,duration,params_lr,params_out_dim,params_scheduler_gamma,params_weight_decay,system_attrs_completed_rung_0,system_attrs_completed_rung_1,system_attrs_completed_rung_2,state
551,551,0.49001996007984033,2021-02-18 04:59:01.732054,2021-02-18 04:59:29.202827,0 days 00:00:27.470773,0.00014023865758156615,100,0.9910478360040466,1.0278896697480855,0.6157684630738522,0.49001996007984033,,PRUNED
552,552,0.44610778443113774,2021-02-18 04:59:29.203195,2021-02-18 04:59:37.079918,0 days 00:00:07.876723,6.284564249165486e-05,80,0.9927544834610623,1.54416332057352,0.44610778443113774,,,PRUNED
553,553,0.5205078125,2021-02-18 04:59:37.080282,2021-02-18 04:59:44.999996,0 days 00:00:07.919714,9.135631353939078e-05,90,0.9914754844568315,5.818392099385257,0.5205078125,,,PRUNED
554,554,0.48239771646051377,2021-02-18 04:59:45.000344,2021-02-18 05:01:47.892346,0 days 00:02:02.892002,0.0003149806464592851,80,0.993001075627909,9.395183204850944,0.5756422454804948,0.5413891531874405,,COMPLETE
555,555,0.4716796875,2021-02-18 05:01:47.893049,2021-02-18 05:01:55.737481,0 days 00:00:07.844432,1.7548383512354664e-05,50,0.9907785975632688,2.5903167577372344,0.4716796875,,,PRUNED
556,556,0.48,2021-02-18 05:01:55.737821,2021-02-18 05:03:59.395636,0 days 00:02:03.657815,5.01730541749974e-05,60,0.9954134244553399,13.354493534677994,0.5573333333333333,,,COMPLETE
557,557,0.49857278782112274,2021-02-18 05:03:59.396327,2021-02-18 05:04:26.938592,0 days 00:00:27.542265,0.0003586028189054952,80,0.9923900336832379,8.741322768440881,0.49857278782112274,,,PRUNED
558,558,0.40417457305502846,2021-02-18 05:04:26.938948,2021-02-18 05:04:36.128352,0 days 00:00:09.189404,0.0031420344994563167,100,0.9918402974448858,0.32538020617408026,0.40417457305502846,,,PRUNED
559,559,0.48053392658509453,2021-02-18 05:04:36.128703,2021-02-18 05:05:46.894591,0 days 00:01:10.765888,0.0004492379847138468,80,0.992662320229071,11.171556072015038,0.5239154616240267,0.48053392658509453,,PRUNED
560,560,0.4749316317228806,2021-02-18 05:05:46.894964,2021-02-18 05:05:54.737123,0 days 00:00:07.842159,0.0005970161884060527,30,0.9985431164961629,3.357562941233642,0.4749316317228806,,,PRUNED
561,561,0.435546875,2021-02-18 05:05:54.737500,2021-02-18 05:06:02.490122,0 days 00:00:07.752622,0.00010663809791891394,60,0.992401405518011,9.756397184981974,0.435546875,,,PRUNED
562,562,0.5111346765641569,2021-02-18 05:06:02.490438,2021-02-18 05:07:14.364790,0 days 00:01:11.874352,3.739657788872888e-05,100,0.9939245188277458,9.33704501298317,0.5111346765641569,,,PRUNED
563,563,0.5056925996204934,2021-02-18 05:07:14.365150,2021-02-18 05:07:24.736240,0 days 00:00:10.371090,0.000123896188384191,20,0.9911858538895026,0.009549016489836793,0.5056925996204934,,,PRUNED
564,564,0.4755859375,2021-02-18 05:07:24.736580,2021-02-18 05:07:34.030828,0 days 00:00:09.294248,7.424398062334728e-05,100,0.9928444134487932,2.083415870332987,0.4755859375,,,PRUNED
565,565,0.5498046875,2021-02-18 05:07:34.031191,2021-02-18 05:09:37.102455,0 days 00:02:03.071264,2.544849432015231e-05,30,0.9944373868134639,12.394134756820952,0.5498046875,,,COMPLETE
566,566,0.5015906680805938,2021-02-18 05:09:37.103221,2021-02-18 05:09:57.951265,0 days 00:00:20.848044,0.00019052116808818874,80,0.9934578931366892,8.129809070345416,0.5015906680805938,,,PRUNED
567,567,0.5068928950159067,2021-02-18 05:09:57.951622,2021-02-18 05:10:08.362934,0 days 00:00:10.411312,0.0003467549116446755,100,0.9909814820220776,17.559681771529995,0.5068928950159067,,,PRUNED
568,568,0.4549499443826474,2021-02-18 05:10:08.363294,2021-02-18 05:10:29.042116,0 days 00:00:20.678822,0.00026908526840208253,80,0.99286486445229,9.534210521372176,0.4549499443826474,,,PRUNED
569,569,0.39377085650723026,2021-02-18 05:10:29.042494,2021-02-18 05:10:39.436616,0 days 00:00:10.394122,1.2844634282530286e-05,90,0.9937926615929189,11.518499547856734,0.39377085650723026,,,PRUNED
570,570,0.4720558882235529,2021-02-18 05:10:39.436965,2021-02-18 05:11:04.129793,0 days 00:00:24.692828,4.159172358740583e-05,40,0.9921290031470936,3.915243215539393,0.5459081836327345,0.4720558882235529,,PRUNED
571,571,0.4814453125,2021-02-18 05:11:04.130158,2021-02-18 05:12:47.209729,0 days 00:01:43.079571,0.000518692747105424,80,0.9940528944626302,12.583351585501047,0.568359375,0.5986328125,,COMPLETE
572,572,0.4177777777777778,2021-02-18 05:12:47.210431,2021-02-18 05:14:30.509921,0 days 00:01:43.299490,0.00013758651180212808,90,0.9932309100049055,10.922800430247369,0.5795555555555556,0.536,,COMPLETE
573,573,0.4050901378579003,2021-02-18 05:14:30.510626,2021-02-18 05:14:38.797736,0 days 00:00:08.287110,3.521960527877184e-05,30,0.991248047131821,0.6690392303865256,0.4050901378579003,,,PRUNED
574,574,0.46553552492046657,2021-02-18 05:14:38.798087,2021-02-18 05:14:48.508374,0 days 00:00:09.710287,4.8450217388618336e-05,90,0.9931357399710705,2.8929759271116047,0.46553552492046657,,,PRUNED
575,575,0.4938820912124583,2021-02-18 05:14:48.508714,2021-02-18 05:14:58.224952,0 days 00:00:09.716238,8.017833941525341e-05,70,0.9916718303425855,1.3462187646297257,0.4938820912124583,,,PRUNED
576,576,0.4471057884231537,2021-02-18 05:14:58.225289,2021-02-18 05:15:07.564996,0 days 00:00:09.339707,1.481544654006813e-05,100,0.9923712335759602,3.595204999616892,0.4471057884231537,,,PRUNED
577,577,0.42735949098621423,2021-02-18 05:15:07.565333,2021-02-18 05:15:28.315471,0 days 00:00:20.750138,0.0003413048652936547,90,0.9924921025099591,11.665690282712179,0.42735949098621423,,,PRUNED
578,578,0.5191111111111111,2021-02-18 05:15:28.315832,2021-02-18 05:15:36.145402,0 days 00:00:07.829570,2.6507502797111917e-05,60,0.9907222197792666,2.4383075727580206,0.5191111111111111,,,PRUNED
579,579,0.4740200546946217,2021-02-18 05:15:36.145763,2021-02-18 05:15:43.930409,0 days 00:00:07.784646,5.8085312579115596e-05,80,0.9914017763301655,0.41291262031111486,0.4740200546946217,,,PRUNED
580,580,0.5083426028921023,2021-02-18 05:15:43.930910,2021-02-18 05:15:51.755710,0 days 00:00:07.824800,2.1584092100931498e-05,30,0.9942931009904868,7.916238508111661,0.5083426028921023,,,PRUNED
581,581,0.4241781548250265,2021-02-18 05:15:51.756054,2021-02-18 05:17:10.707552,0 days 00:01:18.951498,2.5727132160150102e-05,30,0.9942198451624077,12.763397265251516,0.4241781548250265,,,PRUNED
582,582,0.4938820912124583,2021-02-18 05:17:10.707880,2021-02-18 05:17:18.539340,0 days 00:00:07.831460,0.00015098567930236408,100,0.9925956998528187,13.77864180258154,0.4938820912124583,,,PRUNED
583,583,0.500998003992016,2021-02-18 05:17:18.539674,2021-02-18 05:17:26.348169,0 days 00:00:07.808495,9.462315141538211e-05,90,0.9909250039790624,0.9183101224724173,0.500998003992016,,,PRUNED
584,584,0.5186873290793071,2021-02-18 05:17:26.348531,2021-02-18 05:17:36.689612,0 days 00:00:10.341081,3.0142056380314707e-05,100,0.9921713338535088,3.0939799513109776,0.5186873290793071,,,PRUNED
585,585,0.3882091212458287,2021-02-18 05:17:36.689975,2021-02-18 05:17:45.966161,0 days 00:00:09.276186,6.736232151509522e-05,10,0.9933566335669402,1.7973547680497413,0.3882091212458287,,,PRUNED
586,586,0.4961067853170189,2021-02-18 05:17:45.966540,2021-02-18 05:17:56.420413,0 days 00:00:10.453873,0.00011780960491383897,50,0.9911889793701559,0.06374357000236575,0.4961067853170189,,,PRUNED
587,587,0.48977777777777776,2021-02-18 05:17:56.420738,2021-02-18 05:18:17.167573,0 days 00:00:20.746835,0.0006480515351647473,50,0.9930062690085694,9.747499287297911,0.48977777777777776,,,PRUNED
588,588,0.5069860279441117,2021-02-18 05:18:17.167931,2021-02-18 05:18:44.790109,0 days 00:00:27.622178,0.0004033584279725083,80,0.9938480648707235,9.114285258473608,0.5069860279441117,,,PRUNED
589,589,0.4835630965005302,2021-02-18 05:18:44.790473,2021-02-18 05:18:52.573151,0 days 00:00:07.782678,4.924525721269445e-05,20,0.992464030640611,2.796132919779014,0.4835630965005302,,,PRUNED
590,590,0.362511893434824,2021-02-18 05:18:52.573504,2021-02-18 05:19:20.731481,0 days 00:00:28.157977,0.0007269253536272931,80,0.9942886935025744,12.398239070540036,0.362511893434824,,,PRUNED
591,591,0.5061845861084682,2021-02-18 05:19:20.731842,2021-02-18 05:21:41.176363,0 days 00:02:20.444521,2.1500851590325178e-05,30,0.9935416342172412,4.9017393287152835,0.6327307326355851,,,COMPLETE
592,592,0.46506986027944114,2021-02-18 05:21:41.177060,2021-02-18 05:21:48.966013,0 days 00:00:07.788953,4.039511322394084e-05,100,0.9915511798450172,1.1227610853394954,0.46506986027944114,,,PRUNED
593,593,0.4482758620689655,2021-02-18 05:21:48.966393,2021-02-18 05:21:59.490314,0 days 00:00:10.523921,8.731424293505904e-05,40,0.991958846651956,3.5115880609106553,0.4482758620689655,,,PRUNED
594,594,0.5142314990512334,2021-02-18 05:21:59.490696,2021-02-18 05:22:09.788895,0 days 00:00:10.298199,0.007656894170665926,90,0.9929229293107109,2.23461112327003,0.5142314990512334,,,PRUNED
595,595,0.4813126709206928,2021-02-18 05:22:09.789257,2021-02-18 05:23:09.093254,0 days 00:00:59.303997,0.00047622672860105406,80,0.9940435059432411,12.405373076597884,0.536918869644485,0.4813126709206928,,PRUNED
596,596,0.4460511679644049,2021-02-18 05:23:09.093606,2021-02-18 05:23:16.946884,0 days 00:00:07.853278,0.00010481324140701494,30,0.997949614944533,4.0821383625459875,0.4460511679644049,,,PRUNED
597,597,0.5414767547857794,2021-02-18 05:23:16.947273,2021-02-18 05:25:19.503092,0 days 00:02:02.555819,1.6986322681962367e-05,20,0.9944021936405887,9.870537576504198,0.577028258887876,,,COMPLETE
598,598,0.4994438264738598,2021-02-18 05:25:19.503807,2021-02-18 05:25:27.276864,0 days 00:00:07.773057,1.6934964720210015e-05,70,0.9902230594295939,0.0033244190469421397,0.4994438264738598,,,PRUNED
599,599,0.4177777777777778,2021-02-18 05:25:27.277207,2021-02-18 05:26:46.145072,0 days 00:01:18.867865,0.0001328429369321913,100,0.9910546180696099,0.5580690293780085,0.5271111111111111,0.5537777777777778,0.4177777777777778,PRUNED
600,600,0.53515625,2021-02-18 05:26:46.145416,2021-02-18 05:27:13.870448,0 days 00:00:27.725032,0.0002104300878905383,60,0.9913231615661644,1.6067134383002246,0.5986328125,0.53515625,,PRUNED
601,601,0.525027808676307,2021-02-18 05:27:13.870821,2021-02-18 05:27:34.570756,0 days 00:00:20.699935,5.826392322604863e-05,100,0.9905127411356703,10.697511294046347,0.5394883203559511,0.525027808676307,,PRUNED
602,602,0.5105672969966629,2021-02-18 05:27:34.571131,2021-02-18 05:28:45.826586,0 days 00:01:11.255455,0.0005418466133977509,80,0.9936477968916549,13.79611701157532,0.5717463848720801,0.5105672969966629,,PRUNED
603,603,0.39653600729261623,2021-02-18 05:28:45.826960,2021-02-18 05:28:56.233058,0 days 00:00:10.406098,3.5487374535281005e-05,90,0.9926293481266807,4.922542844809931,0.39653600729261623,,,PRUNED
604,604,0.488,2021-02-18 05:28:56.233448,2021-02-18 05:29:17.028024,0 days 00:00:20.794576,0.0001799219829489022,20,0.9922671378496476,2.552161294477157,0.5528888888888889,0.488,,PRUNED
605,605,0.4738344433872502,2021-02-18 05:29:17.028375,2021-02-18 05:30:27.370170,0 days 00:01:10.341795,1.5338225079529682e-05,20,0.9944264828350664,7.863157720895355,0.4738344433872502,,,PRUNED
606,606,0.5,2021-02-18 05:30:27.370543,2021-02-18 05:31:37.864138,0 days 00:01:10.493595,0.001195643336780154,80,0.9921356644945036,15.006036534585203,0.546875,0.5,,PRUNED
607,607,0.4892578125,2021-02-18 05:31:37.864501,2021-02-18 05:31:58.645669,0 days 00:00:20.781168,0.00032241556841721715,70,0.9940698246584707,13.130698547172047,0.4892578125,,,PRUNED
608,608,0.5048888888888889,2021-02-18 05:31:58.646048,2021-02-18 05:32:06.445063,0 days 00:00:07.799015,7.937810333575517e-05,30,0.99091432727119,3.248430109016411,0.5048888888888889,,,PRUNED
609,609,0.5185546875,2021-02-18 05:32:06.445444,2021-02-18 05:33:25.550236,0 days 00:01:19.104792,1.7142327072276644e-05,10,0.994707391468989,9.81882419639305,0.5185546875,,,PRUNED
610,610,0.4512306289881495,2021-02-18 05:33:25.550613,2021-02-18 05:33:46.125777,0 days 00:00:20.575164,0.0005815747415052491,70,0.9948327425472403,10.341169939625155,0.4512306289881495,,,PRUNED
611,611,0.6351501668520578,2021-02-18 05:33:46.126176,2021-02-18 05:35:29.430361,0 days 00:01:43.304185,0.00023594640039166075,40,0.9933220504806994,7.622407610373324,0.5483870967741935,0.64293659621802,,COMPLETE
612,612,0.49001996007984033,2021-02-18 05:35:29.431092,2021-02-18 05:36:39.756654,0 days 00:01:10.325562,1.1754830586699902e-05,10,0.9940074233815791,11.262163960854323,0.49001996007984033,,,PRUNED
613,613,0.5,2021-02-18 05:36:39.757019,2021-02-18 05:37:40.592105,0 days 00:01:00.835086,0.0042451273590656405,20,0.995066037263126,10.360861874117749,0.5,,,PRUNED
614,614,0.39377085650723026,2021-02-18 05:37:40.592475,2021-02-18 05:38:05.207071,0 days 00:00:24.614596,4.645892144605341e-05,100,0.991768341329006,0.3581535139077166,0.5450500556173526,0.39377085650723026,,PRUNED
615,615,0.45383759733036705,2021-02-18 05:38:05.207450,2021-02-18 05:38:13.198270,0 days 00:00:07.990820,6.741392479046879e-05,100,0.9919943978900642,7.3334759307302715,0.45383759733036705,,,PRUNED
616,616,0.40532825880114176,2021-02-18 05:38:13.198649,2021-02-18 05:38:20.992464,0 days 00:00:07.793815,0.00029557173159504773,80,0.9911775125393104,0.7304320571279831,0.40532825880114176,,,PRUNED
617,617,0.48810656517602286,2021-02-18 05:38:20.992847,2021-02-18 05:38:30.212381,0 days 00:00:09.219534,0.00010900970399740218,90,0.9913491876720392,1.3445859744880289,0.48810656517602286,,,PRUNED
618,618,0.5706472196900638,2021-02-18 05:38:30.212750,2021-02-18 05:40:14.967313,0 days 00:01:44.754563,0.00023861950966533178,40,0.9927470952746736,7.720021189066168,0.6390154968094804,0.6116681859617138,,COMPLETE
619,619,0.37263626251390436,2021-02-18 05:40:14.968024,2021-02-18 05:40:42.485877,0 days 00:00:27.517853,0.00021525402294424441,40,0.9926871635838549,7.779788944253349,0.37263626251390436,,,PRUNED
620,620,0.39766702014846234,2021-02-18 05:40:42.486246,2021-02-18 05:42:26.497688,0 days 00:01:44.011442,1.3506018720605111e-05,90,0.9956852883941041,5.564747014398651,0.5630965005302226,,,COMPLETE
621,621,0.4970703125,2021-02-18 05:42:26.498410,2021-02-18 05:42:34.418869,0 days 00:00:07.920459,9.258419554074667e-05,40,0.9924638378830433,2.2815613299447675,0.4970703125,,,PRUNED
622,622,0.47644444444444445,2021-02-18 05:42:34.419238,2021-02-18 05:43:53.705872,0 days 00:01:19.286634,0.00041870741004318613,20,0.9945703885853644,8.626668711767303,0.47644444444444445,,,PRUNED
623,623,0.46162402669632924,2021-02-18 05:43:53.706265,2021-02-18 05:44:02.924680,0 days 00:00:09.218415,2.012875643829902e-05,50,0.9987479587825744,2.9778004456861247,0.46162402669632924,,,PRUNED
624,624,0.4814453125,2021-02-18 05:44:02.925046,2021-02-18 05:44:13.251279,0 days 00:00:10.326233,5.1748494917433526e-05,30,0.9907500820526552,0.8919816576240087,0.4814453125,,,PRUNED
625,625,0.47954329210275926,2021-02-18 05:44:13.251654,2021-02-18 05:44:33.957644,0 days 00:00:20.705990,0.00025316512347172635,40,0.9933167688638872,8.371289428920758,0.47954329210275926,,,PRUNED
626,626,0.4576593720266413,2021-02-18 05:44:33.957994,2021-02-18 05:45:01.399670,0 days 00:00:27.441676,7.366928447861161e-05,90,0.9914990526375641,9.185982879882358,0.538534728829686,0.4576593720266413,,PRUNED
627,627,0.5121951219512195,2021-02-18 05:45:01.400031,2021-02-18 05:45:11.720874,0 days 00:00:10.320843,1.14492060253855e-05,60,0.9928228515786633,1.8532364522868054,0.5121951219512195,,,PRUNED
628,628,0.39043381535038935,2021-02-18 05:45:11.721260,2021-02-18 05:45:19.534861,0 days 00:00:07.813601,0.00015462665526386104,10,0.9922787482283,3.8116417007128858,0.39043381535038935,,,PRUNED
629,629,0.5004444444444445,2021-02-18 05:45:19.535251,2021-02-18 05:45:27.293333,0 days 00:00:07.758082,3.161777026235122e-05,100,0.991016586209533,8.486975102956254,0.5004444444444445,,,PRUNED
630,630,0.4638487208008899,2021-02-18 05:45:27.293704,2021-02-18 05:46:37.609815,0 days 00:01:10.316111,0.00015595825285818777,30,0.9943338112625438,12.220611543556664,0.4638487208008899,,,PRUNED
631,631,0.5294771968854283,2021-02-18 05:46:37.610205,2021-02-18 05:48:54.506892,0 days 00:02:16.896687,0.00018208246590175183,40,0.9930674055758864,7.5128632597972915,0.5339265850945495,0.5394883203559511,,COMPLETE
632,632,0.41650853889943074,2021-02-18 05:48:54.507634,2021-02-18 05:49:02.319238,0 days 00:00:07.811604,0.00011670487371907688,100,0.9920715972029104,0.02776654904738433,0.41650853889943074,,,PRUNED
633,633,0.466796875,2021-02-18 05:49:02.319646,2021-02-18 05:49:10.471182,0 days 00:00:08.151536,4.05453706742487e-05,90,0.992708959011487,3.489041137545518,0.466796875,,,PRUNED
634,634,0.384,2021-02-18 05:49:10.471565,2021-02-18 05:50:10.033912,0 days 00:00:59.562347,6.948809420098997e-05,30,0.9941308102726845,11.644711829625836,0.384,,,PRUNED
635,635,0.49571836346336823,2021-02-18 05:50:10.034291,2021-02-18 05:50:18.036351,0 days 00:00:08.002060,2.691042717945104e-05,100,0.9900049784310666,4.4640274568181235,0.49571836346336823,,,PRUNED
636,636,0.46774193548387094,2021-02-18 05:50:18.036744,2021-02-18 05:50:38.847671,0 days 00:00:20.810927,5.9866767883816604e-05,30,0.9917156637666805,0.39230543645983196,0.571157495256167,0.46774193548387094,,PRUNED
637,637,0.501953125,2021-02-18 05:50:38.848054,2021-02-18 05:51:06.846328,0 days 00:00:27.998274,0.00019085803028190285,40,0.9930841087397905,7.549020364165269,0.501953125,,,PRUNED
638,638,0.47005988023952094,2021-02-18 05:51:06.846694,2021-02-18 05:51:17.208046,0 days 00:00:10.361352,8.556136806933463e-05,100,0.9911794524277193,2.7392237738267537,0.47005988023952094,,,PRUNED
639,639,0.49430740037950666,2021-02-18 05:51:17.208438,2021-02-18 05:51:37.966330,0 days 00:00:20.757892,1.5714956693985004e-05,70,0.9924825119260096,1.090962252343075,0.6242884250474383,0.49430740037950666,,PRUNED
640,640,0.6006674082313682,2021-02-18 05:51:37.966697,2021-02-18 05:53:22.190572,0 days 00:01:44.223875,3.3779657664474545e-05,30,0.9952423077176044,10.981272682629092,0.6040044493882091,,,COMPLETE
641,641,0.4838709677419355,2021-02-18 05:53:22.191358,2021-02-18 05:53:31.331442,0 days 00:00:09.140084,0.00013532650313603052,90,0.9913792544223649,3.0884268073836227,0.4838709677419355,,,PRUNED
642,642,0.5234375,2021-02-18 05:53:31.331844,2021-02-18 05:53:55.932875,0 days 00:00:24.601031,0.0002546092787812574,40,0.9927709104179839,6.531173017877785,0.5234375,,,PRUNED
643,643,0.46044444444444443,2021-02-18 05:53:55.933264,2021-02-18 05:54:03.860133,0 days 00:00:07.926869,3.594771209849359e-05,30,0.9964811567254707,1.4658391059729896,0.46044444444444443,,,PRUNED
644,644,0.26473859844271413,2021-02-18 05:54:03.860508,2021-02-18 05:54:11.861394,0 days 00:00:08.000886,4.595593233838151e-05,100,0.9906749771270544,1.927986427209039,0.26473859844271413,,,PRUNED
645,645,0.5189753320683111,2021-02-18 05:54:11.861779,2021-02-18 05:54:36.700477,0 days 00:00:24.838698,0.00015972093734643658,40,0.993407912437109,8.51724470145616,0.5189753320683111,,,PRUNED
646,646,0.3870625662778367,2021-02-18 05:54:36.700844,2021-02-18 05:54:44.560030,0 days 00:00:07.859186,0.00010119584195331609,20,0.9910631535279311,2.413870291923698,0.3870625662778367,,,PRUNED
647,647,0.474609375,2021-02-18 05:54:44.560393,2021-02-18 05:55:05.338661,0 days 00:00:20.778268,0.00014115257831957665,40,0.9924104931928689,7.025752854115987,0.474609375,,,PRUNED
648,648,0.47105788423153694,2021-02-18 05:55:05.339030,2021-02-18 05:56:24.796807,0 days 00:01:19.457777,3.048576282603388e-05,40,0.9958169575131117,10.712132596297355,0.47105788423153694,,,PRUNED
649,649,0.4178154825026511,2021-02-18 05:56:24.797183,2021-02-18 05:57:35.492594,0 days 00:01:10.695411,0.00021724708541626998,40,0.993229829161248,6.030241249722901,0.5556733828207847,0.4178154825026511,,PRUNED
650,650,0.45214220601640837,2021-02-18 05:57:35.492950,2021-02-18 05:57:56.401100,0 days 00:00:20.908150,6.801494371390516e-05,80,0.9930689662179227,0.02555742295080199,0.5569735642661805,0.45214220601640837,,PRUNED
651,651,0.43213572854291415,2021-02-18 05:57:56.401456,2021-02-18 05:58:06.801318,0 days 00:00:10.399862,5.4614362820631865e-05,100,0.9922853857099204,0.7364867822413195,0.43213572854291415,,,PRUNED
652,652,0.41020966271649956,2021-02-18 05:58:06.801700,2021-02-18 05:58:14.712390,0 days 00:00:07.910690,2.412586526032492e-05,90,0.990838145596269,2.7496418012188384,0.41020966271649956,,,PRUNED
653,653,0.494140625,2021-02-18 05:58:14.712772,2021-02-18 05:59:25.746572,0 days 00:01:11.033800,2.1763060644729135e-05,70,0.9949617008815693,11.039142259595742,0.494140625,,,PRUNED
654,654,0.4660734149054505,2021-02-18 05:59:25.746998,2021-02-18 05:59:53.437042,0 days 00:00:27.690044,0.00018224778259257675,50,0.9936406734998489,6.72757118177602,0.4660734149054505,,,PRUNED
655,655,0.4862036156041865,2021-02-18 05:59:53.437446,2021-02-18 06:00:01.274249,0 days 00:00:07.836803,1.4015496418611295e-05,50,0.9916320651147463,3.418289310413685,0.4862036156041865,,,PRUNED
656,656,0.43584305408271473,2021-02-18 06:00:01.274648,2021-02-18 06:00:21.985398,0 days 00:00:20.710750,0.0008066321417868344,40,0.9926198220400477,7.687317263090309,0.43584305408271473,,,PRUNED
657,657,0.498046875,2021-02-18 06:00:21.985768,2021-02-18 06:01:21.667572,0 days 00:00:59.681804,2.5751669574797305e-05,40,0.9955514433140983,9.052051515019318,0.498046875,,,PRUNED
658,658,0.45635673624288425,2021-02-18 06:01:21.667923,2021-02-18 06:01:42.296787,0 days 00:00:20.628864,1.020035772657321e-05,60,0.996971844942503,0.3691444683982691,0.5531309297912713,0.45635673624288425,,PRUNED
659,659,0.4220572640509014,2021-02-18 06:01:42.297186,2021-02-18 06:02:41.638383,0 days 00:00:59.341197,3.365493390658968e-05,30,0.995345003695371,9.7904387251512,0.4220572640509014,,,PRUNED
660,660,0.6051379638439581,2021-02-18 06:02:41.638784,2021-02-18 06:04:25.052753,0 days 00:01:43.413969,1.8017639535345546e-05,20,0.9961586812190147,17.302413325662645,0.5889628924833492,,,COMPLETE
661,661,0.39200761179828736,2021-02-18 06:04:25.053491,2021-02-18 06:04:35.292735,0 days 00:00:10.239244,9.07847614699722e-05,40,0.9926468526665939,2.116708960694666,0.39200761179828736,,,PRUNED
