,number,value,datetime_start,datetime_complete,duration,params_lr,params_out_dim,params_scheduler_gamma,params_weight_decay,system_attrs_completed_rung_0,system_attrs_completed_rung_1,system_attrs_completed_rung_2,state
441,441,0.45703125,2021-02-18 03:49:52.472773,2021-02-18 03:51:36.290862,0 days 00:01:43.818089,3.0611772299339716e-05,20,0.9945919555972434,14.48159669567748,0.5361328125,,,COMPLETE
442,442,0.48053392658509453,2021-02-18 03:51:36.291535,2021-02-18 03:51:45.605105,0 days 00:00:09.313570,1.8404870874244415e-05,30,0.9911391436227853,2.8762323901457267,0.48053392658509453,,,PRUNED
443,443,0.541015625,2021-02-18 03:51:45.605386,2021-02-18 03:52:13.181662,0 days 00:00:27.576276,7.795444073031983e-05,100,0.9920291225365759,0.3489809580540383,0.5546875,0.541015625,,PRUNED
444,444,0.5150166852057843,2021-02-18 03:52:13.181985,2021-02-18 03:52:23.588019,0 days 00:00:10.406034,0.0002254160301914825,30,0.9924893631957243,1.7459977445481356,0.5150166852057843,,,PRUNED
445,445,0.34830339321357284,2021-02-18 03:52:23.588317,2021-02-18 03:54:07.768681,0 days 00:01:44.180364,0.0009384346222183651,30,0.9917127602712617,3.32889502582656,0.5459081836327345,0.5838323353293413,,COMPLETE
446,446,0.5005302226935313,2021-02-18 03:54:07.769354,2021-02-18 03:54:32.477337,0 days 00:00:24.707983,9.638439824300187e-05,70,0.9914012145889365,2.476360454412583,0.5705196182396607,0.5005302226935313,,PRUNED
447,447,0.3974609375,2021-02-18 03:54:32.477669,2021-02-18 03:54:41.759391,0 days 00:00:09.281722,5.249041901353779e-05,100,0.9923330575438347,0.890289603830206,0.3974609375,,,PRUNED
448,448,0.5050055617352615,2021-02-18 03:54:41.759732,2021-02-18 03:55:41.284633,0 days 00:00:59.524901,0.000916052224368618,30,0.9913738870851719,2.6931476266741115,0.6017797552836485,0.5050055617352615,,PRUNED
449,449,0.4638671875,2021-02-18 03:55:41.284959,2021-02-18 03:55:51.760327,0 days 00:00:10.475368,6.762606907710271e-05,90,0.9909631505757711,4.269678573262521,0.4638671875,,,PRUNED
450,450,0.45214220601640837,2021-02-18 03:55:51.760653,2021-02-18 03:55:59.592412,0 days 00:00:07.831759,0.00011946152700133409,100,0.9926464373815286,3.230113923567777,0.45214220601640837,,,PRUNED
451,451,0.3577545195052331,2021-02-18 03:55:59.592708,2021-02-18 03:56:07.458743,0 days 00:00:07.866035,3.389425958040553e-05,30,0.9944460015796447,2.0261592738715937,0.3577545195052331,,,PRUNED
452,452,0.4620758483033932,2021-02-18 03:56:07.459050,2021-02-18 03:56:32.078478,0 days 00:00:24.619428,0.0017571909908665419,20,0.9984375252878838,3.328814524825204,0.4620758483033932,,,PRUNED
453,453,0.5241567912488605,2021-02-18 03:56:32.078798,2021-02-18 03:57:51.044987,0 days 00:01:18.966189,4.279036516157688e-05,20,0.9968707752834954,18.561811324929014,0.5824977210574294,0.5998176845943483,0.5241567912488605,PRUNED
454,454,0.445290199809705,2021-02-18 03:57:51.045298,2021-02-18 03:57:58.846523,0 days 00:00:07.801225,4.657941468171342e-05,20,0.991727186674274,0.031059370775919026,0.445290199809705,,,PRUNED
455,455,0.5068928950159067,2021-02-18 03:57:58.846826,2021-02-18 03:58:23.641376,0 days 00:00:24.794550,0.001068340518892148,30,0.9917754631271191,1.8657271466976137,0.5068928950159067,,,PRUNED
456,456,0.4530938123752495,2021-02-18 03:58:23.641685,2021-02-18 03:58:33.900788,0 days 00:00:10.259103,3.9658644930953706e-05,20,0.9911988155910798,0.5143629405610795,0.4530938123752495,,,PRUNED
457,457,0.4827586206896552,2021-02-18 03:58:33.901122,2021-02-18 03:59:01.766384,0 days 00:00:27.865262,0.0008283008907309768,40,0.9915932334081731,4.193916221142448,0.4827586206896552,,,PRUNED
458,458,0.5189620758483033,2021-02-18 03:59:01.766721,2021-02-18 03:59:09.715463,0 days 00:00:07.948742,4.4048623809011095e-05,20,0.9977099489885713,18.47085854935418,0.5189620758483033,,,PRUNED
459,459,0.44022770398481975,2021-02-18 03:59:09.715777,2021-02-18 03:59:37.322283,0 days 00:00:27.606506,8.320248962913641e-05,100,0.9965245205251894,3.6054283568835475,0.5313092979127134,0.44022770398481975,,PRUNED
460,460,0.3328343313373254,2021-02-18 03:59:37.322577,2021-02-18 04:00:48.061856,0 days 00:01:10.739279,0.001433331572701604,70,0.9933790967213785,3.713058666882103,0.5578842315369261,0.3328343313373254,,PRUNED
461,461,0.3772455089820359,2021-02-18 04:00:48.062183,2021-02-18 04:01:58.514148,0 days 00:01:10.451965,0.0004293412473989428,50,0.9936176433114351,4.580886206735131,0.5758483033932136,0.3772455089820359,,PRUNED
462,462,0.48164627363737483,2021-02-18 04:01:58.514479,2021-02-18 04:03:17.712851,0 days 00:01:19.198372,0.0007230861041038753,30,0.9910429312212291,5.178354582225078,0.557285873192436,0.48164627363737483,,PRUNED
463,463,0.36717267552182165,2021-02-18 04:03:17.713183,2021-02-18 04:03:45.283879,0 days 00:00:27.570696,5.256764369958602e-05,50,0.9967769991240806,2.750261347689959,0.6005692599620494,0.36717267552182165,,PRUNED
464,464,0.5139720558882236,2021-02-18 04:03:45.284191,2021-02-18 04:03:54.401351,0 days 00:00:09.117160,0.00010573776997274007,60,0.9984823072811585,2.4193112834116555,0.5139720558882236,,,PRUNED
465,465,0.4862222222222222,2021-02-18 04:03:54.401666,2021-02-18 04:05:38.310305,0 days 00:01:43.908639,0.0005395398202319507,20,0.9923248430072684,6.374952806697971,0.5431111111111111,0.5342222222222223,,COMPLETE
466,466,0.4749316317228806,2021-02-18 04:05:38.310985,2021-02-18 04:05:48.688929,0 days 00:00:10.377944,0.00015318187913318412,90,0.9932930269751046,1.1489819731127198,0.4749316317228806,,,PRUNED
467,467,0.45272525027808674,2021-02-18 04:05:48.689235,2021-02-18 04:06:16.296640,0 days 00:00:27.607405,0.0005258175155297592,20,0.9920571501024276,6.748199930903245,0.45272525027808674,,,PRUNED
468,468,0.5005561735261401,2021-02-18 04:06:16.296967,2021-02-18 04:06:24.119201,0 days 00:00:07.822234,6.48282933432326e-05,100,0.9906547758774635,3.082513920928077,0.5005561735261401,,,PRUNED
469,469,0.5329341317365269,2021-02-18 04:06:24.119542,2021-02-18 04:08:27.071499,0 days 00:02:02.951957,1.6367721884186946e-05,30,0.9940056743447098,14.083400094108107,0.6297405189620758,,,COMPLETE
470,470,0.4345703125,2021-02-18 04:08:27.072173,2021-02-18 04:09:26.353656,0 days 00:00:59.281483,0.0020280541632628707,10,0.9923967814622818,6.064568191982492,0.580078125,0.4345703125,,PRUNED
471,471,0.4108159392789374,2021-02-18 04:09:26.353942,2021-02-18 04:09:35.663841,0 days 00:00:09.309899,0.0004346865241867559,10,0.9922387852449471,0.019286291267147537,0.4108159392789374,,,PRUNED
472,472,0.5205078125,2021-02-18 04:09:35.664126,2021-02-18 04:11:53.017540,0 days 00:02:17.353414,1.1705534357055107e-05,30,0.9937697043974247,15.73532522047875,0.5849609375,,,COMPLETE
473,473,0.4151111111111111,2021-02-18 04:11:53.018200,2021-02-18 04:13:36.422524,0 days 00:01:43.404324,1.350019651889263e-05,10,0.9911187479118265,8.591908335075688,0.6355555555555555,0.5635555555555556,0.5715555555555556,COMPLETE
474,474,0.4382647385984427,2021-02-18 04:13:36.423202,2021-02-18 04:14:35.674321,0 days 00:00:59.251119,1.656629755713747e-05,20,0.993643031660281,13.668191801836644,0.4382647385984427,,,PRUNED
475,475,0.471898197242842,2021-02-18 04:14:35.674668,2021-02-18 04:14:43.566976,0 days 00:00:07.892308,1.3164559640268231e-05,10,0.9913328706910571,8.790993312913008,0.471898197242842,,,PRUNED
476,476,0.4878048780487805,2021-02-18 04:14:43.567272,2021-02-18 04:15:04.191325,0 days 00:00:20.624053,1.5638820145580987e-05,20,0.9910676140019571,9.905199602446203,0.5737009544008483,0.4878048780487805,,PRUNED
477,477,0.49500998003992014,2021-02-18 04:15:04.191613,2021-02-18 04:16:03.916890,0 days 00:00:59.725277,1.2213283019857809e-05,20,0.9922651254491957,5.767688588647547,0.5249500998003992,0.49500998003992014,,PRUNED
478,478,0.52734375,2021-02-18 04:16:03.917212,2021-02-18 04:16:11.776705,0 days 00:00:07.859493,1.5295522968990164e-05,10,0.991536610630372,8.243637329311696,0.52734375,,,PRUNED
479,479,0.4905123339658444,2021-02-18 04:16:11.777028,2021-02-18 04:16:22.062056,0 days 00:00:10.285028,1.1092324265001274e-05,10,0.9911983260892937,0.6618893785769144,0.4905123339658444,,,PRUNED
480,480,0.47668886774500474,2021-02-18 04:16:22.062358,2021-02-18 04:17:23.088871,0 days 00:01:01.026513,1.935550237642203e-05,40,0.9940633379528134,11.851581140477624,0.47668886774500474,,,PRUNED
481,481,0.44750795334040294,2021-02-18 04:17:23.089195,2021-02-18 04:17:44.347593,0 days 00:00:21.258398,0.0003375622356175639,30,0.9929260859030057,6.309444576055523,0.44750795334040294,,,PRUNED
482,482,0.49407474931631723,2021-02-18 04:17:44.347895,2021-02-18 04:17:54.639954,0 days 00:00:10.292059,1.7799150527748408e-05,20,0.9927883238418519,8.29439405347884,0.49407474931631723,,,PRUNED
483,483,0.46444444444444444,2021-02-18 04:17:54.640302,2021-02-18 04:18:21.976797,0 days 00:00:27.336495,0.0010133938763049169,40,0.9925302379065747,8.809773325644365,0.46444444444444444,,,PRUNED
484,484,0.4666666666666667,2021-02-18 04:18:21.977104,2021-02-18 04:18:31.148979,0 days 00:00:09.171875,3.2200973798290624e-05,60,0.9930554039966104,6.71955637057389,0.4666666666666667,,,PRUNED
485,485,0.5123339658444023,2021-02-18 04:18:31.149311,2021-02-18 04:18:58.516720,0 days 00:00:27.367409,3.746417609517428e-05,70,0.9919701782998452,9.387448486028948,0.5502846299810247,0.5123339658444023,,PRUNED
486,486,0.4266666666666667,2021-02-18 04:18:58.517042,2021-02-18 04:19:25.855011,0 days 00:00:27.337969,1.2048989227976301e-05,90,0.991369066490316,7.612545401334817,0.5902222222222222,0.4266666666666667,,PRUNED
487,487,0.529296875,2021-02-18 04:19:25.855332,2021-02-18 04:20:36.541011,0 days 00:01:10.685679,0.0006268262093042933,20,0.9927096046403079,4.025789191024529,0.578125,0.529296875,,PRUNED
488,488,0.4462890625,2021-02-18 04:20:36.541348,2021-02-18 04:20:44.337270,0 days 00:00:07.795922,8.976876263322451e-05,40,0.9950854527389544,9.373099737090236,0.4462890625,,,PRUNED
489,489,0.5216907675194661,2021-02-18 04:20:44.337579,2021-02-18 04:21:44.001274,0 days 00:00:59.663695,1.5296941148202754e-05,30,0.993295715800209,14.699770652174799,0.5216907675194661,,,PRUNED
490,490,0.4970703125,2021-02-18 04:21:44.001616,2021-02-18 04:21:52.085207,0 days 00:00:08.083591,0.00013247001790883138,80,0.9925105900324758,1.0233482695905045,0.4970703125,,,PRUNED
491,491,0.4658203125,2021-02-18 04:21:52.085540,2021-02-18 04:23:04.661638,0 days 00:01:12.576098,1.0142644941904326e-05,50,0.9951221722644444,16.899245006139587,0.4658203125,,,PRUNED
492,492,0.4609375,2021-02-18 04:23:04.661969,2021-02-18 04:24:25.196584,0 days 00:01:20.534615,2.3783676903367376e-05,10,0.99125056926026,13.140092899999614,0.4609375,,,PRUNED
493,493,0.4275296262534184,2021-02-18 04:24:25.196929,2021-02-18 04:25:24.501654,0 days 00:00:59.304725,1.2845849354029076e-05,40,0.9934380292782745,11.150845596010665,0.4275296262534184,,,PRUNED
494,494,0.5219560878243513,2021-02-18 04:25:24.502034,2021-02-18 04:25:33.697709,0 days 00:00:09.195675,7.739799493126071e-05,50,0.9910701680092145,1.5483468009786654,0.5219560878243513,,,PRUNED
495,495,0.45109780439121755,2021-02-18 04:25:33.698012,2021-02-18 04:25:42.836183,0 days 00:00:09.138171,5.392641834978322e-05,90,0.9916197980945843,0.005806249672778867,0.45109780439121755,,,PRUNED
496,496,0.4740200546946217,2021-02-18 04:25:42.836512,2021-02-18 04:26:03.474664,0 days 00:00:20.638152,0.00048692915930310574,70,0.9931935268337219,10.585924361969047,0.4740200546946217,,,PRUNED
497,497,0.4727474972191324,2021-02-18 04:26:03.474993,2021-02-18 04:28:06.278458,0 days 00:02:02.803465,3.3412760543989967e-05,20,0.994923780585518,14.020302122408566,0.5661846496106785,,,COMPLETE
498,498,0.40266963292547275,2021-02-18 04:28:06.279151,2021-02-18 04:28:15.584868,0 days 00:00:09.305717,1.0040517527442935e-05,30,0.990904672859284,0.4889963964507925,0.40266963292547275,,,PRUNED
499,499,0.4782222222222222,2021-02-18 04:28:15.585154,2021-02-18 04:28:24.781050,0 days 00:00:09.195896,4.569664435138875e-05,20,0.9922370377907779,2.1637364350754096,0.4782222222222222,,,PRUNED
500,500,0.4253092293054234,2021-02-18 04:28:24.781379,2021-02-18 04:28:45.539421,0 days 00:00:20.758042,0.0012681079767498389,40,0.9919319049201865,3.3299179304122006,0.4253092293054234,,,PRUNED
501,501,0.42825361512791993,2021-02-18 04:28:45.539753,2021-02-18 04:28:54.853058,0 days 00:00:09.313305,2.189800378666024e-05,100,0.991284249110162,1.2897498101346605,0.42825361512791993,,,PRUNED
502,502,0.51171875,2021-02-18 04:28:54.853388,2021-02-18 04:29:54.736600,0 days 00:00:59.883212,4.37721605791178e-05,30,0.9905404317398755,14.970173850892264,0.51171875,,,PRUNED
503,503,0.4433872502378687,2021-02-18 04:29:54.736940,2021-02-18 04:30:02.505322,0 days 00:00:07.768382,6.581349507419539e-05,30,0.9927308930111824,19.73056365797335,0.4433872502378687,,,PRUNED
504,504,0.4560546875,2021-02-18 04:30:02.505629,2021-02-18 04:30:26.927820,0 days 00:00:24.422191,0.0008480978611655894,70,0.9946732458680825,4.359179338825414,0.4560546875,,,PRUNED
505,505,0.4497153700189753,2021-02-18 04:30:26.928167,2021-02-18 04:30:47.497936,0 days 00:00:20.569769,9.631079170655438e-05,90,0.9923702157858116,2.822051327455002,0.5645161290322581,0.4497153700189753,,PRUNED
506,506,0.41385597082953507,2021-02-18 04:30:47.498286,2021-02-18 04:32:06.960292,0 days 00:01:19.462006,2.7807402205001512e-05,30,0.9944434214359761,12.666407007199162,0.41385597082953507,,,PRUNED
507,507,0.5059252506836828,2021-02-18 04:32:06.960610,2021-02-18 04:32:34.661914,0 days 00:00:27.701304,0.0003881942792394615,10,0.9914211637995926,5.211957598201048,0.5059252506836828,,,PRUNED
508,508,0.5417130144605117,2021-02-18 04:32:34.662258,2021-02-18 04:32:55.515411,0 days 00:00:20.853153,2.7855786315180814e-05,100,0.9921360645835404,5.232223125103049,0.5672969966629589,0.5417130144605117,,PRUNED
509,509,0.5,2021-02-18 04:32:55.515751,2021-02-18 04:33:54.958936,0 days 00:00:59.443185,0.0013931215719794083,40,0.994010474128721,14.338125783297292,0.5,,,PRUNED
510,510,0.5146484375,2021-02-18 04:33:54.959309,2021-02-18 04:34:02.779819,0 days 00:00:07.820510,0.00011182021913121127,60,0.991496317312856,1.8143862469155776,0.5146484375,,,PRUNED
511,511,0.48053392658509453,2021-02-18 04:34:02.780140,2021-02-18 04:34:10.681751,0 days 00:00:07.901611,4.20245682986881e-05,70,0.9911113826456269,3.7829943604187544,0.48053392658509453,,,PRUNED
512,512,0.4826666666666667,2021-02-18 04:34:10.682077,2021-02-18 04:35:29.562831,0 days 00:01:18.880754,0.0005694192045640413,50,0.9943705636670245,4.839648111895514,0.568,0.4826666666666667,,PRUNED
513,513,0.3623046875,2021-02-18 04:35:29.563187,2021-02-18 04:35:37.324050,0 days 00:00:07.760863,1.3818403062266018e-05,90,0.9919347437309423,0.8096613769318954,0.3623046875,,,PRUNED
514,514,0.45635673624288425,2021-02-18 04:35:37.324379,2021-02-18 04:35:47.686479,0 days 00:00:10.362100,5.924327652533489e-05,30,0.9925660888297351,0.4612546292739549,0.45635673624288425,,,PRUNED
515,515,0.46162402669632924,2021-02-18 04:35:47.686827,2021-02-18 04:37:31.223276,0 days 00:01:43.536449,1.9326420481458972e-05,40,0.9947241508068595,15.963143386773789,0.5695216907675195,,,COMPLETE
516,516,0.5185537583254044,2021-02-18 04:37:31.223948,2021-02-18 04:38:51.830703,0 days 00:01:20.606755,0.001568492596766202,60,0.9937418069685203,7.230858408765829,0.565651760228354,0.5185537583254044,,PRUNED
517,517,0.4794215795328142,2021-02-18 04:38:51.831043,2021-02-18 04:38:59.606187,0 days 00:00:07.775144,3.5103688169810585e-05,100,0.9909076786298094,2.376280054573311,0.4794215795328142,,,PRUNED
518,518,0.43733333333333335,2021-02-18 04:38:59.606510,2021-02-18 04:40:44.116694,0 days 00:01:44.510184,0.0002996997758330041,80,0.9929643731088748,9.421141130233298,0.5502222222222222,0.5342222222222223,,COMPLETE
519,519,0.4783092324805339,2021-02-18 04:40:44.117375,2021-02-18 04:40:51.952750,0 days 00:00:07.835375,8.203360689370682e-05,80,0.9912354781084277,3.2401866198130618,0.4783092324805339,,,PRUNED
520,520,0.4541015625,2021-02-18 04:40:51.953084,2021-02-18 04:41:01.219463,0 days 00:00:09.266379,0.00011691424348948945,40,0.9929798840971947,0.26603509743945797,0.4541015625,,,PRUNED
521,521,0.48164627363737483,2021-02-18 04:41:01.219796,2021-02-18 04:42:45.957469,0 days 00:01:44.737673,0.0002988535576462571,80,0.9929383936335747,9.751995557699427,0.5617352614015573,0.6484983314794216,,COMPLETE
522,522,0.4072312083729781,2021-02-18 04:42:45.958151,2021-02-18 04:42:55.151881,0 days 00:00:09.193730,7.168516961848255e-05,50,0.9917879827622887,10.432774955602543,0.4072312083729781,,,PRUNED
523,523,0.5244444444444445,2021-02-18 04:42:55.152238,2021-02-18 04:44:38.213034,0 days 00:01:43.060796,6.578250143328854e-05,30,0.9942861784080212,12.285644412891463,0.5804444444444444,,,COMPLETE
524,524,0.5113947128532361,2021-02-18 04:44:38.213722,2021-02-18 04:44:48.893588,0 days 00:00:10.679866,0.00016217985051234754,100,0.9914321411310659,2.8885827621125704,0.5113947128532361,,,PRUNED
525,525,0.4509990485252141,2021-02-18 04:44:48.893938,2021-02-18 04:44:59.895331,0 days 00:00:11.001393,4.9194768563262135e-05,90,0.9925234518970043,8.753419619384571,0.4509990485252141,,,PRUNED
526,526,0.41935483870967744,2021-02-18 04:44:59.895669,2021-02-18 04:45:59.293222,0 days 00:00:59.397553,5.941078085979174e-05,80,0.9942722862904667,12.14354724694032,0.41935483870967744,,,PRUNED
527,527,0.344644750795334,2021-02-18 04:45:59.293548,2021-02-18 04:46:23.864365,0 days 00:00:24.570817,0.00021970197144076796,90,0.9931631043704726,10.325958256481348,0.344644750795334,,,PRUNED
528,528,0.4921875,2021-02-18 04:46:23.864718,2021-02-18 04:46:44.497059,0 days 00:00:20.632341,0.00027490339339697944,90,0.9929131084970982,9.858638427271893,0.4921875,,,PRUNED
529,529,0.4296875,2021-02-18 04:46:44.497397,2021-02-18 04:47:44.270884,0 days 00:00:59.773487,0.000319873136325587,80,0.9925312322596063,9.24580623604687,0.5830078125,0.4296875,,PRUNED
530,530,0.5119760479041916,2021-02-18 04:47:44.271241,2021-02-18 04:47:52.237779,0 days 00:00:07.966538,1.900224954856196e-05,10,0.9971477486032749,0.014533278335266752,0.5119760479041916,,,PRUNED
531,531,0.4921875,2021-02-18 04:47:52.238102,2021-02-18 04:48:00.507148,0 days 00:00:08.269046,0.00013194093046791218,100,0.9908419343669198,1.2125149991251987,0.4921875,,,PRUNED
532,532,0.431640625,2021-02-18 04:48:00.507479,2021-02-18 04:48:21.553182,0 days 00:00:21.045703,9.79527876272121e-05,100,0.9923714760127978,3.9461977320905905,0.5458984375,0.431640625,,PRUNED
533,533,0.47766636280765723,2021-02-18 04:48:21.553529,2021-02-18 04:48:29.335263,0 days 00:00:07.781734,5.8209132302972165e-05,30,0.9920835074923327,1.8102073208691598,0.47766636280765723,,,PRUNED
534,534,0.44048943270300334,2021-02-18 04:48:29.335601,2021-02-18 04:48:37.507018,0 days 00:00:08.171417,3.818029090165319e-05,90,0.9910794426248203,6.476284799007085,0.44048943270300334,,,PRUNED
535,535,0.5005302226935313,2021-02-18 04:48:37.507350,2021-02-18 04:48:47.325457,0 days 00:00:09.818107,3.124675505781343e-05,60,0.9916253918639581,12.599790704160082,0.5005302226935313,,,PRUNED
536,536,0.527117031398668,2021-02-18 04:48:47.325803,2021-02-18 04:50:33.333124,0 days 00:01:46.007321,0.00024401198630831468,80,0.9922795529030733,11.210642217603068,0.5613701236917221,0.5918173168411037,,COMPLETE
537,537,0.44921875,2021-02-18 04:50:33.333811,2021-02-18 04:50:41.219176,0 days 00:00:07.885365,8.669554784308666e-05,40,0.9926344246575683,2.5684363632935376,0.44921875,,,PRUNED
538,538,0.4660734149054505,2021-02-18 04:50:41.219518,2021-02-18 04:51:40.670244,0 days 00:00:59.450726,0.00017527347027173986,80,0.9927728175009278,11.365280520799228,0.5272525027808677,0.4660734149054505,,PRUNED
539,539,0.38534728829686016,2021-02-18 04:51:40.670586,2021-02-18 04:52:40.075256,0 days 00:00:59.404670,8.56806534361752e-05,20,0.9959204563436305,10.611969776600933,0.38534728829686016,,,PRUNED
540,540,0.46855059252506837,2021-02-18 04:52:40.075599,2021-02-18 04:53:01.027665,0 days 00:00:20.952066,0.00018990867994079982,100,0.9936078093263773,15.796075943655907,0.5350957155879672,0.46855059252506837,,PRUNED
541,541,0.4496288441145281,2021-02-18 04:53:01.028013,2021-02-18 04:53:28.388067,0 days 00:00:27.360054,0.0002470190152945889,80,0.9922407335383155,12.0143287095875,0.4496288441145281,,,PRUNED
542,542,0.4676564156945917,2021-02-18 04:53:28.388456,2021-02-18 04:53:36.416810,0 days 00:00:08.028354,7.281613093888982e-05,20,0.9946924196175608,3.4855478143350345,0.4676564156945917,,,PRUNED
543,543,0.4990234375,2021-02-18 04:53:36.417154,2021-02-18 04:54:36.548512,0 days 00:01:00.131358,0.0002139424897810006,80,0.9933646903733818,10.86255871518249,0.5625,0.4990234375,,PRUNED
544,544,0.498046875,2021-02-18 04:54:36.548826,2021-02-18 04:54:46.856377,0 days 00:00:10.307551,4.387148458066414e-05,70,0.9957179598900118,0.7021679843579385,0.498046875,,,PRUNED
545,545,0.483349191246432,2021-02-18 04:54:46.856725,2021-02-18 04:57:04.770082,0 days 00:02:17.913357,0.0003793263388960033,80,0.9930116403994539,9.634891953808786,0.5261655566127498,0.544243577545195,,COMPLETE
546,546,0.4620493358633776,2021-02-18 04:57:04.770778,2021-02-18 04:57:25.556806,0 days 00:00:20.786028,2.423749918056071e-05,90,0.9913085510703193,2.102505953909863,0.6110056925996205,0.4620493358633776,,PRUNED
547,547,0.40200546946216953,2021-02-18 04:57:25.557151,2021-02-18 04:58:25.351094,0 days 00:00:59.793943,0.00012152923222568597,30,0.9937329013179835,11.669492655283369,0.40200546946216953,,,PRUNED
548,548,0.48038176033934255,2021-02-18 04:58:25.351458,2021-02-18 04:58:33.211870,0 days 00:00:07.860412,0.00010537472781756534,30,0.9904864927300402,3.057892870205503,0.48038176033934255,,,PRUNED
549,549,0.439453125,2021-02-18 04:58:33.212225,2021-02-18 04:58:41.037010,0 days 00:00:07.824785,5.223947147924183e-05,100,0.9922538647356939,4.455647331428247,0.439453125,,,PRUNED
550,550,0.39581351094196005,2021-02-18 04:58:41.037368,2021-02-18 04:59:01.731690,0 days 00:00:20.694322,0.00040353340045826147,90,0.9931205655184762,10.027366257815714,0.39581351094196005,,,PRUNED
