,number,value,datetime_start,datetime_complete,duration,params_lr,params_out_dim,params_scheduler_gamma,params_weight_decay,system_attrs_completed_rung_0,system_attrs_completed_rung_1,system_attrs_completed_rung_2,state
0,0,0.4820359281437126,2021-02-17 22:51:33.791525,2021-02-17 22:53:38.618029,0 days 00:02:04.826504,0.0005993688862595735,10,0.9929194514941437,3.487371099009534,0.5119760479041916,0.46506986027944114,,COMPLETE
1,1,0.5888671875,2021-02-17 22:53:38.618527,2021-02-17 22:55:23.065382,0 days 00:01:44.446855,4.136231655343032e-05,90,0.9920913794897189,3.1677019290462805,0.50390625,0.5185546875,0.529296875,COMPLETE
2,2,0.5,2021-02-17 22:55:23.065862,2021-02-17 22:57:26.768803,0 days 00:02:03.702941,0.009355985394697322,50,0.9962699052003647,12.351808121185677,0.5,,,COMPLETE
3,3,0.44382647385984425,2021-02-17 22:57:26.769268,2021-02-17 22:59:11.439461,0 days 00:01:44.670193,1.1422258057808988e-05,50,0.995268688953521,18.180661441221602,0.5350389321468298,,,COMPLETE
4,4,0.4715370018975332,2021-02-17 22:59:11.439957,2021-02-17 22:59:36.649651,0 days 00:00:25.209694,0.00018671945764235501,100,0.991843514042141,17.80045202404471,0.4715370018975332,,,PRUNED
5,5,0.4829222011385199,2021-02-17 22:59:36.649807,2021-02-17 23:00:36.401912,0 days 00:00:59.752105,0.0004368221829959357,10,0.9934383034852259,1.5078485774438468,0.4829222011385199,,,PRUNED
6,6,0.603515625,2021-02-17 23:00:36.402055,2021-02-17 23:02:20.706116,0 days 00:01:44.304061,1.7131239280590034e-05,40,0.9957992823194014,10.775449782854512,0.53515625,,,COMPLETE
7,7,0.4860956618464961,2021-02-17 23:02:20.706611,2021-02-17 23:02:41.673209,0 days 00:00:20.966598,2.6403137187111102e-05,90,0.9951942148422862,2.2857824675645646,0.4860956618464961,,,PRUNED
8,8,0.4482421875,2021-02-17 23:02:41.673346,2021-02-17 23:02:49.573015,0 days 00:00:07.899669,0.0002996408905831654,80,0.9976459225485071,6.922977466825297,0.4482421875,,,PRUNED
9,9,0.5389221556886228,2021-02-17 23:02:49.573167,2021-02-17 23:04:34.520952,0 days 00:01:44.947785,0.00028630816731916003,50,0.9930626180735082,11.323778801311105,0.5359281437125748,0.6057884231536926,,COMPLETE
10,10,0.5,2021-02-17 23:04:34.521449,2021-02-17 23:04:55.850421,0 days 00:00:21.328972,0.013156620253416927,10,0.9950576185708027,16.65660663688843,0.5,,,PRUNED
11,11,0.5,2021-02-17 23:04:55.850582,2021-02-17 23:05:05.419242,0 days 00:00:09.568660,0.0025079231580140606,90,0.9932741647640309,18.92719180992667,0.5,,,PRUNED
12,12,0.4849833147942158,2021-02-17 23:05:05.419387,2021-02-17 23:06:06.310159,0 days 00:01:00.890772,0.0002129068362090968,100,0.9910592441830636,3.4191204913956783,0.5394883203559511,0.5328142380422692,0.4849833147942158,PRUNED
13,13,0.4410456062291435,2021-02-17 23:06:06.310359,2021-02-17 23:06:31.248479,0 days 00:00:24.938120,0.0005371880207292531,100,0.9988201655688372,19.854248505713645,0.4410456062291435,,,PRUNED
14,14,0.5,2021-02-17 23:06:31.248624,2021-02-17 23:06:58.929942,0 days 00:00:27.681318,0.0037253094584004253,80,0.9975549627102694,13.263653800015495,0.5,,,PRUNED
15,15,0.5,2021-02-17 23:06:58.930082,2021-02-17 23:07:58.792089,0 days 00:00:59.862007,0.0032439516099596923,50,0.9910153295605449,7.13879603659962,0.5716318785578748,0.5,,PRUNED
16,16,0.3717564870259481,2021-02-17 23:07:58.792231,2021-02-17 23:08:58.718704,0 days 00:00:59.926473,0.002960027113120573,80,0.9967096132895815,3.544491982766493,0.3717564870259481,,,PRUNED
17,17,0.4382647385984427,2021-02-17 23:08:58.718848,2021-02-17 23:10:43.492673,0 days 00:01:44.773825,0.0001324071472505399,60,0.9940270821543494,16.07763974371764,0.5661846496106785,,,COMPLETE
18,18,0.5319361277445109,2021-02-17 23:10:43.493210,2021-02-17 23:10:53.218401,0 days 00:00:09.725191,0.00030831836397951105,70,0.995766680958316,14.481329719035946,0.5319361277445109,,,PRUNED
19,19,0.4649610678531702,2021-02-17 23:10:53.218572,2021-02-17 23:11:14.757905,0 days 00:00:21.539333,4.197990215311732e-05,30,0.9979976585476693,18.883452463661154,0.4649610678531702,,,PRUNED
20,20,0.4760845383759733,2021-02-17 23:11:14.758053,2021-02-17 23:11:35.668777,0 days 00:00:20.910724,1.8517233080450535e-05,60,0.9902124180059813,16.09372183661112,0.4760845383759733,,,PRUNED
21,21,0.48046875,2021-02-17 23:11:35.668925,2021-02-17 23:11:45.165702,0 days 00:00:09.496777,0.0005027814737216832,70,0.9917129822664745,3.437779631524611,0.48046875,,,PRUNED
22,22,0.4970703125,2021-02-17 23:11:45.165886,2021-02-17 23:11:52.968569,0 days 00:00:07.802683,1.3191403403484777e-05,40,0.9940738283091074,4.844444337149989,0.4970703125,,,PRUNED
23,23,0.5,2021-02-17 23:11:52.968717,2021-02-17 23:12:03.346800,0 days 00:00:10.378083,0.00210902786716639,50,0.997547238247999,18.764221521597577,0.5,,,PRUNED
24,24,0.44719314938154137,2021-02-17 23:12:03.346953,2021-02-17 23:12:11.282310,0 days 00:00:07.935357,0.0010869254196651473,20,0.9945113133684191,17.28966235165785,0.44719314938154137,,,PRUNED
25,25,0.482421875,2021-02-17 23:12:11.282467,2021-02-17 23:13:30.997224,0 days 00:01:19.714757,0.00013549360450809518,50,0.993538306588555,9.934146295871864,0.5859375,0.482421875,,PRUNED
26,26,0.49101796407185627,2021-02-17 23:13:30.997370,2021-02-17 23:13:38.953485,0 days 00:00:07.956115,0.0016188893193075401,60,0.9903123122656713,8.294992125220066,0.49101796407185627,,,PRUNED
27,27,0.5399201596806387,2021-02-17 23:13:38.953636,2021-02-17 23:15:58.529966,0 days 00:02:19.576330,1.6551633650167867e-05,100,0.9921856797425392,0.5129496421469426,0.5708582834331337,0.5409181636726547,0.5738522954091816,COMPLETE
28,28,0.4421148587055606,2021-02-17 23:15:58.530459,2021-02-17 23:16:23.194685,0 days 00:00:24.664226,0.0006911726917833802,10,0.9929642526834815,0.18579170187638105,0.4421148587055606,,,PRUNED
29,29,0.4033203125,2021-02-17 23:16:23.194841,2021-02-17 23:16:50.985616,0 days 00:00:27.790775,0.0001500986046306046,30,0.9928984183507609,5.620256708676008,0.4033203125,,,PRUNED
30,30,0.44266666666666665,2021-02-17 23:16:50.985788,2021-02-17 23:17:00.172229,0 days 00:00:09.186441,1.3418299092738946e-05,90,0.9923956643380732,0.4327584956978794,0.44266666666666665,,,PRUNED
31,31,0.4169921875,2021-02-17 23:17:00.172384,2021-02-17 23:17:27.694967,0 days 00:00:27.522583,0.0017365587623029072,30,0.9962665071604472,11.772039915264076,0.4169921875,,,PRUNED
32,32,0.4601518026565465,2021-02-17 23:17:27.695119,2021-02-17 23:18:27.920319,0 days 00:01:00.225200,2.4084979821770064e-05,90,0.9959007586643714,11.625846353000867,0.4601518026565465,,,PRUNED
33,33,0.5233111322549953,2021-02-17 23:18:27.920468,2021-02-17 23:20:12.007247,0 days 00:01:44.086779,0.0011585636743027586,70,0.9919096268783617,6.094718627259718,0.5375832540437678,0.609895337773549,,COMPLETE
34,34,0.5,2021-02-17 23:20:12.007763,2021-02-17 23:21:23.083756,0 days 00:01:11.075993,0.011858823386320595,50,0.9964422232423704,14.173465607842623,0.5,,,PRUNED
35,35,0.5071360608943863,2021-02-17 23:21:23.083922,2021-02-17 23:22:33.787066,0 days 00:01:10.703144,0.00018270152899906632,90,0.9920628822284766,18.910508282390577,0.5071360608943863,,,PRUNED
36,36,0.5480494766888677,2021-02-17 23:22:33.787231,2021-02-17 23:23:53.061766,0 days 00:01:19.274535,5.756004818385685e-05,100,0.9925343334338538,0.19449710469918524,0.5118934348239772,0.5470980019029495,0.5480494766888677,PRUNED
37,37,0.5,2021-02-17 23:23:53.061925,2021-02-17 23:24:00.989538,0 days 00:00:07.927613,0.012441333290979757,100,0.990240162961421,11.474836603998606,0.5,,,PRUNED
38,38,0.49101796407185627,2021-02-17 23:24:00.989711,2021-02-17 23:25:01.195624,0 days 00:01:00.205913,1.4037451907907413e-05,30,0.9967176627528568,13.181025762768945,0.49101796407185627,,,PRUNED
39,39,0.5,2021-02-17 23:25:01.195777,2021-02-17 23:25:26.055444,0 days 00:00:24.859667,0.01946220727744752,70,0.9914844735823909,8.535311842710655,0.5,,,PRUNED
40,40,0.486328125,2021-02-17 23:25:26.055603,2021-02-17 23:25:47.061328,0 days 00:00:21.005725,0.0015892065188024306,60,0.9902497816247268,13.509864875588475,0.486328125,,,PRUNED
41,41,0.474609375,2021-02-17 23:25:47.061484,2021-02-17 23:27:31.199181,0 days 00:01:44.137697,4.198787358300134e-05,20,0.9989499831858396,7.287367610684774,0.5576171875,,,COMPLETE
42,42,0.5,2021-02-17 23:27:31.199684,2021-02-17 23:28:50.454746,0 days 00:01:19.255062,0.003928380441678992,40,0.997933774804934,8.483999885637754,0.5,,,PRUNED
43,43,0.5597722960151803,2021-02-17 23:28:50.454937,2021-02-17 23:29:50.833867,0 days 00:01:00.378930,8.175289935772118e-05,40,0.9942610167209099,4.601029417869968,0.5113851992409867,0.5597722960151803,,PRUNED
44,44,0.4671857619577308,2021-02-17 23:29:50.834054,2021-02-17 23:30:15.706748,0 days 00:00:24.872694,4.1613136240051646e-05,80,0.995534212392516,1.3786007186883429,0.5650723025583982,0.4671857619577308,,PRUNED
45,45,0.5,2021-02-17 23:30:15.706937,2021-02-17 23:30:40.304111,0 days 00:00:24.597174,0.004965215449951068,80,0.9918951348806393,7.325929623051266,0.5,,,PRUNED
46,46,0.4482421875,2021-02-17 23:30:40.304263,2021-02-17 23:31:05.006986,0 days 00:00:24.702723,4.3127276608221986e-05,10,0.9915599510576054,0.006930107299595978,0.6552734375,0.4482421875,,PRUNED
47,47,0.3935546875,2021-02-17 23:31:05.007162,2021-02-17 23:31:12.990831,0 days 00:00:07.983669,9.543488377681121e-05,90,0.9934114139174899,5.567991120499497,0.3935546875,,,PRUNED
48,48,0.43938012762078393,2021-02-17 23:31:12.990987,2021-02-17 23:31:20.977362,0 days 00:00:07.986375,1.0142381801325236e-05,30,0.9907786085971352,9.353963021488871,0.43938012762078393,,,PRUNED
49,49,0.49466666666666664,2021-02-17 23:31:20.977536,2021-02-17 23:32:20.833881,0 days 00:00:59.856345,0.001372757196250265,70,0.9981361962272529,6.185069554449791,0.49466666666666664,,,PRUNED
50,50,0.4208984375,2021-02-17 23:32:20.834032,2021-02-17 23:32:41.954975,0 days 00:00:21.120943,2.2491718390145435e-05,80,0.9923282137942078,2.821636617018512,0.5478515625,0.4208984375,,PRUNED
51,51,0.4319695528068506,2021-02-17 23:32:41.955135,2021-02-17 23:32:52.286708,0 days 00:00:10.331573,0.00010846669070983793,60,0.9948478867554215,11.898289047636819,0.4319695528068506,,,PRUNED
52,52,0.5,2021-02-17 23:32:52.286870,2021-02-17 23:34:11.441468,0 days 00:01:19.154598,0.01954455694806159,30,0.994751882409374,9.823235724155136,0.5,,,PRUNED
53,53,0.4443359375,2021-02-17 23:34:11.441640,2021-02-17 23:34:33.228081,0 days 00:00:21.786441,0.00026023623800124556,70,0.994256800583909,11.424937642011882,0.4443359375,,,PRUNED
54,54,0.5050055617352615,2021-02-17 23:34:33.228248,2021-02-17 23:34:41.180170,0 days 00:00:07.951922,2.44396086252528e-05,100,0.993194914399756,1.479288236054791,0.5050055617352615,,,PRUNED
55,55,0.544921875,2021-02-17 23:34:41.180346,2021-02-17 23:36:24.907859,0 days 00:01:43.727513,6.075913256195062e-05,60,0.9933550365264874,11.392710729533464,0.544921875,,,COMPLETE
56,56,0.3359288097886541,2021-02-17 23:36:24.908375,2021-02-17 23:36:34.237788,0 days 00:00:09.329413,7.171516014470708e-05,100,0.992378041736196,0.0874162842828552,0.3359288097886541,,,PRUNED
57,57,0.3244962884411453,2021-02-17 23:36:34.237972,2021-02-17 23:36:44.520581,0 days 00:00:10.282609,3.8011788643554195e-05,90,0.9916439056929218,2.2058084958664916,0.3244962884411453,,,PRUNED
58,58,0.47265625,2021-02-17 23:36:44.520770,2021-02-17 23:36:52.630708,0 days 00:00:08.109938,0.00015946482552895062,100,0.9929050706973428,5.266370716657331,0.47265625,,,PRUNED
59,59,0.53125,2021-02-17 23:36:52.630877,2021-02-17 23:37:13.636359,0 days 00:00:21.005482,1.7745851470117104e-05,80,0.9939425194448167,0.1522853618799312,0.5478515625,0.53125,,PRUNED
60,60,0.5004757373929591,2021-02-17 23:37:13.636535,2021-02-17 23:37:23.984111,0 days 00:00:10.347576,6.093658535629844e-05,90,0.9911198901017216,3.633613956040324,0.5004757373929591,,,PRUNED
61,61,0.3691722169362512,2021-02-17 23:37:23.984292,2021-02-17 23:37:44.831700,0 days 00:00:20.847408,2.8573785001950598e-05,70,0.9921986469816833,6.961799682796614,0.6327307326355851,0.3691722169362512,,PRUNED
62,62,0.45578851412944393,2021-02-17 23:37:44.831873,2021-02-17 23:37:54.124328,0 days 00:00:09.292455,1.0665672835875984e-05,100,0.9900871936559503,1.8166270920194434,0.45578851412944393,,,PRUNED
63,63,0.5339265850945495,2021-02-17 23:37:54.124502,2021-02-17 23:39:38.644651,0 days 00:01:44.520149,0.00013611280416616194,90,0.9937237677627814,4.35504019077626,0.5305895439377085,0.5383759733036707,0.5995550611790879,COMPLETE
64,64,0.40266963292547275,2021-02-17 23:39:38.645170,2021-02-17 23:40:49.473507,0 days 00:01:10.828337,6.0029173812254856e-05,70,0.9908200501383586,4.83356723961464,0.40266963292547275,,,PRUNED
65,65,0.41824249165739713,2021-02-17 23:40:49.473686,2021-02-17 23:40:57.354074,0 days 00:00:07.880388,0.0001455831007725598,80,0.9966437549269981,7.243532353992727,0.41824249165739713,,,PRUNED
66,66,0.47105788423153694,2021-02-17 23:40:57.354235,2021-02-17 23:41:05.180406,0 days 00:00:07.826171,0.00040571468893591586,80,0.9938184772728336,4.6742378575759185,0.47105788423153694,,,PRUNED
67,67,0.478515625,2021-02-17 23:41:05.180586,2021-02-17 23:41:26.040000,0 days 00:00:20.859414,0.0010782737403169352,40,0.9907540082549738,0.08349769784694772,0.478515625,,,PRUNED
68,68,0.4638487208008899,2021-02-17 23:41:26.040183,2021-02-17 23:42:25.435637,0 days 00:00:59.395454,0.00010512203020461977,60,0.9925708262695763,10.386324621024,0.4638487208008899,,,PRUNED
69,69,0.4785779398359161,2021-02-17 23:42:25.435830,2021-02-17 23:42:33.265135,0 days 00:00:07.829305,6.960181565274074e-05,90,0.9928178615984575,1.0774528554960754,0.4785779398359161,,,PRUNED
70,70,0.4471057884231537,2021-02-17 23:42:33.265319,2021-02-17 23:42:54.159056,0 days 00:00:20.893737,0.0002971546546865424,20,0.9925649274907744,2.6560913676251117,0.4471057884231537,,,PRUNED
71,71,0.43796394485683987,2021-02-17 23:42:54.159236,2021-02-17 23:43:03.424659,0 days 00:00:09.265423,4.842739709929892e-05,90,0.9918703482206936,6.110972422082668,0.43796394485683987,,,PRUNED
72,72,0.3692992213570634,2021-02-17 23:43:03.424829,2021-02-17 23:43:11.230572,0 days 00:00:07.805743,0.00010690791163749058,100,0.9933249767267569,3.756406043756238,0.3692992213570634,,,PRUNED
73,73,0.41569459172852596,2021-02-17 23:43:11.230754,2021-02-17 23:43:21.581132,0 days 00:00:10.350378,0.0002493529321935198,90,0.9952195626006378,2.8244726202575667,0.41569459172852596,,,PRUNED
74,74,0.4794215795328142,2021-02-17 23:43:21.581334,2021-02-17 23:44:32.551968,0 days 00:01:10.970634,0.00035643230859262054,40,0.9902131635937862,15.211943950759514,0.4794215795328142,,,PRUNED
75,75,0.5828698553948832,2021-02-17 23:44:32.552167,2021-02-17 23:46:50.667448,0 days 00:02:18.115281,3.2926268407841725e-05,70,0.9912296274762059,0.04458134546458015,0.6151279199110122,0.5951056729699666,0.6440489432703004,COMPLETE
76,76,0.4905450500556173,2021-02-17 23:46:50.667972,2021-02-17 23:46:58.831288,0 days 00:00:08.163316,0.0006767560640090396,70,0.9910169924461102,4.14462182294555,0.4905450500556173,,,PRUNED
77,77,0.4293527803099362,2021-02-17 23:46:58.831466,2021-02-17 23:49:02.041526,0 days 00:02:03.210060,3.192262547675924e-05,10,0.99311441444883,9.14786271302296,0.5515041020966271,,,COMPLETE
78,78,0.5538922155688623,2021-02-17 23:49:02.042036,2021-02-17 23:50:46.781000,0 days 00:01:44.738964,1.614808484005091e-05,100,0.991794297798411,16.858110993282033,0.5489021956087824,,,COMPLETE
79,79,0.5361328125,2021-02-17 23:50:46.781517,2021-02-17 23:51:47.226058,0 days 00:01:00.444541,1.8276359203078227e-05,70,0.9914154313739562,2.4278417708450406,0.6630859375,0.6083984375,0.5361328125,PRUNED
80,80,0.48502994011976047,2021-02-17 23:51:47.226264,2021-02-17 23:52:58.876083,0 days 00:01:11.649819,1.1939029893191831e-05,100,0.991450346002308,19.986632770200675,0.48502994011976047,,,PRUNED
81,81,0.4990512333965844,2021-02-17 23:52:58.876254,2021-02-17 23:53:19.821061,0 days 00:00:20.944807,2.9144600939236077e-05,50,0.9906104675165233,1.2798934517075038,0.5939278937381404,0.4990512333965844,,PRUNED
82,82,0.49240986717267554,2021-02-17 23:53:19.821251,2021-02-17 23:53:27.702874,0 days 00:00:07.881623,0.00015561916843721317,60,0.9919263886948498,6.119429933116993,0.49240986717267554,,,PRUNED
83,83,0.5139043381535039,2021-02-17 23:53:27.703050,2021-02-17 23:53:48.702753,0 days 00:00:20.999703,0.00032323413687488983,80,0.9988815782787325,15.0375480417786,0.592880978865406,0.5139043381535039,,PRUNED
84,84,0.4900095147478592,2021-02-17 23:53:48.702986,2021-02-17 23:55:08.580584,0 days 00:01:19.877598,6.680473799613863e-05,100,0.9927337788638959,0.038847939110565693,0.6079923882017126,0.6393910561370124,0.4900095147478592,PRUNED
85,85,0.4271412680756396,2021-02-17 23:55:08.580777,2021-02-17 23:55:29.583577,0 days 00:00:21.002800,3.249950051043315e-05,90,0.9944185678210365,0.8097947653941119,0.5795328142380423,0.4271412680756396,,PRUNED
86,86,0.3563096500530223,2021-02-17 23:55:29.583773,2021-02-17 23:56:30.087988,0 days 00:01:00.504215,2.3154038099976267e-05,100,0.9938528086414834,16.655956251674088,0.3563096500530223,,,PRUNED
87,87,0.36262513904338156,2021-02-17 23:56:30.088171,2021-02-17 23:56:40.740072,0 days 00:00:10.651901,1.7759934819371784e-05,100,0.9937142123434813,2.638167976676417,0.36262513904338156,,,PRUNED
88,88,0.43637327677624604,2021-02-17 23:56:40.740259,2021-02-17 23:56:48.863915,0 days 00:00:08.123656,0.009327762809495843,70,0.9929029501427273,4.2856484870565135,0.43637327677624604,,,PRUNED
89,89,0.41579448144624165,2021-02-17 23:56:48.864100,2021-02-17 23:57:59.219688,0 days 00:01:10.355588,7.209085151213586e-05,30,0.9919499405137935,11.970961412950075,0.41579448144624165,,,PRUNED
90,90,0.5269461077844312,2021-02-17 23:57:59.219876,2021-02-17 23:58:08.662254,0 days 00:00:09.442378,5.1872091972559343e-05,50,0.9913648086992299,0.07380840264115385,0.5269461077844312,,,PRUNED
91,91,0.371523915461624,2021-02-17 23:58:08.662454,2021-02-17 23:58:29.518967,0 days 00:00:20.856513,1.3654286020464025e-05,80,0.9906121146070449,2.000621999340609,0.5595105672969967,0.371523915461624,,PRUNED
92,92,0.560622914349277,2021-02-17 23:58:29.519136,2021-02-17 23:59:30.190344,0 days 00:01:00.671208,0.00046605833959928325,70,0.9935272937640927,4.28639055533142,0.5472747497219133,0.560622914349277,,PRUNED
93,93,0.41935483870967744,2021-02-17 23:59:30.190536,2021-02-17 23:59:57.724482,0 days 00:00:27.533946,0.000768655251042429,90,0.9921968547800174,2.279522500473926,0.41935483870967744,,,PRUNED
94,94,0.5199240986717267,2021-02-17 23:59:57.724666,2021-02-18 00:00:05.570422,0 days 00:00:07.845756,0.00021689040648486665,90,0.9919927992698364,8.396999738080417,0.5199240986717267,,,PRUNED
95,95,0.46706586826347307,2021-02-18 00:00:05.570618,2021-02-18 00:01:16.491157,0 days 00:01:10.920539,0.0001027351839042419,40,0.9925116832441838,0.7122865122046586,0.5998003992015968,0.5978043912175649,0.46706586826347307,PRUNED
96,96,0.38487208008898777,2021-02-18 00:01:16.491335,2021-02-18 00:01:44.285101,0 days 00:00:27.793766,0.002025106348209208,80,0.9936623762188103,8.785490074011669,0.38487208008898777,,,PRUNED
97,97,0.47265625,2021-02-18 00:01:44.285296,2021-02-18 00:01:52.172655,0 days 00:00:07.887359,3.8673465483453676e-05,100,0.9942923040518491,11.148860202587903,0.47265625,,,PRUNED
98,98,0.46755555555555556,2021-02-18 00:01:52.172847,2021-02-18 00:02:02.507502,0 days 00:00:10.334655,8.826554044108046e-05,90,0.9934370277455611,3.0489741476116423,0.46755555555555556,,,PRUNED
99,99,0.505859375,2021-02-18 00:02:02.507694,2021-02-18 00:02:10.426107,0 days 00:00:07.918413,2.1549328824511158e-05,70,0.9913137737951381,2.0662609321107395,0.505859375,,,PRUNED
100,100,0.3846855059252507,2021-02-18 00:02:10.426304,2021-02-18 00:02:18.446558,0 days 00:00:08.020254,1.6033718738683008e-05,60,0.9916759092307504,3.3781777460488964,0.3846855059252507,,,PRUNED
101,101,0.4267578125,2021-02-18 00:02:18.446752,2021-02-18 00:03:18.662136,0 days 00:01:00.215384,1.0709207698461005e-05,40,0.9950420559608409,14.365296197402623,0.4267578125,,,PRUNED
102,102,0.5027808676307007,2021-02-18 00:03:18.662331,2021-02-18 00:03:39.436871,0 days 00:00:20.774540,2.223954174939213e-05,70,0.9908954484676146,0.7421967390952003,0.5461624026696329,0.5027808676307007,,PRUNED
103,103,0.5137777777777778,2021-02-18 00:03:39.437067,2021-02-18 00:03:47.309557,0 days 00:00:07.872490,1.046025520580589e-05,80,0.9921678971657253,2.565793249542371,0.5137777777777778,,,PRUNED
104,104,0.5,2021-02-18 00:03:47.309751,2021-02-18 00:04:47.448785,0 days 00:01:00.139034,0.007669438755145452,60,0.9910476874263384,5.8518764465637245,0.5,0.5,,PRUNED
105,105,0.4810379241516966,2021-02-18 00:04:47.448964,2021-02-18 00:05:08.278644,0 days 00:00:20.829680,4.850825565797666e-05,60,0.9914423145527644,1.3956713092250823,0.5568862275449101,0.4810379241516966,,PRUNED
106,106,0.48568398727465534,2021-02-18 00:05:08.278831,2021-02-18 00:05:16.124534,0 days 00:00:07.845703,3.314710733323506e-05,90,0.992589920007749,5.679691585222429,0.48568398727465534,,,PRUNED
107,107,0.44493882091212456,2021-02-18 00:05:16.124706,2021-02-18 00:06:28.120055,0 days 00:01:11.995349,6.43174781554759e-05,20,0.9927291787623971,3.5417389839593714,0.5328142380422692,0.44493882091212456,,PRUNED
108,108,0.46875,2021-02-18 00:06:28.120245,2021-02-18 00:06:52.745837,0 days 00:00:24.625592,1.35736389003672e-05,40,0.9930961765479903,19.88937083265154,0.53125,0.46875,,PRUNED
109,109,0.4178154825026511,2021-02-18 00:06:52.746020,2021-02-18 00:07:02.479878,0 days 00:00:09.733858,2.440269853430938e-05,80,0.9903439629574062,2.2043669013196805,0.4178154825026511,,,PRUNED
110,110,0.37192342752962626,2021-02-18 00:07:02.480047,2021-02-18 00:07:27.129056,0 days 00:00:24.649009,0.000999619466205445,40,0.9958782721991833,6.6366400682143265,0.37192342752962626,,,PRUNED
