,number,value,datetime_start,datetime_complete,duration,params_lr,params_out_dim,params_scheduler_gamma,params_weight_decay,system_attrs_completed_rung_0,system_attrs_completed_rung_1,system_attrs_completed_rung_2,state
332,332,0.45214220601640837,2021-02-18 02:31:42.556448,2021-02-18 02:31:53.104667,0 days 00:00:10.548219,0.00011267646630116861,80,0.9917118718773763,0.7942172153070959,0.45214220601640837,,,PRUNED
333,333,0.41039236479321317,2021-02-18 02:31:53.104948,2021-02-18 02:32:13.944666,0 days 00:00:20.839718,0.00030830613103892916,100,0.9920662927932274,2.701622649315143,0.5270413573700954,0.41039236479321317,,PRUNED
334,334,0.4032258064516129,2021-02-18 02:32:13.944941,2021-02-18 02:32:42.458438,0 days 00:00:28.513497,0.0011321005486360748,30,0.9961569378660093,11.236151908027537,0.4032258064516129,,,PRUNED
335,335,0.45708582834331335,2021-02-18 02:32:42.458722,2021-02-18 02:33:42.375613,0 days 00:00:59.916891,3.586835631225749e-05,100,0.993943869239213,13.250900204669435,0.45708582834331335,,,PRUNED
336,336,0.49476688867745006,2021-02-18 02:33:42.375911,2021-02-18 02:34:03.253175,0 days 00:00:20.877264,6.983588087370765e-05,60,0.9924993912267457,6.394384541011736,0.49476688867745006,,,PRUNED
337,337,0.40934371523915464,2021-02-18 02:34:03.253460,2021-02-18 02:34:30.969328,0 days 00:00:27.715868,0.00035908707119597746,70,0.9941325455091955,13.988533360102586,0.40934371523915464,,,PRUNED
338,338,0.35372636262513907,2021-02-18 02:34:30.969602,2021-02-18 02:34:51.648535,0 days 00:00:20.678933,0.002034410832311609,50,0.9931059807243278,4.565094313956076,0.35372636262513907,,,PRUNED
339,339,0.5227995758218452,2021-02-18 02:34:51.648807,2021-02-18 02:34:59.477261,0 days 00:00:07.828454,7.186222843400017e-05,40,0.9902774243550694,2.2033874037227243,0.5227995758218452,,,PRUNED
340,340,0.36907020872865276,2021-02-18 02:34:59.477538,2021-02-18 02:35:20.207636,0 days 00:00:20.730098,0.0008172462803777109,60,0.9921972459201389,1.3178565880354678,0.36907020872865276,,,PRUNED
341,341,0.3977164605137964,2021-02-18 02:35:20.207916,2021-02-18 02:36:39.575643,0 days 00:01:19.367727,2.0842650901758434e-05,50,0.9936725125608659,15.15040035179476,0.3977164605137964,,,PRUNED
342,342,0.5050136736554239,2021-02-18 02:36:39.575918,2021-02-18 02:37:38.704616,0 days 00:00:59.128698,5.2283181155987306e-05,100,0.9923736221831696,3.5972451637525187,0.5606198723792161,0.6845943482224248,0.5050136736554239,PRUNED
343,343,0.4667931688804554,2021-02-18 02:37:38.704908,2021-02-18 02:38:03.205961,0 days 00:00:24.501053,4.911328977051627e-05,100,0.9923266807769715,3.3183638299839204,0.5417457305502846,0.4667931688804554,,PRUNED
344,344,0.5068359375,2021-02-18 02:38:03.206262,2021-02-18 02:40:20.960053,0 days 00:02:17.753791,0.00048487688337985985,70,0.9929860011800131,0.39141523765776665,0.525390625,0.5751953125,,COMPLETE
345,345,0.5142314990512334,2021-02-18 02:40:20.960660,2021-02-18 02:41:39.820425,0 days 00:01:18.859765,0.0005160583503124549,70,0.9929434564192451,0.6941685750349929,0.6252371916508539,0.5142314990512334,,PRUNED
346,346,0.39766702014846234,2021-02-18 02:41:39.820702,2021-02-18 02:42:50.105625,0 days 00:01:10.284923,1.3796302885876983e-05,100,0.9914937709076785,4.642828978357615,0.6044538706256628,0.616118769883351,0.39766702014846234,PRUNED
347,347,0.4872080088987764,2021-02-18 02:42:50.105880,2021-02-18 02:43:00.964150,0 days 00:00:10.858270,3.944540199936856e-05,100,0.9931128205337669,3.721011219366994,0.4872080088987764,,,PRUNED
348,348,0.5099800399201597,2021-02-18 02:43:00.964422,2021-02-18 02:43:22.964977,0 days 00:00:22.000555,5.378247449655278e-05,100,0.9924601418788898,4.1174259759317025,0.5339321357285429,0.5099800399201597,,PRUNED
349,349,0.5262222222222223,2021-02-18 02:43:22.965259,2021-02-18 02:43:44.354282,0 days 00:00:21.389023,6.441391693503786e-05,100,0.9921806796206679,2.877025117291485,0.5564444444444444,0.5262222222222223,,PRUNED
350,350,0.4711111111111111,2021-02-18 02:43:44.354566,2021-02-18 02:43:52.165710,0 days 00:00:07.811144,8.489135394149342e-05,100,0.9928301453213773,3.4684065982463728,0.4711111111111111,,,PRUNED
351,351,0.509765625,2021-02-18 02:43:52.165998,2021-02-18 02:44:00.239495,0 days 00:00:08.073497,0.00010081849102047883,30,0.9926098062013028,0.02811871914167252,0.509765625,,,PRUNED
352,352,0.43584305408271473,2021-02-18 02:44:00.239775,2021-02-18 02:45:01.149076,0 days 00:01:00.909301,5.980132893604738e-05,60,0.9910609906920886,11.933646733717362,0.43584305408271473,,,PRUNED
353,353,0.49134001823154055,2021-02-18 02:45:01.149350,2021-02-18 02:46:20.582858,0 days 00:01:19.433508,0.00024136477109583986,70,0.9938779776341423,10.140496218616319,0.5159525979945305,0.49134001823154055,,PRUNED
354,354,0.4619140625,2021-02-18 02:46:20.583160,2021-02-18 02:46:41.302826,0 days 00:00:20.719666,0.0002959198591692473,80,0.9927411502424893,11.825023174735541,0.4619140625,,,PRUNED
355,355,0.5111346765641569,2021-02-18 02:46:41.303098,2021-02-18 02:47:02.026211,0 days 00:00:20.723113,0.00015356423206479666,90,0.9920334775230921,1.6801671766724644,0.5365853658536586,0.5111346765641569,,PRUNED
356,356,0.3955461293743372,2021-02-18 02:47:02.026500,2021-02-18 02:47:09.783853,0 days 00:00:07.757353,3.209732635161533e-05,90,0.9906466041288298,0.35884787376585314,0.3955461293743372,,,PRUNED
357,357,0.5004757373929591,2021-02-18 02:47:09.784113,2021-02-18 02:47:30.617917,0 days 00:00:20.833804,7.189760037261431e-05,70,0.9923373922325288,2.428872992734253,0.5756422454804948,0.5004757373929591,,PRUNED
358,358,0.43299908842297175,2021-02-18 02:47:30.618203,2021-02-18 02:47:38.446666,0 days 00:00:07.828463,8.134593759415881e-05,90,0.9909691245610216,1.9864610851923392,0.43299908842297175,,,PRUNED
359,359,0.5740037950664136,2021-02-18 02:47:38.446958,2021-02-18 02:49:22.428434,0 days 00:01:43.981476,4.982039937495699e-05,20,0.9935059460301054,5.509280943268455,0.6015180265654649,0.5502846299810247,,COMPLETE
360,360,0.4658203125,2021-02-18 02:49:22.429064,2021-02-18 02:49:49.857330,0 days 00:00:27.428266,4.693670836029668e-05,20,0.9934370718685512,0.13950517837255205,0.4658203125,,,PRUNED
361,361,0.51953125,2021-02-18 02:49:49.857624,2021-02-18 02:51:00.595078,0 days 00:01:10.737454,0.0004046786339088441,10,0.993223683734338,5.518350900566699,0.546875,0.51953125,,PRUNED
362,362,0.4471057884231537,2021-02-18 02:51:00.595360,2021-02-18 02:52:44.627676,0 days 00:01:44.032316,2.4107035166561545e-05,70,0.9943007442834652,9.66520548285044,0.5299401197604791,,,COMPLETE
363,363,0.47438330170777987,2021-02-18 02:52:44.628303,2021-02-18 02:53:44.231097,0 days 00:00:59.602794,0.0005287440699570522,60,0.9963450179268931,10.29596637505227,0.47438330170777987,,,PRUNED
364,364,0.638671875,2021-02-18 02:53:44.231373,2021-02-18 02:55:27.369326,0 days 00:01:43.137953,9.136160859001047e-05,90,0.9912146127012037,3.0450028780055454,0.595703125,0.587890625,0.6806640625,COMPLETE
365,365,0.4660678642714571,2021-02-18 02:55:27.369948,2021-02-18 02:56:26.994657,0 days 00:00:59.624709,3.2185700790610056e-05,50,0.9933305517607293,8.802972043339237,0.4660678642714571,,,PRUNED
366,366,0.5542388331814039,2021-02-18 02:56:26.994938,2021-02-18 02:58:29.426376,0 days 00:02:02.431438,0.00012615781602293461,90,0.9911947021922963,3.076825249870085,0.528714676390155,0.6526891522333638,0.5542388331814039,COMPLETE
367,367,0.4838709677419355,2021-02-18 02:58:29.427021,2021-02-18 02:58:53.827218,0 days 00:00:24.400197,0.00013223210750602711,90,0.9912906899073651,3.0642192214667356,0.6329254727474972,0.4838709677419355,,PRUNED
368,368,0.4781783681214421,2021-02-18 02:58:53.827503,2021-02-18 02:59:53.556505,0 days 00:00:59.729002,1.5675103278701883e-05,60,0.9950985935895084,14.332118243009226,0.4781783681214421,,,PRUNED
369,369,0.5199600798403193,2021-02-18 02:59:53.556780,2021-02-18 03:00:03.740727,0 days 00:00:10.183947,0.00018211866894248712,90,0.9911788613423003,3.6550670658667155,0.5199600798403193,,,PRUNED
370,370,0.4949863263445761,2021-02-18 03:00:03.741006,2021-02-18 03:00:24.468307,0 days 00:00:20.727301,2.7892356904495643e-05,20,0.9923728431868983,7.370382447861807,0.4949863263445761,,,PRUNED
371,371,0.5174973488865323,2021-02-18 03:00:24.468581,2021-02-18 03:00:33.721249,0 days 00:00:09.252668,4.976724029628453e-05,90,0.9914157844362641,3.3055266952423934,0.5174973488865323,,,PRUNED
372,372,0.46162402669632924,2021-02-18 03:00:33.721554,2021-02-18 03:00:44.133184,0 days 00:00:10.411630,6.094257287579778e-05,80,0.9907039533257416,2.7252741763817028,0.46162402669632924,,,PRUNED
373,373,0.5408271474019088,2021-02-18 03:00:44.133473,2021-02-18 03:01:04.936691,0 days 00:00:20.803218,3.715820826974506e-05,90,0.9911143707567267,4.1883468494708325,0.6214209968186638,0.5408271474019088,,PRUNED
374,374,0.4135737009544008,2021-02-18 03:01:04.936972,2021-02-18 03:01:15.298129,0 days 00:00:10.361157,1.5817931077551112e-05,100,0.9915833720486213,3.129528186642544,0.4135737009544008,,,PRUNED
375,375,0.5185546875,2021-02-18 03:01:15.298414,2021-02-18 03:02:25.872798,0 days 00:01:10.574384,0.00010803167439280283,60,0.9909180752969349,2.483047336376708,0.6005859375,0.5556640625,0.5185546875,PRUNED
376,376,0.483349191246432,2021-02-18 03:02:25.873091,2021-02-18 03:02:35.145319,0 days 00:00:09.272228,0.00011578542009104122,60,0.9908919525860681,2.6060787029074355,0.483349191246432,,,PRUNED
377,377,0.45066666666666666,2021-02-18 03:02:35.145631,2021-02-18 03:02:56.790647,0 days 00:00:21.645016,0.0006009183761716354,10,0.9935987883301983,18.078942157960157,0.45066666666666666,,,PRUNED
378,378,0.42844444444444446,2021-02-18 03:02:56.790925,2021-02-18 03:04:07.076425,0 days 00:01:10.285500,3.687012891068751e-05,70,0.9925879558036553,2.8491247880599833,0.5128888888888888,0.42844444444444446,,PRUNED
379,379,0.4781783681214421,2021-02-18 03:04:07.076687,2021-02-18 03:04:27.916113,0 days 00:00:20.839426,5.3623188510966146e-05,30,0.9942927475050607,4.2395649650820495,0.4781783681214421,,,PRUNED
380,380,0.4746666666666667,2021-02-18 03:04:27.916409,2021-02-18 03:04:48.783553,0 days 00:00:20.867144,9.916092394753131e-05,50,0.998961639683582,4.982334696295157,0.4746666666666667,,,PRUNED
381,381,0.4267578125,2021-02-18 03:04:48.783818,2021-02-18 03:04:56.593685,0 days 00:00:07.809867,9.787471705100858e-05,60,0.9910390321753928,3.7537611146820646,0.4267578125,,,PRUNED
382,382,0.46162402669632924,2021-02-18 03:04:56.593969,2021-02-18 03:05:17.412274,0 days 00:00:20.818305,0.00015767273410582255,40,0.9949999112680279,6.924421616881009,0.46162402669632924,,,PRUNED
383,383,0.4971537001897533,2021-02-18 03:05:17.412567,2021-02-18 03:05:26.665793,0 days 00:00:09.253226,0.0001462140062546454,60,0.9913306037122288,2.9998265300428617,0.4971537001897533,,,PRUNED
384,384,0.4994438264738598,2021-02-18 03:05:26.666088,2021-02-18 03:05:47.499563,0 days 00:00:20.833475,0.001452207640017548,80,0.9939460721069237,6.010065304237855,0.4994438264738598,,,PRUNED
385,385,0.47720042417815484,2021-02-18 03:05:47.499854,2021-02-18 03:06:15.225463,0 days 00:00:27.725609,0.00011374273916596919,60,0.9918011253397602,2.239182245174899,0.5408271474019088,0.47720042417815484,,PRUNED
386,386,0.4862222222222222,2021-02-18 03:06:15.225766,2021-02-18 03:06:22.985305,0 days 00:00:07.759539,0.0002713810178954162,90,0.9907711516014353,3.4208201573999846,0.4862222222222222,,,PRUNED
387,387,0.4010938924339107,2021-02-18 03:06:22.985597,2021-02-18 03:06:32.122083,0 days 00:00:09.136486,8.054343648345552e-05,100,0.9905910721783525,2.706794542970359,0.4010938924339107,,,PRUNED
388,388,0.5151802656546489,2021-02-18 03:06:32.122372,2021-02-18 03:06:39.927503,0 days 00:00:07.805131,9.357948416180056e-05,50,0.9903818597692339,2.317163006467508,0.5151802656546489,,,PRUNED
389,389,0.4900095147478592,2021-02-18 03:06:39.927773,2021-02-18 03:07:58.474712,0 days 00:01:18.546939,4.217916409743284e-05,100,0.9911390120639644,8.886916657683418,0.5375832540437678,0.5718363463368221,0.4900095147478592,PRUNED
390,390,0.5,2021-02-18 03:07:58.474992,2021-02-18 03:08:06.277876,0 days 00:00:07.802884,4.3338694151064005e-05,100,0.9912204854799286,12.234438401396208,0.5,,,PRUNED
391,391,0.4740200546946217,2021-02-18 03:08:06.278152,2021-02-18 03:08:15.449409,0 days 00:00:09.171257,3.690396324466038e-05,60,0.9914656670076827,8.9834281847539,0.4740200546946217,,,PRUNED
392,392,0.5028462998102466,2021-02-18 03:08:15.449732,2021-02-18 03:09:15.853630,0 days 00:01:00.403898,4.414134827639919e-05,40,0.9927428479091581,12.707713352650988,0.5028462998102466,,,PRUNED
393,393,0.4840474020054695,2021-02-18 03:09:15.853933,2021-02-18 03:09:25.016287,0 days 00:00:09.162354,5.828019692674053e-05,100,0.9910005139512308,7.049806281278084,0.4840474020054695,,,PRUNED
394,394,0.389321468298109,2021-02-18 03:09:25.016591,2021-02-18 03:10:35.729669,0 days 00:01:10.713078,1.0403056712936652e-05,70,0.9960695547039256,18.518409972103846,0.389321468298109,,,PRUNED
395,395,0.48053392658509453,2021-02-18 03:10:35.729950,2021-02-18 03:10:46.094699,0 days 00:00:10.364749,4.86792514008861e-05,100,0.9912042219590088,3.839595966307618,0.48053392658509453,,,PRUNED
396,396,0.528,2021-02-18 03:10:46.094991,2021-02-18 03:12:49.235119,0 days 00:02:03.140128,0.0010705876135884082,40,0.9930205994037643,3.8100745168131422,0.5368888888888889,0.5653333333333334,,COMPLETE
397,397,0.5090137857900318,2021-02-18 03:12:49.235765,2021-02-18 03:12:57.008563,0 days 00:00:07.772798,6.680579858668952e-05,100,0.9908294931509946,15.661531720469988,0.5090137857900318,,,PRUNED
398,398,0.5996204933586338,2021-02-18 03:12:57.008856,2021-02-18 03:14:40.735150,0 days 00:01:43.726294,2.063092819172735e-05,100,0.9938050987711187,11.05456054821338,0.5436432637571158,,,COMPLETE
399,399,0.4029692470837752,2021-02-18 03:14:40.735788,2021-02-18 03:15:40.151431,0 days 00:00:59.415643,0.0009802337418917655,70,0.9930121044527821,8.075913513852853,0.6033934252386002,0.4029692470837752,,PRUNED
400,400,0.3592880978865406,2021-02-18 03:15:40.151731,2021-02-18 03:16:01.030166,0 days 00:00:20.878435,0.001144561605411053,60,0.993336564474139,3.5868783837437843,0.3592880978865406,,,PRUNED
401,401,0.4382647385984427,2021-02-18 03:16:01.030470,2021-02-18 03:16:10.281952,0 days 00:00:09.251482,2.142937385347074e-05,100,0.9915589271371427,3.1171606873229467,0.4382647385984427,,,PRUNED
402,402,0.4603463992707384,2021-02-18 03:16:10.282264,2021-02-18 03:17:10.252325,0 days 00:00:59.970061,0.0006984725275705211,40,0.9926739039856713,2.1464883907726504,0.5733819507748404,0.4603463992707384,,PRUNED
403,403,0.5119760479041916,2021-02-18 03:17:10.252637,2021-02-18 03:17:31.052990,0 days 00:00:20.800353,4.11853087093127e-05,90,0.991015782674021,11.137133139460861,0.5888223552894212,0.5119760479041916,,PRUNED
404,404,0.4750795334040297,2021-02-18 03:17:31.053277,2021-02-18 03:17:58.476256,0 days 00:00:27.422979,2.9261592914141497e-05,100,0.9913329644084345,7.696069366093704,0.528101802757158,0.4750795334040297,,PRUNED
405,405,0.5172413793103449,2021-02-18 03:17:58.476562,2021-02-18 03:19:09.462710,0 days 00:01:10.986148,1.3970520497451014e-05,100,0.9938466643792464,10.939701043960477,0.5172413793103449,,,PRUNED
406,406,0.4061505832449629,2021-02-18 03:19:09.463022,2021-02-18 03:20:20.281915,0 days 00:01:10.818893,0.00047993969449819813,10,0.9921509116190469,5.3326214100635845,0.5238600212089077,0.4061505832449629,,PRUNED
407,407,0.46273637374860954,2021-02-18 03:20:20.282227,2021-02-18 03:20:30.595052,0 days 00:00:10.312825,0.00012497074557598348,80,0.9908208759451855,1.3251380479808033,0.46273637374860954,,,PRUNED
408,408,0.48444444444444446,2021-02-18 03:20:30.595338,2021-02-18 03:22:48.080616,0 days 00:02:17.485278,1.9165457295347247e-05,90,0.9933022659181467,17.471428585041224,0.5342222222222223,,,COMPLETE
409,409,0.4528101802757158,2021-02-18 03:22:48.081281,2021-02-18 03:23:47.703456,0 days 00:00:59.622175,2.317707163167159e-05,90,0.992373479341111,11.70095541986659,0.4528101802757158,,,PRUNED
410,410,0.5027808676307007,2021-02-18 03:23:47.703757,2021-02-18 03:24:47.708225,0 days 00:01:00.004468,2.842073292935458e-05,100,0.994791573615085,7.204243631831564,0.5027808676307007,,,PRUNED
411,411,0.43738140417457305,2021-02-18 03:24:47.708533,2021-02-18 03:25:08.312242,0 days 00:00:20.603709,0.0017696279436853757,40,0.9931022379722452,4.949799854166382,0.43738140417457305,,,PRUNED
412,412,0.5016685205784205,2021-02-18 03:25:08.312543,2021-02-18 03:26:27.114188,0 days 00:01:18.801645,3.560345963724494e-05,80,0.9940742199647371,10.568995682367675,0.5016685205784205,,,PRUNED
413,413,0.419921875,2021-02-18 03:26:27.114490,2021-02-18 03:26:36.374088,0 days 00:00:09.259598,2.4953230015700334e-05,90,0.991876210316861,10.40988077915836,0.419921875,,,PRUNED
414,414,0.5263671875,2021-02-18 03:26:36.374413,2021-02-18 03:26:44.237274,0 days 00:00:07.862861,7.299318584405423e-05,100,0.9980531436835363,3.443989108138216,0.5263671875,,,PRUNED
415,415,0.5005561735261401,2021-02-18 03:26:44.237577,2021-02-18 03:26:52.128709,0 days 00:00:07.891132,0.00017186175774972198,100,0.9960269551522952,0.9650403518702674,0.5005561735261401,,,PRUNED
416,416,0.5182222222222223,2021-02-18 03:26:52.128998,2021-02-18 03:29:09.818634,0 days 00:02:17.689636,1.2647671355317631e-05,40,0.9945001639117259,11.28788503695063,0.5413333333333333,,,COMPLETE
417,417,0.5323609845031905,2021-02-18 03:29:09.819305,2021-02-18 03:31:12.978710,0 days 00:02:03.159405,0.0001031688253630588,30,0.9924390208927695,0.5772086604557547,0.5916134913400183,0.5432999088422972,0.5925250683682771,COMPLETE
418,418,0.368220742150333,2021-02-18 03:31:12.979381,2021-02-18 03:31:40.571368,0 days 00:00:27.591987,0.0008337565479272773,30,0.9945632546820177,4.614956915717224,0.368220742150333,,,PRUNED
419,419,0.4905123339658444,2021-02-18 03:31:40.571675,2021-02-18 03:31:48.447968,0 days 00:00:07.876293,8.6732337942491e-05,30,0.9924535775274254,13.821016946063313,0.4905123339658444,,,PRUNED
420,420,0.45635673624288425,2021-02-18 03:31:48.448253,2021-02-18 03:32:09.275271,0 days 00:00:20.827018,0.00012174403906287039,50,0.9935534827649305,5.587899740453555,0.45635673624288425,,,PRUNED
421,421,0.5047438330170778,2021-02-18 03:32:09.275579,2021-02-18 03:32:33.976173,0 days 00:00:24.700594,0.0005992760387429659,40,0.9919090192959855,3.9307656260972488,0.5047438330170778,,,PRUNED
422,422,0.5107421875,2021-02-18 03:32:33.976485,2021-02-18 03:33:33.299656,0 days 00:00:59.323171,5.0325355332416096e-05,50,0.9943218825777411,19.895290489716913,0.5107421875,,,PRUNED
423,423,0.5503711558854719,2021-02-18 03:33:33.299967,2021-02-18 03:35:17.625449,0 days 00:01:44.325482,0.0010896390246598032,30,0.9940700881851446,3.175621020488819,0.5196182396606575,0.5546129374337222,,COMPLETE
424,424,0.5263671875,2021-02-18 03:35:17.626091,2021-02-18 03:36:16.925965,0 days 00:00:59.299874,0.00010226642071114848,30,0.9922676737695586,0.034631575675081794,0.5693359375,0.5703125,0.5263671875,PRUNED
425,425,0.4638487208008899,2021-02-18 03:36:16.926263,2021-02-18 03:37:16.669230,0 days 00:00:59.742967,0.00010632409467047036,30,0.992218717466074,0.13431260679604964,0.5773081201334817,0.5761957730812013,0.4638487208008899,PRUNED
426,426,0.47052280311457173,2021-02-18 03:37:16.669539,2021-02-18 03:39:34.691271,0 days 00:02:18.021732,1.770994047742027e-05,60,0.9917388136888993,13.838562752041451,0.5984427141268076,,,COMPLETE
427,427,0.5280685061845861,2021-02-18 03:39:34.691924,2021-02-18 03:40:33.992005,0 days 00:00:59.300081,0.0011444372806200817,20,0.9938094414790705,0.7384817747352179,0.5337773549000951,0.5280685061845861,,PRUNED
428,428,0.4973488865323436,2021-02-18 03:40:33.992292,2021-02-18 03:40:44.390458,0 days 00:00:10.398166,9.204326800670981e-05,30,0.9926780654000515,0.6353018897500204,0.4973488865323436,,,PRUNED
429,429,0.45635673624288425,2021-02-18 03:40:44.390763,2021-02-18 03:41:43.742476,0 days 00:00:59.351713,0.00027641979059072805,30,0.9900170700564305,12.386580103945715,0.45635673624288425,,,PRUNED
430,430,0.40266963292547275,2021-02-18 03:41:43.742781,2021-02-18 03:43:46.650707,0 days 00:02:02.907926,8.427722872080755e-05,50,0.9955475250752805,10.021812308874841,0.5684093437152391,,,COMPLETE
431,431,0.3944856839872747,2021-02-18 03:43:46.651360,2021-02-18 03:44:46.641543,0 days 00:00:59.990183,2.171814107710681e-05,100,0.9970286765602836,12.990217555937216,0.3944856839872747,,,PRUNED
432,432,0.48495897903372837,2021-02-18 03:44:46.641850,2021-02-18 03:46:05.465998,0 days 00:01:18.824148,4.0177214578153306e-05,30,0.9965674433821314,15.308166229911974,0.48495897903372837,,,PRUNED
433,433,0.4560546875,2021-02-18 03:46:05.466308,2021-02-18 03:46:13.210414,0 days 00:00:07.744106,0.00011948155585191218,30,0.992369052481136,0.07624028427133536,0.4560546875,,,PRUNED
434,434,0.44355555555555554,2021-02-18 03:46:13.210714,2021-02-18 03:46:40.791110,0 days 00:00:27.580396,0.0013118172853605053,30,0.9928085872994711,2.4475101131132138,0.44355555555555554,,,PRUNED
435,435,0.5185546875,2021-02-18 03:46:40.791391,2021-02-18 03:47:02.564351,0 days 00:00:21.772960,0.00010339064012058632,30,0.9921834552021441,0.40913886618393824,0.5634765625,0.5185546875,,PRUNED
436,436,0.5205784204671857,2021-02-18 03:47:02.564655,2021-02-18 03:47:10.466259,0 days 00:00:07.901604,5.7315015166360676e-05,20,0.9928795956085195,0.7861308059173922,0.5205784204671857,,,PRUNED
437,437,0.5,2021-02-18 03:47:10.466565,2021-02-18 03:47:19.993213,0 days 00:00:09.526648,0.018321671069952875,30,0.9939596056017127,0.013406899043252762,0.5,,,PRUNED
438,438,0.439581351094196,2021-02-18 03:47:19.993526,2021-02-18 03:49:03.661141,0 days 00:01:43.667615,2.6683331619820507e-05,60,0.9929497196266726,16.296976450433036,0.6108468125594672,,,COMPLETE
439,439,0.5014272121788773,2021-02-18 03:49:03.661797,2021-02-18 03:49:27.974248,0 days 00:00:24.312451,0.0007048029916678398,20,0.9940856016739523,3.0503988759494485,0.5014272121788773,,,PRUNED
440,440,0.47265625,2021-02-18 03:49:27.974555,2021-02-18 03:49:52.472503,0 days 00:00:24.497948,0.00013816095147528126,30,0.992527758041032,1.4196895583146545,0.55078125,0.47265625,,PRUNED
