,number,value,datetime_start,datetime_complete,duration,params_lr,params_out_dim,params_scheduler_gamma,params_weight_decay,system_attrs_completed_rung_0,system_attrs_completed_rung_1,system_attrs_completed_rung_2,state
326,326,0.310126582278481,2021-02-16 00:21:27.491870,2021-02-16 00:22:23.666922,0 days 00:00:56.175052,0.0012207133961731702,50,0.9971998664101063,3.8095327441262614,0.310126582278481,,,PRUNED
327,327,0.5244122965641953,2021-02-16 00:22:23.667224,2021-02-16 00:23:26.584241,0 days 00:01:02.917017,0.0007555224291863947,80,0.9970454759234009,9.652528586022061,0.6121157323688969,0.5244122965641953,,PRUNED
328,328,0.5280289330922242,2021-02-16 00:23:26.584560,2021-02-16 00:24:01.764785,0 days 00:00:35.180225,0.0002756475401447504,80,0.996181671462371,7.194203382832187,0.5280289330922242,,,PRUNED
329,329,0.41862567811934903,2021-02-16 00:24:01.765237,2021-02-16 00:24:36.299046,0 days 00:00:34.533809,0.0004481955546653945,90,0.9959525219497153,9.990160723344383,0.41862567811934903,,,PRUNED
330,330,0.46835443037974683,2021-02-16 00:24:36.299366,2021-02-16 00:25:39.436336,0 days 00:01:03.136970,0.0008716029944743531,50,0.9983002625865683,4.508833135121952,0.46835443037974683,,,PRUNED
331,331,0.5,2021-02-16 00:25:39.436649,2021-02-16 00:26:11.057830,0 days 00:00:31.621181,0.007164319628985129,80,0.9967107360067802,11.526513748692885,0.5,,,PRUNED
332,332,0.5126582278481012,2021-02-16 00:26:11.058153,2021-02-16 00:28:34.174959,0 days 00:02:23.116806,0.0007228795156156226,60,0.9975396396303219,9.86129996806725,0.5361663652802894,0.5126582278481012,,PRUNED
333,333,0.5316455696202531,2021-02-16 00:28:34.175257,2021-02-16 00:29:35.596761,0 days 00:01:01.421504,0.002499183978638828,60,0.998475905177304,1.4914448518502874,0.5316455696202531,,,PRUNED
334,334,0.4141048824593128,2021-02-16 00:29:35.597067,2021-02-16 00:30:11.658546,0 days 00:00:36.061479,0.0006024966840565786,30,0.996412225369704,5.938882886504148,0.4141048824593128,,,PRUNED
335,335,0.3535262206148282,2021-02-16 00:30:11.658870,2021-02-16 00:31:12.772851,0 days 00:01:01.113981,0.0003834342207726209,40,0.9988479451451436,5.043347446048187,0.3535262206148282,,,PRUNED
336,336,0.41952983725135623,2021-02-16 00:31:12.773158,2021-02-16 00:31:48.262971,0 days 00:00:35.489813,0.0004932773875148829,70,0.9969327063510827,5.48185719786821,0.41952983725135623,,,PRUNED
337,337,0.5334538878842676,2021-02-16 00:31:48.263280,2021-02-16 00:32:50.435459,0 days 00:01:02.172179,0.0006612579838364606,100,0.9973771631743915,4.843251760554708,0.5786618444846293,0.5334538878842676,,PRUNED
338,338,0.5940325497287523,2021-02-16 00:32:50.435751,2021-02-16 00:37:42.383838,0 days 00:04:51.948087,0.00023237210650166494,50,0.9968558722955277,11.15482871683524,0.6292947558770343,0.566003616636528,,COMPLETE
339,339,0.43309222423146476,2021-02-16 00:37:42.384606,2021-02-16 00:40:06.518835,0 days 00:02:24.134229,0.0003309737310859035,70,0.9967715025128415,10.784095624797114,0.5877034358047016,0.5949367088607594,0.43309222423146476,PRUNED
340,340,0.4358047016274864,2021-02-16 00:40:06.519244,2021-02-16 00:40:38.241957,0 days 00:00:31.722713,0.00039705025310665,90,0.9971764077090641,4.374951627330833,0.4358047016274864,,,PRUNED
341,341,0.4231464737793852,2021-02-16 00:40:38.242271,2021-02-16 00:41:14.343723,0 days 00:00:36.101452,3.4737774026713576e-05,50,0.9962690177494458,10.195576096070203,0.4231464737793852,,,PRUNED
342,342,0.44394213381555153,2021-02-16 00:41:14.344032,2021-02-16 00:41:46.709310,0 days 00:00:32.365278,0.0011831554874441646,40,0.9976307634577446,5.353334866038681,0.44394213381555153,,,PRUNED
343,343,0.3508137432188065,2021-02-16 00:41:46.709637,2021-02-16 00:42:49.063535,0 days 00:01:02.353898,0.00022446058730716625,90,0.9955407903425674,11.860885966889352,0.3508137432188065,,,PRUNED
344,344,0.36347197106690776,2021-02-16 00:42:49.063841,2021-02-16 00:43:53.369435,0 days 00:01:04.305594,0.00013245841496488,70,0.9963960548157916,12.807195966712822,0.36347197106690776,,,PRUNED
345,345,0.5216998191681737,2021-02-16 00:43:53.369847,2021-02-16 00:44:56.134843,0 days 00:01:02.764996,5.19166026194114e-05,80,0.9965606153068676,9.283666354229192,0.5406871609403255,0.5216998191681737,,PRUNED
346,346,0.4421338155515371,2021-02-16 00:44:56.135343,2021-02-16 00:49:48.269287,0 days 00:04:52.133944,0.00017362728804521505,50,0.9965917434190867,9.009691189742465,0.6491862567811935,0.5470162748643761,,COMPLETE
347,347,0.5216998191681737,2021-02-16 00:49:48.270668,2021-02-16 00:52:12.472808,0 days 00:02:24.202140,0.00029954714568164714,50,0.9971797264709781,10.36857790673934,0.5343580470162749,0.5216998191681737,,PRUNED
348,348,0.3616636528028933,2021-02-16 00:52:12.473124,2021-02-16 00:52:44.267163,0 days 00:00:31.794039,0.0005359930585607145,100,0.9969598038586234,6.143192990948096,0.3616636528028933,,,PRUNED
349,349,0.4385171790235081,2021-02-16 00:52:44.267612,2021-02-16 00:53:46.807212,0 days 00:01:02.539600,0.00023960174198071223,60,0.9966681202047541,11.187439557683684,0.4385171790235081,,,PRUNED
350,350,0.39783001808318263,2021-02-16 00:53:46.807517,2021-02-16 00:54:22.572078,0 days 00:00:35.764561,4.395882699324984e-05,90,0.9952107714315676,6.9374281451897,0.39783001808318263,,,PRUNED
351,351,0.4394213381555154,2021-02-16 00:54:22.572412,2021-02-16 00:56:46.436016,0 days 00:02:23.863604,0.00018121146260175933,50,0.9965770782407173,9.132629060125275,0.5994575045207957,0.4394213381555154,,PRUNED
352,352,0.42857142857142855,2021-02-16 00:56:46.436341,2021-02-16 00:57:20.079942,0 days 00:00:33.643601,3.274017204330659e-05,100,0.9946367128786772,6.6178271035290575,0.42857142857142855,,,PRUNED
353,353,0.47920433996383366,2021-02-16 00:57:20.080260,2021-02-16 00:57:55.398131,0 days 00:00:35.317871,2.7965081398261667e-05,100,0.9957653963353018,6.546444330761073,0.47920433996383366,,,PRUNED
354,354,0.47739602169981915,2021-02-16 00:57:55.398487,2021-02-16 01:00:20.317889,0 days 00:02:24.919402,3.72817794724573e-05,100,0.9955037762944694,7.391772837875201,0.5605786618444847,0.5497287522603979,0.47739602169981915,PRUNED
355,355,0.527124773960217,2021-02-16 01:00:20.318239,2021-02-16 01:02:43.724105,0 days 00:02:23.405866,3.893185694831351e-05,100,0.9952970605255368,7.368661767392022,0.5632911392405063,0.5714285714285714,0.527124773960217,PRUNED
356,356,0.4864376130198915,2021-02-16 01:02:43.724427,2021-02-16 01:05:06.536907,0 days 00:02:22.812480,2.1375336821612445e-05,40,0.9968887773870398,8.326739354436427,0.5488245931283906,0.4864376130198915,,PRUNED
357,357,0.39059674502712477,2021-02-16 01:05:06.537214,2021-02-16 01:07:30.059275,0 days 00:02:23.522061,0.0005948030390775544,70,0.9989950940387575,0.9066656974481315,0.39059674502712477,,,PRUNED
358,358,0.5370705244122965,2021-02-16 01:07:30.059615,2021-02-16 01:12:21.903594,0 days 00:04:51.843979,0.00018097884989053367,50,0.9925172369082694,3.7794749840956303,0.5732368896925859,,,COMPLETE
359,359,0.4936708860759494,2021-02-16 01:12:21.904326,2021-02-16 01:17:10.688947,0 days 00:04:48.784621,0.0002814089689082978,50,0.9914784863056761,6.797043962838959,0.5587703435804702,,,COMPLETE
360,360,0.4412296564195298,2021-02-16 01:17:10.690013,2021-02-16 01:18:10.052983,0 days 00:00:59.362970,3.8531117489170554e-05,100,0.995429597925311,7.4930031287144505,0.5614828209764918,0.4412296564195298,,PRUNED
361,361,0.4620253164556962,2021-02-16 01:18:10.053308,2021-02-16 01:18:46.542745,0 days 00:00:36.489437,5.136892243248047e-05,100,0.9960954973738537,8.072843647462184,0.4620253164556962,,,PRUNED
362,362,0.4810126582278481,2021-02-16 01:18:46.543061,2021-02-16 01:21:11.060204,0 days 00:02:24.517143,4.201738839262214e-05,100,0.9955818944293781,7.329234257326302,0.5768535262206148,0.5822784810126582,0.4810126582278481,PRUNED
363,363,0.40958408679927666,2021-02-16 01:21:11.060526,2021-02-16 01:23:34.329117,0 days 00:02:23.268591,0.00017449333773014077,30,0.9930048156449872,7.855978167586383,0.40958408679927666,,,PRUNED
364,364,0.4240506329113924,2021-02-16 01:23:34.329437,2021-02-16 01:24:06.384658,0 days 00:00:32.055221,3.0037288447467914e-05,100,0.9956034172438752,8.431240832902798,0.4240506329113924,,,PRUNED
365,365,0.4837251356238698,2021-02-16 01:24:06.384981,2021-02-16 01:24:37.918926,0 days 00:00:31.533945,4.1815356042281505e-05,100,0.9953174739076541,7.447357391091204,0.4837251356238698,,,PRUNED
366,366,0.41229656419529837,2021-02-16 01:24:37.919243,2021-02-16 01:25:13.881011,0 days 00:00:35.961768,6.265514530624517e-05,100,0.9955477636722067,7.033941445463037,0.41229656419529837,,,PRUNED
367,367,0.49909584086799275,2021-02-16 01:25:13.881334,2021-02-16 01:25:46.499009,0 days 00:00:32.617675,4.5180282788942787e-05,100,0.9959404745687387,7.494975035682658,0.49909584086799275,,,PRUNED
368,368,0.48553345388788427,2021-02-16 01:25:46.499326,2021-02-16 01:26:21.980886,0 days 00:00:35.481560,3.822885813723365e-05,100,0.9953798714135399,8.96865678425252,0.48553345388788427,,,PRUNED
369,369,0.4168173598553345,2021-02-16 01:26:21.981210,2021-02-16 01:28:44.130763,0 days 00:02:22.149553,0.0001704823213234272,60,0.9960503987678628,7.541458495811465,0.6301989150090416,0.4168173598553345,,PRUNED
370,370,0.5018083182640145,2021-02-16 01:28:44.131065,2021-02-16 01:29:18.722932,0 days 00:00:34.591867,2.6243566868675473e-05,100,0.9951165934538253,6.782649506280922,0.5018083182640145,,,PRUNED
371,371,0.515370705244123,2021-02-16 01:29:18.723279,2021-02-16 01:29:53.298486,0 days 00:00:34.575207,2.0884403407024096e-05,80,0.996701273346435,7.904886401118563,0.515370705244123,,,PRUNED
372,372,0.4656419529837251,2021-02-16 01:29:53.298839,2021-02-16 01:30:28.324255,0 days 00:00:35.025416,3.2936804708027424e-05,90,0.9972170857214068,5.9031714729689195,0.4656419529837251,,,PRUNED
373,373,0.4918625678119349,2021-02-16 01:30:28.324574,2021-02-16 01:31:02.112690,0 days 00:00:33.788116,5.712175705491726e-05,100,0.9969370007823327,13.255432902687188,0.4918625678119349,,,PRUNED
374,374,0.39059674502712477,2021-02-16 01:31:02.113034,2021-02-16 01:32:01.224297,0 days 00:00:59.111263,0.0004396093921241204,100,0.9955839295451571,7.156593092342944,0.6238698010849909,0.39059674502712477,,PRUNED
375,375,0.4385171790235081,2021-02-16 01:32:01.224622,2021-02-16 01:33:02.902577,0 days 00:01:01.677955,5.432918798528019e-05,50,0.9962212477633433,9.569074544817212,0.4385171790235081,,,PRUNED
376,376,0.5370705244122965,2021-02-16 01:33:02.902911,2021-02-16 01:34:06.118358,0 days 00:01:03.215447,1.478895574590088e-05,30,0.9958581066818086,11.217335781716603,0.5506329113924051,0.5370705244122965,,PRUNED
377,377,0.45207956600361665,2021-02-16 01:34:06.118681,2021-02-16 01:36:30.979210,0 days 00:02:24.860529,0.00022627408039801954,40,0.992647226415386,0.11060202849624723,0.45207956600361665,,,PRUNED
378,378,0.4385171790235081,2021-02-16 01:36:30.979646,2021-02-16 01:37:33.222329,0 days 00:01:02.242683,0.00036504157663123135,60,0.9968239796359194,12.196659585853315,0.4385171790235081,,,PRUNED
379,379,0.49276672694394213,2021-02-16 01:37:33.222697,2021-02-16 01:38:33.718216,0 days 00:01:00.495519,0.00010931596742414659,70,0.9986460105209042,8.942982718521826,0.49276672694394213,,,PRUNED
380,380,0.4837251356238698,2021-02-16 01:38:33.718591,2021-02-16 01:39:06.471048,0 days 00:00:32.752457,5.083266144084377e-05,80,0.9952603996481222,11.912155660119106,0.4837251356238698,,,PRUNED
381,381,0.5226039783001808,2021-02-16 01:39:06.471400,2021-02-16 01:39:41.838452,0 days 00:00:35.367052,1.8421682339830473e-05,100,0.9964153582027485,6.335659534857607,0.5226039783001808,,,PRUNED
382,382,0.6075949367088608,2021-02-16 01:39:41.838802,2021-02-16 01:44:33.085440,0 days 00:04:51.246638,0.00010068371823875113,60,0.9917237164522127,3.758783786196598,0.5506329113924051,,,COMPLETE
383,383,0.47106690777576854,2021-02-16 01:44:33.086145,2021-02-16 01:45:33.963987,0 days 00:01:00.877842,0.00031559373009485325,60,0.9958111493583536,7.858276023688753,0.47106690777576854,,,PRUNED
384,384,0.4132007233273056,2021-02-16 01:45:33.964308,2021-02-16 01:46:09.620569,0 days 00:00:35.656261,4.3339922407040824e-05,80,0.994796926131162,7.728134432966523,0.4132007233273056,,,PRUNED
385,385,0.4204339963833635,2021-02-16 01:46:09.620903,2021-02-16 01:47:11.232571,0 days 00:01:01.611668,0.0002603433203706067,50,0.9951361003814303,3.424532188104362,0.4204339963833635,,,PRUNED
386,386,0.5244122965641953,2021-02-16 01:47:11.232916,2021-02-16 01:47:42.822332,0 days 00:00:31.589416,0.00036521243038238827,50,0.9949114252126565,5.007922768771803,0.5244122965641953,,,PRUNED
387,387,0.49819168173598555,2021-02-16 01:47:42.822696,2021-02-16 01:48:44.810551,0 days 00:01:01.987855,0.0004888141089052958,60,0.9950359583791172,4.234765338367899,0.6175406871609403,0.49819168173598555,,PRUNED
388,388,0.47649186256781195,2021-02-16 01:48:44.810879,2021-02-16 01:51:08.524845,0 days 00:02:23.713966,0.00010252849663993838,50,0.9912628753335672,2.33157437936767,0.47649186256781195,,,PRUNED
389,389,0.5262206148282098,2021-02-16 01:51:08.525168,2021-02-16 01:52:12.377048,0 days 00:01:03.851880,0.0004942088387458695,50,0.9974042163628244,3.928000280954211,0.5262206148282098,,,PRUNED
390,390,0.5135623869801085,2021-02-16 01:52:12.377378,2021-02-16 01:52:45.325335,0 days 00:00:32.947957,3.5314195658311744e-05,70,0.9950582874912501,5.5848006928338885,0.5135623869801085,,,PRUNED
391,391,0.45207956600361665,2021-02-16 01:52:45.325757,2021-02-16 01:53:45.280513,0 days 00:00:59.954756,0.0006528663540147973,40,0.9981438974926965,8.478184425635686,0.45207956600361665,,,PRUNED
392,392,0.3806509945750452,2021-02-16 01:53:45.280858,2021-02-16 01:54:21.270312,0 days 00:00:35.989454,0.000628751047343285,100,0.9954151378536493,13.87583139436901,0.3806509945750452,,,PRUNED
393,393,0.4204339963833635,2021-02-16 01:54:21.270653,2021-02-16 01:56:44.265594,0 days 00:02:22.994941,0.0004073801274133215,80,0.9965383342673286,17.32429070984164,0.5913200723327305,0.5560578661844484,0.4204339963833635,PRUNED
394,394,0.4837251356238698,2021-02-16 01:56:44.265909,2021-02-16 01:57:45.398751,0 days 00:01:01.132842,0.00021080936314916873,60,0.9978391844423422,10.955925622007607,0.4837251356238698,,,PRUNED
395,395,0.49909584086799275,2021-02-16 01:57:45.399219,2021-02-16 01:58:20.249274,0 days 00:00:34.850055,0.0007977194316953301,100,0.996813617594735,5.264985321624544,0.49909584086799275,,,PRUNED
396,396,0.3752260397830018,2021-02-16 01:58:20.249630,2021-02-16 01:58:54.361804,0 days 00:00:34.112174,0.000563073651357366,90,0.9974649256588748,4.6555468171137075,0.3752260397830018,,,PRUNED
397,397,0.5099457504520796,2021-02-16 01:58:54.362147,2021-02-16 01:59:29.455738,0 days 00:00:35.093591,2.9274748103656783e-05,80,0.9952404513213146,12.262535135881496,0.5099457504520796,,,PRUNED
398,398,0.4566003616636528,2021-02-16 01:59:29.456084,2021-02-16 02:00:31.311310,0 days 00:01:01.855226,0.0013612278656409103,50,0.993006275200546,2.8702173908257667,0.4566003616636528,,,PRUNED
399,399,0.4620253164556962,2021-02-16 02:00:31.311647,2021-02-16 02:01:32.404112,0 days 00:01:01.092465,0.0018656752118039824,30,0.9945909017838368,9.655839325245207,0.4620253164556962,,,PRUNED
400,400,0.538878842676311,2021-02-16 02:01:32.404451,2021-02-16 02:02:34.181935,0 days 00:01:01.777484,3.819929767046417e-05,60,0.9971036919483156,10.011127871205902,0.5614828209764918,0.538878842676311,,PRUNED
401,401,0.4159132007233273,2021-02-16 02:02:34.182423,2021-02-16 02:03:33.377803,0 days 00:00:59.195380,3.398675192342136e-05,100,0.99575945257445,6.711605553762862,0.5397830018083183,0.4159132007233273,,PRUNED
402,402,0.41952983725135623,2021-02-16 02:03:33.378172,2021-02-16 02:04:09.500331,0 days 00:00:36.122159,2.2872364009138665e-05,100,0.9956433979929383,6.172784682059586,0.41952983725135623,,,PRUNED
403,403,0.35804701627486435,2021-02-16 02:04:09.500658,2021-02-16 02:04:41.082725,0 days 00:00:31.582067,4.402163146366632e-05,100,0.9959970844524155,7.064732077987156,0.35804701627486435,,,PRUNED
404,404,0.5135623869801085,2021-02-16 02:04:41.083067,2021-02-16 02:05:17.229120,0 days 00:00:36.146053,0.00046318650393516235,100,0.9955578347686818,5.833826873918051,0.5135623869801085,,,PRUNED
405,405,0.3960216998191682,2021-02-16 02:05:17.229645,2021-02-16 02:05:49.314312,0 days 00:00:32.084667,3.569520819388298e-05,100,0.9967089824121966,7.292972197472879,0.3960216998191682,,,PRUNED
406,406,0.5198915009041591,2021-02-16 02:05:49.314683,2021-02-16 02:10:40.758148,0 days 00:04:51.443465,6.462410014907916e-05,30,0.9969532670118227,10.589141586634234,0.6365280289330922,0.5822784810126582,0.5678119349005425,COMPLETE
407,407,0.4321880650994575,2021-02-16 02:10:40.758858,2021-02-16 02:11:16.746067,0 days 00:00:35.987209,6.818659610711484e-05,30,0.9969770737955953,10.56775127224943,0.4321880650994575,,,PRUNED
408,408,0.5072332730560579,2021-02-16 02:11:16.746403,2021-02-16 02:11:49.478961,0 days 00:00:32.732558,5.9004059081880494e-05,30,0.9968565427047068,11.06415584874363,0.5072332730560579,,,PRUNED
409,409,0.5162748643761302,2021-02-16 02:11:49.479295,2021-02-16 02:12:25.231709,0 days 00:00:35.752414,5.1089537848752106e-05,30,0.9973311052158558,11.536862751045428,0.5162748643761302,,,PRUNED
410,410,0.4783001808318264,2021-02-16 02:12:25.232044,2021-02-16 02:13:25.491010,0 days 00:01:00.258966,0.00026579512030522746,90,0.9969541157125659,2.5093816448082102,0.4783001808318264,,,PRUNED
411,411,0.3471971066907776,2021-02-16 02:13:25.491332,2021-02-16 02:14:25.484035,0 days 00:00:59.992703,0.0010025167124028246,50,0.9975925664374762,10.253173369065683,0.3471971066907776,,,PRUNED
412,412,0.5207956600361664,2021-02-16 02:14:25.484388,2021-02-16 02:16:48.248764,0 days 00:02:22.764376,0.0003315382053813446,30,0.9970795966591318,10.23126296880816,0.6030741410488246,0.5804701627486437,0.5207956600361664,PRUNED
413,413,0.445750452079566,2021-02-16 02:16:48.249100,2021-02-16 02:19:11.273196,0 days 00:02:23.024096,0.00017442384093760665,60,0.9910925742711811,3.786196949284342,0.445750452079566,,,PRUNED
414,414,0.42766726943942135,2021-02-16 02:19:11.273578,2021-02-16 02:20:14.670819,0 days 00:01:03.397241,0.00040199782077785434,80,0.9980326216892418,4.824498722678032,0.42766726943942135,,,PRUNED
415,415,0.4077757685352622,2021-02-16 02:20:14.671155,2021-02-16 02:25:05.121111,0 days 00:04:50.449956,7.45487885184029e-05,60,0.9982884560989577,4.41840512500294,0.6193490054249547,0.581374321880651,,COMPLETE
416,416,0.5343580470162749,2021-02-16 02:25:05.121823,2021-02-16 02:25:40.585857,0 days 00:00:35.464034,0.00038540947838869186,30,0.9971378405995593,10.227495088633862,0.5343580470162749,,,PRUNED
417,417,0.5298372513562387,2021-02-16 02:25:40.586197,2021-02-16 02:26:14.992025,0 days 00:00:34.405828,0.0002440192546233993,30,0.9970679463751724,9.518622175868343,0.5298372513562387,,,PRUNED
418,418,0.5036166365280289,2021-02-16 02:26:14.992381,2021-02-16 02:27:12.705247,0 days 00:00:57.712866,4.997962471636079e-05,60,0.9983140134253345,4.245300624919988,0.5036166365280289,,,PRUNED
419,419,0.45207956600361665,2021-02-16 02:27:12.705759,2021-02-16 02:28:12.981975,0 days 00:01:00.276216,0.00028783418780011004,30,0.9985618870549955,10.856410717277901,0.5560578661844484,0.45207956600361665,,PRUNED
420,420,0.5497287522603979,2021-02-16 02:28:12.982314,2021-02-16 02:33:01.852262,0 days 00:04:48.869948,4.7859277353129826e-05,70,0.9920936256167346,5.602657014237524,0.5397830018083183,,,COMPLETE
421,421,0.36980108499095843,2021-02-16 02:33:01.852972,2021-02-16 02:34:04.450621,0 days 00:01:02.597649,1.3371060112088643e-05,60,0.9985142297264666,3.507359601637604,0.36980108499095843,,,PRUNED
422,422,0.49005424954792043,2021-02-16 02:34:04.450948,2021-02-16 02:34:39.532495,0 days 00:00:35.081547,0.00033214895169482347,30,0.996684974927932,10.52050202526425,0.49005424954792043,,,PRUNED
423,423,0.41952983725135623,2021-02-16 02:34:39.532847,2021-02-16 02:37:02.230276,0 days 00:02:22.697429,0.0005272219929867615,30,0.9973538909291458,9.950908433975712,0.6112115732368897,0.5551537070524413,0.41952983725135623,PRUNED
424,424,0.3535262206148282,2021-02-16 02:37:02.230631,2021-02-16 02:41:52.935443,0 days 00:04:50.704812,8.486817037241298e-05,30,0.9969467065304224,10.354983693919296,0.6401446654611211,0.6546112115732369,0.6247739602169982,COMPLETE
425,425,0.43309222423146476,2021-02-16 02:41:52.936717,2021-02-16 02:42:28.085775,0 days 00:00:35.149058,7.856441380244499e-05,30,0.9969040380179717,10.56016744642731,0.43309222423146476,,,PRUNED
426,426,0.5099457504520796,2021-02-16 02:42:28.086146,2021-02-16 02:44:51.982875,0 days 00:02:23.896729,7.338035206593654e-05,70,0.9989943312383888,4.708452225064308,0.5479204339963833,0.5099457504520796,,PRUNED
427,427,0.43399638336347196,2021-02-16 02:44:51.983210,2021-02-16 02:45:53.548051,0 days 00:01:01.564841,8.814477736218228e-05,40,0.9965574084925167,9.601430881166623,0.5551537070524413,0.43399638336347196,,PRUNED
428,428,0.3996383363471971,2021-02-16 02:45:53.548394,2021-02-16 02:46:54.547992,0 days 00:01:00.999598,9.655066292558095e-05,50,0.998289307125782,5.28908984244009,0.3996383363471971,,,PRUNED
429,429,0.48010849909584086,2021-02-16 02:46:54.548363,2021-02-16 02:47:27.316618,0 days 00:00:32.768255,4.5009724971580065e-05,30,0.997059803187491,10.91891400852486,0.48010849909584086,,,PRUNED
430,430,0.3535262206148282,2021-02-16 02:47:27.316957,2021-02-16 02:49:51.747068,0 days 00:02:24.430111,6.31723808511379e-05,30,0.9968014109472265,10.285801211687334,0.546112115732369,0.6528028933092225,0.3535262206148282,PRUNED
431,431,0.5045207956600362,2021-02-16 02:49:51.747389,2021-02-16 02:52:15.461094,0 days 00:02:23.713705,4.1957026257252386e-05,90,0.9919737381440248,5.825950500055329,0.5045207956600362,,,PRUNED
432,432,0.4602169981916817,2021-02-16 02:52:15.461429,2021-02-16 02:52:50.708513,0 days 00:00:35.247084,5.6717683093183715e-05,20,0.9972564902835078,9.887200201126266,0.4602169981916817,,,PRUNED
