,number,value,datetime_start,datetime_complete,duration,params_lr,params_scheduler_gamma,params_weight_decay,state
2767,2767,0.5302611367127497,2021-02-07 08:33:26.525285,2021-02-07 08:33:37.548348,0 days 00:00:11.023063,0.08327144754087293,0.9726662781482901,0.13944360776382933,COMPLETE
2768,2768,0.46021505376344085,2021-02-07 08:33:37.549848,2021-02-07 08:33:58.336319,0 days 00:00:20.786471,0.09502147718345028,0.9703967566172466,0.14046496588859256,COMPLETE
2769,2769,0.5824884792626728,2021-02-07 08:33:58.337855,2021-02-07 08:34:09.136144,0 days 00:00:10.798289,0.09552686222382006,0.9741947093940075,0.22410773814275017,COMPLETE
2770,2770,0.42334869431643624,2021-02-07 08:34:09.137656,2021-02-07 08:34:25.013838,0 days 00:00:15.876182,0.07739690121687767,0.9706353102234795,0.13258194691177672,COMPLETE
2771,2771,0.5026113671274962,2021-02-07 08:34:25.015371,2021-02-07 08:34:41.039825,0 days 00:00:16.024454,0.07615419993044518,0.9694123082251304,0.021820461732604456,COMPLETE
2772,2772,0.5259600614439324,2021-02-07 08:34:41.041336,2021-02-07 08:34:52.074564,0 days 00:00:11.033228,0.0993317927221648,0.9419794752109785,0.15614102495875734,COMPLETE
2773,2773,0.5225806451612903,2021-02-07 08:34:52.076088,2021-02-07 08:35:07.836249,0 days 00:00:15.760161,0.08873773498401755,0.9764925409808893,0.1486974523381685,COMPLETE
2774,2774,0.5483870967741935,2021-02-07 08:35:07.837784,2021-02-07 08:35:24.367141,0 days 00:00:16.529357,0.0958732595227442,0.9348429225617467,0.15922401614099926,COMPLETE
2775,2775,0.5582181259600615,2021-02-07 08:35:24.368655,2021-02-07 08:35:35.455672,0 days 00:00:11.087017,0.08979265834876776,0.973405006789138,0.1462535221224664,COMPLETE
2776,2776,0.5182795698924731,2021-02-07 08:35:35.457192,2021-02-07 08:35:51.412380,0 days 00:00:15.955188,0.08751149430585727,0.9717825541456551,0.1542862898156098,COMPLETE
2777,2777,0.5511520737327189,2021-02-07 08:35:51.413884,2021-02-07 08:36:02.328605,0 days 00:00:10.914721,0.09627691173301894,0.9688762278716849,0.20110205795512123,COMPLETE
2778,2778,0.5692780337941629,2021-02-07 08:36:02.330138,2021-02-07 08:36:13.514433,0 days 00:00:11.184295,0.08208019029926861,0.9748356590744689,0.12855140832672643,COMPLETE
2779,2779,0.5717357910906298,2021-02-07 08:36:13.515973,2021-02-07 08:36:24.173387,0 days 00:00:10.657414,0.09494800754435466,0.9706402381587378,0.17724516572510232,COMPLETE
2780,2780,0.5769585253456221,2021-02-07 08:36:24.174908,2021-02-07 08:36:45.254097,0 days 00:00:21.079189,0.07479456314781531,0.97291662718159,0.31543278699757477,COMPLETE
2781,2781,0.5941628264208909,2021-02-07 08:36:45.255649,2021-02-07 08:37:01.130615,0 days 00:00:15.874966,0.07185867367434375,0.9382336187736512,0.1617060010686116,COMPLETE
2782,2782,0.5548387096774193,2021-02-07 08:37:01.132135,2021-02-07 08:37:12.434224,0 days 00:00:11.302089,0.08381114848015683,0.9704954711354126,0.19130117019154183,COMPLETE
2783,2783,0.581874039938556,2021-02-07 08:37:12.435742,2021-02-07 08:37:33.453556,0 days 00:00:21.017814,0.06586661426406823,0.9713973029439955,0.2939585584146105,COMPLETE
2784,2784,0.44516129032258067,2021-02-07 08:37:33.455077,2021-02-07 08:37:59.714960,0 days 00:00:26.259883,0.0001216260512436707,0.9724951003021503,0.16225147191788672,COMPLETE
2785,2785,0.4728110599078341,2021-02-07 08:37:59.716480,2021-02-07 08:38:10.821479,0 days 00:00:11.104999,0.0657089261611071,0.9744279000918268,0.25922047840166434,COMPLETE
2786,2786,0.5216589861751152,2021-02-07 08:38:10.823019,2021-02-07 08:38:26.740759,0 days 00:00:15.917740,0.09858728419738044,0.9580613626665743,0.2314627784784834,COMPLETE
2787,2787,0.5643625192012289,2021-02-07 08:38:26.742291,2021-02-07 08:38:42.900601,0 days 00:00:16.158310,0.08151147085079449,0.9690976589791328,0.12466537278513298,COMPLETE
2788,2788,0.528110599078341,2021-02-07 08:38:42.902122,2021-02-07 08:38:54.058222,0 days 00:00:11.156100,0.09430310825432019,0.9691473480757935,0.20952582250071056,COMPLETE
2789,2789,0.5182795698924731,2021-02-07 08:38:54.059743,2021-02-07 08:39:05.153618,0 days 00:00:11.093875,0.0709081829443847,0.9703461581089717,0.2514257560098397,COMPLETE
2790,2790,0.5302611367127497,2021-02-07 08:39:05.155157,2021-02-07 08:39:16.221959,0 days 00:00:11.066802,0.09890753542216824,0.9705617152877504,0.17231717326775467,COMPLETE
2791,2791,0.5880184331797235,2021-02-07 08:39:16.223472,2021-02-07 08:39:32.389677,0 days 00:00:16.166205,0.07600770977956992,0.9729647452954284,0.14504838590319097,COMPLETE
2792,2792,0.5748079877112136,2021-02-07 08:39:32.391210,2021-02-07 08:39:48.374454,0 days 00:00:15.983244,0.06321730184968113,0.9767865858646525,0.1554383399018035,COMPLETE
2793,2793,0.5714285714285714,2021-02-07 08:39:48.375987,2021-02-07 08:39:59.498433,0 days 00:00:11.122446,0.09923259723635608,0.9477955375927684,0.17067244473269266,COMPLETE
2794,2794,0.49585253456221196,2021-02-07 08:39:59.499963,2021-02-07 08:40:15.689034,0 days 00:00:16.189071,0.06479947216915051,0.9712562184983596,0.2834550164614306,COMPLETE
2795,2795,0.5216589861751152,2021-02-07 08:40:15.690567,2021-02-07 08:40:31.820965,0 days 00:00:16.130398,0.0983374487658697,0.9847957360257616,0.15088415737366567,COMPLETE
2796,2796,0.5195084485407067,2021-02-07 08:40:31.822482,2021-02-07 08:40:52.788049,0 days 00:00:20.965567,0.01717857514749698,0.9687728252695051,0.16568347226465954,COMPLETE
2797,2797,0.6184331797235023,2021-02-07 08:40:52.789572,2021-02-07 08:41:03.707137,0 days 00:00:10.917565,0.08190876970899212,0.9790329770634034,0.19109405272102564,COMPLETE
2798,2798,0.5317972350230414,2021-02-07 08:41:03.708669,2021-02-07 08:41:14.477032,0 days 00:00:10.768363,0.06241919133982179,0.9725674167810109,0.3108898474505991,COMPLETE
2799,2799,0.543778801843318,2021-02-07 08:41:14.478551,2021-02-07 08:41:30.482148,0 days 00:00:16.003597,0.05543134865409667,0.9687878269420932,0.26605282249384477,COMPLETE
2800,2800,0.5877112135176651,2021-02-07 08:41:30.483691,2021-02-07 08:41:41.721516,0 days 00:00:11.237825,0.08214774926714793,0.9754155986930311,0.16467609708519937,COMPLETE
2801,2801,0.5606758832565284,2021-02-07 08:41:41.723066,2021-02-07 08:41:52.401688,0 days 00:00:10.678622,0.07023435141874354,0.971424475135064,0.22114933877134682,COMPLETE
2802,2802,0.6089093701996928,2021-02-07 08:41:52.403231,2021-02-07 08:42:08.638349,0 days 00:00:16.235118,0.01968597498566213,0.9601740050196828,0.13562342982383657,COMPLETE
2803,2803,0.5471582181259601,2021-02-07 08:42:08.639877,2021-02-07 08:42:24.544664,0 days 00:00:15.904787,0.0995581579683936,0.9456992299480845,0.15214549535985647,COMPLETE
2804,2804,0.6082949308755761,2021-02-07 08:42:24.546181,2021-02-07 08:42:41.057587,0 days 00:00:16.511406,0.021309877920614218,0.9688442072168985,0.17072893248376408,COMPLETE
2805,2805,0.480184331797235,2021-02-07 08:42:41.059121,2021-02-07 08:42:51.920268,0 days 00:00:10.861147,0.07892469394855041,0.9735763836288792,0.15754937198297855,COMPLETE
2806,2806,0.5858678955453149,2021-02-07 08:42:51.921802,2021-02-07 08:43:03.074586,0 days 00:00:11.152784,0.06018226158954109,0.9701521984885634,0.2431275609173645,COMPLETE
2807,2807,0.5990783410138248,2021-02-07 08:43:03.076119,2021-02-07 08:43:19.244794,0 days 00:00:16.168675,0.057965112249042126,0.9757613622898389,0.17605177514227374,COMPLETE
2808,2808,0.47250384024577574,2021-02-07 08:43:19.246332,2021-02-07 08:43:30.053031,0 days 00:00:10.806699,0.05034719189317971,0.969770510846264,0.0188955151816681,COMPLETE
2809,2809,0.5723502304147465,2021-02-07 08:43:30.054549,2021-02-07 08:43:40.874965,0 days 00:00:10.820416,0.07158347304949912,0.9677932806129129,0.19661796863866884,COMPLETE
2810,2810,0.5533026113671276,2021-02-07 08:43:40.876496,2021-02-07 08:43:56.598444,0 days 00:00:15.721948,0.04719420481579352,0.9718226560513444,0.27707680845863236,COMPLETE
2811,2811,0.5763440860215053,2021-02-07 08:43:56.600047,2021-02-07 08:44:17.438515,0 days 00:00:20.838468,0.05801137864851147,0.9432634691047771,0.1470790850471119,COMPLETE
2812,2812,0.5824884792626728,2021-02-07 08:44:17.440049,2021-02-07 08:44:34.022430,0 days 00:00:16.582381,0.048693325875740066,0.9695520361221858,0.24148997836420658,COMPLETE
2813,2813,0.5874039938556067,2021-02-07 08:44:34.023986,2021-02-07 08:44:45.055012,0 days 00:00:11.031026,0.09781936163877494,0.9732118100337824,0.2925970807493397,COMPLETE
2814,2814,0.6043010752688172,2021-02-07 08:44:45.056533,2021-02-07 08:44:56.080176,0 days 00:00:11.023643,0.023074141032648772,0.9675457330142766,0.13716896627101346,COMPLETE
2815,2815,0.5582181259600615,2021-02-07 08:44:56.081703,2021-02-07 08:45:11.951424,0 days 00:00:15.869721,0.09945386720350576,0.9702868414468865,0.026921323707726607,COMPLETE
2816,2816,0.5563748079877112,2021-02-07 08:45:11.952951,2021-02-07 08:45:27.458588,0 days 00:00:15.505637,0.05206450911202104,0.9676827244032853,0.23326838302442673,COMPLETE
2817,2817,0.5969278033794163,2021-02-07 08:45:27.460130,2021-02-07 08:45:38.531243,0 days 00:00:11.071113,0.0007178364617618899,0.9735086939086133,0.21919236711837328,COMPLETE
2818,2818,0.5324116743471582,2021-02-07 08:45:38.532785,2021-02-07 08:45:54.454745,0 days 00:00:15.921960,0.013951191535571792,0.9713393695558534,0.17448624982605512,COMPLETE
2819,2819,0.535483870967742,2021-02-07 08:45:54.456263,2021-02-07 08:46:10.763136,0 days 00:00:16.306873,0.047712108680146394,0.9695194049736366,0.26578819721622304,COMPLETE
2820,2820,0.506605222734255,2021-02-07 08:46:10.764675,2021-02-07 08:46:26.808955,0 days 00:00:16.044280,0.07200230025476799,0.9701510446929744,0.1900163409702433,COMPLETE
2821,2821,0.589247311827957,2021-02-07 08:46:26.810489,2021-02-07 08:46:43.043936,0 days 00:00:16.233447,0.02597144339965865,0.9360627394103262,0.16329935907469056,COMPLETE
2822,2822,0.6129032258064516,2021-02-07 08:46:43.045471,2021-02-07 08:46:58.855067,0 days 00:00:15.809596,0.07511081314955625,0.9715864937911074,0.3299914404882549,COMPLETE
2823,2823,0.5708141321044546,2021-02-07 08:46:58.856613,2021-02-07 08:47:10.156204,0 days 00:00:11.299591,0.06379982930178603,0.968949059317378,0.20854415217498967,COMPLETE
2824,2824,0.5133640552995392,2021-02-07 08:47:10.157730,2021-02-07 08:47:21.099166,0 days 00:00:10.941436,0.05524870506108131,0.9374425811712026,0.30266771299848944,COMPLETE
2825,2825,0.5745007680491552,2021-02-07 08:47:21.100685,2021-02-07 08:47:37.043117,0 days 00:00:15.942432,0.09882733699109776,0.9398270396843597,0.24885786185211467,COMPLETE
2826,2826,0.5726574500768049,2021-02-07 08:47:37.044662,2021-02-07 08:47:58.141423,0 days 00:00:21.096761,0.018486000380447593,0.9673513522297007,0.20657021742507492,COMPLETE
2827,2827,0.591705069124424,2021-02-07 08:47:58.142970,2021-02-07 08:48:13.937610,0 days 00:00:15.794640,0.04939578360213865,0.9384193286768066,0.01222248742712628,COMPLETE
2828,2828,0.571121351766513,2021-02-07 08:48:13.939147,2021-02-07 08:48:29.628830,0 days 00:00:15.689683,0.08236942099652536,0.9564165186722907,0.02071521123729674,COMPLETE
2829,2829,0.5360983102918587,2021-02-07 08:48:29.631476,2021-02-07 08:48:45.841654,0 days 00:00:16.210178,0.042273755535327764,0.9337843962578415,0.27922333408630134,COMPLETE
2830,2830,0.49554531490015363,2021-02-07 08:48:45.843190,2021-02-07 08:49:02.049315,0 days 00:00:16.206125,0.07097209159573886,0.9715319780495837,0.1813000039939076,COMPLETE
2831,2831,0.5708141321044546,2021-02-07 08:49:02.050865,2021-02-07 08:49:12.979607,0 days 00:00:10.928742,0.060583558068202405,0.958677186362274,0.19580907385301538,COMPLETE
2832,2832,0.5407066052227343,2021-02-07 08:49:12.981132,2021-02-07 08:49:29.036729,0 days 00:00:16.055597,0.015060809818882994,0.9683043422449057,0.2217049085883855,COMPLETE
2833,2833,0.4823348694316436,2021-02-07 08:49:29.038264,2021-02-07 08:49:45.245593,0 days 00:00:16.207329,0.0992325194058445,0.940027702272367,0.25014179320334373,COMPLETE
2834,2834,0.6,2021-02-07 08:49:45.247134,2021-02-07 08:50:01.381527,0 days 00:00:16.134393,0.024948533556662954,0.9748434870674371,0.15755376766265614,COMPLETE
