,number,value,datetime_start,datetime_complete,duration,params_lr,params_nl2,params_num_ct,params_scheduler_gamma,params_sigma2,params_weight_decay,state
1616,1616,,2021-02-08 21:39:32.077567,2021-02-08 21:39:32.711801,0 days 00:00:00.634234,0.004335358176445048,9,0,0.983618122385765,18,0.06456763820207012,FAIL
1617,1617,,2021-02-08 21:39:32.713161,2021-02-08 21:39:33.379746,0 days 00:00:00.666585,0.004910224054998685,9,0,0.9819998833895156,18,0.05396492110666043,FAIL
1618,1618,,2021-02-08 21:39:33.380559,2021-02-08 21:39:34.025005,0 days 00:00:00.644446,0.004530129516904029,9,0,0.9838856946854868,18,0.06721683570187194,FAIL
1619,1619,,2021-02-08 21:39:34.025801,2021-02-08 21:39:34.669555,0 days 00:00:00.643754,0.01265597577186898,9,0,0.9829825411505081,18,0.038239552324303955,FAIL
1620,1620,,2021-02-08 21:39:34.670354,2021-02-08 21:39:35.331743,0 days 00:00:00.661389,0.014767990254471342,9,0,0.982521220710577,18,0.0667642534493046,FAIL
1621,1621,,2021-02-08 21:39:35.332535,2021-02-08 21:39:35.986417,0 days 00:00:00.653882,0.0016418965537229986,9,0,0.984314637312292,18,0.039843548351203156,FAIL
1622,1622,,2021-02-08 21:39:35.987215,2021-02-08 21:39:36.640060,0 days 00:00:00.652845,0.004747377013925952,9,0,0.9817791590184629,18,0.05369478935583849,FAIL
1623,1623,,2021-02-08 21:39:36.640864,2021-02-08 21:39:37.422073,0 days 00:00:00.781209,0.0016554792034218118,9,0,0.9838727952598016,18,0.06556648217922052,FAIL
1624,1624,,2021-02-08 21:39:37.422868,2021-02-08 21:39:38.084930,0 days 00:00:00.662062,0.0043089300051319555,9,0,0.9829903311782253,18,0.06779805488368286,FAIL
1625,1625,,2021-02-08 21:39:38.085706,2021-02-08 21:39:38.725123,0 days 00:00:00.639417,0.0038570335687449233,9,0,0.9824242454162186,18,0.06755318851082744,FAIL
1626,1626,,2021-02-08 21:39:38.726508,2021-02-08 21:39:39.427857,0 days 00:00:00.701349,0.011100846928918499,9,0,0.983251326572485,18,0.05307542369925461,FAIL
1627,1627,,2021-02-08 21:39:39.428666,2021-02-08 21:39:40.075677,0 days 00:00:00.647011,0.01077301975990992,9,0,0.984286413595173,18,0.052115317142490895,FAIL
1628,1628,,2021-02-08 21:39:40.077018,2021-02-08 21:39:40.754483,0 days 00:00:00.677465,0.0015221757185840696,9,0,0.9839020124766792,18,0.053908037467124685,FAIL
1629,1629,,2021-02-08 21:39:40.755862,2021-02-08 21:39:41.446034,0 days 00:00:00.690172,0.012874057578064958,9,0,0.9835936013629805,18,0.04123846387392361,FAIL
1630,1630,,2021-02-08 21:39:41.447405,2021-02-08 21:39:42.127484,0 days 00:00:00.680079,0.004313365673001534,9,0,0.9847256917034276,18,0.052780003565422604,FAIL
1631,1631,,2021-02-08 21:39:42.128791,2021-02-08 21:39:42.901363,0 days 00:00:00.772572,0.0015720978055444286,9,0,0.9841720988947907,18,0.06947976791303712,FAIL
1632,1632,,2021-02-08 21:39:42.902136,2021-02-08 21:39:43.567285,0 days 00:00:00.665149,0.0015579699237994456,9,0,0.9842548205162635,18,0.03750467329808571,FAIL
1633,1633,,2021-02-08 21:39:43.568658,2021-02-08 21:39:44.240685,0 days 00:00:00.672027,0.004528551582407528,9,0,0.9850434841938598,18,0.06495438362974928,FAIL
1634,1634,,2021-02-08 21:39:44.241519,2021-02-08 21:39:44.895760,0 days 00:00:00.654241,0.0009429252038644902,9,0,0.9836257614703171,18,0.06731055851191958,FAIL
1635,1635,,2021-02-08 21:39:44.897105,2021-02-08 21:39:45.569835,0 days 00:00:00.672730,0.004852771292569521,9,0,0.9836189141452588,18,0.05315069567250067,FAIL
1636,1636,,2021-02-08 21:39:45.571191,2021-02-08 21:39:46.239464,0 days 00:00:00.668273,0.004520873462813208,9,0,0.9833725829303476,18,0.06785285224067861,FAIL
1637,1637,,2021-02-08 21:39:46.240776,2021-02-08 21:39:46.897199,0 days 00:00:00.656423,0.004840787679226742,9,0,0.9898543686711763,18,0.06815690069428838,FAIL
1638,1638,,2021-02-08 21:39:46.898566,2021-02-08 21:39:47.562750,0 days 00:00:00.664184,0.0014784434643227897,9,0,0.9840177689704825,18,0.06600917078554416,FAIL
1639,1639,,2021-02-08 21:39:47.564108,2021-02-08 21:39:48.379096,0 days 00:00:00.814988,0.011738737704333903,9,0,0.9832374942401986,18,0.05216324845005525,FAIL
1640,1640,,2021-02-08 21:39:48.379992,2021-02-08 21:39:49.028756,0 days 00:00:00.648764,0.013734640959667026,9,0,0.9850467034714573,18,0.06705455034850792,FAIL
1641,1641,,2021-02-08 21:39:49.029671,2021-02-08 21:39:49.680147,0 days 00:00:00.650476,0.0015096314176839877,9,0,0.9834830243447339,18,0.040602211044432894,FAIL
1642,1642,,2021-02-08 21:39:49.681497,2021-02-08 21:39:50.378718,0 days 00:00:00.697221,0.004251027602208632,9,0,0.9831538525353742,18,0.06913969505240683,FAIL
1643,1643,,2021-02-08 21:39:50.380089,2021-02-08 21:39:51.060553,0 days 00:00:00.680464,0.0016744324986826137,9,0,0.9832611560801064,18,0.05161699985590544,FAIL
1644,1644,,2021-02-08 21:39:51.061855,2021-02-08 21:39:51.730780,0 days 00:00:00.668925,0.004525939503201181,9,0,0.9844261581295666,18,0.052294948567355344,FAIL
1645,1645,,2021-02-08 21:39:51.732156,2021-02-08 21:39:52.402074,0 days 00:00:00.669918,0.010902121391347238,9,0,0.9836894792902513,18,0.07056832900219172,FAIL
1646,1646,,2021-02-08 21:39:52.403463,2021-02-08 21:39:53.097967,0 days 00:00:00.694504,0.009532483466004243,9,0,0.9833696905055657,18,0.06616042533051952,FAIL
1647,1647,,2021-02-08 21:39:53.099341,2021-02-08 21:39:53.926244,0 days 00:00:00.826903,0.010427388195209972,9,0,0.9839266764961415,18,0.04024091373735621,FAIL
1648,1648,,2021-02-08 21:39:53.927094,2021-02-08 21:39:54.599579,0 days 00:00:00.672485,0.010616053981877788,9,0,0.9834241607400985,18,0.06465299964891777,FAIL
1649,1649,,2021-02-08 21:39:54.600396,2021-02-08 21:39:55.254855,0 days 00:00:00.654459,0.0018104283670693005,9,0,0.9837753462197012,18,0.05047872589150444,FAIL
1650,1650,,2021-02-08 21:39:55.256148,2021-02-08 21:39:55.903337,0 days 00:00:00.647189,0.0015002730545684605,9,0,0.9830849850630363,18,0.037750066898109294,FAIL
1651,1651,,2021-02-08 21:39:55.904120,2021-02-08 21:39:56.537493,0 days 00:00:00.633373,0.0008588912434584626,9,0,0.9829624924182874,18,0.05134820757302679,FAIL
1652,1652,,2021-02-08 21:39:56.538305,2021-02-08 21:39:57.181690,0 days 00:00:00.643385,0.00173962985845824,9,0,0.9840589950067528,18,0.0664482544446993,FAIL
1653,1653,,2021-02-08 21:39:57.182485,2021-02-08 21:39:57.821076,0 days 00:00:00.638591,0.010514056912586322,9,0,0.9828831859769718,18,0.06595556419803243,FAIL
1654,1654,,2021-02-08 21:39:57.821889,2021-02-08 21:39:58.461321,0 days 00:00:00.639432,0.0015619505147450123,9,0,0.9831404906298493,18,0.06908863380081637,FAIL
1655,1655,,2021-02-08 21:39:58.462112,2021-02-08 21:39:59.107393,0 days 00:00:00.645281,0.015376361014091386,9,0,0.9843850186123273,18,0.05192360684422721,FAIL
1656,1656,,2021-02-08 21:39:59.108756,2021-02-08 21:39:59.922886,0 days 00:00:00.814130,0.0009095272454809116,9,0,0.9831417027145131,18,0.04086536252129383,FAIL
1657,1657,,2021-02-08 21:39:59.924230,2021-02-08 21:40:00.585499,0 days 00:00:00.661269,0.004658015961309381,9,0,0.9835086553593557,18,0.06755569150002576,FAIL
1658,1658,,2021-02-08 21:40:00.586914,2021-02-08 21:40:01.294792,0 days 00:00:00.707878,0.001702788094174907,9,0,0.9898774850427914,18,0.0648862597145415,FAIL
1659,1659,,2021-02-08 21:40:01.295594,2021-02-08 21:40:01.942532,0 days 00:00:00.646938,0.0017221874906580615,9,0,0.9823285204411749,18,0.06932271466903316,FAIL
1660,1660,,2021-02-08 21:40:01.943917,2021-02-08 21:40:02.611487,0 days 00:00:00.667570,0.0008610037965276928,9,0,0.9838112911606864,18,0.06464293882635924,FAIL
1661,1661,,2021-02-08 21:40:02.612274,2021-02-08 21:40:03.267174,0 days 00:00:00.654900,0.012160885774722546,9,0,0.9857538095683874,18,0.039005667953020594,FAIL
1662,1662,,2021-02-08 21:40:03.267962,2021-02-08 21:40:03.931247,0 days 00:00:00.663285,0.001666476632784615,9,0,0.9242118510443692,18,0.06830066262701982,FAIL
1663,1663,,2021-02-08 21:40:03.932039,2021-02-08 21:40:04.580920,0 days 00:00:00.648881,0.0010109961636593939,9,0,0.9812927906739716,18,0.03885505681976888,FAIL
1664,1664,,2021-02-08 21:40:04.581702,2021-02-08 21:40:05.360439,0 days 00:00:00.778737,0.0015087192802342318,9,0,0.9833008432493362,18,0.06488351275309771,FAIL
1665,1665,,2021-02-08 21:40:05.361835,2021-02-08 21:40:06.040297,0 days 00:00:00.678462,0.01032613889222737,9,0,0.9825802398915932,18,0.0529233227966493,FAIL
1666,1666,,2021-02-08 21:40:06.041658,2021-02-08 21:40:06.687225,0 days 00:00:00.645567,0.0008075617915196399,9,0,0.9840157619576679,18,0.05245387916275724,FAIL
1667,1667,,2021-02-08 21:40:06.688557,2021-02-08 21:40:07.363976,0 days 00:00:00.675419,0.004360023277139075,9,0,0.9841914078220131,18,0.06717013029357234,FAIL
1668,1668,,2021-02-08 21:40:07.364772,2021-02-08 21:40:08.019506,0 days 00:00:00.654734,0.0015434869529820517,9,0,0.9827246511259821,18,0.06617456894977561,FAIL
1669,1669,,2021-02-08 21:40:08.020841,2021-02-08 21:40:08.720502,0 days 00:00:00.699661,0.0014704909831763523,9,0,0.9840532049445203,18,0.06835810568094126,FAIL
1670,1670,,2021-02-08 21:40:08.721289,2021-02-08 21:40:09.363184,0 days 00:00:00.641895,0.0017071963570075644,9,0,0.9842264464665562,18,0.06773203547018573,FAIL
1671,1671,,2021-02-08 21:40:09.363996,2021-02-08 21:40:10.011763,0 days 00:00:00.647767,0.004649980191540018,9,0,0.9828835191963907,18,0.040960737024825986,FAIL
1672,1672,,2021-02-08 21:40:10.013091,2021-02-08 21:40:10.807128,0 days 00:00:00.794037,0.0016549734817929145,9,0,0.9802122308532495,18,0.0674617660802932,FAIL
1673,1673,,2021-02-08 21:40:10.808477,2021-02-08 21:40:11.462587,0 days 00:00:00.654110,0.0016201398468096986,9,0,0.9817604643802457,18,0.052560001697221366,FAIL
1674,1674,,2021-02-08 21:40:11.463389,2021-02-08 21:40:12.111552,0 days 00:00:00.648163,0.0015538466883679204,9,0,0.9827535562047819,18,0.06706699212110169,FAIL
1675,1675,,2021-02-08 21:40:12.112318,2021-02-08 21:40:12.756492,0 days 00:00:00.644174,0.00443782535845542,9,0,0.9832257624817724,18,0.05279491778408862,FAIL
1676,1676,,2021-02-08 21:40:12.757825,2021-02-08 21:40:13.414382,0 days 00:00:00.656557,0.0017564147631718235,9,0,0.9834932083927997,18,0.06724419377010225,FAIL
1677,1677,,2021-02-08 21:40:13.415787,2021-02-08 21:40:14.092734,0 days 00:00:00.676947,0.005179750832427618,9,0,0.9836285071641647,18,0.065381254314107,FAIL
1678,1678,,2021-02-08 21:40:14.094095,2021-02-08 21:40:14.745234,0 days 00:00:00.651139,0.00162370323189305,9,0,0.9844886439284876,18,0.038917033659968805,FAIL
1679,1679,,2021-02-08 21:40:14.746179,2021-02-08 21:40:15.407907,0 days 00:00:00.661728,0.014734542993826686,9,0,0.983806812132881,18,0.06597148993991606,FAIL
1680,1680,,2021-02-08 21:40:15.409231,2021-02-08 21:40:16.237974,0 days 00:00:00.828743,0.004338262605574044,9,0,0.9813976823042143,18,0.03901667853148212,FAIL
1681,1681,,2021-02-08 21:40:16.239366,2021-02-08 21:40:16.924667,0 days 00:00:00.685301,0.000825506652736786,9,0,0.9897673521503341,18,0.04033455257541212,FAIL
1682,1682,,2021-02-08 21:40:16.925504,2021-02-08 21:40:17.576083,0 days 00:00:00.650579,0.000865082561502047,9,0,0.9836818068753826,18,0.06943460902690747,FAIL
1683,1683,,2021-02-08 21:40:17.576910,2021-02-08 21:40:18.224983,0 days 00:00:00.648073,0.001422334789326441,9,0,0.9839380748985623,18,0.06721980562823224,FAIL
1684,1684,,2021-02-08 21:40:18.226350,2021-02-08 21:40:18.900361,0 days 00:00:00.674011,0.00994126540865819,9,0,0.9853692557552005,18,0.06705899302537545,FAIL
1685,1685,,2021-02-08 21:40:18.901694,2021-02-08 21:40:19.571656,0 days 00:00:00.669962,0.0016432936927849317,9,0,0.9835215045971214,18,0.06731185844501918,FAIL
1686,1686,,2021-02-08 21:40:19.572991,2021-02-08 21:40:20.231152,0 days 00:00:00.658161,0.0008632327439157272,9,0,0.9831286937609087,18,0.03951434493639088,FAIL
1687,1687,,2021-02-08 21:40:20.232002,2021-02-08 21:40:20.878301,0 days 00:00:00.646299,0.011602633643476393,9,0,0.9830761877252288,18,0.03977619691462253,FAIL
1688,1688,,2021-02-08 21:40:20.879688,2021-02-08 21:40:21.734195,0 days 00:00:00.854507,0.0015134016438203355,9,0,0.9824721814459813,18,0.0659896464083384,FAIL
1689,1689,,2021-02-08 21:40:21.735585,2021-02-08 21:40:22.388313,0 days 00:00:00.652728,0.01181118685613108,9,0,0.9831474317218567,18,0.07065578160953317,FAIL
1690,1690,,2021-02-08 21:40:22.389122,2021-02-08 21:40:23.038068,0 days 00:00:00.648946,0.0017330748500635393,9,0,0.9832820256184416,18,0.06780117396138238,FAIL
1691,1691,,2021-02-08 21:40:23.039452,2021-02-08 21:40:23.728046,0 days 00:00:00.688594,0.0017384346659640234,9,0,0.9828999756929494,18,0.04019331591957924,FAIL
1692,1692,,2021-02-08 21:40:23.729431,2021-02-08 21:40:24.401895,0 days 00:00:00.672464,0.001605385314655339,9,0,0.9843019809941327,18,0.06629426996155852,FAIL
1693,1693,,2021-02-08 21:40:24.403257,2021-02-08 21:40:25.071761,0 days 00:00:00.668504,0.011787565908599919,9,0,0.983352419927306,18,0.06627812031548638,FAIL
1694,1694,,2021-02-08 21:40:25.073103,2021-02-08 21:40:25.740368,0 days 00:00:00.667265,0.0016004328501655401,9,0,0.9825394269937681,18,0.06807675311552107,FAIL
1695,1695,,2021-02-08 21:40:25.741188,2021-02-08 21:40:26.385080,0 days 00:00:00.643892,0.0114224466445347,9,0,0.9826093773831055,18,0.03998576817236591,FAIL
1696,1696,,2021-02-08 21:40:26.385915,2021-02-08 21:40:27.176416,0 days 00:00:00.790501,0.0017139691192093228,9,0,0.983790549728878,18,0.03950630167964359,FAIL
1697,1697,,2021-02-08 21:40:27.177851,2021-02-08 21:40:27.844877,0 days 00:00:00.667026,0.001521332553808955,9,0,0.983483384046268,18,0.06728898006941389,FAIL
1698,1698,,2021-02-08 21:40:27.845763,2021-02-08 21:40:28.487512,0 days 00:00:00.641749,0.001556089822513867,9,0,0.9829605921936813,18,0.06425972942878652,FAIL
1699,1699,,2021-02-08 21:40:28.488327,2021-02-08 21:40:29.139547,0 days 00:00:00.651220,0.0016051227182156654,9,0,0.9836783978760614,18,0.039556812364334934,FAIL
1700,1700,,2021-02-08 21:40:29.140930,2021-02-08 21:40:29.808295,0 days 00:00:00.667365,0.014215007793643574,9,0,0.9850505941429571,18,0.0653314025521798,FAIL
1701,1701,,2021-02-08 21:40:29.809650,2021-02-08 21:40:30.470132,0 days 00:00:00.660482,0.0009675668333131435,9,0,0.987076066799753,18,0.052556275597642595,FAIL
1702,1702,,2021-02-08 21:40:30.471517,2021-02-08 21:40:31.158120,0 days 00:00:00.686603,0.004476084649727792,9,0,0.9827242893602922,18,0.05267696614782365,FAIL
1703,1703,,2021-02-08 21:40:31.158953,2021-02-08 21:40:31.830562,0 days 00:00:00.671609,0.001553509505486911,9,0,0.9842225484294693,18,0.06573195264421175,FAIL
1704,1704,,2021-02-08 21:40:31.831997,2021-02-08 21:40:32.641191,0 days 00:00:00.809194,0.013201078620728373,9,0,0.9835794031004489,18,0.052550628233883574,FAIL
1705,1705,,2021-02-08 21:40:32.642018,2021-02-08 21:40:33.284491,0 days 00:00:00.642473,0.0014749635379838729,9,0,0.9830472885937287,18,0.0656712712917787,FAIL
1706,1706,,2021-02-08 21:40:33.285851,2021-02-08 21:40:33.955542,0 days 00:00:00.669691,0.00097333200213044,9,0,0.9834291384892725,18,0.0659447399419045,FAIL
1707,1707,,2021-02-08 21:40:33.956976,2021-02-08 21:40:34.671477,0 days 00:00:00.714501,0.0017249538542127316,9,0,0.98386248949227,18,0.03970510947656257,FAIL
1708,1708,,2021-02-08 21:40:34.672824,2021-02-08 21:40:35.390298,0 days 00:00:00.717474,0.0017503834143204819,9,0,0.9834943922420941,18,0.06508670526241077,FAIL
1709,1709,,2021-02-08 21:40:35.391270,2021-02-08 21:40:36.047461,0 days 00:00:00.656191,0.0016035160775820722,9,0,0.9809304514993394,18,0.05169938708873611,FAIL
1710,1710,,2021-02-08 21:40:36.048298,2021-02-08 21:40:36.710463,0 days 00:00:00.662165,0.001547234708089649,9,0,0.9822211203879855,18,0.0675786177730768,FAIL
1711,1711,,2021-02-08 21:40:36.711802,2021-02-08 21:40:37.374908,0 days 00:00:00.663106,0.0017197894134525096,9,0,0.983152030862906,18,0.05363147646569578,FAIL
1712,1712,,2021-02-08 21:40:37.376298,2021-02-08 21:40:38.210934,0 days 00:00:00.834636,0.001641466835803942,9,0,0.9897668461795937,18,0.06536992402054147,FAIL
1713,1713,,2021-02-08 21:40:38.212356,2021-02-08 21:40:38.922211,0 days 00:00:00.709855,0.001731882821508579,9,0,0.9819960844860931,18,0.06656656843946096,FAIL
1714,1714,,2021-02-08 21:40:38.923057,2021-02-08 21:40:39.595077,0 days 00:00:00.672020,0.004283961700235328,9,0,0.9826804775042635,18,0.039552320977392204,FAIL
1715,1715,,2021-02-08 21:40:39.595942,2021-02-08 21:40:40.235143,0 days 00:00:00.639201,0.005260184252676791,9,0,0.9825490161486695,18,0.03920763246565394,FAIL
1716,1716,,2021-02-08 21:40:40.235953,2021-02-08 21:40:40.883233,0 days 00:00:00.647280,0.0007748910728101135,9,0,0.9823553217067886,18,0.06666652505047736,FAIL
1717,1717,,2021-02-08 21:40:40.884657,2021-02-08 21:40:41.553159,0 days 00:00:00.668502,0.00445563305964213,9,0,0.9848716454882448,18,0.06940214378370844,FAIL
1718,1718,,2021-02-08 21:40:41.554112,2021-02-08 21:40:42.201533,0 days 00:00:00.647421,0.000870140137757898,9,0,0.9836736154990615,18,0.039739628610524026,FAIL
1719,1719,,2021-02-08 21:40:42.202466,2021-02-08 21:40:42.853145,0 days 00:00:00.650679,0.00043015739856633626,9,0,0.9837438805948587,18,0.06922682036386221,FAIL
1720,1720,,2021-02-08 21:40:42.854051,2021-02-08 21:40:43.636927,0 days 00:00:00.782876,0.016728241525217027,9,0,0.9849480188010199,18,0.051501607948202445,FAIL
1721,1721,,2021-02-08 21:40:43.638382,2021-02-08 21:40:44.328039,0 days 00:00:00.689657,0.0014914082976051212,9,0,0.9832498547687377,18,0.03958915197920702,FAIL
1722,1722,,2021-02-08 21:40:44.329470,2021-02-08 21:40:45.000325,0 days 00:00:00.670855,0.0016005008114206327,9,0,0.980847341182911,18,0.06878527326606389,FAIL
1723,1723,,2021-02-08 21:40:45.001271,2021-02-08 21:40:45.644162,0 days 00:00:00.642891,0.004317595889546345,9,0,0.9826220248464242,18,0.0693145410450896,FAIL
1724,1724,,2021-02-08 21:40:45.645075,2021-02-08 21:40:46.300573,0 days 00:00:00.655498,0.011209960552055902,9,0,0.9843512591742318,18,0.06666524897815153,FAIL
1725,1725,,2021-02-08 21:40:46.301485,2021-02-08 21:40:46.954790,0 days 00:00:00.653305,0.001590184983793042,9,0,0.9839272942541777,18,0.05225167815056321,FAIL
1726,1726,,2021-02-08 21:40:46.956188,2021-02-08 21:40:47.611571,0 days 00:00:00.655383,0.001552126798208217,9,0,0.9804852562268086,18,0.03855743070653204,FAIL
1727,1727,,2021-02-08 21:40:47.612444,2021-02-08 21:40:48.265718,0 days 00:00:00.653274,0.010691009073442158,9,0,0.9836155484282315,18,0.052570903834247874,FAIL
1728,1728,,2021-02-08 21:40:48.267126,2021-02-08 21:40:49.063113,0 days 00:00:00.795987,0.0009916455193424098,9,0,0.983883409822524,18,0.03831672847516685,FAIL
1729,1729,,2021-02-08 21:40:49.063927,2021-02-08 21:40:49.712948,0 days 00:00:00.649021,0.009765903922660558,9,0,0.9824791250823187,18,0.03840542160461482,FAIL
1730,1730,,2021-02-08 21:40:49.714345,2021-02-08 21:40:50.387529,0 days 00:00:00.673184,0.0008277958140299484,9,0,0.9832002035674129,18,0.03766754529825991,FAIL
1731,1731,,2021-02-08 21:40:50.388367,2021-02-08 21:40:51.040401,0 days 00:00:00.652034,0.0016240454525279552,9,0,0.9853054536808984,18,0.06932855416195507,FAIL
1732,1732,,2021-02-08 21:40:51.041204,2021-02-08 21:40:51.699069,0 days 00:00:00.657865,0.0017358269109288907,9,0,0.9898376115312363,18,0.04001937595412278,FAIL
1733,1733,,2021-02-08 21:40:51.700437,2021-02-08 21:40:52.368870,0 days 00:00:00.668433,0.0015912544306561649,9,0,0.9841534386362359,18,0.06966493630980837,FAIL
1734,1734,,2021-02-08 21:40:52.370299,2021-02-08 21:40:53.084130,0 days 00:00:00.713831,0.0015889558948414314,9,0,0.9826115640783794,18,0.06729725529972977,FAIL
1735,1735,,2021-02-08 21:40:53.085487,2021-02-08 21:40:53.754920,0 days 00:00:00.669433,0.010824344963435213,9,0,0.9836174158872462,18,0.05319041882833488,FAIL
1736,1736,,2021-02-08 21:40:53.756347,2021-02-08 21:40:54.560070,0 days 00:00:00.803723,0.00481826809227706,9,0,0.986136742664933,18,0.06656922391697812,FAIL
1737,1737,,2021-02-08 21:40:54.561520,2021-02-08 21:40:55.238099,0 days 00:00:00.676579,0.0008901185554045043,9,0,0.9829493927786574,18,0.0662920784615394,FAIL
1738,1738,,2021-02-08 21:40:55.239049,2021-02-08 21:40:55.897515,0 days 00:00:00.658466,0.010273481366504925,9,0,0.983526934113149,18,0.06658426639983782,FAIL
1739,1739,,2021-02-08 21:40:55.898964,2021-02-08 21:40:56.579930,0 days 00:00:00.680966,0.0015288499096387782,9,0,0.9846054772504482,18,0.06707543826315647,FAIL
1740,1740,,2021-02-08 21:40:56.580906,2021-02-08 21:40:57.229134,0 days 00:00:00.648228,0.001475306989579411,9,0,0.9833734261328413,18,0.06713085768301491,FAIL
1741,1741,,2021-02-08 21:40:57.230514,2021-02-08 21:40:57.912402,0 days 00:00:00.681888,0.0015429408519435329,9,0,0.9833335228918693,18,0.06486514575479554,FAIL
1742,1742,,2021-02-08 21:40:57.913345,2021-02-08 21:40:58.558256,0 days 00:00:00.644911,0.003822652607912327,9,0,0.9830910033281905,18,0.06555486012445132,FAIL
1743,1743,,2021-02-08 21:40:58.559698,2021-02-08 21:40:59.270807,0 days 00:00:00.711109,0.001665332464806042,9,0,0.9834439225811019,18,0.06788618807852621,FAIL
1744,1744,,2021-02-08 21:40:59.272190,2021-02-08 21:41:00.064390,0 days 00:00:00.792200,0.0015075888895256012,9,0,0.9829289654504948,18,0.03774242344253797,FAIL
1745,1745,,2021-02-08 21:41:00.065229,2021-02-08 21:41:00.743061,0 days 00:00:00.677832,0.0015736962859244125,9,0,0.9835185768971473,18,0.06592679778864104,FAIL
1746,1746,,2021-02-08 21:41:00.744483,2021-02-08 21:41:01.395102,0 days 00:00:00.650619,0.0008023759780646086,9,0,0.983276771691373,18,0.05332307224978215,FAIL
1747,1747,,2021-02-08 21:41:01.395913,2021-02-08 21:41:02.043615,0 days 00:00:00.647702,0.0015495119687797823,9,0,0.9831151384455075,18,0.04046845600826015,FAIL
1748,1748,,2021-02-08 21:41:02.045003,2021-02-08 21:41:02.726196,0 days 00:00:00.681193,0.0015618169926472445,9,0,0.9821405499815341,18,0.06633295038183856,FAIL
1749,1749,,2021-02-08 21:41:02.727623,2021-02-08 21:41:03.378547,0 days 00:00:00.650924,0.0016891130028662443,9,0,0.9827408063913531,18,0.06732972346453939,FAIL
1750,1750,,2021-02-08 21:41:03.379424,2021-02-08 21:41:04.032582,0 days 00:00:00.653158,0.0015688158984216358,9,0,0.9825269227353701,18,0.06874314948849529,FAIL
1751,1751,,2021-02-08 21:41:04.033397,2021-02-08 21:41:04.673857,0 days 00:00:00.640460,0.005056031734639456,9,0,0.9845522977987586,18,0.06748120862529727,FAIL
