,number,value,datetime_start,datetime_complete,duration,params_lr,params_nl2,params_num_ct,params_scheduler_gamma,params_sigma2,params_weight_decay,state
6938,6938,0.44915514592933947,2021-02-09 09:14:53.204031,2021-02-09 09:15:09.227327,0 days 00:00:16.023296,0.0010809815891174425,7,2,0.9046954502086478,16,0.023164316682707603,COMPLETE
6939,6939,,2021-02-09 09:15:09.230747,2021-02-09 09:15:10.009889,0 days 00:00:00.779142,0.0002299300410426358,15,0,0.9396840619447004,20,0.021180276888395515,FAIL
6940,6940,,2021-02-09 09:15:10.012511,2021-02-09 09:15:10.777094,0 days 00:00:00.764583,0.00022318216894487815,15,0,0.9071513721768726,20,0.03003702579756837,FAIL
6941,6941,,2021-02-09 09:15:10.781644,2021-02-09 09:15:11.556519,0 days 00:00:00.774875,0.0032657714131997095,15,0,0.9078933497345032,20,0.0631415556625987,FAIL
6942,6942,0.5536098310291858,2021-02-09 09:15:11.559326,2021-02-09 09:15:22.587167,0 days 00:00:11.027841,0.00023738302475778293,15,2,0.9069720442749712,20,0.0208072949368494,COMPLETE
6943,6943,,2021-02-09 09:15:22.590685,2021-02-09 09:15:23.376608,0 days 00:00:00.785923,0.0014260868758741887,11,0,0.9000543372916427,16,0.031052548939451082,FAIL
6944,6944,,2021-02-09 09:15:23.379185,2021-02-09 09:15:24.147946,0 days 00:00:00.768761,0.0005213033501417518,11,0,0.9401470583637478,16,0.03117174622426166,FAIL
6945,6945,0.5947772657450077,2021-02-09 09:15:24.152326,2021-02-09 09:15:35.175774,0 days 00:00:11.023448,0.00032221528995765364,11,4,0.9397580159711848,16,0.03021616520800072,COMPLETE
6946,6946,,2021-02-09 09:15:35.179267,2021-02-09 09:15:35.966672,0 days 00:00:00.787405,0.001382293201050202,15,0,0.9498331310749448,16,0.03583892383995576,FAIL
6947,6947,0.43840245775729647,2021-02-09 09:15:35.969536,2021-02-09 09:15:47.121387,0 days 00:00:11.151851,0.0005275258944834119,15,2,0.9484280578636474,16,0.03570107663886638,COMPLETE
6948,6948,,2021-02-09 09:15:47.124847,2021-02-09 09:15:47.899859,0 days 00:00:00.775012,0.0014444140382064237,7,0,0.9446958533146678,20,0.025066263175620166,FAIL
6949,6949,0.4039938556067588,2021-02-09 09:15:47.904034,2021-02-09 09:15:59.072794,0 days 00:00:11.168760,0.0014084414551045006,7,2,0.9031975738360851,20,0.024801692830581507,COMPLETE
6950,6950,0.43010752688172044,2021-02-09 09:15:59.076238,2021-02-09 09:16:10.739813,0 days 00:00:11.663575,0.00019172887908533798,9,10,0.9371393338004148,16,0.0405300460608205,COMPLETE
6951,6951,0.5428571428571428,2021-02-09 09:16:10.743289,2021-02-09 09:16:26.765338,0 days 00:00:16.022049,0.00039276183618052466,15,4,0.9426473300411773,16,0.0635311440994486,COMPLETE
6952,6952,0.49400921658986174,2021-02-09 09:16:26.768815,2021-02-09 09:16:42.369786,0 days 00:00:15.600971,9.201440031513236e-05,11,6,0.9351914229060294,20,0.031960988508663246,COMPLETE
6953,6953,0.5099846390168971,2021-02-09 09:16:42.373269,2021-02-09 09:16:53.386740,0 days 00:00:11.013471,0.000735242515743222,7,2,0.90014880344435,16,0.027172913859064472,COMPLETE
6954,6954,,2021-02-09 09:16:53.390232,2021-02-09 09:16:54.168397,0 days 00:00:00.778165,0.0019865077544162797,9,0,0.9389626233976642,16,0.07587117007416054,FAIL
6955,6955,,2021-02-09 09:16:54.172837,2021-02-09 09:16:54.985286,0 days 00:00:00.812449,0.0001239588763010261,9,0,0.9386637324410219,16,0.02275290258718914,FAIL
6956,6956,0.627342549923195,2021-02-09 09:16:54.989777,2021-02-09 09:17:06.230047,0 days 00:00:11.240270,0.0008449751827691457,15,4,0.9383137017450249,16,0.02231836967716714,COMPLETE
6957,6957,,2021-02-09 09:17:06.233566,2021-02-09 09:17:07.023582,0 days 00:00:00.790016,7.293743107851381e-05,11,0,0.9055827158721518,14,0.0438648680060116,FAIL
6958,6958,0.3990783410138249,2021-02-09 09:17:07.027948,2021-02-09 09:17:23.248273,0 days 00:00:16.220325,0.00015295472168999093,11,2,0.9057016304266865,20,0.043712196438670387,COMPLETE
6959,6959,0.5720430107526882,2021-02-09 09:17:23.251731,2021-02-09 09:17:34.545649,0 days 00:00:11.293918,0.003400822496525717,15,2,0.9327992861046658,14,0.034776572454106834,COMPLETE
6960,6960,,2021-02-09 09:17:34.549123,2021-02-09 09:17:35.335542,0 days 00:00:00.786419,0.00011809466016912996,11,0,0.9446257679507135,16,0.018264650048934142,FAIL
6961,6961,0.6279569892473118,2021-02-09 09:17:35.338217,2021-02-09 09:17:46.278505,0 days 00:00:10.940288,0.00011913423285689562,11,2,0.9033122824986036,16,0.02984971366511664,COMPLETE
6962,6962,0.5551459293394777,2021-02-09 09:17:46.281952,2021-02-09 09:17:57.031199,0 days 00:00:10.749247,0.0018997854041449297,9,4,0.9016102140091099,16,0.03743652080455669,COMPLETE
6963,6963,,2021-02-09 09:17:57.034674,2021-02-09 09:17:57.809919,0 days 00:00:00.775245,0.00046292513674806826,7,0,0.900035788927156,20,0.018562273424846076,FAIL
6964,6964,,2021-02-09 09:17:57.812605,2021-02-09 09:17:58.565424,0 days 00:00:00.752819,0.00046822484978599276,7,0,0.9402346510556625,20,0.01788752432958233,FAIL
6965,6965,0.6261136712749616,2021-02-09 09:17:58.568008,2021-02-09 09:18:09.471014,0 days 00:00:10.903006,4.5844058858618836e-05,7,2,0.9364288044515475,20,0.0183352618317928,COMPLETE
6966,6966,,2021-02-09 09:18:09.474591,2021-02-09 09:18:10.268870,0 days 00:00:00.794279,0.00047231669599311185,15,0,0.9079130570796939,16,0.02531361653022128,FAIL
6967,6967,0.5668202764976958,2021-02-09 09:18:10.273283,2021-02-09 09:18:21.489714,0 days 00:00:11.216431,0.0004692353381978505,15,6,0.9080293826459295,16,0.02567687259955831,COMPLETE
6968,6968,0.4946236559139785,2021-02-09 09:18:21.493204,2021-02-09 09:18:57.348421,0 days 00:00:35.855217,0.0012900533760669024,15,2,0.9441066693732268,16,0.07712356621800504,COMPLETE
6969,6969,,2021-02-09 09:18:57.351849,2021-02-09 09:18:58.116712,0 days 00:00:00.764863,0.0005783717019206643,9,0,0.9542007123846674,20,0.03325246173058423,FAIL
6970,6970,,2021-02-09 09:18:58.119474,2021-02-09 09:18:59.064275,0 days 00:00:00.944801,0.0006533230352552019,5,0,0.9406210481655323,20,0.020891660780342994,FAIL
6971,6971,,2021-02-09 09:18:59.066940,2021-02-09 09:18:59.833007,0 days 00:00:00.766067,0.0006083655403378582,5,0,0.9408881537496238,20,0.02130105831880341,FAIL
6972,6972,,2021-02-09 09:18:59.835599,2021-02-09 09:19:00.610325,0 days 00:00:00.774726,0.0010585703283647334,9,0,0.9404721544709209,20,0.032585091395538994,FAIL
6973,6973,,2021-02-09 09:19:00.614782,2021-02-09 09:19:01.405416,0 days 00:00:00.790634,0.0006273184860209655,9,0,0.9405493420589061,20,0.03203975373450572,FAIL
6974,6974,,2021-02-09 09:19:01.408147,2021-02-09 09:19:02.193482,0 days 00:00:00.785335,0.001023707111794194,9,0,0.9396287548823259,20,0.03345891439594516,FAIL
6975,6975,,2021-02-09 09:19:02.198005,2021-02-09 09:19:02.989552,0 days 00:00:00.791547,0.0006516981105060074,9,0,0.9412739291038882,20,0.020423141088041427,FAIL
6976,6976,0.43870967741935485,2021-02-09 09:19:02.992258,2021-02-09 09:19:14.055558,0 days 00:00:11.063300,0.00060039480419215,9,4,0.9001080111745645,20,0.021373081930657678,COMPLETE
6977,6977,0.5757296466973887,2021-02-09 09:19:14.059042,2021-02-09 09:19:30.368159,0 days 00:00:16.309117,0.0010507277635771037,7,2,0.9406874999243904,16,0.032341415618773586,COMPLETE
6978,6978,,2021-02-09 09:19:30.371645,2021-02-09 09:19:31.170455,0 days 00:00:00.798810,0.00035579441833295805,11,0,0.9335784585737822,16,0.023557500092957213,FAIL
6979,6979,,2021-02-09 09:19:31.174901,2021-02-09 09:19:31.960535,0 days 00:00:00.785634,0.0003727839786537808,5,0,0.9047076310636314,16,0.02341681467577888,FAIL
6980,6980,0.6116743471582181,2021-02-09 09:19:31.963211,2021-02-09 09:19:42.742255,0 days 00:00:10.779044,0.00027555325867129776,11,4,0.9051011207052432,16,0.02388188763416385,COMPLETE
6981,6981,,2021-02-09 09:19:42.745700,2021-02-09 09:19:43.512719,0 days 00:00:00.767019,0.000364127163588878,5,0,0.9000589867879093,20,0.039237496872397595,FAIL
6982,6982,0.6141321044546851,2021-02-09 09:19:43.515461,2021-02-09 09:19:54.323927,0 days 00:00:10.808466,7.566934577756792e-05,5,2,0.938841181208292,20,0.029244952033785604,COMPLETE
6983,6983,0.3846390168970814,2021-02-09 09:19:54.327440,2021-02-09 09:20:05.686166,0 days 00:00:11.358726,0.00036864276562526525,15,4,0.9338281982905997,14,0.039970589384203246,COMPLETE
6984,6984,0.6181259600614439,2021-02-09 09:20:05.689656,2021-02-09 09:20:16.864895,0 days 00:00:11.175239,0.0008994355113728474,9,2,0.9036740235608799,16,0.019494143838936332,COMPLETE
6985,6985,,2021-02-09 09:20:16.868366,2021-02-09 09:20:17.633350,0 days 00:00:00.764984,0.0004621664829351506,7,0,0.9359073717107909,16,0.03438258272051851,FAIL
6986,6986,0.4393241167434716,2021-02-09 09:20:17.636140,2021-02-09 09:20:28.943094,0 days 00:00:11.306954,0.0006547351234636361,7,6,0.9365863999898706,16,0.034022957828423364,COMPLETE
6987,6987,,2021-02-09 09:20:28.946554,2021-02-09 09:20:29.715195,0 days 00:00:00.768641,0.0004942760983252196,17,0,0.954147034786688,20,0.02691787357161257,FAIL
6988,6988,,2021-02-09 09:20:29.719448,2021-02-09 09:20:30.514229,0 days 00:00:00.794781,0.00045199083821747854,17,0,0.9308341934676865,20,0.027892617066658465,FAIL
6989,6989,0.5373271889400921,2021-02-09 09:20:30.516973,2021-02-09 09:20:41.441515,0 days 00:00:10.924542,0.0022201230807669965,17,2,0.942458410943333,20,0.027366490275330897,COMPLETE
6990,6990,0.5597542242703533,2021-02-09 09:20:41.444990,2021-02-09 09:21:02.446992,0 days 00:00:21.002002,0.0016438368489691544,11,4,0.9544743749937757,16,0.0248653870566698,COMPLETE
6991,6991,,2021-02-09 09:21:02.450460,2021-02-09 09:21:03.231941,0 days 00:00:00.781481,0.00013664531198690136,15,0,0.9308368115363085,16,0.03846770983135696,FAIL
6992,6992,0.41689708141321047,2021-02-09 09:21:03.236488,2021-02-09 09:21:14.314105,0 days 00:00:11.077617,0.00045359089845994796,15,2,0.931188248182488,16,0.014783114441556743,COMPLETE
6993,6993,0.5167434715821813,2021-02-09 09:21:14.317600,2021-02-09 09:21:35.340309,0 days 00:00:21.022709,0.00011018701420183099,7,2,0.9353505382332773,20,0.03713265713649027,COMPLETE
6994,6994,0.5407066052227343,2021-02-09 09:21:35.343841,2021-02-09 09:21:46.298239,0 days 00:00:10.954398,0.00013997762919051732,19,2,0.901331209596716,16,0.03079331820974527,COMPLETE
6995,6995,,2021-02-09 09:21:46.301731,2021-02-09 09:21:47.088446,0 days 00:00:00.786715,0.0001881014102412521,11,0,0.940243539604984,16,0.020913822625354225,FAIL
6996,6996,,2021-02-09 09:21:47.091300,2021-02-09 09:21:47.883169,0 days 00:00:00.791869,0.0005542267367484706,11,0,0.9392434747949278,16,0.020888330475734195,FAIL
6997,6997,0.39938556067588327,2021-02-09 09:21:47.885883,2021-02-09 09:21:58.833934,0 days 00:00:10.948051,0.00017470116083964315,11,4,0.9397468118750222,16,0.023111617256810865,COMPLETE
6998,6998,,2021-02-09 09:21:58.837420,2021-02-09 09:21:59.605769,0 days 00:00:00.768349,0.0005490688348749383,15,0,0.9569773919511961,20,0.03400179670969561,FAIL
6999,6999,,2021-02-09 09:21:59.610222,2021-02-09 09:22:00.400632,0 days 00:00:00.790410,0.0005504955984809316,15,0,0.9455680179685775,20,0.020541901535169688,FAIL
7000,7000,0.6159754224270353,2021-02-09 09:22:00.403232,2021-02-09 09:22:11.798698,0 days 00:00:11.395466,0.0005281014983123137,15,6,0.9059248274695603,20,0.020556613134264348,COMPLETE
7001,7001,,2021-02-09 09:22:11.802201,2021-02-09 09:22:12.597265,0 days 00:00:00.795064,0.0013405438279036174,15,0,0.9029178328437987,16,0.03389671873555438,FAIL
7002,7002,,2021-02-09 09:22:12.601794,2021-02-09 09:22:13.449729,0 days 00:00:00.847935,0.00021773053864314077,15,0,0.9376455870043371,16,0.017584800184770464,FAIL
7003,7003,0.6098310291858678,2021-02-09 09:22:13.452367,2021-02-09 09:22:34.021029,0 days 00:00:20.568662,0.0003344467168477121,15,2,0.9448318608734914,16,0.016903187080091406,COMPLETE
7004,7004,,2021-02-09 09:22:34.024516,2021-02-09 09:22:34.823786,0 days 00:00:00.799270,0.0007562863936305344,11,0,0.9030182090679154,20,0.03425175438457557,FAIL
7005,7005,,2021-02-09 09:22:34.828242,2021-02-09 09:22:35.626222,0 days 00:00:00.797980,0.0012568283778295818,11,0,0.9376253583416094,14,0.0342250028957703,FAIL
7006,7006,0.517357910906298,2021-02-09 09:22:35.628909,2021-02-09 09:22:47.091935,0 days 00:00:11.463026,8.780836909888286e-05,11,4,0.9285122110557651,14,0.04242363785083992,COMPLETE
7007,7007,0.4565284178187404,2021-02-09 09:22:47.095430,2021-02-09 09:22:57.969136,0 days 00:00:10.873706,0.0013613152273240603,15,2,0.9372720828416469,16,0.03408112818236186,COMPLETE
7008,7008,0.4946236559139785,2021-02-09 09:22:57.972665,2021-02-09 09:23:14.134173,0 days 00:00:16.161508,0.0007926458078099654,9,2,0.9033162832712572,20,0.026891262727558162,COMPLETE
7009,7009,0.6251920122887865,2021-02-09 09:23:14.137623,2021-02-09 09:23:34.284423,0 days 00:00:20.146800,0.00041657911457279145,13,2,0.9077131456718858,16,0.06887247137584113,COMPLETE
7010,7010,0.5766513056835637,2021-02-09 09:23:34.287906,2021-02-09 09:23:45.552740,0 days 00:00:11.264834,0.0010688408355425513,7,4,0.9339271790793272,16,0.038165892184230055,COMPLETE
7011,7011,,2021-02-09 09:23:45.556243,2021-02-09 09:23:46.351864,0 days 00:00:00.795621,0.0005603711920052144,11,0,0.9410574992115769,20,0.028622052255058834,FAIL
7012,7012,0.4095238095238095,2021-02-09 09:23:46.356418,2021-02-09 09:23:57.279943,0 days 00:00:10.923525,0.0002354856535324593,11,4,0.9014917316484176,20,0.04589335684935297,COMPLETE
7013,7013,,2021-02-09 09:23:57.283452,2021-02-09 09:23:58.052810,0 days 00:00:00.769358,0.0006758827373079726,15,0,0.9000849018251184,16,0.02878850878518053,FAIL
7014,7014,,2021-02-09 09:23:58.057323,2021-02-09 09:23:58.868956,0 days 00:00:00.811633,0.0005835633151987886,15,0,0.9038104562512873,16,0.02881941531198593,FAIL
7015,7015,,2021-02-09 09:23:58.873438,2021-02-09 09:23:59.665324,0 days 00:00:00.791886,0.0005872973636648625,15,0,0.9403483180151019,16,0.029005328054645094,FAIL
7016,7016,0.4064516129032258,2021-02-09 09:23:59.669900,2021-02-09 09:24:15.738702,0 days 00:00:16.068802,0.0005456167666061087,15,2,0.9410595469122882,16,0.028424259391403577,COMPLETE
7017,7017,0.376036866359447,2021-02-09 09:24:15.742181,2021-02-09 09:24:42.008044,0 days 00:00:26.265863,0.0001268229100732298,15,2,0.938576051069289,16,0.032029598817509136,COMPLETE
7018,7018,,2021-02-09 09:24:42.011532,2021-02-09 09:24:42.801671,0 days 00:00:00.790139,6.150649108399749e-05,7,0,0.935769856994695,16,0.01799528232510491,FAIL
7019,7019,0.41935483870967744,2021-02-09 09:24:42.806128,2021-02-09 09:24:53.851488,0 days 00:00:11.045360,0.0008955242652528391,7,4,0.9571246010861977,16,0.022224017874761196,COMPLETE
7020,7020,0.5486943164362519,2021-02-09 09:24:53.855005,2021-02-09 09:25:04.959897,0 days 00:00:11.104892,0.0001023533337842795,9,6,0.9048577368157515,20,0.018793587197427186,COMPLETE
7021,7021,0.3695852534562212,2021-02-09 09:25:04.963390,2021-02-09 09:25:25.710679,0 days 00:00:20.747289,3.5473130659411415e-05,13,2,0.9354923446356505,20,0.0360840617670034,COMPLETE
7022,7022,,2021-02-09 09:25:25.714146,2021-02-09 09:25:26.506744,0 days 00:00:00.792598,0.002792472306260119,11,0,0.9000441269245029,14,0.025423822549942316,FAIL
7023,7023,0.6150537634408603,2021-02-09 09:25:26.511357,2021-02-09 09:25:42.502683,0 days 00:00:15.991326,6.058653046114626e-05,11,2,0.9324724346223497,14,0.025628417215738598,COMPLETE
7024,7024,,2021-02-09 09:25:42.506165,2021-02-09 09:25:43.303734,0 days 00:00:00.797569,0.0006184458401339519,5,0,0.9018517098815929,16,0.030235489201490696,FAIL
7025,7025,0.47434715821812595,2021-02-09 09:25:43.308278,2021-02-09 09:25:54.428915,0 days 00:00:11.120637,0.0007462991220154201,5,4,0.9502138914049737,16,0.029649578486983564,COMPLETE
7026,7026,,2021-02-09 09:25:54.432417,2021-02-09 09:25:55.210666,0 days 00:00:00.778249,0.00016589336446298198,15,0,0.9597240385760498,16,0.033355137682046884,FAIL
7027,7027,,2021-02-09 09:25:55.215110,2021-02-09 09:25:56.023928,0 days 00:00:00.808818,0.0026290443790412885,15,0,0.9028074871112709,16,0.03287555397476504,FAIL
7028,7028,,2021-02-09 09:25:56.028508,2021-02-09 09:25:57.031139,0 days 00:00:01.002631,0.0003554677993707267,15,0,0.9024039985604139,16,0.0334621952721923,FAIL
7029,7029,,2021-02-09 09:25:57.035687,2021-02-09 09:25:57.810743,0 days 00:00:00.775056,0.0003664268312830422,15,0,0.9000474731106332,16,0.05129679051257778,FAIL
7030,7030,0.3640552995391705,2021-02-09 09:25:57.815336,2021-02-09 09:26:23.355750,0 days 00:00:25.540414,0.0006260379174272585,15,2,0.9374410319375223,16,0.02090648444707115,COMPLETE
7031,7031,0.6199692780337942,2021-02-09 09:26:23.359212,2021-02-09 09:26:34.449659,0 days 00:00:11.090447,0.002681363807656566,7,6,0.9001605286881387,20,0.034262841328617934,COMPLETE
7032,7032,0.541321044546851,2021-02-09 09:26:34.453137,2021-02-09 09:26:50.349712,0 days 00:00:15.896575,0.00039131883155752546,11,2,0.9017442639822344,16,0.02365755200876201,COMPLETE
7033,7033,0.4110599078341014,2021-02-09 09:26:50.353253,2021-02-09 09:27:01.302380,0 days 00:00:10.949127,0.00019507544947923496,13,2,0.9035057293016384,16,0.039189696299107214,COMPLETE
7034,7034,,2021-02-09 09:27:01.305861,2021-02-09 09:27:02.093040,0 days 00:00:00.787179,0.0004852447291613796,9,0,0.9090094550522618,20,0.050864717192922765,FAIL
7035,7035,,2021-02-09 09:27:02.095901,2021-02-09 09:27:02.865095,0 days 00:00:00.769194,0.00032193257741464944,9,0,0.9402775277155674,20,0.05043920158845581,FAIL
7036,7036,0.45284178187403995,2021-02-09 09:27:02.869761,2021-02-09 09:27:13.639441,0 days 00:00:10.769680,0.0013106538021400503,9,4,0.9594321349190096,20,0.0305981891899547,COMPLETE
7037,7037,0.43317972350230416,2021-02-09 09:27:13.642927,2021-02-09 09:27:24.828496,0 days 00:00:11.185569,0.0001563828913420104,15,2,0.9398893703313639,16,0.017895665043940585,COMPLETE
7038,7038,0.37695852534562213,2021-02-09 09:27:24.832025,2021-02-09 09:27:42.131047,0 days 00:00:17.299022,0.00029429784996033394,15,10,0.9069680150017969,16,0.051613232063353984,COMPLETE
7039,7039,,2021-02-09 09:27:42.134522,2021-02-09 09:27:42.912869,0 days 00:00:00.778347,0.0016612032164673215,11,0,0.9423561795718312,20,0.03279264371696565,FAIL
7040,7040,,2021-02-09 09:27:42.917463,2021-02-09 09:27:43.696935,0 days 00:00:00.779472,0.00046760217919950404,11,0,0.9426452525014133,20,0.033188041112440815,FAIL
7041,7041,0.40184331797235023,2021-02-09 09:27:43.699659,2021-02-09 09:27:54.439576,0 days 00:00:10.739917,0.001103135334654212,11,4,0.941869053145927,20,0.03287379727975163,COMPLETE
7042,7042,0.3772657450076805,2021-02-09 09:27:54.443065,2021-02-09 09:28:10.278527,0 days 00:00:15.835462,0.0005191149490733089,7,2,0.9353338677258429,16,0.027140002308112265,COMPLETE
7043,7043,,2021-02-09 09:28:10.282025,2021-02-09 09:28:11.062803,0 days 00:00:00.780778,0.0004655310811227894,17,0,0.9088489476823188,16,0.024580015543088467,FAIL
7044,7044,,2021-02-09 09:28:11.065842,2021-02-09 09:28:11.821514,0 days 00:00:00.755672,0.0006608319600574148,5,0,0.909196901883111,16,0.04226980614380046,FAIL
7045,7045,0.48509984639016895,2021-02-09 09:28:11.824226,2021-02-09 09:28:23.056140,0 days 00:00:11.231914,7.070782827467065e-05,15,4,0.9305784813085202,16,0.0412024847319939,COMPLETE
7046,7046,,2021-02-09 09:28:23.059624,2021-02-09 09:28:23.843402,0 days 00:00:00.783778,0.0003454713410417524,13,0,0.909253198196507,16,0.024796861380645692,FAIL
7047,7047,0.43410138248847924,2021-02-09 09:28:23.846131,2021-02-09 09:29:16.441668,0 days 00:00:52.595537,0.0018730277904223133,13,6,0.9000200502468317,16,0.024643824506927137,COMPLETE
7048,7048,0.6319508448540707,2021-02-09 09:29:16.445181,2021-02-09 09:29:27.622793,0 days 00:00:11.177612,0.00046146167456555704,9,2,0.9474018761291363,20,0.03537201610788754,COMPLETE
7049,7049,0.5827956989247312,2021-02-09 09:29:27.626314,2021-02-09 09:29:53.370100,0 days 00:00:25.743786,0.00045270135706038426,15,2,0.9490220279959082,16,0.03903460549687528,COMPLETE
7050,7050,0.49523809523809526,2021-02-09 09:29:53.373591,2021-02-09 09:30:04.292146,0 days 00:00:10.918555,0.0003427745461022872,9,2,0.9488680554937479,20,0.03156428642177541,COMPLETE
7051,7051,0.5419354838709678,2021-02-09 09:30:04.295690,2021-02-09 09:30:15.220945,0 days 00:00:10.925255,0.00041796687193937674,7,2,0.9480354512344219,16,0.03631352113857746,COMPLETE
7052,7052,0.5084485407066052,2021-02-09 09:30:15.224459,2021-02-09 09:30:26.139907,0 days 00:00:10.915448,0.0004758937455967682,9,2,0.9510159069429679,20,0.03287369927021573,COMPLETE
7053,7053,0.46236559139784944,2021-02-09 09:30:26.143384,2021-02-09 09:30:51.835752,0 days 00:00:25.692368,0.0005353656505209636,11,2,0.944861600025469,20,0.03012065189922038,COMPLETE
7054,7054,0.5109062980030722,2021-02-09 09:30:51.839246,2021-02-09 09:32:12.493217,0 days 00:01:20.653971,0.00042432821479412337,15,2,0.9422511662030122,14,0.03753769901559958,COMPLETE
7055,7055,0.4488479262672811,2021-02-09 09:32:12.496729,2021-02-09 09:32:23.054952,0 days 00:00:10.558223,0.00040484348775768185,9,2,0.943216506640254,20,0.034197094723460886,COMPLETE
7056,7056,0.5944700460829493,2021-02-09 09:32:23.058452,2021-02-09 09:32:39.179685,0 days 00:00:16.121233,0.0003632530610343932,9,4,0.9523291824578534,20,0.03749218155960644,COMPLETE
7057,7057,0.41259600614439323,2021-02-09 09:32:39.183192,2021-02-09 09:32:55.550069,0 days 00:00:16.366877,0.00032096473685165643,11,2,0.9461991411136355,16,0.03539405699755826,COMPLETE
7058,7058,,2021-02-09 09:32:55.553584,2021-02-09 09:32:56.334792,0 days 00:00:00.781208,0.0004618304732489852,5,0,0.9501263520002832,12,0.04342041044347859,FAIL
7059,7059,,2021-02-09 09:32:56.337503,2021-02-09 09:32:57.094533,0 days 00:00:00.757030,0.0005033960609977348,5,0,0.9508810068103996,12,0.04149521392449273,FAIL
7060,7060,,2021-02-09 09:32:57.099036,2021-02-09 09:32:57.864546,0 days 00:00:00.765510,0.0003810901460822457,5,0,0.9472829427020294,16,0.043234681999614284,FAIL
7061,7061,0.3794162826420891,2021-02-09 09:32:57.867324,2021-02-09 09:33:18.829633,0 days 00:00:20.962309,0.0004600345891586564,5,2,0.9522180584822512,12,0.04076009479236983,COMPLETE
7062,7062,,2021-02-09 09:33:18.833131,2021-02-09 09:33:19.610308,0 days 00:00:00.777177,0.000545504258214789,9,0,0.9520177135416579,20,0.043723278543603236,FAIL
