,number,value,datetime_start,datetime_complete,duration,params_lr,params_nl2,params_num_ct,params_scheduler_gamma,params_sigma2,params_weight_decay,state
3829,3829,0.5078341013824885,2021-02-09 00:30:29.491129,2021-02-09 00:30:40.485558,0 days 00:00:10.994429,0.0003062343217776174,11,4,0.9027447334536776,16,0.040645502822729,COMPLETE
3830,3830,0.524731182795699,2021-02-09 00:30:40.487652,2021-02-09 00:30:56.502925,0 days 00:00:16.015273,0.00014069187038783773,11,2,0.9021426209416384,20,0.030200464600035674,COMPLETE
3831,3831,0.5606758832565284,2021-02-09 00:30:56.505035,2021-02-09 00:31:36.877034,0 days 00:00:40.371999,0.00011772923341882698,11,2,0.9004766492788167,18,0.033077571514095426,COMPLETE
3832,3832,,2021-02-09 00:31:36.879139,2021-02-09 00:31:37.593094,0 days 00:00:00.713955,0.00015317521714298396,13,0,0.9067960479290903,16,0.018304770281990644,FAIL
3833,3833,,2021-02-09 00:31:37.595630,2021-02-09 00:31:38.305543,0 days 00:00:00.709913,0.000176596730366334,13,0,0.9027656774967466,16,0.019033464698334248,FAIL
3834,3834,0.45161290322580644,2021-02-09 00:31:38.307074,2021-02-09 00:31:54.281315,0 days 00:00:15.974241,0.00015470242100350557,13,6,0.9002140145002508,16,0.01813954745003057,COMPLETE
3835,3835,0.5536098310291858,2021-02-09 00:31:54.283438,2021-02-09 00:32:05.131856,0 days 00:00:10.848418,0.0006812879068733263,11,4,0.9060999855221107,16,0.06110181761003142,COMPLETE
3836,3836,0.6298003072196621,2021-02-09 00:32:05.133937,2021-02-09 00:32:16.708558,0 days 00:00:11.574621,1.0122307991933312e-05,11,6,0.9030012052439378,16,0.020696032644810184,COMPLETE
3837,3837,0.45622119815668205,2021-02-09 00:32:16.710686,2021-02-09 00:32:32.952844,0 days 00:00:16.242158,0.0004613405146462947,11,6,0.9028495438826756,16,0.01826439849437308,COMPLETE
3838,3838,0.5837173579109063,2021-02-09 00:32:32.954936,2021-02-09 00:32:48.842217,0 days 00:00:15.887281,1.0160929375160693e-05,11,6,0.9034420716390537,16,0.022092806817759977,COMPLETE
3839,3839,0.4012288786482335,2021-02-09 00:32:48.844359,2021-02-09 00:33:04.910257,0 days 00:00:16.065898,1.0072110519198246e-05,11,6,0.9016080593789346,16,0.019863909113430302,COMPLETE
3840,3840,,2021-02-09 00:33:04.912364,2021-02-09 00:33:05.632538,0 days 00:00:00.720174,1.0024733463769257e-05,11,0,0.9070844102588267,16,0.0200452987346263,FAIL
3841,3841,0.5167434715821813,2021-02-09 00:33:05.633985,2021-02-09 00:33:16.618179,0 days 00:00:10.984194,1.2384877686618825e-05,11,6,0.9068126376272829,16,0.020807806939023357,COMPLETE
3842,3842,0.4172043010752688,2021-02-09 00:33:16.620278,2021-02-09 00:33:32.640601,0 days 00:00:16.020323,1.355791302767264e-05,11,6,0.9045506009162382,16,0.019542822910572778,COMPLETE
3843,3843,0.522273425499232,2021-02-09 00:33:32.642709,2021-02-09 00:33:43.612407,0 days 00:00:10.969698,1.0786615383272975e-05,11,6,0.9023404368119179,16,0.016860735257996737,COMPLETE
3844,3844,,2021-02-09 00:33:43.614493,2021-02-09 00:33:44.309002,0 days 00:00:00.694509,0.0002439458996440824,11,0,0.9053860977227275,16,0.04325501482208574,FAIL
3845,3845,,2021-02-09 00:33:44.310485,2021-02-09 00:33:45.004140,0 days 00:00:00.693655,0.0001860495808519716,11,0,0.9013287975135109,16,0.04482425316212345,FAIL
3846,3846,0.410752688172043,2021-02-09 00:33:45.006725,2021-02-09 00:33:56.218951,0 days 00:00:11.212226,0.00025341240390910414,11,6,0.9052552842546912,16,0.05139320188954606,COMPLETE
3847,3847,0.38740399385560675,2021-02-09 00:33:56.221057,2021-02-09 00:34:07.479071,0 days 00:00:11.258014,0.00019785606901939355,11,6,0.9012137696195164,16,0.04556982599799742,COMPLETE
3848,3848,0.5382488479262673,2021-02-09 00:34:07.481173,2021-02-09 00:34:48.835288,0 days 00:00:41.354115,0.0005380192477042878,11,6,0.9035498353837972,20,0.03687831217173059,COMPLETE
3849,3849,0.46236559139784944,2021-02-09 00:34:48.838527,2021-02-09 00:34:59.750719,0 days 00:00:10.912192,0.0009827402578357174,11,6,0.907768113992762,16,0.04247711053957543,COMPLETE
3850,3850,0.46236559139784944,2021-02-09 00:34:59.752810,2021-02-09 00:35:11.072400,0 days 00:00:11.319590,1.0037219846503753e-05,11,6,0.9325894366684907,20,0.06665138936670151,COMPLETE
3851,3851,0.423963133640553,2021-02-09 00:35:11.074535,2021-02-09 00:35:27.705651,0 days 00:00:16.631116,0.0001686346998594308,13,6,0.9420986224190918,16,0.034842871422049455,COMPLETE
3852,3852,,2021-02-09 00:35:27.707754,2021-02-09 00:35:28.412673,0 days 00:00:00.704919,0.00012343707117039776,15,0,0.9000648364592454,16,0.03917103335042466,FAIL
3853,3853,0.5849462365591398,2021-02-09 00:35:28.414127,2021-02-09 00:35:39.705051,0 days 00:00:11.290924,0.0031929032634271455,15,6,0.9004469543195368,16,0.05691983172820408,COMPLETE
3854,3854,,2021-02-09 00:35:39.707169,2021-02-09 00:35:40.422476,0 days 00:00:00.715307,0.005680390704498331,11,0,0.9344531366902523,20,0.03829067824420904,FAIL
3855,3855,,2021-02-09 00:35:40.424931,2021-02-09 00:35:41.147633,0 days 00:00:00.722702,0.0001229154999875712,11,0,0.9030967304515878,20,0.038790172552558795,FAIL
3856,3856,0.6248847926267281,2021-02-09 00:35:41.149029,2021-02-09 00:35:57.144620,0 days 00:00:15.995591,0.00014222176204516289,11,4,0.9281450696475972,20,0.040117225853696044,COMPLETE
3857,3857,0.5996927803379416,2021-02-09 00:35:57.146729,2021-02-09 00:36:08.160548,0 days 00:00:11.013819,0.000131096457723035,11,4,0.9271011455179022,20,0.03857492634216415,COMPLETE
3858,3858,,2021-02-09 00:36:08.162673,2021-02-09 00:36:08.865515,0 days 00:00:00.702842,0.00014890384091004758,15,0,0.9288305711662891,20,0.036247539166800465,FAIL
3859,3859,0.6221198156682027,2021-02-09 00:36:08.867033,2021-02-09 00:36:24.757123,0 days 00:00:15.890090,0.00014453821352762838,15,4,0.9263958626660832,20,0.03379687397052751,COMPLETE
3860,3860,0.6104454685099846,2021-02-09 00:36:24.759256,2021-02-09 00:36:50.346838,0 days 00:00:25.587582,0.00015207798334694096,15,4,0.9278798718648542,16,0.03334982905879557,COMPLETE
3861,3861,0.6208909370199692,2021-02-09 00:36:50.348934,2021-02-09 00:37:01.198649,0 days 00:00:10.849715,0.00012182958274535517,15,4,0.9244858172451612,20,0.03583483057708228,COMPLETE
3862,3862,0.4946236559139785,2021-02-09 00:37:01.200749,2021-02-09 00:37:11.792941,0 days 00:00:10.592192,0.00018201661068516865,15,4,0.9272205468506045,16,0.032082293008409056,COMPLETE
3863,3863,,2021-02-09 00:37:11.795032,2021-02-09 00:37:12.491177,0 days 00:00:00.696145,0.00014001962784316823,15,0,0.9281077135311212,20,0.03535671019350541,FAIL
3864,3864,,2021-02-09 00:37:12.492584,2021-02-09 00:37:13.176454,0 days 00:00:00.683870,0.00013684598791133826,15,0,0.9256149821646634,20,0.03509310941357457,FAIL
3865,3865,0.4847926267281106,2021-02-09 00:37:13.179019,2021-02-09 00:37:33.634177,0 days 00:00:20.455158,0.00014423300276963076,15,4,0.9252980654929899,20,0.03715441786388754,COMPLETE
3866,3866,0.5981566820276498,2021-02-09 00:37:33.636272,2021-02-09 00:37:58.569938,0 days 00:00:24.933666,0.00012843699814326696,15,4,0.92931063911194,20,0.03043993168208269,COMPLETE
3867,3867,,2021-02-09 00:37:58.572064,2021-02-09 00:37:59.277425,0 days 00:00:00.705361,0.00016963170801647442,15,0,0.9279585707631507,16,0.03394193404488126,FAIL
3868,3868,,2021-02-09 00:37:59.278874,2021-02-09 00:37:59.967122,0 days 00:00:00.688248,0.0001719101600420082,15,0,0.9270069753371956,16,0.03308164847951514,FAIL
3869,3869,0.40030721966205834,2021-02-09 00:37:59.968627,2021-02-09 00:38:10.738639,0 days 00:00:10.770012,0.00015672255528284974,15,4,0.9283979199552113,16,0.03578410445695775,COMPLETE
3870,3870,,2021-02-09 00:38:10.740726,2021-02-09 00:38:11.441139,0 days 00:00:00.700413,0.0002382150517694059,15,0,0.9266236427511867,16,0.032829609103614016,FAIL
3871,3871,0.5502304147465438,2021-02-09 00:38:11.442636,2021-02-09 00:38:22.489085,0 days 00:00:11.046449,0.00022639850983728667,15,4,0.9285636261080451,16,0.03370920414723175,COMPLETE
3872,3872,,2021-02-09 00:38:22.491199,2021-02-09 00:38:23.191957,0 days 00:00:00.700758,0.00011118391592216408,15,0,0.9260977173874465,20,0.03160620458909645,FAIL
3873,3873,0.5499231950844854,2021-02-09 00:38:23.193537,2021-02-09 00:38:38.778877,0 days 00:00:15.585340,0.00018343863021277925,15,4,0.9242795631542555,20,0.03893619619281274,COMPLETE
3874,3874,0.5431643625192012,2021-02-09 00:38:38.780977,2021-02-09 00:38:49.789919,0 days 00:00:11.008942,0.00011727986176360695,15,4,0.9263327094165636,16,0.03135498998113415,COMPLETE
3875,3875,0.5797235023041475,2021-02-09 00:38:49.792050,2021-02-09 00:39:00.601603,0 days 00:00:10.809553,0.00014018629908241187,13,4,0.9305798154563327,20,0.0193397460856832,COMPLETE
3876,3876,0.4165898617511521,2021-02-09 00:39:00.603728,2021-02-09 00:39:21.809126,0 days 00:00:21.205398,0.0001730935657851414,15,4,0.9308985958465275,20,0.03364195841313838,COMPLETE
3877,3877,,2021-02-09 00:39:21.811242,2021-02-09 00:39:22.510343,0 days 00:00:00.699101,0.0001106270801785455,15,0,0.9538401633200781,16,0.028360927049469183,FAIL
3878,3878,,2021-02-09 00:39:22.512816,2021-02-09 00:39:23.217431,0 days 00:00:00.704615,0.00010869857193612346,15,0,0.9450818825892496,16,0.027464522555879795,FAIL
3879,3879,,2021-02-09 00:39:23.219932,2021-02-09 00:39:23.913214,0 days 00:00:00.693282,0.00010286652520182932,15,0,0.9448729816720404,16,0.027170219213986834,FAIL
3880,3880,,2021-02-09 00:39:23.914616,2021-02-09 00:39:24.592425,0 days 00:00:00.677809,0.0002336317936713854,15,0,0.9523968540046795,16,0.02857843906417587,FAIL
3881,3881,,2021-02-09 00:39:24.594943,2021-02-09 00:39:25.296838,0 days 00:00:00.701895,0.00011299971842586274,15,0,0.9530006387994548,16,0.02800776496834011,FAIL
3882,3882,,2021-02-09 00:39:25.299424,2021-02-09 00:39:26.131483,0 days 00:00:00.832059,9.657478924373103e-05,15,0,0.9532095749729724,16,0.029231591568422182,FAIL
3883,3883,0.5342549923195085,2021-02-09 00:39:26.133917,2021-02-09 00:39:36.820448,0 days 00:00:10.686531,0.0002028984022243505,11,4,0.9541102359319688,16,0.028530948896034386,COMPLETE
3884,3884,0.37142857142857144,2021-02-09 00:39:36.822554,2021-02-09 00:39:47.961381,0 days 00:00:11.138827,0.00010375212270714163,15,6,0.9291785349681294,20,0.038771586855658444,COMPLETE
3885,3885,,2021-02-09 00:39:47.963506,2021-02-09 00:39:48.667194,0 days 00:00:00.703688,0.0001097397803199854,11,0,0.9461541041240716,16,0.03618032729618889,FAIL
3886,3886,0.5907834101382489,2021-02-09 00:39:48.669698,2021-02-09 00:40:04.523756,0 days 00:00:15.854058,0.00012990809689447902,11,4,0.9002445220378641,16,0.035158797615513784,COMPLETE
3887,3887,0.5425499231950844,2021-02-09 00:40:04.525854,2021-02-09 00:40:20.834257,0 days 00:00:16.308403,0.006471786623605882,13,4,0.9255960695459756,16,0.042464156695376815,COMPLETE
3888,3888,0.5772657450076805,2021-02-09 00:40:20.836371,2021-02-09 00:40:31.784786,0 days 00:00:10.948415,0.00011292186535380611,11,6,0.9032139014462102,20,0.03141298172104237,COMPLETE
3889,3889,0.3932411674347158,2021-02-09 00:40:31.786911,2021-02-09 00:40:42.921651,0 days 00:00:11.134740,0.00024233944888333954,15,6,0.9318908583391358,16,0.02803783186652612,COMPLETE
3890,3890,0.4838709677419355,2021-02-09 00:40:42.923799,2021-02-09 00:41:43.026619,0 days 00:01:00.102820,0.0001639592178786656,5,4,0.9017932872213811,20,0.035455655568789844,COMPLETE
3891,3891,,2021-02-09 00:41:43.028721,2021-02-09 00:41:43.738057,0 days 00:00:00.709336,9.57513565849497e-05,11,0,0.9051982748027136,20,0.038233986804394646,FAIL
3892,3892,0.4789554531490015,2021-02-09 00:41:43.739585,2021-02-09 00:41:54.596019,0 days 00:00:10.856434,9.189755209920245e-05,11,4,0.9272185221855067,20,0.02476402857321881,COMPLETE
3893,3893,0.6190476190476191,2021-02-09 00:41:54.598137,2021-02-09 00:42:05.519807,0 days 00:00:10.921670,0.00014912471640041137,11,6,0.9526020393192968,16,0.03837470685869147,COMPLETE
3894,3894,,2021-02-09 00:42:05.521935,2021-02-09 00:42:06.225375,0 days 00:00:00.703440,0.00020855031836909454,15,0,0.944836555452877,20,0.029557215258771922,FAIL
3895,3895,0.43348694316436254,2021-02-09 00:42:06.226941,2021-02-09 00:42:22.473099,0 days 00:00:16.246158,0.00010742057023878753,15,6,0.9057872502594031,20,0.02291139003815857,COMPLETE
3896,3896,0.5757296466973887,2021-02-09 00:42:22.475238,2021-02-09 00:42:33.837615,0 days 00:00:11.362377,0.00019893873975506473,13,8,0.9304967092115675,16,0.030692446728911655,COMPLETE
3897,3897,0.4841781874039939,2021-02-09 00:42:33.839724,2021-02-09 00:42:44.367381,0 days 00:00:10.527657,0.0001353604318135088,11,4,0.9548078629553207,16,0.040774646647343794,COMPLETE
3898,3898,0.506605222734255,2021-02-09 00:42:44.369490,2021-02-09 00:42:55.453650,0 days 00:00:11.084160,0.0001641254080003753,11,6,0.9039472057647618,20,0.04493363578572654,COMPLETE
3899,3899,0.4574500768049155,2021-02-09 00:42:55.455770,2021-02-09 00:43:11.348246,0 days 00:00:15.892476,0.00027762203152500217,11,4,0.9321363670208421,20,0.033876277143563685,COMPLETE
3900,3900,0.5459293394777266,2021-02-09 00:43:11.350359,2021-02-09 00:43:53.973039,0 days 00:00:42.622680,0.002254325804730509,15,8,0.9287587973433555,12,0.026857377246044933,COMPLETE
3901,3901,0.3757296466973886,2021-02-09 00:43:53.975154,2021-02-09 00:44:04.760283,0 days 00:00:10.785129,0.00010226262069607229,11,4,0.9461094668219343,16,0.010634062400759477,COMPLETE
3902,3902,,2021-02-09 00:44:04.762411,2021-02-09 00:44:05.455636,0 days 00:00:00.693225,0.00023034228634689978,11,0,0.9522865870385336,16,0.037447663364906285,FAIL
3903,3903,0.5803379416282642,2021-02-09 00:44:05.457213,2021-02-09 00:44:21.840203,0 days 00:00:16.382990,0.00023450294367472727,11,6,0.9227647601600124,16,0.01710413211507665,COMPLETE
3904,3904,0.3717357910906298,2021-02-09 00:44:21.842314,2021-02-09 00:44:32.831124,0 days 00:00:10.988810,0.00013564794253548542,13,4,0.900116704426784,20,0.02045762795158444,COMPLETE
3905,3905,,2021-02-09 00:44:32.833237,2021-02-09 00:44:33.532221,0 days 00:00:00.698984,0.000175228360739957,11,0,0.9525434187433187,20,0.02962105136241053,FAIL
3906,3906,0.5609831029185868,2021-02-09 00:44:33.534683,2021-02-09 00:44:49.576357,0 days 00:00:16.041674,0.00019620363736161161,11,6,0.901948642183113,20,0.036858312315589,COMPLETE
3907,3907,0.39846390168970813,2021-02-09 00:44:49.578472,2021-02-09 00:45:01.044806,0 days 00:00:11.466334,0.00012101936506709132,15,8,0.945046387751194,18,0.030275061596697656,COMPLETE
3908,3908,,2021-02-09 00:45:01.046937,2021-02-09 00:45:01.756969,0 days 00:00:00.710032,0.00017816725518259057,11,0,0.9565923454311712,16,0.040628591290998106,FAIL
3909,3909,0.44823348694316434,2021-02-09 00:45:01.759594,2021-02-09 00:45:12.853181,0 days 00:00:11.093587,8.829307217949192e-05,11,4,0.9520361408875729,16,0.03967940464772364,COMPLETE
3910,3910,0.47465437788018433,2021-02-09 00:45:12.855305,2021-02-09 00:45:38.771569,0 days 00:00:25.916264,0.0001691685444391542,11,6,0.9565520039316917,20,0.0343029405982561,COMPLETE
3911,3911,0.4651305683563748,2021-02-09 00:45:38.773686,2021-02-09 00:45:49.875607,0 days 00:00:11.101921,0.003921603645995049,15,4,0.9304768650393431,16,0.029108517017984534,COMPLETE
3912,3912,0.5941628264208909,2021-02-09 00:45:49.877736,2021-02-09 00:46:00.959277,0 days 00:00:11.081541,0.013172999410430632,5,6,0.9535990762909661,20,0.046281807851219686,COMPLETE
3913,3913,0.40368663594470044,2021-02-09 00:46:00.961399,2021-02-09 00:46:17.664303,0 days 00:00:16.702904,0.00014613975055725604,11,8,0.927402928725766,16,0.03256857174732478,COMPLETE
3914,3914,,2021-02-09 00:46:17.666423,2021-02-09 00:46:18.353687,0 days 00:00:00.687264,0.00012295924380517655,13,0,0.904948505044364,18,0.010005192745878895,FAIL
3915,3915,0.4552995391705069,2021-02-09 00:46:18.355115,2021-02-09 00:46:29.287521,0 days 00:00:10.932406,0.00021137675102605235,11,4,0.9339220772788597,18,0.025264866983541794,COMPLETE
3916,3916,,2021-02-09 00:46:29.289628,2021-02-09 00:46:30.133783,0 days 00:00:00.844155,0.005294165666504275,13,0,0.9047021818055805,18,0.019121022869726743,FAIL
3917,3917,0.3913978494623656,2021-02-09 00:46:30.136336,2021-02-09 00:46:41.219562,0 days 00:00:11.083226,0.00010890672278896844,13,6,0.9061003045306564,18,0.042008106764928686,COMPLETE
3918,3918,0.4651305683563748,2021-02-09 00:46:41.221704,2021-02-09 00:46:56.975980,0 days 00:00:15.754276,0.00029173852504847496,15,4,0.9327064898381827,16,0.038310769186806266,COMPLETE
3919,3919,,2021-02-09 00:46:56.978131,2021-02-09 00:46:57.693308,0 days 00:00:00.715177,0.00016068259423598775,11,0,0.958575715692071,20,0.022452638518545922,FAIL
3920,3920,,2021-02-09 00:46:57.694824,2021-02-09 00:46:58.379299,0 days 00:00:00.684475,0.00018312473651282385,11,0,0.9550328758402652,20,0.019206288475012816,FAIL
3921,3921,0.44086021505376344,2021-02-09 00:46:58.381880,2021-02-09 00:47:13.869831,0 days 00:00:15.487951,0.0001763250801744403,11,2,0.9582560827874056,20,0.07269294857614293,COMPLETE
3922,3922,0.41597542242703534,2021-02-09 00:47:13.871971,2021-02-09 00:47:29.996727,0 days 00:00:16.124756,0.00013046966761766832,11,6,0.9047167394310864,18,0.02182990932062616,COMPLETE
3923,3923,0.5425499231950844,2021-02-09 00:47:29.998851,2021-02-09 00:48:09.901982,0 days 00:00:39.903131,0.0001635895380728663,15,2,0.9293315954277839,20,0.027026468318052724,COMPLETE
3924,3924,0.5536098310291858,2021-02-09 00:48:09.904139,2021-02-09 00:48:32.068437,0 days 00:00:22.164298,0.00011457549186725368,13,8,0.9000255904700736,16,0.03617995404842468,COMPLETE
3925,3925,0.6159754224270353,2021-02-09 00:48:32.070576,2021-02-09 00:48:42.926000,0 days 00:00:10.855424,9.402501029124775e-05,11,4,0.9554296481012939,20,0.03233299889622615,COMPLETE
3926,3926,0.5649769585253456,2021-02-09 00:48:42.928137,2021-02-09 00:49:03.924570,0 days 00:00:20.996433,0.00023646700745817557,5,4,0.902467458258768,16,0.01888934448170873,COMPLETE
3927,3927,,2021-02-09 00:49:03.926721,2021-02-09 00:49:04.642260,0 days 00:00:00.715539,0.00013130119222893834,11,0,0.925581839289989,20,0.10110462730576197,FAIL
3928,3928,,2021-02-09 00:49:04.644806,2021-02-09 00:49:05.363165,0 days 00:00:00.718359,0.005225290792096613,11,0,0.925964248839537,20,0.042636499943120944,FAIL
3929,3929,0.3831029185867896,2021-02-09 00:49:05.365769,2021-02-09 00:49:16.276425,0 days 00:00:10.910656,0.00541926600869174,11,6,0.9000433689515339,20,0.029243632379985014,COMPLETE
3930,3930,0.4046082949308756,2021-02-09 00:49:16.278577,2021-02-09 00:49:27.252829,0 days 00:00:10.974252,0.0001448442907964392,15,2,0.9254968964472611,18,0.04057185350789379,COMPLETE
3931,3931,0.3812596006144393,2021-02-09 00:49:27.254959,2021-02-09 00:49:38.168186,0 days 00:00:10.913227,0.0008145993390064807,11,6,0.9366559852556486,16,0.022794778713447265,COMPLETE
3932,3932,0.45622119815668205,2021-02-09 00:49:38.170311,2021-02-09 00:49:48.811560,0 days 00:00:10.641249,8.049319935924975e-05,13,2,0.9397708510693468,20,0.04335002953606677,COMPLETE
3933,3933,0.5490015360983103,2021-02-09 00:49:48.813699,2021-02-09 00:50:00.378856,0 days 00:00:11.565157,0.00020309290876047484,11,8,0.9312175630511176,16,0.035937029603780604,COMPLETE
3934,3934,0.376036866359447,2021-02-09 00:50:00.380983,2021-02-09 00:50:10.858180,0 days 00:00:10.477197,0.00034787337161814626,11,4,0.9589024117396401,18,0.011246110101152541,COMPLETE
3935,3935,0.41044546850998465,2021-02-09 00:50:10.860315,2021-02-09 00:50:21.562288,0 days 00:00:10.701973,0.0001290371306243757,13,2,0.9344188717837676,20,0.010018604195853317,COMPLETE
3936,3936,,2021-02-09 00:50:21.564423,2021-02-09 00:50:22.264384,0 days 00:00:00.699961,0.0016807475712913799,15,0,0.9559827802326439,14,0.047212559546959215,FAIL
3937,3937,,2021-02-09 00:50:22.266870,2021-02-09 00:50:22.973039,0 days 00:00:00.706169,1.0111871370207235e-05,15,0,0.9563255775353678,14,0.049333080285534216,FAIL
3938,3938,0.5870967741935483,2021-02-09 00:50:22.975592,2021-02-09 00:50:39.291488,0 days 00:00:16.315896,0.0001552243664932883,15,6,0.9544290024046667,16,0.0318150448282189,COMPLETE
3939,3939,0.41382488479262675,2021-02-09 00:50:39.293621,2021-02-09 00:50:50.140007,0 days 00:00:10.846386,0.00010188890972269127,11,4,0.932554509185022,14,0.04722454183021563,COMPLETE
3940,3940,0.5778801843317972,2021-02-09 00:50:50.142121,2021-02-09 00:51:00.905095,0 days 00:00:10.762974,0.0001925162494029781,7,2,0.9077371461759589,20,0.0341178445162828,COMPLETE
3941,3941,,2021-02-09 00:51:00.907230,2021-02-09 00:51:01.615241,0 days 00:00:00.708011,0.00011951545665559982,11,0,0.9559126275407162,16,0.038187302096283994,FAIL
3942,3942,,2021-02-09 00:51:01.617669,2021-02-09 00:51:02.320374,0 days 00:00:00.702705,0.0001199178463591578,11,0,0.95702437544382,16,0.08125139498446983,FAIL
3943,3943,0.506605222734255,2021-02-09 00:51:02.321797,2021-02-09 00:51:13.660662,0 days 00:00:11.338865,0.0018500392890011639,11,6,0.9567125142612676,16,0.08188225454831705,COMPLETE
3944,3944,0.56036866359447,2021-02-09 00:51:13.662793,2021-02-09 00:52:11.916012,0 days 00:00:58.253219,0.0026900277686833117,15,8,0.9027509918971907,18,0.026781922649738228,COMPLETE
3945,3945,,2021-02-09 00:52:11.917995,2021-02-09 00:52:12.610248,0 days 00:00:00.692253,0.0010196397217833726,11,0,0.928745933390601,16,0.03742156461012861,FAIL
3946,3946,,2021-02-09 00:52:12.611776,2021-02-09 00:52:13.315371,0 days 00:00:00.703595,0.0002504205789132158,11,0,0.988297324999751,16,0.03752433447826717,FAIL
3947,3947,0.4682027649769585,2021-02-09 00:52:13.316862,2021-02-09 00:52:23.667122,0 days 00:00:10.350260,0.0009192687485610606,11,4,0.9515244336712416,16,0.037763160662764805,COMPLETE
3948,3948,,2021-02-09 00:52:23.669267,2021-02-09 00:52:24.519723,0 days 00:00:00.850456,1.012694741240175e-05,11,0,0.9286994856922747,20,0.04894161662556876,FAIL
3949,3949,0.48632872503840247,2021-02-09 00:52:24.521179,2021-02-09 00:52:49.751389,0 days 00:00:25.230210,0.00011794642976488522,5,2,0.9284569465408947,20,0.04229741095579072,COMPLETE
3950,3950,,2021-02-09 00:52:49.753524,2021-02-09 00:52:50.462103,0 days 00:00:00.708579,0.0002481461001534329,7,0,0.9885158332415062,18,0.02978243221493654,FAIL
3951,3951,,2021-02-09 00:52:50.464649,2021-02-09 00:52:51.195867,0 days 00:00:00.731218,0.00025193738415777177,7,0,0.9882714775715542,18,0.029532636531468915,FAIL
