,number,value,datetime_start,datetime_complete,duration,params_lr,params_scheduler_gamma,params_weight_decay,state
1141,1141,0.5241167434715822,2021-02-07 02:17:06.763361,2021-02-07 02:17:17.537018,0 days 00:00:10.773657,0.04165923375632151,0.9375352318141515,0.025079631877419836,COMPLETE
1142,1142,0.4817204301075269,2021-02-07 02:17:17.537846,2021-02-07 02:17:33.482290,0 days 00:00:15.944444,0.03007984097104768,0.9457958425619749,0.26737504510819604,COMPLETE
1143,1143,0.6119815668202765,2021-02-07 02:17:33.483141,2021-02-07 02:17:44.192962,0 days 00:00:10.709821,0.061497504561407665,0.9399155696667258,0.30384391882864265,COMPLETE
1144,1144,0.5877112135176651,2021-02-07 02:17:44.193810,2021-02-07 02:17:55.039315,0 days 00:00:10.845505,0.04989785165438458,0.9594169041053393,0.23974883982333028,COMPLETE
1145,1145,0.5287250384024578,2021-02-07 02:17:55.040155,2021-02-07 02:18:10.835540,0 days 00:00:15.795385,0.03668835467820621,0.9427005081322312,0.1872310864024956,COMPLETE
1146,1146,0.5926267281105991,2021-02-07 02:18:10.836380,2021-02-07 02:18:22.123327,0 days 00:00:11.286947,0.06911035418015557,0.9511400360835038,0.06314717000250103,COMPLETE
1147,1147,0.5016897081413211,2021-02-07 02:18:22.124160,2021-02-07 02:18:38.193172,0 days 00:00:16.069012,0.032784467807522234,0.9351032734448652,0.015588395360495376,COMPLETE
1148,1148,0.570199692780338,2021-02-07 02:18:38.194015,2021-02-07 02:18:49.507005,0 days 00:00:11.312990,0.04221713427396655,0.9440671111831007,0.36685339093918007,COMPLETE
1149,1149,0.5867895545314901,2021-02-07 02:18:49.507837,2021-02-07 02:19:05.425927,0 days 00:00:15.918090,0.02818011590796638,0.9392391594496488,0.21205315323069332,COMPLETE
1150,1150,0.5582181259600615,2021-02-07 02:19:05.426779,2021-02-07 02:19:21.449285,0 days 00:00:16.022506,0.052586303609156775,0.9464075942347115,0.25814616768034887,COMPLETE
1151,1151,0.5849462365591398,2021-02-07 02:19:21.450123,2021-02-07 02:19:37.197006,0 days 00:00:15.746883,0.04469802686091543,0.9413968481472434,0.28037361553912654,COMPLETE
1152,1152,0.5788018433179724,2021-02-07 02:19:37.197842,2021-02-07 02:19:48.341800,0 days 00:00:11.143958,0.03524457608619903,0.9548234935362253,0.16864843695922507,COMPLETE
1153,1153,0.5367127496159754,2021-02-07 02:19:48.342649,2021-02-07 02:19:59.366313,0 days 00:00:11.023664,0.08124401166460535,0.9377680137856443,0.22242116565173708,COMPLETE
1154,1154,0.5886328725038402,2021-02-07 02:19:59.367169,2021-02-07 02:20:10.387562,0 days 00:00:11.020393,0.026416145796347615,0.9326415071917729,0.18064962337227353,COMPLETE
1155,1155,0.5788018433179724,2021-02-07 02:20:10.388405,2021-02-07 02:20:26.441923,0 days 00:00:16.053518,0.057530411718807635,0.9426850650160213,0.19777081375843716,COMPLETE
1156,1156,0.6101382488479262,2021-02-07 02:20:26.442766,2021-02-07 02:20:37.605975,0 days 00:00:11.163209,0.004595593460515256,0.9642135055004176,0.29439610628278845,COMPLETE
1157,1157,0.5662058371735791,2021-02-07 02:20:37.606831,2021-02-07 02:20:48.573960,0 days 00:00:10.967129,0.04012531993230169,0.9496383096698188,0.04882120686667701,COMPLETE
1158,1158,0.5474654377880185,2021-02-07 02:20:48.574807,2021-02-07 02:21:04.750748,0 days 00:00:16.175941,0.05117229586869404,0.9445824326783577,0.0216514268497953,COMPLETE
1159,1159,0.5920122887864824,2021-02-07 02:21:04.751606,2021-02-07 02:21:20.480282,0 days 00:00:15.728676,0.025239008884179,0.9403732397041096,0.25214381433728034,COMPLETE
1160,1160,0.5606758832565284,2021-02-07 02:21:20.481136,2021-02-07 02:21:31.424063,0 days 00:00:10.942927,0.06781256955202461,0.9475726329416456,0.2332428645997604,COMPLETE
1161,1161,0.5895545314900154,2021-02-07 02:21:31.424912,2021-02-07 02:21:42.079095,0 days 00:00:10.654183,0.0332749137687897,0.9521918822096593,0.3239915812504014,COMPLETE
1162,1162,0.5827956989247312,2021-02-07 02:21:42.079944,2021-02-07 02:21:52.986154,0 days 00:00:10.906210,0.044794944971397965,0.9362749772292815,0.27451507428636845,COMPLETE
1163,1163,0.5867895545314901,2021-02-07 02:21:52.987007,2021-02-07 02:22:14.424500,0 days 00:00:21.437493,0.03128303295777026,0.9391238592777923,0.2063785036980892,COMPLETE
1164,1164,0.6095238095238096,2021-02-07 02:22:14.425355,2021-02-07 02:22:25.390903,0 days 00:00:10.965548,0.05910687828144027,0.9430735716344311,0.17951227002397122,COMPLETE
1165,1165,0.482642089093702,2021-02-07 02:22:25.391742,2021-02-07 02:22:36.373060,0 days 00:00:10.981318,0.03950567135235735,0.9457288353175491,0.04428679937413806,COMPLETE
1166,1166,0.535483870967742,2021-02-07 02:22:36.373904,2021-02-07 02:22:47.538779,0 days 00:00:11.164875,0.08625479529995249,0.9412232997370845,0.24547677208683003,COMPLETE
1167,1167,0.5431643625192012,2021-02-07 02:22:47.539625,2021-02-07 02:22:58.590469,0 days 00:00:11.050844,0.0015540901137466436,0.9344350031938631,0.07881343979109964,COMPLETE
1168,1168,0.5769585253456221,2021-02-07 02:22:58.591330,2021-02-07 02:23:14.234225,0 days 00:00:15.642895,0.025394114966691778,0.9484208679765652,0.2916316809699123,COMPLETE
1169,1169,0.535483870967742,2021-02-07 02:23:14.235086,2021-02-07 02:23:25.356426,0 days 00:00:11.121340,0.048811045992689255,0.9562473732063528,0.05588447778223531,COMPLETE
1170,1170,0.5769585253456221,2021-02-07 02:23:25.357264,2021-02-07 02:23:41.129177,0 days 00:00:15.771913,0.03476365764664603,0.9377271062388537,0.22636933860918695,COMPLETE
1171,1171,0.5984639016897081,2021-02-07 02:23:41.130034,2021-02-07 02:24:01.923851,0 days 00:00:20.793817,0.09966654504251563,0.9445195834305531,0.2628660218294165,COMPLETE
1172,1172,0.5585253456221199,2021-02-07 02:24:01.924721,2021-02-07 02:24:13.009976,0 days 00:00:11.085255,0.06275169963290003,0.9417141001940492,0.1928726752713513,COMPLETE
1173,1173,0.6310291858678956,2021-02-07 02:24:13.010842,2021-02-07 02:24:29.047522,0 days 00:00:16.036680,0.03078945855370898,0.9612310634659912,0.16475660543393017,COMPLETE
1174,1174,0.47619047619047616,2021-02-07 02:24:29.048369,2021-02-07 02:24:45.388940,0 days 00:00:16.340571,0.04282591803657462,0.9667290728636339,0.1661541191051568,COMPLETE
1175,1175,0.5864823348694317,2021-02-07 02:24:45.389788,2021-02-07 02:25:06.653054,0 days 00:00:21.263266,0.02423812061519317,0.9613969852432236,0.16458064347603774,COMPLETE
1176,1176,0.5708141321044546,2021-02-07 02:25:06.653905,2021-02-07 02:25:22.517453,0 days 00:00:15.863548,0.04962308868598096,0.9643597879200418,0.16671495937024483,COMPLETE
1177,1177,0.5827956989247312,2021-02-07 02:25:22.518311,2021-02-07 02:25:43.388656,0 days 00:00:20.870345,0.037605566935009625,0.9606762449071544,0.15204088722177386,COMPLETE
1178,1178,0.5668202764976958,2021-02-07 02:25:43.389503,2021-02-07 02:25:59.217649,0 days 00:00:15.828146,0.029260608024188946,0.9624677738884433,0.16598722112100908,COMPLETE
1179,1179,0.562826420890937,2021-02-07 02:25:59.218499,2021-02-07 02:26:10.006046,0 days 00:00:10.787547,0.025014452016729926,0.9629379950349767,0.15750897922643453,COMPLETE
1180,1180,0.5293394777265745,2021-02-07 02:26:10.006904,2021-02-07 02:26:26.200251,0 days 00:00:16.193347,0.02963451022974642,0.960938743426741,0.017383651509992337,COMPLETE
1181,1181,0.5594470046082949,2021-02-07 02:26:26.201101,2021-02-07 02:26:37.155226,0 days 00:00:10.954125,0.06979114377855036,0.9655623768938055,0.18115611132762138,COMPLETE
1182,1182,0.5877112135176651,2021-02-07 02:26:37.156077,2021-02-07 02:26:47.940934,0 days 00:00:10.784857,0.05459097524757152,0.9596017759802433,0.1777962178449457,COMPLETE
1183,1183,0.57357910906298,2021-02-07 02:26:47.941787,2021-02-07 02:27:03.680715,0 days 00:00:15.738928,0.024215149928035955,0.9587684684936125,0.1776435100091414,COMPLETE
1184,1184,0.5631336405529954,2021-02-07 02:27:03.681563,2021-02-07 02:27:15.067601,0 days 00:00:11.386038,0.0389479902681611,0.9388884216235254,0.19104275381423313,COMPLETE
1185,1185,0.533026113671275,2021-02-07 02:27:15.068452,2021-02-07 02:27:26.113215,0 days 00:00:11.044763,0.03215014794848918,0.9588464246621862,0.1584117828351716,COMPLETE
1186,1186,0.5926267281105991,2021-02-07 02:27:26.114063,2021-02-07 02:27:37.149671,0 days 00:00:11.035608,0.026747823464502822,0.9584670296576715,0.32110293222252617,COMPLETE
1187,1187,0.4835637480798771,2021-02-07 02:27:37.150525,2021-02-07 02:27:47.938716,0 days 00:00:10.788191,0.03282741715876244,0.9634196944561226,0.27262390208569814,COMPLETE
1188,1188,0.5778801843317972,2021-02-07 02:27:47.939580,2021-02-07 02:28:04.402302,0 days 00:00:16.462722,0.046049691805966124,0.962830133284103,0.17134302967907775,COMPLETE
1189,1189,0.5806451612903226,2021-02-07 02:28:04.403169,2021-02-07 02:28:20.017840,0 days 00:00:15.614671,0.05647059444727792,0.959869324174031,0.19435016221340543,COMPLETE
1190,1190,0.5625192012288787,2021-02-07 02:28:20.018693,2021-02-07 02:28:30.685081,0 days 00:00:10.666388,0.07055977567053609,0.9618489888117749,0.20415283847707902,COMPLETE
1191,1191,0.5121351766513057,2021-02-07 02:28:30.685933,2021-02-07 02:28:46.535238,0 days 00:00:15.849305,0.023003152570862086,0.9568751283580093,0.18423318760176427,COMPLETE
1192,1192,0.5004608294930876,2021-02-07 02:28:46.536108,2021-02-07 02:29:02.320129,0 days 00:00:15.784021,0.02868227201859801,0.9512816711142129,0.08998291399430855,COMPLETE
1193,1193,0.5434715821812596,2021-02-07 02:29:02.320981,2021-02-07 02:29:18.223434,0 days 00:00:15.902453,0.03432048155451366,0.9611159282608326,0.2156402670763972,COMPLETE
1194,1194,0.5450076804915515,2021-02-07 02:29:18.224295,2021-02-07 02:29:34.722873,0 days 00:00:16.498578,0.041827023252578636,0.9573898995702035,0.012009361323132428,COMPLETE
1195,1195,0.6055299539170507,2021-02-07 02:29:34.723732,2021-02-07 02:29:50.647142,0 days 00:00:15.923410,0.02860724035253019,0.9609506020910785,0.014008745670668343,COMPLETE
1196,1196,0.5615975422427035,2021-02-07 02:29:50.647996,2021-02-07 02:30:01.611562,0 days 00:00:10.963566,0.0796044056525658,0.9707869926791485,0.039564497129461224,COMPLETE
1197,1197,0.5536098310291858,2021-02-07 02:30:01.612412,2021-02-07 02:30:12.612307,0 days 00:00:10.999895,0.048466901328377145,0.9624447442568548,0.15254194060992257,COMPLETE
1198,1198,0.5287250384024578,2021-02-07 02:30:12.613159,2021-02-07 02:30:33.842157,0 days 00:00:21.228998,0.055512585300992304,0.9557621972203514,0.1661259384512208,COMPLETE
1199,1199,0.6221198156682027,2021-02-07 02:30:33.843031,2021-02-07 02:30:44.675655,0 days 00:00:10.832624,0.036364132327160466,0.9651543977476801,0.28927687730359786,COMPLETE
1200,1200,0.6043010752688172,2021-02-07 02:30:44.676520,2021-02-07 02:31:00.582241,0 days 00:00:15.905721,0.03662139190477483,0.9659695997599033,0.3552527001540279,COMPLETE
1201,1201,0.5001536098310292,2021-02-07 02:31:00.583110,2021-02-07 02:31:11.579702,0 days 00:00:10.996592,0.03583086577779735,0.9641157206734073,0.02357587081260749,COMPLETE
1202,1202,0.5637480798771122,2021-02-07 02:31:11.580562,2021-02-07 02:31:22.575591,0 days 00:00:10.995029,0.04582746823124485,0.9695823005305167,0.20250898791812996,COMPLETE
1203,1203,0.5646697388632872,2021-02-07 02:31:22.576456,2021-02-07 02:31:33.112803,0 days 00:00:10.536347,0.0636686132288017,0.9691213705510308,0.3023962939189924,COMPLETE
1204,1204,0.57357910906298,2021-02-07 02:31:33.113675,2021-02-07 02:31:54.016917,0 days 00:00:20.903242,0.023713450207171246,0.9651511844088967,0.32346111757865753,COMPLETE
1205,1205,0.5944700460829493,2021-02-07 02:31:54.017775,2021-02-07 02:32:09.958473,0 days 00:00:15.940698,0.04377023533904852,0.9603602138331194,0.28214529598700094,COMPLETE
1206,1206,0.576036866359447,2021-02-07 02:32:09.959347,2021-02-07 02:32:25.847743,0 days 00:00:15.888396,0.053622098661247924,0.9678105210797041,0.05090571119905594,COMPLETE
1207,1207,0.41781874039938555,2021-02-07 02:32:25.848608,2021-02-07 02:32:36.815460,0 days 00:00:10.966852,0.025533689272869406,0.9588624561514878,0.2967464631368761,COMPLETE
1208,1208,0.5720430107526882,2021-02-07 02:32:36.816324,2021-02-07 02:32:53.012665,0 days 00:00:16.196341,0.03367191502752421,0.9680879992987761,0.1447326581165336,COMPLETE
1209,1209,0.5579109062980031,2021-02-07 02:32:53.013582,2021-02-07 02:33:08.734163,0 days 00:00:15.720581,0.07171651624051299,0.9632280481706853,0.25317222839597514,COMPLETE
1210,1210,0.5238095238095238,2021-02-07 02:33:08.735046,2021-02-07 02:33:19.684009,0 days 00:00:10.948963,0.039559523320020974,0.9767006256359106,0.3462914585111183,COMPLETE
1211,1211,0.5794162826420891,2021-02-07 02:33:19.684873,2021-02-07 02:33:30.601931,0 days 00:00:10.917058,0.027185856092001647,0.9638779300913709,0.30103754315943043,COMPLETE
1212,1212,0.5923195084485408,2021-02-07 02:33:30.602810,2021-02-07 02:33:46.697768,0 days 00:00:16.094958,0.04855291362552096,0.9623410899123354,0.02071577950349352,COMPLETE
1213,1213,0.5192012288786483,2021-02-07 02:33:46.698652,2021-02-07 02:34:07.469409,0 days 00:00:20.770757,0.05902395255481462,0.9668245626593908,0.2413018332845062,COMPLETE
1214,1214,0.5837173579109063,2021-02-07 02:34:07.470274,2021-02-07 02:34:23.161345,0 days 00:00:15.691071,0.04063751361047679,0.9572851629078398,0.2581635176940194,COMPLETE
1215,1215,0.5210445468509984,2021-02-07 02:34:23.162217,2021-02-07 02:34:34.194710,0 days 00:00:11.032493,0.05036204206355125,0.9669157948200219,0.27653259584216106,COMPLETE
1216,1216,0.5877112135176651,2021-02-07 02:34:34.195579,2021-02-07 02:34:50.334716,0 days 00:00:16.139137,0.022538550356395085,0.9660365419257799,0.3080925311745097,COMPLETE
1217,1217,0.5775729646697388,2021-02-07 02:34:50.335593,2021-02-07 02:35:06.505320,0 days 00:00:16.169727,0.08359549941144823,0.9532485152208267,0.04433544182393982,COMPLETE
1218,1218,0.5726574500768049,2021-02-07 02:35:06.506187,2021-02-07 02:35:37.200897,0 days 00:00:30.694710,0.04086198082484453,0.9633709437353668,0.01856357834648488,COMPLETE
1219,1219,0.571121351766513,2021-02-07 02:35:37.201769,2021-02-07 02:35:48.383501,0 days 00:00:11.181732,0.031412844392884796,0.9498009083180031,0.3254495097249439,COMPLETE
1220,1220,0.48509984639016895,2021-02-07 02:35:48.384367,2021-02-07 02:36:04.548994,0 days 00:00:16.164627,0.0710661571397759,0.9374561198393057,0.13865295974028383,COMPLETE
1221,1221,0.5029185867895545,2021-02-07 02:36:04.549863,2021-02-07 02:36:15.320043,0 days 00:00:10.770180,0.033424524116667194,0.9657942875208195,0.1747529192185678,COMPLETE
1222,1222,0.6245775729646698,2021-02-07 02:36:15.320919,2021-02-07 02:36:26.300006,0 days 00:00:10.979087,0.028479304587677074,0.9698535378073918,0.2683251441704199,COMPLETE
1223,1223,0.5846390168970814,2021-02-07 02:36:26.300866,2021-02-07 02:36:41.858145,0 days 00:00:15.557279,0.021317763124692225,0.9730432586590148,0.26485068667384354,COMPLETE
1224,1224,0.5453149001536098,2021-02-07 02:36:41.859026,2021-02-07 02:36:52.826482,0 days 00:00:10.967456,0.02754277984424038,0.966180508237222,0.29472959524394854,COMPLETE
1225,1225,0.5849462365591398,2021-02-07 02:36:52.827366,2021-02-07 02:37:08.790869,0 days 00:00:15.963503,0.029765235581263816,0.9735393185945743,0.2637948008877795,COMPLETE
1226,1226,0.5579109062980031,2021-02-07 02:37:08.791727,2021-02-07 02:37:25.201580,0 days 00:00:16.409853,0.0211227325543539,0.9692187861745744,0.2826747460862898,COMPLETE
1227,1227,0.5683563748079877,2021-02-07 02:37:25.202457,2021-02-07 02:37:36.225632,0 days 00:00:11.023175,0.023819525737726503,0.9726913449349212,0.028884150730693798,COMPLETE
1228,1228,0.571121351766513,2021-02-07 02:37:36.226502,2021-02-07 02:37:57.617750,0 days 00:00:21.391248,0.030844543341299994,0.958780987044258,0.2480066702208412,COMPLETE
1229,1229,0.5649769585253456,2021-02-07 02:37:57.618630,2021-02-07 02:38:13.631010,0 days 00:00:16.012380,0.03428720363494593,0.9741182229413718,0.2802685616912338,COMPLETE
1230,1230,0.5655913978494623,2021-02-07 02:38:13.631880,2021-02-07 02:38:24.473420,0 days 00:00:10.841540,0.0002370450625075532,0.9698516751381727,0.38277041959252167,COMPLETE
1231,1231,0.5695852534562212,2021-02-07 02:38:24.474296,2021-02-07 02:38:40.744009,0 days 00:00:16.269713,0.02594911817326504,0.9704844912877019,0.23466433860550548,COMPLETE
1232,1232,0.5585253456221199,2021-02-07 02:38:40.744905,2021-02-07 02:39:01.056143,0 days 00:00:20.311238,0.09944366951383164,0.9683520169786372,0.2625917734932348,COMPLETE
1233,1233,0.5674347158218126,2021-02-07 02:39:01.057015,2021-02-07 02:39:11.708974,0 days 00:00:10.651959,0.032126826572522006,0.9692133013642917,0.343702186153825,COMPLETE
1234,1234,0.525652841781874,2021-02-07 02:39:11.709863,2021-02-07 02:39:23.012199,0 days 00:00:11.302336,0.038178980337711506,0.97185184425325,0.24911734896078078,COMPLETE
1235,1235,0.5336405529953917,2021-02-07 02:39:23.013074,2021-02-07 02:39:38.959337,0 days 00:00:15.946263,0.06115567474066784,0.9638442152091728,0.2955359970135248,COMPLETE
1236,1236,0.48509984639016895,2021-02-07 02:39:38.960201,2021-02-07 02:39:50.208889,0 days 00:00:11.248688,0.02615566023242729,0.9658487707112337,0.27557738443765384,COMPLETE
1237,1237,0.6009216589861751,2021-02-07 02:39:50.209772,2021-02-07 02:40:06.065450,0 days 00:00:15.855678,0.04829562508303305,0.9686591194428126,0.23330372565100563,COMPLETE
1238,1238,0.5708141321044546,2021-02-07 02:40:06.066329,2021-02-07 02:40:17.111518,0 days 00:00:11.045189,0.03776516834136878,0.956454051584187,0.3250829414885428,COMPLETE
1239,1239,0.5314900153609831,2021-02-07 02:40:17.112389,2021-02-07 02:40:27.902503,0 days 00:00:10.790114,0.02139491357039976,0.974425363905087,0.2559336679630929,COMPLETE
1240,1240,0.5013824884792627,2021-02-07 02:40:27.903385,2021-02-07 02:40:39.105565,0 days 00:00:11.202180,0.029986602299380764,0.9699885843552686,0.29327857094161847,COMPLETE
1241,1241,0.5244239631336406,2021-02-07 02:40:39.106441,2021-02-07 02:40:55.312344,0 days 00:00:16.205903,0.05687641797420761,0.9767985285596669,0.02614443565264404,COMPLETE
1242,1242,0.5834101382488479,2021-02-07 02:40:55.313212,2021-02-07 02:41:06.261979,0 days 00:00:10.948767,0.04478712750010438,0.9677252161553883,0.010817015309381764,COMPLETE
1243,1243,0.570199692780338,2021-02-07 02:41:06.262865,2021-02-07 02:41:22.028761,0 days 00:00:15.765896,0.0329437533500939,0.9542397234650166,0.22733583088547116,COMPLETE
1244,1244,0.5038402457757296,2021-02-07 02:41:22.029637,2021-02-07 02:41:33.031643,0 days 00:00:11.002006,0.08007614827705763,0.9615931011863783,0.3076212594198089,COMPLETE
1245,1245,0.6033794162826421,2021-02-07 02:41:33.032528,2021-02-07 02:41:48.831297,0 days 00:00:15.798769,0.02577627851211463,0.9621381339254854,0.2659771581605532,COMPLETE
1246,1246,0.5231950844854071,2021-02-07 02:41:48.832178,2021-02-07 02:42:04.804549,0 days 00:00:15.972371,0.06300761206093142,0.9718137298784303,0.16034469497525905,COMPLETE
1247,1247,0.46359447004608295,2021-02-07 02:42:04.805437,2021-02-07 02:42:15.856170,0 days 00:00:11.050733,0.03729979742041278,0.9770287019636971,0.24408189445465603,COMPLETE
1248,1248,0.5425499231950844,2021-02-07 02:42:15.857063,2021-02-07 02:42:26.790049,0 days 00:00:10.932986,0.04630318733384818,0.9743955909795105,0.2243700521685466,COMPLETE
1249,1249,0.5794162826420891,2021-02-07 02:42:26.790948,2021-02-07 02:42:37.714459,0 days 00:00:10.923511,0.022538910334892602,0.9593247917260933,0.2816312603411362,COMPLETE
1250,1250,0.49708141321044547,2021-02-07 02:42:37.715352,2021-02-07 02:42:58.971921,0 days 00:00:21.256569,0.031238821364904714,0.9551959972764374,0.15653411928090794,COMPLETE
1251,1251,0.591705069124424,2021-02-07 02:42:58.972799,2021-02-07 02:43:09.814631,0 days 00:00:10.841832,0.05460972747284277,0.9604105929092787,0.25715418032471055,COMPLETE
1252,1252,0.5895545314900154,2021-02-07 02:43:09.815528,2021-02-07 02:43:20.746573,0 days 00:00:10.931045,0.038559510565444516,0.9643311190463562,0.31191346533726094,COMPLETE
1253,1253,0.5576036866359447,2021-02-07 02:43:20.747463,2021-02-07 02:43:36.401057,0 days 00:00:15.653594,0.028146858574130983,0.9677998624682886,0.23668886878594508,COMPLETE
1254,1254,0.5741935483870968,2021-02-07 02:43:36.401945,2021-02-07 02:43:52.688480,0 days 00:00:16.286535,0.06582828300101848,0.9649728757253075,0.2133978428033636,COMPLETE
1255,1255,0.5910906298003072,2021-02-07 02:43:52.689371,2021-02-07 02:44:13.126780,0 days 00:00:20.437409,0.0450264509714555,0.9710395736130579,0.27522632858832063,COMPLETE
1256,1256,0.5379416282642089,2021-02-07 02:44:13.127667,2021-02-07 02:44:24.115916,0 days 00:00:10.988249,0.0995372577576572,0.957569574665079,0.17210731050237751,COMPLETE
1257,1257,0.6178187403993856,2021-02-07 02:44:24.116802,2021-02-07 02:44:40.312941,0 days 00:00:16.196139,0.0361193691229446,0.9525424813921005,0.2490162686969014,COMPLETE
1258,1258,0.5800307219662059,2021-02-07 02:44:40.313839,2021-02-07 02:44:50.968033,0 days 00:00:10.654194,0.05253824281850512,0.9662143120546727,0.14806036381013365,COMPLETE
1259,1259,0.5588325652841782,2021-02-07 02:44:50.968915,2021-02-07 02:45:07.053379,0 days 00:00:16.084464,0.021720658933675207,0.9542915435912163,0.2897828772693956,COMPLETE
1260,1260,0.5729646697388633,2021-02-07 02:45:07.054251,2021-02-07 02:45:22.456551,0 days 00:00:15.402300,0.08455279160442038,0.9706141100869647,0.3527614769354262,COMPLETE
1261,1261,0.5572964669738864,2021-02-07 02:45:22.457428,2021-02-07 02:45:33.672993,0 days 00:00:11.215565,0.027997618588869868,0.9501442921052435,0.18686475626165627,COMPLETE
1262,1262,0.6043010752688172,2021-02-07 02:45:33.673877,2021-02-07 02:45:49.480185,0 days 00:00:15.806308,0.04193791831964713,0.9648075991944233,0.31538133353667935,COMPLETE
1263,1263,0.5557603686635945,2021-02-07 02:45:49.481081,2021-02-07 02:46:05.256215,0 days 00:00:15.775134,0.06937960448568614,0.9718783715320032,0.22183669697474975,COMPLETE
1264,1264,0.5754224270353303,2021-02-07 02:46:05.257098,2021-02-07 02:46:21.263539,0 days 00:00:16.006441,0.03347377941057876,0.9608901534557197,0.020054030721098817,COMPLETE
1265,1265,0.5314900153609831,2021-02-07 02:46:21.264429,2021-02-07 02:46:32.062852,0 days 00:00:10.798423,0.05511118218866267,0.9515370853983491,0.1296586581069813,COMPLETE
