,number,value,datetime_start,datetime_complete,duration,params_lr,params_scheduler_gamma,params_weight_decay,state
254,254,0.5689708141321045,2021-02-06 22:50:18.142239,2021-02-06 22:50:33.918553,0 days 00:00:15.776314,0.03880481119939577,0.9601223213433812,0.23232385624329924,COMPLETE
255,255,0.4728110599078341,2021-02-06 22:50:33.919035,2021-02-06 22:50:55.190702,0 days 00:00:21.271667,3.371841904090335e-05,0.9357412416304625,0.2140885136161059,COMPLETE
256,256,0.549615975422427,2021-02-06 22:50:55.191178,2021-02-06 22:51:10.981630,0 days 00:00:15.790452,0.0149315506446738,0.9886236967124198,0.09321467401973392,COMPLETE
257,257,0.5327188940092166,2021-02-06 22:51:10.982097,2021-02-06 22:51:21.797620,0 days 00:00:10.815523,0.02157193213699772,0.9453424384518493,0.24461215478932669,COMPLETE
258,258,0.5668202764976958,2021-02-06 22:51:21.798138,2021-02-06 22:51:32.897401,0 days 00:00:11.099263,0.05219335224284303,0.9479689306784328,0.280733788465921,COMPLETE
259,259,0.5198156682027649,2021-02-06 22:51:32.897870,2021-02-06 22:51:43.386171,0 days 00:00:10.488301,0.06670145133970984,0.9519001116922674,0.38650971329126854,COMPLETE
260,260,0.5695852534562212,2021-02-06 22:51:43.386651,2021-02-06 22:51:59.156911,0 days 00:00:15.770260,0.02758756417846417,0.9584398546650279,0.26011815718895004,COMPLETE
261,261,0.5975422427035331,2021-02-06 22:51:59.157394,2021-02-06 22:52:09.767604,0 days 00:00:10.610210,0.003472284354056338,0.9386371157676876,0.1896526224739481,COMPLETE
262,262,0.5662058371735791,2021-02-06 22:52:09.768073,2021-02-06 22:52:25.304757,0 days 00:00:15.536684,0.04471312280366594,0.9441365381259093,0.336840784583694,COMPLETE
263,263,0.48663594470046084,2021-02-06 22:52:25.305233,2021-02-06 22:52:46.022249,0 days 00:00:20.717016,0.008624769345550417,0.9558062852913259,0.22653966032676287,COMPLETE
264,264,0.5557603686635945,2021-02-06 22:52:46.022739,2021-02-06 22:53:01.585940,0 days 00:00:15.563201,0.015891855955334627,0.9397594080405667,0.20095232125580742,COMPLETE
265,265,0.498310291858679,2021-02-06 22:53:01.586415,2021-02-06 22:53:17.118236,0 days 00:00:15.531821,0.034468144298685395,0.9494769776029199,0.06556726473362198,COMPLETE
266,266,0.5714285714285714,2021-02-06 22:53:17.118720,2021-02-06 22:53:38.177344,0 days 00:00:21.058624,0.023676325545124242,0.946691705139073,0.31106066422758055,COMPLETE
267,267,0.5465437788018433,2021-02-06 22:53:38.177831,2021-02-06 22:53:49.275827,0 days 00:00:11.097996,0.0004526925923971949,0.9345045360018135,0.15773872783962123,COMPLETE
268,268,0.5643625192012289,2021-02-06 22:53:49.276302,2021-02-06 22:54:05.085165,0 days 00:00:15.808863,0.019424037607243785,0.962705057106192,0.24109934435045854,COMPLETE
269,269,0.5788018433179724,2021-02-06 22:54:05.085641,2021-02-06 22:54:25.601134,0 days 00:00:20.515493,0.012698718702222313,0.9419249563736757,0.17018999208861826,COMPLETE
270,270,0.471889400921659,2021-02-06 22:54:25.601612,2021-02-06 22:54:41.888511,0 days 00:00:16.286899,0.028946402181242278,0.9308290187378215,0.2163333998839084,COMPLETE
271,271,0.5932411674347158,2021-02-06 22:54:41.888996,2021-02-06 22:54:52.746463,0 days 00:00:10.857467,0.038533840667086254,0.953910144205954,0.28098080275058807,COMPLETE
272,272,0.5646697388632872,2021-02-06 22:54:52.746955,2021-02-06 22:55:08.731255,0 days 00:00:15.984300,0.016096977958643757,0.9367499800619327,0.26203558557381534,COMPLETE
273,273,0.5987711213517665,2021-02-06 22:55:08.731940,2021-02-06 22:55:19.612965,0 days 00:00:10.881025,0.01170013541594316,0.9595757786460005,0.18570152477355448,COMPLETE
274,274,0.5963133640552996,2021-02-06 22:55:19.613448,2021-02-06 22:55:30.114690,0 days 00:00:10.501242,0.007323385710689763,0.9449963808953188,0.23645522066973784,COMPLETE
275,275,0.5674347158218126,2021-02-06 22:55:30.115167,2021-02-06 22:55:46.088450,0 days 00:00:15.973283,0.04455642462303263,0.9569884647395945,0.2085024201092377,COMPLETE
276,276,0.595084485407066,2021-02-06 22:55:46.088929,2021-02-06 22:55:57.119079,0 days 00:00:11.030150,0.005341870231985099,0.9514814299170582,0.03490200827946973,COMPLETE
277,277,0.6153609831029185,2021-02-06 22:55:57.119555,2021-02-06 22:56:12.997650,0 days 00:00:15.878095,0.019321905867283454,0.9429788040579045,0.2514269710818009,COMPLETE
278,278,0.5428571428571428,2021-02-06 22:56:12.998140,2021-02-06 22:56:34.065428,0 days 00:00:21.067288,0.025283098936317167,0.9434760171208577,0.12316669495417085,COMPLETE
279,279,0.5576036866359447,2021-02-06 22:56:34.066151,2021-02-06 22:56:45.049935,0 days 00:00:10.983784,0.019816523213862174,0.9422297264418512,0.230835419041622,COMPLETE
280,280,0.5327188940092166,2021-02-06 22:56:45.050425,2021-02-06 22:57:01.352651,0 days 00:00:16.302226,0.03314556934677725,0.9409622918502738,0.2905045213923839,COMPLETE
281,281,0.5480798771121351,2021-02-06 22:57:01.353139,2021-02-06 22:57:22.231558,0 days 00:00:20.878419,0.06160694210151836,0.9397673035139025,0.07490890278430613,COMPLETE
282,282,0.5416282642089094,2021-02-06 22:57:22.232044,2021-02-06 22:57:43.016398,0 days 00:00:20.784354,0.014035288913745813,0.9464594416706767,0.25457908967171666,COMPLETE
283,283,0.5766513056835637,2021-02-06 22:57:43.016873,2021-02-06 22:58:03.671067,0 days 00:00:20.654194,0.01771120609561552,0.9446410429264772,0.21999231505406114,COMPLETE
284,284,0.5751152073732719,2021-02-06 22:58:03.671541,2021-02-06 22:58:19.365807,0 days 00:00:15.694266,0.02254008723271195,0.9490397420985522,0.20146751297259344,COMPLETE
285,285,0.5311827956989247,2021-02-06 22:58:19.366287,2021-02-06 22:58:29.967932,0 days 00:00:10.601645,0.014458017179991255,0.9436113217712696,0.24559432743100557,COMPLETE
286,286,0.57357910906298,2021-02-06 22:58:29.968417,2021-02-06 22:58:40.853414,0 days 00:00:10.884997,0.009073650316520429,0.9382714232672824,0.21922095068341124,COMPLETE
287,287,0.6049155145929339,2021-02-06 22:58:40.853894,2021-02-06 22:58:57.035707,0 days 00:00:16.181813,0.01773563504156804,0.9271888178512553,0.26186838102105636,COMPLETE
288,288,0.5686635944700461,2021-02-06 22:58:57.036192,2021-02-06 22:59:07.811286,0 days 00:00:10.775094,0.02046787473487795,0.9251382158419498,0.26522878959774027,COMPLETE
289,289,0.589247311827957,2021-02-06 22:59:07.811764,2021-02-06 22:59:23.640071,0 days 00:00:15.828307,0.027071531540023484,0.9307405364039028,0.24359615743259658,COMPLETE
290,290,0.5708141321044546,2021-02-06 22:59:23.640548,2021-02-06 22:59:34.309522,0 days 00:00:10.668974,0.017355148692985337,0.9285845590534081,0.18081881808998854,COMPLETE
291,291,0.5827956989247312,2021-02-06 22:59:34.310005,2021-02-06 22:59:45.262582,0 days 00:00:10.952577,0.05192658578190423,0.9327816294035922,0.26932241364868564,COMPLETE
292,292,0.5490015360983103,2021-02-06 22:59:45.263085,2021-02-06 22:59:56.182382,0 days 00:00:10.919297,0.03547629873154682,0.9414163525029798,0.2050708190238776,COMPLETE
293,293,0.504147465437788,2021-02-06 22:59:56.182870,2021-02-06 23:00:12.362875,0 days 00:00:16.180005,0.02287361117863954,0.9430155836681939,0.23651250758678147,COMPLETE
294,294,0.5901689708141321,2021-02-06 23:00:12.363353,2021-02-06 23:00:28.490930,0 days 00:00:16.127577,0.03098732384542688,0.9283997053275668,0.46142829025554405,COMPLETE
295,295,0.5665130568356375,2021-02-06 23:00:28.491417,2021-02-06 23:00:44.421124,0 days 00:00:15.929707,0.011115057983515734,0.9365876359447639,0.22426635447451967,COMPLETE
296,296,0.5170506912442396,2021-02-06 23:00:44.421610,2021-02-06 23:00:55.184209,0 days 00:00:10.762599,0.016245244808811107,0.9405097362600454,0.1945362587063752,COMPLETE
297,297,0.5745007680491552,2021-02-06 23:00:55.184696,2021-02-06 23:01:06.123355,0 days 00:00:10.938659,0.043666822754067185,0.9271006217299865,0.25397315316316327,COMPLETE
298,298,0.5665130568356375,2021-02-06 23:01:06.123857,2021-02-06 23:01:16.901389,0 days 00:00:10.777532,0.025138530913341416,0.9460067721290923,0.28048516844444693,COMPLETE
299,299,0.6021505376344086,2021-02-06 23:01:16.901881,2021-02-06 23:01:37.758813,0 days 00:00:20.856932,0.019723529495556093,0.9265782662203581,0.22249973799539968,COMPLETE
300,300,0.5920122887864824,2021-02-06 23:01:37.759299,2021-02-06 23:01:53.563055,0 days 00:00:15.803756,0.07438345933360592,0.9606692556762098,0.17256519729594666,COMPLETE
301,301,0.5831029185867895,2021-02-06 23:01:53.563541,2021-02-06 23:02:09.445833,0 days 00:00:15.882292,0.013540227268098472,0.9340614918075882,0.2492211167130948,COMPLETE
302,302,0.571121351766513,2021-02-06 23:02:09.446330,2021-02-06 23:02:25.481995,0 days 00:00:16.035665,0.05646945104817795,0.9479878310477196,0.20564067964453958,COMPLETE
303,303,0.5938556067588325,2021-02-06 23:02:25.482493,2021-02-06 23:02:41.542375,0 days 00:00:16.059882,0.03785662798154454,0.9653732320872602,0.29865741984868954,COMPLETE
304,304,0.584331797235023,2021-02-06 23:02:41.542868,2021-02-06 23:02:52.222751,0 days 00:00:10.679883,0.02643424657473914,0.9388676451393677,0.23786855091033712,COMPLETE
305,305,0.6076804915514593,2021-02-06 23:02:52.223253,2021-02-06 23:03:08.169356,0 days 00:00:15.946103,0.017408515349548515,0.9543351913711271,0.2697124812639661,COMPLETE
306,306,0.5723502304147465,2021-02-06 23:03:08.169842,2021-02-06 23:03:24.167770,0 days 00:00:15.997928,0.01802329920408823,0.953269720964213,0.08429627354525179,COMPLETE
307,307,0.44608294930875575,2021-02-06 23:03:24.168269,2021-02-06 23:03:39.875607,0 days 00:00:15.707338,0.03097025227938835,0.9561074502381919,0.32323315826178944,COMPLETE
308,308,0.5837173579109063,2021-02-06 23:03:39.876098,2021-02-06 23:04:00.793955,0 days 00:00:20.917857,0.020954621963803502,0.9546638602536183,0.2759909099331552,COMPLETE
309,309,0.5038402457757296,2021-02-06 23:04:00.794493,2021-02-06 23:04:11.672353,0 days 00:00:10.877860,0.04863366269679074,0.923219440193985,0.2648509390558491,COMPLETE
310,310,0.5815668202764976,2021-02-06 23:04:11.672887,2021-02-06 23:04:22.512183,0 days 00:00:10.839296,0.016749450187750328,0.9581879156132028,0.18752327128231386,COMPLETE
311,311,0.5966205837173579,2021-02-06 23:04:22.512721,2021-02-06 23:04:38.719833,0 days 00:00:16.207112,0.027237647129392018,0.9518586360261074,0.28781213414188583,COMPLETE
312,312,0.5877112135176651,2021-02-06 23:04:38.720330,2021-02-06 23:04:54.396085,0 days 00:00:15.675755,0.021811913182680207,0.9548799190624945,0.2532339093717664,COMPLETE
313,313,0.5698924731182796,2021-02-06 23:04:54.396587,2021-02-06 23:05:04.894890,0 days 00:00:10.498303,0.03946868441161183,0.9354376888966621,0.4996357162185648,COMPLETE
314,314,0.5975422427035331,2021-02-06 23:05:04.895389,2021-02-06 23:05:16.112505,0 days 00:00:11.217116,0.01464637225920626,0.9564636690268437,0.21370535391802448,COMPLETE
315,315,0.5637480798771122,2021-02-06 23:05:16.113021,2021-02-06 23:05:37.282829,0 days 00:00:21.169808,0.011181826392929603,0.9500929839158991,0.10441386722947478,COMPLETE
316,316,0.5493087557603686,2021-02-06 23:05:37.283354,2021-02-06 23:05:47.947608,0 days 00:00:10.664254,0.06203819715431943,0.932233191356283,0.31564333844408765,COMPLETE
317,317,0.5904761904761905,2021-02-06 23:05:47.948097,2021-02-06 23:06:03.713318,0 days 00:00:15.765221,0.0346104482340123,0.9297271680621537,0.04634895631743094,COMPLETE
318,318,0.5923195084485408,2021-02-06 23:06:03.713809,2021-02-06 23:06:19.696414,0 days 00:00:15.982605,0.02384978489067406,0.9588886552161837,0.23151668568836173,COMPLETE
319,319,0.5904761904761905,2021-02-06 23:06:19.696910,2021-02-06 23:06:30.446161,0 days 00:00:10.749251,0.008788884005927219,0.9377803635448192,0.27011817469914273,COMPLETE
320,320,0.5619047619047619,2021-02-06 23:06:30.446665,2021-02-06 23:06:41.453491,0 days 00:00:11.006826,0.029567949493974455,0.9537353551907103,0.3568799742287296,COMPLETE
321,321,0.5668202764976958,2021-02-06 23:06:41.453983,2021-02-06 23:06:57.605525,0 days 00:00:16.151542,0.019090990183258057,0.9617365414793283,0.40584224793557416,COMPLETE
322,322,0.46697388632872505,2021-02-06 23:06:57.606022,2021-02-06 23:07:13.289048,0 days 00:00:15.683026,0.04590336596381722,0.9450145801910116,0.14366155964538832,COMPLETE
323,323,0.578494623655914,2021-02-06 23:07:13.289581,2021-02-06 23:07:24.217133,0 days 00:00:10.927552,0.013070255585743618,0.9425359207472057,0.299829802968911,COMPLETE
324,324,0.5956989247311828,2021-02-06 23:07:24.217633,2021-02-06 23:07:35.238189,0 days 00:00:11.020556,0.09975265444827695,0.9404597457809095,0.25076287724172236,COMPLETE
325,325,0.6012288786482335,2021-02-06 23:07:35.238692,2021-02-06 23:07:51.170812,0 days 00:00:15.932120,0.015629077190476456,0.9471015779092833,0.1967033131652204,COMPLETE
326,326,0.5692780337941629,2021-02-06 23:07:51.171311,2021-02-06 23:08:01.951655,0 days 00:00:10.780344,0.020682290700450325,0.957090576205332,0.2188899626584908,COMPLETE
327,327,0.552073732718894,2021-02-06 23:08:01.952164,2021-02-06 23:08:12.760761,0 days 00:00:10.808597,0.01037310461760948,0.9528657115655366,0.23742931127902142,COMPLETE
328,328,0.5407066052227343,2021-02-06 23:08:12.761256,2021-02-06 23:08:23.690621,0 days 00:00:10.929365,0.052909711904730754,0.9736201234741981,0.023124371829482886,COMPLETE
329,329,0.5858678955453149,2021-02-06 23:08:23.691133,2021-02-06 23:08:34.491735,0 days 00:00:10.800602,0.007050198098386404,0.9439927317167661,0.28227675279902525,COMPLETE
330,330,0.562826420890937,2021-02-06 23:08:34.492250,2021-02-06 23:08:49.983467,0 days 00:00:15.491217,0.024611628091745472,0.9513046196327624,0.2585900287164038,COMPLETE
331,331,0.5271889400921659,2021-02-06 23:08:49.983979,2021-02-06 23:09:00.734270,0 days 00:00:10.750291,0.030489987521328123,0.9368107472570637,0.16715001944205538,COMPLETE
332,332,0.5511520737327189,2021-02-06 23:09:00.734775,2021-02-06 23:09:11.709043,0 days 00:00:10.974268,0.03894885296048433,0.941779518831667,0.20771485019787536,COMPLETE
333,333,0.5720430107526882,2021-02-06 23:09:11.709550,2021-02-06 23:09:27.519839,0 days 00:00:15.810289,0.016120777530224378,0.9259946972055955,0.22787229126487446,COMPLETE
334,334,0.5745007680491552,2021-02-06 23:09:27.520341,2021-02-06 23:09:38.279587,0 days 00:00:10.759246,0.07013696601074597,0.9486733845905907,0.18705781856962014,COMPLETE
335,335,0.5880184331797235,2021-02-06 23:09:38.280083,2021-02-06 23:10:04.421755,0 days 00:00:26.141672,0.01304439424353716,0.9458966270961551,0.2649102993178737,COMPLETE
336,336,0.5585253456221199,2021-02-06 23:10:04.422258,2021-02-06 23:10:20.091472,0 days 00:00:15.669214,0.01941378020116653,0.959877708444531,0.330824565421648,COMPLETE
337,337,0.5351766513056836,2021-02-06 23:10:20.091988,2021-02-06 23:10:30.782715,0 days 00:00:10.690727,0.03411676257379686,0.939388804255479,0.24322325307671677,COMPLETE
338,338,0.5861751152073733,2021-02-06 23:10:30.783224,2021-02-06 23:10:46.640345,0 days 00:00:15.857121,0.009555034578110515,0.9544514176102465,0.21195417791212606,COMPLETE
339,339,0.41597542242703534,2021-02-06 23:10:46.640847,2021-02-06 23:11:02.634655,0 days 00:00:15.993808,0.024352820864354623,0.9578850817747487,0.3026699632041757,COMPLETE
340,340,0.5864823348694317,2021-02-06 23:11:02.635160,2021-02-06 23:11:13.480175,0 days 00:00:10.845015,0.0114004543116347,0.9347222605884422,0.22580245439667707,COMPLETE
341,341,0.5840245775729647,2021-02-06 23:11:13.480689,2021-02-06 23:11:29.381335,0 days 00:00:15.900646,0.016831032822935205,0.9558709978657804,0.2838165699077167,COMPLETE
342,342,0.6009216589861751,2021-02-06 23:11:29.381842,2021-02-06 23:11:45.404429,0 days 00:00:16.022587,0.04543446401135807,0.9428493979030982,0.19637832307063524,COMPLETE
343,343,0.5855606758832566,2021-02-06 23:11:45.404946,2021-02-06 23:11:56.253080,0 days 00:00:10.848134,0.02908010998006959,0.9303606322425744,0.25137351468945046,COMPLETE
344,344,0.5913978494623656,2021-02-06 23:11:56.253587,2021-02-06 23:12:07.207513,0 days 00:00:10.953926,0.05519092960823935,0.9471239791432772,0.01215916955450774,COMPLETE
345,345,0.5419354838709678,2021-02-06 23:12:07.208015,2021-02-06 23:12:23.010781,0 days 00:00:15.802766,0.007905790715534003,0.9505063429901318,0.23640933145087278,COMPLETE
346,346,0.48448540706605225,2021-02-06 23:12:23.011285,2021-02-06 23:12:33.797398,0 days 00:00:10.786113,0.013905659828811024,0.9406074174337802,0.17856316485128468,COMPLETE
347,347,0.6043010752688172,2021-02-06 23:12:33.797904,2021-02-06 23:12:44.513457,0 days 00:00:10.715553,0.037049147332088625,0.9334935183429786,0.13668947618513907,COMPLETE
348,348,0.482642089093702,2021-02-06 23:12:44.513967,2021-02-06 23:12:55.404984,0 days 00:00:10.891017,0.022305360697340314,0.9454233767074539,0.2712749289976919,COMPLETE
349,349,0.49923195084485406,2021-02-06 23:12:55.405497,2021-02-06 23:13:11.594208,0 days 00:00:16.188711,0.08278824241246321,0.9614351762665398,0.38078639512010515,COMPLETE
350,350,0.5121351766513057,2021-02-06 23:13:11.594730,2021-02-06 23:13:22.360558,0 days 00:00:10.765828,0.00017150379760631017,0.9443938721784555,0.21302018810231843,COMPLETE
351,351,0.581874039938556,2021-02-06 23:13:22.361075,2021-02-06 23:13:33.374655,0 days 00:00:11.013580,0.017740224695963508,0.9380298669015128,0.250867921161381,COMPLETE
352,352,0.5901689708141321,2021-02-06 23:13:33.375161,2021-02-06 23:13:44.379817,0 days 00:00:11.004656,0.0062479623888504875,0.9530266533784089,0.2253417474640907,COMPLETE
353,353,0.5385560675883256,2021-02-06 23:13:44.380319,2021-02-06 23:13:55.611157,0 days 00:00:11.230838,0.012005413814672032,0.958062536627914,0.3420429638708539,COMPLETE
354,354,0.5855606758832566,2021-02-06 23:13:55.611662,2021-02-06 23:14:16.875819,0 days 00:00:21.264157,0.02765048663754207,0.9635151696278632,0.20248455753364897,COMPLETE
355,355,0.5554531490015361,2021-02-06 23:14:16.876331,2021-02-06 23:14:27.806081,0 days 00:00:10.929750,0.04258332791239039,0.9279124910692552,0.2950199165658971,COMPLETE
356,356,0.5493087557603686,2021-02-06 23:14:27.806582,2021-02-06 23:14:38.853048,0 days 00:00:11.046466,0.015003970054909464,0.9416802422174153,0.23798165381296535,COMPLETE
357,357,0.4344086021505376,2021-02-06 23:14:38.853560,2021-02-06 23:14:49.796634,0 days 00:00:10.943074,0.019385454675552312,0.9485427986974576,0.15661046402157183,COMPLETE
358,358,0.5416282642089094,2021-02-06 23:14:49.797143,2021-02-06 23:15:05.621289,0 days 00:00:15.824146,0.03414650729097796,0.9394136950050282,0.2658086173865587,COMPLETE
359,359,0.47803379416282643,2021-02-06 23:15:05.621799,2021-02-06 23:15:16.559147,0 days 00:00:10.937348,0.0629782653353614,0.9555631182845078,0.18020818477580614,COMPLETE
360,360,0.6092165898617512,2021-02-06 23:15:16.559661,2021-02-06 23:15:37.644269,0 days 00:00:21.084608,0.022796024219684963,0.9440411133443497,0.1990691719881797,COMPLETE
361,361,0.6101382488479262,2021-02-06 23:15:37.644795,2021-02-06 23:15:53.558339,0 days 00:00:15.913544,0.023493949497267054,0.9435510981443117,0.19580202173375866,COMPLETE
362,362,0.5775729646697388,2021-02-06 23:15:53.558861,2021-02-06 23:16:04.181276,0 days 00:00:10.622415,0.024466054320174582,0.9439463999990744,0.18930825498573448,COMPLETE
363,363,0.6113671274961597,2021-02-06 23:16:04.181793,2021-02-06 23:16:24.668953,0 days 00:00:20.487160,0.029496726305172413,0.9426059076494625,0.16304265765730852,COMPLETE
364,364,0.6202764976958526,2021-02-06 23:16:24.669477,2021-02-06 23:16:35.183657,0 days 00:00:10.514180,0.029213663015486852,0.9416174816200711,0.14853812562797708,COMPLETE
365,365,0.4964669738863287,2021-02-06 23:16:35.184177,2021-02-06 23:16:51.384726,0 days 00:00:16.200549,0.031145600965890675,0.9417347982111139,0.1315279775112463,COMPLETE
366,366,0.5910906298003072,2021-02-06 23:16:51.385248,2021-02-06 23:17:07.695207,0 days 00:00:16.309959,0.028587011538836672,0.9423186159699215,0.14921369586978217,COMPLETE
367,367,0.6168970814132104,2021-02-06 23:17:07.695725,2021-02-06 23:17:23.549302,0 days 00:00:15.853577,0.02458755114506491,0.9433042724590451,0.14619863243198644,COMPLETE
368,368,0.5972350230414747,2021-02-06 23:17:23.549829,2021-02-06 23:17:39.389907,0 days 00:00:15.840078,0.025438607908547878,0.9431181201255998,0.15650683832316775,COMPLETE
369,369,0.5204301075268817,2021-02-06 23:17:39.390428,2021-02-06 23:17:59.944382,0 days 00:00:20.553954,0.03510084422857485,0.9401598822135337,0.14263243776744616,COMPLETE
370,370,0.5926267281105991,2021-02-06 23:17:59.944890,2021-02-06 23:18:10.739591,0 days 00:00:10.794701,0.024283015586046817,0.9439474000367526,0.12038462812540822,COMPLETE
371,371,0.5966205837173579,2021-02-06 23:18:10.740111,2021-02-06 23:18:26.771525,0 days 00:00:16.031414,0.03902533488190221,0.9454787815419612,0.15060400733071344,COMPLETE
372,372,0.44178187403993857,2021-02-06 23:18:26.772049,2021-02-06 23:18:42.920162,0 days 00:00:16.148113,0.030576700300511447,0.9410567507606943,0.17221644618999998,COMPLETE
373,373,0.5904761904761905,2021-02-06 23:18:42.920678,2021-02-06 23:19:04.140263,0 days 00:00:21.219585,0.022566622195399875,0.9428003056113888,0.14134700021784435,COMPLETE
374,374,0.5422427035330261,2021-02-06 23:19:04.140779,2021-02-06 23:19:14.945182,0 days 00:00:10.804403,0.028422284143703184,0.9460206721712966,0.16292111196881146,COMPLETE
375,375,0.6122887864823349,2021-02-06 23:19:14.945707,2021-02-06 23:19:30.976230,0 days 00:00:16.030523,0.04364013303546733,0.9396835127743153,0.1745976002038131,COMPLETE
376,376,0.528110599078341,2021-02-06 23:19:30.976744,2021-02-06 23:19:41.936218,0 days 00:00:10.959474,0.04855140134855345,0.9403989418640588,0.1633426209019709,COMPLETE
377,377,0.5944700460829493,2021-02-06 23:19:41.936746,2021-02-06 23:19:52.867106,0 days 00:00:10.930360,0.042767818536635575,0.9384365208838588,0.16562283391421925,COMPLETE
378,378,0.5339477726574501,2021-02-06 23:19:52.867631,2021-02-06 23:20:04.124347,0 days 00:00:11.256716,0.034915555971497945,0.9436259387392746,0.1580089127698705,COMPLETE
379,379,0.5342549923195085,2021-02-06 23:20:04.124864,2021-02-06 23:20:14.791864,0 days 00:00:10.667000,0.0518795187805764,0.9393286971732693,0.1498255806337866,COMPLETE
380,380,0.5834101382488479,2021-02-06 23:20:14.792382,2021-02-06 23:20:35.533230,0 days 00:00:20.740848,0.031142455805007144,0.9415794937880502,0.16825733232245108,COMPLETE
