,number,value,datetime_start,datetime_complete,duration,params_lr,params_nl2,params_num_ct,params_scheduler_gamma,params_sigma2,params_weight_decay,state
3079,3079,,2021-02-08 22:32:52.010177,2021-02-08 22:32:52.687204,0 days 00:00:00.677027,0.00010341304185600944,7,0,0.9577176455493465,20,0.013003311191018094,FAIL
3080,3080,0.4980030721966206,2021-02-08 22:32:52.689364,2021-02-08 22:33:03.931004,0 days 00:00:11.241640,0.00010610415035540609,7,6,0.9282536614389957,20,0.13479191025826012,COMPLETE
3081,3081,,2021-02-08 22:33:03.932781,2021-02-08 22:33:04.623959,0 days 00:00:00.691178,1.004748165400278e-05,11,0,0.9576326647458403,20,0.013247681449381965,FAIL
3082,3082,0.623963133640553,2021-02-08 22:33:04.626076,2021-02-08 22:33:20.176984,0 days 00:00:15.550908,2.576409283349493e-05,11,2,0.9581667779831732,20,0.03721834184936075,COMPLETE
3083,3083,,2021-02-08 22:33:20.178820,2021-02-08 22:33:20.863069,0 days 00:00:00.684249,2.47686181392751e-05,11,0,0.9070004812113038,20,0.03150673194737446,FAIL
3084,3084,,2021-02-08 22:33:20.865126,2021-02-08 22:33:21.530359,0 days 00:00:00.665233,2.9834209869730047e-05,11,0,0.9562738817316638,20,0.0315341297327841,FAIL
3085,3085,0.4878648233486943,2021-02-08 22:33:21.532535,2021-02-08 22:33:32.234224,0 days 00:00:10.701689,2.4131501862645195e-05,11,2,0.9571801261909451,20,0.032018772673107265,COMPLETE
3086,3086,,2021-02-08 22:33:32.235989,2021-02-08 22:33:32.925420,0 days 00:00:00.689431,2.6994920193332535e-05,11,0,0.9590837964535247,20,0.03649877775123199,FAIL
3087,3087,,2021-02-08 22:33:32.926720,2021-02-08 22:33:33.740693,0 days 00:00:00.813973,3.183609898467033e-05,11,0,0.9582301993390681,20,0.03798525724514679,FAIL
3088,3088,,2021-02-08 22:33:33.741877,2021-02-08 22:33:34.394347,0 days 00:00:00.652470,2.7303657534528632e-05,11,0,0.9590794445071046,20,0.037630565102958896,FAIL
3089,3089,,2021-02-08 22:33:34.396410,2021-02-08 22:33:35.094626,0 days 00:00:00.698216,2.6851025298702665e-05,11,0,0.9585436912547872,20,0.036316717158521986,FAIL
3090,3090,0.471889400921659,2021-02-08 22:33:35.096742,2021-02-08 22:33:45.614147,0 days 00:00:10.517405,3.0691869416823164e-05,11,2,0.9588546415017903,20,0.03716797663952707,COMPLETE
3091,3091,0.4599078341013825,2021-02-08 22:33:45.615933,2021-02-08 22:33:56.751484,0 days 00:00:11.135551,1.1902512357916038e-05,11,2,0.906128155664845,20,0.03582231159635124,COMPLETE
3092,3092,0.5185867895545315,2021-02-08 22:33:56.753246,2021-02-08 22:34:07.608363,0 days 00:00:10.855117,1.6886397090378954e-05,11,2,0.9621902562621426,20,0.014163749246928646,COMPLETE
3093,3093,,2021-02-08 22:34:07.610141,2021-02-08 22:34:08.304550,0 days 00:00:00.694409,2.106337780059163e-05,11,0,0.9561884937201038,20,0.012960737530335734,FAIL
3094,3094,0.4466973886328725,2021-02-08 22:34:08.306673,2021-02-08 22:34:19.019084,0 days 00:00:10.712411,4.107526490246536e-05,11,2,0.9559789599394638,20,0.04081735642793915,COMPLETE
3095,3095,0.5754224270353303,2021-02-08 22:34:19.020858,2021-02-08 22:34:49.925529,0 days 00:00:30.904671,2.179360560981571e-05,9,4,0.959192936290353,20,0.012977092617686373,COMPLETE
3096,3096,0.38771121351766513,2021-02-08 22:34:49.927307,2021-02-08 22:35:00.907754,0 days 00:00:10.980447,2.9224679330400377e-05,7,2,0.9665158447560975,18,0.029071754775086556,COMPLETE
3097,3097,0.5069124423963134,2021-02-08 22:35:00.909537,2021-02-08 22:35:17.657192,0 days 00:00:16.747655,0.00011945742604532783,15,8,0.9543755241171272,16,0.023921214861708392,COMPLETE
3098,3098,0.40184331797235023,2021-02-08 22:35:17.658983,2021-02-08 22:35:28.681088,0 days 00:00:11.022105,1.0232911300452952e-05,11,6,0.94977542170938,20,0.11456183350501853,COMPLETE
3099,3099,0.4436251920122888,2021-02-08 22:35:28.682872,2021-02-08 22:35:39.357869,0 days 00:00:10.674997,1.922487158658926e-05,19,2,0.9115617539964269,16,0.033669221589468556,COMPLETE
3100,3100,,2021-02-08 22:35:39.359653,2021-02-08 22:35:40.033325,0 days 00:00:00.673672,8.324510936980383e-05,13,0,0.9526829463177339,20,0.02154950741395306,FAIL
3101,3101,,2021-02-08 22:35:40.034540,2021-02-08 22:35:40.822242,0 days 00:00:00.787702,0.0005521432035435506,13,0,0.9602030644518171,20,0.021396528944083087,FAIL
3102,3102,0.48110599078341015,2021-02-08 22:35:40.823471,2021-02-08 22:36:01.103148,0 days 00:00:20.279677,8.156655638144146e-05,13,2,0.9609040701206487,20,0.2768021060924058,COMPLETE
3103,3103,0.3837173579109063,2021-02-08 22:36:01.104910,2021-02-08 22:36:12.121107,0 days 00:00:11.016197,0.00014846031321431969,11,8,0.922082140116934,16,0.14982707277812002,COMPLETE
3104,3104,,2021-02-08 22:36:12.122914,2021-02-08 22:36:12.811580,0 days 00:00:00.688666,0.0013533965671931854,11,0,0.9298584277711237,16,0.09062653945368723,FAIL
3105,3105,,2021-02-08 22:36:12.812813,2021-02-08 22:36:13.490139,0 days 00:00:00.677326,0.0015267769397084936,11,0,0.9579172806040106,16,0.05537340571151792,FAIL
3106,3106,,2021-02-08 22:36:13.491388,2021-02-08 22:36:14.299538,0 days 00:00:00.808150,0.002575555421230357,11,0,0.9286332697992308,16,0.08631555419904227,FAIL
3107,3107,,2021-02-08 22:36:14.301693,2021-02-08 22:36:14.972484,0 days 00:00:00.670791,0.0012911738241732037,11,0,0.9303167619600228,16,0.08551520247980927,FAIL
3108,3108,,2021-02-08 22:36:14.974552,2021-02-08 22:36:15.650993,0 days 00:00:00.676441,0.002449837777211708,11,0,0.9574646672413981,16,0.12073373424432383,FAIL
3109,3109,0.3923195084485407,2021-02-08 22:36:15.652176,2021-02-08 22:36:27.025892,0 days 00:00:11.373716,0.0014304984846170525,11,8,0.9306666207221216,16,0.11240668365903851,COMPLETE
3110,3110,0.4497695852534562,2021-02-08 22:36:27.027685,2021-02-08 22:36:42.742111,0 days 00:00:15.714426,0.0003491923282446971,7,2,0.9566130662919531,18,0.015256063821570959,COMPLETE
3111,3111,0.5238095238095238,2021-02-08 22:36:42.743911,2021-02-08 22:37:33.366571,0 days 00:00:50.622660,0.0003720584406053303,7,2,0.9553217658931249,18,0.011737104741158244,COMPLETE
3112,3112,0.5198156682027649,2021-02-08 22:37:33.368383,2021-02-08 22:37:48.939884,0 days 00:00:15.571501,0.0005600821091086993,7,6,0.9343939765193283,16,0.03327576025656571,COMPLETE
3113,3113,,2021-02-08 22:37:48.941641,2021-02-08 22:37:49.626742,0 days 00:00:00.685101,0.00120319015195718,7,0,0.9882974521291669,16,0.030511557875823044,FAIL
3114,3114,0.3920122887864823,2021-02-08 22:37:49.627968,2021-02-08 22:38:05.474097,0 days 00:00:15.846129,0.0007525476617184904,7,6,0.9628105793526891,16,0.031573122123818784,COMPLETE
3115,3115,,2021-02-08 22:38:05.475882,2021-02-08 22:38:06.153080,0 days 00:00:00.677198,0.001050810414059863,5,0,0.9433453703169231,16,0.03801041681499094,FAIL
3116,3116,0.514900153609831,2021-02-08 22:38:06.155153,2021-02-08 22:38:17.423777,0 days 00:00:11.268624,0.001154198917115251,5,6,0.9818969856973684,16,0.03674899222928166,COMPLETE
3117,3117,0.5738863287250384,2021-02-08 22:38:17.425564,2021-02-08 22:38:28.230656,0 days 00:00:10.805092,9.516409343718564e-05,9,6,0.9403117606589552,12,0.026925044271246538,COMPLETE
3118,3118,0.4147465437788018,2021-02-08 22:38:28.232427,2021-02-08 22:38:43.540040,0 days 00:00:15.307613,0.00046119645024803784,7,2,0.9523497872086326,18,0.014566575881082565,COMPLETE
3119,3119,,2021-02-08 22:38:43.541820,2021-02-08 22:38:44.227366,0 days 00:00:00.685546,0.0003330443064005042,17,0,0.9572620405471028,18,0.017832651953219106,FAIL
3120,3120,0.5493087557603686,2021-02-08 22:38:44.228567,2021-02-08 22:39:14.010463,0 days 00:00:29.781896,0.0003249561567527525,17,2,0.9585282366369867,18,0.013535044493035114,COMPLETE
3121,3121,0.623963133640553,2021-02-08 22:39:14.012273,2021-02-08 22:39:25.316456,0 days 00:00:11.304183,0.00021053129360992,11,8,0.9570891682296246,18,0.05879520430517664,COMPLETE
3122,3122,0.4113671274961598,2021-02-08 22:39:25.318233,2021-02-08 22:39:36.616237,0 days 00:00:11.298004,0.002058586444727653,11,8,0.9597488592582539,18,0.056869641364317824,COMPLETE
3123,3123,,2021-02-08 22:39:36.618021,2021-02-08 22:39:37.293942,0 days 00:00:00.675921,0.00024599979252295216,11,0,0.9881478338254378,16,0.06557377829795641,FAIL
3124,3124,0.4645161290322581,2021-02-08 22:39:37.296054,2021-02-08 22:39:48.505861,0 days 00:00:11.209807,0.0001968591133638582,11,8,0.9873132212644268,16,0.06471629531127276,COMPLETE
3125,3125,0.5609831029185868,2021-02-08 22:39:48.507663,2021-02-08 22:39:59.850782,0 days 00:00:11.343119,0.000256399699115848,11,8,0.9477676865583307,14,0.060427808995907016,COMPLETE
3126,3126,,2021-02-08 22:39:59.852554,2021-02-08 22:40:00.542274,0 days 00:00:00.689720,0.0010213629857658093,11,0,0.957716179559875,20,0.04933098612352569,FAIL
3127,3127,0.45161290322580644,2021-02-08 22:40:00.544454,2021-02-08 22:40:11.457001,0 days 00:00:10.912547,0.001004477601180165,11,6,0.926174820563435,20,0.054194247592216305,COMPLETE
3128,3128,,2021-02-08 22:40:11.458795,2021-02-08 22:40:12.138982,0 days 00:00:00.680187,0.00023059827015030037,9,0,0.9562327468312852,18,0.0738847606675099,FAIL
3129,3129,,2021-02-08 22:40:12.141119,2021-02-08 22:40:12.837417,0 days 00:00:00.696298,0.0002214021978587999,9,0,0.9572894969755104,18,0.017556077668753254,FAIL
3130,3130,0.410752688172043,2021-02-08 22:40:12.839493,2021-02-08 22:40:23.359050,0 days 00:00:10.519557,0.00022588705708509173,9,2,0.9566832430711806,18,0.047825707433496734,COMPLETE
3131,3131,0.5637480798771122,2021-02-08 22:40:23.360854,2021-02-08 22:40:34.338618,0 days 00:00:10.977764,0.00017021291910623425,7,6,0.9646697712701546,20,0.038878199488100985,COMPLETE
3132,3132,0.4162826420890937,2021-02-08 22:40:34.340415,2021-02-08 22:40:45.045734,0 days 00:00:10.705319,0.0003953440916506576,11,4,0.9547170517495055,18,0.07566763904971088,COMPLETE
3133,3133,,2021-02-08 22:40:45.047544,2021-02-08 22:40:45.733147,0 days 00:00:00.685603,0.00029490034856826536,19,0,0.9580110244930978,18,0.04443114107279297,FAIL
3134,3134,,2021-02-08 22:40:45.735241,2021-02-08 22:40:46.416691,0 days 00:00:00.681450,0.00013537632198147941,19,0,0.9574193272311122,18,0.016006509202615538,FAIL
3135,3135,0.595084485407066,2021-02-08 22:40:46.418773,2021-02-08 22:41:12.168554,0 days 00:00:25.749781,0.00013819052648971888,19,2,0.9608187502683321,18,0.015483136169687516,COMPLETE
3136,3136,,2021-02-08 22:41:12.170365,2021-02-08 22:41:12.863008,0 days 00:00:00.692643,1.3388726106447158e-05,9,0,0.9899870435662966,16,0.0308539447662138,FAIL
3137,3137,0.3898617511520737,2021-02-08 22:41:12.865206,2021-02-08 22:41:24.112075,0 days 00:00:11.246869,1.4125200163368813e-05,9,8,0.9852580968629354,16,0.030895615842159774,COMPLETE
3138,3138,0.3778801843317972,2021-02-08 22:41:24.113865,2021-02-08 22:41:35.154919,0 days 00:00:11.041054,0.0015282630741440732,11,8,0.9324419457580764,16,0.044224659385279926,COMPLETE
3139,3139,,2021-02-08 22:41:35.156703,2021-02-08 22:41:35.976045,0 days 00:00:00.819342,0.0014092741617412325,11,0,0.9886896507795643,16,0.034502471274390004,FAIL
3140,3140,0.4291858678955453,2021-02-08 22:41:35.977290,2021-02-08 22:42:18.471818,0 days 00:00:42.494528,0.0012979820457808182,11,8,0.929470956234351,16,0.0949113071758359,COMPLETE
3141,3141,0.5533026113671276,2021-02-08 22:42:18.473626,2021-02-08 22:42:29.166034,0 days 00:00:10.692408,0.0006216368170337281,7,2,0.9567190014691157,18,0.028418250128305532,COMPLETE
3142,3142,,2021-02-08 22:42:29.167840,2021-02-08 22:42:29.859421,0 days 00:00:00.691581,0.0002876314317789865,7,0,0.9367903995881514,18,0.21627686199829624,FAIL
3143,3143,0.5594470046082949,2021-02-08 22:42:29.861558,2021-02-08 22:42:41.016023,0 days 00:00:11.154465,0.00022553029226755864,7,2,0.9533247967142237,18,0.017593344220333252,COMPLETE
3144,3144,,2021-02-08 22:42:41.017803,2021-02-08 22:42:41.696064,0 days 00:00:00.678261,0.00027781247203070993,7,0,0.9580114925025541,18,0.05107562805744247,FAIL
3145,3145,0.4466973886328725,2021-02-08 22:42:41.697335,2021-02-08 22:42:52.953668,0 days 00:00:11.256333,0.00011039432047436264,7,6,0.9581401055965039,18,0.03525133231499558,COMPLETE
3146,3146,,2021-02-08 22:42:52.955467,2021-02-08 22:42:53.632800,0 days 00:00:00.677333,0.00025908665571708497,11,0,0.9891745989931127,10,0.08527688405512318,FAIL
3147,3147,,2021-02-08 22:42:53.634046,2021-02-08 22:42:54.303245,0 days 00:00:00.669199,0.0002848313031391319,11,0,0.9441281759828261,20,0.050350121234147636,FAIL
3148,3148,,2021-02-08 22:42:54.304563,2021-02-08 22:42:54.966045,0 days 00:00:00.661482,0.0004956319451283889,11,0,0.9583519202970194,10,0.08544385531719426,FAIL
3149,3149,,2021-02-08 22:42:54.967265,2021-02-08 22:42:55.635090,0 days 00:00:00.667825,0.0003015882069278832,11,0,0.9621706637337509,10,0.06970705784700189,FAIL
3150,3150,,2021-02-08 22:42:55.637228,2021-02-08 22:42:56.306528,0 days 00:00:00.669300,0.0002803856598110382,11,0,0.9552377997253282,10,0.07007054141652845,FAIL
3151,3151,0.38033794162826423,2021-02-08 22:42:56.307755,2021-02-08 22:43:07.643296,0 days 00:00:11.335541,0.0002652958028514121,11,8,0.9885042795431488,10,0.020818153570769913,COMPLETE
3152,3152,0.5164362519201229,2021-02-08 22:43:07.645118,2021-02-08 22:43:18.822764,0 days 00:00:11.177646,0.0003114868670990309,11,8,0.9185702124520079,20,0.0503867011489772,COMPLETE
3153,3153,0.49216589861751153,2021-02-08 22:43:18.824559,2021-02-08 22:43:29.400624,0 days 00:00:10.576065,0.0001285888982046403,7,2,0.9028186915902175,20,0.23312888100742885,COMPLETE
3154,3154,0.3923195084485407,2021-02-08 22:43:29.402411,2021-02-08 22:43:40.493786,0 days 00:00:11.091375,7.572070221637211e-05,11,8,0.9574567704726695,18,0.08189369607877632,COMPLETE
3155,3155,0.41597542242703534,2021-02-08 22:43:40.495596,2021-02-08 22:43:56.969315,0 days 00:00:16.473719,0.0017012225929846948,15,8,0.9676245269016884,16,0.08773078246347937,COMPLETE
3156,3156,0.5619047619047619,2021-02-08 22:43:56.971141,2021-02-08 22:44:07.859913,0 days 00:00:10.888772,0.00017510171479623746,7,2,0.9076734977323317,20,0.05852388076320637,COMPLETE
3157,3157,0.42304147465437786,2021-02-08 22:44:07.861711,2021-02-08 22:44:23.917341,0 days 00:00:16.055630,0.0010000307406149735,13,6,0.9286349954967784,16,0.18433300227753305,COMPLETE
3158,3158,,2021-02-08 22:44:23.919182,2021-02-08 22:44:24.607121,0 days 00:00:00.687939,4.764831762453674e-05,11,0,0.9368288253451295,16,0.0674032345046394,FAIL
3159,3159,0.5182795698924731,2021-02-08 22:44:24.609283,2021-02-08 22:44:46.785643,0 days 00:00:22.176360,0.0007937727608307283,11,10,0.9632197639092925,16,0.12151589743318009,COMPLETE
3160,3160,,2021-02-08 22:44:46.787463,2021-02-08 22:44:47.485788,0 days 00:00:00.698325,2.551772237786275e-05,9,0,0.9599612054626557,14,0.06988046184686303,FAIL
3161,3161,0.4645161290322581,2021-02-08 22:44:47.487127,2021-02-08 22:44:58.001249,0 days 00:00:10.514122,2.5874878112366132e-05,9,4,0.9550604803338849,14,0.06995727183661204,COMPLETE
3162,3162,,2021-02-08 22:44:58.003055,2021-02-08 22:44:58.686562,0 days 00:00:00.683507,0.0004433202811484235,11,0,0.9607518209581007,20,0.012634224407553527,FAIL
3163,3163,0.504147465437788,2021-02-08 22:44:58.687977,2021-02-08 22:45:09.836473,0 days 00:00:11.148496,0.0058793938370240275,11,8,0.9610664159878851,20,0.022677295989516035,COMPLETE
3164,3164,0.4466973886328725,2021-02-08 22:45:09.838277,2021-02-08 22:45:41.225589,0 days 00:00:31.387312,0.0023850587762869442,17,8,0.9369946344802124,16,0.025246043492117273,COMPLETE
3165,3165,,2021-02-08 22:45:41.227403,2021-02-08 22:45:41.920910,0 days 00:00:00.693507,4.853415176332219e-05,9,0,0.9861248153145022,16,0.04091953712944203,FAIL
3166,3166,,2021-02-08 22:45:41.923049,2021-02-08 22:45:42.658669,0 days 00:00:00.735620,0.001430683394535702,11,0,0.9332799827167919,16,0.04147258856234341,FAIL
3167,3167,,2021-02-08 22:45:42.659888,2021-02-08 22:45:43.322389,0 days 00:00:00.662501,0.0012916779507513082,9,0,0.9788543874360982,16,0.03895766471815248,FAIL
3168,3168,0.6233486943164362,2021-02-08 22:45:43.323879,2021-02-08 22:45:54.600034,0 days 00:00:11.276155,0.0013719493659458478,9,6,0.9333363677324266,16,0.04087973213953355,COMPLETE
3169,3169,0.4402457757296467,2021-02-08 22:45:54.601849,2021-02-08 22:46:06.271289,0 days 00:00:11.669440,0.0018927792546364547,9,10,0.9330863185212104,16,0.04380652144198257,COMPLETE
3170,3170,0.4915514592933948,2021-02-08 22:46:06.273091,2021-02-08 22:46:36.844227,0 days 00:00:30.571136,0.00020129242586972793,9,2,0.9520737526659172,18,0.03962157384447869,COMPLETE
3171,3171,0.3791090629800307,2021-02-08 22:46:36.846042,2021-02-08 22:46:47.813349,0 days 00:00:10.967307,4.818111477903496e-05,9,6,0.9359427611782835,16,0.05040440030297859,COMPLETE
3172,3172,0.6036866359447005,2021-02-08 22:46:47.815162,2021-02-08 22:46:58.874791,0 days 00:00:11.059629,9.04819818588978e-05,9,6,0.984204154134273,12,0.04170668198920534,COMPLETE
3173,3173,0.6082949308755761,2021-02-08 22:46:58.876627,2021-02-08 22:47:09.573755,0 days 00:00:10.697128,1.6529128795004352e-05,9,2,0.9593224929871473,20,0.013266396602293314,COMPLETE
3174,3174,0.41443932411674345,2021-02-08 22:47:09.575576,2021-02-08 22:47:20.690677,0 days 00:00:11.115101,1.977613049117514e-05,9,6,0.986057875039179,20,0.03491375891016373,COMPLETE
3175,3175,0.3781874039938556,2021-02-08 22:47:20.692508,2021-02-08 22:47:31.482244,0 days 00:00:10.789736,0.0005138731952038432,19,2,0.978868451602615,14,0.055480806045981455,COMPLETE
3176,3176,,2021-02-08 22:47:31.484041,2021-02-08 22:47:32.170587,0 days 00:00:00.686546,0.00010228191019433693,11,0,0.923305462666758,16,0.04616776377109358,FAIL
3177,3177,,2021-02-08 22:47:32.172805,2021-02-08 22:47:33.025800,0 days 00:00:00.852995,0.024037831752436643,11,0,0.9899560320768729,16,0.04781734062450913,FAIL
3178,3178,,2021-02-08 22:47:33.027065,2021-02-08 22:47:33.692504,0 days 00:00:00.665439,0.00133834621300116,11,0,0.9307734600320613,16,0.06504081977511779,FAIL
3179,3179,0.5213517665130568,2021-02-08 22:47:33.694710,2021-02-08 22:47:49.298826,0 days 00:00:15.604116,0.02052309322068916,11,4,0.9438679699906883,16,0.04698561636699726,COMPLETE
3180,3180,0.44823348694316434,2021-02-08 22:47:49.300640,2021-02-08 22:47:59.937601,0 days 00:00:10.636961,0.0001051431382492052,9,6,0.9654589908439892,20,0.037089912363143865,COMPLETE
3181,3181,0.6027649769585254,2021-02-08 22:47:59.939431,2021-02-08 22:48:10.852483,0 days 00:00:10.913052,0.04018616202713796,15,2,0.9896096949863414,18,0.01222061516745171,COMPLETE
3182,3182,,2021-02-08 22:48:10.854283,2021-02-08 22:48:11.545693,0 days 00:00:00.691410,0.00014080130350397122,5,0,0.9313940084803662,16,0.039702389897755236,FAIL
3183,3183,,2021-02-08 22:48:11.547115,2021-02-08 22:48:12.225289,0 days 00:00:00.678174,0.0013380659825025006,19,0,0.9625267594469856,16,0.03207182056370605,FAIL
3184,3184,0.493394777265745,2021-02-08 22:48:12.227418,2021-02-08 22:48:23.236830,0 days 00:00:11.009412,0.0011517065141717737,5,6,0.9618881494569073,16,0.031231053071493462,COMPLETE
3185,3185,0.46144393241167436,2021-02-08 22:48:23.238653,2021-02-08 22:49:00.841211,0 days 00:00:37.602558,0.09968881847245994,11,8,0.9694094714293977,12,0.05985058328102008,COMPLETE
3186,3186,0.5179723502304148,2021-02-08 22:49:00.843029,2021-02-08 22:49:17.206777,0 days 00:00:16.363748,0.00014087354291015278,9,6,0.9311095488317596,20,0.03896444045885685,COMPLETE
3187,3187,0.616589861751152,2021-02-08 22:49:17.208621,2021-02-08 22:49:48.559578,0 days 00:00:31.350957,0.0013918641795685799,13,4,0.9264255252090191,16,0.06350728574376235,COMPLETE
3188,3188,0.49032258064516127,2021-02-08 22:49:48.561397,2021-02-08 22:50:14.118772,0 days 00:00:25.557375,0.0013736756204123656,13,4,0.9266914948941332,20,0.06663192547642123,COMPLETE
3189,3189,,2021-02-08 22:50:14.120677,2021-02-08 22:50:14.803881,0 days 00:00:00.683204,6.163838726059482e-05,13,0,0.9221568319633253,16,0.0603358795248884,FAIL
3190,3190,,2021-02-08 22:50:14.805957,2021-02-08 22:50:15.510705,0 days 00:00:00.704748,0.0030438785953153546,13,0,0.9224940243149125,16,0.06474162380446563,FAIL
3191,3191,0.4774193548387097,2021-02-08 22:50:15.511896,2021-02-08 22:50:26.436273,0 days 00:00:10.924377,0.0035935440442785792,13,4,0.9232687470071259,16,0.05809780921482139,COMPLETE
3192,3192,0.49953917050691243,2021-02-08 22:50:26.438105,2021-02-08 22:50:42.197910,0 days 00:00:15.759805,6.474587984785499e-05,13,4,0.9826745717317517,20,0.05278138158742808,COMPLETE
3193,3193,0.6150537634408603,2021-02-08 22:50:42.199752,2021-02-08 22:50:57.347543,0 days 00:00:15.147791,0.00011784019068670519,13,4,0.915084403908656,16,0.06511697561066422,COMPLETE
3194,3194,,2021-02-08 22:50:57.349362,2021-02-08 22:50:58.029656,0 days 00:00:00.680294,0.0073886389131782105,13,0,0.911233646153172,16,0.07126313908204777,FAIL
3195,3195,,2021-02-08 22:50:58.031802,2021-02-08 22:50:58.746406,0 days 00:00:00.714604,0.00012059507065172925,19,0,0.9159561389500648,16,0.06178487182727461,FAIL
3196,3196,,2021-02-08 22:50:58.748484,2021-02-08 22:50:59.467270,0 days 00:00:00.718786,0.00014610640896632805,13,0,0.914006760932221,16,0.07617040209256783,FAIL
3197,3197,0.6362519201228879,2021-02-08 22:50:59.468502,2021-02-08 22:51:20.344916,0 days 00:00:20.876414,0.00012777303994679522,13,4,0.9045072449288893,16,0.07297731893817946,COMPLETE
3198,3198,,2021-02-08 22:51:20.346745,2021-02-08 22:51:21.041894,0 days 00:00:00.695149,0.00016256741979343067,13,0,0.9043206572628978,16,0.0735348246355402,FAIL
3199,3199,0.4608294930875576,2021-02-08 22:51:21.044080,2021-02-08 22:51:31.651579,0 days 00:00:10.607499,0.00016685258810815882,13,4,0.9133548533317095,16,0.07404549832619721,COMPLETE
3200,3200,0.45499231950844854,2021-02-08 22:51:31.653398,2021-02-08 22:51:47.359106,0 days 00:00:15.705708,0.00012496818779599963,13,4,0.9039748060847306,16,0.06430498208118801,COMPLETE
3201,3201,0.47434715821812595,2021-02-08 22:51:47.360913,2021-02-08 22:52:08.010148,0 days 00:00:20.649235,0.00018550117724242289,13,4,0.9051717198892858,16,0.07100315488617577,COMPLETE
3202,3202,0.46359447004608295,2021-02-08 22:52:08.011967,2021-02-08 22:52:19.084735,0 days 00:00:11.072768,0.00012923547380721564,13,4,0.91043586559847,16,0.06355708719433555,COMPLETE
