,number,value,datetime_start,datetime_complete,duration,params_lr,params_nl2,params_num_ct,params_scheduler_gamma,params_sigma2,params_weight_decay,state
271,271,,2021-02-08 21:14:08.965833,2021-02-08 21:14:09.611399,0 days 00:00:00.645566,4.3475651159336046e-05,9,0,0.9771564453082832,16,0.033612604199305465,FAIL
272,272,,2021-02-08 21:14:09.611843,2021-02-08 21:14:10.246776,0 days 00:00:00.634933,4.216763211605911e-05,9,0,0.9773073724910052,16,0.0332687538036563,FAIL
273,273,,2021-02-08 21:14:10.247450,2021-02-08 21:14:10.910683,0 days 00:00:00.663233,1.0179583365558571e-05,9,0,0.9768194376885787,16,0.0333086573510963,FAIL
274,274,,2021-02-08 21:14:10.911355,2021-02-08 21:14:11.585790,0 days 00:00:00.674435,3.613483150976821e-05,9,0,0.9774476029918425,16,0.03421744690164449,FAIL
275,275,,2021-02-08 21:14:11.586457,2021-02-08 21:14:12.261274,0 days 00:00:00.674817,4.4077552619717515e-05,9,0,0.989657053864223,16,0.03828707448003073,FAIL
276,276,,2021-02-08 21:14:12.261948,2021-02-08 21:14:13.065165,0 days 00:00:00.803217,1.0180360864785549e-05,9,0,0.977261563722244,16,0.03535194682838977,FAIL
277,277,,2021-02-08 21:14:13.065614,2021-02-08 21:14:13.712034,0 days 00:00:00.646420,4.404246790900971e-05,9,0,0.9766170045782185,16,0.03741589824556341,FAIL
278,278,,2021-02-08 21:14:13.712477,2021-02-08 21:14:14.365423,0 days 00:00:00.652946,4.358802156010997e-05,9,0,0.9768202846441391,16,0.03316138440356578,FAIL
279,279,,2021-02-08 21:14:14.366104,2021-02-08 21:14:15.026111,0 days 00:00:00.660007,4.32101880951481e-05,9,0,0.9893671788752367,16,0.044040721633701825,FAIL
280,280,,2021-02-08 21:14:15.026566,2021-02-08 21:14:15.674255,0 days 00:00:00.647689,4.1146182004554496e-05,9,0,0.9776439029768583,16,0.03416928181756127,FAIL
281,281,,2021-02-08 21:14:15.674759,2021-02-08 21:14:16.328678,0 days 00:00:00.653919,4.180942999596017e-05,9,0,0.9883249188602888,16,0.035177564927344786,FAIL
282,282,,2021-02-08 21:14:16.329135,2021-02-08 21:14:16.981796,0 days 00:00:00.652661,3.819729197770509e-05,9,0,0.9771457351449069,16,0.03435432671574843,FAIL
283,283,,2021-02-08 21:14:16.982236,2021-02-08 21:14:17.740116,0 days 00:00:00.757880,4.326505711862073e-05,9,0,0.9734521183238398,16,0.045163738247949684,FAIL
284,284,,2021-02-08 21:14:17.740573,2021-02-08 21:14:18.381699,0 days 00:00:00.641126,5.343487102288197e-05,9,0,0.9895577676297305,16,0.03319951689049645,FAIL
285,285,,2021-02-08 21:14:18.382128,2021-02-08 21:14:19.066874,0 days 00:00:00.684746,1.010255546758369e-05,9,0,0.9776208115358238,16,0.035003655332695845,FAIL
286,286,,2021-02-08 21:14:19.067529,2021-02-08 21:14:19.744551,0 days 00:00:00.677022,5.869352207609038e-05,9,0,0.9884276206010838,16,0.03687269703894049,FAIL
287,287,,2021-02-08 21:14:19.745235,2021-02-08 21:14:20.404772,0 days 00:00:00.659537,4.351078932238012e-05,9,0,0.9894077326476701,16,0.03373548777874593,FAIL
288,288,,2021-02-08 21:14:20.405429,2021-02-08 21:14:21.083570,0 days 00:00:00.678141,3.619127309932723e-05,9,0,0.9778357363087944,16,0.03418836301173634,FAIL
289,289,,2021-02-08 21:14:21.084237,2021-02-08 21:14:21.750128,0 days 00:00:00.665891,5.335830644589227e-05,9,0,0.9763158805555452,16,0.05451210068663571,FAIL
290,290,,2021-02-08 21:14:21.750588,2021-02-08 21:14:22.381661,0 days 00:00:00.631073,0.00010028803500883607,9,0,0.9769370464626342,16,0.03986934932801106,FAIL
291,291,,2021-02-08 21:14:22.382342,2021-02-08 21:14:23.143223,0 days 00:00:00.760881,3.9763523344775345e-05,9,0,0.9898034605626054,16,0.0337631529268153,FAIL
292,292,,2021-02-08 21:14:23.143694,2021-02-08 21:14:23.767976,0 days 00:00:00.624282,4.564066688738831e-05,9,0,0.9891628760778272,16,0.03437567315566734,FAIL
293,293,,2021-02-08 21:14:23.768662,2021-02-08 21:14:24.434580,0 days 00:00:00.665918,0.00010294035703870752,9,0,0.9764232529579526,16,0.03520888142415271,FAIL
294,294,,2021-02-08 21:14:24.435211,2021-02-08 21:14:25.077788,0 days 00:00:00.642577,4.3001243992291876e-05,9,0,0.9777169275621929,16,0.03439593135769873,FAIL
295,295,,2021-02-08 21:14:25.078462,2021-02-08 21:14:25.754924,0 days 00:00:00.676462,4.486325623576797e-05,9,0,0.977457156137305,16,0.03243067982997872,FAIL
296,296,,2021-02-08 21:14:25.755600,2021-02-08 21:14:26.397961,0 days 00:00:00.642361,3.8000824957180295e-05,9,0,0.977797088046949,16,0.03031866620486778,FAIL
297,297,,2021-02-08 21:14:26.398639,2021-02-08 21:14:27.070152,0 days 00:00:00.671513,4.298092479857314e-05,9,0,0.9753098291776785,16,0.03636889085411902,FAIL
298,298,,2021-02-08 21:14:27.070842,2021-02-08 21:14:27.737876,0 days 00:00:00.667034,0.00010414013776958822,9,0,0.9754901963952465,16,0.036370549391496,FAIL
299,299,,2021-02-08 21:14:27.738581,2021-02-08 21:14:28.520198,0 days 00:00:00.781617,5.1849047735919016e-05,9,0,0.9768759947877288,16,0.03451552740177507,FAIL
300,300,,2021-02-08 21:14:28.520881,2021-02-08 21:14:29.176862,0 days 00:00:00.655981,1.0146731981486706e-05,9,0,0.9884415013322186,16,0.03539530187234952,FAIL
301,301,,2021-02-08 21:14:29.177554,2021-02-08 21:14:29.829979,0 days 00:00:00.652425,0.00010656456627351865,9,0,0.9894792088213858,16,0.03553340072747041,FAIL
302,302,,2021-02-08 21:14:29.830436,2021-02-08 21:14:30.455402,0 days 00:00:00.624966,4.120982331602045e-05,9,0,0.9772452428024918,16,0.03487338365512761,FAIL
303,303,,2021-02-08 21:14:30.455855,2021-02-08 21:14:31.095532,0 days 00:00:00.639677,5.095402647601478e-05,9,0,0.9879971791928736,16,0.036168446484083974,FAIL
304,304,,2021-02-08 21:14:31.095979,2021-02-08 21:14:31.744040,0 days 00:00:00.648061,3.895797830652539e-05,9,0,0.9881460402509883,16,0.034653131359758324,FAIL
305,305,,2021-02-08 21:14:31.744494,2021-02-08 21:14:32.387316,0 days 00:00:00.642822,4.540818179456736e-05,9,0,0.9780954994092405,16,0.03350952276419895,FAIL
306,306,,2021-02-08 21:14:32.388016,2021-02-08 21:14:33.157856,0 days 00:00:00.769840,3.787816141321278e-05,9,0,0.9890545613342917,16,0.03779580636136628,FAIL
307,307,,2021-02-08 21:14:33.158542,2021-02-08 21:14:33.841731,0 days 00:00:00.683189,1.0202672882464586e-05,9,0,0.98952785379603,16,0.03515076201359093,FAIL
308,308,,2021-02-08 21:14:33.842442,2021-02-08 21:14:34.485820,0 days 00:00:00.643378,4.390875281725282e-05,9,0,0.9725735153272762,16,0.0411595038533712,FAIL
309,309,,2021-02-08 21:14:34.486277,2021-02-08 21:14:35.119622,0 days 00:00:00.633345,4.02222609815779e-05,9,0,0.9888248807393047,16,0.031610441796488815,FAIL
310,310,,2021-02-08 21:14:35.120126,2021-02-08 21:14:35.756923,0 days 00:00:00.636797,0.00010264131837766757,9,0,0.9770039474212608,16,0.03252987654709154,FAIL
311,311,,2021-02-08 21:14:35.757365,2021-02-08 21:14:36.401925,0 days 00:00:00.644560,3.914065175151567e-05,9,0,0.9878839919837676,16,0.035287995422540776,FAIL
312,312,,2021-02-08 21:14:36.402384,2021-02-08 21:14:37.043984,0 days 00:00:00.641600,0.00011441403595473854,9,0,0.9884344719795921,16,0.03668579198928909,FAIL
313,313,,2021-02-08 21:14:37.044428,2021-02-08 21:14:37.683931,0 days 00:00:00.639503,1.0200058373230615e-05,9,0,0.9885213299252419,16,0.03473378601501601,FAIL
314,314,,2021-02-08 21:14:37.684389,2021-02-08 21:14:38.440094,0 days 00:00:00.755705,4.2638537892355095e-05,9,0,0.9770516290912286,16,0.042947480447672715,FAIL
315,315,,2021-02-08 21:14:38.440548,2021-02-08 21:14:39.071912,0 days 00:00:00.631364,4.497680851466768e-05,9,0,0.9770976947490916,16,0.03613516908727607,FAIL
316,316,,2021-02-08 21:14:39.072386,2021-02-08 21:14:39.709282,0 days 00:00:00.636896,0.00011114113609807165,9,0,0.9896444395868499,16,0.036253574484364434,FAIL
317,317,,2021-02-08 21:14:39.709990,2021-02-08 21:14:40.411094,0 days 00:00:00.701104,1.0046100132041291e-05,9,0,0.9783111852903813,16,0.0328287591957504,FAIL
318,318,,2021-02-08 21:14:40.411750,2021-02-08 21:14:41.116215,0 days 00:00:00.704465,3.7203633166787856e-05,9,0,0.9777918867537494,16,0.039445413836963025,FAIL
319,319,,2021-02-08 21:14:41.116787,2021-02-08 21:14:41.762656,0 days 00:00:00.645869,4.9638706901103024e-05,9,0,0.9878336652696139,16,0.030941705695564405,FAIL
320,320,,2021-02-08 21:14:41.763190,2021-02-08 21:14:42.402416,0 days 00:00:00.639226,5.414317017357005e-05,9,0,0.9762692324558118,16,0.03752913427582694,FAIL
321,321,,2021-02-08 21:14:42.402879,2021-02-08 21:14:43.045226,0 days 00:00:00.642347,4.531366708581155e-05,9,0,0.9777234425824024,16,0.03097334258252858,FAIL
322,322,,2021-02-08 21:14:43.045765,2021-02-08 21:14:43.795853,0 days 00:00:00.750088,4.469429201114661e-05,9,0,0.9889560315855469,16,0.03623693332972939,FAIL
323,323,,2021-02-08 21:14:43.796315,2021-02-08 21:14:44.448119,0 days 00:00:00.651804,4.194586357363849e-05,9,0,0.98968773497061,16,0.03832934738588336,FAIL
324,324,,2021-02-08 21:14:44.448822,2021-02-08 21:14:45.093138,0 days 00:00:00.644316,4.691337776351423e-05,9,0,0.9897949280076707,16,0.034635709631306515,FAIL
325,325,,2021-02-08 21:14:45.093695,2021-02-08 21:14:45.733860,0 days 00:00:00.640165,4.895091255492699e-05,9,0,0.988915641071352,16,0.036539536983937214,FAIL
326,326,,2021-02-08 21:14:45.734545,2021-02-08 21:14:46.368410,0 days 00:00:00.633865,4.299451299007804e-05,9,0,0.9888648108572528,16,0.03855640274277157,FAIL
327,327,,2021-02-08 21:14:46.369112,2021-02-08 21:14:47.039851,0 days 00:00:00.670739,1.0222185968385056e-05,9,0,0.9760245867260477,16,0.03283903738873824,FAIL
328,328,,2021-02-08 21:14:47.040539,2021-02-08 21:14:47.719854,0 days 00:00:00.679315,5.0117761450646536e-05,9,0,0.9748495085069121,16,0.03421131512669286,FAIL
329,329,,2021-02-08 21:14:47.720311,2021-02-08 21:14:48.366749,0 days 00:00:00.646438,1.0262909262681266e-05,9,0,0.988519255916572,16,0.033016669329569405,FAIL
330,330,,2021-02-08 21:14:48.367202,2021-02-08 21:14:49.123686,0 days 00:00:00.756484,1.0065192952150081e-05,9,0,0.988844022082018,16,0.03501625061734861,FAIL
331,331,,2021-02-08 21:14:49.124239,2021-02-08 21:14:49.764751,0 days 00:00:00.640512,4.415276212605169e-05,9,0,0.9898676149278252,16,0.034694451127740854,FAIL
332,332,,2021-02-08 21:14:49.765213,2021-02-08 21:14:50.397816,0 days 00:00:00.632603,4.877223333985756e-05,9,0,0.9894345214674862,16,0.033828194510835206,FAIL
333,333,,2021-02-08 21:14:50.398275,2021-02-08 21:14:51.028140,0 days 00:00:00.629865,4.0826696306178045e-05,9,0,0.9756434904273162,16,0.04295772178158294,FAIL
334,334,,2021-02-08 21:14:51.028602,2021-02-08 21:14:51.672002,0 days 00:00:00.643400,4.43032458837761e-05,9,0,0.988136867225939,16,0.03252311508791329,FAIL
335,335,,2021-02-08 21:14:51.672472,2021-02-08 21:14:52.303239,0 days 00:00:00.630767,4.4229143188242357e-05,9,0,0.9762268304550346,16,0.03402379222838587,FAIL
336,336,,2021-02-08 21:14:52.303702,2021-02-08 21:14:52.931177,0 days 00:00:00.627475,3.64814545916126e-05,9,0,0.9764086881939462,16,0.04193805047296139,FAIL
337,337,,2021-02-08 21:14:52.931645,2021-02-08 21:14:53.558086,0 days 00:00:00.626441,4.528646697358133e-05,9,0,0.9777112679587358,16,0.03399444930297087,FAIL
338,338,,2021-02-08 21:14:53.558544,2021-02-08 21:14:54.307596,0 days 00:00:00.749052,4.147987651427609e-05,9,0,0.9769241042936262,16,0.03409408702404405,FAIL
339,339,,2021-02-08 21:14:54.308318,2021-02-08 21:14:54.976157,0 days 00:00:00.667839,4.033579087131032e-05,9,0,0.9888982966328382,16,0.03333129964954404,FAIL
340,340,,2021-02-08 21:14:54.976846,2021-02-08 21:14:55.657812,0 days 00:00:00.680966,4.738332989727478e-05,9,0,0.9773586444472737,16,0.03396898660133221,FAIL
341,341,,2021-02-08 21:14:55.658267,2021-02-08 21:14:56.288369,0 days 00:00:00.630102,4.147193381502358e-05,9,0,0.977156811867118,16,0.036235634175067644,FAIL
342,342,,2021-02-08 21:14:56.288846,2021-02-08 21:14:56.931589,0 days 00:00:00.642743,4.2321028244281605e-05,9,0,0.9760378539795933,16,0.037009783076893815,FAIL
343,343,,2021-02-08 21:14:56.932047,2021-02-08 21:14:57.570285,0 days 00:00:00.638238,9.595746697315618e-05,9,0,0.989274630065493,16,0.03581644130370763,FAIL
344,344,0.6036866359447005,2021-02-08 21:14:57.571015,2021-02-08 21:15:13.202310,0 days 00:00:15.631295,4.3411700910984175e-05,9,4,0.9889116808957502,16,0.03374688555714369,COMPLETE
345,345,,2021-02-08 21:15:13.202917,2021-02-08 21:15:13.851223,0 days 00:00:00.648306,0.0005880520783058203,7,0,0.9775199442300617,18,0.018032787669480126,FAIL
346,346,,2021-02-08 21:15:13.851692,2021-02-08 21:15:14.489364,0 days 00:00:00.637672,0.00015315377404554633,7,0,0.9773323006420257,18,0.05477524512027327,FAIL
347,347,,2021-02-08 21:15:14.490117,2021-02-08 21:15:15.150267,0 days 00:00:00.660150,0.00012506373861502357,7,0,0.9587536282941893,18,0.017698151059045857,FAIL
348,348,,2021-02-08 21:15:15.150751,2021-02-08 21:15:15.791793,0 days 00:00:00.641042,1.0242959998032999e-05,7,0,0.9769955606821076,18,0.05413428307476933,FAIL
349,349,,2021-02-08 21:15:15.792238,2021-02-08 21:15:16.435764,0 days 00:00:00.643526,0.00012436458782741157,7,0,0.9738751838164271,18,0.05463661492882895,FAIL
350,350,,2021-02-08 21:15:16.436223,2021-02-08 21:15:17.089563,0 days 00:00:00.653340,1.0495314764539715e-05,7,0,0.9777607693126384,18,0.060156811808099446,FAIL
351,351,,2021-02-08 21:15:17.090025,2021-02-08 21:15:17.721310,0 days 00:00:00.631285,0.00014031481905484912,7,0,0.9782902425601747,18,0.01787457152864136,FAIL
352,352,,2021-02-08 21:15:17.721782,2021-02-08 21:15:18.494779,0 days 00:00:00.772997,0.00012591257162228826,7,0,0.978922302536975,18,0.017593195232602613,FAIL
353,353,,2021-02-08 21:15:18.495243,2021-02-08 21:15:19.143218,0 days 00:00:00.647975,1.0111505347226171e-05,7,0,0.9759673955090931,18,0.01795386582180473,FAIL
354,354,,2021-02-08 21:15:19.143982,2021-02-08 21:15:19.859407,0 days 00:00:00.715425,0.00016008327435209613,7,0,0.9772237681871854,18,0.017337890141247224,FAIL
355,355,,2021-02-08 21:15:19.859868,2021-02-08 21:15:20.503707,0 days 00:00:00.643839,9.001289044176948e-05,7,0,0.9759259899683285,18,0.0189720150623788,FAIL
356,356,,2021-02-08 21:15:20.504429,2021-02-08 21:15:21.166745,0 days 00:00:00.662316,0.00017782094784505554,7,0,0.9767042752081659,18,0.054533580638161216,FAIL
357,357,,2021-02-08 21:15:21.167438,2021-02-08 21:15:21.811300,0 days 00:00:00.643862,0.0005654799108174251,7,0,0.9749560687812256,18,0.016945395527019406,FAIL
358,358,,2021-02-08 21:15:21.811743,2021-02-08 21:15:22.439577,0 days 00:00:00.627834,1.034375499965832e-05,7,0,0.9592026723947382,18,0.04878672237199136,FAIL
359,359,,2021-02-08 21:15:22.440042,2021-02-08 21:15:23.190705,0 days 00:00:00.750663,0.00012981663817202327,7,0,0.974115007820314,18,0.01013909771323036,FAIL
360,360,,2021-02-08 21:15:23.191163,2021-02-08 21:15:23.818842,0 days 00:00:00.627679,0.00013304073512022285,7,0,0.9664174545708103,18,0.01759693241563583,FAIL
361,361,,2021-02-08 21:15:23.819310,2021-02-08 21:15:24.456870,0 days 00:00:00.637560,0.00013825005222539258,7,0,0.9741267119698478,18,0.018685254185722366,FAIL
362,362,,2021-02-08 21:15:24.457329,2021-02-08 21:15:25.098221,0 days 00:00:00.640892,0.00014103530794421464,7,0,0.978665459562948,18,0.010174289578787864,FAIL
363,363,,2021-02-08 21:15:25.098683,2021-02-08 21:15:25.729287,0 days 00:00:00.630604,1.0298623384354095e-05,7,0,0.9740361859900276,18,0.01766383141909564,FAIL
364,364,,2021-02-08 21:15:25.729738,2021-02-08 21:15:26.365727,0 days 00:00:00.635989,0.0001384745481123286,7,0,0.9766614691170239,18,0.018485405808233154,FAIL
365,365,,2021-02-08 21:15:26.366184,2021-02-08 21:15:27.006290,0 days 00:00:00.640106,1.0229238939730525e-05,7,0,0.9755143177458863,18,0.05477503873416395,FAIL
366,366,,2021-02-08 21:15:27.006747,2021-02-08 21:15:27.638966,0 days 00:00:00.632219,0.00013515119259939148,7,0,0.9778080708873395,18,0.050157143327758405,FAIL
367,367,,2021-02-08 21:15:27.639427,2021-02-08 21:15:28.398564,0 days 00:00:00.759137,0.00012912041098726555,7,0,0.9758243306515605,18,0.017430228019530425,FAIL
368,368,,2021-02-08 21:15:28.399053,2021-02-08 21:15:29.044830,0 days 00:00:00.645777,0.00013261273159401591,7,0,0.9766363784396365,18,0.061383858139647994,FAIL
369,369,,2021-02-08 21:15:29.045293,2021-02-08 21:15:29.690727,0 days 00:00:00.645434,1.019041347198102e-05,7,0,0.9768763687794888,18,0.019169506906123214,FAIL
370,370,,2021-02-08 21:15:29.691199,2021-02-08 21:15:30.330076,0 days 00:00:00.638877,0.00013058168094209845,7,0,0.9756962755391946,18,0.01680367805223746,FAIL
371,371,,2021-02-08 21:15:30.330552,2021-02-08 21:15:30.958231,0 days 00:00:00.627679,1.0043556226550806e-05,7,0,0.9780445792808152,18,0.05487359952491184,FAIL
372,372,,2021-02-08 21:15:30.958713,2021-02-08 21:15:31.595624,0 days 00:00:00.636911,0.00012552043190530414,7,0,0.9771274471236325,18,0.01729350804924164,FAIL
373,373,,2021-02-08 21:15:31.596106,2021-02-08 21:15:32.231087,0 days 00:00:00.634981,0.00010107436334559462,7,0,0.9773424703414845,18,0.05319408787434734,FAIL
374,374,,2021-02-08 21:15:32.231549,2021-02-08 21:15:32.981583,0 days 00:00:00.750034,0.00013935941850360046,7,0,0.9781694849058469,18,0.01677378456690222,FAIL
375,375,,2021-02-08 21:15:32.982061,2021-02-08 21:15:33.634569,0 days 00:00:00.652508,1.0365591766076018e-05,7,0,0.9769338486418352,18,0.01753851008060629,FAIL
376,376,,2021-02-08 21:15:33.635047,2021-02-08 21:15:34.265574,0 days 00:00:00.630527,0.00012314123232421846,7,0,0.9778446343584479,18,0.017871508654967935,FAIL
377,377,,2021-02-08 21:15:34.266033,2021-02-08 21:15:34.912015,0 days 00:00:00.645982,0.00020245108258016873,7,0,0.9781117692117269,18,0.05821326336925743,FAIL
378,378,,2021-02-08 21:15:34.912471,2021-02-08 21:15:35.560302,0 days 00:00:00.647831,9.618621087314058e-05,7,0,0.9746308114138483,18,0.05314049582498751,FAIL
379,379,,2021-02-08 21:15:35.561040,2021-02-08 21:15:36.225841,0 days 00:00:00.664801,1.0242154095120545e-05,7,0,0.9771030001279358,18,0.05790259250528698,FAIL
380,380,,2021-02-08 21:15:36.226576,2021-02-08 21:15:36.880215,0 days 00:00:00.653639,1.022247239233795e-05,7,0,0.9743420322182029,18,0.017656821531183683,FAIL
381,381,,2021-02-08 21:15:36.880708,2021-02-08 21:15:37.529228,0 days 00:00:00.648520,0.00012892288995985522,7,0,0.977701333593075,18,0.01799115965050109,FAIL
382,382,,2021-02-08 21:15:37.529724,2021-02-08 21:15:38.277315,0 days 00:00:00.747591,0.00012790335507070706,7,0,0.9767731149976907,18,0.053627533153944244,FAIL
383,383,,2021-02-08 21:15:38.278053,2021-02-08 21:15:38.926936,0 days 00:00:00.648883,0.00014571292996508589,7,0,0.9771758514588734,18,0.017717716764683485,FAIL
384,384,,2021-02-08 21:15:38.927684,2021-02-08 21:15:39.613053,0 days 00:00:00.685369,0.0001255497920338514,7,0,0.9758378966645128,18,0.016908471730826047,FAIL
385,385,,2021-02-08 21:15:39.613774,2021-02-08 21:15:40.276813,0 days 00:00:00.663039,0.00012828220891084169,7,0,0.9766865917945571,18,0.05664257164663467,FAIL
386,386,,2021-02-08 21:15:40.277292,2021-02-08 21:15:40.916605,0 days 00:00:00.639313,0.00015011659490342383,7,0,0.9766706527241532,18,0.01784678020639097,FAIL
387,387,,2021-02-08 21:15:40.917070,2021-02-08 21:15:41.551711,0 days 00:00:00.634641,1.022634178658634e-05,7,0,0.9761502286404072,18,0.018204588747520317,FAIL
388,388,,2021-02-08 21:15:41.552174,2021-02-08 21:15:42.191534,0 days 00:00:00.639360,0.00013686155526393436,7,0,0.9753595994049393,18,0.055777317506027935,FAIL
389,389,,2021-02-08 21:15:42.192011,2021-02-08 21:15:42.840090,0 days 00:00:00.648079,0.0001337610468338409,7,0,0.9750046058086,18,0.01775611965145274,FAIL
390,390,,2021-02-08 21:15:42.840565,2021-02-08 21:15:43.608819,0 days 00:00:00.768254,0.0001433590001815044,7,0,0.9767161985432684,18,0.05440900788839946,FAIL
391,391,,2021-02-08 21:15:43.609287,2021-02-08 21:15:44.259501,0 days 00:00:00.650214,0.00013101410289973104,7,0,0.9662080532973389,18,0.017532472793163226,FAIL
392,392,,2021-02-08 21:15:44.260071,2021-02-08 21:15:44.903876,0 days 00:00:00.643805,0.00013587878276081884,7,0,0.9755269609545065,18,0.017437580545333026,FAIL
393,393,,2021-02-08 21:15:44.904611,2021-02-08 21:15:45.591666,0 days 00:00:00.687055,0.0001140422296659266,7,0,0.9762846139949464,18,0.053071217241910794,FAIL
394,394,,2021-02-08 21:15:45.592140,2021-02-08 21:15:46.245775,0 days 00:00:00.653635,0.00011066383633787207,7,0,0.9768227349087881,18,0.01753191493995187,FAIL
395,395,,2021-02-08 21:15:46.246250,2021-02-08 21:15:46.898550,0 days 00:00:00.652300,0.00013930126828640247,7,0,0.9759565932247618,18,0.04930078995181368,FAIL
396,396,,2021-02-08 21:15:46.899027,2021-02-08 21:15:47.545234,0 days 00:00:00.646207,0.00013883640065178002,7,0,0.9770340294339791,18,0.047355511131941995,FAIL
397,397,,2021-02-08 21:15:47.545700,2021-02-08 21:15:48.193928,0 days 00:00:00.648228,0.00014362269323425235,7,0,0.9682872328058106,18,0.05134564713913117,FAIL
398,398,,2021-02-08 21:15:48.194392,2021-02-08 21:15:48.966166,0 days 00:00:00.771774,0.00014091695626181985,7,0,0.9787768615832122,18,0.01829383931362467,FAIL
399,399,,2021-02-08 21:15:48.966653,2021-02-08 21:15:49.612552,0 days 00:00:00.645899,1.039300558150784e-05,7,0,0.9790515972736087,18,0.016833025301606623,FAIL
400,400,,2021-02-08 21:15:49.613033,2021-02-08 21:15:50.243301,0 days 00:00:00.630268,0.00014056422142777518,7,0,0.9785015767869237,18,0.010145848917436653,FAIL
401,401,,2021-02-08 21:15:50.244007,2021-02-08 21:15:50.912805,0 days 00:00:00.668798,1.0430547666316006e-05,7,0,0.975564216293088,18,0.056878054405297016,FAIL
402,402,,2021-02-08 21:15:50.913536,2021-02-08 21:15:51.608099,0 days 00:00:00.694563,0.0001455391517521914,7,0,0.9775169148109376,18,0.01810360758292633,FAIL
403,403,,2021-02-08 21:15:51.608843,2021-02-08 21:15:52.258355,0 days 00:00:00.649512,0.00011893241144227641,7,0,0.9771354424180817,18,0.017760481609187875,FAIL
404,404,,2021-02-08 21:15:52.258851,2021-02-08 21:15:52.909585,0 days 00:00:00.650734,0.00012680230355346,7,0,0.9779185664150457,18,0.01800735771136585,FAIL
405,405,0.5416282642089094,2021-02-08 21:15:52.910314,2021-02-08 21:16:03.908750,0 days 00:00:10.998436,0.0001430527731622235,7,2,0.9737281252523541,18,0.018208365867633868,COMPLETE
406,406,,2021-02-08 21:16:03.909355,2021-02-08 21:16:04.561489,0 days 00:00:00.652134,0.0006557887893611305,11,0,0.9584525868684661,14,0.010072106485724487,FAIL
