,number,value,datetime_start,datetime_complete,duration,params_lr,params_nl2,params_num_ct,params_scheduler_gamma,params_sigma2,params_weight_decay,state
6316,6316,0.44608294930875575,2021-02-09 07:11:06.902849,2021-02-09 07:11:27.437250,0 days 00:00:20.534401,6.335350692907194e-05,5,2,0.9343848119190546,16,0.029915915443073766,COMPLETE
6317,6317,0.40921658986175113,2021-02-09 07:11:27.440417,2021-02-09 07:11:38.743617,0 days 00:00:11.303200,0.0007423511361563744,15,8,0.9012717636828407,18,0.02771879501176437,COMPLETE
6318,6318,0.38955453149001534,2021-02-09 07:11:38.746808,2021-02-09 07:11:54.569115,0 days 00:00:15.822307,1.811898919468286e-05,15,4,0.9090466556107857,14,0.0760878129993161,COMPLETE
6319,6319,0.4116743471582181,2021-02-09 07:11:54.572308,2021-02-09 07:12:06.082260,0 days 00:00:11.509952,0.00035520911064945926,15,8,0.9000540400668862,20,0.0452396386774735,COMPLETE
6320,6320,,2021-02-09 07:12:06.085423,2021-02-09 07:12:06.836517,0 days 00:00:00.751094,0.00011679494075462323,15,0,0.9064821733909838,18,0.023579104864712718,FAIL
6321,6321,0.41259600614439323,2021-02-09 07:12:06.838847,2021-02-09 07:12:23.250396,0 days 00:00:16.411549,0.0001174491993588496,15,2,0.9061995278965456,18,0.01766521340165349,COMPLETE
6322,6322,,2021-02-09 07:12:23.253577,2021-02-09 07:12:24.014024,0 days 00:00:00.760447,7.991408539704955e-05,15,0,0.9024794337799041,18,0.02354671234992142,FAIL
6323,6323,0.4396313364055299,2021-02-09 07:12:24.018097,2021-02-09 07:12:35.610964,0 days 00:00:11.592867,0.0001465926116201348,15,8,0.9030323880902063,18,0.02349886935090812,COMPLETE
6324,6324,,2021-02-09 07:12:35.614128,2021-02-09 07:12:36.397885,0 days 00:00:00.783757,8.100783413115132e-05,17,0,0.9366805449576293,16,0.030816462556869203,FAIL
6325,6325,0.6064516129032258,2021-02-09 07:12:36.401947,2021-02-09 07:12:48.133890,0 days 00:00:11.731943,7.853099064108766e-05,11,10,0.9356917735579238,16,0.03097242084671913,COMPLETE
6326,6326,0.5400921658986175,2021-02-09 07:12:48.137104,2021-02-09 07:13:33.453968,0 days 00:00:45.316864,4.540372032142229e-05,17,2,0.9405514903926668,16,0.036405664165615255,COMPLETE
6327,6327,0.5539170506912442,2021-02-09 07:13:33.457186,2021-02-09 07:13:44.868076,0 days 00:00:11.410890,0.0004119013971992421,13,8,0.9368214186888308,16,0.03331882216776089,COMPLETE
6328,6328,0.41904761904761906,2021-02-09 07:13:44.871270,2021-02-09 07:13:55.801034,0 days 00:00:10.929764,2.2247235572946372e-05,15,2,0.904993250165422,20,0.025386886377082418,COMPLETE
6329,6329,0.376036866359447,2021-02-09 07:13:55.804226,2021-02-09 07:14:07.112094,0 days 00:00:11.307868,1.0101370179040065e-05,9,8,0.9075814202634997,18,0.03785233603409513,COMPLETE
6330,6330,0.49062980030721964,2021-02-09 07:14:07.115271,2021-02-09 07:14:33.011214,0 days 00:00:25.895943,0.002009913407625576,19,2,0.9182723602423277,16,0.030339667511982145,COMPLETE
6331,6331,,2021-02-09 07:14:33.014374,2021-02-09 07:14:33.775008,0 days 00:00:00.760634,0.00047118886566712277,11,0,0.9015470752308226,18,0.032714092794857326,FAIL
6332,6332,,2021-02-09 07:14:33.778907,2021-02-09 07:14:34.572333,0 days 00:00:00.793426,1.0025363145740587e-05,11,0,0.9134731211121515,18,0.0422733994864994,FAIL
6333,6333,0.3837173579109063,2021-02-09 07:14:34.576372,2021-02-09 07:14:45.939758,0 days 00:00:11.363386,0.0008403211197925346,11,8,0.9131065693710684,18,0.03505006746867363,COMPLETE
6334,6334,0.5019969278033795,2021-02-09 07:14:45.942941,2021-02-09 07:14:57.501964,0 days 00:00:11.559023,0.0005186416245923111,13,8,0.9320201574985344,16,0.033439016396786515,COMPLETE
6335,6335,0.37880184331797234,2021-02-09 07:14:57.505161,2021-02-09 07:15:13.640449,0 days 00:00:16.135288,0.0006780740870483415,15,2,0.9025193475679422,20,0.027274270623267444,COMPLETE
6336,6336,,2021-02-09 07:15:13.643649,2021-02-09 07:15:14.410897,0 days 00:00:00.767248,1.4079676043151325e-05,15,0,0.9000828914551903,18,0.01992642287539491,FAIL
6337,6337,0.4645161290322581,2021-02-09 07:15:14.413356,2021-02-09 07:15:25.601936,0 days 00:00:11.188580,1.4706986579229793e-05,15,8,0.9042226952988776,18,0.08660725427768089,COMPLETE
6338,6338,,2021-02-09 07:15:25.605138,2021-02-09 07:15:26.369548,0 days 00:00:00.764410,1.1840744801798527e-05,17,0,0.9015759361927076,14,0.041562692442756226,FAIL
6339,6339,0.570199692780338,2021-02-09 07:15:26.371911,2021-02-09 07:15:37.906029,0 days 00:00:11.534118,1.2518598324297738e-05,17,8,0.901353504455525,14,0.01954442981353939,COMPLETE
6340,6340,0.39600614439324117,2021-02-09 07:15:37.909220,2021-02-09 07:15:49.392218,0 days 00:00:11.482998,0.00010192075757687555,11,8,0.9061611011190616,18,0.0509489240915844,COMPLETE
6341,6341,,2021-02-09 07:15:49.395414,2021-02-09 07:15:50.157004,0 days 00:00:00.761590,0.00033033965129263107,13,0,0.9342601788009188,16,0.031078943968787867,FAIL
6342,6342,,2021-02-09 07:15:50.159515,2021-02-09 07:15:50.916031,0 days 00:00:00.756516,0.0003254263798819215,13,0,0.9392775222191065,16,0.03037897149100162,FAIL
6343,6343,0.5612903225806452,2021-02-09 07:15:50.918431,2021-02-09 07:16:06.773129,0 days 00:00:15.854698,0.00017499401238815014,13,2,0.9391044665838238,16,0.03068899033457795,COMPLETE
6344,6344,,2021-02-09 07:16:06.776316,2021-02-09 07:16:07.531248,0 days 00:00:00.754932,0.000386329575452869,11,0,0.9298381744780299,16,0.031144005257809276,FAIL
6345,6345,0.4073732718894009,2021-02-09 07:16:07.533530,2021-02-09 07:16:23.311806,0 days 00:00:15.778276,0.00023239898859556265,11,4,0.9300704673506676,16,0.03136548576793162,COMPLETE
6346,6346,0.45069124423963136,2021-02-09 07:16:23.315017,2021-02-09 07:16:34.587447,0 days 00:00:11.272430,0.00046366700767684697,5,8,0.9424086245264756,20,0.04071312796009999,COMPLETE
6347,6347,0.38033794162826423,2021-02-09 07:16:34.590645,2021-02-09 07:16:45.617551,0 days 00:00:11.026906,1.0099756823435615e-05,13,2,0.934451657244788,16,0.028863769901647313,COMPLETE
6348,6348,0.5612903225806452,2021-02-09 07:16:45.620754,2021-02-09 07:17:11.443728,0 days 00:00:25.822974,0.0006275540809077705,9,2,0.9453549810959524,16,0.03631998745910431,COMPLETE
6349,6349,,2021-02-09 07:17:11.446890,2021-02-09 07:17:12.210127,0 days 00:00:00.763237,1.839787347656231e-05,15,0,0.9031972225517353,18,0.022221086632175438,FAIL
6350,6350,0.3827956989247312,2021-02-09 07:17:12.214171,2021-02-09 07:17:33.915834,0 days 00:00:21.701663,0.00012606065915151695,15,8,0.9032161514254917,18,0.025217336854708956,COMPLETE
6351,6351,0.5720430107526882,2021-02-09 07:17:33.919037,2021-02-09 07:17:59.655779,0 days 00:00:25.736742,0.0008809046398549653,11,2,0.9377983711226798,16,0.032630028176585946,COMPLETE
6352,6352,,2021-02-09 07:17:59.659001,2021-02-09 07:18:00.422665,0 days 00:00:00.763664,0.0003619213348749668,13,0,0.9104800202658994,16,0.03703430454361957,FAIL
6353,6353,,2021-02-09 07:18:00.425077,2021-02-09 07:18:10.749970,0 days 00:00:10.324893,0.0003201648018541479,13,8,0.910677090055204,16,0.03758332995524228,FAIL
6354,6354,0.5705069124423963,2021-02-09 07:18:10.753113,2021-02-09 07:18:27.815157,0 days 00:00:17.062044,0.00035923859407035774,13,8,0.910124614165142,16,0.03864614881958576,COMPLETE
6355,6355,0.591705069124424,2021-02-09 07:18:27.818362,2021-02-09 07:18:39.155727,0 days 00:00:11.337365,1.1787869034219113e-05,11,2,0.9346747004977016,16,0.029940202472245835,COMPLETE
6356,6356,0.4402457757296467,2021-02-09 07:18:39.158935,2021-02-09 07:18:55.320135,0 days 00:00:16.161200,8.573328383411652e-05,13,8,0.9413191881882172,16,0.03521640066534338,COMPLETE
6357,6357,0.5539170506912442,2021-02-09 07:18:55.323366,2021-02-09 07:19:06.511903,0 days 00:00:11.188537,0.0006019842803229368,11,4,0.9268741857328444,16,0.04295678096138108,COMPLETE
6358,6358,0.4841781874039939,2021-02-09 07:19:06.515124,2021-02-09 07:19:18.094269,0 days 00:00:11.579145,0.00031440684946098103,9,8,0.9000400480081042,20,0.02077323811173217,COMPLETE
6359,6359,0.41259600614439323,2021-02-09 07:19:18.097469,2021-02-09 07:19:45.430435,0 days 00:00:27.332966,0.00041891002302763274,15,8,0.9017310685208708,18,0.022258552696387487,COMPLETE
6360,6360,0.570199692780338,2021-02-09 07:19:45.433693,2021-02-09 07:19:56.145163,0 days 00:00:10.711470,1.7851190718035547e-05,15,2,0.9042215920496094,18,0.023209656116761714,COMPLETE
6361,6361,,2021-02-09 07:19:56.148353,2021-02-09 07:19:56.916803,0 days 00:00:00.768450,0.00015209045077376151,13,0,0.9075931368843707,18,0.027646070157310708,FAIL
6362,6362,,2021-02-09 07:19:56.919271,2021-02-09 07:19:57.666306,0 days 00:00:00.747035,1.000337196955444e-05,13,0,0.9072971935312574,18,0.021847941954798958,FAIL
6363,6363,,2021-02-09 07:19:57.670392,2021-02-09 07:19:58.438112,0 days 00:00:00.767720,0.00015152530327792774,13,0,0.9074968760954236,18,0.06569180517952176,FAIL
6364,6364,,2021-02-09 07:19:58.440548,2021-02-09 07:19:59.167170,0 days 00:00:00.726622,1.2003604381631722e-05,13,0,0.9072245318173413,18,0.027755337729290334,FAIL
6365,6365,0.5935483870967742,2021-02-09 07:19:59.169637,2021-02-09 07:20:15.631118,0 days 00:00:16.461481,0.0005018398519723175,13,8,0.9000206316293454,18,0.027819143853547414,COMPLETE
6366,6366,0.4734254992319508,2021-02-09 07:20:15.634335,2021-02-09 07:20:41.002505,0 days 00:00:25.368170,0.00013820338814206706,11,2,0.9327515109174652,16,0.0320615824187832,COMPLETE
6367,6367,0.6064516129032258,2021-02-09 07:20:41.005728,2021-02-09 07:20:51.515974,0 days 00:00:10.510246,1.0034479698749555e-05,5,2,0.937378912488697,16,0.028596437023767313,COMPLETE
6368,6368,,2021-02-09 07:20:51.519180,2021-02-09 07:20:52.284964,0 days 00:00:00.765784,0.0002712681494557158,9,0,0.930923039522741,16,0.030667845331187812,FAIL
6369,6369,0.5975422427035331,2021-02-09 07:20:52.287374,2021-02-09 07:21:24.452715,0 days 00:00:32.165341,0.000101371335127438,15,8,0.9309980500548105,16,0.03064884772719231,COMPLETE
6370,6370,0.4294930875576037,2021-02-09 07:21:24.455915,2021-02-09 07:21:35.893015,0 days 00:00:11.437100,1.2080481238011064e-05,9,8,0.907634005219805,18,0.06892699959173011,COMPLETE
6371,6371,,2021-02-09 07:21:35.896209,2021-02-09 07:21:36.644666,0 days 00:00:00.748457,0.00015136678307794502,11,0,0.9360123076943312,16,0.02901835376850284,FAIL
6372,6372,0.5956989247311828,2021-02-09 07:21:36.648639,2021-02-09 07:22:36.918944,0 days 00:01:00.270305,0.00019993425999560783,11,2,0.939478052348632,16,0.032342985380047796,COMPLETE
6373,6373,,2021-02-09 07:22:36.922143,2021-02-09 07:22:37.694455,0 days 00:00:00.772312,1.4288818410590028e-05,15,0,0.9060138972258605,20,0.0260211559960372,FAIL
6374,6374,,2021-02-09 07:22:37.698431,2021-02-09 07:22:38.470148,0 days 00:00:00.771717,1.4618843627185875e-05,15,0,0.9047660493428613,12,0.024088568184420053,FAIL
6375,6375,0.423963133640553,2021-02-09 07:22:38.474136,2021-02-09 07:22:49.863260,0 days 00:00:11.389124,1.5150183993701559e-05,15,8,0.9016049659462344,12,0.024682431313430862,COMPLETE
6376,6376,0.4485407066052227,2021-02-09 07:22:49.866479,2021-02-09 07:23:00.716415,0 days 00:00:10.849936,0.0002583402412526771,13,2,0.9111125582897138,16,0.038075698705086744,COMPLETE
6377,6377,0.39477726574500765,2021-02-09 07:23:00.719637,2021-02-09 07:23:17.475505,0 days 00:00:16.755868,0.00015212849779609394,13,8,0.9357244741436057,16,0.028426860386320602,COMPLETE
6378,6378,0.3935483870967742,2021-02-09 07:23:17.478714,2021-02-09 07:23:28.568585,0 days 00:00:11.089871,1.006571794667016e-05,11,4,0.9151788519722981,16,0.03027213822513191,COMPLETE
6379,6379,,2021-02-09 07:23:28.571793,2021-02-09 07:23:29.505046,0 days 00:00:00.933253,0.00039216568325519335,15,0,0.9062797110801408,20,0.022182910351315033,FAIL
6380,6380,0.5130568356374808,2021-02-09 07:23:29.509229,2021-02-09 07:23:46.084538,0 days 00:00:16.575309,0.0007041623754366185,15,8,0.9054726031740159,20,0.021806433428403358,COMPLETE
6381,6381,0.4304147465437788,2021-02-09 07:23:46.087755,2021-02-09 07:24:08.261437,0 days 00:00:22.173682,0.00040693332966969053,15,8,0.9029799574816867,18,0.018616056532605122,COMPLETE
6382,6382,0.4325652841781874,2021-02-09 07:24:08.264648,2021-02-09 07:24:24.659823,0 days 00:00:16.395175,0.0005788411766720697,13,2,0.9333210485116952,16,0.03492618456166236,COMPLETE
6383,6383,,2021-02-09 07:24:24.663040,2021-02-09 07:24:25.438913,0 days 00:00:00.775873,0.00012234433124356654,9,0,0.9437270967706356,16,0.03288388723410311,FAIL
6384,6384,,2021-02-09 07:24:25.442951,2021-02-09 07:24:26.387398,0 days 00:00:00.944447,0.002688306009183617,9,0,0.9444013865922141,16,0.03289800669813127,FAIL
6385,6385,,2021-02-09 07:24:26.389929,2021-02-09 07:24:27.146278,0 days 00:00:00.756349,1.2285998834350582e-05,9,0,0.9434601952602756,16,0.031945504097517015,FAIL
6386,6386,,2021-02-09 07:24:27.150234,2021-02-09 07:24:27.904582,0 days 00:00:00.754348,0.0003184773550680412,9,0,0.9444601424692348,16,0.028233247460440775,FAIL
6387,6387,,2021-02-09 07:24:27.908586,2021-02-09 07:24:28.662567,0 days 00:00:00.753981,0.00011883865071335927,15,0,0.9197251189253643,16,0.03233261959539217,FAIL
6388,6388,0.3815668202764977,2021-02-09 07:24:28.666571,2021-02-09 07:24:49.428459,0 days 00:00:20.761888,0.0018175974277822823,9,2,0.9407672212091025,16,0.032572452050072885,COMPLETE
6389,6389,0.620583717357911,2021-02-09 07:24:49.431712,2021-02-09 07:25:00.685251,0 days 00:00:11.253539,0.0009685638629969891,15,8,0.9441194507512103,16,0.03839858492702341,COMPLETE
6390,6390,0.44178187403993857,2021-02-09 07:25:00.688485,2021-02-09 07:25:12.615983,0 days 00:00:11.927498,1.2760247713081052e-05,11,8,0.9046035093532148,14,0.016630773348796053,COMPLETE
6391,6391,0.4872503840245776,2021-02-09 07:25:12.621005,2021-02-09 07:25:23.784565,0 days 00:00:11.163560,0.00011754326510215934,15,8,0.9000826405245452,20,0.026269530318753356,COMPLETE
6392,6392,0.4313364055299539,2021-02-09 07:25:23.787783,2021-02-09 07:26:00.679752,0 days 00:00:36.891969,0.0003193552958747943,17,8,0.9079018758143796,18,0.023525774347250037,COMPLETE
6393,6393,0.4396313364055299,2021-02-09 07:26:00.682954,2021-02-09 07:26:21.534114,0 days 00:00:20.851160,2.1433601416671502e-05,15,2,0.9062551549570931,18,0.02628875574397773,COMPLETE
6394,6394,0.6276497695852534,2021-02-09 07:26:21.537357,2021-02-09 07:26:37.412395,0 days 00:00:15.875038,1.4215827056793497e-05,15,2,0.9024750524470483,20,0.023913682915105653,COMPLETE
6395,6395,,2021-02-09 07:26:37.415584,2021-02-09 07:26:38.183123,0 days 00:00:00.767539,0.00047568699633394396,13,0,0.9288292944502936,16,0.03400979565070615,FAIL
6396,6396,0.5004608294930876,2021-02-09 07:26:38.187474,2021-02-09 07:27:11.248372,0 days 00:00:33.060898,0.0025394778566414484,13,10,0.9354990401892396,16,0.03688272358760823,COMPLETE
6397,6397,,2021-02-09 07:27:11.251587,2021-02-09 07:27:11.991703,0 days 00:00:00.740116,0.00042791373495630874,11,0,0.9373069269019577,16,0.0427653364674008,FAIL
6398,6398,,2021-02-09 07:27:11.995727,2021-02-09 07:27:12.769424,0 days 00:00:00.773697,0.0004273759642978533,11,0,0.9380266492224232,16,0.04336244194528679,FAIL
6399,6399,0.45622119815668205,2021-02-09 07:27:12.771865,2021-02-09 07:27:23.950524,0 days 00:00:11.178659,0.00038942201471610854,11,2,0.9375534538539184,16,0.0346360596599931,COMPLETE
6400,6400,0.4841781874039939,2021-02-09 07:27:23.953738,2021-02-09 07:27:35.184093,0 days 00:00:11.230355,0.0005054432448790346,15,8,0.9015695295375769,18,0.02110347547313602,COMPLETE
6401,6401,0.46543778801843316,2021-02-09 07:27:35.187306,2021-02-09 07:27:51.787216,0 days 00:00:16.599910,7.586640549808084e-05,11,8,0.9044192992742178,18,0.019993072925738816,COMPLETE
6402,6402,0.4414746543778802,2021-02-09 07:27:51.790425,2021-02-09 07:28:02.874386,0 days 00:00:11.083961,2.5970417608155017e-05,15,4,0.9035692170171928,20,0.026880200009946006,COMPLETE
6403,6403,,2021-02-09 07:28:02.877617,2021-02-09 07:28:03.652948,0 days 00:00:00.775331,1.868283299328719e-05,15,0,0.9062566180750389,18,0.022283259484902177,FAIL
6404,6404,,2021-02-09 07:28:03.655438,2021-02-09 07:28:04.411992,0 days 00:00:00.756554,1.709597902014139e-05,15,0,0.9000032068591883,18,0.02383257654183499,FAIL
6405,6405,,2021-02-09 07:28:04.414386,2021-02-09 07:28:05.337031,0 days 00:00:00.922645,1.729090939295601e-05,15,0,0.9071698111069104,18,0.022506523367610973,FAIL
6406,6406,0.42764976958525347,2021-02-09 07:28:05.339409,2021-02-09 07:28:16.220724,0 days 00:00:10.881315,1.767488235222694e-05,15,2,0.900092552293441,18,0.022359380632784396,COMPLETE
6407,6407,0.432258064516129,2021-02-09 07:28:16.223956,2021-02-09 07:28:26.938425,0 days 00:00:10.714469,1.1864777171558835e-05,5,2,0.9430387862065841,16,0.029457161123300706,COMPLETE
6408,6408,0.4270353302611367,2021-02-09 07:28:26.941612,2021-02-09 07:28:38.340908,0 days 00:00:11.399296,0.00016867062305967747,13,8,0.9217989582536352,16,0.03176977538095907,COMPLETE
6409,6409,,2021-02-09 07:28:38.344140,2021-02-09 07:28:39.149094,0 days 00:00:00.804954,0.0007172481849749757,11,0,0.9395246437447412,16,0.0434047087919189,FAIL
6410,6410,,2021-02-09 07:28:39.153317,2021-02-09 07:28:39.912708,0 days 00:00:00.759391,5.463562221480098e-05,11,0,0.9093551430328225,16,0.041775733822607033,FAIL
6411,6411,,2021-02-09 07:28:39.915115,2021-02-09 07:28:40.843453,0 days 00:00:00.928338,3.588516198058847e-05,11,0,0.9305938126059995,16,0.03408095231994323,FAIL
6412,6412,,2021-02-09 07:28:40.845924,2021-02-09 07:28:41.603953,0 days 00:00:00.758029,5.806148750910508e-05,11,0,0.9194642604129607,16,0.045717799995569165,FAIL
6413,6413,0.6018433179723502,2021-02-09 07:28:41.606397,2021-02-09 07:28:57.389932,0 days 00:00:15.783535,0.0006975388597539895,11,2,0.9309681030728868,16,0.1162667261862758,COMPLETE
6414,6414,0.5490015360983103,2021-02-09 07:28:57.393165,2021-02-09 07:29:08.450797,0 days 00:00:11.057632,9.627868898609377e-05,13,8,0.9387559462468333,16,0.028348361442599262,COMPLETE
6415,6415,0.6036866359447005,2021-02-09 07:29:08.454013,2021-02-09 07:29:44.122042,0 days 00:00:35.668029,0.000570859909656556,11,2,0.9284733617177633,16,0.03264751598306801,COMPLETE
6416,6416,,2021-02-09 07:29:44.125279,2021-02-09 07:29:45.054167,0 days 00:00:00.928888,0.0004450783936458699,15,0,0.9092319566894163,16,0.04511825915974214,FAIL
6417,6417,,2021-02-09 07:29:45.056711,2021-02-09 07:29:45.811806,0 days 00:00:00.755095,0.00046255710016086007,15,0,0.9087236977254094,16,0.04209091560390152,FAIL
6418,6418,0.3775729646697389,2021-02-09 07:29:45.816109,2021-02-09 07:29:57.209263,0 days 00:00:11.393154,0.00047353474260709177,15,8,0.9248466503670506,16,0.04274819246255401,COMPLETE
6419,6419,,2021-02-09 07:29:57.212460,2021-02-09 07:29:57.981004,0 days 00:00:00.768544,1.0107104347700541e-05,13,0,0.9091886156064533,14,0.0401319223370052,FAIL
6420,6420,,2021-02-09 07:29:57.983393,2021-02-09 07:29:58.741836,0 days 00:00:00.758443,1.0104818755127736e-05,9,0,0.9090766524852245,14,0.02442368657824491,FAIL
6421,6421,0.4470046082949309,2021-02-09 07:29:58.744207,2021-02-09 07:30:15.287948,0 days 00:00:16.543741,1.0000740812248259e-05,9,8,0.9000107935571017,14,0.03962447970804049,COMPLETE
6422,6422,0.38095238095238093,2021-02-09 07:30:15.291160,2021-02-09 07:30:26.533729,0 days 00:00:11.242569,5.369947776687455e-05,13,2,0.9136845997522819,16,0.029862519870360427,COMPLETE
6423,6423,,2021-02-09 07:30:26.536963,2021-02-09 07:30:27.290879,0 days 00:00:00.753916,0.00033233137224384203,15,0,0.9095336876746275,16,0.035356444711591405,FAIL
6424,6424,0.49370199692780337,2021-02-09 07:30:27.293354,2021-02-09 07:31:08.206887,0 days 00:00:40.913533,0.00028794820331308187,15,4,0.9334955041542883,16,0.046312506630765526,COMPLETE
6425,6425,,2021-02-09 07:31:08.210107,2021-02-09 07:31:08.990818,0 days 00:00:00.780711,0.00013375244933171523,11,0,0.910159489106109,16,0.035038376461340615,FAIL
6426,6426,,2021-02-09 07:31:08.993169,2021-02-09 07:31:09.752992,0 days 00:00:00.759823,0.0001299681605662273,11,0,0.9170261649539059,16,0.03531462113589734,FAIL
6427,6427,,2021-02-09 07:31:09.755356,2021-02-09 07:31:10.502900,0 days 00:00:00.747544,0.0008218975050056715,11,0,0.9168591994669432,16,0.034340313860433784,FAIL
6428,6428,0.4841781874039939,2021-02-09 07:31:10.505271,2021-02-09 07:31:22.164415,0 days 00:00:11.659144,3.751534256740279e-05,11,8,0.9190870869733859,16,0.03563040411495012,COMPLETE
6429,6429,,2021-02-09 07:31:22.167640,2021-02-09 07:31:22.953282,0 days 00:00:00.785642,0.00012086754857063238,15,0,0.904934213673674,18,0.024629801302818746,FAIL
6430,6430,0.621505376344086,2021-02-09 07:31:22.956124,2021-02-09 07:31:44.173899,0 days 00:00:21.217775,0.00011373139107562848,15,8,0.9065882012806602,18,0.024543529258616775,COMPLETE
6431,6431,0.4500768049155146,2021-02-09 07:31:44.177106,2021-02-09 07:31:55.099533,0 days 00:00:10.922427,0.00036599917433104476,11,2,0.9401092867511246,16,0.034186423551420764,COMPLETE
6432,6432,,2021-02-09 07:31:55.102751,2021-02-09 07:31:55.852714,0 days 00:00:00.749963,1.2261691159864403e-05,15,0,0.9029421891468724,20,0.04109057579714942,FAIL
6433,6433,0.3720430107526882,2021-02-09 07:31:55.856780,2021-02-09 07:32:12.710326,0 days 00:00:16.853546,0.0007855714900257389,15,8,0.9087281608191894,20,0.02176880911845901,COMPLETE
6434,6434,,2021-02-09 07:32:12.713536,2021-02-09 07:32:13.476748,0 days 00:00:00.763212,0.0004542569522227284,13,0,0.9164372805803422,16,0.028276779215746853,FAIL
6435,6435,0.514900153609831,2021-02-09 07:32:13.479293,2021-02-09 07:33:18.403644,0 days 00:01:04.924351,0.00012864990659024056,13,2,0.9168579213533435,16,0.02779844797523366,COMPLETE
6436,6436,,2021-02-09 07:33:18.406870,2021-02-09 07:33:19.173914,0 days 00:00:00.767044,1.2788481512409943e-05,17,0,0.9361331291929099,16,0.030836779483308513,FAIL
6437,6437,,2021-02-09 07:33:19.176352,2021-02-09 07:33:19.931381,0 days 00:00:00.755029,1.174576931489357e-05,15,0,0.9368698554570617,16,0.0303632126004511,FAIL
6438,6438,,2021-02-09 07:33:19.933714,2021-02-09 07:33:20.680520,0 days 00:00:00.746806,0.00043218519990338033,15,0,0.934916142818441,16,0.0303794446543149,FAIL
6439,6439,0.3781874039938556,2021-02-09 07:33:20.682809,2021-02-09 07:33:32.203803,0 days 00:00:11.520994,1.2196375135233525e-05,15,8,0.9364325889169631,16,0.030253608548715807,COMPLETE
