,number,value,datetime_start,datetime_complete,duration,params_lr,params_nl2,params_num_ct,params_scheduler_gamma,params_sigma2,params_weight_decay,state
677,677,,2021-02-08 21:21:11.861367,2021-02-08 21:21:12.491438,0 days 00:00:00.630071,0.00019194466125117894,9,0,0.9682724247882315,14,0.0622348439107388,FAIL
678,678,,2021-02-08 21:21:12.492312,2021-02-08 21:21:13.128070,0 days 00:00:00.635758,0.00020075002393787138,9,0,0.977548986990154,14,0.06322420105871576,FAIL
679,679,,2021-02-08 21:21:13.128935,2021-02-08 21:21:13.772790,0 days 00:00:00.643855,0.00019568510906594927,9,0,0.968645619120841,14,0.0593353885093531,FAIL
680,680,,2021-02-08 21:21:13.773657,2021-02-08 21:21:14.414442,0 days 00:00:00.640785,0.0001693550826558091,9,0,0.9697694010903641,14,0.06092027408166485,FAIL
681,681,,2021-02-08 21:21:14.415330,2021-02-08 21:21:15.090136,0 days 00:00:00.674806,0.0001892856516935327,9,0,0.9684210126066006,14,0.010345118460483275,FAIL
682,682,,2021-02-08 21:21:15.091013,2021-02-08 21:21:15.767446,0 days 00:00:00.676433,0.0004911920315056921,9,0,0.9687268651154266,14,0.01056614363895098,FAIL
683,683,,2021-02-08 21:21:15.768259,2021-02-08 21:21:16.552263,0 days 00:00:00.784004,0.0005699885130980257,9,0,0.977636504644407,14,0.060812632455138814,FAIL
684,684,,2021-02-08 21:21:16.552866,2021-02-08 21:21:17.199468,0 days 00:00:00.646602,0.0005922244803955359,9,0,0.9479370900622075,14,0.06407844681094693,FAIL
685,685,,2021-02-08 21:21:17.200402,2021-02-08 21:21:17.876396,0 days 00:00:00.675994,0.00019140607200577412,9,0,0.9691660183915294,14,0.06173193874473294,FAIL
686,686,,2021-02-08 21:21:17.877283,2021-02-08 21:21:18.515375,0 days 00:00:00.638092,0.00016904494554822628,9,0,0.9771864757489175,14,0.010226795392634222,FAIL
687,687,,2021-02-08 21:21:18.515930,2021-02-08 21:21:19.159631,0 days 00:00:00.643701,0.00013295713856354294,9,0,0.9694573775101112,14,0.010066931198816347,FAIL
688,688,,2021-02-08 21:21:19.160176,2021-02-08 21:21:19.807642,0 days 00:00:00.647466,0.0001927607019098106,9,0,0.9688430955723615,14,0.05795300160076036,FAIL
689,689,,2021-02-08 21:21:19.808534,2021-02-08 21:21:20.477355,0 days 00:00:00.668821,0.00017546630912893644,9,0,0.9482181811308498,14,0.11081222883535474,FAIL
690,690,,2021-02-08 21:21:20.478224,2021-02-08 21:21:21.162685,0 days 00:00:00.684461,0.00020447345290422814,9,0,0.9685733732132694,14,0.06317340931698069,FAIL
691,691,,2021-02-08 21:21:21.163545,2021-02-08 21:21:21.946288,0 days 00:00:00.782743,0.00018402614820276338,9,0,0.968648561802257,14,0.057884063389335445,FAIL
692,692,,2021-02-08 21:21:21.947139,2021-02-08 21:21:22.592291,0 days 00:00:00.645152,0.0005781718446559822,9,0,0.9691879890743048,14,0.10772024648965257,FAIL
693,693,,2021-02-08 21:21:22.592854,2021-02-08 21:21:23.256211,0 days 00:00:00.663357,0.00020304838402875004,9,0,0.9700688588332231,14,0.06366103280168843,FAIL
694,694,,2021-02-08 21:21:23.256767,2021-02-08 21:21:23.902821,0 days 00:00:00.646054,0.00013911125309902866,9,0,0.9674282231575769,14,0.1120703640532387,FAIL
695,695,,2021-02-08 21:21:23.903366,2021-02-08 21:21:24.548795,0 days 00:00:00.645429,0.00021327357086215566,9,0,0.9687815495182373,14,0.062000195550252456,FAIL
696,696,,2021-02-08 21:21:24.549337,2021-02-08 21:21:25.196972,0 days 00:00:00.647635,0.00017700841014132315,9,0,0.9473911695156237,14,0.09751425219604426,FAIL
697,697,,2021-02-08 21:21:25.197903,2021-02-08 21:21:25.900525,0 days 00:00:00.702622,0.0005716150676365739,9,0,0.9708922805326964,14,0.010531909507379372,FAIL
698,698,,2021-02-08 21:21:25.901068,2021-02-08 21:21:26.534055,0 days 00:00:00.632987,0.0001956508844126842,9,0,0.9678375204372445,14,0.11114539954095093,FAIL
699,699,,2021-02-08 21:21:26.534948,2021-02-08 21:21:27.297736,0 days 00:00:00.762788,0.0005912393359806164,9,0,0.9684173289669014,14,0.01016048736200604,FAIL
700,700,,2021-02-08 21:21:27.298598,2021-02-08 21:21:27.978033,0 days 00:00:00.679435,0.0001998136722700689,9,0,0.9695607251002026,14,0.06480734723518976,FAIL
701,701,,2021-02-08 21:21:27.978934,2021-02-08 21:21:28.637358,0 days 00:00:00.658424,0.0002055211674688078,9,0,0.9688243663475086,14,0.17067992209074262,FAIL
702,702,,2021-02-08 21:21:28.637960,2021-02-08 21:21:29.277622,0 days 00:00:00.639662,0.0005681845297241868,9,0,0.9678526848649873,14,0.06276899294864045,FAIL
703,703,,2021-02-08 21:21:29.278176,2021-02-08 21:21:29.922732,0 days 00:00:00.644556,0.00020262860510879253,9,0,0.9696228823151698,14,0.0995524736897365,FAIL
704,704,,2021-02-08 21:21:29.923626,2021-02-08 21:21:30.606665,0 days 00:00:00.683039,0.00019364792725582098,9,0,0.9688518884421724,14,0.06626753577931858,FAIL
705,705,0.6061443932411674,2021-02-08 21:21:30.607227,2021-02-08 21:21:41.351203,0 days 00:00:10.743976,0.00016553215222230383,9,4,0.9690978998463217,14,0.01054645868747055,COMPLETE
706,706,,2021-02-08 21:21:41.351939,2021-02-08 21:21:42.008145,0 days 00:00:00.656206,0.0004190707648978398,11,0,0.9472241707334824,16,0.059586775213322986,FAIL
707,707,,2021-02-08 21:21:42.008843,2021-02-08 21:21:42.682297,0 days 00:00:00.673454,0.0004951429164636275,11,0,0.9473674870221862,16,0.059637762610882786,FAIL
708,708,,2021-02-08 21:21:42.683219,2021-02-08 21:21:43.373189,0 days 00:00:00.689970,2.9472987906290544e-05,11,0,0.9465109946149792,16,0.060712782666660484,FAIL
709,709,,2021-02-08 21:21:43.373751,2021-02-08 21:21:44.027933,0 days 00:00:00.654182,0.0006442629179828845,11,0,0.949379604061895,16,0.05883409841018477,FAIL
710,710,,2021-02-08 21:21:44.028492,2021-02-08 21:21:44.686389,0 days 00:00:00.657897,0.0006146148204513455,11,0,0.9759762782710188,16,0.06325241489942349,FAIL
711,711,,2021-02-08 21:21:44.687295,2021-02-08 21:21:45.390093,0 days 00:00:00.702798,0.0006931444221545299,11,0,0.9462401708824177,16,0.0994326554072332,FAIL
712,712,,2021-02-08 21:21:45.390647,2021-02-08 21:21:46.039346,0 days 00:00:00.648699,0.0005925433800616329,11,0,0.9471874904655835,16,0.06376527357670188,FAIL
713,713,,2021-02-08 21:21:46.039906,2021-02-08 21:21:46.807655,0 days 00:00:00.767749,0.00046166077970757793,11,0,0.9469574582227379,16,0.062280904399249964,FAIL
714,714,,2021-02-08 21:21:46.808548,2021-02-08 21:21:47.483805,0 days 00:00:00.675257,0.0006037790311986667,11,0,0.9466915114089953,16,0.061886712194665475,FAIL
715,715,,2021-02-08 21:21:47.484715,2021-02-08 21:21:48.173250,0 days 00:00:00.688535,0.000719412061448847,11,0,0.9752283311473057,16,0.10271973569736546,FAIL
716,716,,2021-02-08 21:21:48.173903,2021-02-08 21:21:48.817411,0 days 00:00:00.643508,0.0006073308957671641,11,0,0.9477689511627261,16,0.06129690261352019,FAIL
717,717,,2021-02-08 21:21:48.818071,2021-02-08 21:21:49.460090,0 days 00:00:00.642019,0.0007671832687201103,11,0,0.9477424975474966,16,0.10187451573633796,FAIL
718,718,,2021-02-08 21:21:49.461003,2021-02-08 21:21:50.129844,0 days 00:00:00.668841,0.0006405878417458655,11,0,0.9473632039322307,16,0.06572339166802332,FAIL
719,719,,2021-02-08 21:21:50.130745,2021-02-08 21:21:50.840255,0 days 00:00:00.709510,0.0006288459383767765,11,0,0.9484254527497327,16,0.10082268582597535,FAIL
720,720,,2021-02-08 21:21:50.840811,2021-02-08 21:21:51.491622,0 days 00:00:00.650811,0.0005633563073675403,11,0,0.9467363528239046,16,0.16585441943921245,FAIL
721,721,,2021-02-08 21:21:51.492304,2021-02-08 21:21:52.257137,0 days 00:00:00.764833,0.0005790705266544414,11,0,0.947454538560466,16,0.05436093487660369,FAIL
722,722,,2021-02-08 21:21:52.257802,2021-02-08 21:21:52.913564,0 days 00:00:00.655762,0.0004492398903609917,11,0,0.9467911151666131,16,0.10550302309975375,FAIL
723,723,,2021-02-08 21:21:52.914473,2021-02-08 21:21:53.606687,0 days 00:00:00.692214,0.000530770954631595,11,0,0.977645379927756,16,0.10191126017801688,FAIL
724,724,,2021-02-08 21:21:53.607258,2021-02-08 21:21:54.249490,0 days 00:00:00.642232,0.0006372863760160367,11,0,0.9477390646549922,16,0.062429400651810865,FAIL
725,725,,2021-02-08 21:21:54.250391,2021-02-08 21:21:54.894427,0 days 00:00:00.644036,0.0007208933171050158,11,0,0.9476545011440547,16,0.06158267611255688,FAIL
726,726,,2021-02-08 21:21:54.895014,2021-02-08 21:21:55.552259,0 days 00:00:00.657245,0.0005770854453554581,11,0,0.9466942659068743,16,0.06156003165744384,FAIL
727,727,,2021-02-08 21:21:55.552962,2021-02-08 21:21:56.210233,0 days 00:00:00.657271,0.0004965422910922583,11,0,0.9456211001753436,16,0.06263750854145277,FAIL
728,728,,2021-02-08 21:21:56.211151,2021-02-08 21:21:56.880663,0 days 00:00:00.669512,0.00057452984142524,11,0,0.9483468697880891,16,0.06470631604721376,FAIL
729,729,,2021-02-08 21:21:56.881567,2021-02-08 21:21:57.689129,0 days 00:00:00.807562,0.0005782860698767804,11,0,0.9471983048427584,16,0.060605471658906646,FAIL
730,730,,2021-02-08 21:21:57.689726,2021-02-08 21:21:58.339826,0 days 00:00:00.650100,0.0004940514777287615,11,0,0.9781580036315305,16,0.05620813960979454,FAIL
731,731,,2021-02-08 21:21:58.340396,2021-02-08 21:21:58.989655,0 days 00:00:00.649259,2.8034860248836635e-05,11,0,0.946377788785879,16,0.06089359273318508,FAIL
732,732,,2021-02-08 21:21:58.990226,2021-02-08 21:21:59.628868,0 days 00:00:00.638642,0.0006006427961275519,11,0,0.9764395658196018,16,0.0958670542992283,FAIL
733,733,,2021-02-08 21:21:59.629744,2021-02-08 21:22:00.282393,0 days 00:00:00.652649,0.0006695049590003024,11,0,0.9488073531025382,16,0.0654387307729747,FAIL
734,734,,2021-02-08 21:22:00.283334,2021-02-08 21:22:00.957547,0 days 00:00:00.674213,0.0005904420536907115,11,0,0.9472872489971512,16,0.10578938408624745,FAIL
735,735,,2021-02-08 21:22:00.958450,2021-02-08 21:22:01.652343,0 days 00:00:00.693893,0.0006590354691863305,11,0,0.9473662577284023,16,0.059944408298335285,FAIL
736,736,,2021-02-08 21:22:01.653236,2021-02-08 21:22:02.373041,0 days 00:00:00.719805,0.0006760335750304873,11,0,0.9482023395612263,16,0.06146258209250309,FAIL
737,737,,2021-02-08 21:22:02.373611,2021-02-08 21:22:03.143351,0 days 00:00:00.769740,0.0005945188234182634,11,0,0.9473854418707716,16,0.059275735328680856,FAIL
738,738,,2021-02-08 21:22:03.144270,2021-02-08 21:22:03.835404,0 days 00:00:00.691134,0.0005651488863237,11,0,0.9462109110454827,16,0.06575621564154525,FAIL
739,739,,2021-02-08 21:22:03.836273,2021-02-08 21:22:04.548742,0 days 00:00:00.712469,3.276069592312224e-05,11,0,0.9770141101463379,16,0.06282240628576484,FAIL
740,740,,2021-02-08 21:22:04.549646,2021-02-08 21:22:05.216936,0 days 00:00:00.667290,0.0005632887077078047,11,0,0.9480568360527359,16,0.10015031288921998,FAIL
741,741,,2021-02-08 21:22:05.217843,2021-02-08 21:22:05.898013,0 days 00:00:00.680170,0.0005276512049719249,11,0,0.9778235513386778,16,0.061526620484635586,FAIL
742,742,,2021-02-08 21:22:05.898924,2021-02-08 21:22:06.547973,0 days 00:00:00.649049,0.0005638779452857124,11,0,0.9472133807923317,16,0.09407836158857492,FAIL
743,743,,2021-02-08 21:22:06.548627,2021-02-08 21:22:07.182918,0 days 00:00:00.634291,0.0006109184604621728,11,0,0.9469712568611053,16,0.06277563201442976,FAIL
744,744,,2021-02-08 21:22:07.183900,2021-02-08 21:22:07.855810,0 days 00:00:00.671910,0.0006469519776635316,11,0,0.9454243051029548,16,0.06395906425680388,FAIL
745,745,,2021-02-08 21:22:07.856691,2021-02-08 21:22:08.643906,0 days 00:00:00.787215,0.0005451794212524386,11,0,0.9479833863378953,12,0.06193740735483325,FAIL
746,746,,2021-02-08 21:22:08.644594,2021-02-08 21:22:09.284535,0 days 00:00:00.639941,0.00040707108360091916,11,0,0.946906773500455,16,0.10758043859256089,FAIL
747,747,,2021-02-08 21:22:09.285203,2021-02-08 21:22:09.924650,0 days 00:00:00.639447,0.0006364484678668589,11,0,0.9760217071042822,16,0.10341642150201316,FAIL
748,748,0.5585253456221199,2021-02-08 21:22:09.925217,2021-02-08 21:23:14.835002,0 days 00:01:04.909785,0.0005570356400793164,11,2,0.9480920620252573,16,0.061670817007256726,COMPLETE
749,749,,2021-02-08 21:23:14.835763,2021-02-08 21:23:15.500288,0 days 00:00:00.664525,3.176542379321126e-05,13,0,0.9767938122111087,12,0.16947397131434644,FAIL
750,750,,2021-02-08 21:23:15.501181,2021-02-08 21:23:16.297248,0 days 00:00:00.796067,3.765830047344958e-05,13,0,0.9760665919615974,12,0.09830186567116274,FAIL
751,751,,2021-02-08 21:23:16.298137,2021-02-08 21:23:16.997321,0 days 00:00:00.699184,3.4769040422490915e-05,13,0,0.9756787724873411,12,0.09638530725758694,FAIL
752,752,,2021-02-08 21:23:16.997883,2021-02-08 21:23:17.640590,0 days 00:00:00.642707,3.2042100283153895e-05,13,0,0.9581011234295999,12,0.10258705985752124,FAIL
753,753,,2021-02-08 21:23:17.641505,2021-02-08 21:23:18.288567,0 days 00:00:00.647062,3.922520106972439e-05,13,0,0.9771302020622352,12,0.10758799316624361,FAIL
754,754,,2021-02-08 21:23:18.289156,2021-02-08 21:23:18.926529,0 days 00:00:00.637373,3.268657200643848e-05,13,0,0.9773405320397912,12,0.10327434991283369,FAIL
755,755,,2021-02-08 21:23:18.927448,2021-02-08 21:23:19.618141,0 days 00:00:00.690693,2.8990340306491786e-05,13,0,0.9747837304628534,12,0.1021565083732065,FAIL
756,756,,2021-02-08 21:23:19.618722,2021-02-08 21:23:20.252343,0 days 00:00:00.633621,2.37249356645639e-05,13,0,0.9759388777190884,20,0.1632709473790371,FAIL
757,757,,2021-02-08 21:23:20.253256,2021-02-08 21:23:20.918438,0 days 00:00:00.665182,2.3967759166140345e-05,13,0,0.976905676015199,12,0.10377542387576033,FAIL
758,758,,2021-02-08 21:23:20.919367,2021-02-08 21:23:21.714937,0 days 00:00:00.795570,2.2121409864688542e-05,5,0,0.9752003797741555,12,0.10655653033817832,FAIL
759,759,,2021-02-08 21:23:21.715613,2021-02-08 21:23:22.360156,0 days 00:00:00.644543,7.704177914032283e-05,13,0,0.9778138680838818,12,0.1659991884236827,FAIL
760,760,,2021-02-08 21:23:22.360746,2021-02-08 21:23:22.995526,0 days 00:00:00.634780,3.080182878798753e-05,13,0,0.9766346567697726,12,0.10711645585618808,FAIL
761,761,0.5864823348694317,2021-02-08 21:23:22.996092,2021-02-08 21:23:33.844398,0 days 00:00:10.848306,2.8427313682201244e-05,13,4,0.9777467619244993,12,0.10697204999049627,COMPLETE
762,762,,2021-02-08 21:23:33.845154,2021-02-08 21:23:34.506928,0 days 00:00:00.661774,9.111295854862484e-05,13,0,0.9451267352920263,20,0.16070824140379905,FAIL
763,763,,2021-02-08 21:23:34.507481,2021-02-08 21:23:35.147537,0 days 00:00:00.640056,8.689936124026553e-05,13,0,0.9565654446576887,20,0.16664506953223893,FAIL
764,764,0.6221198156682027,2021-02-08 21:23:35.148466,2021-02-08 21:23:46.125287,0 days 00:00:10.976821,9.062450347176389e-05,13,2,0.9689409612673756,20,0.04045759812292566,COMPLETE
765,765,,2021-02-08 21:23:46.126067,2021-02-08 21:23:46.808203,0 days 00:00:00.682136,7.293317864258114e-05,13,0,0.9446102082850497,20,0.0416355534598584,FAIL
766,766,,2021-02-08 21:23:46.809124,2021-02-08 21:23:47.470191,0 days 00:00:00.661067,8.000046930859167e-05,13,0,0.9887284920001019,20,0.041941883478913485,FAIL
767,767,,2021-02-08 21:23:47.471116,2021-02-08 21:23:48.149660,0 days 00:00:00.678544,8.404163002254403e-05,13,0,0.9887716232105864,20,0.03908982787848802,FAIL
768,768,,2021-02-08 21:23:48.150577,2021-02-08 21:23:48.806319,0 days 00:00:00.655742,8.39068807420429e-05,13,0,0.9894300843680833,20,0.04008418237438565,FAIL
769,769,,2021-02-08 21:23:48.806887,2021-02-08 21:23:49.462918,0 days 00:00:00.656031,7.060161588006964e-05,13,0,0.9462176296074457,20,0.037775371903454674,FAIL
770,770,,2021-02-08 21:23:49.463860,2021-02-08 21:23:50.120757,0 days 00:00:00.656897,8.077294809179914e-05,13,0,0.9884419312010031,20,0.039197030685809535,FAIL
771,771,,2021-02-08 21:23:50.121671,2021-02-08 21:23:50.924883,0 days 00:00:00.803212,8.615249083653622e-05,13,0,0.9459169463799677,20,0.03909293122549839,FAIL
772,772,,2021-02-08 21:23:50.925490,2021-02-08 21:23:51.585955,0 days 00:00:00.660465,0.00010575435527729667,13,0,0.9883410788607639,20,0.040512344119143194,FAIL
773,773,,2021-02-08 21:23:51.586516,2021-02-08 21:23:52.243463,0 days 00:00:00.656947,9.700291953997874e-05,13,0,0.946684431920187,20,0.03812818106968382,FAIL
774,774,,2021-02-08 21:23:52.244376,2021-02-08 21:23:52.964432,0 days 00:00:00.720056,6.85024368413139e-05,13,0,0.9895083970101466,20,0.0414170459690178,FAIL
775,775,,2021-02-08 21:23:52.965325,2021-02-08 21:23:53.623890,0 days 00:00:00.658565,8.497484510998719e-05,13,0,0.9565382586882802,20,0.038306867320734524,FAIL
776,776,,2021-02-08 21:23:53.624447,2021-02-08 21:23:54.265283,0 days 00:00:00.640836,8.49671757940698e-05,13,0,0.9449614380770034,20,0.029923887594458378,FAIL
777,777,,2021-02-08 21:23:54.265851,2021-02-08 21:23:54.901027,0 days 00:00:00.635176,6.713069625573066e-05,13,0,0.9450920145170638,20,0.03817870403244057,FAIL
778,778,,2021-02-08 21:23:54.901615,2021-02-08 21:23:55.551656,0 days 00:00:00.650041,8.088920838416019e-05,13,0,0.989923032753948,20,0.03915099086059267,FAIL
779,779,,2021-02-08 21:23:55.552222,2021-02-08 21:23:56.337700,0 days 00:00:00.785478,5.4936638853801705e-05,13,0,0.944345076206415,20,0.04225206661246321,FAIL
780,780,,2021-02-08 21:23:56.338655,2021-02-08 21:23:57.002028,0 days 00:00:00.663373,7.515020116924516e-05,13,0,0.989890995173014,20,0.04071372532480419,FAIL
781,781,,2021-02-08 21:23:57.002959,2021-02-08 21:23:57.648376,0 days 00:00:00.645417,7.849143937589384e-05,13,0,0.9455990831377634,20,0.04031145091397793,FAIL
782,782,,2021-02-08 21:23:57.649299,2021-02-08 21:23:58.309812,0 days 00:00:00.660513,8.460141538386684e-05,13,0,0.9446493120946048,20,0.040925816768464914,FAIL
783,783,,2021-02-08 21:23:58.310382,2021-02-08 21:23:58.959610,0 days 00:00:00.649228,7.582949999063153e-05,13,0,0.9897052663047481,20,0.04046010843836578,FAIL
784,784,,2021-02-08 21:23:58.960180,2021-02-08 21:23:59.600932,0 days 00:00:00.640752,7.344032052012729e-05,13,0,0.9893780528183017,20,0.04006820125805509,FAIL
785,785,,2021-02-08 21:23:59.601487,2021-02-08 21:24:00.250369,0 days 00:00:00.648882,8.737781522996607e-05,13,0,0.9895011186235348,20,0.03011345731959251,FAIL
786,786,0.39416282642089095,2021-02-08 21:24:00.251308,2021-02-08 21:24:10.934864,0 days 00:00:10.683556,8.251099319309224e-05,13,2,0.945387220921315,20,0.044270170343324436,COMPLETE
787,787,,2021-02-08 21:24:10.935643,2021-02-08 21:24:11.614591,0 days 00:00:00.678948,1.926979094534476e-05,17,0,0.9702860905806607,20,0.029531400016246375,FAIL
788,788,,2021-02-08 21:24:11.615190,2021-02-08 21:24:12.274780,0 days 00:00:00.659590,0.00022751584236360174,17,0,0.989774992252403,20,0.032436673477049247,FAIL
789,789,,2021-02-08 21:24:12.275721,2021-02-08 21:24:12.932740,0 days 00:00:00.657019,0.0002226180994966679,17,0,0.9896064741187525,20,0.0283243147182574,FAIL
790,790,,2021-02-08 21:24:12.933688,2021-02-08 21:24:13.585015,0 days 00:00:00.651327,0.0002462730381794576,13,0,0.9560569973662848,20,0.02973620204922209,FAIL
791,791,,2021-02-08 21:24:13.585582,2021-02-08 21:24:14.236570,0 days 00:00:00.650988,0.0001956026796125523,17,0,0.9558200889215772,20,0.02994047686347691,FAIL
792,792,,2021-02-08 21:24:14.237508,2021-02-08 21:24:14.908806,0 days 00:00:00.671298,3.8288786059823416e-05,13,0,0.9777007648324086,20,0.02948523417020871,FAIL
793,793,,2021-02-08 21:24:14.909367,2021-02-08 21:24:15.694744,0 days 00:00:00.785377,0.00019782693689651337,17,0,0.9704050605208587,20,0.02937112424836126,FAIL
794,794,,2021-02-08 21:24:15.695335,2021-02-08 21:24:16.356241,0 days 00:00:00.660906,0.00024212183913759248,17,0,0.9554414278644517,20,0.028351157474695233,FAIL
795,795,,2021-02-08 21:24:16.356830,2021-02-08 21:24:17.014926,0 days 00:00:00.658096,4.231415529310403e-05,13,0,0.9556068067968214,20,0.033006987965203606,FAIL
796,796,,2021-02-08 21:24:17.015496,2021-02-08 21:24:17.663968,0 days 00:00:00.648472,0.0002136051268097061,13,0,0.956833676816486,20,0.03067769467928573,FAIL
797,797,,2021-02-08 21:24:17.664662,2021-02-08 21:24:18.306126,0 days 00:00:00.641464,0.00023239716216295555,17,0,0.9569775419755827,20,0.02905878715128877,FAIL
798,798,,2021-02-08 21:24:18.307080,2021-02-08 21:24:18.968682,0 days 00:00:00.661602,0.00025077293999797813,17,0,0.9896360544695695,20,0.02797756211467923,FAIL
799,799,,2021-02-08 21:24:18.969248,2021-02-08 21:24:19.627008,0 days 00:00:00.657760,0.0002190539834534869,17,0,0.9565671230593392,20,0.030009319895189176,FAIL
800,800,,2021-02-08 21:24:19.627923,2021-02-08 21:24:20.304507,0 days 00:00:00.676584,0.00020313286847857182,13,0,0.9771438156562096,20,0.029277521646621316,FAIL
801,801,,2021-02-08 21:24:20.305070,2021-02-08 21:24:21.077713,0 days 00:00:00.772643,0.00026034821767845695,13,0,0.9891094892791221,20,0.02926320017542427,FAIL
802,802,,2021-02-08 21:24:21.078651,2021-02-08 21:24:21.750176,0 days 00:00:00.671525,0.00024430601266726076,17,0,0.9702210626347413,20,0.031223331892970056,FAIL
803,803,,2021-02-08 21:24:21.751132,2021-02-08 21:24:22.403048,0 days 00:00:00.651916,0.00020790225832003004,17,0,0.9564347879841781,20,0.029772347431232835,FAIL
804,804,,2021-02-08 21:24:22.403624,2021-02-08 21:24:23.058893,0 days 00:00:00.655269,0.0002533826397680284,17,0,0.977408277193258,20,0.02899400992195539,FAIL
805,805,,2021-02-08 21:24:23.059474,2021-02-08 21:24:23.711087,0 days 00:00:00.651613,0.00024004612739134115,17,0,0.970230690013468,20,0.02859258851466631,FAIL
806,806,,2021-02-08 21:24:23.711651,2021-02-08 21:24:24.378326,0 days 00:00:00.666675,3.416204182300385e-05,17,0,0.9898286041290838,20,0.028780894699645163,FAIL
807,807,,2021-02-08 21:24:24.379304,2021-02-08 21:24:25.034684,0 days 00:00:00.655380,0.00022129886615767389,17,0,0.9897210870301919,20,0.037097558437058586,FAIL
808,808,,2021-02-08 21:24:25.035605,2021-02-08 21:24:25.718079,0 days 00:00:00.682474,0.00024403703803576167,17,0,0.9564461258363717,20,0.029587194665886846,FAIL
809,809,,2021-02-08 21:24:25.718695,2021-02-08 21:24:26.499888,0 days 00:00:00.781193,0.00022500518124684893,17,0,0.9567290346908244,20,0.028647563403722737,FAIL
810,810,,2021-02-08 21:24:26.500473,2021-02-08 21:24:27.137160,0 days 00:00:00.636687,0.00020932216138061976,13,0,0.9893414390739578,20,0.028795124521552022,FAIL
811,811,,2021-02-08 21:24:27.137840,2021-02-08 21:24:27.803634,0 days 00:00:00.665794,0.00026497016178725726,13,0,0.9560279866125518,20,0.029284506021105206,FAIL
