,number,value,datetime_start,datetime_complete,duration,params_lr,params_nl2,params_num_ct,params_scheduler_gamma,params_sigma2,params_weight_decay,state
5071,5071,0.37880184331797234,2021-02-09 03:44:49.055018,2021-02-09 03:45:05.754839,0 days 00:00:16.699821,1.8844086143433222e-05,7,8,0.9706876384947386,18,0.018600290743373046,COMPLETE
5072,5072,0.3794162826420891,2021-02-09 03:45:05.757447,2021-02-09 03:45:16.703786,0 days 00:00:10.946339,0.00044582697323155456,13,2,0.9655539120573766,18,0.01740755469843317,COMPLETE
5073,5073,0.6052227342549923,2021-02-09 03:45:16.706401,2021-02-09 03:45:27.523888,0 days 00:00:10.817487,0.0003889058863209761,7,2,0.96337235889042,16,0.027062115540618634,COMPLETE
5074,5074,,2021-02-09 03:45:27.526502,2021-02-09 03:45:28.263907,0 days 00:00:00.737405,0.002290450975195834,7,0,0.9839560105641201,18,0.027094407105544744,FAIL
5075,5075,0.5517665130568357,2021-02-09 03:45:28.265748,2021-02-09 03:45:49.427510,0 days 00:00:21.161762,9.990151435753278e-05,7,6,0.97458746124651,18,0.024009701527728456,COMPLETE
5076,5076,,2021-02-09 03:45:49.430138,2021-02-09 03:45:50.161469,0 days 00:00:00.731331,1.5483760319566144e-05,9,0,0.9363525592244526,18,0.025288992974560713,FAIL
5077,5077,0.5981566820276498,2021-02-09 03:45:50.163344,2021-02-09 03:46:01.245721,0 days 00:00:11.082377,1.4242884922406349e-05,9,8,0.9834109165220181,18,0.025202059708376752,COMPLETE
5078,5078,,2021-02-09 03:46:01.248373,2021-02-09 03:46:01.977412,0 days 00:00:00.729039,0.0002082688911416302,7,0,0.9411756427927468,16,0.021543495619530964,FAIL
5079,5079,0.445468509984639,2021-02-09 03:46:01.979273,2021-02-09 03:46:13.595811,0 days 00:00:11.616538,1.0100286582052458e-05,7,8,0.9371028791771617,16,0.07572792047178964,COMPLETE
5080,5080,,2021-02-09 03:46:13.598428,2021-02-09 03:46:14.321606,0 days 00:00:00.723178,0.0004333906616450782,7,0,0.9685379751802856,16,0.0214082718510514,FAIL
5081,5081,0.5127496159754225,2021-02-09 03:46:14.323515,2021-02-09 03:48:00.206638,0 days 00:01:45.883123,0.0003273778603675365,7,8,0.9673214729934991,16,0.021247284416804617,COMPLETE
5082,5082,,2021-02-09 03:48:00.209270,2021-02-09 03:48:00.940256,0 days 00:00:00.730986,1.4130069054341215e-05,7,0,0.972119562968545,18,0.02750434139661998,FAIL
5083,5083,0.3812596006144393,2021-02-09 03:48:00.943492,2021-02-09 03:48:12.315699,0 days 00:00:11.372207,1.4679726052863737e-05,7,8,0.9409409152801217,14,0.027209032517192623,COMPLETE
5084,5084,0.5084485407066052,2021-02-09 03:48:12.318325,2021-02-09 03:48:23.240132,0 days 00:00:10.921807,0.00041331459786453215,5,2,0.9195511532905906,16,0.022798334921142825,COMPLETE
5085,5085,0.5004608294930876,2021-02-09 03:48:23.242778,2021-02-09 03:48:44.895314,0 days 00:00:21.652536,0.004227554501803907,7,8,0.9869960507845239,16,0.015167772999067767,COMPLETE
5086,5086,,2021-02-09 03:48:44.897941,2021-02-09 03:48:45.637592,0 days 00:00:00.739651,0.006840996230715443,7,0,0.9850491115569007,16,0.013739658321716166,FAIL
5087,5087,,2021-02-09 03:48:45.639440,2021-02-09 03:48:46.381860,0 days 00:00:00.742420,0.002490715407028166,7,0,0.9720155181440816,16,0.02526004476060456,FAIL
5088,5088,0.5508448540706605,2021-02-09 03:48:46.383795,2021-02-09 03:48:57.436416,0 days 00:00:11.052621,0.0001416384117540451,7,6,0.9811044706381241,16,0.025350220208789666,COMPLETE
5089,5089,0.5468509984639017,2021-02-09 03:48:57.439092,2021-02-09 03:49:18.852449,0 days 00:00:21.413357,0.002124250620594016,7,8,0.942583192104662,16,0.028035387364252252,COMPLETE
5090,5090,,2021-02-09 03:49:18.855094,2021-02-09 03:49:19.584501,0 days 00:00:00.729407,0.0024213878501386037,7,0,0.9687250567032583,16,0.013570897643531041,FAIL
5091,5091,,2021-02-09 03:49:19.586421,2021-02-09 03:49:20.478705,0 days 00:00:00.892284,1.0017224899765519e-05,7,0,0.9464253523648658,16,0.0387425130325968,FAIL
5092,5092,0.5953917050691244,2021-02-09 03:49:20.480551,2021-02-09 03:49:37.616775,0 days 00:00:17.136224,0.00020569635319668151,7,8,0.9708503717690125,16,0.040830832735289056,COMPLETE
5093,5093,0.6061443932411674,2021-02-09 03:49:37.619437,2021-02-09 03:49:48.451203,0 days 00:00:10.831766,1.0000536768475031e-05,9,2,0.9757510426531045,18,0.08843682938058041,COMPLETE
5094,5094,0.3938556067588326,2021-02-09 03:49:48.453850,2021-02-09 03:49:58.887043,0 days 00:00:10.433193,1.2242251491412604e-05,7,2,0.9693226282949579,18,0.0241641963213693,COMPLETE
5095,5095,,2021-02-09 03:49:58.889691,2021-02-09 03:49:59.618767,0 days 00:00:00.729076,0.005804007820895823,7,0,0.984467696314354,16,0.013785435119004326,FAIL
5096,5096,,2021-02-09 03:49:59.621984,2021-02-09 03:50:00.501156,0 days 00:00:00.879172,0.0005803741662905588,7,0,0.9899857515870897,16,0.026813161155394307,FAIL
5097,5097,0.591705069124424,2021-02-09 03:50:00.504429,2021-02-09 03:50:11.834323,0 days 00:00:11.329894,0.002552503119767938,7,6,0.9845914704680342,16,0.020509767083746303,COMPLETE
5098,5098,0.3705069124423963,2021-02-09 03:50:11.836946,2021-02-09 03:50:22.803170,0 days 00:00:10.966224,1.7090132900493847e-05,13,2,0.9720826720845848,18,0.02551462017439513,COMPLETE
5099,5099,0.5797235023041475,2021-02-09 03:50:22.805803,2021-02-09 03:50:33.684503,0 days 00:00:10.878700,1.2164279515673747e-05,9,2,0.9447234960202643,18,0.03913199589415005,COMPLETE
5100,5100,,2021-02-09 03:50:33.687127,2021-02-09 03:50:34.414058,0 days 00:00:00.726931,0.0006521144303722945,7,0,0.9678604966493237,16,0.02869546816359279,FAIL
5101,5101,0.5056835637480799,2021-02-09 03:50:34.417241,2021-02-09 03:50:51.225499,0 days 00:00:16.808258,0.007206252269121612,7,8,0.9356168415176133,16,0.02790303323167944,COMPLETE
5102,5102,,2021-02-09 03:50:51.228133,2021-02-09 03:50:51.965144,0 days 00:00:00.737011,0.0002332069266536273,15,0,0.9687669607278607,18,0.02281021148906412,FAIL
5103,5103,,2021-02-09 03:50:51.967170,2021-02-09 03:50:52.689587,0 days 00:00:00.722417,0.0003372614493360135,15,0,0.9894198368007515,18,0.02278458996973914,FAIL
5104,5104,,2021-02-09 03:50:52.692733,2021-02-09 03:50:53.491360,0 days 00:00:00.798627,0.0002499978913131618,15,0,0.9394722026132575,18,0.022745551675212097,FAIL
5105,5105,0.5483870967741935,2021-02-09 03:50:53.493273,2021-02-09 03:51:04.138173,0 days 00:00:10.644900,0.000528538058383488,15,2,0.9678085095771299,18,0.022088144668983768,COMPLETE
5106,5106,,2021-02-09 03:51:04.140826,2021-02-09 03:51:04.874014,0 days 00:00:00.733188,1.013363956221722e-05,7,0,0.9473870889714878,18,0.02835828853143758,FAIL
5107,5107,,2021-02-09 03:51:04.875887,2021-02-09 03:51:05.568780,0 days 00:00:00.692893,2.008961569005514e-05,5,0,0.9077569214626355,18,0.013748987491451644,FAIL
5108,5108,0.5720430107526882,2021-02-09 03:51:05.570528,2021-02-09 03:51:16.829309,0 days 00:00:11.258781,2.120376503749795e-05,5,2,0.9627909830415899,18,0.013773116616792884,COMPLETE
5109,5109,,2021-02-09 03:51:16.831974,2021-02-09 03:51:17.584972,0 days 00:00:00.752998,0.00013105300129572468,7,0,0.9467854150059964,18,0.02850505080534234,FAIL
5110,5110,0.4620583717357911,2021-02-09 03:51:17.588222,2021-02-09 03:51:38.300193,0 days 00:00:20.711971,0.0006251309534606445,7,2,0.9851712460162328,18,0.028580511004140385,COMPLETE
5111,5111,,2021-02-09 03:51:38.302835,2021-02-09 03:51:39.017114,0 days 00:00:00.714279,1.0085837678789218e-05,7,0,0.9768471410252898,16,0.01955684538764481,FAIL
5112,5112,,2021-02-09 03:51:39.018989,2021-02-09 03:51:39.739014,0 days 00:00:00.720025,0.00012430080491491118,7,0,0.9391073513389322,16,0.03649123087207105,FAIL
5113,5113,,2021-02-09 03:51:39.742295,2021-02-09 03:51:40.465537,0 days 00:00:00.723242,0.0001305203979237898,7,0,0.946724431887743,16,0.036686431180063754,FAIL
5114,5114,0.41597542242703534,2021-02-09 03:51:40.468610,2021-02-09 03:51:57.342966,0 days 00:00:16.874356,0.00013371606751211743,7,8,0.965390076499574,16,0.03754359853655166,COMPLETE
5115,5115,,2021-02-09 03:51:57.345638,2021-02-09 03:51:58.072306,0 days 00:00:00.726668,0.00024347024950830732,9,0,0.9379937770914134,16,0.026553850634859984,FAIL
5116,5116,,2021-02-09 03:51:58.074232,2021-02-09 03:51:58.798246,0 days 00:00:00.724014,0.00036805846433935065,9,0,0.939433215578316,16,0.02603476511881484,FAIL
5117,5117,0.4986175115207373,2021-02-09 03:51:58.800889,2021-02-09 03:52:09.463945,0 days 00:00:10.663056,0.0002980469657635487,9,2,0.9377829346530121,16,0.0260247292443769,COMPLETE
5118,5118,0.42980030721966206,2021-02-09 03:52:09.466610,2021-02-09 03:52:20.823423,0 days 00:00:11.356813,0.00026626075938539776,7,8,0.9878603917486888,16,0.028865950518549732,COMPLETE
5119,5119,0.5394777265745008,2021-02-09 03:52:20.826060,2021-02-09 03:52:47.441024,0 days 00:00:26.614964,0.0016400135587768335,7,6,0.9468335706169247,16,0.01951268425211638,COMPLETE
5120,5120,0.535483870967742,2021-02-09 03:52:47.443685,2021-02-09 03:52:58.312116,0 days 00:00:10.868431,1.3982041737648772e-05,17,2,0.9774724433891225,18,0.02391777804347134,COMPLETE
5121,5121,0.4463901689708141,2021-02-09 03:52:58.314778,2021-02-09 03:53:18.689989,0 days 00:00:20.375211,0.0002208435787406685,5,2,0.9395702579998588,16,0.026725130525039286,COMPLETE
5122,5122,0.44761904761904764,2021-02-09 03:53:18.692646,2021-02-09 03:53:29.598568,0 days 00:00:10.905922,0.00031489476016823643,15,2,0.9899550230759862,12,0.022553783696594484,COMPLETE
5123,5123,,2021-02-09 03:53:29.601234,2021-02-09 03:53:30.496668,0 days 00:00:00.895434,9.062516345324251e-05,9,0,0.9824922127319198,14,0.028560915720035905,FAIL
5124,5124,0.36774193548387096,2021-02-09 03:53:30.498491,2021-02-09 03:53:46.747336,0 days 00:00:16.248845,0.00012423235346686805,9,6,0.9734019111344558,14,0.042302956004306516,COMPLETE
5125,5125,,2021-02-09 03:53:46.750005,2021-02-09 03:53:47.494178,0 days 00:00:00.744173,0.00011082638610031359,13,0,0.9684517669659156,18,0.029274951586306792,FAIL
5126,5126,0.4079877112135177,2021-02-09 03:53:47.497434,2021-02-09 03:53:58.450988,0 days 00:00:10.953554,0.00016630627717068142,13,2,0.9685902854689633,18,0.02884301032399046,COMPLETE
5127,5127,0.5695852534562212,2021-02-09 03:53:58.453630,2021-02-09 03:54:25.103210,0 days 00:00:26.649580,0.011251055421121349,7,8,0.9817896223245968,16,0.03657270160140371,COMPLETE
5128,5128,,2021-02-09 03:54:25.105852,2021-02-09 03:54:25.985410,0 days 00:00:00.879558,0.0004518402951543097,15,0,0.9354343547247584,18,0.024609673535070594,FAIL
5129,5129,0.40337941628264207,2021-02-09 03:54:25.988691,2021-02-09 03:54:36.772144,0 days 00:00:10.783453,0.00022773981604954087,15,2,0.9830049361193471,18,0.025147482715698298,COMPLETE
5130,5130,,2021-02-09 03:54:36.774823,2021-02-09 03:54:37.498737,0 days 00:00:00.723914,8.300896173133835e-05,7,0,0.9861189531177553,16,0.023406372158914994,FAIL
5131,5131,0.5655913978494623,2021-02-09 03:54:37.501967,2021-02-09 03:54:48.448928,0 days 00:00:10.946961,8.661372653583116e-05,7,2,0.934676370879061,16,0.021891313528994736,COMPLETE
5132,5132,0.4881720430107527,2021-02-09 03:54:48.451589,2021-02-09 03:55:10.172253,0 days 00:00:21.720664,0.0003963642565293388,7,8,0.9899758230635034,16,0.02668869295496923,COMPLETE
5133,5133,0.4497695852534562,2021-02-09 03:55:10.174940,2021-02-09 03:55:26.913644,0 days 00:00:16.738704,0.0004867228025451497,5,8,0.9869604545725938,16,0.030336630166586807,COMPLETE
5134,5134,,2021-02-09 03:55:26.916299,2021-02-09 03:55:27.665780,0 days 00:00:00.749481,0.00529271182693039,7,0,0.9660302587405597,16,0.03622695063944662,FAIL
5135,5135,,2021-02-09 03:55:27.669080,2021-02-09 03:55:28.410277,0 days 00:00:00.741197,1.0236854852784995e-05,7,0,0.9166192751323456,16,0.03518691201155022,FAIL
5136,5136,,2021-02-09 03:55:28.412096,2021-02-09 03:55:29.126136,0 days 00:00:00.714040,0.005674007104898221,7,0,0.9707573165080131,16,0.04376448530191647,FAIL
5137,5137,0.4390168970814132,2021-02-09 03:55:29.128063,2021-02-09 03:55:50.306649,0 days 00:00:21.178586,0.005088972495429252,7,6,0.96707459001013,16,0.04361420151854323,COMPLETE
5138,5138,0.38924731182795697,2021-02-09 03:55:50.309302,2021-02-09 03:56:17.937680,0 days 00:00:27.628378,0.0029257229702193757,7,8,0.9404597073635135,16,0.036270459635772606,COMPLETE
5139,5139,0.500768049155146,2021-02-09 03:56:17.940369,2021-02-09 03:56:29.318838,0 days 00:00:11.378469,1.0093347005229946e-05,7,8,0.9434707377899003,16,0.024566348927223623,COMPLETE
5140,5140,0.6036866359447005,2021-02-09 03:56:29.321508,2021-02-09 03:56:50.765098,0 days 00:00:21.443590,0.00010608577192265986,7,6,0.9367596674482834,16,0.03359388438803178,COMPLETE
5141,5141,,2021-02-09 03:56:50.767795,2021-02-09 03:56:51.500636,0 days 00:00:00.732841,0.00012029241399856117,7,0,0.9706160221587292,16,0.02076892427000552,FAIL
5142,5142,0.5170506912442396,2021-02-09 03:56:51.502548,2021-02-09 03:57:03.067905,0 days 00:00:11.565357,1.022422221202455e-05,7,8,0.9166738239938018,16,0.019299313378244923,COMPLETE
5143,5143,,2021-02-09 03:57:03.070575,2021-02-09 03:57:03.813260,0 days 00:00:00.742685,0.0006103287867708175,7,0,0.9692308912668643,16,0.03826318030396478,FAIL
5144,5144,0.423963133640553,2021-02-09 03:57:03.815171,2021-02-09 03:57:15.174219,0 days 00:00:11.359048,0.00012747616757320467,7,8,0.9755705982635461,16,0.027630289326117937,COMPLETE
5145,5145,0.4061443932411674,2021-02-09 03:57:15.176906,2021-02-09 03:57:25.893488,0 days 00:00:10.716582,1.7373924354074624e-05,13,2,0.9071667984650106,18,0.039246278657018734,COMPLETE
5146,5146,0.5800307219662059,2021-02-09 03:57:25.896171,2021-02-09 03:57:36.850555,0 days 00:00:10.954384,1.0063494530117484e-05,7,6,0.9716187299042929,16,0.023463256832293927,COMPLETE
5147,5147,0.49953917050691243,2021-02-09 03:57:36.853249,2021-02-09 03:57:48.397595,0 days 00:00:11.544346,0.0005944301406204049,7,8,0.9802271308136612,16,0.028983057984300554,COMPLETE
5148,5148,0.3861751152073733,2021-02-09 03:57:48.400266,2021-02-09 03:57:59.372232,0 days 00:00:10.971966,0.0003424555049896775,13,2,0.9014695673601787,16,0.02085733025196049,COMPLETE
5149,5149,0.6245775729646698,2021-02-09 03:57:59.374930,2021-02-09 03:58:10.032623,0 days 00:00:10.657693,0.000306582967638152,15,2,0.9842813146154265,16,0.030225154787231624,COMPLETE
5150,5150,,2021-02-09 03:58:10.035341,2021-02-09 03:58:10.771670,0 days 00:00:00.736329,0.00019844830644553574,15,0,0.9696772413645276,18,0.026067125455030222,FAIL
5151,5151,0.6043010752688172,2021-02-09 03:58:10.774927,2021-02-09 03:58:21.876337,0 days 00:00:11.101410,0.00021729797075255565,15,2,0.9642385814703311,18,0.0252779462244562,COMPLETE
5152,5152,,2021-02-09 03:58:21.879035,2021-02-09 03:58:22.757624,0 days 00:00:00.878589,0.0004268399262610469,17,0,0.9687706192025803,16,0.03478978367424734,FAIL
5153,5153,,2021-02-09 03:58:22.760872,2021-02-09 03:58:23.502182,0 days 00:00:00.741310,0.0003760210196844922,17,0,0.9855950189631254,16,0.034454781705482926,FAIL
5154,5154,0.6291858678955453,2021-02-09 03:58:23.503979,2021-02-09 03:58:34.326056,0 days 00:00:10.822077,0.0004167176788461828,9,2,0.9467857578766972,16,0.03488708901538129,COMPLETE
5155,5155,,2021-02-09 03:58:34.328747,2021-02-09 03:58:35.070076,0 days 00:00:00.741329,0.0006249924939396066,9,0,0.9505630564433841,18,0.039723392320535615,FAIL
5156,5156,,2021-02-09 03:58:35.073202,2021-02-09 03:58:35.837148,0 days 00:00:00.763946,0.00040261917477730645,9,0,0.9497424751849524,18,0.037953720689642166,FAIL
5157,5157,0.4221198156682028,2021-02-09 03:58:35.840363,2021-02-09 03:58:46.654653,0 days 00:00:10.814290,0.0004639581896179461,9,2,0.942393770764514,18,0.03791712355611049,COMPLETE
5158,5158,0.623963133640553,2021-02-09 03:58:46.657334,2021-02-09 03:58:57.885090,0 days 00:00:11.227756,0.0005601887854471378,9,2,0.9489346184669236,16,0.041681841983277124,COMPLETE
5159,5159,0.38894009216589864,2021-02-09 03:58:57.887767,2021-02-09 03:59:08.761020,0 days 00:00:10.873253,0.000464879294775977,5,2,0.9494808253587107,16,0.036496826241005385,COMPLETE
5160,5160,0.6070660522273426,2021-02-09 03:59:08.763703,2021-02-09 03:59:25.155399,0 days 00:00:16.391696,0.0006203210501119965,9,8,0.9405281452684463,16,0.03687396299119772,COMPLETE
5161,5161,,2021-02-09 03:59:25.158049,2021-02-09 03:59:25.884480,0 days 00:00:00.726431,0.0003623279094200973,13,0,0.9441466181685744,16,0.03999275698207309,FAIL
5162,5162,0.5984639016897081,2021-02-09 03:59:25.887741,2021-02-09 03:59:46.755489,0 days 00:00:20.867748,0.0003551466150029687,9,2,0.947256930535816,16,0.04034718133646681,COMPLETE
5163,5163,,2021-02-09 03:59:46.758160,2021-02-09 04:00:02.738692,0 days 00:00:15.980532,0.0005628141695616613,9,8,0.9445536545113999,16,0.04402496545994827,FAIL
5164,5164,,2021-02-09 04:00:02.741547,2021-02-09 04:00:03.527404,0 days 00:00:00.785857,0.00048192092148076945,9,0,0.9454949101445679,16,0.0348255064221676,FAIL
5165,5165,0.4307219662058372,2021-02-09 04:00:03.530717,2021-02-09 04:00:15.278696,0 days 00:00:11.747979,0.00040544148793197264,9,8,0.9386944430140318,16,0.039119904387433804,COMPLETE
5166,5166,,2021-02-09 04:00:15.281379,2021-02-09 04:00:16.028186,0 days 00:00:00.746807,0.0005279283163291109,9,0,0.9502451554816242,16,0.043660508966599405,FAIL
5167,5167,0.41013824884792627,2021-02-09 04:00:16.029994,2021-02-09 04:00:27.004572,0 days 00:00:10.974578,0.0005816933519934258,9,2,0.9416972273521479,16,0.04429465677049527,COMPLETE
5168,5168,0.40706605222734255,2021-02-09 04:00:27.007266,2021-02-09 04:00:37.744146,0 days 00:00:10.736880,0.00044380213276899147,9,2,0.9465527641046808,16,0.03471528274456002,COMPLETE
5169,5169,0.4095238095238095,2021-02-09 04:00:37.746842,2021-02-09 04:00:48.750117,0 days 00:00:11.003275,0.00044013235552519536,5,6,0.9443131051114991,16,0.03464765611613101,COMPLETE
5170,5170,0.5410138248847927,2021-02-09 04:00:48.752832,2021-02-09 04:01:33.989020,0 days 00:00:45.236188,0.0007060544893176964,9,2,0.9482190520499303,16,0.10618188465709402,COMPLETE
5171,5171,,2021-02-09 04:01:33.991697,2021-02-09 04:01:34.730755,0 days 00:00:00.739058,0.0004070271882490227,13,0,0.9354253955045402,16,0.02236458781760409,FAIL
5172,5172,0.41566820276497696,2021-02-09 04:01:34.732641,2021-02-09 04:01:45.900040,0 days 00:00:11.167399,0.0003430176736080815,9,2,0.9359098697865682,16,0.02169070964578012,COMPLETE
5173,5173,,2021-02-09 04:01:45.902753,2021-02-09 04:01:46.644497,0 days 00:00:00.741744,0.00026931329166616385,13,0,0.9431318727614112,16,0.02360777747989022,FAIL
5174,5174,0.4021505376344086,2021-02-09 04:01:46.647705,2021-02-09 04:01:57.699540,0 days 00:00:11.051835,0.00026127584841873815,13,2,0.9456035309584762,16,0.018109839687200275,COMPLETE
5175,5175,,2021-02-09 04:01:57.702238,2021-02-09 04:01:58.443586,0 days 00:00:00.741348,0.0003890331995525743,9,0,0.943146577046311,16,0.023638384680477072,FAIL
5176,5176,0.5714285714285714,2021-02-09 04:01:58.445501,2021-02-09 04:02:09.583930,0 days 00:00:11.138429,0.0003052226763360199,9,2,0.9437798014275466,16,0.03375142992771074,COMPLETE
5177,5177,0.5984639016897081,2021-02-09 04:02:09.586641,2021-02-09 04:02:35.138551,0 days 00:00:25.551910,0.0005689311136490151,15,2,0.9342500860107258,18,0.02311279874222001,COMPLETE
5178,5178,0.5533026113671276,2021-02-09 04:02:35.141271,2021-02-09 04:02:46.266972,0 days 00:00:11.125701,8.77410188098202e-05,15,2,0.947023190263512,18,0.04024732615460391,COMPLETE
5179,5179,,2021-02-09 04:02:46.269672,2021-02-09 04:02:46.996183,0 days 00:00:00.726511,0.0007129636694856727,9,0,0.949334594176996,16,0.0369506565397288,FAIL
5180,5180,,2021-02-09 04:02:46.998039,2021-02-09 04:02:47.726836,0 days 00:00:00.728797,0.0007312556982791321,9,0,0.95021817772483,16,0.08336100563925539,FAIL
5181,5181,0.45130568356374806,2021-02-09 04:02:47.730169,2021-02-09 04:02:58.877923,0 days 00:00:11.147754,0.0003982948202107589,9,6,0.945106355439375,16,0.08293885647968605,COMPLETE
5182,5182,,2021-02-09 04:02:58.880627,2021-02-09 04:02:59.609637,0 days 00:00:00.729010,0.0005183531373044797,9,0,0.9381064692636957,16,0.036363036654199966,FAIL
5183,5183,,2021-02-09 04:02:59.611647,2021-02-09 04:03:00.333754,0 days 00:00:00.722107,0.00042701998249347075,9,0,0.9393748352277692,16,0.03605795632343197,FAIL
5184,5184,,2021-02-09 04:03:00.337039,2021-02-09 04:03:01.053474,0 days 00:00:00.716435,0.0007256670726949332,7,0,0.9415713964905619,16,0.03599253784009979,FAIL
5185,5185,,2021-02-09 04:03:01.055323,2021-02-09 04:03:01.777751,0 days 00:00:00.722428,0.0005303967502493524,9,0,0.9388763347347261,16,0.03789785758935764,FAIL
5186,5186,0.45376344086021503,2021-02-09 04:03:01.779730,2021-02-09 04:03:17.992655,0 days 00:00:16.212925,0.006326215111420932,9,6,0.9610339175495073,16,0.03600861137766112,COMPLETE
5187,5187,0.41013824884792627,2021-02-09 04:03:17.995348,2021-02-09 04:03:28.550776,0 days 00:00:10.555428,0.00048440512081667273,15,2,0.9500374426507481,18,0.032965438830601324,COMPLETE
5188,5188,0.48110599078341015,2021-02-09 04:03:28.553453,2021-02-09 04:03:49.743712,0 days 00:00:21.190259,0.00040278367037486313,13,2,0.9388233000290552,16,0.01681293688373951,COMPLETE
5189,5189,0.5480798771121351,2021-02-09 04:03:49.746396,2021-02-09 04:04:05.062076,0 days 00:00:15.315680,0.00035000005046224094,17,2,0.969657510748802,16,0.07501770806821653,COMPLETE
5190,5190,0.42795698924731185,2021-02-09 04:04:05.064765,2021-02-09 04:04:16.431679,0 days 00:00:11.366914,0.0007416058026619694,7,6,0.9629914384774183,14,0.023422934784616316,COMPLETE
5191,5191,,2021-02-09 04:04:16.434365,2021-02-09 04:04:17.171162,0 days 00:00:00.736797,0.0024220583910085033,7,0,0.9858382316629556,16,0.04465088882339663,FAIL
5192,5192,,2021-02-09 04:04:17.173017,2021-02-09 04:04:17.888899,0 days 00:00:00.715882,0.0006302335511220541,7,0,0.9363889900384522,16,0.02023566003574673,FAIL
5193,5193,0.5152073732718894,2021-02-09 04:04:17.892199,2021-02-09 04:04:34.038519,0 days 00:00:16.146320,0.0005983307159880945,7,6,0.9501586337399115,16,0.04416923931592432,COMPLETE
5194,5194,0.4930875576036866,2021-02-09 04:04:34.041226,2021-02-09 04:04:55.947676,0 days 00:00:21.906450,0.0031665145739076203,7,8,0.9364661472016889,16,0.03901332570808503,COMPLETE
5195,5195,,2021-02-09 04:04:55.950375,2021-02-09 04:04:56.685091,0 days 00:00:00.734716,0.0001801611790852468,7,0,0.9650262869526397,16,0.02658376223340681,FAIL
