,number,value,datetime_start,datetime_complete,duration,params_lr,params_nl2,params_num_ct,params_scheduler_gamma,params_sigma2,params_weight_decay,state
7063,7063,0.4881720430107527,2021-02-09 09:33:19.614726,2021-02-09 09:33:40.800654,0 days 00:00:21.185928,0.0005434686289582147,9,4,0.9478083861447255,20,0.04309870190643229,COMPLETE
7064,7064,,2021-02-09 09:33:40.804159,2021-02-09 09:33:41.590222,0 days 00:00:00.786063,0.0006250423562279044,9,0,0.9475045994666176,20,0.03841761224578835,FAIL
7065,7065,,2021-02-09 09:33:41.592949,2021-02-09 09:33:42.377823,0 days 00:00:00.784874,0.0005826775482649161,9,0,0.9473288358684405,20,0.03831368341053274,FAIL
7066,7066,,2021-02-09 09:33:42.380571,2021-02-09 09:33:43.167063,0 days 00:00:00.786492,0.0006063187017457544,9,0,0.9478153896306523,20,0.036917497096955965,FAIL
7067,7067,0.41443932411674345,2021-02-09 09:33:43.169862,2021-02-09 09:33:54.336575,0 days 00:00:11.166713,0.0006319311058403456,9,4,0.94715236338719,20,0.03870560012807677,COMPLETE
7068,7068,,2021-02-09 09:33:54.340112,2021-02-09 09:33:55.109698,0 days 00:00:00.769586,0.0003693503045871272,9,0,0.950949180148012,20,0.03684171946400543,FAIL
7069,7069,,2021-02-09 09:33:55.114155,2021-02-09 09:33:55.896128,0 days 00:00:00.781973,0.00037536474220895797,9,0,0.9535207393865586,20,0.03664923194854465,FAIL
7070,7070,0.39262672811059907,2021-02-09 09:33:55.898934,2021-02-09 09:34:07.131330,0 days 00:00:11.232396,0.00036410708067895843,9,6,0.9472024387785862,20,0.03632811716694482,COMPLETE
7071,7071,0.5204301075268817,2021-02-09 09:34:07.134854,2021-02-09 09:34:17.778243,0 days 00:00:10.643389,0.00047494278154468363,7,2,0.9501441981548804,16,0.034665192228102035,COMPLETE
7072,7072,,2021-02-09 09:34:17.781754,2021-02-09 09:34:18.563590,0 days 00:00:00.781836,0.0006045477468286825,9,0,0.9481879489093595,20,0.04142538294201568,FAIL
7073,7073,0.45161290322580644,2021-02-09 09:34:18.568129,2021-02-09 09:34:29.477391,0 days 00:00:10.909262,0.000556144273912825,9,4,0.9319517183657563,20,0.04000247508321557,COMPLETE
7074,7074,,2021-02-09 09:34:29.480917,2021-02-09 09:34:30.260488,0 days 00:00:00.779571,0.0004389330737502875,13,0,0.9487770913385145,16,0.03415982168078332,FAIL
7075,7075,,2021-02-09 09:34:30.263171,2021-02-09 09:34:31.038959,0 days 00:00:00.775788,0.0003235250247446906,17,0,0.9456640511217383,16,0.03444405501395678,FAIL
7076,7076,,2021-02-09 09:34:31.041755,2021-02-09 09:34:31.992292,0 days 00:00:00.950537,0.00042073786089736156,13,0,0.9454176179959773,16,0.0344058372649876,FAIL
7077,7077,,2021-02-09 09:34:31.995025,2021-02-09 09:34:32.778478,0 days 00:00:00.783453,0.0003732435143076252,13,0,0.9450825187748401,16,0.03408319765162737,FAIL
7078,7078,,2021-02-09 09:34:32.783009,2021-02-09 09:34:33.627923,0 days 00:00:00.844914,0.00028266901649051353,17,0,0.9453702816072159,16,0.03299587039017745,FAIL
7079,7079,,2021-02-09 09:34:33.632511,2021-02-09 09:34:34.453913,0 days 00:00:00.821402,0.00030546660498939035,13,0,0.94746152133479,16,0.03596287004348088,FAIL
7080,7080,0.5938556067588325,2021-02-09 09:34:34.458530,2021-02-09 09:35:10.082192,0 days 00:00:35.623662,0.00032147810042494103,17,2,0.9045762956347426,16,0.03457128448652586,COMPLETE
7081,7081,,2021-02-09 09:35:10.085716,2021-02-09 09:35:10.877036,0 days 00:00:00.791320,0.0003992662033316362,9,0,0.9499990793180838,20,0.043476065045097316,FAIL
7082,7082,,2021-02-09 09:35:10.879723,2021-02-09 09:35:11.636286,0 days 00:00:00.756563,0.0006293274730214859,9,0,0.9475426014587452,20,0.03671134296187062,FAIL
7083,7083,,2021-02-09 09:35:11.638940,2021-02-09 09:35:12.414467,0 days 00:00:00.775527,0.0006475812809748033,9,0,0.9485779990615008,20,0.04586787729625823,FAIL
7084,7084,0.5751152073732719,2021-02-09 09:35:12.418974,2021-02-09 09:35:33.702763,0 days 00:00:21.283789,0.000643452399331527,9,4,0.9493980391154085,20,0.03819573424105361,COMPLETE
7085,7085,0.6261136712749616,2021-02-09 09:35:33.706251,2021-02-09 09:35:54.576180,0 days 00:00:20.869929,0.00040163830374075857,15,2,0.9460573896691744,16,0.03193318108106021,COMPLETE
7086,7086,,2021-02-09 09:35:54.579687,2021-02-09 09:35:55.360131,0 days 00:00:00.780444,0.0004486476076110283,13,0,0.9471841322133956,16,0.034472474171586893,FAIL
7087,7087,0.45284178187403995,2021-02-09 09:35:55.363209,2021-02-09 09:36:11.257880,0 days 00:00:15.894671,0.0002661745162358883,13,2,0.9462316592508236,16,0.03526608554748769,COMPLETE
7088,7088,0.6138248847926268,2021-02-09 09:36:11.261397,2021-02-09 09:36:22.574158,0 days 00:00:11.312761,0.0004881980270532158,15,2,0.948292668765972,16,0.044143804709869734,COMPLETE
7089,7089,,2021-02-09 09:36:22.577668,2021-02-09 09:36:23.362087,0 days 00:00:00.784419,0.0006890256729506361,9,0,0.9464299576894462,20,0.029811654463932104,FAIL
7090,7090,0.5631336405529954,2021-02-09 09:36:23.364889,2021-02-09 09:37:33.627047,0 days 00:01:10.262158,0.0006985981688946488,9,2,0.9432790545923196,20,0.028519919667267378,COMPLETE
7091,7091,0.5864823348694317,2021-02-09 09:37:33.630542,2021-02-09 09:37:44.887271,0 days 00:00:11.256729,0.0005975265608989646,9,2,0.9470902602719795,20,0.030275461911938858,COMPLETE
7092,7092,,2021-02-09 09:37:44.890778,2021-02-09 09:37:45.679708,0 days 00:00:00.788930,0.0003818141582632801,11,0,0.9450522347925142,16,0.0345000549497993,FAIL
7093,7093,,2021-02-09 09:37:45.684321,2021-02-09 09:37:46.461377,0 days 00:00:00.777056,0.0003561394868112484,11,0,0.9477536621727343,16,0.0330456068735083,FAIL
7094,7094,0.5554531490015361,2021-02-09 09:37:46.464077,2021-02-09 09:38:27.372664,0 days 00:00:40.908587,0.00036496685942005556,11,2,0.9437674668380378,16,0.03338651329326771,COMPLETE
7095,7095,0.4774193548387097,2021-02-09 09:38:27.376218,2021-02-09 09:38:43.108673,0 days 00:00:15.732455,0.0004611791093196027,9,2,0.9475346572785538,20,0.029212472999605672,COMPLETE
7096,7096,0.5327188940092166,2021-02-09 09:38:43.112197,2021-02-09 09:39:04.145899,0 days 00:00:21.033702,0.00030666555111692425,7,2,0.9450791961999158,16,0.03564166210690505,COMPLETE
7097,7097,0.4989247311827957,2021-02-09 09:39:04.149412,2021-02-09 09:40:45.076073,0 days 00:01:40.926661,0.0004050327197228774,13,2,0.9450040851679997,18,0.03292688607556128,COMPLETE
7098,7098,,2021-02-09 09:40:45.079609,2021-02-09 09:40:45.873618,0 days 00:00:00.794009,0.0005649852009228128,9,0,0.9452477482287265,20,0.031650415958772306,FAIL
7099,7099,,2021-02-09 09:40:45.878157,2021-02-09 09:40:46.663546,0 days 00:00:00.785389,0.0005164440006009689,9,0,0.9500279743783893,20,0.027102498930363587,FAIL
7100,7100,0.5637480798771122,2021-02-09 09:40:46.666222,2021-02-09 09:41:02.970984,0 days 00:00:16.304762,0.00048127185569965037,9,2,0.950162960578069,20,0.02772120351316622,COMPLETE
7101,7101,0.6144393241167435,2021-02-09 09:41:02.974518,2021-02-09 09:41:13.888153,0 days 00:00:10.913635,0.0005775609372354804,9,6,0.9510268384748237,20,0.0419145128809986,COMPLETE
7102,7102,0.48540706605222733,2021-02-09 09:41:13.891702,2021-02-09 09:42:49.923841,0 days 00:01:36.032139,0.0004446001019379868,15,2,0.9461365389211616,16,0.03906118325793254,COMPLETE
7103,7103,,2021-02-09 09:42:49.927376,2021-02-09 09:42:50.716351,0 days 00:00:00.788975,0.00033671659538099617,11,0,0.9543832999400087,14,0.036257819018735565,FAIL
7104,7104,0.39416282642089095,2021-02-09 09:42:50.721003,2021-02-09 09:43:01.749977,0 days 00:00:11.028974,0.0002742599361678464,11,2,0.950823775554153,14,0.03633163992203965,COMPLETE
7105,7105,0.5529953917050692,2021-02-09 09:43:01.753517,2021-02-09 09:43:12.707453,0 days 00:00:10.953936,0.0007142300402835582,9,2,0.9446843367474143,20,0.031068392234222086,COMPLETE
7106,7106,,2021-02-09 09:43:12.711002,2021-02-09 09:43:13.655704,0 days 00:00:00.944702,0.0005204980912433707,9,0,0.9487779752862767,20,0.019674245102488275,FAIL
7107,7107,,2021-02-09 09:43:13.659622,2021-02-09 09:43:14.427095,0 days 00:00:00.767473,0.0005458375569464576,9,0,0.9457313955014609,20,0.026135580912833016,FAIL
7108,7108,0.5993855606758832,2021-02-09 09:43:14.431626,2021-02-09 09:44:09.394243,0 days 00:00:54.962617,0.0006512380724519033,9,2,0.943235679995263,20,0.026300155771073638,COMPLETE
7109,7109,0.5158218125960061,2021-02-09 09:44:09.397793,2021-02-09 09:44:55.262704,0 days 00:00:45.864911,0.0005600514758495564,9,2,0.9457966472737537,20,0.020905512678750335,COMPLETE
7110,7110,,2021-02-09 09:44:55.266228,2021-02-09 09:44:56.037219,0 days 00:00:00.770991,0.00035516108860146145,15,0,0.9473950755247564,18,0.04856312514271865,FAIL
7111,7111,0.42427035330261137,2021-02-09 09:44:56.039919,2021-02-09 09:45:07.133811,0 days 00:00:11.093892,0.0003614742187760323,15,2,0.9489876301246757,18,0.03300297609893452,COMPLETE
7112,7112,,2021-02-09 09:45:07.137321,2021-02-09 09:45:07.944138,0 days 00:00:00.806817,0.0005007174121692127,9,0,0.9538710588997841,20,0.046287686348364485,FAIL
7113,7113,0.3824884792626728,2021-02-09 09:45:07.948727,2021-02-09 09:45:19.160332,0 days 00:00:11.211605,0.0005550473662099428,9,4,0.9490905050789448,20,0.045195734285066465,COMPLETE
7114,7114,,2021-02-09 09:45:19.163897,2021-02-09 09:45:19.950920,0 days 00:00:00.787023,0.000790626126936567,9,0,0.9446843679231389,20,0.02891024851447526,FAIL
7115,7115,0.5360983102918587,2021-02-09 09:45:19.953485,2021-02-09 09:45:30.859673,0 days 00:00:10.906188,0.0007226072116161398,9,2,0.9458457279034791,20,0.022430764583383063,COMPLETE
7116,7116,,2021-02-09 09:45:30.863226,2021-02-09 09:45:31.647014,0 days 00:00:00.783788,0.00037693908253671554,9,0,0.945684088535995,20,0.028730675555884547,FAIL
7117,7117,0.570199692780338,2021-02-09 09:45:31.651551,2021-02-09 09:45:57.746956,0 days 00:00:26.095405,0.00037282767034978854,9,2,0.9492000054038183,20,0.019434352502464308,COMPLETE
7118,7118,0.6070660522273426,2021-02-09 09:45:57.750484,2021-02-09 09:46:28.263915,0 days 00:00:30.513431,0.00045602446154623984,9,2,0.9550816894793723,20,0.02904675823083452,COMPLETE
7119,7119,,2021-02-09 09:46:28.267438,2021-02-09 09:46:29.042207,0 days 00:00:00.774769,0.0008565187088843119,9,0,0.9525796171830173,20,0.04813856319165555,FAIL
7120,7120,,2021-02-09 09:46:29.045033,2021-02-09 09:46:29.817737,0 days 00:00:00.772704,0.000872917614928857,9,0,0.9529916398050267,20,0.03882609111171792,FAIL
7121,7121,0.4749615975422427,2021-02-09 09:46:29.820473,2021-02-09 09:46:40.489459,0 days 00:00:10.668986,0.0008233548970415748,9,4,0.9541097534461176,20,0.03633315555936775,COMPLETE
7122,7122,0.43102918586789557,2021-02-09 09:46:40.492991,2021-02-09 09:46:57.458090,0 days 00:00:16.965099,0.00022509330510698432,9,10,0.9482486437003487,20,0.03828354835696068,COMPLETE
7123,7123,0.5923195084485408,2021-02-09 09:46:57.461643,2021-02-09 09:47:18.502514,0 days 00:00:21.040871,0.00033056464486560833,9,4,0.9290265549411768,20,0.04061744311346074,COMPLETE
7124,7124,0.562826420890937,2021-02-09 09:47:18.506048,2021-02-09 09:47:29.495108,0 days 00:00:10.989060,0.0005555246283013674,9,6,0.9012488925022062,20,0.04869278369111964,COMPLETE
7125,7125,,2021-02-09 09:47:29.498668,2021-02-09 09:47:30.280672,0 days 00:00:00.782004,0.00043349588237108445,9,0,0.9461250086225776,20,0.024271382382174377,FAIL
7126,7126,0.6039938556067588,2021-02-09 09:47:30.283531,2021-02-09 09:47:56.065318,0 days 00:00:25.781787,0.0008849617304308891,9,2,0.9466900990895448,20,0.026063814774319495,COMPLETE
7127,7127,,2021-02-09 09:47:56.068867,2021-02-09 09:47:56.854583,0 days 00:00:00.785716,0.0005206269970306552,9,0,0.9444496477101373,20,0.023794421615714503,FAIL
7128,7128,0.5794162826420891,2021-02-09 09:47:56.859225,2021-02-09 09:48:07.596877,0 days 00:00:10.737652,0.0005013855270045087,9,2,0.9426475683466128,20,0.015729544910022458,COMPLETE
7129,7129,0.5874039938556067,2021-02-09 09:48:07.600418,2021-02-09 09:48:33.492064,0 days 00:00:25.891646,0.0003876303759868982,9,2,0.9447494445121034,20,0.023796689091666323,COMPLETE
7130,7130,0.6104454685099846,2021-02-09 09:48:33.495589,2021-02-09 09:48:44.484025,0 days 00:00:10.988436,0.00025909439989988943,9,2,0.9442361746252601,20,0.031182590222551935,COMPLETE
7131,7131,0.40030721966205834,2021-02-09 09:48:44.487564,2021-02-09 09:48:55.563022,0 days 00:00:11.075458,0.00011413883075432827,7,2,0.9477178852791124,16,0.033429177817412115,COMPLETE
7132,7132,,2021-02-09 09:48:55.566520,2021-02-09 09:48:56.344744,0 days 00:00:00.778224,0.0009198602089760318,9,0,0.9335712026377585,20,0.03708103055930623,FAIL
7133,7133,,2021-02-09 09:48:56.347549,2021-02-09 09:48:57.118650,0 days 00:00:00.771101,0.0006809679855837483,9,0,0.933329894739556,20,0.04188314101092978,FAIL
7134,7134,,2021-02-09 09:48:57.121358,2021-02-09 09:48:57.886983,0 days 00:00:00.765625,0.000669845224455318,11,0,0.9331917986572645,20,0.04163121428094151,FAIL
7135,7135,0.4786482334869432,2021-02-09 09:48:57.891455,2021-02-09 09:50:04.096458,0 days 00:01:06.205003,0.0006957228730325987,9,4,0.9327813863436194,20,0.042534754818204956,COMPLETE
7136,7136,,2021-02-09 09:50:04.100014,2021-02-09 09:50:04.867083,0 days 00:00:00.767069,0.0009555988045620984,9,0,0.9428274518058207,20,0.02222887622043532,FAIL
7137,7137,0.44577572964669737,2021-02-09 09:50:04.869717,2021-02-09 09:50:16.311610,0 days 00:00:11.441893,0.00044138084709218893,9,2,0.9413694374116345,20,0.02838634164541073,COMPLETE
7138,7138,0.3966205837173579,2021-02-09 09:50:16.315145,2021-02-09 09:50:27.316349,0 days 00:00:11.001204,9.164500022953114e-05,15,2,0.9470512040105901,16,0.03567220876397038,COMPLETE
7139,7139,0.4039938556067588,2021-02-09 09:50:27.319860,2021-02-09 09:50:38.051736,0 days 00:00:10.731876,0.0009757007852272186,9,2,0.9462818103748193,20,0.022387717172622713,COMPLETE
7140,7140,0.43317972350230416,2021-02-09 09:50:38.055279,2021-02-09 09:50:49.129278,0 days 00:00:11.073999,0.0006460170444041373,9,2,0.9441710930506849,20,0.025577281131633642,COMPLETE
7141,7141,0.4012288786482335,2021-02-09 09:50:49.132860,2021-02-09 09:50:59.999351,0 days 00:00:10.866491,0.0003059111883261694,9,2,0.9402502443925539,20,0.02081404364797443,COMPLETE
7142,7142,0.397542242703533,2021-02-09 09:51:00.002923,2021-02-09 09:51:11.114705,0 days 00:00:11.111782,0.001566652726806996,9,4,0.9063135967469826,20,0.03748749881778091,COMPLETE
7143,7143,,2021-02-09 09:51:11.118278,2021-02-09 09:51:11.907000,0 days 00:00:00.788722,0.0001335028978439137,9,0,0.9030435683043772,20,0.040888009874709114,FAIL
7144,7144,,2021-02-09 09:51:11.909780,2021-02-09 09:51:12.681066,0 days 00:00:00.771286,0.00013727271719478506,9,0,0.9338399565386527,20,0.04083363539782379,FAIL
7145,7145,0.49062980030721964,2021-02-09 09:51:12.685515,2021-02-09 09:51:33.914816,0 days 00:00:21.229301,0.0005518342316299013,9,6,0.9334083057720044,20,0.03731817604474577,COMPLETE
7146,7146,0.6172043010752688,2021-02-09 09:51:33.918419,2021-02-09 09:51:54.592654,0 days 00:00:20.674235,0.00014156942186968396,9,2,0.9383125929594681,20,0.03110118973364354,COMPLETE
7147,7147,,2021-02-09 09:51:54.596190,2021-02-09 09:51:55.377130,0 days 00:00:00.780940,0.0011803557784215797,9,0,0.9407273713989917,20,0.01882619283782254,FAIL
7148,7148,,2021-02-09 09:51:55.379959,2021-02-09 09:51:56.147204,0 days 00:00:00.767245,0.0008062592031661086,9,0,0.9404117197310317,20,0.017589230711977172,FAIL
7149,7149,,2021-02-09 09:51:56.151742,2021-02-09 09:51:56.935220,0 days 00:00:00.783478,0.0012281578847832212,9,0,0.9422554009315144,20,0.017673789017147532,FAIL
7150,7150,0.5360983102918587,2021-02-09 09:51:56.938100,2021-02-09 09:52:37.407628,0 days 00:00:40.469528,0.001163617663435833,9,2,0.9447085947629056,20,0.019318190565425393,COMPLETE
7151,7151,0.365284178187404,2021-02-09 09:52:37.411189,2021-02-09 09:52:54.385991,0 days 00:00:16.974802,0.0007730006250304638,9,8,0.9028442808741044,20,0.03848914624515391,COMPLETE
7152,7152,,2021-02-09 09:52:54.389520,2021-02-09 09:52:55.342828,0 days 00:00:00.953308,0.0004551030491654397,9,0,0.9518748727785351,20,0.04226738571908543,FAIL
7153,7153,0.4599078341013825,2021-02-09 09:52:55.345581,2021-02-09 09:53:05.944745,0 days 00:00:10.599164,0.0004812117457882618,9,4,0.9088075694621411,20,0.017090167671554427,COMPLETE
7154,7154,0.5447004608294931,2021-02-09 09:53:05.948302,2021-02-09 09:53:31.715265,0 days 00:00:25.766963,0.00036307966768761845,9,2,0.9413938647982406,20,0.028601958157471984,COMPLETE
7155,7155,0.5514592933947773,2021-02-09 09:53:31.718860,2021-02-09 09:54:09.218246,0 days 00:00:37.499386,0.00019923300857770817,9,8,0.9343184787854653,20,0.04187444731028468,COMPLETE
7156,7156,,2021-02-09 09:54:09.221810,2021-02-09 09:54:09.997507,0 days 00:00:00.775697,0.00012387363094788778,11,0,0.9034785288691505,18,0.0335092377543892,FAIL
7157,7157,0.5874039938556067,2021-02-09 09:54:10.002259,2021-02-09 09:54:20.913457,0 days 00:00:10.911198,0.00012616917375923763,11,2,0.9471082459181984,18,0.033452367163148894,COMPLETE
7158,7158,0.5689708141321045,2021-02-09 09:54:20.917019,2021-02-09 09:54:42.941105,0 days 00:00:22.024086,0.0009805510493557732,9,8,0.9041846486682511,20,0.0401689624580205,COMPLETE
7159,7159,,2021-02-09 09:54:42.944655,2021-02-09 09:54:43.724161,0 days 00:00:00.779506,0.000594419759224823,9,0,0.9298198293933468,20,0.03564151045810299,FAIL
7160,7160,0.36589861751152075,2021-02-09 09:54:43.728741,2021-02-09 09:54:54.612005,0 days 00:00:10.883264,0.0004133506803558588,9,4,0.9026911906121644,20,0.034042259233407667,COMPLETE
7161,7161,,2021-02-09 09:54:54.615588,2021-02-09 09:54:55.396211,0 days 00:00:00.780623,0.0030185763474520084,9,0,0.9365816735240069,20,0.0243676471731906,FAIL
7162,7162,,2021-02-09 09:54:55.400756,2021-02-09 09:54:56.205931,0 days 00:00:00.805175,0.001462240768381937,9,0,0.9366374768653387,20,0.023443596510044323,FAIL
7163,7163,0.5053763440860215,2021-02-09 09:54:56.210425,2021-02-09 09:55:07.265477,0 days 00:00:11.055052,0.0006301553782752796,7,2,0.93739063538725,20,0.024049138090799078,COMPLETE
7164,7164,,2021-02-09 09:55:07.269011,2021-02-09 09:55:08.052679,0 days 00:00:00.783668,0.00016683158167447095,15,0,0.9058346074192964,16,0.03216001606014202,FAIL
7165,7165,0.43195084485407065,2021-02-09 09:55:08.057355,2021-02-09 09:55:23.918578,0 days 00:00:15.861223,8.858433445006419e-05,15,2,0.9000846604882177,16,0.03171646757857191,COMPLETE
7166,7166,0.5683563748079877,2021-02-09 09:55:23.922136,2021-02-09 09:56:53.988474,0 days 00:01:30.066338,0.00301374553906673,9,8,0.9000317703764866,20,0.03561583843969941,COMPLETE
7167,7167,0.5523809523809524,2021-02-09 09:56:53.992000,2021-02-09 09:57:04.986820,0 days 00:00:10.994820,0.0001601898019624099,13,2,0.9058685687504575,16,0.032278349823733614,COMPLETE
7168,7168,,2021-02-09 09:57:04.990335,2021-02-09 09:57:05.763594,0 days 00:00:00.773259,0.00027432852882484194,11,0,0.9518839972547598,16,0.035471278689150385,FAIL
7169,7169,,2021-02-09 09:57:05.766360,2021-02-09 09:57:06.563386,0 days 00:00:00.797026,0.00032145328693641395,11,0,0.9026982400243644,16,0.047262765955387934,FAIL
7170,7170,,2021-02-09 09:57:06.567976,2021-02-09 09:57:07.354871,0 days 00:00:00.786895,0.0003051464428183324,11,0,0.9094940219458577,16,0.03433625579754695,FAIL
7171,7171,0.4525345622119816,2021-02-09 09:57:07.359552,2021-02-09 09:57:17.968025,0 days 00:00:10.608473,0.00031306503024909025,11,2,0.9087348291498554,16,0.03370089661439152,COMPLETE
7172,7172,0.4402457757296467,2021-02-09 09:57:17.971568,2021-02-09 09:57:34.211481,0 days 00:00:16.239913,0.00011356032242912754,5,2,0.9484579254347962,18,0.030420055319482033,COMPLETE
7173,7173,0.5382488479262673,2021-02-09 09:57:34.215020,2021-02-09 09:58:19.558857,0 days 00:00:45.343837,0.0013993690737588835,9,2,0.9401714142456105,20,0.025988240658621337,COMPLETE
7174,7174,0.5053763440860215,2021-02-09 09:58:19.562409,2021-02-09 09:58:30.834701,0 days 00:00:11.272292,0.0008264167607606596,9,8,0.9326586752520223,20,0.04462283004308213,COMPLETE
7175,7175,0.5511520737327189,2021-02-09 09:58:30.838249,2021-02-09 09:59:12.417832,0 days 00:00:41.579583,0.0005021335266342868,7,6,0.9303344546011807,20,0.04660592502057077,COMPLETE
7176,7176,0.6150537634408603,2021-02-09 09:59:12.421417,2021-02-09 09:59:23.606451,0 days 00:00:11.185034,0.00040865248403841825,15,2,0.902584247059503,16,0.03329173439840733,COMPLETE
7177,7177,0.5929339477726574,2021-02-09 09:59:23.609998,2021-02-09 09:59:34.524852,0 days 00:00:10.914854,0.001207074484305625,11,4,0.9334720696577452,20,0.018333899798713825,COMPLETE
7178,7178,,2021-02-09 09:59:34.528406,2021-02-09 09:59:35.313385,0 days 00:00:00.784979,0.001994686460748537,7,0,0.9366631791475015,20,0.023153683840516158,FAIL
7179,7179,0.4847926267281106,2021-02-09 09:59:35.317979,2021-02-09 09:59:46.028883,0 days 00:00:10.710904,0.0022411954481332593,7,2,0.9390089881650936,20,0.02280217807107091,COMPLETE
7180,7180,,2021-02-09 09:59:46.032518,2021-02-09 09:59:46.849448,0 days 00:00:00.816930,0.0001693990056031873,15,0,0.904508969051495,18,0.036524905841698554,FAIL
7181,7181,,2021-02-09 09:59:46.853884,2021-02-09 09:59:47.643033,0 days 00:00:00.789149,0.00024810533472828473,15,0,0.9521010110596552,14,0.035899964563646115,FAIL
7182,7182,0.6184331797235023,2021-02-09 09:59:47.647245,2021-02-09 10:00:18.382645,0 days 00:00:30.735400,7.53922979621074e-05,15,2,0.9521777937011461,18,0.035315249277551856,COMPLETE
7183,7183,0.4599078341013825,2021-02-09 10:00:18.387645,2021-02-09 10:00:29.121896,0 days 00:00:10.734251,0.000755082807768992,9,2,0.9429469760956449,20,0.12557249194302786,COMPLETE
7184,7184,,2021-02-09 10:00:29.125450,2021-02-09 10:00:29.924107,0 days 00:00:00.798657,0.0005855612506650425,11,0,0.9355736832811554,20,0.028128508469729526,FAIL
7185,7185,0.4258064516129032,2021-02-09 10:00:29.926908,2021-02-09 10:00:41.075170,0 days 00:00:11.148262,0.0005616868427585494,11,2,0.9365133483806176,20,0.0269054383705649,COMPLETE
7186,7186,0.6110599078341014,2021-02-09 10:00:41.078727,2021-02-09 10:01:02.705543,0 days 00:00:21.626816,0.00022250937362719604,9,8,0.9000037204432288,20,0.039832819390851835,COMPLETE
7187,7187,,2021-02-09 10:01:02.709115,2021-02-09 10:01:03.656575,0 days 00:00:00.947460,0.0002701801714854296,13,0,0.9047379476623226,14,0.06058879897416691,FAIL
