,number,value,datetime_start,datetime_complete,duration,params_lr,params_scheduler_gamma,params_weight_decay,state
1766,1766,0.5827956989247312,2021-02-07 04:42:23.141131,2021-02-07 04:42:34.033506,0 days 00:00:10.892375,0.03461431558732753,0.946352581931623,0.15378234943993332,COMPLETE
1767,1767,0.6095238095238096,2021-02-07 04:42:34.034612,2021-02-07 04:42:49.931099,0 days 00:00:15.896487,0.05327642268986473,0.9392986160461243,0.3504613433296442,COMPLETE
1768,1768,0.5947772657450077,2021-02-07 04:42:49.932188,2021-02-07 04:43:05.473236,0 days 00:00:15.541048,0.026979182651994404,0.9512000835113916,0.27784192267556956,COMPLETE
1769,1769,0.556989247311828,2021-02-07 04:43:05.474324,2021-02-07 04:43:21.757611,0 days 00:00:16.283287,0.03998517492190496,0.9315301995682232,0.22438492783598693,COMPLETE
1770,1770,0.6270353302611367,2021-02-07 04:43:21.758708,2021-02-07 04:43:32.701782,0 days 00:00:10.943074,0.018854290613163613,0.9412838368631201,0.18391885270093078,COMPLETE
1771,1771,0.5649769585253456,2021-02-07 04:43:32.702881,2021-02-07 04:43:48.797986,0 days 00:00:16.095105,0.013592183761071713,0.9376709097615629,0.1978373497755254,COMPLETE
1772,1772,0.48141321044546853,2021-02-07 04:43:48.799105,2021-02-07 04:44:09.537551,0 days 00:00:20.738446,0.01515156537499978,0.940715934869219,0.20633389828536047,COMPLETE
1773,1773,0.571121351766513,2021-02-07 04:44:09.538655,2021-02-07 04:44:20.344273,0 days 00:00:10.805618,0.0127602844511634,0.9333970576418105,0.1808991049182199,COMPLETE
1774,1774,0.5941628264208909,2021-02-07 04:44:20.345375,2021-02-07 04:44:31.326694,0 days 00:00:10.981319,0.016304893369676752,0.9638384072524955,0.19671354685789733,COMPLETE
1775,1775,0.5803379416282642,2021-02-07 04:44:31.327778,2021-02-07 04:44:42.042695,0 days 00:00:10.714917,0.02174192763436628,0.9442799958023459,0.1864081890594576,COMPLETE
1776,1776,0.5827956989247312,2021-02-07 04:44:42.043797,2021-02-07 04:44:57.535609,0 days 00:00:15.491812,0.015414355362073147,0.974356627320622,0.21037302290961984,COMPLETE
1777,1777,0.6049155145929339,2021-02-07 04:44:57.536693,2021-02-07 04:45:08.489457,0 days 00:00:10.952764,0.011250362165702256,0.9553926685062549,0.1887208004304786,COMPLETE
1778,1778,0.45284178187403995,2021-02-07 04:45:08.490552,2021-02-07 04:45:19.601708,0 days 00:00:11.111156,0.016508829364605793,0.9359496426087806,0.20445105240453443,COMPLETE
1779,1779,0.591705069124424,2021-02-07 04:45:19.602819,2021-02-07 04:45:30.621741,0 days 00:00:11.018922,0.01810169266274975,0.9399039219969033,0.21850038333159902,COMPLETE
1780,1780,0.5268817204301075,2021-02-07 04:45:30.622862,2021-02-07 04:45:41.600829,0 days 00:00:10.977967,0.01339527887224412,0.9479699746297623,0.18636778116991284,COMPLETE
1781,1781,0.48110599078341015,2021-02-07 04:45:41.601926,2021-02-07 04:46:02.738437,0 days 00:00:21.136511,0.01919687113605352,0.9377413775556279,0.22810149593555726,COMPLETE
1782,1782,0.5741935483870968,2021-02-07 04:46:02.739534,2021-02-07 04:46:19.064002,0 days 00:00:16.324468,0.01910822728085379,0.9527829232313855,0.20559907980272657,COMPLETE
1783,1783,0.5996927803379416,2021-02-07 04:46:19.065109,2021-02-07 04:46:29.783968,0 days 00:00:10.718859,0.01102822583886928,0.9424242679808223,0.17784587711095898,COMPLETE
1784,1784,0.5791090629800307,2021-02-07 04:46:29.785077,2021-02-07 04:46:40.578768,0 days 00:00:10.793691,0.017558008384022345,0.9617570163467117,0.25145558583032274,COMPLETE
1785,1785,0.6086021505376344,2021-02-07 04:46:40.579874,2021-02-07 04:47:01.651635,0 days 00:00:21.071761,0.014707196122414997,0.965911435455929,0.2272023340288865,COMPLETE
1786,1786,0.49185867895545315,2021-02-07 04:47:01.652725,2021-02-07 04:47:12.756970,0 days 00:00:11.104245,0.018216319555887546,0.9501087240958709,0.07046339922378807,COMPLETE
1787,1787,0.5480798771121351,2021-02-07 04:47:12.758067,2021-02-07 04:47:23.315086,0 days 00:00:10.557019,0.021164132905939194,0.9458806687006533,0.17713181605248274,COMPLETE
1788,1788,0.5600614439324116,2021-02-07 04:47:23.316196,2021-02-07 04:47:39.076342,0 days 00:00:15.760146,0.07146849868920423,0.9390371638968793,0.19339792831310787,COMPLETE
1789,1789,0.5238095238095238,2021-02-07 04:47:39.077451,2021-02-07 04:47:50.127509,0 days 00:00:11.050058,0.099296201455655,0.9355673952409423,0.29496490602561376,COMPLETE
1790,1790,0.5923195084485408,2021-02-07 04:47:50.128618,2021-02-07 04:48:06.046996,0 days 00:00:15.918378,0.01606087725718754,0.9434590767583457,0.2428457010005258,COMPLETE
1791,1791,0.5969278033794163,2021-02-07 04:48:06.048107,2021-02-07 04:48:16.899558,0 days 00:00:10.851451,0.02191270214062346,0.9412115612986031,0.21074232384090222,COMPLETE
1792,1792,0.5874039938556067,2021-02-07 04:48:16.900655,2021-02-07 04:48:32.587608,0 days 00:00:15.686953,0.06229288653354449,0.9488398718759813,0.25730214615863384,COMPLETE
1793,1793,0.5127496159754225,2021-02-07 04:48:32.588714,2021-02-07 04:48:48.354676,0 days 00:00:15.765962,0.07229962452272114,0.9450737168782122,0.31158242033631034,COMPLETE
1794,1794,0.6125960061443932,2021-02-07 04:48:48.355780,2021-02-07 04:49:04.309396,0 days 00:00:15.953616,0.019496210445284292,0.9471005794651157,0.2728655734644764,COMPLETE
1795,1795,0.5529953917050692,2021-02-07 04:49:04.310526,2021-02-07 04:49:15.121147,0 days 00:00:10.810621,0.05728023114472871,0.937143341141485,0.18999642983180112,COMPLETE
1796,1796,0.552073732718894,2021-02-07 04:49:15.122247,2021-02-07 04:49:31.382166,0 days 00:00:16.259919,0.02372043341774426,0.9511994241915118,0.2404891849695532,COMPLETE
1797,1797,0.5972350230414747,2021-02-07 04:49:31.383269,2021-02-07 04:49:42.083788,0 days 00:00:10.700519,0.05091632064420748,0.9402839219675434,0.04062477766524811,COMPLETE
1798,1798,0.5668202764976958,2021-02-07 04:49:42.084886,2021-02-07 04:50:03.069411,0 days 00:00:20.984525,0.08331691667939345,0.9423101088481366,0.17314469986444497,COMPLETE
1799,1799,0.5929339477726574,2021-02-07 04:50:03.070516,2021-02-07 04:50:18.855891,0 days 00:00:15.785375,0.014095041392223189,0.954012346988464,0.22754331501104028,COMPLETE
1800,1800,0.6052227342549923,2021-02-07 04:50:18.856998,2021-02-07 04:50:29.644277,0 days 00:00:10.787279,0.06441197764320894,0.9383647323529939,0.336930441330542,COMPLETE
1801,1801,0.595084485407066,2021-02-07 04:50:29.645396,2021-02-07 04:50:40.494647,0 days 00:00:10.849251,0.017851396386101885,0.9443111020455794,0.20879430869472582,COMPLETE
1802,1802,0.570199692780338,2021-02-07 04:50:40.495749,2021-02-07 04:50:51.511810,0 days 00:00:11.016061,0.04660604442112571,0.9139971205195601,0.2843998088789966,COMPLETE
1803,1803,0.5468509984639017,2021-02-07 04:50:51.512917,2021-02-07 04:51:07.949605,0 days 00:00:16.436688,0.023634131586200143,0.9346925156532269,0.18968102343400628,COMPLETE
1804,1804,0.498310291858679,2021-02-07 04:51:07.950729,2021-02-07 04:51:19.110782,0 days 00:00:11.160053,0.0021607278600447037,0.9466178212155415,0.01893376653711927,COMPLETE
1805,1805,0.5465437788018433,2021-02-07 04:51:19.111893,2021-02-07 04:51:30.226575,0 days 00:00:11.114682,0.0835021489596552,0.9699215709601662,0.17294236063431456,COMPLETE
1806,1806,0.6070660522273426,2021-02-07 04:51:30.227684,2021-02-07 04:51:45.804395,0 days 00:00:15.576711,0.057178904342564826,0.9677839301831762,0.2660082726660637,COMPLETE
1807,1807,0.5741935483870968,2021-02-07 04:51:45.805496,2021-02-07 04:52:02.003075,0 days 00:00:16.197579,0.02121150339603001,0.9491857003113436,0.3135176987797058,COMPLETE
1808,1808,0.533026113671275,2021-02-07 04:52:02.004203,2021-02-07 04:52:12.893699,0 days 00:00:10.889496,0.049120006253059734,0.9411560449160573,0.2166517964848882,COMPLETE
1809,1809,0.5705069124423963,2021-02-07 04:52:12.894821,2021-02-07 04:52:23.851487,0 days 00:00:10.956666,0.02700945290199877,0.9392526209004676,0.23810845718248036,COMPLETE
1810,1810,0.5714285714285714,2021-02-07 04:52:23.852603,2021-02-07 04:52:34.971350,0 days 00:00:11.118747,0.0694442613968931,0.9363903915732578,0.4281188671991182,COMPLETE
1811,1811,0.5016897081413211,2021-02-07 04:52:34.972458,2021-02-07 04:52:51.239134,0 days 00:00:16.266676,0.03898043335111194,0.9610022027836077,0.16665072718090068,COMPLETE
1812,1812,0.4620583717357911,2021-02-07 04:52:51.240247,2021-02-07 04:53:01.935733,0 days 00:00:10.695486,0.005988685695652718,0.9517929389512293,0.012676603418581605,COMPLETE
1813,1813,0.5486943164362519,2021-02-07 04:53:01.936843,2021-02-07 04:53:12.855902,0 days 00:00:10.919059,0.04454951443867177,0.9429492426927596,0.2916022711189302,COMPLETE
1814,1814,0.5668202764976958,2021-02-07 04:53:12.857004,2021-02-07 04:53:24.017161,0 days 00:00:11.160157,0.05746849230383057,0.9470869494845379,0.19882900734239436,COMPLETE
1815,1815,0.5720430107526882,2021-02-07 04:53:24.018281,2021-02-07 04:53:40.121890,0 days 00:00:16.103609,0.03234448961519168,0.956670445558265,0.2509807424046687,COMPLETE
1816,1816,0.5932411674347158,2021-02-07 04:53:40.123020,2021-02-07 04:53:56.189660,0 days 00:00:16.066640,0.025197031804347465,0.9448067249425754,0.26897744909140187,COMPLETE
1817,1817,0.5966205837173579,2021-02-07 04:53:56.190799,2021-02-07 04:54:12.347193,0 days 00:00:16.156394,0.019732388437102195,0.9340731181580905,0.18228322499868896,COMPLETE
1818,1818,0.5769585253456221,2021-02-07 04:54:12.348306,2021-02-07 04:54:23.682664,0 days 00:00:11.334358,0.07695291534574636,0.9634283346549851,0.049397315469548765,COMPLETE
1819,1819,0.42334869431643624,2021-02-07 04:54:23.683772,2021-02-07 04:54:34.673219,0 days 00:00:10.989447,0.04858499625159874,0.9383940733698878,0.022481520757873127,COMPLETE
1820,1820,0.549615975422427,2021-02-07 04:54:34.674325,2021-02-07 04:54:50.803319,0 days 00:00:16.128994,0.034469666408209344,0.9493379266210363,0.21924550132773796,COMPLETE
1821,1821,0.57357910906298,2021-02-07 04:54:50.804430,2021-02-07 04:55:11.903638,0 days 00:00:21.099208,0.025738251190788222,0.9407726777765595,0.30123319364556367,COMPLETE
1822,1822,0.5953917050691244,2021-02-07 04:55:11.904771,2021-02-07 04:55:27.580618,0 days 00:00:15.675847,0.061557410561644293,0.9431976704026025,0.03122342099884427,COMPLETE
1823,1823,0.602457757296467,2021-02-07 04:55:27.581729,2021-02-07 04:55:38.319803,0 days 00:00:10.738074,0.040982530821959934,0.9503125114582378,0.23438959912879553,COMPLETE
1824,1824,0.5490015360983103,2021-02-07 04:55:38.320896,2021-02-07 04:55:54.056255,0 days 00:00:15.735359,0.01652872869636785,0.9370373613119937,0.37679344772067125,COMPLETE
1825,1825,0.5815668202764976,2021-02-07 04:55:54.057445,2021-02-07 04:56:10.114802,0 days 00:00:16.057357,0.03147145936171391,0.9533440623562145,0.16945272366623607,COMPLETE
1826,1826,0.4930875576036866,2021-02-07 04:56:10.115924,2021-02-07 04:56:26.096423,0 days 00:00:15.980499,0.05400219424238914,0.9475870743637679,0.2701495196782135,COMPLETE
1827,1827,0.5152073732718894,2021-02-07 04:56:26.097540,2021-02-07 04:56:36.863919,0 days 00:00:10.766379,0.012544457398609614,0.9451079786421226,0.25241670377472875,COMPLETE
1828,1828,0.5837173579109063,2021-02-07 04:56:36.865029,2021-02-07 04:56:52.983021,0 days 00:00:16.117992,0.009983425297396714,0.9400201256681607,0.20114876024004585,COMPLETE
1829,1829,0.5250384024577573,2021-02-07 04:56:52.984135,2021-02-07 04:57:03.687431,0 days 00:00:10.703296,0.09782318970334546,0.9323409120718344,0.1853670188957258,COMPLETE
1830,1830,0.5477726574500767,2021-02-07 04:57:03.688554,2021-02-07 04:57:14.722583,0 days 00:00:11.034029,0.021569088217671954,0.9654196262909849,0.33045681568365026,COMPLETE
1831,1831,0.5794162826420891,2021-02-07 04:57:14.723720,2021-02-07 04:57:25.529017,0 days 00:00:10.805297,0.0461528243861814,0.9419971798049172,0.2880347003938082,COMPLETE
1832,1832,0.5963133640552996,2021-02-07 04:57:25.530130,2021-02-07 04:57:41.459315,0 days 00:00:15.929185,0.026765352099051377,0.9381603189574783,0.23130409568786844,COMPLETE
1833,1833,0.533026113671275,2021-02-07 04:57:41.460420,2021-02-07 04:57:57.224985,0 days 00:00:15.764565,0.03960556805563268,0.9462543151028322,0.1656904519162368,COMPLETE
1834,1834,0.5729646697388633,2021-02-07 04:57:57.226106,2021-02-07 04:58:08.415373,0 days 00:00:11.189267,0.06739343791856148,0.9545724058004175,0.2129830102450798,COMPLETE
1835,1835,0.5800307219662059,2021-02-07 04:58:08.416493,2021-02-07 04:58:24.665367,0 days 00:00:16.248874,0.03044214853078334,0.9435960449500718,0.020654983967923406,COMPLETE
1836,1836,0.5907834101382489,2021-02-07 04:58:24.666478,2021-02-07 04:58:40.585632,0 days 00:00:15.919154,0.08122886098494558,0.9599485216790483,0.016959857334814143,COMPLETE
1837,1837,0.554531490015361,2021-02-07 04:58:40.586757,2021-02-07 04:58:51.763243,0 days 00:00:11.176486,0.00037128371229736104,0.9361178904887173,0.2599972032338276,COMPLETE
1838,1838,0.5360983102918587,2021-02-07 04:58:51.764358,2021-02-07 04:59:02.690255,0 days 00:00:10.925897,0.05340582967467235,0.9834490794318825,0.19388638119191534,COMPLETE
1839,1839,0.5852534562211982,2021-02-07 04:59:02.691389,2021-02-07 04:59:13.748936,0 days 00:00:11.057547,0.0352299515475875,0.9482904529273806,0.27752623703775997,COMPLETE
1840,1840,0.528110599078341,2021-02-07 04:59:13.750056,2021-02-07 04:59:25.145090,0 days 00:00:11.395034,0.021567552622983686,0.9520226269810901,0.03670741793469142,COMPLETE
1841,1841,0.5674347158218126,2021-02-07 04:59:25.146212,2021-02-07 04:59:35.932216,0 days 00:00:10.786004,0.017645786202729826,0.9399310082858268,0.3121507602305058,COMPLETE
1842,1842,0.6,2021-02-07 04:59:35.933335,2021-02-07 04:59:46.835575,0 days 00:00:10.902240,0.04192724094896873,0.9724400684117933,0.17582557626681153,COMPLETE
1843,1843,0.552073732718894,2021-02-07 04:59:46.836703,2021-02-07 05:00:07.776276,0 days 00:00:20.939573,0.027426598573613594,0.941688896002906,0.2439287989269746,COMPLETE
1844,1844,0.5271889400921659,2021-02-07 05:00:07.777404,2021-02-07 05:00:28.914360,0 days 00:00:21.136956,0.06377608211047346,0.9450579673598932,0.21888018003840362,COMPLETE
1845,1845,0.5622119815668203,2021-02-07 05:00:28.915488,2021-02-07 05:00:44.620556,0 days 00:00:15.705068,0.049943519499337286,0.9500273701671488,0.15889417988920476,COMPLETE
1846,1846,0.5287250384024578,2021-02-07 05:00:44.621689,2021-02-07 05:00:55.390988,0 days 00:00:10.769299,0.03642261414868941,0.9384339102539767,0.2814715975256176,COMPLETE
1847,1847,0.5410138248847927,2021-02-07 05:00:55.392114,2021-02-07 05:01:06.363047,0 days 00:00:10.970933,0.02944071265365817,0.9360703320870233,0.18097515227589794,COMPLETE
1848,1848,0.5084485407066052,2021-02-07 05:01:06.364180,2021-02-07 05:01:17.472240,0 days 00:00:11.108060,0.023089707243834186,0.9621098356889598,0.24631107639726998,COMPLETE
1849,1849,0.5379416282642089,2021-02-07 05:01:17.473359,2021-02-07 05:01:38.833901,0 days 00:00:21.360542,0.09964988334363722,0.9480216833017615,0.193549191978776,COMPLETE
1850,1850,0.5870967741935483,2021-02-07 05:01:38.835026,2021-02-07 05:01:49.593271,0 days 00:00:10.758245,0.07303430604555201,0.9403972417294273,0.3031987941665702,COMPLETE
1851,1851,0.6061443932411674,2021-02-07 05:01:49.594400,2021-02-07 05:02:05.758000,0 days 00:00:16.163600,0.039661436686926156,0.9340879425489629,0.07946893195865136,COMPLETE
1852,1852,0.4857142857142857,2021-02-07 05:02:05.759128,2021-02-07 05:02:21.606210,0 days 00:00:15.847082,0.05637163412317127,0.9422366812335171,0.20931302930376203,COMPLETE
1853,1853,0.48294930875576036,2021-02-07 05:02:21.607349,2021-02-07 05:02:32.916620,0 days 00:00:11.309271,0.04504534410728234,0.9459332398457052,0.06442603468042278,COMPLETE
1854,1854,0.5834101382488479,2021-02-07 05:02:32.917748,2021-02-07 05:02:53.919561,0 days 00:00:21.001813,0.03269522165595931,0.9436870862508793,0.2618970995905605,COMPLETE
1855,1855,0.5201228878648233,2021-02-07 05:02:53.920684,2021-02-07 05:03:09.830167,0 days 00:00:15.909483,0.01888140982279726,0.9581239535030065,0.16543095187006404,COMPLETE
1856,1856,0.570199692780338,2021-02-07 05:03:09.831312,2021-02-07 05:03:20.878246,0 days 00:00:11.046934,0.09996814802690179,0.9378274123641163,0.23511940148464588,COMPLETE
1857,1857,0.5966205837173579,2021-02-07 05:03:20.879378,2021-02-07 05:03:36.642736,0 days 00:00:15.763358,0.02452844433281113,0.9558608529686584,0.29404013882555574,COMPLETE
1858,1858,0.5990783410138248,2021-02-07 05:03:36.643863,2021-02-07 05:03:52.655406,0 days 00:00:16.011543,0.061412859169674296,0.9500331350692419,0.33768458203520374,COMPLETE
1859,1859,0.5284178187403994,2021-02-07 05:03:52.656536,2021-02-07 05:04:08.515828,0 days 00:00:15.859292,0.04801380304663544,0.9521325053561135,0.18624603781890797,COMPLETE
1860,1860,0.5947772657450077,2021-02-07 05:04:08.516972,2021-02-07 05:04:19.457822,0 days 00:00:10.940850,0.03668788447863614,0.9670624363453484,0.26757113453545855,COMPLETE
1861,1861,0.5102918586789554,2021-02-07 05:04:19.458968,2021-02-07 05:04:35.411541,0 days 00:00:15.952573,0.028765802100905135,0.9393881511808547,0.01530202623829428,COMPLETE
1862,1862,0.5938556067588325,2021-02-07 05:04:35.412675,2021-02-07 05:04:51.405146,0 days 00:00:15.992471,0.07781769043045698,0.96403864901814,0.2258657816061108,COMPLETE
1863,1863,0.504147465437788,2021-02-07 05:04:51.406302,2021-02-07 05:05:12.482039,0 days 00:00:21.075737,0.04452273692664189,0.9476848115469527,0.2061772478638377,COMPLETE
1864,1864,0.5907834101382489,2021-02-07 05:05:12.483176,2021-02-07 05:05:23.429567,0 days 00:00:10.946391,0.014611995065693896,0.9438766247290798,0.17168821977968643,COMPLETE
1865,1865,0.6150537634408603,2021-02-07 05:05:23.430709,2021-02-07 05:05:44.264839,0 days 00:00:20.834130,0.021176053876808886,0.9415116849250339,0.019459267568708687,COMPLETE
1866,1866,0.5658986175115207,2021-02-07 05:05:44.265975,2021-02-07 05:06:10.645377,0 days 00:00:26.379402,0.053292432570030066,0.9460446138922145,0.25703425665609425,COMPLETE
1867,1867,0.5588325652841782,2021-02-07 05:06:10.646507,2021-02-07 05:06:26.761897,0 days 00:00:16.115390,0.03362454935422584,0.9361229890152408,0.163746371617357,COMPLETE
1868,1868,0.48632872503840247,2021-02-07 05:06:26.763040,2021-02-07 05:06:42.383937,0 days 00:00:15.620897,0.06539277580302437,0.9704230513631494,0.19698622686414866,COMPLETE
1869,1869,0.5459293394777266,2021-02-07 05:06:42.385075,2021-02-07 05:06:53.468231,0 days 00:00:11.083156,0.025826287382422746,0.9488300893237138,0.027378526068294138,COMPLETE
1870,1870,0.5348694316436252,2021-02-07 05:06:53.469360,2021-02-07 05:07:04.507546,0 days 00:00:11.038186,0.04107788638403401,0.9396728146024518,0.024190719668485183,COMPLETE
1871,1871,0.5333333333333333,2021-02-07 05:07:04.508696,2021-02-07 05:07:20.371223,0 days 00:00:15.862527,0.05506155997884271,0.9428236631502391,0.31279083452001877,COMPLETE
1872,1872,0.5708141321044546,2021-02-07 05:07:20.372351,2021-02-07 05:07:31.180635,0 days 00:00:10.808284,0.03015013551434793,0.9533767509230198,0.28231452526700024,COMPLETE
1873,1873,0.3861751152073733,2021-02-07 05:07:31.181773,2021-02-07 05:07:42.001140,0 days 00:00:10.819367,2.6020853681331668e-05,0.9336450471222132,0.23036158464313672,COMPLETE
1874,1874,0.5231950844854071,2021-02-07 05:07:42.002286,2021-02-07 05:07:53.117466,0 days 00:00:11.115180,0.03642979233731432,0.9511216669813866,0.238919507204157,COMPLETE
1875,1875,0.5029185867895545,2021-02-07 05:07:53.118598,2021-02-07 05:08:03.988490,0 days 00:00:10.869892,0.024295620218461454,0.9378291265729984,0.05636135306443173,COMPLETE
1876,1876,0.5741935483870968,2021-02-07 05:08:03.989629,2021-02-07 05:08:14.993199,0 days 00:00:11.003570,0.018604024407134535,0.945098359634258,0.21318289392135875,COMPLETE
1877,1877,0.5600614439324116,2021-02-07 05:08:14.994338,2021-02-07 05:08:31.028623,0 days 00:00:16.034285,0.08013680283415053,0.9406050494209288,0.1567908714683807,COMPLETE
1878,1878,0.4423963133640553,2021-02-07 05:08:31.029757,2021-02-07 05:08:41.789017,0 days 00:00:10.759260,0.046731000399594186,0.9600213264631443,0.1826444856649484,COMPLETE
1879,1879,0.5781874039938556,2021-02-07 05:08:41.790147,2021-02-07 05:08:57.893994,0 days 00:00:16.103847,0.06595376554282702,0.9351608880056259,0.2582644791296689,COMPLETE
1880,1880,0.5585253456221199,2021-02-07 05:08:57.895136,2021-02-07 05:09:08.903993,0 days 00:00:11.008857,0.029120249170026386,0.9468017687167786,0.29055017766388486,COMPLETE
1881,1881,0.4682027649769585,2021-02-07 05:09:08.905137,2021-02-07 05:09:20.072639,0 days 00:00:11.167502,0.04018911274063069,0.9426681781979118,0.3518983337746435,COMPLETE
1882,1882,0.5284178187403994,2021-02-07 05:09:20.073791,2021-02-07 05:09:35.735842,0 days 00:00:15.662051,0.016634571451413362,0.9387790074200801,0.1737733540999904,COMPLETE
1883,1883,0.5493087557603686,2021-02-07 05:09:35.736987,2021-02-07 05:09:46.663124,0 days 00:00:10.926137,0.054202858899682405,0.9552710310535473,0.04151518218953943,COMPLETE
1884,1884,0.5824884792626728,2021-02-07 05:09:46.664271,2021-02-07 05:10:02.488406,0 days 00:00:15.824135,0.03500346220150941,0.944306682492511,0.2736432717283478,COMPLETE
1885,1885,0.5434715821812596,2021-02-07 05:10:02.489541,2021-02-07 05:10:13.766087,0 days 00:00:11.276546,0.02299575598464847,0.9489607313139319,0.19541333351641482,COMPLETE
1886,1886,0.5754224270353303,2021-02-07 05:10:13.767238,2021-02-07 05:10:24.924543,0 days 00:00:11.157305,0.04497779952397444,0.9781328674635422,0.2503117291244707,COMPLETE
1887,1887,0.49216589861751153,2021-02-07 05:10:24.925682,2021-02-07 05:10:35.759995,0 days 00:00:10.834313,0.08602543100086328,0.9372992919306602,0.1573725126492723,COMPLETE
1888,1888,0.5612903225806452,2021-02-07 05:10:35.761132,2021-02-07 05:10:51.787175,0 days 00:00:16.026043,0.06151485402054131,0.940774919732666,0.2190209357756453,COMPLETE
1889,1889,0.5984639016897081,2021-02-07 05:10:51.788320,2021-02-07 05:11:07.802053,0 days 00:00:16.013733,0.026497393865375914,0.9751837911103527,0.32154865971525426,COMPLETE
1890,1890,0.5563748079877112,2021-02-07 05:11:07.803209,2021-02-07 05:11:18.639378,0 days 00:00:10.836169,4.483553077618054e-05,0.9466866211057893,0.017913700000741082,COMPLETE
