,number,value,datetime_start,datetime_complete,duration,params_lr,params_nl2,params_num_ct,params_scheduler_gamma,params_sigma2,params_weight_decay,state
7811,7811,0.5625192012288787,2021-02-09 11:34:01.741448,2021-02-09 11:34:12.453066,0 days 00:00:10.711618,0.00017675677410901766,11,2,0.9034023841278246,20,0.0523340612826875,COMPLETE
7812,7812,,2021-02-09 11:34:12.456927,2021-02-09 11:34:13.253917,0 days 00:00:00.796990,0.00022526454965326353,11,0,0.903050979816986,20,0.451180078409243,FAIL
7813,7813,,2021-02-09 11:34:13.258995,2021-02-09 11:34:14.055069,0 days 00:00:00.796074,0.00023179412989746207,11,0,0.9000398610276269,20,0.24294605603514216,FAIL
7814,7814,0.5403993855606759,2021-02-09 11:34:14.058208,2021-02-09 11:34:30.349916,0 days 00:00:16.291708,0.00021504750845340948,11,2,0.9034594720965315,20,0.11836177390194495,COMPLETE
7815,7815,,2021-02-09 11:34:30.353791,2021-02-09 11:34:31.146567,0 days 00:00:00.792776,0.0001318874426465529,11,0,0.9004304237222771,20,0.2969097511081831,FAIL
7816,7816,0.5889400921658986,2021-02-09 11:34:31.151710,2021-02-09 11:34:42.253886,0 days 00:00:11.102176,0.00013632543377151038,11,2,0.9003556124617724,20,0.3305275913127122,COMPLETE
7817,7817,0.39600614439324117,2021-02-09 11:34:42.257748,2021-02-09 11:34:52.993407,0 days 00:00:10.735659,0.00017525785620127197,11,2,0.9033171406867787,20,0.05506026489422351,COMPLETE
7818,7818,,2021-02-09 11:34:52.997235,2021-02-09 11:34:53.814725,0 days 00:00:00.817490,0.000128252972165607,11,0,0.901114557672832,20,0.08735201024205114,FAIL
7819,7819,,2021-02-09 11:34:53.819725,2021-02-09 11:34:54.654498,0 days 00:00:00.834773,0.0001305233642424232,11,0,0.900095714668239,20,0.1382469744159149,FAIL
7820,7820,,2021-02-09 11:34:54.659469,2021-02-09 11:34:55.655584,0 days 00:00:00.996115,0.00013193198135195744,11,0,0.9021093946197942,20,0.14173502657327341,FAIL
7821,7821,0.6043010752688172,2021-02-09 11:34:55.658586,2021-02-09 11:35:16.211399,0 days 00:00:20.552813,0.00014104966162727355,11,2,0.9017414441102022,20,0.17764221869367003,COMPLETE
7822,7822,,2021-02-09 11:35:16.215208,2021-02-09 11:35:17.029819,0 days 00:00:00.814611,0.00024114598277315461,11,0,0.9031535374062601,20,0.14724711032631285,FAIL
7823,7823,,2021-02-09 11:35:17.033125,2021-02-09 11:35:17.817422,0 days 00:00:00.784297,0.00023996757123402398,11,0,0.900216885767761,20,0.11159970812403343,FAIL
7824,7824,,2021-02-09 11:35:17.822531,2021-02-09 11:35:18.634370,0 days 00:00:00.811839,0.00018905062030300537,11,0,0.9030981418844684,20,0.13677008829694293,FAIL
7825,7825,,2021-02-09 11:35:18.637531,2021-02-09 11:35:19.427661,0 days 00:00:00.790130,0.00013226451286704743,11,0,0.9001804878963792,20,0.09607137775255485,FAIL
7826,7826,0.5440860215053763,2021-02-09 11:35:19.430805,2021-02-09 11:35:40.251644,0 days 00:00:20.820839,0.00023794792428404404,11,2,0.9002564696737256,20,0.1591792101970798,COMPLETE
7827,7827,0.513978494623656,2021-02-09 11:35:40.255523,2021-02-09 11:35:56.034705,0 days 00:00:15.779182,0.0001291869443323814,11,2,0.9031508088339931,20,0.11147859912335337,COMPLETE
7828,7828,0.45714285714285713,2021-02-09 11:35:56.038555,2021-02-09 11:36:06.787763,0 days 00:00:10.749208,0.0001799770077696887,11,2,0.9000822825901701,20,0.24463342434882482,COMPLETE
7829,7829,0.36251920122887865,2021-02-09 11:36:06.791569,2021-02-09 11:36:32.298962,0 days 00:00:25.507393,0.00013160920262347543,11,2,0.9003020360878722,20,0.15811551562801585,COMPLETE
7830,7830,,2021-02-09 11:36:32.302801,2021-02-09 11:36:33.099806,0 days 00:00:00.797005,0.00015788047825341932,11,0,0.900224331368203,20,0.14093865003508016,FAIL
7831,7831,0.5864823348694317,2021-02-09 11:36:33.104932,2021-02-09 11:36:44.195482,0 days 00:00:11.090550,0.00016384786353348336,11,2,0.9000998676547978,20,0.16947871093667216,COMPLETE
7832,7832,,2021-02-09 11:36:44.199320,2021-02-09 11:36:53.734518,0 days 00:00:09.535198,0.00021041188751300797,11,2,0.9002680171120234,20,0.14123511241391493,FAIL
7833,7833,,2021-02-09 11:36:53.738562,2021-02-09 11:36:54.585994,0 days 00:00:00.847432,0.00012484748512072523,11,0,0.9033671772424477,20,0.09392269127415845,FAIL
7834,7834,,2021-02-09 11:36:54.591222,2021-02-09 11:36:55.432511,0 days 00:00:00.841289,0.00022818587176861202,11,0,0.9033532202265163,20,0.10716868357049257,FAIL
7835,7835,0.4251920122887865,2021-02-09 11:36:55.435554,2021-02-09 11:37:21.388163,0 days 00:00:25.952609,0.00020812706584838302,11,2,0.9031074311386204,20,0.023944274345473398,COMPLETE
7836,7836,0.4270353302611367,2021-02-09 11:37:21.392013,2021-02-09 11:37:32.507986,0 days 00:00:11.115973,0.00012247890073203218,11,2,0.9002049813078675,20,0.12952124126492642,COMPLETE
7837,7837,,2021-02-09 11:37:32.511870,2021-02-09 11:37:33.319153,0 days 00:00:00.807283,0.00014561780103755452,11,0,0.9381388512724593,20,0.10579316024808057,FAIL
7838,7838,0.4522273425499232,2021-02-09 11:37:33.324293,2021-02-09 11:37:49.225802,0 days 00:00:15.901509,0.00016673025158179424,11,2,0.9385270480655741,20,0.05500242429664442,COMPLETE
7839,7839,0.402457757296467,2021-02-09 11:37:49.229722,2021-02-09 11:38:00.126360,0 days 00:00:10.896638,0.00012697111974971478,11,2,0.9021057313878044,20,0.229246336313648,COMPLETE
7840,7840,0.5655913978494623,2021-02-09 11:38:00.130176,2021-02-09 11:38:10.860511,0 days 00:00:10.730335,0.00021190180644904677,11,2,0.9000647265489563,20,0.09595405731944272,COMPLETE
7841,7841,,2021-02-09 11:38:10.864415,2021-02-09 11:38:11.662335,0 days 00:00:00.797920,0.000147895425241727,11,0,0.9036429755039868,20,0.10208679812760903,FAIL
7842,7842,,2021-02-09 11:38:11.667360,2021-02-09 11:38:12.644380,0 days 00:00:00.977020,0.00015861388777394954,11,0,0.9043646911417051,20,0.09381001728660003,FAIL
7843,7843,0.40522273425499233,2021-02-09 11:38:12.649526,2021-02-09 11:38:23.707414,0 days 00:00:11.057888,0.00015457696792396108,11,2,0.9001636015955852,20,0.15357757134360386,COMPLETE
7844,7844,,2021-02-09 11:38:23.711272,2021-02-09 11:38:24.517087,0 days 00:00:00.805815,0.00012343590853494788,11,0,0.9037524247188076,20,0.14222316802258683,FAIL
7845,7845,,2021-02-09 11:38:24.520267,2021-02-09 11:38:25.296154,0 days 00:00:00.775887,0.00024063068908070954,11,0,0.900125260262781,20,0.12323572498698418,FAIL
7846,7846,,2021-02-09 11:38:25.299163,2021-02-09 11:38:26.092966,0 days 00:00:00.793803,0.00023563823526712009,11,0,0.9041265950708953,20,0.27599498713916837,FAIL
7847,7847,0.4402457757296467,2021-02-09 11:38:26.098047,2021-02-09 11:38:41.885136,0 days 00:00:15.787089,0.0001241472678337485,11,2,0.9037484465082143,20,0.11196794995480966,COMPLETE
7848,7848,,2021-02-09 11:38:41.889012,2021-02-09 11:38:42.705516,0 days 00:00:00.816504,0.00023116407302869774,11,0,0.9412388976131545,20,0.14994705261354221,FAIL
7849,7849,0.4288786482334869,2021-02-09 11:38:42.710541,2021-02-09 11:38:53.688060,0 days 00:00:10.977519,0.0002317179558152697,11,2,0.9378892376599768,20,0.17277114445624814,COMPLETE
7850,7850,0.39262672811059907,2021-02-09 11:38:53.691951,2021-02-09 11:39:04.422519,0 days 00:00:10.730568,0.00015214164897945704,11,2,0.941218235225364,20,0.05847557097379767,COMPLETE
7851,7851,0.5299539170506913,2021-02-09 11:39:04.426348,2021-02-09 11:39:15.346685,0 days 00:00:10.920337,0.0001458539633757842,11,2,0.939898360107092,20,0.15411061285025934,COMPLETE
7852,7852,0.5290322580645161,2021-02-09 11:39:15.350577,2021-02-09 11:40:05.504006,0 days 00:00:50.153429,0.00019074904495097435,11,2,0.9000402099752719,20,0.13860800778139026,COMPLETE
7853,7853,0.5591397849462365,2021-02-09 11:40:05.507895,2021-02-09 11:40:16.604214,0 days 00:00:11.096319,0.00011839189476237678,11,2,0.9031780553375569,20,0.10121204800560525,COMPLETE
7854,7854,,2021-02-09 11:40:16.608149,2021-02-09 11:40:17.409714,0 days 00:00:00.801565,0.0001807178094080683,11,0,0.9043561803532957,20,0.15061544215853778,FAIL
7855,7855,,2021-02-09 11:40:17.414854,2021-02-09 11:40:18.235675,0 days 00:00:00.820821,0.00017751552105449843,11,0,0.900107370707852,20,0.09375725355079251,FAIL
7856,7856,,2021-02-09 11:40:18.240934,2021-02-09 11:40:19.065504,0 days 00:00:00.824570,0.00017388561267605015,11,0,0.9368848090882198,20,0.3816547342982549,FAIL
7857,7857,,2021-02-09 11:40:19.070677,2021-02-09 11:40:19.874625,0 days 00:00:00.803948,0.00018688519391913834,11,0,0.9044146648787452,20,0.36579113217460674,FAIL
7858,7858,0.3763440860215054,2021-02-09 11:40:19.877859,2021-02-09 11:40:36.009381,0 days 00:00:16.131522,0.0001790805873268368,11,2,0.9001213789109418,20,0.09241621979763832,COMPLETE
7859,7859,,2021-02-09 11:40:36.013293,2021-02-09 11:40:36.816420,0 days 00:00:00.803127,0.00013275937131449346,7,0,0.9382977524600675,20,0.12895522549641786,FAIL
7860,7860,0.5797235023041475,2021-02-09 11:40:36.821491,2021-02-09 11:40:47.989789,0 days 00:00:11.168298,0.00024385723262782458,7,2,0.9044369875121261,20,0.1345396947894063,COMPLETE
7861,7861,,2021-02-09 11:40:47.993661,2021-02-09 11:40:48.782978,0 days 00:00:00.789317,0.0001275053560438517,11,0,0.9373383580290819,20,0.13973903159011755,FAIL
7862,7862,0.49185867895545315,2021-02-09 11:40:48.786175,2021-02-09 11:41:05.004611,0 days 00:00:16.218436,0.00012625255742126896,11,2,0.9001062640663967,20,0.057857064862246795,COMPLETE
7863,7863,0.4930875576036866,2021-02-09 11:41:05.008468,2021-02-09 11:41:15.663694,0 days 00:00:10.655226,0.00015007114298399752,7,2,0.9377674491452224,20,0.12201188231549498,COMPLETE
7864,7864,,2021-02-09 11:41:15.667576,2021-02-09 11:41:16.486192,0 days 00:00:00.818616,0.00011699616106991392,11,0,0.940666555622508,20,0.022893841289660374,FAIL
7865,7865,0.5360983102918587,2021-02-09 11:41:16.491464,2021-02-09 11:41:27.430829,0 days 00:00:10.939365,0.0001738422910382428,11,2,0.9017138653408686,20,0.4028763209140964,COMPLETE
7866,7866,,2021-02-09 11:41:27.434703,2021-02-09 11:41:28.401091,0 days 00:00:00.966388,0.00011633100599442433,7,0,0.9197592830238733,20,0.2689693161286254,FAIL
7867,7867,,2021-02-09 11:41:28.404261,2021-02-09 11:41:29.186473,0 days 00:00:00.782212,0.00011633359733480206,7,0,0.9417557924636261,20,0.2736051943054779,FAIL
7868,7868,0.4064516129032258,2021-02-09 11:41:29.189681,2021-02-09 11:41:40.050525,0 days 00:00:10.860844,0.0001453283839443316,7,2,0.941735455051317,20,0.300500133132354,COMPLETE
7869,7869,,2021-02-09 11:41:40.054419,2021-02-09 11:41:40.855053,0 days 00:00:00.800634,0.00011635534069609593,11,0,0.9000398318834069,20,0.14592118348653751,FAIL
7870,7870,0.4202764976958525,2021-02-09 11:41:40.860196,2021-02-09 11:42:01.271000,0 days 00:00:20.410804,0.00011922705381183502,11,2,0.9043489713481682,20,0.13923902476454253,COMPLETE
7871,7871,,2021-02-09 11:42:01.274895,2021-02-09 11:42:02.075063,0 days 00:00:00.800168,0.000194050698430485,11,0,0.9387791857150821,20,0.27105046731885185,FAIL
7872,7872,0.49615975422427033,2021-02-09 11:42:02.078304,2021-02-09 11:42:13.326424,0 days 00:00:11.248120,0.00011605986210548443,11,2,0.9399286017282931,20,0.2767427144776769,COMPLETE
7873,7873,0.44270353302611365,2021-02-09 11:42:13.330289,2021-02-09 11:42:24.278960,0 days 00:00:10.948671,0.00018888783726026337,11,2,0.9371088302248268,20,0.1996506458311193,COMPLETE
7874,7874,0.595084485407066,2021-02-09 11:42:24.282819,2021-02-09 11:42:39.806517,0 days 00:00:15.523698,0.00011380202632832649,7,2,0.9020289988510782,20,0.023329834067389317,COMPLETE
7875,7875,,2021-02-09 11:42:39.810387,2021-02-09 11:42:40.633875,0 days 00:00:00.823488,0.0001471363556701474,11,0,0.9388496716484149,20,0.3631519044792839,FAIL
7876,7876,0.6089093701996928,2021-02-09 11:42:40.637150,2021-02-09 11:42:51.303364,0 days 00:00:10.666214,0.00024726786842663357,11,2,0.9000567142974977,20,0.49262303013305725,COMPLETE
7877,7877,,2021-02-09 11:42:51.307250,2021-02-09 11:42:52.109163,0 days 00:00:00.801913,0.00014770751405189997,11,0,0.9388771526565693,20,0.09941982638095138,FAIL
7878,7878,,2021-02-09 11:42:52.112243,2021-02-09 11:42:53.077261,0 days 00:00:00.965018,0.00013384690200514052,11,0,0.9000488592408475,20,0.12994645064886026,FAIL
7879,7879,0.5791090629800307,2021-02-09 11:42:53.082434,2021-02-09 11:43:04.271078,0 days 00:00:11.188644,0.00014358283256956292,11,6,0.9390717183609244,20,0.11049090865442437,COMPLETE
7880,7880,,2021-02-09 11:43:04.274955,2021-02-09 11:43:05.078115,0 days 00:00:00.803160,0.00012634844916290647,7,0,0.904265480756527,20,0.11025693898451737,FAIL
7881,7881,0.43502304147465437,2021-02-09 11:43:05.081471,2021-02-09 11:43:25.672215,0 days 00:00:20.590744,0.0002151856280852212,7,2,0.9045453761875226,20,0.10369529658935732,COMPLETE
7882,7882,0.5953917050691244,2021-02-09 11:43:25.676082,2021-02-09 11:43:56.652214,0 days 00:00:30.976132,0.00015858964093524853,11,2,0.9023353544385466,20,0.1078543883340645,COMPLETE
7883,7883,,2021-02-09 11:43:56.656097,2021-02-09 11:43:57.470888,0 days 00:00:00.814791,0.00012280270656240592,11,0,0.9410623199018633,20,0.42959657400887286,FAIL
7884,7884,,2021-02-09 11:43:57.476039,2021-02-09 11:43:58.467990,0 days 00:00:00.991951,0.00012109112777167561,11,0,0.9409779603001849,20,0.05093177699243798,FAIL
7885,7885,,2021-02-09 11:43:58.471213,2021-02-09 11:43:59.262469,0 days 00:00:00.791256,0.00012697328606352357,11,0,0.9373596786176872,20,0.0551497188369968,FAIL
7886,7886,0.6076804915514593,2021-02-09 11:43:59.265603,2021-02-09 11:44:10.255226,0 days 00:00:10.989623,0.00013728524136861453,11,2,0.9370659380188939,20,0.37076777255861165,COMPLETE
7887,7887,0.5766513056835637,2021-02-09 11:44:10.259111,2021-02-09 11:44:26.278525,0 days 00:00:16.019414,0.0001135613739517192,7,2,0.9394063413068372,20,0.14481260717922323,COMPLETE
7888,7888,0.48632872503840247,2021-02-09 11:44:26.282395,2021-02-09 11:44:36.837214,0 days 00:00:10.554819,0.0001961434736950455,11,2,0.9421084318441706,20,0.08991594056859037,COMPLETE
7889,7889,0.3827956989247312,2021-02-09 11:44:36.841142,2021-02-09 11:44:57.668595,0 days 00:00:20.827453,0.00012901475940987924,11,2,0.9033891245787996,20,0.2830089666686737,COMPLETE
7890,7890,0.3969278033794163,2021-02-09 11:44:57.672472,2021-02-09 11:45:08.687891,0 days 00:00:11.015419,0.00010785838098569141,7,6,0.9408312337177204,20,0.09904099766861096,COMPLETE
7891,7891,0.3827956989247312,2021-02-09 11:45:08.691763,2021-02-09 11:45:24.390793,0 days 00:00:15.699030,0.00017016943644151324,11,2,0.901877634818747,20,0.024119506493719536,COMPLETE
7892,7892,0.391705069124424,2021-02-09 11:45:24.394665,2021-02-09 11:45:40.370432,0 days 00:00:15.975767,0.00023266041424615673,7,2,0.9377741813881991,20,0.3646910904785691,COMPLETE
7893,7893,0.44516129032258067,2021-02-09 11:45:40.374283,2021-02-09 11:45:56.192570,0 days 00:00:15.818287,0.00014699543077590133,11,2,0.9039051071426927,20,0.1507955298473943,COMPLETE
7894,7894,0.5984639016897081,2021-02-09 11:45:56.196435,2021-02-09 11:46:07.118595,0 days 00:00:10.922160,0.00010581204850978684,11,6,0.9365365046912532,20,0.08930076657771244,COMPLETE
7895,7895,0.45314900153609833,2021-02-09 11:46:07.122474,2021-02-09 11:46:17.694357,0 days 00:00:10.571883,0.0001244886900296412,7,2,0.9000663865863539,20,0.09976194356427767,COMPLETE
7896,7896,0.5981566820276498,2021-02-09 11:46:17.698212,2021-02-09 11:46:28.717257,0 days 00:00:11.019045,0.00016278398731610098,11,2,0.939485000674637,20,0.13141435808627183,COMPLETE
7897,7897,,2021-02-09 11:46:28.721165,2021-02-09 11:46:29.541961,0 days 00:00:00.820796,0.00013073688383155997,11,0,0.9194935300418922,20,0.12315322195534864,FAIL
7898,7898,0.4485407066052227,2021-02-09 11:46:29.544975,2021-02-09 11:46:45.516723,0 days 00:00:15.971748,0.0002015614942974366,11,2,0.9050385498899096,20,0.2737431745054919,COMPLETE
7899,7899,0.47588325652841784,2021-02-09 11:46:45.520626,2021-02-09 11:47:15.966485,0 days 00:00:30.445859,0.00013183864795856723,7,2,0.9015985722744829,20,0.10729530542053674,COMPLETE
7900,7900,,2021-02-09 11:47:15.970370,2021-02-09 11:47:16.763557,0 days 00:00:00.793187,0.0001677770131939306,11,0,0.941026157167428,20,0.04856892372012441,FAIL
7901,7901,0.47803379416282643,2021-02-09 11:47:16.768650,2021-02-09 11:47:27.892133,0 days 00:00:11.123483,0.00010441302866347507,11,2,0.9385522303938933,20,0.14730220988946907,COMPLETE
7902,7902,0.5775729646697388,2021-02-09 11:47:27.896012,2021-02-09 11:47:43.691891,0 days 00:00:15.795879,0.000180005665240952,11,6,0.9410248812595284,20,0.4267697416744005,COMPLETE
7903,7903,0.541321044546851,2021-02-09 11:47:43.695774,2021-02-09 11:47:54.483348,0 days 00:00:10.787574,0.00012915254420423403,7,2,0.9033092538078645,20,0.0508887768067544,COMPLETE
7904,7904,,2021-02-09 11:47:54.487256,2021-02-09 11:47:55.309869,0 days 00:00:00.822613,0.00010651985751049333,11,0,0.9421306351084315,20,0.216843914369387,FAIL
7905,7905,0.5692780337941629,2021-02-09 11:47:55.312998,2021-02-09 11:48:06.076054,0 days 00:00:10.763056,0.00014769511419473542,11,2,0.9881780834480693,20,0.14630882272976065,COMPLETE
7906,7906,0.5440860215053763,2021-02-09 11:48:06.079934,2021-02-09 11:48:16.922354,0 days 00:00:10.842420,0.0001020581576276707,7,2,0.9198512004225878,20,0.24995695453796188,COMPLETE
7907,7907,0.4964669738863287,2021-02-09 11:48:16.926207,2021-02-09 11:48:27.762452,0 days 00:00:10.836245,0.00011796930321357134,11,2,0.9368264685105069,20,0.10439028662200824,COMPLETE
7908,7908,,2021-02-09 11:48:27.766397,2021-02-09 11:48:28.576674,0 days 00:00:00.810277,0.00016627441850611797,11,0,0.9424437672302046,20,0.11591304314917722,FAIL
7909,7909,,2021-02-09 11:48:28.579780,2021-02-09 11:48:29.366698,0 days 00:00:00.786918,0.00023497389873294348,11,0,0.9018169404300495,20,0.33163702055956695,FAIL
7910,7910,0.5698924731182796,2021-02-09 11:48:29.369875,2021-02-09 11:48:41.477100,0 days 00:00:12.107225,0.00021909498031505702,11,10,0.9419599087111848,20,0.2004454495105345,COMPLETE
7911,7911,,2021-02-09 11:48:41.481003,2021-02-09 11:48:42.280630,0 days 00:00:00.799627,0.00015452253171865682,11,0,0.9015809400178421,20,0.11527502724398117,FAIL
7912,7912,0.480184331797235,2021-02-09 11:48:42.285735,2021-02-09 11:49:22.879066,0 days 00:00:40.593331,0.00025748636331593286,11,2,0.9018182714731172,20,0.022730945650329536,COMPLETE
7913,7913,,2021-02-09 11:49:22.882937,2021-02-09 11:49:23.681162,0 days 00:00:00.798225,0.0001684959291650779,7,0,0.9049283573952033,20,0.09139199878817672,FAIL
7914,7914,,2021-02-09 11:49:23.684411,2021-02-09 11:49:24.484795,0 days 00:00:00.800384,0.00017981655311767223,7,0,0.9049770604716857,20,0.09425743857560849,FAIL
7915,7915,,2021-02-09 11:49:24.490024,2021-02-09 11:49:25.480769,0 days 00:00:00.990745,0.0001577308898360415,7,0,0.9054927124453797,20,0.11273366676361683,FAIL
7916,7916,,2021-02-09 11:49:25.486038,2021-02-09 11:49:26.286761,0 days 00:00:00.800723,0.0001685515612596795,7,0,0.9000346171587432,20,0.13141181706639124,FAIL
7917,7917,,2021-02-09 11:49:26.291912,2021-02-09 11:49:27.084148,0 days 00:00:00.792236,0.0001346174133885234,7,0,0.9050109525987046,20,0.16812969659558347,FAIL
7918,7918,0.6122887864823349,2021-02-09 11:49:27.087401,2021-02-09 11:49:38.375605,0 days 00:00:11.288204,0.00016104718877609677,7,6,0.9050060396054624,20,0.09383055676069389,COMPLETE
7919,7919,0.4251920122887865,2021-02-09 11:49:38.379494,2021-02-09 11:49:49.086214,0 days 00:00:10.706720,0.00017667840180792652,11,2,0.938733084021191,20,0.13495684400223315,COMPLETE
7920,7920,0.3717357910906298,2021-02-09 11:49:49.090128,2021-02-09 11:49:59.940789,0 days 00:00:10.850661,9.65261471202052e-05,7,2,0.9356588917038173,20,0.056103581431013565,COMPLETE
7921,7921,,2021-02-09 11:49:59.944690,2021-02-09 11:50:00.939318,0 days 00:00:00.994628,0.0001319585913669453,11,0,0.9000244821820005,20,0.12292271862957267,FAIL
7922,7922,0.6248847926267281,2021-02-09 11:50:00.942423,2021-02-09 11:50:11.672565,0 days 00:00:10.730142,0.0001292529298314317,11,2,0.9000821056664992,20,0.1686155790907796,COMPLETE
7923,7923,0.5861751152073733,2021-02-09 11:50:11.676421,2021-02-09 11:50:47.439711,0 days 00:00:35.763290,0.00010739351919682969,7,2,0.9028863068234597,20,0.052614522276224214,COMPLETE
7924,7924,0.623963133640553,2021-02-09 11:50:47.443596,2021-02-09 11:50:58.235071,0 days 00:00:10.791475,0.0001385588388417335,11,2,0.9045988121224797,20,0.2572887383466514,COMPLETE
7925,7925,,2021-02-09 11:50:58.238990,2021-02-09 11:50:59.040868,0 days 00:00:00.801878,0.00023982824711293069,11,0,0.9411328249458457,20,0.12137747398847029,FAIL
7926,7926,,2021-02-09 11:50:59.043890,2021-02-09 11:51:00.009189,0 days 00:00:00.965299,0.0002486374860853898,11,0,0.9016369098606328,20,0.12596306968858123,FAIL
7927,7927,,2021-02-09 11:51:00.012366,2021-02-09 11:51:00.803682,0 days 00:00:00.791316,9.02947486323059e-05,11,0,0.9000174329788488,20,0.02168609420050522,FAIL
7928,7928,,2021-02-09 11:51:00.806803,2021-02-09 11:51:01.592318,0 days 00:00:00.785515,0.0002528312397454157,11,0,0.9000532681105837,20,0.3204092990054149,FAIL
7929,7929,,2021-02-09 11:51:01.597483,2021-02-09 11:51:02.431130,0 days 00:00:00.833647,0.00025375846893266807,11,0,0.9404467485666849,20,0.127952735582982,FAIL
7930,7930,0.5831029185867895,2021-02-09 11:51:02.434323,2021-02-09 11:51:13.210782,0 days 00:00:10.776459,0.0001846981304735149,11,2,0.9400252813705803,20,0.048702835221837125,COMPLETE
7931,7931,0.5440860215053763,2021-02-09 11:51:13.214644,2021-02-09 11:51:24.260050,0 days 00:00:11.045406,0.00015100730685232235,11,2,0.9000542368436973,20,0.13992797245006777,COMPLETE
7932,7932,,2021-02-09 11:51:24.263953,2021-02-09 11:51:25.072484,0 days 00:00:00.808531,0.0002556668345316013,7,0,0.93737221164223,20,0.12338618186247398,FAIL
7933,7933,,2021-02-09 11:51:25.075687,2021-02-09 11:51:25.884329,0 days 00:00:00.808642,0.00011232984725492265,7,0,0.9372005133485336,20,0.13169143005712394,FAIL
7934,7934,,2021-02-09 11:51:25.887534,2021-02-09 11:51:26.867619,0 days 00:00:00.980085,0.0001210447262033092,7,0,0.9000643203520903,20,0.08892720514821817,FAIL
7935,7935,,2021-02-09 11:51:26.870780,2021-02-09 11:51:27.668834,0 days 00:00:00.798054,9.166696716906468e-05,7,0,0.902013220470382,20,0.021743575119287428,FAIL
