,number,value,datetime_start,datetime_complete,duration,params_lr,params_nl2,params_num_ct,params_scheduler_gamma,params_sigma2,params_weight_decay,state
1752,1752,,2021-02-08 21:41:04.674730,2021-02-08 21:41:05.455352,0 days 00:00:00.780622,0.0008848577815738154,9,0,0.9832377781322879,18,0.06435107090503302,FAIL
1753,1753,,2021-02-08 21:41:05.456779,2021-02-08 21:41:06.137486,0 days 00:00:00.680707,0.011025553241680783,9,0,0.9806708774616345,18,0.052512147386602696,FAIL
1754,1754,,2021-02-08 21:41:06.138317,2021-02-08 21:41:06.779346,0 days 00:00:00.641029,0.010183791465095673,9,0,0.9819056623956315,18,0.05378256084081227,FAIL
1755,1755,,2021-02-08 21:41:06.780757,2021-02-08 21:41:07.453670,0 days 00:00:00.672913,0.0016885924710879844,9,0,0.9834567915376926,18,0.052686075872294895,FAIL
1756,1756,,2021-02-08 21:41:07.455081,2021-02-08 21:41:08.151287,0 days 00:00:00.696206,0.0008196344062635258,9,0,0.9831123322312798,18,0.053387182623478906,FAIL
1757,1757,,2021-02-08 21:41:08.152137,2021-02-08 21:41:08.809279,0 days 00:00:00.657142,0.00047302118953963655,9,0,0.9840317516627825,18,0.07040664102848954,FAIL
1758,1758,,2021-02-08 21:41:08.810100,2021-02-08 21:41:09.466229,0 days 00:00:00.656129,0.010121229101242095,9,0,0.9840878651901157,18,0.052325029292369096,FAIL
1759,1759,0.3686635944700461,2021-02-08 21:41:09.467654,2021-02-08 21:41:30.103519,0 days 00:00:20.635865,0.001004943364098558,9,2,0.9857697009341477,18,0.06763310469573397,COMPLETE
1760,1760,,2021-02-08 21:41:30.104714,2021-02-08 21:41:30.790545,0 days 00:00:00.685831,0.011490819756624727,7,0,0.9829145921903216,16,0.03780134927784385,FAIL
1761,1761,,2021-02-08 21:41:30.791939,2021-02-08 21:41:31.481703,0 days 00:00:00.689764,0.0016328891132521646,7,0,0.9817699278416985,16,0.053234576914756165,FAIL
1762,1762,,2021-02-08 21:41:31.483141,2021-02-08 21:41:32.172560,0 days 00:00:00.689419,0.0038723892500077423,7,0,0.9808872766231475,16,0.0429821279826718,FAIL
1763,1763,,2021-02-08 21:41:32.173979,2021-02-08 21:41:32.841723,0 days 00:00:00.667744,0.004893575536667401,7,0,0.9821879134966801,16,0.05129876161168555,FAIL
1764,1764,,2021-02-08 21:41:32.843168,2021-02-08 21:41:33.538730,0 days 00:00:00.695562,0.012509965363644874,7,0,0.9807181578239424,16,0.0496790101517019,FAIL
1765,1765,,2021-02-08 21:41:33.539758,2021-02-08 21:41:34.196497,0 days 00:00:00.656739,0.004168057896247248,7,0,0.9829726741419033,16,0.052838563947313455,FAIL
1766,1766,,2021-02-08 21:41:34.197932,2021-02-08 21:41:34.902899,0 days 00:00:00.704967,0.016599816241580297,7,0,0.9893434060560753,16,0.05211062781677206,FAIL
1767,1767,,2021-02-08 21:41:34.903742,2021-02-08 21:41:35.695473,0 days 00:00:00.791731,0.013720141887442786,7,0,0.9899894485984806,16,0.055472962142319324,FAIL
1768,1768,,2021-02-08 21:41:35.696914,2021-02-08 21:41:36.415625,0 days 00:00:00.718711,0.01154024772603012,7,0,0.9821558568448432,16,0.05306566696089574,FAIL
1769,1769,,2021-02-08 21:41:36.417035,2021-02-08 21:41:37.097159,0 days 00:00:00.680124,0.0016329168400881357,7,0,0.9829786840276131,16,0.051853146024387946,FAIL
1770,1770,,2021-02-08 21:41:37.098005,2021-02-08 21:41:37.742656,0 days 00:00:00.644651,0.001475283508335019,7,0,0.9825905347503835,16,0.04015478021214461,FAIL
1771,1771,,2021-02-08 21:41:37.743495,2021-02-08 21:41:38.374143,0 days 00:00:00.630648,0.0016169200422099712,7,0,0.9833070803090367,16,0.052580328615775385,FAIL
1772,1772,,2021-02-08 21:41:38.374986,2021-02-08 21:41:39.016410,0 days 00:00:00.641424,0.016956133463555494,7,0,0.9832544447174363,16,0.05083528104654643,FAIL
1773,1773,,2021-02-08 21:41:39.017248,2021-02-08 21:41:39.667190,0 days 00:00:00.649942,0.0016395355792844987,7,0,0.982697341259481,16,0.039063255321176625,FAIL
1774,1774,,2021-02-08 21:41:39.668649,2021-02-08 21:41:40.330109,0 days 00:00:00.661460,0.0014008585897576876,7,0,0.9818242164850255,16,0.05295956044409162,FAIL
1775,1775,,2021-02-08 21:41:40.330963,2021-02-08 21:41:41.109387,0 days 00:00:00.778424,0.016913476299334245,7,0,0.9832384269539213,16,0.05153892123102712,FAIL
1776,1776,,2021-02-08 21:41:41.110254,2021-02-08 21:41:41.749215,0 days 00:00:00.638961,0.013996722377932593,7,0,0.9793119611150687,16,0.05268607203010994,FAIL
1777,1777,,2021-02-08 21:41:41.750648,2021-02-08 21:41:42.435661,0 days 00:00:00.685013,0.0015752088126718509,7,0,0.924264859764125,16,0.053221375194961534,FAIL
1778,1778,,2021-02-08 21:41:42.437048,2021-02-08 21:41:43.096671,0 days 00:00:00.659623,0.0017976167660540513,7,0,0.9822942377276255,16,0.04030960628787769,FAIL
1779,1779,,2021-02-08 21:41:43.098063,2021-02-08 21:41:43.772887,0 days 00:00:00.674824,0.00482608716342673,7,0,0.9829917752091167,16,0.03861335489166543,FAIL
1780,1780,,2021-02-08 21:41:43.773791,2021-02-08 21:41:44.433096,0 days 00:00:00.659305,0.0017507921461613857,7,0,0.9239884428363827,16,0.040828503309852826,FAIL
1781,1781,,2021-02-08 21:41:44.434486,2021-02-08 21:41:45.111898,0 days 00:00:00.677412,0.004118152031577746,7,0,0.9827666575895059,16,0.04110931021334702,FAIL
1782,1782,,2021-02-08 21:41:45.113277,2021-02-08 21:41:45.839287,0 days 00:00:00.726010,0.0006155773955768551,7,0,0.9818643697939199,16,0.051687070641637356,FAIL
1783,1783,,2021-02-08 21:41:45.840737,2021-02-08 21:41:46.651872,0 days 00:00:00.811135,0.0047582465925596505,7,0,0.9827335888872373,16,0.040119120796446764,FAIL
1784,1784,,2021-02-08 21:41:46.652722,2021-02-08 21:41:47.320977,0 days 00:00:00.668255,0.0016125673301111887,7,0,0.9837227899619655,16,0.051166613616487194,FAIL
1785,1785,,2021-02-08 21:41:47.321800,2021-02-08 21:41:47.973789,0 days 00:00:00.651989,0.01253095957158024,7,0,0.9821327216296538,16,0.05013476777924494,FAIL
1786,1786,,2021-02-08 21:41:47.974621,2021-02-08 21:41:48.629840,0 days 00:00:00.655219,0.0016839061274861468,7,0,0.9809434032971546,16,0.053406941691550504,FAIL
1787,1787,,2021-02-08 21:41:48.630682,2021-02-08 21:41:49.280196,0 days 00:00:00.649514,0.0018557780533812493,7,0,0.983094286635545,16,0.051073965335639585,FAIL
1788,1788,,2021-02-08 21:41:49.281019,2021-02-08 21:41:49.929958,0 days 00:00:00.648939,0.004373325958093279,7,0,0.9819671957943455,16,0.05265049206191962,FAIL
1789,1789,,2021-02-08 21:41:49.930823,2021-02-08 21:41:50.566498,0 days 00:00:00.635675,0.012521869794936658,7,0,0.9836158127548796,16,0.053448340818841866,FAIL
1790,1790,,2021-02-08 21:41:50.567385,2021-02-08 21:41:51.242527,0 days 00:00:00.675142,0.00046109271923477484,7,0,0.9829351978301532,16,0.049193219067845385,FAIL
1791,1791,,2021-02-08 21:41:51.243985,2021-02-08 21:41:52.022910,0 days 00:00:00.778925,0.0016561280640086963,7,0,0.9824153190438695,16,0.039541698781336995,FAIL
1792,1792,,2021-02-08 21:41:52.023746,2021-02-08 21:41:52.671758,0 days 00:00:00.648012,0.004353767766365323,7,0,0.983007377451102,16,0.038243715815679154,FAIL
1793,1793,,2021-02-08 21:41:52.673203,2021-02-08 21:41:53.346892,0 days 00:00:00.673689,0.014287682307852408,7,0,0.9826656378462068,16,0.039105181849627045,FAIL
1794,1794,,2021-02-08 21:41:53.348335,2021-02-08 21:41:54.022914,0 days 00:00:00.674579,0.004298633912410533,7,0,0.9814381869788067,16,0.05238150779241237,FAIL
1795,1795,,2021-02-08 21:41:54.024363,2021-02-08 21:41:54.702861,0 days 00:00:00.678498,0.0016843527690279549,7,0,0.9811164719375594,16,0.039904543497617254,FAIL
1796,1796,,2021-02-08 21:41:54.703679,2021-02-08 21:41:55.346625,0 days 00:00:00.642946,0.0018363457729898508,7,0,0.981791451528489,16,0.052830570649495506,FAIL
1797,1797,,2021-02-08 21:41:55.347455,2021-02-08 21:41:56.014598,0 days 00:00:00.667143,0.004370613282261763,7,0,0.9830222823825991,16,0.038554244313341715,FAIL
1798,1798,,2021-02-08 21:41:56.016060,2021-02-08 21:41:56.720993,0 days 00:00:00.704933,0.011404379799571651,7,0,0.9817346128655133,16,0.03890567723878016,FAIL
1799,1799,,2021-02-08 21:41:56.722382,2021-02-08 21:41:57.495989,0 days 00:00:00.773607,0.003942003857779395,7,0,0.9824429258430974,16,0.05219219893737323,FAIL
1800,1800,0.4509984639016897,2021-02-08 21:41:57.497440,2021-02-08 21:42:08.104545,0 days 00:00:10.607105,0.004467520483483737,7,4,0.982999866688773,16,0.05173003175078224,COMPLETE
1801,1801,,2021-02-08 21:42:08.105763,2021-02-08 21:42:08.759974,0 days 00:00:00.654211,0.0014351814735141942,11,0,0.9657474865368788,18,0.03961009439078788,FAIL
1802,1802,,2021-02-08 21:42:08.760904,2021-02-08 21:42:09.391958,0 days 00:00:00.631054,0.013489207725051359,11,0,0.9665468912866202,12,0.04004205869066525,FAIL
1803,1803,,2021-02-08 21:42:09.393353,2021-02-08 21:42:10.056488,0 days 00:00:00.663135,0.001604449827991648,11,0,0.9795249548615205,18,0.04038001419276936,FAIL
1804,1804,,2021-02-08 21:42:10.057950,2021-02-08 21:42:10.749597,0 days 00:00:00.691647,0.0016301626148610925,11,0,0.9675739758774894,18,0.03866500630611895,FAIL
1805,1805,,2021-02-08 21:42:10.751084,2021-02-08 21:42:11.416065,0 days 00:00:00.664981,0.010640922764698461,11,0,0.9227332460029047,18,0.03576509185843956,FAIL
1806,1806,,2021-02-08 21:42:11.417495,2021-02-08 21:42:12.082809,0 days 00:00:00.665314,0.0014658850531064807,11,0,0.9898875697615611,18,0.03761531099864583,FAIL
1807,1807,,2021-02-08 21:42:12.084213,2021-02-08 21:42:12.890617,0 days 00:00:00.806404,0.0018155462811952588,11,0,0.9799568856152385,12,0.040685852773935445,FAIL
1808,1808,,2021-02-08 21:42:12.891502,2021-02-08 21:42:13.537997,0 days 00:00:00.646495,0.00044647943869891964,11,0,0.9271055075198105,18,0.04185311168662961,FAIL
1809,1809,,2021-02-08 21:42:13.539692,2021-02-08 21:42:14.196168,0 days 00:00:00.656476,0.0016416555945428803,11,0,0.979541088889274,12,0.03949175715422968,FAIL
1810,1810,,2021-02-08 21:42:14.197629,2021-02-08 21:42:14.865384,0 days 00:00:00.667755,0.0002800550590979107,11,0,0.9235022281279128,12,0.040800566232271844,FAIL
1811,1811,,2021-02-08 21:42:14.866845,2021-02-08 21:42:15.538773,0 days 00:00:00.671928,0.0016649942180662573,11,0,0.9899509314726065,18,0.04194237606641189,FAIL
1812,1812,,2021-02-08 21:42:15.540453,2021-02-08 21:42:16.214838,0 days 00:00:00.674385,0.001734075361611888,11,0,0.9804086193670593,18,0.039157519194199464,FAIL
1813,1813,,2021-02-08 21:42:16.215746,2021-02-08 21:42:16.868471,0 days 00:00:00.652725,0.0017820907070829342,11,0,0.9658604898183959,12,0.027996742429878388,FAIL
1814,1814,,2021-02-08 21:42:16.869944,2021-02-08 21:42:17.557440,0 days 00:00:00.687496,0.0004485087539184273,11,0,0.9898185137755546,18,0.037516954891368505,FAIL
1815,1815,,2021-02-08 21:42:17.558951,2021-02-08 21:42:18.375936,0 days 00:00:00.816985,0.001586941839194863,11,0,0.9898167672455366,12,0.038843561694935136,FAIL
1816,1816,,2021-02-08 21:42:18.376854,2021-02-08 21:42:19.032416,0 days 00:00:00.655562,0.000493590247583528,11,0,0.9898275985175898,12,0.03817733709156744,FAIL
1817,1817,,2021-02-08 21:42:19.033273,2021-02-08 21:42:19.688257,0 days 00:00:00.654984,0.011130744398047879,11,0,0.9659260960114591,18,0.02352055241978903,FAIL
1818,1818,,2021-02-08 21:42:19.689712,2021-02-08 21:42:20.376862,0 days 00:00:00.687150,0.00043608289695438985,11,0,0.9655578040844194,12,0.042574300299375235,FAIL
1819,1819,,2021-02-08 21:42:20.377676,2021-02-08 21:42:21.015708,0 days 00:00:00.638032,0.0017233033065706326,11,0,0.9803988651718027,18,0.03958585147732295,FAIL
1820,1820,,2021-02-08 21:42:21.017102,2021-02-08 21:42:21.689484,0 days 00:00:00.672382,0.0015574843320548958,11,0,0.9896047927759377,12,0.039979629546363124,FAIL
1821,1821,,2021-02-08 21:42:21.690336,2021-02-08 21:42:22.347748,0 days 00:00:00.657412,1.0357705004646053e-05,11,0,0.9898386599163705,18,0.0410402683270353,FAIL
1822,1822,,2021-02-08 21:42:22.349171,2021-02-08 21:42:23.001991,0 days 00:00:00.652820,0.0004276839416979662,11,0,0.9896140873491224,12,0.03794610076167039,FAIL
1823,1823,,2021-02-08 21:42:23.003414,2021-02-08 21:42:23.789864,0 days 00:00:00.786450,0.015412367968739352,11,0,0.9893666878143512,12,0.03982807736715182,FAIL
1824,1824,,2021-02-08 21:42:23.791175,2021-02-08 21:42:24.444452,0 days 00:00:00.653277,1.3847250038116806e-05,11,0,0.989667523364412,12,0.037117219056442295,FAIL
1825,1825,,2021-02-08 21:42:24.445931,2021-02-08 21:42:25.139053,0 days 00:00:00.693122,0.0018600416244451887,11,0,0.9798057745376773,18,0.04060240601687153,FAIL
1826,1826,,2021-02-08 21:42:25.139918,2021-02-08 21:42:25.787085,0 days 00:00:00.647167,0.0092959448517929,11,0,0.9250667138216603,18,0.0396700956890853,FAIL
1827,1827,,2021-02-08 21:42:25.788541,2021-02-08 21:42:26.468969,0 days 00:00:00.680428,0.0016259693613258827,11,0,0.9800407971621521,12,0.03621842892036613,FAIL
1828,1828,,2021-02-08 21:42:26.470384,2021-02-08 21:42:27.145659,0 days 00:00:00.675275,0.01358874087625645,11,0,0.9894971520843411,18,0.03970140170172994,FAIL
1829,1829,,2021-02-08 21:42:27.146514,2021-02-08 21:42:27.789609,0 days 00:00:00.643095,0.012786132649086993,11,0,0.9898212002177205,12,0.03739269800018348,FAIL
1830,1830,,2021-02-08 21:42:27.790448,2021-02-08 21:42:28.429896,0 days 00:00:00.639448,0.0123802123906477,11,0,0.9254793747468602,18,0.04061225547625117,FAIL
1831,1831,,2021-02-08 21:42:28.430765,2021-02-08 21:42:29.190815,0 days 00:00:00.760050,0.0016950483109831667,11,0,0.9896565619706661,12,0.04014660103341023,FAIL
1832,1832,,2021-02-08 21:42:29.192305,2021-02-08 21:42:29.867534,0 days 00:00:00.675229,0.013069285258384244,11,0,0.9898369942250332,12,0.03995999893671021,FAIL
1833,1833,,2021-02-08 21:42:29.868455,2021-02-08 21:42:30.511904,0 days 00:00:00.643449,0.0016512248624530013,11,0,0.9655851681161678,18,0.038356952828086696,FAIL
1834,1834,,2021-02-08 21:42:30.513375,2021-02-08 21:42:31.195301,0 days 00:00:00.681926,0.010255252892010342,11,0,0.9221776817520365,18,0.03734674154646868,FAIL
1835,1835,,2021-02-08 21:42:31.196200,2021-02-08 21:42:31.860857,0 days 00:00:00.664657,0.014238973899561162,11,0,0.979985313367421,12,0.03902408852549344,FAIL
1836,1836,,2021-02-08 21:42:31.861707,2021-02-08 21:42:32.531309,0 days 00:00:00.669602,0.0015191857747173557,11,0,0.989486231139126,18,0.037417269309690894,FAIL
1837,1837,,2021-02-08 21:42:32.532170,2021-02-08 21:42:33.171902,0 days 00:00:00.639732,0.0015750993073283682,11,0,0.9657511839936472,12,0.039892464426052654,FAIL
1838,1838,,2021-02-08 21:42:33.173367,2021-02-08 21:42:33.886283,0 days 00:00:00.712916,0.011856184883434387,11,0,0.9892116991346244,12,0.04093358535496244,FAIL
1839,1839,,2021-02-08 21:42:33.887748,2021-02-08 21:42:34.681481,0 days 00:00:00.793733,0.00921472481245863,11,0,0.9262790263324081,12,0.037114055001472065,FAIL
1840,1840,,2021-02-08 21:42:34.682335,2021-02-08 21:42:35.330002,0 days 00:00:00.647667,0.00042542302762620923,11,0,0.9677147867233675,18,0.037463647322519306,FAIL
1841,1841,,2021-02-08 21:42:35.330938,2021-02-08 21:42:35.990518,0 days 00:00:00.659580,0.01510168451540995,11,0,0.979309652543395,12,0.02875416739638156,FAIL
1842,1842,,2021-02-08 21:42:35.991369,2021-02-08 21:42:36.647657,0 days 00:00:00.656288,0.00177492743488292,11,0,0.9249685827616985,18,0.03890973179148606,FAIL
1843,1843,,2021-02-08 21:42:36.648527,2021-02-08 21:42:37.311479,0 days 00:00:00.662952,0.0018665432348487516,5,0,0.9791667967743592,12,0.041425423343812634,FAIL
1844,1844,,2021-02-08 21:42:37.312365,2021-02-08 21:42:37.975097,0 days 00:00:00.662732,0.001743190302461389,11,0,0.9897618605276994,18,0.03860598378388627,FAIL
1845,1845,0.47465437788018433,2021-02-08 21:42:37.975943,2021-02-08 21:42:48.279076,0 days 00:00:10.303133,0.008775686477453679,11,2,0.9799347203442696,18,0.03959297068476035,COMPLETE
1846,1846,,2021-02-08 21:42:48.280311,2021-02-08 21:42:49.083952,0 days 00:00:00.803641,0.0004216810434891045,9,0,0.9654917287081043,16,0.0364046450133096,FAIL
1847,1847,,2021-02-08 21:42:49.084925,2021-02-08 21:42:49.747022,0 days 00:00:00.662097,0.0162767122836247,9,0,0.9652221606764317,12,0.02359660361849055,FAIL
1848,1848,,2021-02-08 21:42:49.748519,2021-02-08 21:42:50.421999,0 days 00:00:00.673480,0.001472654447589882,9,0,0.9241418645569116,12,0.023611941829370407,FAIL
1849,1849,,2021-02-08 21:42:50.422886,2021-02-08 21:42:51.077722,0 days 00:00:00.654836,0.0016384747735987604,9,0,0.9655115298737077,16,0.023443272195791003,FAIL
1850,1850,,2021-02-08 21:42:51.078581,2021-02-08 21:42:51.734996,0 days 00:00:00.656415,0.0007421022293129477,9,0,0.9566755493851796,12,0.023135124811305224,FAIL
1851,1851,,2021-02-08 21:42:51.735848,2021-02-08 21:42:52.390828,0 days 00:00:00.654980,0.001709634761586133,9,0,0.9891585551395371,12,0.03638200355000281,FAIL
1852,1852,,2021-02-08 21:42:52.391687,2021-02-08 21:42:53.044745,0 days 00:00:00.653058,0.01113268164075693,9,0,0.9652952675898183,16,0.023799536114880813,FAIL
1853,1853,,2021-02-08 21:42:53.045594,2021-02-08 21:42:53.700241,0 days 00:00:00.654647,0.001751932792337533,9,0,0.9656948854112595,12,0.028609914694195184,FAIL
1854,1854,,2021-02-08 21:42:53.701679,2021-02-08 21:42:54.525499,0 days 00:00:00.823820,0.0018161841901301239,9,0,0.9324966109241055,16,0.027691224525874407,FAIL
1855,1855,,2021-02-08 21:42:54.526369,2021-02-08 21:42:55.178248,0 days 00:00:00.651879,0.0018455303575055247,9,0,0.923690552981342,12,0.02316309191883901,FAIL
1856,1856,,2021-02-08 21:42:55.179713,2021-02-08 21:42:55.872446,0 days 00:00:00.692733,0.0019341464114105665,9,0,0.9671649098417704,12,0.023443499152263847,FAIL
1857,1857,,2021-02-08 21:42:55.873276,2021-02-08 21:42:56.520953,0 days 00:00:00.647677,0.001465992553225367,9,0,0.9894593055266023,12,0.029134685816847816,FAIL
1858,1858,,2021-02-08 21:42:56.522410,2021-02-08 21:42:57.184811,0 days 00:00:00.662401,0.0016386963825629568,9,0,0.9896611952223063,12,0.028031027610647918,FAIL
1859,1859,,2021-02-08 21:42:57.185655,2021-02-08 21:42:57.831377,0 days 00:00:00.645722,0.001641818392251889,9,0,0.989968712224014,12,0.027927095901677596,FAIL
1860,1860,,2021-02-08 21:42:57.832224,2021-02-08 21:42:58.475838,0 days 00:00:00.643614,0.001461502380496212,9,0,0.9670358672090987,16,0.028729574116322397,FAIL
1861,1861,,2021-02-08 21:42:58.477304,2021-02-08 21:42:59.136343,0 days 00:00:00.659039,0.0015244874812961853,9,0,0.923652013649082,16,0.028114885757449443,FAIL
1862,1862,,2021-02-08 21:42:59.137227,2021-02-08 21:42:59.938118,0 days 00:00:00.800891,0.0016259681627945317,9,0,0.9242537356128113,12,0.023112556806036452,FAIL
1863,1863,,2021-02-08 21:42:59.939605,2021-02-08 21:43:00.580756,0 days 00:00:00.641151,0.0015899113691074764,9,0,0.9664918353754779,12,0.023079025136679088,FAIL
1864,1864,,2021-02-08 21:43:00.582252,2021-02-08 21:43:01.261589,0 days 00:00:00.679337,0.001555069890988081,9,0,0.964999364756252,16,0.036626165516920224,FAIL
1865,1865,,2021-02-08 21:43:01.262477,2021-02-08 21:43:01.912294,0 days 00:00:00.649817,0.012663470612110731,9,0,0.9659398159213533,16,0.0280985596348046,FAIL
1866,1866,,2021-02-08 21:43:01.913146,2021-02-08 21:43:02.570143,0 days 00:00:00.656997,0.015753050814108608,9,0,0.9246873623689418,16,0.02352904758514344,FAIL
1867,1867,,2021-02-08 21:43:02.571186,2021-02-08 21:43:03.226996,0 days 00:00:00.655810,0.0018020712358512868,9,0,0.9233568287943106,16,0.02761898148374299,FAIL
1868,1868,,2021-02-08 21:43:03.228476,2021-02-08 21:43:03.954900,0 days 00:00:00.726424,0.0002588996335067502,9,0,0.9230286426159796,16,0.02803421586874325,FAIL
1869,1869,,2021-02-08 21:43:03.956348,2021-02-08 21:43:04.616846,0 days 00:00:00.660498,0.0016396207978007684,9,0,0.965919716887634,12,0.023646751913692875,FAIL
1870,1870,,2021-02-08 21:43:04.618270,2021-02-08 21:43:05.291880,0 days 00:00:00.673610,0.0015072400806362511,9,0,0.9317041282970016,16,0.023049508385025463,FAIL
1871,1871,,2021-02-08 21:43:05.293353,2021-02-08 21:43:06.106954,0 days 00:00:00.813601,0.01374069151677557,9,0,0.9894556757700459,12,0.023393924243445573,FAIL
1872,1872,,2021-02-08 21:43:06.108451,2021-02-08 21:43:06.784748,0 days 00:00:00.676297,0.0004519230368576535,9,0,0.9657814245351793,16,0.0290433192061753,FAIL
1873,1873,,2021-02-08 21:43:06.786173,2021-02-08 21:43:07.494498,0 days 00:00:00.708325,0.01394400590991692,9,0,0.9654320065319402,16,0.023784245411222836,FAIL
1874,1874,,2021-02-08 21:43:07.495351,2021-02-08 21:43:08.138991,0 days 00:00:00.643640,0.0004429310734000032,9,0,0.9659363305296041,12,0.02711423992239138,FAIL
1875,1875,,2021-02-08 21:43:08.139857,2021-02-08 21:43:08.786149,0 days 00:00:00.646292,0.0017070954301044048,9,0,0.9249090487521769,12,0.023395605133015942,FAIL
1876,1876,,2021-02-08 21:43:08.787011,2021-02-08 21:43:09.429110,0 days 00:00:00.642099,0.0017489005539691868,9,0,0.9661492990072266,16,0.023082601160437026,FAIL
1877,1877,,2021-02-08 21:43:09.430522,2021-02-08 21:43:10.098021,0 days 00:00:00.667499,0.0004521533772806218,9,0,0.9334415095065396,12,0.027394708942907114,FAIL
1878,1878,,2021-02-08 21:43:10.099477,2021-02-08 21:43:10.765773,0 days 00:00:00.666296,0.0016968824863514242,9,0,0.9890765547855608,12,0.027717101699993803,FAIL
1879,1879,,2021-02-08 21:43:10.766679,2021-02-08 21:43:11.561958,0 days 00:00:00.795279,0.0017168796713906364,9,0,0.9242998855128793,12,0.030021120551076932,FAIL
1880,1880,,2021-02-08 21:43:11.563703,2021-02-08 21:43:12.206686,0 days 00:00:00.642983,0.0017016192849998641,9,0,0.9663440494172114,16,0.02706357555160754,FAIL
1881,1881,,2021-02-08 21:43:12.207712,2021-02-08 21:43:12.858956,0 days 00:00:00.651244,0.0017043500406692638,9,0,0.9561185879056939,12,0.023685603473212656,FAIL
1882,1882,,2021-02-08 21:43:12.859788,2021-02-08 21:43:13.505220,0 days 00:00:00.645432,0.001931169700795083,9,0,0.9248394793472283,16,0.023749566617654035,FAIL
1883,1883,,2021-02-08 21:43:13.506713,2021-02-08 21:43:14.187300,0 days 00:00:00.680587,0.00027832213449459245,9,0,0.9671026134555445,16,0.023035559305017952,FAIL
1884,1884,,2021-02-08 21:43:14.188154,2021-02-08 21:43:14.817115,0 days 00:00:00.628961,0.001714567666050773,9,0,0.9241698027314706,12,0.02744396465324064,FAIL
1885,1885,,2021-02-08 21:43:14.818110,2021-02-08 21:43:15.476966,0 days 00:00:00.658856,0.0015810728817632006,9,0,0.9653480247729129,16,0.028727571792811334,FAIL
1886,1886,,2021-02-08 21:43:15.478395,2021-02-08 21:43:16.138790,0 days 00:00:00.660395,0.0019050406910735107,9,0,0.9892096702993527,12,0.028265211419001374,FAIL
