,number,value,datetime_start,datetime_complete,duration,params_lr,params_nl2,params_num_ct,params_scheduler_gamma,params_sigma2,params_weight_decay,state
1481,1481,,2021-02-08 21:37:40.241495,2021-02-08 21:37:40.910290,0 days 00:00:00.668795,0.0014439902383567398,9,0,0.978457645591707,14,0.06655830297923049,FAIL
1482,1482,,2021-02-08 21:37:40.911120,2021-02-08 21:37:41.585951,0 days 00:00:00.674831,0.0016038370900269944,9,0,0.9831211603633686,14,0.02570252235973915,FAIL
1483,1483,,2021-02-08 21:37:41.587247,2021-02-08 21:37:42.273169,0 days 00:00:00.685922,0.001697346926818471,9,0,0.9780684503337366,14,0.025371123994948053,FAIL
1484,1484,,2021-02-08 21:37:42.273901,2021-02-08 21:37:42.907103,0 days 00:00:00.633202,0.0012419792894665484,9,0,0.9787094238939511,14,0.026155108056866657,FAIL
1485,1485,0.5069124423963134,2021-02-08 21:37:42.907866,2021-02-08 21:37:53.748370,0 days 00:00:10.840504,0.002074604317771342,9,2,0.978046113832573,14,0.025731325166068776,COMPLETE
1486,1486,,2021-02-08 21:37:53.749435,2021-02-08 21:37:54.415698,0 days 00:00:00.666263,0.0013498197771976879,7,0,0.9838351775580618,18,0.06637422933818776,FAIL
1487,1487,,2021-02-08 21:37:54.416947,2021-02-08 21:37:55.242848,0 days 00:00:00.825901,0.0011323692066555592,7,0,0.9831984917156047,18,0.01963760285535903,FAIL
1488,1488,,2021-02-08 21:37:55.243614,2021-02-08 21:37:55.891952,0 days 00:00:00.648338,0.0009046840677580778,7,0,0.9832100358410462,18,0.04074764144644739,FAIL
1489,1489,,2021-02-08 21:37:55.893234,2021-02-08 21:37:56.563996,0 days 00:00:00.670762,0.001171949795248528,7,0,0.9834262059455214,18,0.06529807119346974,FAIL
1490,1490,,2021-02-08 21:37:56.564744,2021-02-08 21:37:57.206299,0 days 00:00:00.641555,0.0014328824513337303,7,0,0.9837993908230865,18,0.06678659913014248,FAIL
1491,1491,,2021-02-08 21:37:57.207053,2021-02-08 21:37:57.857375,0 days 00:00:00.650322,0.0009142777870495025,7,0,0.9832042398274297,18,0.03881536540377188,FAIL
1492,1492,,2021-02-08 21:37:57.858135,2021-02-08 21:37:58.499839,0 days 00:00:00.641704,0.0013665606003134963,7,0,0.9835500612643078,18,0.01948801825523251,FAIL
1493,1493,,2021-02-08 21:37:58.500590,2021-02-08 21:37:59.150687,0 days 00:00:00.650097,0.0014928053816175978,7,0,0.9845299068278621,18,0.0192450140226796,FAIL
1494,1494,,2021-02-08 21:37:59.151985,2021-02-08 21:37:59.840498,0 days 00:00:00.688513,0.0011080039944682248,7,0,0.9843143939496438,18,0.01931683933792698,FAIL
1495,1495,,2021-02-08 21:37:59.841302,2021-02-08 21:38:00.629554,0 days 00:00:00.788252,0.0010599919226901222,7,0,0.9836336733086837,18,0.06664254537338414,FAIL
1496,1496,,2021-02-08 21:38:00.630871,2021-02-08 21:38:01.319600,0 days 00:00:00.688729,0.0015483864525306676,7,0,0.9720667530241475,18,0.03847826345929812,FAIL
1497,1497,,2021-02-08 21:38:01.320369,2021-02-08 21:38:01.974954,0 days 00:00:00.654585,0.0013962385160566067,7,0,0.9835712016855264,18,0.05291523227696483,FAIL
1498,1498,,2021-02-08 21:38:01.976240,2021-02-08 21:38:02.691270,0 days 00:00:00.715030,0.0015473929240272283,7,0,0.9838560460617745,18,0.06690433459862877,FAIL
1499,1499,,2021-02-08 21:38:02.692036,2021-02-08 21:38:03.328651,0 days 00:00:00.636615,0.004265270527997393,7,0,0.9841829401849229,18,0.019556616627785368,FAIL
1500,1500,,2021-02-08 21:38:03.329392,2021-02-08 21:38:03.973925,0 days 00:00:00.644533,0.0012962332874702932,7,0,0.9831642490755198,18,0.06658597405366079,FAIL
1501,1501,,2021-02-08 21:38:03.974675,2021-02-08 21:38:04.633483,0 days 00:00:00.658808,0.0009908759409503688,7,0,0.9838521632964177,18,0.019440028225792678,FAIL
1502,1502,,2021-02-08 21:38:04.634794,2021-02-08 21:38:05.277201,0 days 00:00:00.642407,0.004064976389985755,7,0,0.9895713920538751,18,0.06777101093145253,FAIL
1503,1503,,2021-02-08 21:38:05.278056,2021-02-08 21:38:06.061755,0 days 00:00:00.783699,0.0009879651428994335,7,0,0.98177277144587,18,0.05122756342162127,FAIL
1504,1504,,2021-02-08 21:38:06.062520,2021-02-08 21:38:06.710372,0 days 00:00:00.647852,0.0012475574988312708,7,0,0.9833315150623428,18,0.03967165964144593,FAIL
1505,1505,,2021-02-08 21:38:06.711192,2021-02-08 21:38:07.365098,0 days 00:00:00.653906,0.0012510633771536707,7,0,0.9836281116621306,18,0.06682822449463652,FAIL
1506,1506,,2021-02-08 21:38:07.365910,2021-02-08 21:38:08.022295,0 days 00:00:00.656385,0.0009350572864665036,7,0,0.9829094946080026,18,0.053411926044996345,FAIL
1507,1507,,2021-02-08 21:38:08.023078,2021-02-08 21:38:08.678551,0 days 00:00:00.655473,0.0010031626684564752,7,0,0.9828733035324896,18,0.0673315393481259,FAIL
1508,1508,,2021-02-08 21:38:08.679342,2021-02-08 21:38:09.344588,0 days 00:00:00.665246,0.0012146116645563275,7,0,0.9840973856013374,18,0.05265154109095844,FAIL
1509,1509,,2021-02-08 21:38:09.345398,2021-02-08 21:38:10.010747,0 days 00:00:00.665349,0.0008057572473765233,7,0,0.9830416973409792,18,0.05215772860186899,FAIL
1510,1510,,2021-02-08 21:38:10.012046,2021-02-08 21:38:10.694449,0 days 00:00:00.682403,0.0012895558834698348,7,0,0.9847292893075842,18,0.053108120876794805,FAIL
1511,1511,,2021-02-08 21:38:10.695229,2021-02-08 21:38:11.492581,0 days 00:00:00.797352,0.0156475293093546,7,0,0.9840548821891681,18,0.019045050874451793,FAIL
1512,1512,,2021-02-08 21:38:11.493376,2021-02-08 21:38:12.158330,0 days 00:00:00.664954,0.0015172407108418864,7,0,0.9851742551868414,18,0.01939374989095264,FAIL
1513,1513,,2021-02-08 21:38:12.159130,2021-02-08 21:38:12.821321,0 days 00:00:00.662191,0.0013534537391020926,7,0,0.9832682417455716,18,0.06768548366564722,FAIL
1514,1514,,2021-02-08 21:38:12.822094,2021-02-08 21:38:13.488528,0 days 00:00:00.666434,0.0012802619091292701,7,0,0.9837160713663705,18,0.05259947309970601,FAIL
1515,1515,,2021-02-08 21:38:13.489307,2021-02-08 21:38:14.150145,0 days 00:00:00.660838,0.00122612975714078,7,0,0.9856454954098207,18,0.019410940749872273,FAIL
1516,1516,,2021-02-08 21:38:14.151481,2021-02-08 21:38:14.824750,0 days 00:00:00.673269,0.0012173981987235562,7,0,0.9820409487230521,18,0.0195762665020285,FAIL
1517,1517,,2021-02-08 21:38:14.826017,2021-02-08 21:38:15.477785,0 days 00:00:00.651768,0.0013024819302541195,7,0,0.9838430006272402,18,0.0391548638963767,FAIL
1518,1518,,2021-02-08 21:38:15.479192,2021-02-08 21:38:16.156518,0 days 00:00:00.677326,0.013071619078710886,7,0,0.9827995621954704,18,0.064697539446264,FAIL
1519,1519,,2021-02-08 21:38:16.157275,2021-02-08 21:38:16.928605,0 days 00:00:00.771330,0.0016294147341755928,7,0,0.9822757157773339,18,0.06901931246284276,FAIL
1520,1520,,2021-02-08 21:38:16.929857,2021-02-08 21:38:17.577071,0 days 00:00:00.647214,0.0012308511275688895,7,0,0.9832436333057462,18,0.019393669010526613,FAIL
1521,1521,,2021-02-08 21:38:17.578316,2021-02-08 21:38:18.229259,0 days 00:00:00.650943,0.0012992889576964935,7,0,0.9715165191168437,18,0.04192206859395237,FAIL
1522,1522,,2021-02-08 21:38:18.230021,2021-02-08 21:38:18.875892,0 days 00:00:00.645871,0.0008870892333416703,7,0,0.9843373507758476,18,0.019269806937814087,FAIL
1523,1523,,2021-02-08 21:38:18.876655,2021-02-08 21:38:19.511437,0 days 00:00:00.634782,0.0013135271541002,7,0,0.9864570633592469,18,0.01919544808127042,FAIL
1524,1524,,2021-02-08 21:38:19.512187,2021-02-08 21:38:20.178527,0 days 00:00:00.666340,0.0013542564774828164,7,0,0.9827458998947469,18,0.03899743555151137,FAIL
1525,1525,,2021-02-08 21:38:20.179300,2021-02-08 21:38:20.814922,0 days 00:00:00.635622,0.001531544596173524,7,0,0.9818833720553467,18,0.06853652414070502,FAIL
1526,1526,,2021-02-08 21:38:20.815710,2021-02-08 21:38:21.454442,0 days 00:00:00.638732,0.0012579808355893966,7,0,0.9834940960096565,18,0.05232846896404898,FAIL
1527,1527,0.5422427035330261,2021-02-08 21:38:21.455833,2021-02-08 21:38:32.510379,0 days 00:00:11.054546,0.0011829997196951395,7,4,0.9720380777221542,18,0.019491292597474726,COMPLETE
1528,1528,,2021-02-08 21:38:32.511476,2021-02-08 21:38:33.171479,0 days 00:00:00.660003,0.001729780452001075,9,0,0.9841252178353561,18,0.07003161177006385,FAIL
1529,1529,,2021-02-08 21:38:33.172319,2021-02-08 21:38:33.823742,0 days 00:00:00.651423,0.0009921105551755655,9,0,0.9837274849451929,18,0.050454059571259424,FAIL
1530,1530,,2021-02-08 21:38:33.824602,2021-02-08 21:38:34.469777,0 days 00:00:00.645175,0.0043464335299622705,9,0,0.984078550537758,18,0.0519277808552134,FAIL
1531,1531,,2021-02-08 21:38:34.471102,2021-02-08 21:38:35.146979,0 days 00:00:00.675877,0.001533530473360943,9,0,0.9833494229147585,18,0.04088334646340318,FAIL
1532,1532,,2021-02-08 21:38:35.147732,2021-02-08 21:38:35.801187,0 days 00:00:00.653455,0.010224194041969732,9,0,0.9812259242087641,18,0.039646500175712,FAIL
1533,1533,,2021-02-08 21:38:35.801956,2021-02-08 21:38:36.431901,0 days 00:00:00.629945,0.014793120965239326,9,0,0.9821361423794014,18,0.06528247931023573,FAIL
1534,1534,,2021-02-08 21:38:36.432655,2021-02-08 21:38:37.207520,0 days 00:00:00.774865,0.004959057553488723,9,0,0.9814004232188375,18,0.05316757395914782,FAIL
1535,1535,,2021-02-08 21:38:37.208293,2021-02-08 21:38:37.855300,0 days 00:00:00.647007,0.0040818296531201816,9,0,0.9835236113760369,18,0.066561630227921,FAIL
1536,1536,,2021-02-08 21:38:37.856608,2021-02-08 21:38:38.509137,0 days 00:00:00.652529,0.0017766736858149034,9,0,0.9828524672658696,18,0.06621671457843825,FAIL
1537,1537,,2021-02-08 21:38:38.509894,2021-02-08 21:38:39.158461,0 days 00:00:00.648567,0.009897559361540879,9,0,0.983887731969277,18,0.05227984887888172,FAIL
1538,1538,,2021-02-08 21:38:39.159773,2021-02-08 21:38:39.828176,0 days 00:00:00.668403,0.0016752725477449137,9,0,0.9847294156846963,18,0.0648631840922615,FAIL
1539,1539,,2021-02-08 21:38:39.828982,2021-02-08 21:38:40.487512,0 days 00:00:00.658530,0.012896594972754954,9,0,0.9829501788571399,18,0.06831806401885482,FAIL
1540,1540,,2021-02-08 21:38:40.488295,2021-02-08 21:38:41.141510,0 days 00:00:00.653215,0.001513460770316078,9,0,0.9839037463858278,18,0.05066243407341217,FAIL
1541,1541,,2021-02-08 21:38:41.142806,2021-02-08 21:38:41.800448,0 days 00:00:00.657642,0.0015887653268116817,9,0,0.9835164433655975,18,0.053740925700707334,FAIL
1542,1542,,2021-02-08 21:38:41.801238,2021-02-08 21:38:42.571316,0 days 00:00:00.770078,0.00428675770339828,9,0,0.9847539363852712,18,0.06793877397930335,FAIL
1543,1543,,2021-02-08 21:38:42.572596,2021-02-08 21:38:43.230555,0 days 00:00:00.657959,0.0010468832127612832,9,0,0.983461446122446,18,0.06667652230715664,FAIL
1544,1544,,2021-02-08 21:38:43.231336,2021-02-08 21:38:43.897044,0 days 00:00:00.665708,0.010227401583491459,9,0,0.9845833288105814,18,0.06932082418040739,FAIL
1545,1545,,2021-02-08 21:38:43.897807,2021-02-08 21:38:44.547934,0 days 00:00:00.650127,0.0014989402850172388,9,0,0.9846567535161495,18,0.06628272738388749,FAIL
1546,1546,,2021-02-08 21:38:44.549261,2021-02-08 21:38:45.210444,0 days 00:00:00.661183,0.0015822303614382392,9,0,0.9843692956987623,18,0.0519689360588764,FAIL
1547,1547,,2021-02-08 21:38:45.211236,2021-02-08 21:38:45.851089,0 days 00:00:00.639853,0.011172335159872804,9,0,0.9847520049455097,18,0.06640935099880982,FAIL
1548,1548,,2021-02-08 21:38:45.852392,2021-02-08 21:38:46.532907,0 days 00:00:00.680515,0.001728534825625212,9,0,0.982817386859735,18,0.06809033262281161,FAIL
1549,1549,,2021-02-08 21:38:46.533772,2021-02-08 21:38:47.182029,0 days 00:00:00.648257,0.000447842437210086,9,0,0.9828797913738265,18,0.06566137596881201,FAIL
1550,1550,,2021-02-08 21:38:47.182918,2021-02-08 21:38:47.959548,0 days 00:00:00.776630,0.001565540401142804,9,0,0.983060072299823,18,0.0658112401171515,FAIL
1551,1551,,2021-02-08 21:38:47.960432,2021-02-08 21:38:48.617963,0 days 00:00:00.657531,0.0015491521569157357,9,0,0.9840139427076263,18,0.0662211018803951,FAIL
1552,1552,,2021-02-08 21:38:48.618843,2021-02-08 21:38:49.275747,0 days 00:00:00.656904,0.01614176236179354,9,0,0.9839335401042588,18,0.03987623260432619,FAIL
1553,1553,,2021-02-08 21:38:49.276531,2021-02-08 21:38:49.916840,0 days 00:00:00.640309,0.0016267974939437992,9,0,0.9819111970697867,18,0.06867488711166296,FAIL
1554,1554,,2021-02-08 21:38:49.918181,2021-02-08 21:38:50.582500,0 days 00:00:00.664319,0.0015360666859361562,9,0,0.9836856460769089,18,0.0527228066396681,FAIL
1555,1555,,2021-02-08 21:38:50.583277,2021-02-08 21:38:51.242699,0 days 00:00:00.659422,0.004233910380593513,9,0,0.9839361435867751,18,0.0693645466969402,FAIL
1556,1556,,2021-02-08 21:38:51.243490,2021-02-08 21:38:51.874075,0 days 00:00:00.630585,0.0045914553954989725,9,0,0.9834112420579179,18,0.05266580413289945,FAIL
1557,1557,,2021-02-08 21:38:51.875398,2021-02-08 21:38:52.541735,0 days 00:00:00.666337,0.012290285264491123,9,0,0.9845708409843059,18,0.04039636996722751,FAIL
1558,1558,,2021-02-08 21:38:52.543038,2021-02-08 21:38:53.315354,0 days 00:00:00.772316,0.0004749861882112859,9,0,0.9831644054515534,18,0.05217272687384571,FAIL
1559,1559,,2021-02-08 21:38:53.316695,2021-02-08 21:38:53.994858,0 days 00:00:00.678163,0.0009714413197008854,9,0,0.9831707356803734,18,0.0645926822898133,FAIL
1560,1560,,2021-02-08 21:38:53.995631,2021-02-08 21:38:54.632899,0 days 00:00:00.637268,0.010823098006681927,9,0,0.9830438207052853,18,0.06887146373404462,FAIL
1561,1561,,2021-02-08 21:38:54.634182,2021-02-08 21:38:55.305973,0 days 00:00:00.671791,0.005118994908765745,9,0,0.9827272168197955,18,0.03762523175861227,FAIL
1562,1562,,2021-02-08 21:38:55.307251,2021-02-08 21:38:55.960772,0 days 00:00:00.653521,0.0014095088146454588,9,0,0.9843271312695023,18,0.03756926604713678,FAIL
1563,1563,,2021-02-08 21:38:55.961566,2021-02-08 21:38:56.611412,0 days 00:00:00.649846,0.0015728129096356925,9,0,0.9839364483833978,18,0.06685075076412891,FAIL
1564,1564,,2021-02-08 21:38:56.612167,2021-02-08 21:38:57.268354,0 days 00:00:00.656187,0.014545815491740955,9,0,0.9827240099244846,18,0.041293374174790065,FAIL
1565,1565,,2021-02-08 21:38:57.269687,2021-02-08 21:38:57.938745,0 days 00:00:00.669058,0.00156461457308044,9,0,0.9825789928144051,18,0.06962809874451734,FAIL
1566,1566,,2021-02-08 21:38:57.940062,2021-02-08 21:38:58.785512,0 days 00:00:00.845450,0.001001474543961588,9,0,0.9840707347887783,18,0.051275007042500466,FAIL
1567,1567,,2021-02-08 21:38:58.786859,2021-02-08 21:38:59.461140,0 days 00:00:00.674281,0.0009591420451669768,9,0,0.9839979669056585,18,0.052973009003906404,FAIL
1568,1568,,2021-02-08 21:38:59.462472,2021-02-08 21:39:00.117287,0 days 00:00:00.654815,0.011129607410418678,9,0,0.9841207362627027,18,0.05318041919456113,FAIL
1569,1569,,2021-02-08 21:39:00.118613,2021-02-08 21:39:00.792146,0 days 00:00:00.673533,0.017284116863738437,9,0,0.9824720169975921,18,0.053162209692889324,FAIL
1570,1570,,2021-02-08 21:39:00.792950,2021-02-08 21:39:01.444365,0 days 00:00:00.651415,0.0016414989027481509,9,0,0.9843733314128191,18,0.07017152254985536,FAIL
1571,1571,,2021-02-08 21:39:01.445697,2021-02-08 21:39:02.126059,0 days 00:00:00.680362,0.0017198491856803175,9,0,0.9834191160400612,18,0.0517071993412746,FAIL
1572,1572,,2021-02-08 21:39:02.127395,2021-02-08 21:39:02.844935,0 days 00:00:00.717540,0.0016010434633625884,9,0,0.9838315431758016,18,0.06776156085967273,FAIL
1573,1573,,2021-02-08 21:39:02.846263,2021-02-08 21:39:03.514026,0 days 00:00:00.667763,0.0016816733063320034,9,0,0.9846969067386735,18,0.051886225123583964,FAIL
1574,1574,,2021-02-08 21:39:03.515353,2021-02-08 21:39:04.309477,0 days 00:00:00.794124,0.0015802885191070557,9,0,0.9832078667833191,18,0.0688253256458602,FAIL
1575,1575,,2021-02-08 21:39:04.310848,2021-02-08 21:39:04.983689,0 days 00:00:00.672841,0.003938151622827249,9,0,0.9828222341318361,18,0.052765683197794705,FAIL
1576,1576,,2021-02-08 21:39:04.984478,2021-02-08 21:39:05.627913,0 days 00:00:00.643435,0.0016934240706293836,9,0,0.9836843358831543,18,0.05322125700129619,FAIL
1577,1577,,2021-02-08 21:39:05.628678,2021-02-08 21:39:06.265366,0 days 00:00:00.636688,0.001711471089666453,9,0,0.9823035812107391,18,0.05447531660942879,FAIL
1578,1578,,2021-02-08 21:39:06.266135,2021-02-08 21:39:06.898809,0 days 00:00:00.632674,0.005049232995953975,9,0,0.9816030630022154,18,0.0544078894080133,FAIL
1579,1579,,2021-02-08 21:39:06.899586,2021-02-08 21:39:07.546764,0 days 00:00:00.647178,0.0016199772331434044,9,0,0.9831466687210505,18,0.06487960611797877,FAIL
1580,1580,,2021-02-08 21:39:07.548058,2021-02-08 21:39:08.220284,0 days 00:00:00.672226,0.00564897833912405,9,0,0.9825459521404329,18,0.05214346096093389,FAIL
1581,1581,,2021-02-08 21:39:08.221032,2021-02-08 21:39:08.869105,0 days 00:00:00.648073,0.01165873554070274,9,0,0.9846425320551899,18,0.06680530946090467,FAIL
1582,1582,,2021-02-08 21:39:08.869876,2021-02-08 21:39:09.503436,0 days 00:00:00.633560,0.012396275181453937,9,0,0.989910643933527,18,0.03859814808605239,FAIL
1583,1583,,2021-02-08 21:39:09.504782,2021-02-08 21:39:10.312915,0 days 00:00:00.808133,0.011687539584739054,9,0,0.9840974302767926,18,0.06517231338177082,FAIL
1584,1584,,2021-02-08 21:39:10.314252,2021-02-08 21:39:10.991504,0 days 00:00:00.677252,0.001428893647079262,9,0,0.9823461930023031,18,0.06688437610374467,FAIL
1585,1585,,2021-02-08 21:39:10.992858,2021-02-08 21:39:11.678970,0 days 00:00:00.686112,0.0016588477574104696,9,0,0.9898393274729784,18,0.06635272913814007,FAIL
1586,1586,,2021-02-08 21:39:11.679828,2021-02-08 21:39:12.333678,0 days 00:00:00.653850,0.0043297975543050505,9,0,0.9833811494770642,18,0.06512979531912631,FAIL
1587,1587,,2021-02-08 21:39:12.335030,2021-02-08 21:39:13.048491,0 days 00:00:00.713461,0.00431547165429047,9,0,0.9828561554521141,18,0.039287581513034374,FAIL
1588,1588,,2021-02-08 21:39:13.049266,2021-02-08 21:39:13.705982,0 days 00:00:00.656716,0.0016548847883242894,9,0,0.9835124368420132,18,0.06899210644765667,FAIL
1589,1589,,2021-02-08 21:39:13.707338,2021-02-08 21:39:14.384953,0 days 00:00:00.677615,0.0017806514595697454,9,0,0.9831604197367726,18,0.05220751399417983,FAIL
1590,1590,,2021-02-08 21:39:14.386314,2021-02-08 21:39:15.024059,0 days 00:00:00.637745,0.013301850709854141,9,0,0.981764491031232,18,0.052455909400647045,FAIL
1591,1591,,2021-02-08 21:39:15.024851,2021-02-08 21:39:15.803597,0 days 00:00:00.778746,0.0015011272611408907,9,0,0.9801853387656989,18,0.06976534027137211,FAIL
1592,1592,,2021-02-08 21:39:15.804427,2021-02-08 21:39:16.466826,0 days 00:00:00.662399,0.011112408816972256,9,0,0.9813365223039752,18,0.0671608642927033,FAIL
1593,1593,,2021-02-08 21:39:16.467618,2021-02-08 21:39:17.116789,0 days 00:00:00.649171,0.0016783322547555834,9,0,0.9842857025638637,18,0.06847269047012272,FAIL
1594,1594,,2021-02-08 21:39:17.118047,2021-02-08 21:39:17.793978,0 days 00:00:00.675931,0.012895087699455163,9,0,0.9847186240265606,18,0.06586752915882504,FAIL
1595,1595,,2021-02-08 21:39:17.794814,2021-02-08 21:39:18.459626,0 days 00:00:00.664812,0.0015928017882297218,9,0,0.9832291837695443,18,0.05281415834883314,FAIL
1596,1596,,2021-02-08 21:39:18.460416,2021-02-08 21:39:19.116894,0 days 00:00:00.656478,0.0016839338140854452,9,0,0.9850519556475292,18,0.0662857612117826,FAIL
1597,1597,,2021-02-08 21:39:19.117657,2021-02-08 21:39:19.780543,0 days 00:00:00.662886,0.012764168115351377,9,0,0.9829511688046729,18,0.052151130493198986,FAIL
1598,1598,,2021-02-08 21:39:19.781886,2021-02-08 21:39:20.478918,0 days 00:00:00.697032,0.011653205616742398,9,0,0.9835559816523638,18,0.03947265383696805,FAIL
1599,1599,,2021-02-08 21:39:20.479710,2021-02-08 21:39:21.235618,0 days 00:00:00.755908,0.001553135926092525,9,0,0.9832838382482927,18,0.04115537156831997,FAIL
1600,1600,,2021-02-08 21:39:21.236401,2021-02-08 21:39:21.886832,0 days 00:00:00.650431,0.0016108353124720746,9,0,0.9831724571734063,18,0.06611538612880648,FAIL
1601,1601,,2021-02-08 21:39:21.887628,2021-02-08 21:39:22.526583,0 days 00:00:00.638955,0.012895731874570876,9,0,0.9894521803808521,18,0.0666617314756902,FAIL
1602,1602,,2021-02-08 21:39:22.527950,2021-02-08 21:39:23.175238,0 days 00:00:00.647288,0.0004544220709073886,9,0,0.9842050377073472,18,0.06620843011063236,FAIL
1603,1603,,2021-02-08 21:39:23.176550,2021-02-08 21:39:23.908290,0 days 00:00:00.731740,0.011591420134263385,9,0,0.9830818123158617,18,0.06557800261692916,FAIL
1604,1604,,2021-02-08 21:39:23.909127,2021-02-08 21:39:24.555068,0 days 00:00:00.645941,0.0017104314139197723,9,0,0.9830742481107497,18,0.06538820271251716,FAIL
1605,1605,,2021-02-08 21:39:24.556409,2021-02-08 21:39:25.217966,0 days 00:00:00.661557,0.0015606269786500174,9,0,0.9837635653110965,18,0.03838262208686473,FAIL
1606,1606,,2021-02-08 21:39:25.218794,2021-02-08 21:39:25.867254,0 days 00:00:00.648460,0.00418251233459605,9,0,0.9844689920721655,18,0.06695804352452212,FAIL
1607,1607,,2021-02-08 21:39:25.868600,2021-02-08 21:39:26.697540,0 days 00:00:00.828940,0.001659022300103157,9,0,0.983672608057812,18,0.06752008387817765,FAIL
1608,1608,,2021-02-08 21:39:26.698365,2021-02-08 21:39:27.348570,0 days 00:00:00.650205,0.0009227279841755797,9,0,0.9899152115317651,18,0.0689043987190311,FAIL
1609,1609,,2021-02-08 21:39:27.349354,2021-02-08 21:39:28.008583,0 days 00:00:00.659229,0.012048272038035948,9,0,0.9830287961755743,18,0.052943444035587595,FAIL
1610,1610,,2021-02-08 21:39:28.009355,2021-02-08 21:39:28.651483,0 days 00:00:00.642128,0.012828031384636824,9,0,0.9848204136350487,18,0.05295250207830979,FAIL
1611,1611,,2021-02-08 21:39:28.652778,2021-02-08 21:39:29.329281,0 days 00:00:00.676503,0.011721063244446755,9,0,0.9834421864338274,18,0.03947972208107451,FAIL
1612,1612,,2021-02-08 21:39:29.330168,2021-02-08 21:39:29.999338,0 days 00:00:00.669170,0.013221446239174945,9,0,0.9831208485372795,18,0.052765234447190314,FAIL
1613,1613,,2021-02-08 21:39:30.000113,2021-02-08 21:39:30.643042,0 days 00:00:00.642929,0.0015191143691571873,9,0,0.9823482988814916,18,0.06874260661437227,FAIL
1614,1614,,2021-02-08 21:39:30.643810,2021-02-08 21:39:31.296216,0 days 00:00:00.652406,0.011924641150373703,9,0,0.9823688960927546,18,0.05257809091196228,FAIL
1615,1615,,2021-02-08 21:39:31.296984,2021-02-08 21:39:32.076765,0 days 00:00:00.779781,0.0015704676710899099,9,0,0.9823089933657777,18,0.05224307894189267,FAIL
