,number,value,datetime_start,datetime_complete,duration,params_lr,params_scheduler_gamma,params_weight_decay,state
508,508,0.6006144393241167,2021-02-06 23:50:32.240768,2021-02-06 23:50:43.187097,0 days 00:00:10.946329,0.046176356108546084,0.9565066721695584,0.3935351461951548,COMPLETE
509,509,0.6015360983102919,2021-02-06 23:50:43.187670,2021-02-06 23:50:53.899546,0 days 00:00:10.711876,0.03207327742380567,0.939674390773454,0.032986361281481094,COMPLETE
510,510,0.4989247311827957,2021-02-06 23:50:53.900116,2021-02-06 23:51:05.044517,0 days 00:00:11.144401,0.018146164062059475,0.9414209487705536,0.1593628498517037,COMPLETE
511,511,0.571121351766513,2021-02-06 23:51:05.045103,2021-02-06 23:51:15.849716,0 days 00:00:10.804613,0.026126845387765007,0.9386502843626027,0.2780407686690766,COMPLETE
512,512,0.5029185867895545,2021-02-06 23:51:15.850292,2021-02-06 23:51:31.320855,0 days 00:00:15.470563,0.05829084539605802,0.9412762610680853,0.021657722573728527,COMPLETE
513,513,0.5201228878648233,2021-02-06 23:51:31.321424,2021-02-06 23:51:47.335903,0 days 00:00:16.014479,0.03925650380829004,0.9378127718927921,0.25171482914878424,COMPLETE
514,514,0.5898617511520737,2021-02-06 23:51:47.336473,2021-02-06 23:52:03.011160,0 days 00:00:15.674687,0.029795189586526938,0.9427573688647706,0.13302525911383217,COMPLETE
515,515,0.5078341013824885,2021-02-06 23:52:03.011751,2021-02-06 23:52:13.834011,0 days 00:00:10.822260,0.04445500349324527,0.9446582740748453,0.21399043481155983,COMPLETE
516,516,0.5861751152073733,2021-02-06 23:52:13.834584,2021-02-06 23:52:24.608908,0 days 00:00:10.774324,0.02171084053780406,0.9363360879726119,0.1199907858059342,COMPLETE
517,517,0.6027649769585254,2021-02-06 23:52:24.609477,2021-02-06 23:52:40.692468,0 days 00:00:16.082991,0.016732154109897042,0.9472229180248836,0.15054339150277887,COMPLETE
518,518,0.49216589861751153,2021-02-06 23:52:40.693059,2021-02-06 23:52:51.401818,0 days 00:00:10.708759,0.03427174408241404,0.9586775993363063,0.1870675653516513,COMPLETE
519,519,0.584331797235023,2021-02-06 23:52:51.402396,2021-02-06 23:53:02.214466,0 days 00:00:10.812070,0.058051950202457785,0.9395615676617328,0.1666671379621002,COMPLETE
520,520,0.5615975422427035,2021-02-06 23:53:02.215059,2021-02-06 23:53:13.277465,0 days 00:00:11.062406,0.025858888636845052,0.9516416853057464,0.31625037006697715,COMPLETE
521,521,0.45499231950844854,2021-02-06 23:53:13.278037,2021-02-06 23:53:29.144333,0 days 00:00:15.866296,0.04640480054348086,0.9334657235871413,0.29208765522745783,COMPLETE
522,522,0.48294930875576036,2021-02-06 23:53:29.144916,2021-02-06 23:53:45.177057,0 days 00:00:16.032141,0.07218408091676576,0.941135852610752,0.2414710824934391,COMPLETE
523,523,0.6178187403993856,2021-02-06 23:53:45.177631,2021-02-06 23:53:55.832710,0 days 00:00:10.655079,0.03670345399825866,0.9311365737835936,0.1986066268271956,COMPLETE
524,524,0.5831029185867895,2021-02-06 23:53:55.833286,2021-02-06 23:54:11.438900,0 days 00:00:15.605614,0.02960449919088612,0.9291220028710007,0.17419075241015056,COMPLETE
525,525,0.6039938556067588,2021-02-06 23:54:11.439484,2021-02-06 23:54:27.036830,0 days 00:00:15.597346,0.020366457062925437,0.9308421819950546,0.20762504414224237,COMPLETE
526,526,0.6039938556067588,2021-02-06 23:54:27.037414,2021-02-06 23:54:42.493994,0 days 00:00:15.456580,0.034138900976258706,0.9303968300732695,0.15121163730370524,COMPLETE
527,527,0.5192012288786483,2021-02-06 23:54:42.494568,2021-02-06 23:54:53.689269,0 days 00:00:11.194701,0.02577941759329069,0.9329895228856138,0.18738442461606689,COMPLETE
528,528,0.5394777265745008,2021-02-06 23:54:53.689853,2021-02-06 23:55:04.401428,0 days 00:00:10.711575,0.038734675216505116,0.9331392268739926,0.2556436256390734,COMPLETE
529,529,0.6159754224270353,2021-02-06 23:55:04.402013,2021-02-06 23:55:15.473891,0 days 00:00:11.071878,0.02163577813521538,0.9278467166527938,0.22900866477209927,COMPLETE
530,530,0.5969278033794163,2021-02-06 23:55:15.474474,2021-02-06 23:55:36.295732,0 days 00:00:20.821258,0.021862733571798576,0.9259290633973312,0.22406177201319338,COMPLETE
531,531,0.4930875576036866,2021-02-06 23:55:36.296303,2021-02-06 23:55:47.343780,0 days 00:00:11.047477,0.025178321571064977,0.926943233760602,0.239225103101067,COMPLETE
532,532,0.5606758832565284,2021-02-06 23:55:47.344365,2021-02-06 23:56:03.007787,0 days 00:00:15.663422,0.020228067387725007,0.9207371173832752,0.20802410564079218,COMPLETE
533,533,0.6018433179723502,2021-02-06 23:56:03.008367,2021-02-06 23:56:14.103275,0 days 00:00:11.094908,0.029010572413578017,0.9431436241582317,0.2221336863463246,COMPLETE
534,534,0.578494623655914,2021-02-06 23:56:14.103856,2021-02-06 23:56:25.166405,0 days 00:00:11.062549,0.03273718376285417,0.9296438382208345,0.2554527634608074,COMPLETE
535,535,0.562826420890937,2021-02-06 23:56:25.167009,2021-02-06 23:56:35.883988,0 days 00:00:10.716979,0.023975230361990982,0.9258789468514709,0.18528891430118663,COMPLETE
536,536,0.6049155145929339,2021-02-06 23:56:35.884574,2021-02-06 23:56:51.633018,0 days 00:00:15.748444,0.018172846264707214,0.9242356300830625,0.23289443901811346,COMPLETE
537,537,0.5723502304147465,2021-02-06 23:56:51.633598,2021-02-06 23:57:02.722334,0 days 00:00:11.088736,0.037796854509879046,0.9276524702810492,0.025522376245607714,COMPLETE
538,538,0.5714285714285714,2021-02-06 23:57:02.722925,2021-02-06 23:57:18.658235,0 days 00:00:15.935310,0.049589744338267024,0.9277099904119351,0.16342205334488347,COMPLETE
539,539,0.5907834101382489,2021-02-06 23:57:18.658837,2021-02-06 23:57:34.703431,0 days 00:00:16.044594,0.028076248586517624,0.9401834875053195,0.19676600615248885,COMPLETE
540,540,0.5655913978494623,2021-02-06 23:57:34.704013,2021-02-06 23:57:45.429804,0 days 00:00:10.725791,0.022179621336666188,0.9455725253454066,0.030079894756356234,COMPLETE
541,541,0.5662058371735791,2021-02-06 23:57:45.430384,2021-02-06 23:57:56.410335,0 days 00:00:10.979951,0.016706147763377838,0.9422034287268256,0.20535440875204417,COMPLETE
542,542,0.5554531490015361,2021-02-06 23:57:56.410938,2021-02-06 23:58:07.443087,0 days 00:00:11.032149,0.03380464950944252,0.9443776036920324,0.26919836360243377,COMPLETE
543,543,0.5831029185867895,2021-02-06 23:58:07.443683,2021-02-06 23:58:18.287024,0 days 00:00:10.843341,0.09825269162325395,0.9478572254504283,0.14112285391235277,COMPLETE
544,544,0.5425499231950844,2021-02-06 23:58:18.287604,2021-02-06 23:58:34.152642,0 days 00:00:15.865038,0.03883754384525669,0.9376007420346659,0.22726281662123435,COMPLETE
545,545,0.6095238095238096,2021-02-06 23:58:34.153232,2021-02-06 23:58:55.332224,0 days 00:00:21.178992,0.02841033464639266,0.9285296323252082,0.1731161015410916,COMPLETE
546,546,0.533026113671275,2021-02-06 23:58:55.332820,2021-02-06 23:59:06.067844,0 days 00:00:10.735024,0.05516512776480379,0.9399773333018915,0.24863480231531157,COMPLETE
547,547,0.5695852534562212,2021-02-06 23:59:06.068430,2021-02-06 23:59:16.579208,0 days 00:00:10.510778,0.04474936429725933,0.9421750783083747,0.28149600415910475,COMPLETE
548,548,0.570199692780338,2021-02-06 23:59:16.579805,2021-02-06 23:59:27.494601,0 days 00:00:10.914796,0.024384330988385182,0.9446208720472407,0.12964253827127178,COMPLETE
549,549,0.4946236559139785,2021-02-06 23:59:27.495211,2021-02-06 23:59:38.611468,0 days 00:00:11.116257,0.03309050030673186,0.9390251774243086,0.163073405345457,COMPLETE
550,550,0.49953917050691243,2021-02-06 23:59:38.612060,2021-02-06 23:59:54.640789,0 days 00:00:16.028729,0.016734122651001968,0.9464740175218683,0.2152103570373458,COMPLETE
551,551,0.5831029185867895,2021-02-06 23:59:54.641371,2021-02-07 00:00:05.481907,0 days 00:00:10.840536,0.06776863900362066,0.9414205263805944,0.04497601633390287,COMPLETE
552,552,0.5311827956989247,2021-02-07 00:00:05.482491,2021-02-07 00:00:21.393292,0 days 00:00:15.910801,0.020754188386174436,0.9367356459787262,0.19514543436367615,COMPLETE
553,553,0.5766513056835637,2021-02-07 00:00:21.393906,2021-02-07 00:00:32.529481,0 days 00:00:11.135575,0.04012098506239497,0.9854530619588011,0.15625483244611524,COMPLETE
554,554,0.5800307219662059,2021-02-07 00:00:32.530081,2021-02-07 00:00:43.502033,0 days 00:00:10.971952,0.027012512764506256,0.942511151450123,0.23736084335694765,COMPLETE
555,555,0.6061443932411674,2021-02-07 00:00:43.502636,2021-02-07 00:00:54.387693,0 days 00:00:10.885057,0.050192718818224236,0.9444833558864878,0.18151457917415034,COMPLETE
556,556,0.5978494623655914,2021-02-07 00:00:54.388291,2021-02-07 00:01:10.314629,0 days 00:00:15.926338,0.030775093326986188,0.9353668595660454,0.26060340703152174,COMPLETE
557,557,0.6015360983102919,2021-02-07 00:01:10.315224,2021-02-07 00:01:21.183195,0 days 00:00:10.867971,0.0603885142906502,0.9482919301686886,0.17186428889380828,COMPLETE
558,558,0.5741935483870968,2021-02-07 00:01:21.183787,2021-02-07 00:01:41.694999,0 days 00:00:20.511212,0.03464787782987616,0.9400656525389244,0.1437825063159539,COMPLETE
559,559,0.5419354838709678,2021-02-07 00:01:41.695594,2021-02-07 00:01:52.598508,0 days 00:00:10.902914,0.019997385931547505,0.9310067468501764,0.21373814957976195,COMPLETE
560,560,0.6033794162826421,2021-02-07 00:01:52.599111,2021-02-07 00:02:03.026165,0 days 00:00:10.427054,0.043861104234704525,0.9431545371505424,0.18334224598801183,COMPLETE
561,561,0.4697388632872504,2021-02-07 00:02:03.026768,2021-02-07 00:02:13.741396,0 days 00:00:10.714628,0.07913851201748354,0.938228375812069,0.24037878361886786,COMPLETE
562,562,0.5649769585253456,2021-02-07 00:02:13.741985,2021-02-07 00:02:24.562160,0 days 00:00:10.820175,0.024662235128951892,0.9407501682900924,0.2025086633158956,COMPLETE
563,563,0.6178187403993856,2021-02-07 00:02:24.562765,2021-02-07 00:02:40.557268,0 days 00:00:15.994503,0.029478682569122016,0.9455201002101211,0.2793302311188126,COMPLETE
564,564,0.5996927803379416,2021-02-07 00:02:40.557868,2021-02-07 00:02:51.571508,0 days 00:00:11.013640,0.016153539632482727,0.9465421213494354,0.2805932913718652,COMPLETE
565,565,0.5867895545314901,2021-02-07 00:02:51.572100,2021-02-07 00:03:12.582036,0 days 00:00:21.009936,0.022435179836958603,0.9483881751087498,0.29287855493245424,COMPLETE
566,566,0.5870967741935483,2021-02-07 00:03:12.582643,2021-02-07 00:03:23.332996,0 days 00:00:10.750353,0.03761993897164152,0.9460272083875355,0.27261708469367335,COMPLETE
567,567,0.5698924731182796,2021-02-07 00:03:23.333592,2021-02-07 00:03:39.002898,0 days 00:00:15.669306,0.028249858304455745,0.9498649351058525,0.2700765873649653,COMPLETE
568,568,0.4574500768049155,2021-02-07 00:03:39.003492,2021-02-07 00:03:49.803022,0 days 00:00:10.799530,0.04951233727825806,0.9449313630050438,0.25721180125962123,COMPLETE
569,569,0.5978494623655914,2021-02-07 00:03:49.803628,2021-02-07 00:04:01.059666,0 days 00:00:11.256038,0.0341661575298963,0.9465690408421891,0.30316702037556503,COMPLETE
570,570,0.5619047619047619,2021-02-07 00:04:01.060265,2021-02-07 00:04:22.299506,0 days 00:00:21.239241,0.042894018597926825,0.9287283318789179,0.23166490498812833,COMPLETE
571,571,0.5213517665130568,2021-02-07 00:04:22.300105,2021-02-07 00:04:33.153648,0 days 00:00:10.853543,0.019228773446025974,0.9439406932879764,0.2530743427471202,COMPLETE
572,572,0.5852534562211982,2021-02-07 00:04:33.154257,2021-02-07 00:04:44.024919,0 days 00:00:10.870662,0.02664751331503527,0.9479197191063082,0.23613547419966224,COMPLETE
573,573,0.5099846390168971,2021-02-07 00:04:44.025519,2021-02-07 00:04:55.061763,0 days 00:00:11.036244,0.06208638440774472,0.9443302778410599,0.2765521016896153,COMPLETE
574,574,0.5615975422427035,2021-02-07 00:04:55.062366,2021-02-07 00:05:16.227608,0 days 00:00:21.165242,0.023018734794988806,0.9626947996738838,0.14977835159916025,COMPLETE
575,575,0.4841781874039939,2021-02-07 00:05:16.228203,2021-02-07 00:05:32.613618,0 days 00:00:16.385415,0.031172022240897435,0.9431147329136707,0.21468985155499798,COMPLETE
576,576,0.57357910906298,2021-02-07 00:05:32.614222,2021-02-07 00:05:43.951754,0 days 00:00:11.337532,0.053156661955819876,0.9461331850084087,0.05438513526070925,COMPLETE
577,577,0.48663594470046084,2021-02-07 00:05:43.952361,2021-02-07 00:05:54.975404,0 days 00:00:11.023043,0.015412232394578495,0.9509834964177513,0.2613890331993341,COMPLETE
578,578,0.5990783410138248,2021-02-07 00:05:54.976011,2021-02-07 00:06:05.742303,0 days 00:00:10.766292,0.03838670003423479,0.9418898601500891,0.2893337961864147,COMPLETE
579,579,0.6079877112135177,2021-02-07 00:06:05.742909,2021-02-07 00:06:26.531482,0 days 00:00:20.788573,0.019463082844518198,0.9239948634860528,0.15865306274461313,COMPLETE
580,580,0.513978494623656,2021-02-07 00:06:26.532087,2021-02-07 00:06:42.221544,0 days 00:00:15.689457,0.043372765651381796,0.9354145173141305,0.2277936612487003,COMPLETE
581,581,0.576036866359447,2021-02-07 00:06:42.222154,2021-02-07 00:06:57.957424,0 days 00:00:15.735270,0.031587710918591694,0.9383212322175906,0.30859490105762705,COMPLETE
582,582,0.5551459293394777,2021-02-07 00:06:57.958024,2021-02-07 00:07:18.461883,0 days 00:00:20.503859,0.025814670708725194,0.9429067693953037,0.13606947259648292,COMPLETE
583,583,0.5486943164362519,2021-02-07 00:07:18.462478,2021-02-07 00:07:29.304045,0 days 00:00:10.841567,0.022873140830374408,0.9454378885891787,0.1913791475483806,COMPLETE
584,584,0.5483870967741935,2021-02-07 00:07:29.304642,2021-02-07 00:07:40.445694,0 days 00:00:11.141052,0.036421054504540064,0.9477141419155756,0.24940508561014535,COMPLETE
585,585,0.4141321044546851,2021-02-07 00:07:40.446298,2021-02-07 00:07:51.297593,0 days 00:00:10.851295,0.08053362200281497,0.9369348852940675,0.2220283288057917,COMPLETE
586,586,0.6211981566820276,2021-02-07 00:07:51.298191,2021-02-07 00:08:01.953088,0 days 00:00:10.654897,0.05047235041060854,0.9496043968867951,0.17440809935289034,COMPLETE
587,587,0.4651305683563748,2021-02-07 00:08:01.953695,2021-02-07 00:08:13.154330,0 days 00:00:11.200635,0.06409100653912472,0.9491282341120538,0.1986049335206854,COMPLETE
588,588,0.5926267281105991,2021-02-07 00:08:13.154940,2021-02-07 00:08:23.861840,0 days 00:00:10.706900,0.05399419992985544,0.9507002691081571,0.17381865519170372,COMPLETE
589,589,0.5105990783410138,2021-02-07 00:08:23.862441,2021-02-07 00:08:39.498566,0 days 00:00:15.636125,0.05228490425470691,0.9531691767339079,0.2485950396565872,COMPLETE
590,590,0.5913978494623656,2021-02-07 00:08:39.499188,2021-02-07 00:08:50.726127,0 days 00:00:11.226939,0.07259496698911848,0.9492938849927312,0.18318095254307956,COMPLETE
591,591,0.5136712749615976,2021-02-07 00:08:50.726753,2021-02-07 00:09:01.488423,0 days 00:00:10.761670,0.04739993436084661,0.9478497702657962,0.20419481325552521,COMPLETE
592,592,0.6003072196620584,2021-02-07 00:09:01.489034,2021-02-07 00:09:12.728865,0 days 00:00:11.239831,0.06507140367370261,0.9314869290026787,0.22335260230336426,COMPLETE
593,593,0.5609831029185868,2021-02-07 00:09:12.729479,2021-02-07 00:09:28.884998,0 days 00:00:16.155519,0.04384811207298688,0.9610356223269182,0.04077455701987506,COMPLETE
594,594,0.5800307219662059,2021-02-07 00:09:28.885603,2021-02-07 00:09:39.898520,0 days 00:00:11.012917,0.09661468665911638,0.9517586602964645,0.2692788405018361,COMPLETE
595,595,0.570199692780338,2021-02-07 00:09:39.899138,2021-02-07 00:09:50.800539,0 days 00:00:10.901401,0.04786120869487221,0.9464732209099238,0.012962802611647182,COMPLETE
596,596,0.5748079877112136,2021-02-07 00:09:50.801143,2021-02-07 00:10:06.605262,0 days 00:00:15.804119,0.05941518611532704,0.949576761429185,0.17296726239921656,COMPLETE
597,597,0.5035330261136712,2021-02-07 00:10:06.605865,2021-02-07 00:10:22.812174,0 days 00:00:16.206309,0.03949711110930849,0.9297752216661936,0.19200960237905698,COMPLETE
598,598,0.5542242703533026,2021-02-07 00:10:22.812778,2021-02-07 00:10:33.406690,0 days 00:00:10.593912,0.018027224259233487,0.945575842252007,0.23840544280742249,COMPLETE
599,599,0.5910906298003072,2021-02-07 00:10:33.407303,2021-02-07 00:10:49.138529,0 days 00:00:15.731226,0.05649337308166726,0.9480671514957216,0.21136402377476862,COMPLETE
600,600,0.5370199692780337,2021-02-07 00:10:49.139156,2021-02-07 00:11:04.705319,0 days 00:00:15.566163,0.036157866018366125,0.9450025552816175,0.15455601163883476,COMPLETE
601,601,0.5729646697388633,2021-02-07 00:11:04.705939,2021-02-07 00:11:15.904807,0 days 00:00:11.198868,0.04618750861381032,0.9341869594996415,0.28047103364958176,COMPLETE
602,602,0.5969278033794163,2021-02-07 00:11:15.905421,2021-02-07 00:11:36.837530,0 days 00:00:20.932109,0.029976687568852436,0.9526424498669294,0.253902775747753,COMPLETE
603,603,0.57357910906298,2021-02-07 00:11:36.838136,2021-02-07 00:11:47.619977,0 days 00:00:10.781841,0.04003847105838144,0.9506614044851247,0.17298031863573157,COMPLETE
604,604,0.562826420890937,2021-02-07 00:11:47.620582,2021-02-07 00:12:08.540189,0 days 00:00:20.919607,0.08203484021234002,0.9273111028730611,0.2312224166075876,COMPLETE
605,605,0.6101382488479262,2021-02-07 00:12:08.540828,2021-02-07 00:12:39.403147,0 days 00:00:30.862319,7.105901213695362e-05,0.9552122919709275,0.19643011271274377,COMPLETE
606,606,0.5886328725038402,2021-02-07 00:12:39.403770,2021-02-07 00:12:55.190384,0 days 00:00:15.786614,0.01452794690623724,0.965312964130983,0.1475465812540765,COMPLETE
607,607,0.6119815668202765,2021-02-07 00:12:55.191002,2021-02-07 00:13:16.234466,0 days 00:00:21.043464,0.0251490023241318,0.9572128125643459,0.1290112270931746,COMPLETE
608,608,0.5963133640552996,2021-02-07 00:13:16.235084,2021-02-07 00:13:32.074921,0 days 00:00:15.839837,0.020044828751730484,0.9439919933163531,0.11418956789523046,COMPLETE
609,609,0.5646697388632872,2021-02-07 00:13:32.075549,2021-02-07 00:13:52.799330,0 days 00:00:20.723781,0.03480361321526861,0.9475861652423023,0.20886847800436378,COMPLETE
610,610,0.5274961597542243,2021-02-07 00:13:52.799932,2021-02-07 00:14:08.527590,0 days 00:00:15.727658,0.061125053589531235,0.9318696741385769,0.1614831168765901,COMPLETE
611,611,0.6199692780337942,2021-02-07 00:14:08.528196,2021-02-07 00:14:19.532263,0 days 00:00:11.004067,0.05003897758902209,0.9404803915770514,0.18537648449580024,COMPLETE
612,612,0.49554531490015363,2021-02-07 00:14:19.532877,2021-02-07 00:14:35.416977,0 days 00:00:15.884100,0.0780409932318529,0.9412698916146643,0.220488497797333,COMPLETE
613,613,0.5244239631336406,2021-02-07 00:14:35.417591,2021-02-07 00:14:46.441505,0 days 00:00:11.023914,1.9077586259720017e-05,0.9214649812166917,0.1951140697274401,COMPLETE
614,614,0.5883256528417818,2021-02-07 00:14:46.442119,2021-02-07 00:15:02.531621,0 days 00:00:16.089502,0.05294283111644284,0.9444438709775058,0.25854895240543146,COMPLETE
615,615,0.6052227342549923,2021-02-07 00:15:02.532236,2021-02-07 00:15:13.285729,0 days 00:00:10.753493,0.06568816916436142,0.9465319194541036,0.2369731676176644,COMPLETE
616,616,0.5910906298003072,2021-02-07 00:15:13.286340,2021-02-07 00:15:24.351694,0 days 00:00:11.065354,0.04734372259944132,0.9417518076465579,0.1869664898582129,COMPLETE
617,617,0.4731182795698925,2021-02-07 00:15:24.352318,2021-02-07 00:15:35.021034,0 days 00:00:10.668716,0.017520583488043404,0.9398355339025699,0.010159709034823675,COMPLETE
618,618,0.5130568356374808,2021-02-07 00:15:35.021644,2021-02-07 00:15:45.786147,0 days 00:00:10.764503,0.07230535828188599,0.9434495184507781,0.18390804434028227,COMPLETE
619,619,0.6092165898617512,2021-02-07 00:15:45.786776,2021-02-07 00:15:56.401380,0 days 00:00:10.614604,0.027129973077626834,0.9456235590555979,0.2897100851156471,COMPLETE
620,620,0.4344086021505376,2021-02-07 00:15:56.401999,2021-02-07 00:16:07.246357,0 days 00:00:10.844358,0.0004576305606965994,0.9254050546437771,0.21649213447929297,COMPLETE
621,621,0.6006144393241167,2021-02-07 00:16:07.246981,2021-02-07 00:16:23.310349,0 days 00:00:16.063368,0.05285808513765437,0.941361384185701,0.20664274144314337,COMPLETE
622,622,0.5827956989247312,2021-02-07 00:16:23.310974,2021-02-07 00:16:39.249558,0 days 00:00:15.938584,0.04277631562668404,0.9428799548323875,0.19937766656459205,COMPLETE
623,623,0.5271889400921659,2021-02-07 00:16:39.250180,2021-02-07 00:16:54.898833,0 days 00:00:15.648653,0.05556695483479351,0.9390778407117942,0.1780470177503373,COMPLETE
624,624,0.480184331797235,2021-02-07 00:16:54.899457,2021-02-07 00:17:10.778783,0 days 00:00:15.879326,0.02145390924964554,0.9492582861883173,0.03711322849020327,COMPLETE
625,625,0.506605222734255,2021-02-07 00:17:10.779391,2021-02-07 00:17:27.088401,0 days 00:00:16.309010,0.03095408100286798,0.9690114163176279,0.23854170960061036,COMPLETE
626,626,0.5883256528417818,2021-02-07 00:17:27.089025,2021-02-07 00:17:42.935582,0 days 00:00:15.846557,0.04428341715276718,0.9411076085625932,0.26576369737300476,COMPLETE
627,627,0.5505376344086022,2021-02-07 00:17:42.936200,2021-02-07 00:17:53.732601,0 days 00:00:10.796401,0.01483562355117031,0.9594990439853113,0.2212181328776752,COMPLETE
628,628,0.5867895545314901,2021-02-07 00:17:53.733222,2021-02-07 00:18:04.965756,0 days 00:00:11.232534,0.03407238371753824,0.9346285045400218,0.10402652441343335,COMPLETE
629,629,0.5938556067588325,2021-02-07 00:18:04.966383,2021-02-07 00:18:26.331191,0 days 00:00:21.364808,0.023321698248449405,0.9440470105620206,0.17624470552138788,COMPLETE
630,630,0.595084485407066,2021-02-07 00:18:26.331824,2021-02-07 00:18:42.451049,0 days 00:00:16.119225,0.036649049105284874,0.9367728452729054,0.24724827053937498,COMPLETE
631,631,0.5748079877112136,2021-02-07 00:18:42.451670,2021-02-07 00:18:53.428577,0 days 00:00:10.976907,0.02769315316192016,0.9287652414386307,0.30143284153728195,COMPLETE
632,632,0.5855606758832566,2021-02-07 00:18:53.429200,2021-02-07 00:19:09.345038,0 days 00:00:15.915838,0.019632841298758096,0.9468424856306279,0.14104037003095324,COMPLETE
633,633,0.5972350230414747,2021-02-07 00:19:09.345678,2021-02-07 00:19:20.106452,0 days 00:00:10.760774,0.0922530349705381,0.9167518837768984,0.1938069332259891,COMPLETE
634,634,0.5806451612903226,2021-02-07 00:19:20.107080,2021-02-07 00:19:31.048405,0 days 00:00:10.941325,0.0631341959691524,0.9229389860729958,0.06932476788370312,COMPLETE
