,number,value,datetime_start,datetime_complete,duration,params_lr,params_nl2,params_num_ct,params_scheduler_gamma,params_sigma2,params_weight_decay,state
2424,2424,,2021-02-08 21:52:10.309388,2021-02-08 21:52:11.011703,0 days 00:00:00.702315,0.00025771597168121064,7,0,0.9569970197801816,20,0.011457264493120092,FAIL
2425,2425,,2021-02-08 21:52:11.012756,2021-02-08 21:52:11.658030,0 days 00:00:00.645274,8.256517921571664e-05,7,0,0.9612096106892066,20,0.01647906080629666,FAIL
2426,2426,,2021-02-08 21:52:11.659740,2021-02-08 21:52:12.345096,0 days 00:00:00.685356,0.00025073313965131205,7,0,0.957096213545998,20,0.015780050727479643,FAIL
2427,2427,,2021-02-08 21:52:12.346127,2021-02-08 21:52:13.006277,0 days 00:00:00.660150,0.00013829128510565807,7,0,0.9611928224802296,20,0.03821351269402058,FAIL
2428,2428,,2021-02-08 21:52:13.008024,2021-02-08 21:52:13.672396,0 days 00:00:00.664372,0.0002881041562898624,7,0,0.9611982894540017,20,0.0161506284210872,FAIL
2429,2429,,2021-02-08 21:52:13.674119,2021-02-08 21:52:14.346296,0 days 00:00:00.672177,0.00024700210087239737,7,0,0.9607527389315672,20,0.011823051965514133,FAIL
2430,2430,,2021-02-08 21:52:14.348066,2021-02-08 21:52:15.149810,0 days 00:00:00.801744,0.00015312302730602261,7,0,0.9597102070436739,20,0.011761543558091716,FAIL
2431,2431,,2021-02-08 21:52:15.151508,2021-02-08 21:52:15.820123,0 days 00:00:00.668615,0.00013994852953348716,7,0,0.9603167240482828,20,0.011831637299612955,FAIL
2432,2432,,2021-02-08 21:52:15.821182,2021-02-08 21:52:16.473671,0 days 00:00:00.652489,0.00014434923806901822,7,0,0.9678957149255091,20,0.012430987552889858,FAIL
2433,2433,,2021-02-08 21:52:16.474680,2021-02-08 21:52:17.136349,0 days 00:00:00.661669,0.00028277725582472377,7,0,0.9604501693304379,20,0.014895088435381995,FAIL
2434,2434,,2021-02-08 21:52:17.138095,2021-02-08 21:52:17.788175,0 days 00:00:00.650080,0.00014925808968439876,7,0,0.9621150292133419,20,0.015262120673913372,FAIL
2435,2435,,2021-02-08 21:52:17.789953,2021-02-08 21:52:18.458737,0 days 00:00:00.668784,0.0003013504814575196,7,0,0.957688973404439,20,0.026967466679221674,FAIL
2436,2436,,2021-02-08 21:52:18.460489,2021-02-08 21:52:19.141034,0 days 00:00:00.680545,0.00030633506813301954,7,0,0.9605416400716595,20,0.037302784406344276,FAIL
2437,2437,,2021-02-08 21:52:19.142046,2021-02-08 21:52:19.794896,0 days 00:00:00.652850,0.00024107791397387973,7,0,0.9593181100349601,20,0.015932068919049032,FAIL
2438,2438,,2021-02-08 21:52:19.796638,2021-02-08 21:52:20.627549,0 days 00:00:00.830911,0.0002529189272024901,7,0,0.9602069802288266,20,0.016764708725651785,FAIL
2439,2439,,2021-02-08 21:52:20.629335,2021-02-08 21:52:21.316253,0 days 00:00:00.686918,0.0002983595112838599,7,0,0.9601444919682027,20,0.01606971089916124,FAIL
2440,2440,,2021-02-08 21:52:21.318024,2021-02-08 21:52:21.977974,0 days 00:00:00.659950,0.0001356799107450704,7,0,0.9609374557259056,20,0.016507865740189684,FAIL
2441,2441,,2021-02-08 21:52:21.979752,2021-02-08 21:52:22.657957,0 days 00:00:00.678205,0.000134754568485577,7,0,0.9607275497892743,20,0.015086120815654261,FAIL
2442,2442,,2021-02-08 21:52:22.658984,2021-02-08 21:52:23.309462,0 days 00:00:00.650478,8.364568232306613e-05,7,0,0.9609453283921907,20,0.016526757178269486,FAIL
2443,2443,,2021-02-08 21:52:23.311188,2021-02-08 21:52:23.989434,0 days 00:00:00.678246,0.00015898816461536197,7,0,0.960362433017476,20,0.012599474751730132,FAIL
2444,2444,,2021-02-08 21:52:23.991176,2021-02-08 21:52:24.681052,0 days 00:00:00.689876,0.0002540161628679963,7,0,0.9619491907485825,20,0.01598637690486346,FAIL
2445,2445,,2021-02-08 21:52:24.682075,2021-02-08 21:52:25.342240,0 days 00:00:00.660165,0.00028377134770076287,7,0,0.9611165952442464,20,0.011783493117239268,FAIL
2446,2446,,2021-02-08 21:52:25.344036,2021-02-08 21:52:26.020012,0 days 00:00:00.675976,0.00014938590846786564,7,0,0.960596151183839,20,0.036813521747681835,FAIL
2447,2447,,2021-02-08 21:52:26.021088,2021-02-08 21:52:26.809684,0 days 00:00:00.788596,0.00010061501475686244,7,0,0.9600841366954966,20,0.01574057285262218,FAIL
2448,2448,,2021-02-08 21:52:26.811464,2021-02-08 21:52:27.477548,0 days 00:00:00.666084,0.00014802704575636163,7,0,0.9603074822640769,20,0.01494709540875259,FAIL
2449,2449,,2021-02-08 21:52:27.478633,2021-02-08 21:52:28.157187,0 days 00:00:00.678554,0.0001354395946719918,7,0,0.9603749332909713,20,0.011735435025238572,FAIL
2450,2450,,2021-02-08 21:52:28.159049,2021-02-08 21:52:28.824268,0 days 00:00:00.665219,8.264923940338926e-05,7,0,0.9610041582584855,20,0.03741286518817327,FAIL
2451,2451,,2021-02-08 21:52:28.825955,2021-02-08 21:52:29.497802,0 days 00:00:00.671847,0.0002847879289357831,7,0,0.9609361275561705,20,0.016846278579868035,FAIL
2452,2452,,2021-02-08 21:52:29.499551,2021-02-08 21:52:30.203390,0 days 00:00:00.703839,0.00015005188657621682,7,0,0.9569071050836505,20,0.015532790738647911,FAIL
2453,2453,,2021-02-08 21:52:30.205154,2021-02-08 21:52:30.895338,0 days 00:00:00.690184,0.00026379591426105325,7,0,0.9599138589981278,20,0.03806367518679524,FAIL
2454,2454,0.5658986175115207,2021-02-08 21:52:30.896349,2021-02-08 21:52:41.880136,0 days 00:00:10.983787,0.00014365390004975393,7,4,0.9611879681306648,20,0.011290474687595966,COMPLETE
2455,2455,,2021-02-08 21:52:41.881640,2021-02-08 21:52:42.568900,0 days 00:00:00.687260,0.0002971511447160709,17,0,0.9569620890256315,20,0.012654382852171882,FAIL
2456,2456,,2021-02-08 21:52:42.570717,2021-02-08 21:52:43.254120,0 days 00:00:00.683403,0.0004200797371131415,17,0,0.9684225523858435,20,0.036703642082177634,FAIL
2457,2457,,2021-02-08 21:52:43.255883,2021-02-08 21:52:43.923921,0 days 00:00:00.668038,0.00028160466436298864,17,0,0.9576128496734505,20,0.015555272534977566,FAIL
2458,2458,,2021-02-08 21:52:43.925620,2021-02-08 21:52:44.567998,0 days 00:00:00.642378,0.0002646511642244497,17,0,0.9687128694246875,20,0.016301320056406277,FAIL
2459,2459,,2021-02-08 21:52:44.569042,2021-02-08 21:52:45.227189,0 days 00:00:00.658147,9.222224303727261e-05,17,0,0.9349367884754092,20,0.015913554308847958,FAIL
2460,2460,,2021-02-08 21:52:45.228949,2021-02-08 21:52:45.918647,0 days 00:00:00.689698,0.000280631777986567,17,0,0.9682616798952329,20,0.015988222670332206,FAIL
2461,2461,,2021-02-08 21:52:45.919689,2021-02-08 21:52:46.587717,0 days 00:00:00.668028,0.0002500342119312837,17,0,0.9678625870694072,20,0.015796494000228044,FAIL
2462,2462,,2021-02-08 21:52:46.589507,2021-02-08 21:52:47.402990,0 days 00:00:00.813483,0.0002658803541059407,17,0,0.9685969951653668,20,0.01226389698847527,FAIL
2463,2463,,2021-02-08 21:52:47.403963,2021-02-08 21:52:48.065447,0 days 00:00:00.661484,0.00028129791538274504,17,0,0.957919871978895,20,0.015737386978490066,FAIL
2464,2464,,2021-02-08 21:52:48.066483,2021-02-08 21:52:48.723604,0 days 00:00:00.657121,0.0002649759087949821,17,0,0.9561109095647763,20,0.014709272043172399,FAIL
2465,2465,,2021-02-08 21:52:48.724590,2021-02-08 21:52:49.396556,0 days 00:00:00.671966,9.989297024899143e-05,17,0,0.9576940959245988,20,0.015508118620873238,FAIL
2466,2466,,2021-02-08 21:52:49.397553,2021-02-08 21:52:50.053458,0 days 00:00:00.655905,8.51577387630323e-05,17,0,0.9570650341395004,20,0.015503424039679458,FAIL
2467,2467,,2021-02-08 21:52:50.054477,2021-02-08 21:52:50.714124,0 days 00:00:00.659647,9.050470363181892e-05,17,0,0.9674792229114328,20,0.015480888324401776,FAIL
2468,2468,,2021-02-08 21:52:50.715162,2021-02-08 21:52:51.373950,0 days 00:00:00.658788,0.000266932333491463,17,0,0.967577371958577,20,0.03856568573631839,FAIL
2469,2469,,2021-02-08 21:52:51.375053,2021-02-08 21:52:52.050883,0 days 00:00:00.675830,0.0002483903135008105,17,0,0.9559271258929737,20,0.015389761339607113,FAIL
2470,2470,,2021-02-08 21:52:52.052598,2021-02-08 21:52:52.713640,0 days 00:00:00.661042,9.850831973607448e-05,17,0,0.9692066403358484,20,0.037779090563525096,FAIL
2471,2471,,2021-02-08 21:52:52.714745,2021-02-08 21:52:53.507607,0 days 00:00:00.792862,0.00026229067938936333,17,0,0.9679444224046113,20,0.015049820097721104,FAIL
2472,2472,,2021-02-08 21:52:53.508611,2021-02-08 21:52:54.171083,0 days 00:00:00.662472,0.0002705601524203735,17,0,0.9562987588689364,20,0.016704953591078146,FAIL
2473,2473,,2021-02-08 21:52:54.172114,2021-02-08 21:52:54.828058,0 days 00:00:00.655944,0.00024073606779635248,17,0,0.9569170718576838,20,0.01566392963470667,FAIL
2474,2474,,2021-02-08 21:52:54.829829,2021-02-08 21:52:55.512871,0 days 00:00:00.683042,0.00043812688395710147,17,0,0.9561381570095796,20,0.03799230530724742,FAIL
2475,2475,,2021-02-08 21:52:55.514635,2021-02-08 21:52:56.188094,0 days 00:00:00.673459,0.0002559472693924032,17,0,0.9557580074645606,20,0.016736873375892285,FAIL
2476,2476,,2021-02-08 21:52:56.189259,2021-02-08 21:52:56.850255,0 days 00:00:00.660996,9.020036581286574e-05,17,0,0.9566071572803401,20,0.01702705550187579,FAIL
2477,2477,,2021-02-08 21:52:56.852061,2021-02-08 21:52:57.560562,0 days 00:00:00.708501,0.0002395023822366991,11,0,0.9570512810446625,20,0.016784476284926,FAIL
2478,2478,,2021-02-08 21:52:57.562344,2021-02-08 21:52:58.288374,0 days 00:00:00.726030,0.00025648578928501417,17,0,0.9563956324641504,20,0.012441861813847616,FAIL
2479,2479,,2021-02-08 21:52:58.289375,2021-02-08 21:52:59.089298,0 days 00:00:00.799923,0.00028891264272920227,17,0,0.9676362977390027,20,0.016126037894419153,FAIL
2480,2480,,2021-02-08 21:52:59.091158,2021-02-08 21:52:59.836666,0 days 00:00:00.745508,0.00024423488538197874,17,0,0.9673264994755941,20,0.0160553283193592,FAIL
2481,2481,,2021-02-08 21:52:59.838465,2021-02-08 21:53:00.517570,0 days 00:00:00.679105,0.0002896743200648481,17,0,0.9564605480731218,20,0.012182562320341046,FAIL
2482,2482,,2021-02-08 21:53:00.519328,2021-02-08 21:53:01.208362,0 days 00:00:00.689034,8.435622481698448e-05,17,0,0.9569692780286568,20,0.01247975185018021,FAIL
2483,2483,,2021-02-08 21:53:01.210162,2021-02-08 21:53:01.915416,0 days 00:00:00.705254,0.00026801197120452085,17,0,0.9565255174974351,20,0.03806826716223654,FAIL
2484,2484,,2021-02-08 21:53:01.917218,2021-02-08 21:53:02.602680,0 days 00:00:00.685462,0.0002848866100328227,17,0,0.9337379781699315,20,0.01588413567997397,FAIL
2485,2485,,2021-02-08 21:53:02.604423,2021-02-08 21:53:03.303939,0 days 00:00:00.699516,0.00041559175810504417,17,0,0.9463219223962493,20,0.02647483914331497,FAIL
2486,2486,,2021-02-08 21:53:03.305673,2021-02-08 21:53:03.998217,0 days 00:00:00.692544,0.0002467023554985467,17,0,0.9681660054021352,20,0.016155737885532435,FAIL
2487,2487,,2021-02-08 21:53:03.999995,2021-02-08 21:53:04.847688,0 days 00:00:00.847693,0.0002683107972533519,17,0,0.9565760375574957,20,0.038149528989149396,FAIL
2488,2488,0.3794162826420891,2021-02-08 21:53:04.849407,2021-02-08 21:53:15.789227,0 days 00:00:10.939820,0.0002615385668898783,17,2,0.9684644878711647,20,0.03655367335206235,COMPLETE
2489,2489,,2021-02-08 21:53:15.790748,2021-02-08 21:53:16.481394,0 days 00:00:00.690646,0.0004022773307984496,11,0,0.9464110865722359,18,0.016093885193779734,FAIL
2490,2490,,2021-02-08 21:53:16.482459,2021-02-08 21:53:17.141500,0 days 00:00:00.659041,0.0002893313430028079,11,0,0.9601822917795932,18,0.015481982858884913,FAIL
2491,2491,,2021-02-08 21:53:17.143297,2021-02-08 21:53:17.834183,0 days 00:00:00.690886,8.109362461408444e-05,11,0,0.9565751194254772,18,0.015673394211588285,FAIL
2492,2492,,2021-02-08 21:53:17.835973,2021-02-08 21:53:18.519618,0 days 00:00:00.683645,8.706903858981742e-05,11,0,0.9559813017992623,18,0.015837697435653105,FAIL
2493,2493,,2021-02-08 21:53:18.520740,2021-02-08 21:53:19.185402,0 days 00:00:00.664662,0.00045146313904973124,5,0,0.9559194902045847,18,0.04214264004905547,FAIL
2494,2494,,2021-02-08 21:53:19.187183,2021-02-08 21:53:20.045258,0 days 00:00:00.858075,9.702397368084032e-05,11,0,0.9577263507832492,18,0.012236955126048842,FAIL
2495,2495,0.5996927803379416,2021-02-08 21:53:20.047063,2021-02-08 21:53:30.764304,0 days 00:00:10.717241,0.0002795523290165427,11,2,0.9467873777091412,18,0.012343923041539171,COMPLETE
2496,2496,,2021-02-08 21:53:30.765841,2021-02-08 21:53:31.450456,0 days 00:00:00.684615,2.0311028650881725e-05,5,0,0.9564728206885255,20,0.01583068821656554,FAIL
2497,2497,,2021-02-08 21:53:31.452239,2021-02-08 21:53:32.181431,0 days 00:00:00.729192,8.063294047387347e-05,5,0,0.9566558656863015,20,0.026840285600457685,FAIL
2498,2498,,2021-02-08 21:53:32.182433,2021-02-08 21:53:32.839433,0 days 00:00:00.657000,7.726421708282879e-05,5,0,0.956674566938972,20,0.015080047053082551,FAIL
2499,2499,,2021-02-08 21:53:32.840459,2021-02-08 21:53:33.494961,0 days 00:00:00.654502,9.635844635241532e-05,5,0,0.9552587609453727,20,0.026589794304945024,FAIL
2500,2500,,2021-02-08 21:53:33.496053,2021-02-08 21:53:34.162908,0 days 00:00:00.666855,9.02316596690327e-05,5,0,0.932523949123949,20,0.015613054361558826,FAIL
2501,2501,,2021-02-08 21:53:34.164736,2021-02-08 21:53:34.971904,0 days 00:00:00.807168,9.81769809523223e-05,5,0,0.9342677360888304,20,0.015569705569413865,FAIL
2502,2502,,2021-02-08 21:53:34.973686,2021-02-08 21:53:35.691690,0 days 00:00:00.718004,0.0004168344913179113,5,0,0.9575630129249011,20,0.01718484032647167,FAIL
2503,2503,,2021-02-08 21:53:35.692946,2021-02-08 21:53:36.339580,0 days 00:00:00.646634,9.731416305514515e-05,5,0,0.9569158003410637,20,0.01601583487905638,FAIL
2504,2504,,2021-02-08 21:53:36.340623,2021-02-08 21:53:37.005394,0 days 00:00:00.664771,6.905228065667492e-05,5,0,0.9535018507290902,20,0.016510722607331916,FAIL
2505,2505,,2021-02-08 21:53:37.007201,2021-02-08 21:53:37.702324,0 days 00:00:00.695123,0.00013433541933774245,5,0,0.9559934603127795,20,0.0153055265480713,FAIL
2506,2506,,2021-02-08 21:53:37.704464,2021-02-08 21:53:38.375589,0 days 00:00:00.671125,8.995713566113733e-05,5,0,0.9574646079318877,20,0.015025331499122696,FAIL
2507,2507,,2021-02-08 21:53:38.377444,2021-02-08 21:53:39.079410,0 days 00:00:00.701966,8.80680086021365e-05,5,0,0.9534962660373797,20,0.014828516450043242,FAIL
2508,2508,,2021-02-08 21:53:39.081235,2021-02-08 21:53:39.771086,0 days 00:00:00.689851,8.802530232576135e-05,5,0,0.9839038313204299,20,0.030526161355407942,FAIL
2509,2509,,2021-02-08 21:53:39.772193,2021-02-08 21:53:40.434233,0 days 00:00:00.662040,9.613822569886396e-05,5,0,0.9556667007239137,20,0.016019910302517988,FAIL
2510,2510,,2021-02-08 21:53:40.435291,2021-02-08 21:53:41.227950,0 days 00:00:00.792659,7.869546365820122e-05,5,0,0.9562178149326971,20,0.017119007161624535,FAIL
2511,2511,,2021-02-08 21:53:41.229726,2021-02-08 21:53:41.910596,0 days 00:00:00.680870,8.29302415053696e-05,5,0,0.9341121752598832,20,0.015863713123104473,FAIL
2512,2512,,2021-02-08 21:53:41.911716,2021-02-08 21:53:42.572852,0 days 00:00:00.661136,9.647341093244103e-05,5,0,0.9539473553572356,20,0.02708339236269346,FAIL
2513,2513,,2021-02-08 21:53:42.574694,2021-02-08 21:53:43.260880,0 days 00:00:00.686186,9.874948357802489e-05,5,0,0.9336059312030531,20,0.04156137975158073,FAIL
2514,2514,,2021-02-08 21:53:43.262720,2021-02-08 21:53:43.965490,0 days 00:00:00.702770,0.0004583051529405491,5,0,0.9564994664933706,20,0.016426491607330975,FAIL
2515,2515,,2021-02-08 21:53:43.967309,2021-02-08 21:53:44.659125,0 days 00:00:00.691816,9.729126586714919e-05,5,0,0.9533542753218045,20,0.016442646707416447,FAIL
2516,2516,,2021-02-08 21:53:44.660951,2021-02-08 21:53:45.346590,0 days 00:00:00.685639,2.0076149705737433e-05,5,0,0.9576945292542276,20,0.015462514342805964,FAIL
2517,2517,,2021-02-08 21:53:45.348406,2021-02-08 21:53:46.018932,0 days 00:00:00.670526,8.999354557865843e-05,5,0,0.9567932175990504,20,0.014844523644093133,FAIL
2518,2518,,2021-02-08 21:53:46.019939,2021-02-08 21:53:46.811009,0 days 00:00:00.791070,0.00046691624285197963,5,0,0.9577114356478694,20,0.014706082311313842,FAIL
2519,2519,,2021-02-08 21:53:46.812031,2021-02-08 21:53:47.468213,0 days 00:00:00.656182,9.859742206577002e-05,5,0,0.9571850488445903,20,0.015897153106768716,FAIL
2520,2520,,2021-02-08 21:53:47.469234,2021-02-08 21:53:48.123534,0 days 00:00:00.654300,0.000476286977543946,5,0,0.9564080861867562,20,0.015339257214226068,FAIL
2521,2521,,2021-02-08 21:53:48.124582,2021-02-08 21:53:48.783862,0 days 00:00:00.659280,8.3015898612524e-05,5,0,0.9569535843846075,20,0.015979405402092823,FAIL
2522,2522,,2021-02-08 21:53:48.785635,2021-02-08 21:53:49.477423,0 days 00:00:00.691788,0.0004343639052848033,5,0,0.9568005282946652,20,0.016074670955887032,FAIL
2523,2523,,2021-02-08 21:53:49.478532,2021-02-08 21:53:50.159499,0 days 00:00:00.680967,0.00043768577225740917,5,0,0.956348688493446,20,0.015751880929994105,FAIL
2524,2524,,2021-02-08 21:53:50.161286,2021-02-08 21:53:50.893673,0 days 00:00:00.732387,0.00011461318319381404,5,0,0.9571873772829445,20,0.04160407063802557,FAIL
2525,2525,,2021-02-08 21:53:50.894687,2021-02-08 21:53:51.561908,0 days 00:00:00.667221,9.627726556014244e-05,5,0,0.9566706789041504,20,0.01489439591787843,FAIL
2526,2526,,2021-02-08 21:53:51.563726,2021-02-08 21:53:52.418133,0 days 00:00:00.854407,0.00043665459288011964,5,0,0.9572393026930781,20,0.015394429095481827,FAIL
2527,2527,,2021-02-08 21:53:52.419186,2021-02-08 21:53:53.091029,0 days 00:00:00.671843,8.173963662736684e-05,5,0,0.9574897442027408,20,0.015948123468348938,FAIL
2528,2528,0.5244239631336406,2021-02-08 21:53:53.092846,2021-02-08 21:54:09.189738,0 days 00:00:16.096892,0.00010364958432506815,5,6,0.9580699618612694,20,0.016393281168513327,COMPLETE
2529,2529,,2021-02-08 21:54:09.191273,2021-02-08 21:54:09.871387,0 days 00:00:00.680114,8.355116492806364e-05,9,0,0.9346612604455425,20,0.026638128355930497,FAIL
2530,2530,,2021-02-08 21:54:09.873215,2021-02-08 21:54:10.554507,0 days 00:00:00.681292,0.0004328551742804235,9,0,0.9536337612036889,20,0.026960634107108996,FAIL
2531,2531,,2021-02-08 21:54:10.556303,2021-02-08 21:54:11.224272,0 days 00:00:00.667969,8.934168559366302e-05,9,0,0.9534813974152057,20,0.026843053151919778,FAIL
2532,2532,,2021-02-08 21:54:11.226061,2021-02-08 21:54:11.901610,0 days 00:00:00.675549,8.720801018909675e-05,9,0,0.9336035636308282,20,0.0268780305247943,FAIL
2533,2533,,2021-02-08 21:54:11.902951,2021-02-08 21:54:12.694362,0 days 00:00:00.791411,8.724323302777223e-05,9,0,0.9561302561212086,20,0.027284007072528146,FAIL
2534,2534,,2021-02-08 21:54:12.696206,2021-02-08 21:54:13.377957,0 days 00:00:00.681751,7.891608369348311e-05,9,0,0.9564018575143237,20,0.026513098944212526,FAIL
2535,2535,,2021-02-08 21:54:13.379047,2021-02-08 21:54:14.029928,0 days 00:00:00.650881,0.00045828206213363083,9,0,0.9557185305430589,20,0.02755319612355468,FAIL
2536,2536,,2021-02-08 21:54:14.031078,2021-02-08 21:54:14.700116,0 days 00:00:00.669038,0.0004144648114878954,9,0,0.9532450241031163,20,0.04145589665368712,FAIL
2537,2537,,2021-02-08 21:54:14.701974,2021-02-08 21:54:15.376325,0 days 00:00:00.674351,0.00041457044773072853,9,0,0.953018633083205,20,0.0238289158140111,FAIL
2538,2538,,2021-02-08 21:54:15.378140,2021-02-08 21:54:16.051577,0 days 00:00:00.673437,0.00044491364640992506,9,0,0.9354577582759682,20,0.026536540861993245,FAIL
2539,2539,,2021-02-08 21:54:16.053328,2021-02-08 21:54:16.720624,0 days 00:00:00.667296,2.0111963825131025e-05,9,0,0.9557511199501972,20,0.015112438186006539,FAIL
2540,2540,,2021-02-08 21:54:16.722385,2021-02-08 21:54:17.392953,0 days 00:00:00.670568,2.122607164791678e-05,9,0,0.9553427673559787,20,0.027075965581763506,FAIL
2541,2541,,2021-02-08 21:54:17.394717,2021-02-08 21:54:18.198585,0 days 00:00:00.803868,8.476491116386666e-05,9,0,0.9559075991718721,20,0.014614106226811622,FAIL
2542,2542,,2021-02-08 21:54:18.200427,2021-02-08 21:54:18.891244,0 days 00:00:00.690817,0.00043142467956350326,9,0,0.932463995421364,20,0.014984797559325237,FAIL
2543,2543,,2021-02-08 21:54:18.893070,2021-02-08 21:54:19.559888,0 days 00:00:00.666818,8.379214082532178e-05,9,0,0.9564834100320653,20,0.026396666776591735,FAIL
2544,2544,,2021-02-08 21:54:19.561768,2021-02-08 21:54:20.239564,0 days 00:00:00.677796,0.00044039603786559425,9,0,0.9345842623299337,20,0.015090296635649706,FAIL
2545,2545,,2021-02-08 21:54:20.240640,2021-02-08 21:54:20.894612,0 days 00:00:00.653972,8.914022257374801e-05,9,0,0.9553201628897894,20,0.025489819074387916,FAIL
2546,2546,,2021-02-08 21:54:20.895710,2021-02-08 21:54:21.555100,0 days 00:00:00.659390,0.00041090738117869735,9,0,0.9320666010126307,20,0.026969263947733635,FAIL
2547,2547,,2021-02-08 21:54:21.556911,2021-02-08 21:54:22.232741,0 days 00:00:00.675830,0.0004748125485934428,9,0,0.9341054062250329,20,0.04288407558231407,FAIL
2548,2548,,2021-02-08 21:54:22.233824,2021-02-08 21:54:22.915906,0 days 00:00:00.682082,8.435117824794149e-05,9,0,0.9707752677908941,20,0.025929352343662983,FAIL
2549,2549,,2021-02-08 21:54:22.916973,2021-02-08 21:54:23.562313,0 days 00:00:00.645340,7.933990585518677e-05,9,0,0.9840129688214531,20,0.0149146342319112,FAIL
2550,2550,,2021-02-08 21:54:23.563377,2021-02-08 21:54:24.354860,0 days 00:00:00.791483,0.0004136540163503617,9,0,0.9536248204429423,20,0.015098603880300914,FAIL
2551,2551,,2021-02-08 21:54:24.356703,2021-02-08 21:54:25.025891,0 days 00:00:00.669188,1.9078296822715277e-05,9,0,0.9712888085087834,20,0.026772466985028928,FAIL
2552,2552,,2021-02-08 21:54:25.026985,2021-02-08 21:54:25.683701,0 days 00:00:00.656716,8.503888369661393e-05,9,0,0.9537424343210712,20,0.04174873735738148,FAIL
2553,2553,,2021-02-08 21:54:25.684838,2021-02-08 21:54:26.344176,0 days 00:00:00.659338,7.638974999468801e-05,9,0,0.9316379683885738,20,0.026809403340025725,FAIL
2554,2554,,2021-02-08 21:54:26.346009,2021-02-08 21:54:27.013159,0 days 00:00:00.667150,0.0004908869500052384,9,0,0.9535982499513801,20,0.026770789924207894,FAIL
2555,2555,,2021-02-08 21:54:27.015000,2021-02-08 21:54:27.685687,0 days 00:00:00.670687,7.141420922501336e-05,9,0,0.9712385090802961,20,0.026939989532237,FAIL
2556,2556,,2021-02-08 21:54:27.687534,2021-02-08 21:54:28.356298,0 days 00:00:00.668764,8.024407584848713e-05,9,0,0.9563449240585082,20,0.04310667968346908,FAIL
2557,2557,,2021-02-08 21:54:28.358166,2021-02-08 21:54:29.014282,0 days 00:00:00.656116,0.0004187531554241167,9,0,0.9557927159474287,20,0.02688951853045059,FAIL
