,number,value,datetime_start,datetime_complete,duration,params_lr,params_nl2,params_num_ct,params_scheduler_gamma,params_sigma2,params_weight_decay,state
5321,5321,,2021-02-09 04:31:21.815674,2021-02-09 04:31:22.552701,0 days 00:00:00.737027,0.0001330409459776679,15,0,0.9297310094752875,16,0.025612644177389107,FAIL
5322,5322,0.39078341013824885,2021-02-09 04:31:22.556058,2021-02-09 04:31:33.070646,0 days 00:00:10.514588,0.00012432310467919497,15,2,0.9305146552169591,16,0.039797781601021875,COMPLETE
5323,5323,0.5941628264208909,2021-02-09 04:31:33.073409,2021-02-09 04:32:37.376404,0 days 00:01:04.302995,9.91143007509331e-05,7,8,0.9439358250146707,18,0.026057930228279475,COMPLETE
5324,5324,0.6175115207373272,2021-02-09 04:32:37.379180,2021-02-09 04:33:08.149481,0 days 00:00:30.770301,0.00021400980554334368,11,2,0.9792499563141585,16,0.02933522089517544,COMPLETE
5325,5325,0.5738863287250384,2021-02-09 04:33:08.152244,2021-02-09 04:33:19.336848,0 days 00:00:11.184604,1.5429606812695775e-05,15,8,0.9838300877854215,16,0.019682702258088255,COMPLETE
5326,5326,0.543778801843318,2021-02-09 04:33:19.339587,2021-02-09 04:33:34.956934,0 days 00:00:15.617347,0.0003514849731285377,15,2,0.9824398251891088,18,0.031260176477676,COMPLETE
5327,5327,,2021-02-09 04:33:34.959695,2021-02-09 04:33:35.690388,0 days 00:00:00.730693,0.0026274684192583537,5,0,0.9412574563473725,16,0.027795597509071804,FAIL
5328,5328,,2021-02-09 04:33:35.693791,2021-02-09 04:33:36.444044,0 days 00:00:00.750253,1.3950430445947395e-05,11,0,0.9241796907659969,16,0.027653878170893334,FAIL
5329,5329,0.5391705069124424,2021-02-09 04:33:36.445961,2021-02-09 04:33:47.555997,0 days 00:00:11.110036,1.3570045823601833e-05,5,2,0.9678552993801327,16,0.027305793937075183,COMPLETE
5330,5330,0.5416282642089094,2021-02-09 04:33:47.558775,2021-02-09 04:34:24.351974,0 days 00:00:36.793199,0.00013840030981596653,9,8,0.9709736081814663,16,0.024388000053397637,COMPLETE
5331,5331,,2021-02-09 04:34:24.354737,2021-02-09 04:34:25.089922,0 days 00:00:00.735185,0.0006893360207491349,7,0,0.9404697060551468,18,0.03594034538909353,FAIL
5332,5332,0.5397849462365591,2021-02-09 04:34:25.091992,2021-02-09 04:34:35.848763,0 days 00:00:10.756771,0.00017435367743557398,7,2,0.9616138968603025,18,0.03430839726056451,COMPLETE
5333,5333,0.4248847926267281,2021-02-09 04:34:35.851506,2021-02-09 04:34:46.792261,0 days 00:00:10.940755,0.00011408941412460753,11,2,0.9410780586944238,16,0.03606255994311315,COMPLETE
5334,5334,,2021-02-09 04:34:46.794999,2021-02-09 04:34:47.671427,0 days 00:00:00.876428,0.0006601273357396747,7,0,0.9224156357651072,16,0.01568029076951113,FAIL
5335,5335,,2021-02-09 04:34:47.674759,2021-02-09 04:34:48.397748,0 days 00:00:00.722989,0.0002637078676590492,7,0,0.9346550256123336,16,0.02242700914897089,FAIL
5336,5336,,2021-02-09 04:34:48.401123,2021-02-09 04:34:49.137939,0 days 00:00:00.736816,0.0006443030237525184,7,0,0.9349649853119029,16,0.04146430336306014,FAIL
5337,5337,0.5099846390168971,2021-02-09 04:34:49.140025,2021-02-09 04:35:32.171562,0 days 00:00:43.031537,0.00048396236712874835,7,8,0.9352882285940813,16,0.022269324217838483,COMPLETE
5338,5338,,2021-02-09 04:35:32.174404,2021-02-09 04:35:32.926355,0 days 00:00:00.751951,0.0002615100586315109,13,0,0.9689254366897987,18,0.07920351155493037,FAIL
5339,5339,0.37511520737327186,2021-02-09 04:35:32.929710,2021-02-09 04:35:43.638646,0 days 00:00:10.708936,0.0002606035452037597,13,2,0.9751344979397587,18,0.04142565974407182,COMPLETE
5340,5340,0.5099846390168971,2021-02-09 04:35:43.641408,2021-02-09 04:36:24.665088,0 days 00:00:41.023680,8.957713405137075e-05,15,2,0.9858351794313048,16,0.03161050458851938,COMPLETE
5341,5341,,2021-02-09 04:36:24.667846,2021-02-09 04:36:25.421978,0 days 00:00:00.754132,0.0006217411793495714,15,0,0.9389875889172418,16,0.028650714916445642,FAIL
5342,5342,,2021-02-09 04:36:25.425235,2021-02-09 04:36:26.165626,0 days 00:00:00.740391,0.002705336297433502,15,0,0.9634347444659168,16,0.095360791760237,FAIL
5343,5343,0.5145929339477726,2021-02-09 04:36:26.167609,2021-02-09 04:36:37.585395,0 days 00:00:11.417786,0.0008020768637835968,15,8,0.9235869097672815,16,0.02816594003391157,COMPLETE
5344,5344,,2021-02-09 04:36:37.588151,2021-02-09 04:36:38.350558,0 days 00:00:00.762407,0.0029769199540951446,9,0,0.9455751204116782,18,0.02561530003607698,FAIL
5345,5345,0.6092165898617512,2021-02-09 04:36:38.353869,2021-02-09 04:37:15.521916,0 days 00:00:37.168047,0.0006481378336431088,9,8,0.9446426339915689,18,0.015222557690095945,COMPLETE
5346,5346,0.5201228878648233,2021-02-09 04:37:15.524667,2021-02-09 04:37:26.463758,0 days 00:00:10.939091,0.00031806899516598696,7,2,0.9380674521395721,16,0.02567896351135044,COMPLETE
5347,5347,,2021-02-09 04:37:26.466928,2021-02-09 04:37:27.193396,0 days 00:00:00.726468,1.3241815439034881e-05,11,0,0.9696513430941601,14,0.030048807594165783,FAIL
5348,5348,,2021-02-09 04:37:27.196741,2021-02-09 04:37:27.939055,0 days 00:00:00.742314,0.0036660742249417884,11,0,0.9876308753309804,18,0.03781443185907978,FAIL
5349,5349,,2021-02-09 04:37:27.941134,2021-02-09 04:37:28.669862,0 days 00:00:00.728728,0.003523738301816491,11,0,0.9876121377012559,14,0.03790389818570432,FAIL
5350,5350,0.4141321044546851,2021-02-09 04:37:28.673206,2021-02-09 04:37:39.729052,0 days 00:00:11.055846,0.0004041151097239435,11,2,0.969037037631124,14,0.03752880062865614,COMPLETE
5351,5351,0.5563748079877112,2021-02-09 04:37:39.731818,2021-02-09 04:37:51.303938,0 days 00:00:11.572120,0.0037210668112288778,15,8,0.9652155483991234,18,0.02951257800300262,COMPLETE
5352,5352,,2021-02-09 04:37:51.306719,2021-02-09 04:37:52.039830,0 days 00:00:00.733111,0.002613336325270871,7,0,0.9330569068550318,12,0.020945074826166414,FAIL
5353,5353,0.5360983102918587,2021-02-09 04:37:52.043239,2021-02-09 04:38:02.913949,0 days 00:00:10.870710,0.0029226479055721524,7,2,0.9318333208853056,12,0.09324786184830519,COMPLETE
5354,5354,,2021-02-09 04:38:02.916729,2021-02-09 04:38:03.650104,0 days 00:00:00.733375,1.3600145782713345e-05,15,0,0.9298475516429373,16,0.023655163759991778,FAIL
5355,5355,0.41566820276497696,2021-02-09 04:38:03.653290,2021-02-09 04:38:15.041195,0 days 00:00:11.387905,1.2573481613493811e-05,15,8,0.9857850508213494,16,0.07858414555751088,COMPLETE
5356,5356,,2021-02-09 04:38:15.043963,2021-02-09 04:38:15.768146,0 days 00:00:00.724183,0.00016427276521168262,11,0,0.9881040238155177,16,0.02396729455435137,FAIL
5357,5357,0.5523809523809524,2021-02-09 04:38:15.770143,2021-02-09 04:38:26.715724,0 days 00:00:10.945581,0.00015781358739477757,11,2,0.9298906023114772,16,0.02105671669037657,COMPLETE
5358,5358,,2021-02-09 04:38:26.718498,2021-02-09 04:38:29.245291,0 days 00:00:02.526793,0.0005388206523179896,7,8,0.9722300760807888,18,0.023372435822562425,FAIL
5359,5359,,2021-02-09 04:38:29.248137,2021-02-09 04:38:30.041183,0 days 00:00:00.793046,0.0005340057405455025,7,0,0.9883382842417106,18,0.032834845385478345,FAIL
5360,5360,0.4021505376344086,2021-02-09 04:38:30.044702,2021-02-09 04:39:12.297051,0 days 00:00:42.252349,0.0005629974989288253,7,8,0.9728265026769871,18,0.02375584832058048,COMPLETE
5361,5361,,2021-02-09 04:39:12.299817,2021-02-09 04:39:13.049299,0 days 00:00:00.749482,1.571047961686967e-05,15,0,0.9882004384648263,16,0.03282470093065124,FAIL
5362,5362,,2021-02-09 04:39:13.052736,2021-02-09 04:39:13.807623,0 days 00:00:00.754887,1.0026453251626471e-05,15,0,0.987748393869041,16,0.032023335147421554,FAIL
5363,5363,,2021-02-09 04:39:13.809631,2021-02-09 04:39:14.702833,0 days 00:00:00.893202,0.00011757293813893252,15,0,0.9898670170826613,16,0.034159335781560635,FAIL
5364,5364,0.602457757296467,2021-02-09 04:39:14.704921,2021-02-09 04:39:25.705468,0 days 00:00:11.000547,1.4311353078014875e-05,15,2,0.9897536690080635,16,0.032311424020454615,COMPLETE
5365,5365,0.5726574500768049,2021-02-09 04:39:25.708267,2021-02-09 04:39:36.453231,0 days 00:00:10.744964,1.7855775466013144e-05,5,2,0.9878721810213263,16,0.026246102053996054,COMPLETE
5366,5366,,2021-02-09 04:39:36.455983,2021-02-09 04:39:37.184950,0 days 00:00:00.728967,0.00011101649233191456,13,0,0.9402844501984545,18,0.01311454193661865,FAIL
5367,5367,0.5615975422427035,2021-02-09 04:39:37.188288,2021-02-09 04:39:48.397746,0 days 00:00:11.209458,0.00013223991350060223,13,8,0.9783299394288218,18,0.03377943881362835,COMPLETE
5368,5368,0.4872503840245776,2021-02-09 04:39:48.400528,2021-02-09 04:39:59.325124,0 days 00:00:10.924596,0.00019182145514469838,7,2,0.9394269742439441,16,0.028466118523321714,COMPLETE
5369,5369,0.5640552995391706,2021-02-09 04:39:59.328585,2021-02-09 04:40:10.800796,0 days 00:00:11.472211,0.0006765801795167447,9,10,0.9632378170292655,16,0.039445638738337147,COMPLETE
5370,5370,0.5170506912442396,2021-02-09 04:40:10.803567,2021-02-09 04:40:21.300097,0 days 00:00:10.496530,7.459470257710181e-05,15,2,0.9514824202829462,18,0.023135330288138786,COMPLETE
5371,5371,,2021-02-09 04:40:21.302894,2021-02-09 04:40:22.038558,0 days 00:00:00.735664,1.1945695690497248e-05,11,0,0.9464976102868576,14,0.013434956618214098,FAIL
5372,5372,,2021-02-09 04:40:22.040477,2021-02-09 04:40:22.764200,0 days 00:00:00.723723,0.00010591213656190767,11,0,0.9488833971582451,14,0.025368588064075378,FAIL
5373,5373,0.3686635944700461,2021-02-09 04:40:22.766118,2021-02-09 04:40:33.948962,0 days 00:00:11.182844,1.1915049271998325e-05,11,4,0.9491250938922544,14,0.03041049869603395,COMPLETE
5374,5374,,2021-02-09 04:40:33.951737,2021-02-09 04:40:34.687458,0 days 00:00:00.735721,0.0004500155468070094,7,0,0.9816546398030016,16,0.04660602037087874,FAIL
5375,5375,,2021-02-09 04:40:34.690875,2021-02-09 04:40:35.429751,0 days 00:00:00.738876,0.00010511493152094185,7,0,0.9823476524239826,16,0.045778142528275986,FAIL
5376,5376,,2021-02-09 04:40:35.431922,2021-02-09 04:40:36.162612,0 days 00:00:00.730690,0.00011288471559224702,7,0,0.9345125257635374,16,0.019107712105090383,FAIL
5377,5377,,2021-02-09 04:40:36.165887,2021-02-09 04:40:36.897919,0 days 00:00:00.732032,0.00011037086143379784,7,0,0.983757385704101,16,0.01895193326735914,FAIL
5378,5378,0.42857142857142855,2021-02-09 04:40:36.900040,2021-02-09 04:40:48.070534,0 days 00:00:11.170494,0.0001162568943866447,7,8,0.9813075282457836,16,0.04372713191654464,COMPLETE
5379,5379,,2021-02-09 04:40:48.073323,2021-02-09 04:40:48.956087,0 days 00:00:00.882764,0.0004772604994911224,15,0,0.9701092312364845,16,0.025188461954569422,FAIL
5380,5380,0.41751152073732717,2021-02-09 04:40:48.958178,2021-02-09 04:40:59.654953,0 days 00:00:10.696775,0.00047687694925987003,15,2,0.9345661657850324,16,0.02504759728348838,COMPLETE
5381,5381,,2021-02-09 04:40:59.657741,2021-02-09 04:41:00.407217,0 days 00:00:00.749476,0.00023603910094915085,7,0,0.9835432837749423,18,0.03569300423301962,FAIL
5382,5382,0.4847926267281106,2021-02-09 04:41:00.409287,2021-02-09 04:41:11.762450,0 days 00:00:11.353163,0.0002314917663405599,7,8,0.9456012066658087,18,0.03532606917302585,COMPLETE
5383,5383,,2021-02-09 04:41:11.765256,2021-02-09 04:41:12.504103,0 days 00:00:00.738847,0.00036548341621801003,15,0,0.9708277811200428,16,0.019190298470767062,FAIL
5384,5384,0.45499231950844854,2021-02-09 04:41:12.507383,2021-02-09 04:41:23.216310,0 days 00:00:10.708927,0.0008843060257020078,15,2,0.9420411492696764,16,0.028071359413146132,COMPLETE
5385,5385,0.41781874039938555,2021-02-09 04:41:23.219101,2021-02-09 04:41:34.351644,0 days 00:00:11.132543,0.0003672439446324803,11,2,0.9707062135857475,18,0.0186720508236271,COMPLETE
5386,5386,0.6003072196620584,2021-02-09 04:41:34.354400,2021-02-09 04:41:46.070940,0 days 00:00:11.716540,9.613104049956315e-05,15,8,0.983969475425288,16,0.02200834046356332,COMPLETE
5387,5387,0.3720430107526882,2021-02-09 04:41:46.073733,2021-02-09 04:41:57.047846,0 days 00:00:10.974113,1.519828119175286e-05,7,2,0.96547732228896,16,0.0317908684617983,COMPLETE
5388,5388,,2021-02-09 04:41:57.050602,2021-02-09 04:41:57.797402,0 days 00:00:00.746800,0.0005567787155919944,17,0,0.9370878380738918,18,0.037310524349104805,FAIL
5389,5389,0.46543778801843316,2021-02-09 04:41:57.799298,2021-02-09 04:42:08.907993,0 days 00:00:11.108695,1.2189072690101888e-05,17,4,0.9692348783243735,18,0.03721267196587805,COMPLETE
5390,5390,0.4153609831029186,2021-02-09 04:42:08.910780,2021-02-09 04:42:24.659629,0 days 00:00:15.748849,0.0002895818272106215,7,2,0.9028263287102429,16,0.025034716631620987,COMPLETE
5391,5391,,2021-02-09 04:42:24.662399,2021-02-09 04:42:25.406395,0 days 00:00:00.743996,0.00015571095361834408,9,0,0.9876655475838214,16,0.027402514118036046,FAIL
5392,5392,,2021-02-09 04:42:25.409768,2021-02-09 04:42:26.158557,0 days 00:00:00.748789,1.0041310588555553e-05,9,0,0.9331289119366846,16,0.027205551210415728,FAIL
5393,5393,,2021-02-09 04:42:26.160508,2021-02-09 04:42:26.881704,0 days 00:00:00.721196,0.00015310364876893774,9,0,0.9377545996436706,16,0.027223005084884285,FAIL
5394,5394,0.5336405529953917,2021-02-09 04:42:26.883655,2021-02-09 04:43:09.068928,0 days 00:00:42.185273,0.0027724356076437246,9,8,0.9899672673094675,16,0.013308478823399104,COMPLETE
5395,5395,0.4196620583717358,2021-02-09 04:43:09.071708,2021-02-09 04:43:20.116672,0 days 00:00:11.044964,0.00015851368791673905,15,2,0.9869670016091426,16,0.026882428165727154,COMPLETE
5396,5396,0.4294930875576037,2021-02-09 04:43:20.119446,2021-02-09 04:43:31.407505,0 days 00:00:11.288059,0.0005018289993853793,15,8,0.9210764728598944,18,0.033148592169001415,COMPLETE
5397,5397,0.3904761904761905,2021-02-09 04:43:31.410299,2021-02-09 04:43:42.336358,0 days 00:00:10.926059,1.0015130720118406e-05,13,2,0.9371068768121423,16,0.046716671173386355,COMPLETE
5398,5398,,2021-02-09 04:43:42.339124,2021-02-09 04:43:43.073042,0 days 00:00:00.733918,0.00039486619831684267,7,0,0.9252086876784239,18,0.07114380862976064,FAIL
5399,5399,,2021-02-09 04:43:43.075696,2021-02-09 04:43:43.802523,0 days 00:00:00.726827,0.00011064358840933501,7,0,0.9330977051991425,18,0.020411126796146525,FAIL
5400,5400,0.5619047619047619,2021-02-09 04:43:43.804522,2021-02-09 04:44:19.287701,0 days 00:00:35.483179,0.00010561296537399075,7,2,0.9854812544247427,18,0.0200088475038986,COMPLETE
5401,5401,,2021-02-09 04:44:19.290475,2021-02-09 04:44:20.031325,0 days 00:00:00.740850,0.0007217498389705186,11,0,0.9834762493876393,16,0.029720312990034522,FAIL
5402,5402,0.43502304147465437,2021-02-09 04:44:20.033416,2021-02-09 04:44:31.333682,0 days 00:00:11.300266,1.0001772123260661e-05,11,8,0.9827736362052711,16,0.029242508748384383,COMPLETE
5403,5403,,2021-02-09 04:44:31.336491,2021-02-09 04:44:32.076727,0 days 00:00:00.740236,0.0007520986032085733,15,0,0.9319948548722674,18,0.02368358546815101,FAIL
5404,5404,0.4362519201228879,2021-02-09 04:44:32.080129,2021-02-09 04:45:32.834958,0 days 00:01:00.754829,0.00042999222401843236,15,2,0.9881116476999949,18,0.024035719019522214,COMPLETE
5405,5405,0.4359447004608295,2021-02-09 04:45:32.837758,2021-02-09 04:45:44.196738,0 days 00:00:11.358980,0.0007210366677411527,5,8,0.941338768283703,16,0.035551695883871796,COMPLETE
5406,5406,,2021-02-09 04:45:44.199522,2021-02-09 04:45:44.937585,0 days 00:00:00.738063,1.8788429688756077e-05,11,0,0.9766151648970706,16,0.04142606941545625,FAIL
5407,5407,,2021-02-09 04:45:44.939674,2021-02-09 04:45:45.665856,0 days 00:00:00.726182,1.7407124800378058e-05,11,0,0.9324263100799902,16,0.031030230885087055,FAIL
5408,5408,,2021-02-09 04:45:45.667789,2021-02-09 04:45:46.385082,0 days 00:00:00.717293,1.8723949720611765e-05,11,0,0.924999711633198,16,0.04067779897317123,FAIL
5409,5409,,2021-02-09 04:45:46.388525,2021-02-09 04:45:47.146212,0 days 00:00:00.757687,0.0001346075248188911,11,0,0.9669714576657267,16,0.07092422753355762,FAIL
5410,5410,0.47250384024577574,2021-02-09 04:45:47.148086,2021-02-09 04:45:58.086717,0 days 00:00:10.938631,1.74825920091712e-05,11,2,0.9328970001339254,16,0.027512693844990187,COMPLETE
5411,5411,,2021-02-09 04:45:58.089481,2021-02-09 04:45:58.843243,0 days 00:00:00.753762,0.00014028494076220074,7,0,0.9478217220379525,18,0.04171030056645368,FAIL
5412,5412,0.40675883256528417,2021-02-09 04:45:58.846747,2021-02-09 04:46:51.780262,0 days 00:00:52.933515,0.0005702156182437855,7,8,0.9250785444667934,18,0.04043640420478016,COMPLETE
5413,5413,0.38894009216589864,2021-02-09 04:46:51.783011,2021-02-09 04:47:02.959146,0 days 00:00:11.176135,0.00033114606526459905,15,2,0.9671005718103721,16,0.06993264602362945,COMPLETE
5414,5414,0.6150537634408603,2021-02-09 04:47:02.961918,2021-02-09 04:47:24.404722,0 days 00:00:21.442804,0.00012826016189617344,15,4,0.9285764828990161,14,0.030491901264831575,COMPLETE
5415,5415,0.6153609831029185,2021-02-09 04:47:24.407508,2021-02-09 04:47:39.830919,0 days 00:00:15.423411,1.3394442851943587e-05,7,2,0.9806017333738731,16,0.022528744221681343,COMPLETE
5416,5416,,2021-02-09 04:47:39.833681,2021-02-09 04:47:40.558119,0 days 00:00:00.724438,0.004151092642704151,11,0,0.9432810686892178,18,0.016849568212939505,FAIL
5417,5417,0.42242703533026116,2021-02-09 04:47:40.560230,2021-02-09 04:47:51.981856,0 days 00:00:11.421626,8.198899072495906e-05,11,8,0.9762649339557719,18,0.03277453918308353,COMPLETE
5418,5418,0.5410138248847927,2021-02-09 04:47:51.984646,2021-02-09 04:48:02.977385,0 days 00:00:10.992739,0.00014379313266521946,9,2,0.9474311544351212,16,0.026291382799548058,COMPLETE
5419,5419,,2021-02-09 04:48:02.980170,2021-02-09 04:48:03.711729,0 days 00:00:00.731559,0.0002036126867283615,7,0,0.9844831092941347,16,0.021541794795859735,FAIL
5420,5420,,2021-02-09 04:48:03.713656,2021-02-09 04:48:04.433686,0 days 00:00:00.720030,0.00024537783592429877,7,0,0.9358682323075864,16,0.036632854255795835,FAIL
5421,5421,0.5655913978494623,2021-02-09 04:48:04.437069,2021-02-09 04:48:15.700980,0 days 00:00:11.263911,6.392199396429158e-05,7,8,0.9432923827404242,16,0.021153345031230984,COMPLETE
5422,5422,0.47803379416282643,2021-02-09 04:48:15.703762,2021-02-09 04:48:26.376975,0 days 00:00:10.673213,0.004457489111274502,15,2,0.9358885406139014,18,0.038493122818978834,COMPLETE
5423,5423,0.480184331797235,2021-02-09 04:48:26.379796,2021-02-09 04:48:37.971372,0 days 00:00:11.591576,0.0004119607934391076,13,8,0.9727807096711965,16,0.02967383527606231,COMPLETE
5424,5424,,2021-02-09 04:48:37.974165,2021-02-09 04:48:38.865357,0 days 00:00:00.891192,0.0001915613368884321,7,0,0.9605806222960525,16,0.03549621701524941,FAIL
5425,5425,0.4150537634408602,2021-02-09 04:48:38.868778,2021-02-09 04:48:49.799741,0 days 00:00:10.930963,0.0001970499263308596,7,2,0.9844920593431002,16,0.016410620488039863,COMPLETE
5426,5426,0.4147465437788018,2021-02-09 04:48:49.802502,2021-02-09 04:49:00.587432,0 days 00:00:10.784930,0.0002559655900801102,15,2,0.9391003145921677,18,0.0351554748122859,COMPLETE
5427,5427,0.5284178187403994,2021-02-09 04:49:00.590225,2021-02-09 04:49:32.504089,0 days 00:00:31.913864,1.571503203158589e-05,7,8,0.9038307962716241,16,0.025032277548194842,COMPLETE
5428,5428,0.4187403993855607,2021-02-09 04:49:32.506882,2021-02-09 04:49:43.279259,0 days 00:00:10.772377,0.0008120050480028193,15,2,0.9685285614166028,18,0.08466498792543432,COMPLETE
5429,5429,0.38095238095238093,2021-02-09 04:49:43.282079,2021-02-09 04:49:54.224122,0 days 00:00:10.942043,0.00010663612058118475,11,4,0.9022395998991573,16,0.04231057479100348,COMPLETE
5430,5430,,2021-02-09 04:49:54.226917,2021-02-09 04:49:54.977234,0 days 00:00:00.750317,1.9596454649383385e-05,5,0,0.9702453828125697,18,0.023138419982078176,FAIL
5431,5431,,2021-02-09 04:49:54.980729,2021-02-09 04:49:55.766708,0 days 00:00:00.785979,1.241201511057301e-05,5,0,0.960671526463089,18,0.031266362476009404,FAIL
5432,5432,0.40276497695852537,2021-02-09 04:49:55.768684,2021-02-09 04:50:06.632646,0 days 00:00:10.863962,1.1712563314015313e-05,5,2,0.9608839586616994,14,0.031452041708626796,COMPLETE
5433,5433,,2021-02-09 04:50:06.635441,2021-02-09 04:50:07.375741,0 days 00:00:00.740300,2.0159337907231643e-05,7,0,0.9312995411367837,16,0.027634895072825832,FAIL
5434,5434,,2021-02-09 04:50:07.377682,2021-02-09 04:50:08.263571,0 days 00:00:00.885889,0.0006379378883908971,7,0,0.9641477908110668,16,0.023549487516276762,FAIL
5435,5435,0.44086021505376344,2021-02-09 04:50:08.265521,2021-02-09 04:50:19.535860,0 days 00:00:11.270339,1.9952567890219338e-05,7,8,0.9311186418583289,16,0.02783278853654595,COMPLETE
5436,5436,0.45314900153609833,2021-02-09 04:50:19.538659,2021-02-09 04:50:45.625320,0 days 00:00:26.086661,0.002285857117065214,15,2,0.9340930797497923,16,0.023229629221911945,COMPLETE
5437,5437,,2021-02-09 04:50:45.628119,2021-02-09 04:50:46.368424,0 days 00:00:00.740305,0.0006451828569016328,9,0,0.9641406273370156,18,0.033724109281671466,FAIL
5438,5438,,2021-02-09 04:50:46.371761,2021-02-09 04:50:47.163514,0 days 00:00:00.791753,0.0006016029453405774,9,0,0.9640209381557768,18,0.03650181435372365,FAIL
5439,5439,,2021-02-09 04:50:47.166986,2021-02-09 04:50:47.931974,0 days 00:00:00.764988,0.0006314778710945169,9,0,0.963159017385452,18,0.03427061710774008,FAIL
5440,5440,,2021-02-09 04:50:47.933974,2021-02-09 04:50:48.657494,0 days 00:00:00.723520,0.000583009926723323,9,0,0.9647542594687483,18,0.036398976412751236,FAIL
5441,5441,0.5483870967741935,2021-02-09 04:50:48.661007,2021-02-09 04:51:04.692724,0 days 00:00:16.031717,0.0001633224789355792,9,2,0.9028843616486728,18,0.0341964856471345,COMPLETE
5442,5442,0.5643625192012289,2021-02-09 04:51:04.695539,2021-02-09 04:51:16.152910,0 days 00:00:11.457371,1.003747434034411e-05,7,8,0.9641004459779466,16,0.025334977752309203,COMPLETE
5443,5443,0.6067588325652842,2021-02-09 04:51:16.155713,2021-02-09 04:51:27.092539,0 days 00:00:10.936826,0.0006004899380191973,15,2,0.9460367743437629,18,0.03699525003221902,COMPLETE
5444,5444,0.5579109062980031,2021-02-09 04:51:27.095346,2021-02-09 04:51:38.625702,0 days 00:00:11.530356,1.3537219572427266e-05,11,8,0.974383220894494,16,0.019506373838092932,COMPLETE
5445,5445,0.4436251920122888,2021-02-09 04:51:38.628513,2021-02-09 04:52:09.642820,0 days 00:00:31.014307,9.168610634547026e-05,13,2,0.9705801842807803,16,0.030782348489517514,COMPLETE
