,number,value,datetime_start,datetime_complete,duration,params_lr,params_nl2,params_num_ct,params_scheduler_gamma,params_sigma2,params_weight_decay,state
5570,5570,0.616589861751152,2021-02-09 05:15:22.009356,2021-02-09 05:15:33.333685,0 days 00:00:11.324329,0.0008064342041343972,11,8,0.9025814075206615,16,0.024734222124979388,COMPLETE
5571,5571,0.39109062980030723,2021-02-09 05:15:33.336537,2021-02-09 05:16:04.283350,0 days 00:00:30.946813,0.0011841783549343368,11,2,0.9060184973652451,18,0.019724852532506887,COMPLETE
5572,5572,0.40153609831029186,2021-02-09 05:16:04.286178,2021-02-09 05:16:20.133265,0 days 00:00:15.847087,9.022979989999588e-05,11,2,0.9039285131267806,16,0.021148092317083762,COMPLETE
5573,5573,,2021-02-09 05:16:20.136113,2021-02-09 05:16:20.866285,0 days 00:00:00.730172,0.001033425995323399,11,0,0.9013974637430172,16,0.024519792828227877,FAIL
5574,5574,,2021-02-09 05:16:20.869776,2021-02-09 05:16:21.619897,0 days 00:00:00.750121,0.001051577707798879,11,0,0.9016105624536348,16,0.017085051066872792,FAIL
5575,5575,0.44208909370199695,2021-02-09 05:16:21.621917,2021-02-09 05:16:32.514404,0 days 00:00:10.892487,0.0015676025993325345,11,2,0.9017777121530313,16,0.024436336588405615,COMPLETE
5576,5576,0.4466973886328725,2021-02-09 05:16:32.517275,2021-02-09 05:16:53.965789,0 days 00:00:21.448514,0.0010394213007152019,11,6,0.9072678852870508,18,0.08040555687633091,COMPLETE
5577,5577,0.6043010752688172,2021-02-09 05:16:53.968678,2021-02-09 05:17:05.413941,0 days 00:00:11.445263,0.0014326267776878056,11,8,0.9030959448094529,16,0.022795748609486317,COMPLETE
5578,5578,0.4835637480798771,2021-02-09 05:17:05.416830,2021-02-09 05:17:16.850966,0 days 00:00:11.434136,0.001254810974135255,11,8,0.9048743444472231,16,0.02281489896078477,COMPLETE
5579,5579,,2021-02-09 05:17:16.853818,2021-02-09 05:17:17.599799,0 days 00:00:00.745981,0.001820186420740871,11,0,0.9014966388173832,18,0.02494126100376686,FAIL
5580,5580,0.6172043010752688,2021-02-09 05:17:17.603375,2021-02-09 05:17:28.252333,0 days 00:00:10.648958,0.001046104088840458,11,4,0.9002886575998363,18,0.025209387764342398,COMPLETE
5581,5581,0.41689708141321047,2021-02-09 05:17:28.255195,2021-02-09 05:17:44.427601,0 days 00:00:16.172406,0.0009584318867866957,11,2,0.9001626596069445,16,0.02000214910282229,COMPLETE
5582,5582,0.5576036866359447,2021-02-09 05:17:44.430441,2021-02-09 05:17:56.508691,0 days 00:00:12.078250,0.001845059230523821,11,10,0.9053906233390283,16,0.017649713741818406,COMPLETE
5583,5583,0.4288786482334869,2021-02-09 05:17:56.511546,2021-02-09 05:18:47.115983,0 days 00:00:50.604437,0.0012047479755073083,11,2,0.9016344930257557,18,0.02488172103787645,COMPLETE
5584,5584,0.38341013824884795,2021-02-09 05:18:47.118821,2021-02-09 05:18:58.063712,0 days 00:00:10.944891,0.0018475472569945465,11,2,0.903944030313686,16,0.026051335903233087,COMPLETE
5585,5585,0.458678955453149,2021-02-09 05:18:58.066571,2021-02-09 05:19:09.981676,0 days 00:00:11.915105,0.0015915588360916545,11,8,0.9071448750080164,14,0.02107928282660125,COMPLETE
5586,5586,0.46144393241167436,2021-02-09 05:19:09.984559,2021-02-09 05:19:20.928392,0 days 00:00:10.943833,0.00098823802538323,11,6,0.9034730147581821,18,0.023105434668795256,COMPLETE
5587,5587,,2021-02-09 05:19:20.931249,2021-02-09 05:19:21.660426,0 days 00:00:00.729177,0.0009163651608678475,11,0,0.9056271757188964,16,0.01648098312019056,FAIL
5588,5588,0.42242703533026116,2021-02-09 05:19:21.663820,2021-02-09 05:19:32.656621,0 days 00:00:10.992801,0.0011201621154486611,11,2,0.9002103354491023,16,0.025280363078937714,COMPLETE
5589,5589,,2021-02-09 05:19:32.659471,2021-02-09 05:19:33.400593,0 days 00:00:00.741122,0.0009596685456549655,11,0,0.9001447912339217,16,0.04293275250828669,FAIL
5590,5590,,2021-02-09 05:19:33.402582,2021-02-09 05:19:34.267584,0 days 00:00:00.865002,0.001042265409163767,11,0,0.9017486341717591,16,0.04316953338706859,FAIL
5591,5591,,2021-02-09 05:19:34.271187,2021-02-09 05:19:35.023415,0 days 00:00:00.752228,0.0009160114930598485,11,0,0.9001419707270217,16,0.021917636889224403,FAIL
5592,5592,0.42334869431643624,2021-02-09 05:19:35.025444,2021-02-09 05:19:46.438770,0 days 00:00:11.413326,0.001301817250760612,11,8,0.9000386762199444,16,0.02662175597433651,COMPLETE
5593,5593,0.44208909370199695,2021-02-09 05:19:46.441624,2021-02-09 05:19:57.048149,0 days 00:00:10.606525,0.0009883227673623304,11,2,0.9024077324791785,18,0.021631076527164308,COMPLETE
5594,5594,,2021-02-09 05:19:57.051443,2021-02-09 05:19:57.786277,0 days 00:00:00.734834,0.00162381409476728,11,0,0.905936516479978,16,0.04385010585735135,FAIL
5595,5595,0.42457757296466975,2021-02-09 05:19:57.789748,2021-02-09 05:20:08.928142,0 days 00:00:11.138394,0.0011436754978801625,11,2,0.905461158693038,16,0.044292309481377704,COMPLETE
5596,5596,0.5689708141321045,2021-02-09 05:20:08.931003,2021-02-09 05:21:43.919023,0 days 00:01:34.988020,0.0009472086031033278,11,8,0.9350285900150002,16,0.0166689519913223,COMPLETE
5597,5597,,2021-02-09 05:21:43.921921,2021-02-09 05:21:44.668993,0 days 00:00:00.747072,0.0008546211425859674,13,0,0.9641131837328901,18,0.012641748441247417,FAIL
5598,5598,0.44178187403993857,2021-02-09 05:21:44.670937,2021-02-09 05:21:55.217329,0 days 00:00:10.546392,0.0008573592831143167,13,2,0.9028660208700505,18,0.02404864663259762,COMPLETE
5599,5599,0.38003072196620585,2021-02-09 05:21:55.220210,2021-02-09 05:22:11.421358,0 days 00:00:16.201148,0.0008162821612489781,11,6,0.9470567760406156,12,0.018982700998721964,COMPLETE
5600,5600,0.410752688172043,2021-02-09 05:22:11.424212,2021-02-09 05:22:22.901088,0 days 00:00:11.476876,0.0014411799608943536,15,8,0.9654670935926585,16,0.01221816080251811,COMPLETE
5601,5601,0.4715821812596006,2021-02-09 05:22:22.903966,2021-02-09 05:22:33.605219,0 days 00:00:10.701253,0.0015516256925446773,11,2,0.9366194890186671,16,0.02664833326376025,COMPLETE
5602,5602,0.5920122887864824,2021-02-09 05:22:33.608087,2021-02-09 05:22:44.385577,0 days 00:00:10.777490,0.0018739371933479353,15,2,0.9018605465483314,18,0.04179728051359384,COMPLETE
5603,5603,0.5391705069124424,2021-02-09 05:22:44.388458,2021-02-09 05:22:55.618794,0 days 00:00:11.230336,1.0011897165751519e-05,9,4,0.9000952188544892,16,0.03883444278475982,COMPLETE
5604,5604,0.44208909370199695,2021-02-09 05:22:55.621665,2021-02-09 05:23:06.397098,0 days 00:00:10.775433,0.0008992844979608545,11,8,0.9313506144670223,16,0.06924026183849086,COMPLETE
5605,5605,,2021-02-09 05:23:06.399956,2021-02-09 05:23:07.134332,0 days 00:00:00.734376,0.0006119278839086357,13,0,0.968370370208871,18,0.0227300513711304,FAIL
5606,5606,,2021-02-09 05:23:07.137924,2021-02-09 05:23:07.905253,0 days 00:00:00.767329,0.0011428143606595205,13,0,0.9440991440654912,18,0.023397072894979415,FAIL
5607,5607,0.5529953917050692,2021-02-09 05:23:07.907491,2021-02-09 05:23:43.226980,0 days 00:00:35.319489,0.0011711984480791274,13,2,0.9449212671211483,18,0.023187808265822507,COMPLETE
5608,5608,,2021-02-09 05:23:43.229846,2021-02-09 05:23:44.145907,0 days 00:00:00.916061,0.0006454380594332346,17,0,0.9067027784932823,16,0.0250648633595918,FAIL
5609,5609,,2021-02-09 05:23:44.149457,2021-02-09 05:23:44.896972,0 days 00:00:00.747515,0.0006175807782044962,15,0,0.9684096397704096,16,0.02504382301637864,FAIL
5610,5610,,2021-02-09 05:23:44.900567,2021-02-09 05:23:45.657805,0 days 00:00:00.757238,0.00012058295977739414,17,0,0.9685211383086052,16,0.021166511958649,FAIL
5611,5611,,2021-02-09 05:23:45.659859,2021-02-09 05:23:46.394274,0 days 00:00:00.734415,0.0005893504926749477,15,0,0.9000074457139946,16,0.02441239499894837,FAIL
5612,5612,0.4202764976958525,2021-02-09 05:23:46.397860,2021-02-09 05:23:57.155255,0 days 00:00:10.757395,0.0006134662325369196,17,2,0.968064263993542,16,0.024841323391454673,COMPLETE
5613,5613,0.5646697388632872,2021-02-09 05:23:57.158118,2021-02-09 05:24:13.969356,0 days 00:00:16.811238,1.548727922617091e-05,15,8,0.9406821608845708,14,0.022091416687015933,COMPLETE
5614,5614,0.4930875576036866,2021-02-09 05:24:13.972240,2021-02-09 05:24:30.062515,0 days 00:00:16.090275,0.00013525946183567337,15,6,0.949735738282576,16,0.027542221768237816,COMPLETE
5615,5615,,2021-02-09 05:24:30.065412,2021-02-09 05:24:30.825679,0 days 00:00:00.760267,1.1916662673998885e-05,11,0,0.9048976072937033,18,0.03655646305123457,FAIL
5616,5616,0.4328725038402458,2021-02-09 05:24:30.829242,2021-02-09 05:24:41.814825,0 days 00:00:10.985583,1.2732403409866612e-05,11,2,0.907019368657626,18,0.020213780848776893,COMPLETE
5617,5617,,2021-02-09 05:24:41.817698,2021-02-09 05:24:42.564682,0 days 00:00:00.746984,0.0019955764938511516,15,0,0.905133759934282,16,0.0352136051516131,FAIL
5618,5618,,2021-02-09 05:24:42.568193,2021-02-09 05:24:45.075182,0 days 00:00:02.506989,0.00011532902574403042,15,8,0.9434517660923196,16,0.03627851296086439,FAIL
5619,5619,0.620583717357911,2021-02-09 05:24:45.078199,2021-02-09 05:24:56.770284,0 days 00:00:11.692085,0.00010197920248203024,15,8,0.9046813355834624,16,0.0356618076704507,COMPLETE
5620,5620,0.5794162826420891,2021-02-09 05:24:56.773172,2021-02-09 05:25:07.340805,0 days 00:00:10.567633,1.0040603844140379e-05,15,2,0.9426096240392717,18,0.024534085224501134,COMPLETE
5621,5621,,2021-02-09 05:25:07.343678,2021-02-09 05:25:08.084179,0 days 00:00:00.740501,0.00012122077335128193,9,0,0.972289271789163,16,0.03675900405826489,FAIL
5622,5622,0.61321044546851,2021-02-09 05:25:08.087684,2021-02-09 05:25:24.627228,0 days 00:00:16.539544,0.0018008509000331707,11,8,0.9720625977367882,16,0.037643083711337406,COMPLETE
5623,5623,,2021-02-09 05:25:24.630098,2021-02-09 05:25:25.383287,0 days 00:00:00.753189,7.14232018487903e-05,9,0,0.9016230387282846,16,0.027679983915477747,FAIL
5624,5624,0.6202764976958526,2021-02-09 05:25:25.386851,2021-02-09 05:25:36.958977,0 days 00:00:11.572126,1.200252163414183e-05,13,4,0.9015535360573438,16,0.027951029230949404,COMPLETE
5625,5625,0.4433179723502304,2021-02-09 05:25:36.961850,2021-02-09 05:25:47.697758,0 days 00:00:10.735908,1.714010988425295e-05,9,2,0.903611736102772,18,0.04128967242930541,COMPLETE
5626,5626,0.4817204301075269,2021-02-09 05:25:47.700637,2021-02-09 05:25:59.210807,0 days 00:00:11.510170,7.360664819617305e-05,11,8,0.9292851909348988,16,0.02635721459822618,COMPLETE
5627,5627,,2021-02-09 05:25:59.213697,2021-02-09 05:26:05.042972,0 days 00:00:05.829275,0.0021104469987208996,15,6,0.9000723369712245,16,0.022644133712376557,FAIL
5628,5628,0.5486943164362519,2021-02-09 05:26:05.047326,2021-02-09 05:26:26.608059,0 days 00:00:21.560733,0.00017525304037392496,15,6,0.9000717429060769,16,0.02264382798221027,COMPLETE
5629,5629,,2021-02-09 05:26:26.610933,2021-02-09 05:26:27.334571,0 days 00:00:00.723638,0.00012172263736172683,15,0,0.9050554939364751,16,0.03489962312674469,FAIL
5630,5630,,2021-02-09 05:26:27.338270,2021-02-09 05:26:28.091668,0 days 00:00:00.753398,0.00011254868054077149,15,0,0.9638416591042953,16,0.03592642417465087,FAIL
5631,5631,,2021-02-09 05:26:28.093826,2021-02-09 05:26:28.826163,0 days 00:00:00.732337,0.00012409683059463303,15,0,0.959712460638884,16,0.03415409001473907,FAIL
5632,5632,,2021-02-09 05:26:28.828268,2021-02-09 05:26:29.556013,0 days 00:00:00.727745,0.0009655376359191337,15,0,0.9384043135203591,16,0.03460081590223024,FAIL
5633,5633,0.6254992319508449,2021-02-09 05:26:29.558042,2021-02-09 05:26:40.211905,0 days 00:00:10.653863,0.0008795764365138046,15,2,0.9057201481696832,16,0.03568605288475568,COMPLETE
5634,5634,,2021-02-09 05:26:40.214792,2021-02-09 05:26:40.958710,0 days 00:00:00.743918,0.0005018558804117183,15,0,0.9644554417283059,18,0.024005064943202373,FAIL
5635,5635,0.42273425499231954,2021-02-09 05:26:40.960719,2021-02-09 05:27:13.333011,0 days 00:00:32.372292,0.0006081230242093903,17,8,0.9335058064919671,18,0.02443395848450714,COMPLETE
5636,5636,,2021-02-09 05:27:13.335889,2021-02-09 05:27:14.089855,0 days 00:00:00.753966,0.00012082913940592214,15,0,0.9227723930900767,16,0.02088883624731571,FAIL
5637,5637,0.5161290322580645,2021-02-09 05:27:14.093545,2021-02-09 05:27:24.711214,0 days 00:00:10.617669,2.275597718906614e-05,15,2,0.9383942678502659,16,0.028074045973454927,COMPLETE
5638,5638,0.6242703533026114,2021-02-09 05:27:24.714078,2021-02-09 05:27:35.823131,0 days 00:00:11.109053,0.00012609487188885505,11,2,0.9638818927397287,18,0.07615619914483762,COMPLETE
5639,5639,,2021-02-09 05:27:35.826005,2021-02-09 05:27:36.565144,0 days 00:00:00.739139,0.00036570812661220034,9,0,0.9223976446081916,16,0.032970677668628316,FAIL
5640,5640,,2021-02-09 05:27:36.568570,2021-02-09 05:27:37.330312,0 days 00:00:00.761742,0.0004725163269536417,13,0,0.959425395018883,16,0.021909880669011297,FAIL
5641,5641,,2021-02-09 05:27:37.333778,2021-02-09 05:27:38.079289,0 days 00:00:00.745511,0.00040333746575860446,9,0,0.9685976428681815,16,0.020793129249231036,FAIL
5642,5642,0.533026113671275,2021-02-09 05:27:38.082690,2021-02-09 05:27:49.529334,0 days 00:00:11.446644,0.0020658607625201313,9,8,0.9689237070192108,16,0.021399261384725768,COMPLETE
5643,5643,,2021-02-09 05:27:49.532228,2021-02-09 05:27:50.269296,0 days 00:00:00.737068,0.00048297018661015126,13,0,0.9040459645900233,16,0.0331680274319025,FAIL
5644,5644,0.44208909370199695,2021-02-09 05:27:50.272737,2021-02-09 05:28:01.258091,0 days 00:00:10.985354,0.0005208320059046102,15,2,0.9035310634255304,16,0.03310233461124212,COMPLETE
5645,5645,,2021-02-09 05:28:01.260998,2021-02-09 05:28:02.023776,0 days 00:00:00.762778,0.0003773244793383124,13,0,0.907863254037801,18,0.03900027963593789,FAIL
5646,5646,,2021-02-09 05:28:02.027287,2021-02-09 05:28:02.785330,0 days 00:00:00.758043,0.0003958869659616719,13,0,0.9081214719003006,18,0.03876171305219221,FAIL
5647,5647,0.44577572964669737,2021-02-09 05:28:02.788720,2021-02-09 05:28:13.823207,0 days 00:00:11.034487,0.0003634415719342113,13,2,0.9000644018665972,18,0.04817648109087246,COMPLETE
5648,5648,,2021-02-09 05:28:13.826074,2021-02-09 05:28:14.570281,0 days 00:00:00.744207,0.00016471128418570988,5,0,0.9084711472946868,16,0.02602308741375738,FAIL
5649,5649,,2021-02-09 05:28:14.572306,2021-02-09 05:28:15.287750,0 days 00:00:00.715444,0.00015567010970553486,5,0,0.9599659057806265,16,0.03800996401073051,FAIL
5650,5650,0.6055299539170507,2021-02-09 05:28:15.289905,2021-02-09 05:28:26.916902,0 days 00:00:11.626997,0.00044243204131240655,11,8,0.9075446154262828,16,0.02588214709700205,COMPLETE
5651,5651,0.6224270353302611,2021-02-09 05:28:26.919774,2021-02-09 05:28:43.174790,0 days 00:00:16.255016,0.00020201637257497132,15,4,0.9048816234036977,18,0.019081991564904175,COMPLETE
5652,5652,0.3972350230414747,2021-02-09 05:28:43.177695,2021-02-09 05:28:54.685704,0 days 00:00:11.508009,0.0006864012809532782,5,6,0.9520430612600257,14,0.039441449589968446,COMPLETE
5653,5653,,2021-02-09 05:28:54.688605,2021-02-09 05:28:55.438496,0 days 00:00:00.749891,0.0001578672742610705,11,0,0.9754818346486114,16,0.029066782788079684,FAIL
5654,5654,0.5274961597542243,2021-02-09 05:28:55.440606,2021-02-09 05:29:11.251903,0 days 00:00:15.811297,0.00011118192095686384,11,2,0.9670005864310552,16,0.02984086768248081,COMPLETE
5655,5655,0.5360983102918587,2021-02-09 05:29:11.254762,2021-02-09 05:29:22.810921,0 days 00:00:11.556159,8.539559848556737e-05,15,8,0.9025093656777485,16,0.034754896119995604,COMPLETE
5656,5656,,2021-02-09 05:29:22.813816,2021-02-09 05:29:23.542061,0 days 00:00:00.728245,5.15124413488756e-05,15,0,0.9758788679248585,18,0.022893474050300507,FAIL
5657,5657,0.4608294930875576,2021-02-09 05:29:23.545656,2021-02-09 05:29:34.126541,0 days 00:00:10.580885,1.4202748487871152e-05,15,2,0.9590085081207186,18,0.02278596230323444,COMPLETE
5658,5658,0.5069124423963134,2021-02-09 05:29:34.129475,2021-02-09 05:29:55.162025,0 days 00:00:21.032550,0.0013244718346412262,15,2,0.9258233591928852,16,0.027929478748351083,COMPLETE
5659,5659,,2021-02-09 05:29:55.164947,2021-02-09 05:29:55.924353,0 days 00:00:00.759406,4.858537061353865e-05,11,0,0.9016518186756145,16,0.03144136017681448,FAIL
5660,5660,,2021-02-09 05:29:55.927928,2021-02-09 05:29:56.693700,0 days 00:00:00.765772,0.0001599100530298952,11,0,0.970057065963571,16,0.04328994894091748,FAIL
5661,5661,,2021-02-09 05:29:56.697383,2021-02-09 05:29:57.457498,0 days 00:00:00.760115,1.0049858009915544e-05,11,0,0.9015727499499718,16,0.020564687305698288,FAIL
5662,5662,0.6079877112135177,2021-02-09 05:29:57.459562,2021-02-09 05:30:08.996837,0 days 00:00:11.537275,0.00017029646283444572,11,8,0.9015312772054893,16,0.04389721576008189,COMPLETE
5663,5663,,2021-02-09 05:30:08.999732,2021-02-09 05:30:09.751827,0 days 00:00:00.752095,0.0009900755119194916,15,0,0.9446557351424324,18,0.03139382599596438,FAIL
5664,5664,,2021-02-09 05:30:09.753941,2021-02-09 05:30:10.496392,0 days 00:00:00.742451,0.001066314432312288,15,0,0.9758621608687262,18,0.03176907158503664,FAIL
5665,5665,,2021-02-09 05:30:10.498429,2021-02-09 05:30:11.389475,0 days 00:00:00.891046,1.1671731592932769e-05,15,0,0.9763537025868014,18,0.024111960156720024,FAIL
5666,5666,0.4095238095238095,2021-02-09 05:30:11.391597,2021-02-09 05:30:31.773549,0 days 00:00:20.381952,1.236458177319851e-05,15,2,0.9366678477027254,18,0.03199178474042828,COMPLETE
5667,5667,,2021-02-09 05:30:31.776416,2021-02-09 05:30:32.514066,0 days 00:00:00.737650,1.0060124056062786e-05,9,0,0.96127185297209,16,0.02046682151957148,FAIL
5668,5668,0.5081413210445469,2021-02-09 05:30:32.516098,2021-02-09 05:31:03.409725,0 days 00:00:30.893627,0.0010771438765773665,9,6,0.9490425958134844,16,0.037445815509215725,COMPLETE
5669,5669,,2021-02-09 05:31:03.412630,2021-02-09 05:31:04.192636,0 days 00:00:00.780006,0.00013270736444174225,15,0,0.9439628220058219,18,0.026478262647188333,FAIL
5670,5670,0.556989247311828,2021-02-09 05:31:04.194795,2021-02-09 05:31:15.287313,0 days 00:00:11.092518,0.00012789290256282895,15,2,0.9756212782725139,18,0.10083982497600673,COMPLETE
5671,5671,,2021-02-09 05:31:15.290217,2021-02-09 05:31:16.043367,0 days 00:00:00.753150,0.0003387323302755068,11,0,0.900000861949086,16,0.020392626172977924,FAIL
5672,5672,0.580952380952381,2021-02-09 05:31:16.045354,2021-02-09 05:31:27.650828,0 days 00:00:11.605474,0.00015415804139034186,11,8,0.9000941339394963,16,0.0239367751968212,COMPLETE
5673,5673,0.4847926267281106,2021-02-09 05:31:27.653704,2021-02-09 05:31:38.619779,0 days 00:00:10.966075,1.9406803508710936e-05,9,2,0.943812351106562,16,0.02082943235960516,COMPLETE
5674,5674,0.43870967741935485,2021-02-09 05:31:38.622698,2021-02-09 05:31:49.512635,0 days 00:00:10.889937,0.0007442057082198617,15,4,0.9650881618143442,16,0.025769973001500805,COMPLETE
5675,5675,0.6089093701996928,2021-02-09 05:31:49.515540,2021-02-09 05:32:00.520360,0 days 00:00:11.004820,1.011063097229356e-05,15,2,0.92263708020857,18,0.030185892251452216,COMPLETE
5676,5676,0.41228878648233486,2021-02-09 05:32:00.523292,2021-02-09 05:32:11.720791,0 days 00:00:11.197499,0.0003264475114028381,13,8,0.9700042651161279,16,0.033643291323377095,COMPLETE
5677,5677,,2021-02-09 05:32:11.723706,2021-02-09 05:32:12.450136,0 days 00:00:00.726430,0.0004645241669772198,11,0,0.9462701389356081,18,0.028111647884930965,FAIL
5678,5678,,2021-02-09 05:32:12.453681,2021-02-09 05:32:13.240784,0 days 00:00:00.787103,0.00010042965760535973,11,0,0.9057365193523436,18,0.027840689785658856,FAIL
5679,5679,,2021-02-09 05:32:13.244376,2021-02-09 05:32:14.038876,0 days 00:00:00.794500,0.00010203630399339305,11,0,0.9030939682416531,18,0.028338020683298923,FAIL
5680,5680,,2021-02-09 05:32:14.040942,2021-02-09 05:32:14.763350,0 days 00:00:00.722408,0.0004932799416278833,11,0,0.900002583396381,18,0.028184023861440533,FAIL
5681,5681,0.445468509984639,2021-02-09 05:32:14.766882,2021-02-09 05:32:26.211922,0 days 00:00:11.445040,0.0005007786230759985,11,8,0.9000464781649328,18,0.026998473290532655,COMPLETE
5682,5682,0.6242703533026114,2021-02-09 05:32:26.214849,2021-02-09 05:33:01.843784,0 days 00:00:35.628935,9.578332849812485e-05,15,2,0.9467693032173741,14,0.03671864831162552,COMPLETE
5683,5683,0.4165898617511521,2021-02-09 05:33:01.846706,2021-02-09 05:33:12.924025,0 days 00:00:11.077319,5.2435784518456764e-05,5,2,0.9394557204519414,16,0.023719663556771894,COMPLETE
5684,5684,,2021-02-09 05:33:12.926945,2021-02-09 05:33:13.689011,0 days 00:00:00.762066,0.00041949151214030675,11,0,0.9064463878288956,16,0.03183798726526099,FAIL
5685,5685,0.39293394777265744,2021-02-09 05:33:13.691025,2021-02-09 05:33:25.076133,0 days 00:00:11.385108,1.567577433521438e-05,11,6,0.9058408718069856,16,0.028975385964489748,COMPLETE
5686,5686,,2021-02-09 05:33:25.079028,2021-02-09 05:33:25.834097,0 days 00:00:00.755069,0.0003774107643068844,15,0,0.9618906111430809,18,0.04144300565587171,FAIL
5687,5687,,2021-02-09 05:33:25.836230,2021-02-09 05:33:26.567001,0 days 00:00:00.730771,0.0008944300881271458,15,0,0.9030073721165359,18,0.03992792689526977,FAIL
5688,5688,,2021-02-09 05:33:26.570648,2021-02-09 05:33:27.300250,0 days 00:00:00.729602,1.001070943877428e-05,15,0,0.9030591702779671,18,0.03142982961074285,FAIL
5689,5689,0.42273425499231954,2021-02-09 05:33:27.302302,2021-02-09 05:33:38.683927,0 days 00:00:11.381625,0.00039326811815108565,15,8,0.9081191799904478,18,0.041220216971988036,COMPLETE
5690,5690,0.6082949308755761,2021-02-09 05:33:38.686844,2021-02-09 05:33:49.589953,0 days 00:00:10.903109,1.1698460202992539e-05,13,2,0.9614457950480464,16,0.0317156565057508,COMPLETE
5691,5691,,2021-02-09 05:33:49.592874,2021-02-09 05:33:50.340806,0 days 00:00:00.747932,0.00023346590623864262,15,0,0.9031271784730295,16,0.02191773012363285,FAIL
5692,5692,,2021-02-09 05:33:50.344381,2021-02-09 05:33:51.225927,0 days 00:00:00.881546,0.0009350656754840331,15,0,0.9029008123622295,16,0.02230989100483222,FAIL
5693,5693,,2021-02-09 05:33:51.228055,2021-02-09 05:33:51.956502,0 days 00:00:00.728447,0.0002753522557945812,15,0,0.9020206867040997,16,0.02024503613093788,FAIL
5694,5694,,2021-02-09 05:33:51.958580,2021-02-09 05:33:52.681290,0 days 00:00:00.722710,0.0009379886242072574,15,0,0.9047373709454459,16,0.02062677518254061,FAIL
