,number,value,datetime_start,datetime_complete,duration,params_lr,params_nl2,params_num_ct,params_scheduler_gamma,params_sigma2,params_weight_decay,state
5944,5944,0.42119815668202765,2021-02-09 06:15:57.730303,2021-02-09 06:16:08.642874,0 days 00:00:10.912571,0.0003930764371175784,13,8,0.9263873978212307,16,0.03190198395166039,COMPLETE
5945,5945,,2021-02-09 06:16:08.645875,2021-02-09 06:16:09.408623,0 days 00:00:00.762748,0.0003310975381846624,13,0,0.9207995264771706,16,0.03468178203022875,FAIL
5946,5946,0.3913978494623656,2021-02-09 06:16:09.410860,2021-02-09 06:16:21.029580,0 days 00:00:11.618720,0.0004767820792014956,13,8,0.9185000036712218,16,0.03576258271982723,COMPLETE
5947,5947,,2021-02-09 06:16:21.032690,2021-02-09 06:16:21.804623,0 days 00:00:00.771933,0.000299528305822487,13,0,0.9234120586956996,16,0.04096924353524809,FAIL
5948,5948,0.5342549923195085,2021-02-09 06:16:21.808380,2021-02-09 06:16:43.919953,0 days 00:00:22.111573,0.00030063958837663285,13,8,0.9109466251703635,16,0.04085181509157853,COMPLETE
5949,5949,,2021-02-09 06:16:43.922987,2021-02-09 06:16:44.661012,0 days 00:00:00.738025,0.0005985230844401711,13,0,0.9187532862466372,18,0.02822587355815834,FAIL
5950,5950,,2021-02-09 06:16:44.664793,2021-02-09 06:16:45.420839,0 days 00:00:00.756046,0.0005922427340075137,13,0,0.9200011095102791,18,0.02602242458990394,FAIL
5951,5951,,2021-02-09 06:16:45.423210,2021-02-09 06:16:46.152418,0 days 00:00:00.729208,0.0007713145065679638,13,0,0.9234689397797564,18,0.0255655759072979,FAIL
5952,5952,0.3913978494623656,2021-02-09 06:16:46.154574,2021-02-09 06:16:57.617725,0 days 00:00:11.463151,0.0006209482116982132,13,8,0.9103566797229441,18,0.03007867535750184,COMPLETE
5953,5953,,2021-02-09 06:16:57.620773,2021-02-09 06:16:58.534195,0 days 00:00:00.913422,0.0004667020720402912,13,0,0.9207441505684179,16,0.03319612016889319,FAIL
5954,5954,,2021-02-09 06:16:58.536422,2021-02-09 06:16:59.268506,0 days 00:00:00.732084,0.0004150456913094645,13,0,0.9283154586504279,16,0.03298866783179974,FAIL
5955,5955,,2021-02-09 06:16:59.270757,2021-02-09 06:16:59.996490,0 days 00:00:00.725733,4.550738348960984e-05,13,0,0.9086996426453784,16,0.03280138305098231,FAIL
5956,5956,,2021-02-09 06:17:00.000238,2021-02-09 06:17:00.756236,0 days 00:00:00.755998,4.66685875567477e-05,13,0,0.9217625211475231,16,0.032735801267020866,FAIL
5957,5957,0.3757296466973886,2021-02-09 06:17:00.759942,2021-02-09 06:17:17.266916,0 days 00:00:16.506974,0.000359184163413762,13,8,0.9181056022555458,16,0.033820305551648694,COMPLETE
5958,5958,,2021-02-09 06:17:17.270032,2021-02-09 06:17:18.033167,0 days 00:00:00.763135,0.0007992414652038088,13,0,0.9094530079286165,18,0.025837389886169786,FAIL
5959,5959,0.5920122887864824,2021-02-09 06:17:18.037009,2021-02-09 06:17:29.252024,0 days 00:00:11.215015,0.0007154430414747828,13,8,0.9221718337401901,18,0.02676148200734962,COMPLETE
5960,5960,,2021-02-09 06:17:29.255124,2021-02-09 06:17:30.186313,0 days 00:00:00.931189,0.0006428888117941508,13,0,0.9121830105799773,18,0.024782778910028086,FAIL
5961,5961,,2021-02-09 06:17:30.188674,2021-02-09 06:17:30.931045,0 days 00:00:00.742371,0.0005985695156199058,13,0,0.9086598963793033,18,0.028382112371730713,FAIL
5962,5962,,2021-02-09 06:17:30.934885,2021-02-09 06:17:31.719492,0 days 00:00:00.784607,0.0005897469861544501,13,0,0.9116390596107422,18,0.02619982305093785,FAIL
5963,5963,0.4119815668202765,2021-02-09 06:17:31.721760,2021-02-09 06:17:43.087304,0 days 00:00:11.365544,0.000665517828968716,13,8,0.9061352190092439,18,0.028384221484599174,COMPLETE
5964,5964,0.5588325652841782,2021-02-09 06:17:43.090337,2021-02-09 06:17:54.837534,0 days 00:00:11.747197,1.6917293294741488e-05,13,8,0.9130215969243797,16,0.03724814066803249,COMPLETE
5965,5965,,2021-02-09 06:17:54.840554,2021-02-09 06:17:55.601763,0 days 00:00:00.761209,0.00042930248610328464,13,0,0.9146311112576485,14,0.03319017868705143,FAIL
5966,5966,,2021-02-09 06:17:55.605511,2021-02-09 06:17:56.354425,0 days 00:00:00.748914,4.487964517078236e-05,13,0,0.9094859543866747,14,0.032249842854970304,FAIL
5967,5967,0.5167434715821813,2021-02-09 06:17:56.358102,2021-02-09 06:18:12.739337,0 days 00:00:16.381235,1.1876712785944732e-05,13,8,0.9248667070614841,14,0.034498980746305315,COMPLETE
5968,5968,0.6162826420890937,2021-02-09 06:18:12.742386,2021-02-09 06:18:29.198238,0 days 00:00:16.455852,0.0008349282717341815,13,8,0.9084928983615854,18,0.026426741307859037,COMPLETE
5969,5969,0.41321044546851,2021-02-09 06:18:29.201267,2021-02-09 06:18:40.514416,0 days 00:00:11.313149,0.00046022923822643417,13,8,0.9206265650168112,16,0.03176235662915194,COMPLETE
5970,5970,0.5382488479262673,2021-02-09 06:18:40.517451,2021-02-09 06:18:57.302284,0 days 00:00:16.784833,0.0005982122244148622,13,8,0.9145390987942856,18,0.024971408576329124,COMPLETE
5971,5971,0.5274961597542243,2021-02-09 06:18:57.305330,2021-02-09 06:19:13.935117,0 days 00:00:16.629787,0.0005964274681918589,13,8,0.917369494012449,18,0.029537388975565845,COMPLETE
5972,5972,0.4835637480798771,2021-02-09 06:19:13.938138,2021-02-09 06:19:30.547904,0 days 00:00:16.609766,0.0007628669445832334,13,8,0.930570059875879,18,0.025388697195316067,COMPLETE
5973,5973,0.6,2021-02-09 06:19:30.550943,2021-02-09 06:19:41.912840,0 days 00:00:11.361897,0.0006745124867423327,13,8,0.9280330058954691,18,0.031161514486241,COMPLETE
5974,5974,,2021-02-09 06:19:41.915905,2021-02-09 06:19:42.667949,0 days 00:00:00.752044,5.034387162874692e-05,13,0,0.9099968231378538,16,0.037613260736811545,FAIL
5975,5975,0.5508448540706605,2021-02-09 06:19:42.671743,2021-02-09 06:20:20.212415,0 days 00:00:37.540672,0.0003812315149746604,13,8,0.9191919199228686,16,0.04702085696120202,COMPLETE
5976,5976,0.4470046082949309,2021-02-09 06:20:20.215454,2021-02-09 06:21:19.546636,0 days 00:00:59.331182,0.0008518130021254336,13,8,0.9155656972505654,18,0.02799735132090914,COMPLETE
5977,5977,0.42089093701996927,2021-02-09 06:21:19.549450,2021-02-09 06:21:30.785408,0 days 00:00:11.235958,1.3438751073101937e-05,13,8,0.9121880001050611,16,0.03791485261460345,COMPLETE
5978,5978,,2021-02-09 06:21:30.788472,2021-02-09 06:21:31.548490,0 days 00:00:00.760018,0.0005579705688162826,11,0,0.9205691648476317,18,0.025614684719820098,FAIL
5979,5979,,2021-02-09 06:21:31.552220,2021-02-09 06:21:32.473295,0 days 00:00:00.921075,0.000546952063564498,13,0,0.9206276271811157,18,0.031322715285825205,FAIL
5980,5980,0.5831029185867895,2021-02-09 06:21:32.477140,2021-02-09 06:21:44.077298,0 days 00:00:11.600158,0.0008017075678973015,13,8,0.9078454299579934,18,0.025938413351325428,COMPLETE
5981,5981,0.39969278033794164,2021-02-09 06:21:44.080304,2021-02-09 06:21:55.750113,0 days 00:00:11.669809,4.350992902628555e-05,13,8,0.932322359329466,18,0.032223409169094774,COMPLETE
5982,5982,,2021-02-09 06:21:55.753146,2021-02-09 06:21:56.497509,0 days 00:00:00.744363,0.0005636222610754172,13,0,0.9049643343575396,18,0.029386471954553958,FAIL
5983,5983,,2021-02-09 06:21:56.499743,2021-02-09 06:21:57.250799,0 days 00:00:00.751056,0.0005886898454969513,13,0,0.9096227002680165,18,0.027710714960819848,FAIL
5984,5984,,2021-02-09 06:21:57.253124,2021-02-09 06:21:57.994073,0 days 00:00:00.740949,0.0005717600217169208,13,0,0.9095453456918297,18,0.029053814670085592,FAIL
5985,5985,0.4559139784946237,2021-02-09 06:21:57.996297,2021-02-09 06:22:09.449344,0 days 00:00:11.453047,0.0005812015977628257,13,8,0.9290460536551354,18,0.029384189397393456,COMPLETE
5986,5986,,2021-02-09 06:22:09.452397,2021-02-09 06:22:10.196607,0 days 00:00:00.744210,0.0005766539993122882,13,0,0.9097054405586934,18,0.02478131345025796,FAIL
5987,5987,0.45284178187403995,2021-02-09 06:22:10.198850,2021-02-09 06:22:21.428358,0 days 00:00:11.229508,0.0005682817426559035,13,8,0.9095557191170112,18,0.025108309647253014,COMPLETE
5988,5988,0.38064516129032255,2021-02-09 06:22:21.431381,2021-02-09 06:22:32.461306,0 days 00:00:11.029925,0.0002522606986238485,13,8,0.9203081299181098,16,0.043276681217507565,COMPLETE
5989,5989,0.6082949308755761,2021-02-09 06:22:32.464319,2021-02-09 06:22:43.907647,0 days 00:00:11.443328,0.0004135661626642781,13,8,0.9049502169476246,16,0.03537935674490782,COMPLETE
5990,5990,,2021-02-09 06:22:43.910699,2021-02-09 06:22:44.819608,0 days 00:00:00.908909,0.0006533788073724632,13,0,0.9350938536154313,18,0.027721906960823408,FAIL
5991,5991,0.4894009216589862,2021-02-09 06:22:44.823384,2021-02-09 06:22:56.109274,0 days 00:00:11.285890,0.0006712626458916168,13,8,0.9385858489124244,18,0.02747702683834572,COMPLETE
5992,5992,,2021-02-09 06:22:56.112299,2021-02-09 06:22:56.854643,0 days 00:00:00.742344,0.0005746453713723364,11,0,0.9340262114905299,18,0.03005304861931954,FAIL
5993,5993,,2021-02-09 06:22:56.856941,2021-02-09 06:22:57.585238,0 days 00:00:00.728297,0.0005621515526371599,11,0,0.9339656848813477,18,0.03098908933188822,FAIL
5994,5994,,2021-02-09 06:22:57.587508,2021-02-09 06:23:01.399772,0 days 00:00:03.812264,0.0005781260926001176,11,10,0.9342394171014126,18,0.031175554540807365,FAIL
5995,5995,0.5898617511520737,2021-02-09 06:23:01.402742,2021-02-09 06:23:54.263953,0 days 00:00:52.861211,0.0006306554863445057,11,8,0.9069071229616938,18,0.030841522877460406,COMPLETE
5996,5996,0.42304147465437786,2021-02-09 06:23:54.266996,2021-02-09 06:24:05.620012,0 days 00:00:11.353016,1.5947314981788477e-05,13,8,0.9205636017195626,16,0.0204084357527279,COMPLETE
5997,5997,,2021-02-09 06:24:05.623047,2021-02-09 06:24:06.375354,0 days 00:00:00.752307,1.1674327092415508e-05,13,0,0.9234264282654929,16,0.02343527464251312,FAIL
5998,5998,,2021-02-09 06:24:06.377508,2021-02-09 06:24:07.113465,0 days 00:00:00.735957,1.1650055662606045e-05,13,0,0.9094731816342331,16,0.023050896317338476,FAIL
5999,5999,,2021-02-09 06:24:07.117262,2021-02-09 06:24:07.870513,0 days 00:00:00.753251,0.0002964027311517881,13,0,0.9233356129217463,16,0.02280607535544072,FAIL
6000,6000,,2021-02-09 06:24:07.872753,2021-02-09 06:24:08.630920,0 days 00:00:00.758167,1.1670696707472227e-05,13,0,0.9164738563047223,16,0.02336444333365577,FAIL
6001,6001,,2021-02-09 06:24:08.634583,2021-02-09 06:24:09.391187,0 days 00:00:00.756604,1.1447252040274679e-05,13,0,0.924393746358089,16,0.02313439010757609,FAIL
6002,6002,,2021-02-09 06:24:09.393550,2021-02-09 06:24:10.140624,0 days 00:00:00.747074,1.0016036940221636e-05,13,0,0.9359467652686065,16,0.023215396141961928,FAIL
6003,6003,,2021-02-09 06:24:10.144347,2021-02-09 06:24:11.042797,0 days 00:00:00.898450,0.0003052383634906094,13,0,0.9251443967675381,16,0.02283774456839532,FAIL
6004,6004,0.6027649769585254,2021-02-09 06:24:11.045067,2021-02-09 06:24:32.802750,0 days 00:00:21.757683,1.1889164553431136e-05,13,8,0.9165821529986208,16,0.02258800059783271,COMPLETE
6005,6005,,2021-02-09 06:24:32.805782,2021-02-09 06:24:33.545236,0 days 00:00:00.739454,0.00028792404474898626,13,0,0.9346644675324499,16,0.03975875560402908,FAIL
6006,6006,,2021-02-09 06:24:33.547440,2021-02-09 06:24:34.283668,0 days 00:00:00.736228,0.0003174959681297238,13,0,0.9358448169259257,16,0.03940711400077665,FAIL
6007,6007,0.6049155145929339,2021-02-09 06:24:34.285919,2021-02-09 06:24:45.813059,0 days 00:00:11.527140,0.0003383399985028466,13,8,0.9336515596995597,16,0.03909679756841298,COMPLETE
6008,6008,0.5004608294930876,2021-02-09 06:24:45.816196,2021-02-09 06:24:57.277705,0 days 00:00:11.461509,2.0539358991525286e-05,13,8,0.9363335163191908,16,0.023620007221703997,COMPLETE
6009,6009,0.47649769585253454,2021-02-09 06:24:57.280773,2021-02-09 06:25:08.993849,0 days 00:00:11.713076,1.007130028011333e-05,11,10,0.901703919374309,18,0.03303844239105714,COMPLETE
6010,6010,0.3781874039938556,2021-02-09 06:25:08.996906,2021-02-09 06:25:20.055406,0 days 00:00:11.058500,0.0005302654631329086,11,8,0.9039509255196067,18,0.028214350995862215,COMPLETE
6011,6011,0.36067588325652844,2021-02-09 06:25:20.058443,2021-02-09 06:25:31.478434,0 days 00:00:11.419991,0.0005248146959039296,11,8,0.9349518009160902,18,0.024649599834231976,COMPLETE
6012,6012,0.46789554531490013,2021-02-09 06:25:31.481488,2021-02-09 06:25:43.093195,0 days 00:00:11.611707,1.3747132039971954e-05,11,8,0.9094758485096378,18,0.030123171878661096,COMPLETE
6013,6013,0.4685099846390169,2021-02-09 06:25:43.096231,2021-02-09 06:25:54.010911,0 days 00:00:10.914680,0.00047463927256813,17,4,0.9392655294192536,16,0.03617631182773729,COMPLETE
6014,6014,0.4393241167434716,2021-02-09 06:25:54.013970,2021-02-09 06:26:15.627438,0 days 00:00:21.613468,0.00030536651917361534,13,8,0.9302443018040348,16,0.04033300374214507,COMPLETE
6015,6015,,2021-02-09 06:26:15.630458,2021-02-09 06:26:16.381574,0 days 00:00:00.751116,5.3213815300027286e-05,13,0,0.9049078999565783,16,0.033178239398081184,FAIL
6016,6016,,2021-02-09 06:26:16.383852,2021-02-09 06:26:17.109838,0 days 00:00:00.725986,1.0142586463637816e-05,13,0,0.9062562230918807,14,0.018590183844136344,FAIL
6017,6017,,2021-02-09 06:26:17.112059,2021-02-09 06:26:17.856372,0 days 00:00:00.744313,0.00024724198535148187,13,0,0.9064385251752136,14,0.07348617173960678,FAIL
6018,6018,0.4577572964669739,2021-02-09 06:26:17.860073,2021-02-09 06:26:29.885592,0 days 00:00:12.025519,1.7149977182671292e-05,13,8,0.9052067084987966,14,0.01827147972556835,COMPLETE
6019,6019,0.4872503840245776,2021-02-09 06:26:29.888632,2021-02-09 06:26:41.052184,0 days 00:00:11.163552,0.00043720425985228103,13,8,0.9430870361116833,16,0.07389020526551314,COMPLETE
6020,6020,,2021-02-09 06:26:41.055253,2021-02-09 06:26:41.803462,0 days 00:00:00.748209,1.133349083386515e-05,15,0,0.900234036525407,16,0.03209597547845826,FAIL
6021,6021,0.5594470046082949,2021-02-09 06:26:41.807277,2021-02-09 06:26:53.198032,0 days 00:00:11.390755,1.2025936672187025e-05,15,8,0.9407309890980196,16,0.03262396902165198,COMPLETE
6022,6022,0.3717357910906298,2021-02-09 06:26:53.201088,2021-02-09 06:27:04.674198,0 days 00:00:11.473110,0.0002520303237885102,13,8,0.9040356781732846,16,0.08946882274103064,COMPLETE
6023,6023,,2021-02-09 06:27:04.677247,2021-02-09 06:27:05.585772,0 days 00:00:00.908525,0.0007883436346361157,11,0,0.9251937535443728,18,0.13201526946766767,FAIL
6024,6024,,2021-02-09 06:27:05.589467,2021-02-09 06:27:06.339896,0 days 00:00:00.750429,0.0009190715152302799,11,0,0.9024635858911496,18,0.027481657065074556,FAIL
6025,6025,,2021-02-09 06:27:06.342135,2021-02-09 06:27:07.080287,0 days 00:00:00.738152,0.0008134755575456666,11,0,0.9231772249689181,18,0.026597450933304352,FAIL
6026,6026,,2021-02-09 06:27:07.082600,2021-02-09 06:27:07.814308,0 days 00:00:00.731708,0.0008340176986770683,11,0,0.9000907497167415,18,0.026742069846397137,FAIL
6027,6027,0.48970814132104457,2021-02-09 06:27:07.816905,2021-02-09 06:27:24.382090,0 days 00:00:16.565185,1.0080662747280131e-05,11,8,0.9000638540790045,18,0.026854999377514566,COMPLETE
6028,6028,0.45069124423963136,2021-02-09 06:27:24.385128,2021-02-09 06:27:35.321743,0 days 00:00:10.936615,0.0003787499342304453,15,4,0.9016505729924316,16,0.02209194447516718,COMPLETE
6029,6029,0.535483870967742,2021-02-09 06:27:35.324795,2021-02-09 06:28:12.443643,0 days 00:00:37.118848,0.0009013536914145571,11,8,0.9080253404758195,18,0.029206272877250465,COMPLETE
6030,6030,,2021-02-09 06:28:12.446736,2021-02-09 06:28:13.200461,0 days 00:00:00.753725,0.0006687878793137458,9,0,0.937077232535627,18,0.026277163470781885,FAIL
6031,6031,,2021-02-09 06:28:13.204351,2021-02-09 06:28:13.978812,0 days 00:00:00.774461,0.0006355869402841035,9,0,0.902932580834783,18,0.025956053337994337,FAIL
6032,6032,0.4534562211981567,2021-02-09 06:28:13.981135,2021-02-09 06:28:25.509872,0 days 00:00:11.528737,0.0006840002117566057,9,10,0.9001781035124818,18,0.024599002204758066,COMPLETE
6033,6033,0.6282642089093702,2021-02-09 06:28:25.512955,2021-02-09 06:28:36.683505,0 days 00:00:11.170550,1.4945960169788435e-05,15,8,0.9033201646777574,20,0.020250459136110063,COMPLETE
6034,6034,,2021-02-09 06:28:36.686570,2021-02-09 06:28:37.428753,0 days 00:00:00.742183,1.919381768136073e-05,15,0,0.9033530177436307,14,0.01681870840456249,FAIL
6035,6035,,2021-02-09 06:28:37.432586,2021-02-09 06:28:38.352913,0 days 00:00:00.920327,2.211279490677433e-05,15,0,0.9058498899602959,14,0.03640314391825914,FAIL
6036,6036,0.6113671274961597,2021-02-09 06:28:38.356693,2021-02-09 06:28:49.554790,0 days 00:00:11.198097,1.9018357083141694e-05,15,8,0.923878943834858,20,0.01621183497403649,COMPLETE
6037,6037,0.543778801843318,2021-02-09 06:28:49.557828,2021-02-09 06:29:00.723096,0 days 00:00:11.165268,2.144117387307501e-05,15,8,0.9035588601644268,20,0.01726707516776983,COMPLETE
6038,6038,,2021-02-09 06:29:00.726135,2021-02-09 06:29:01.492151,0 days 00:00:00.766016,1.643363983797378e-05,15,0,0.9061281585036862,20,0.034728738728619334,FAIL
6039,6039,0.5422427035330261,2021-02-09 06:29:01.496021,2021-02-09 06:29:12.983398,0 days 00:00:11.487377,1.6533133010784626e-05,15,8,0.906458045681775,20,0.017193007438965947,COMPLETE
6040,6040,0.5259600614439324,2021-02-09 06:29:12.986447,2021-02-09 06:29:24.709397,0 days 00:00:11.722950,1.5772044934352304e-05,15,8,0.9051940762872994,20,0.036190546032019176,COMPLETE
6041,6041,0.4196620583717358,2021-02-09 06:29:24.712483,2021-02-09 06:29:46.063894,0 days 00:00:21.351411,1.910464337352707e-05,15,8,0.9034436178043467,20,0.034171625566980716,COMPLETE
6042,6042,,2021-02-09 06:29:46.066926,2021-02-09 06:29:46.810459,0 days 00:00:00.743533,1.4848095932786497e-05,15,0,0.9022786097990001,20,0.018513464202227065,FAIL
6043,6043,0.47096774193548385,2021-02-09 06:29:46.812724,2021-02-09 06:29:58.100374,0 days 00:00:11.287650,2.4935235812811438e-05,15,8,0.9020118821453714,20,0.017269607734155902,COMPLETE
6044,6044,0.43010752688172044,2021-02-09 06:29:58.103444,2021-02-09 06:30:09.491490,0 days 00:00:11.388046,1.5860265345952073e-05,15,8,0.906567352290901,20,0.019726753064471105,COMPLETE
6045,6045,0.41996927803379414,2021-02-09 06:30:09.494540,2021-02-09 06:30:20.819335,0 days 00:00:11.324795,1.3749653564391466e-05,15,8,0.9000205901848803,20,0.01809065975689261,COMPLETE
6046,6046,,2021-02-09 06:30:20.822360,2021-02-09 06:30:21.558427,0 days 00:00:00.736067,1.909567149325629e-05,15,0,0.9039583610485045,20,0.020763082557413458,FAIL
6047,6047,0.3705069124423963,2021-02-09 06:30:21.562225,2021-02-09 06:30:32.868992,0 days 00:00:11.306767,1.3947430670498266e-05,15,8,0.9032072370050311,20,0.020230422021543414,COMPLETE
6048,6048,,2021-02-09 06:30:32.872049,2021-02-09 06:30:33.632924,0 days 00:00:00.760875,2.6868835025186347e-05,15,0,0.9046832555923815,20,0.041619651321177835,FAIL
6049,6049,,2021-02-09 06:30:33.636699,2021-02-09 06:30:34.416632,0 days 00:00:00.779933,1.976343542398401e-05,15,0,0.9047412126162045,20,0.020202910718823464,FAIL
6050,6050,,2021-02-09 06:30:34.418825,2021-02-09 06:30:35.154637,0 days 00:00:00.735812,2.0959738326829254e-05,15,0,0.9044638193401255,20,0.020367177933021712,FAIL
6051,6051,,2021-02-09 06:30:35.156851,2021-02-09 06:30:36.056927,0 days 00:00:00.900076,1.8228505382291025e-05,15,0,0.9045723679204039,20,0.018765233915974962,FAIL
6052,6052,0.6076804915514593,2021-02-09 06:30:36.059281,2021-02-09 06:30:47.545699,0 days 00:00:11.486418,1.7089628550792064e-05,15,8,0.9052611795582488,20,0.019291538589630765,COMPLETE
6053,6053,0.5425499231950844,2021-02-09 06:30:47.548798,2021-02-09 06:30:58.551815,0 days 00:00:11.003017,1.338564645863131e-05,15,8,0.9018118869733095,20,0.018745855050304995,COMPLETE
6054,6054,0.3831029185867896,2021-02-09 06:30:58.554917,2021-02-09 06:31:10.058961,0 days 00:00:11.504044,2.609393125381998e-05,15,8,0.9027119219928135,20,0.133489463933336,COMPLETE
6055,6055,0.620583717357911,2021-02-09 06:31:10.062044,2021-02-09 06:31:21.626631,0 days 00:00:11.564587,1.9080041556336036e-05,15,8,0.9018470963262579,14,0.044471778899857047,COMPLETE
6056,6056,0.402457757296467,2021-02-09 06:31:21.629678,2021-02-09 06:31:33.036929,0 days 00:00:11.407251,1.1628802168985062e-05,15,8,0.9049251608673557,20,0.03800246015408714,COMPLETE
6057,6057,0.5136712749615976,2021-02-09 06:31:33.039975,2021-02-09 06:31:49.488897,0 days 00:00:16.448922,3.129532600117172e-05,15,8,0.9086600268105709,20,0.032454578948154574,COMPLETE
6058,6058,0.45499231950844854,2021-02-09 06:31:49.491984,2021-02-09 06:32:00.424809,0 days 00:00:10.932825,1.4615813492825355e-05,15,8,0.9063180984185091,20,0.042185153373155176,COMPLETE
6059,6059,,2021-02-09 06:32:00.427907,2021-02-09 06:32:01.175404,0 days 00:00:00.747497,1.143854001188035e-05,15,0,0.9001046452032287,20,0.0323938508474026,FAIL
6060,6060,,2021-02-09 06:32:01.177690,2021-02-09 06:32:02.079283,0 days 00:00:00.901593,1.1789956041820287e-05,15,0,0.9033794048116464,18,0.02066148122185626,FAIL
6061,6061,0.5855606758832566,2021-02-09 06:32:02.081532,2021-02-09 06:32:13.452231,0 days 00:00:11.370699,1.152807136462985e-05,15,8,0.9030446891521038,20,0.02062746922459298,COMPLETE
6062,6062,,2021-02-09 06:32:13.455336,2021-02-09 06:32:14.208524,0 days 00:00:00.753188,1.919225215415502e-05,15,0,0.904758562031326,20,0.034459521847784905,FAIL
6063,6063,,2021-02-09 06:32:14.210741,2021-02-09 06:32:14.953014,0 days 00:00:00.742273,2.0700264048927016e-05,15,0,0.9001638095575827,20,0.03477252924522178,FAIL
6064,6064,0.42304147465437786,2021-02-09 06:32:14.955260,2021-02-09 06:32:31.792297,0 days 00:00:16.837037,1.6166395061909948e-05,15,8,0.9044009099838146,20,0.033674509278092526,COMPLETE
6065,6065,0.5941628264208909,2021-02-09 06:32:31.795413,2021-02-09 06:32:48.248373,0 days 00:00:16.452960,2.4154877205007393e-05,15,8,0.900135559319762,20,0.0361311751650668,COMPLETE
6066,6066,0.41935483870967744,2021-02-09 06:32:48.251439,2021-02-09 06:33:04.800974,0 days 00:00:16.549535,1.9923048522188938e-05,15,8,0.9020968198245318,20,0.031162698729947324,COMPLETE
6067,6067,0.4399385560675883,2021-02-09 06:33:04.804031,2021-02-09 06:33:15.772497,0 days 00:00:10.968466,1.0099525074928645e-05,15,8,0.906230883660665,14,0.03990660918950086,COMPLETE
6068,6068,0.5284178187403994,2021-02-09 06:33:15.775641,2021-02-09 06:33:31.967106,0 days 00:00:16.191465,1.368488006983507e-05,15,8,0.9041191822831544,20,0.033979610924372246,COMPLETE
