,number,value,datetime_start,datetime_complete,duration,params_lr,params_nl2,params_num_ct,params_scheduler_gamma,params_sigma2,params_weight_decay,state
542,542,,2021-02-08 21:18:00.568402,2021-02-08 21:18:01.334720,0 days 00:00:00.766318,8.842308563890747e-05,11,0,0.9442783463246238,20,0.054980928989789485,FAIL
543,543,,2021-02-08 21:18:01.335521,2021-02-08 21:18:02.024198,0 days 00:00:00.688677,0.00011563123530625592,11,0,0.9188045276361437,20,0.053602366287718646,FAIL
544,544,,2021-02-08 21:18:02.024983,2021-02-08 21:18:02.679873,0 days 00:00:00.654890,9.674214625716383e-05,11,0,0.9426114044057579,20,0.010134844561901656,FAIL
545,545,,2021-02-08 21:18:02.680379,2021-02-08 21:18:03.317660,0 days 00:00:00.637281,9.082056223042728e-05,11,0,0.9782116835005258,20,0.05499074840853859,FAIL
546,546,,2021-02-08 21:18:03.318180,2021-02-08 21:18:03.956887,0 days 00:00:00.638707,0.00011150983515795276,11,0,0.9429661268835755,20,0.05373382974035431,FAIL
547,547,,2021-02-08 21:18:03.957729,2021-02-08 21:18:04.613195,0 days 00:00:00.655466,0.000117925883284672,11,0,0.9173477050279912,20,0.05971867408223322,FAIL
548,548,,2021-02-08 21:18:04.613981,2021-02-08 21:18:05.302166,0 days 00:00:00.688185,0.00013317370936824215,11,0,0.9169297964961785,20,0.04125094618885387,FAIL
549,549,,2021-02-08 21:18:05.302963,2021-02-08 21:18:05.962658,0 days 00:00:00.659695,9.715398306983143e-05,11,0,0.9410327864812145,20,0.05284747941088915,FAIL
550,550,,2021-02-08 21:18:05.963431,2021-02-08 21:18:06.727712,0 days 00:00:00.764281,0.0001023234040047754,11,0,0.9785581964808161,20,0.010275652685607048,FAIL
551,551,,2021-02-08 21:18:06.728536,2021-02-08 21:18:07.410531,0 days 00:00:00.681995,8.944022170124347e-05,11,0,0.943250935612142,20,0.010085552977298478,FAIL
552,552,,2021-02-08 21:18:07.411375,2021-02-08 21:18:08.093329,0 days 00:00:00.681954,9.723332027899818e-05,11,0,0.9415428156251539,20,0.0553530884937469,FAIL
553,553,,2021-02-08 21:18:08.094146,2021-02-08 21:18:08.741420,0 days 00:00:00.647274,0.00010499359118751367,11,0,0.9177795723764286,20,0.05373081183208544,FAIL
554,554,,2021-02-08 21:18:08.742262,2021-02-08 21:18:09.414771,0 days 00:00:00.672509,7.214037039963799e-05,11,0,0.944438864898729,20,0.046404675638201075,FAIL
555,555,,2021-02-08 21:18:09.415299,2021-02-08 21:18:10.055644,0 days 00:00:00.640345,0.00010774724680492263,11,0,0.9171520299414008,20,0.05509831284568378,FAIL
556,556,,2021-02-08 21:18:10.056454,2021-02-08 21:18:10.735428,0 days 00:00:00.678974,0.0001358641514760852,11,0,0.9173956406882005,20,0.052603086893808305,FAIL
557,557,,2021-02-08 21:18:10.736243,2021-02-08 21:18:11.377403,0 days 00:00:00.641160,0.00011775689895626983,11,0,0.9189846207644843,20,0.05074299225502442,FAIL
558,558,,2021-02-08 21:18:11.378224,2021-02-08 21:18:12.193523,0 days 00:00:00.815299,9.095943681805389e-05,11,0,0.9784345296730359,20,0.05122894625716073,FAIL
559,559,,2021-02-08 21:18:12.194363,2021-02-08 21:18:12.849639,0 days 00:00:00.655276,9.015726471010095e-05,11,0,0.9431132239181503,20,0.05647104985021048,FAIL
560,560,,2021-02-08 21:18:12.850149,2021-02-08 21:18:13.489405,0 days 00:00:00.639256,0.00011759856397996818,11,0,0.9789409895505815,20,0.05668393210027886,FAIL
561,561,0.6098310291858678,2021-02-08 21:18:13.489932,2021-02-08 21:18:24.492080,0 days 00:00:11.002148,9.418010332127409e-05,11,6,0.9426977684167712,20,0.04724225032994448,COMPLETE
562,562,,2021-02-08 21:18:24.492750,2021-02-08 21:18:25.147666,0 days 00:00:00.654916,2.8077788907456057e-05,15,0,0.9786654120867605,18,0.02794759896495424,FAIL
563,563,,2021-02-08 21:18:25.148580,2021-02-08 21:18:25.864703,0 days 00:00:00.716123,2.785338820473264e-05,11,0,0.9799999166172474,18,0.010068166357809665,FAIL
564,564,,2021-02-08 21:18:25.865525,2021-02-08 21:18:26.632658,0 days 00:00:00.767133,2.939526962380861e-05,15,0,0.9135920189240755,18,0.026283155069364374,FAIL
565,565,,2021-02-08 21:18:26.633181,2021-02-08 21:18:27.268149,0 days 00:00:00.634968,3.0562197453625454e-05,15,0,0.9678765087844723,18,0.027564674414176715,FAIL
566,566,,2021-02-08 21:18:27.268969,2021-02-08 21:18:27.967849,0 days 00:00:00.698880,2.921529463147878e-05,15,0,0.9161655469365213,18,0.010360911460127572,FAIL
567,567,,2021-02-08 21:18:27.968678,2021-02-08 21:18:28.634827,0 days 00:00:00.666149,2.4829313583442927e-05,15,0,0.9789928284270137,18,0.060177978052995976,FAIL
568,568,0.4771121351766513,2021-02-08 21:18:28.635503,2021-02-08 21:18:44.345519,0 days 00:00:15.710016,2.7285761767033324e-05,15,4,0.9797842427046325,18,0.0284609591187915,COMPLETE
569,569,,2021-02-08 21:18:44.346200,2021-02-08 21:18:45.022944,0 days 00:00:00.676744,0.002797525118781141,11,0,0.967867757203031,20,0.06276796010116736,FAIL
570,570,,2021-02-08 21:18:45.023456,2021-02-08 21:18:45.676664,0 days 00:00:00.653208,0.00021223847286045154,11,0,0.9132844125746707,20,0.057074834285471825,FAIL
571,571,,2021-02-08 21:18:45.677280,2021-02-08 21:18:46.444160,0 days 00:00:00.766880,0.0005626668447479543,11,0,0.9549996732483099,20,0.058329332333854705,FAIL
572,572,,2021-02-08 21:18:46.444693,2021-02-08 21:18:47.102487,0 days 00:00:00.657794,0.0006930830764283288,11,0,0.9182940987266275,20,0.010356377832000158,FAIL
573,573,,2021-02-08 21:18:47.103282,2021-02-08 21:18:47.765912,0 days 00:00:00.662630,0.002709668536459629,11,0,0.9121872426176588,20,0.010057190824085972,FAIL
574,574,,2021-02-08 21:18:47.766723,2021-02-08 21:18:48.435251,0 days 00:00:00.668528,0.002812783548969567,11,0,0.9160345494248218,20,0.054318159630720494,FAIL
575,575,,2021-02-08 21:18:48.436072,2021-02-08 21:18:49.105580,0 days 00:00:00.669508,0.00018859865653410776,11,0,0.9154350130347826,20,0.06315331733670106,FAIL
576,576,,2021-02-08 21:18:49.106094,2021-02-08 21:18:49.753161,0 days 00:00:00.647067,0.0007243935089472028,11,0,0.920206086576074,20,0.010247569449747402,FAIL
577,577,,2021-02-08 21:18:49.753683,2021-02-08 21:18:50.398629,0 days 00:00:00.644946,0.0023624090946875584,11,0,0.9683567796474309,20,0.05972091795591036,FAIL
578,578,,2021-02-08 21:18:50.399139,2021-02-08 21:18:51.163528,0 days 00:00:00.764389,0.002369470638704722,11,0,0.9207411896313891,20,0.010288885649215112,FAIL
579,579,,2021-02-08 21:18:51.164619,2021-02-08 21:18:51.840979,0 days 00:00:00.676360,0.0008541723391973489,11,0,0.9640615107837042,20,0.06207322926249985,FAIL
580,580,,2021-02-08 21:18:51.841816,2021-02-08 21:18:52.515952,0 days 00:00:00.674136,0.0007042579640533879,11,0,0.9168488564470912,20,0.0626206706864282,FAIL
581,581,,2021-02-08 21:18:52.516584,2021-02-08 21:18:53.183585,0 days 00:00:00.667001,0.0006604093477823852,11,0,0.968574313947159,20,0.01022405169194606,FAIL
582,582,,2021-02-08 21:18:53.184223,2021-02-08 21:18:53.834871,0 days 00:00:00.650648,0.0007042161768382706,11,0,0.9142820808583723,20,0.01015372827348059,FAIL
583,583,,2021-02-08 21:18:53.835515,2021-02-08 21:18:54.496884,0 days 00:00:00.661369,0.0025484358081811495,11,0,0.9671428184121658,20,0.055988885154682554,FAIL
584,584,,2021-02-08 21:18:54.497710,2021-02-08 21:18:55.160463,0 days 00:00:00.662753,0.0006953608471110286,11,0,0.9659747451114117,20,0.06075263954810259,FAIL
585,585,,2021-02-08 21:18:55.161419,2021-02-08 21:18:55.814446,0 days 00:00:00.653027,0.0027559693430191886,11,0,0.9673543791082526,20,0.06022115088323311,FAIL
586,586,,2021-02-08 21:18:55.814978,2021-02-08 21:18:56.559781,0 days 00:00:00.744803,0.002985577197328256,11,0,0.966737690402938,20,0.05683446249764636,FAIL
587,587,,2021-02-08 21:18:56.560293,2021-02-08 21:18:57.193347,0 days 00:00:00.633054,0.002781264909274084,11,0,0.9213402072800853,20,0.010378806907152562,FAIL
588,588,0.5963133640552996,2021-02-08 21:18:57.194193,2021-02-08 21:19:07.831404,0 days 00:00:10.637211,0.0008690543965602944,11,2,0.9673141839193911,20,0.06103496755334443,COMPLETE
589,589,,2021-02-08 21:19:07.832091,2021-02-08 21:19:08.494105,0 days 00:00:00.662014,0.0027214085441258067,15,0,0.9382305658390896,18,0.019214444106614742,FAIL
590,590,,2021-02-08 21:19:08.494660,2021-02-08 21:19:09.165526,0 days 00:00:00.670866,1.0138520723351013e-05,15,0,0.9385711721221015,18,0.010533590215622845,FAIL
591,591,,2021-02-08 21:19:09.166453,2021-02-08 21:19:09.818534,0 days 00:00:00.652081,0.002377293817178251,15,0,0.9373638509738238,18,0.017090098612393023,FAIL
592,592,,2021-02-08 21:19:09.819369,2021-02-08 21:19:10.470722,0 days 00:00:00.651353,0.00017319007475917356,15,0,0.9356775672424827,18,0.01687871051050097,FAIL
593,593,,2021-02-08 21:19:10.471542,2021-02-08 21:19:11.247923,0 days 00:00:00.776381,0.002362615688846399,15,0,0.9353814033929007,18,0.010300990645371428,FAIL
594,594,,2021-02-08 21:19:11.248468,2021-02-08 21:19:11.920994,0 days 00:00:00.672526,0.0033328773790152204,15,0,0.9181400615207664,18,0.01653200180418002,FAIL
595,595,,2021-02-08 21:19:11.921821,2021-02-08 21:19:12.596246,0 days 00:00:00.674425,0.002695268618090799,9,0,0.9193724016818136,18,0.0168175629535656,FAIL
596,596,,2021-02-08 21:19:12.596768,2021-02-08 21:19:13.240448,0 days 00:00:00.643680,0.0024867921995174957,15,0,0.918789936001843,18,0.01620044719729992,FAIL
597,597,,2021-02-08 21:19:13.241309,2021-02-08 21:19:13.924496,0 days 00:00:00.683187,0.0030666529128820894,15,0,0.9165188277630957,18,0.010538109400590197,FAIL
598,598,,2021-02-08 21:19:13.925328,2021-02-08 21:19:14.588468,0 days 00:00:00.663140,0.0029253097995901433,15,0,0.937025204828712,18,0.010311438451375379,FAIL
599,599,,2021-02-08 21:19:14.589286,2021-02-08 21:19:15.288432,0 days 00:00:00.699146,0.0001777312477311581,15,0,0.955500708194902,18,0.010059057214756532,FAIL
600,600,,2021-02-08 21:19:15.288983,2021-02-08 21:19:15.937219,0 days 00:00:00.648236,1.0163491120600652e-05,15,0,0.9388249909691043,18,0.0105009208291431,FAIL
601,601,,2021-02-08 21:19:15.937736,2021-02-08 21:19:16.695684,0 days 00:00:00.757948,0.0021738392629132445,9,0,0.9363450165367941,18,0.017111088875369756,FAIL
602,602,,2021-02-08 21:19:16.696235,2021-02-08 21:19:17.352162,0 days 00:00:00.655927,0.00020656949639572233,9,0,0.9544965840211651,18,0.09312595893888317,FAIL
603,603,,2021-02-08 21:19:17.352679,2021-02-08 21:19:17.996462,0 days 00:00:00.643783,0.002225762973909119,15,0,0.9369448918742915,18,0.010107337202702276,FAIL
604,604,,2021-02-08 21:19:17.996980,2021-02-08 21:19:18.646320,0 days 00:00:00.649340,0.0028754793536075285,15,0,0.9144702437369827,18,0.017008461634663744,FAIL
605,605,,2021-02-08 21:19:18.646850,2021-02-08 21:19:19.289425,0 days 00:00:00.642575,0.0025701230723468044,15,0,0.9360014942676732,18,0.010193425124717366,FAIL
606,606,,2021-02-08 21:19:19.289952,2021-02-08 21:19:19.932837,0 days 00:00:00.642885,0.00017206553311004802,15,0,0.9371499967723135,18,0.016751753707779298,FAIL
607,607,,2021-02-08 21:19:19.933355,2021-02-08 21:19:20.568969,0 days 00:00:00.635614,0.0031850469830566573,15,0,0.957225649597109,18,0.017090256886244763,FAIL
608,608,,2021-02-08 21:19:20.569770,2021-02-08 21:19:21.228707,0 days 00:00:00.658937,0.002250635438212096,15,0,0.956357793210246,18,0.010051654838435889,FAIL
609,609,,2021-02-08 21:19:21.229214,2021-02-08 21:19:21.985309,0 days 00:00:00.756095,0.002190434509867697,15,0,0.9384337439841711,18,0.01020342264709724,FAIL
610,610,,2021-02-08 21:19:21.985866,2021-02-08 21:19:22.627283,0 days 00:00:00.641417,0.0001909310382010761,15,0,0.9372508535155123,18,0.010529674389815297,FAIL
611,611,,2021-02-08 21:19:22.627806,2021-02-08 21:19:23.270441,0 days 00:00:00.642635,0.0001917521461681106,15,0,0.954817889946675,18,0.010333703257622926,FAIL
612,612,,2021-02-08 21:19:23.270985,2021-02-08 21:19:23.919777,0 days 00:00:00.648792,0.002950993065392808,15,0,0.9377268941127181,18,0.010396084000411138,FAIL
613,613,,2021-02-08 21:19:23.920305,2021-02-08 21:19:24.555535,0 days 00:00:00.635230,0.00015287673257285102,15,0,0.9362359083774364,18,0.010116811088404619,FAIL
614,614,,2021-02-08 21:19:24.556052,2021-02-08 21:19:25.194563,0 days 00:00:00.638511,0.0022970096114724174,15,0,0.9543644366012286,18,0.016738064573808303,FAIL
615,615,,2021-02-08 21:19:25.195432,2021-02-08 21:19:25.896478,0 days 00:00:00.701046,0.00018077613816404407,15,0,0.9187108455559932,18,0.01055393887005258,FAIL
616,616,,2021-02-08 21:19:25.897313,2021-02-08 21:19:26.541599,0 days 00:00:00.644286,0.0027940956273420346,15,0,0.918252972953149,18,0.01627989727347566,FAIL
617,617,,2021-02-08 21:19:26.542147,2021-02-08 21:19:27.307876,0 days 00:00:00.765729,0.00020935392830841,15,0,0.9346096923177668,18,0.015404305128564512,FAIL
618,618,,2021-02-08 21:19:27.308397,2021-02-08 21:19:27.940312,0 days 00:00:00.631915,0.0029485585583152647,15,0,0.9182646347467245,18,0.01680617984300323,FAIL
619,619,,2021-02-08 21:19:27.940945,2021-02-08 21:19:28.582684,0 days 00:00:00.641739,0.00251127411183853,15,0,0.9365480758737822,18,0.010345054050921607,FAIL
620,620,,2021-02-08 21:19:28.583315,2021-02-08 21:19:29.229284,0 days 00:00:00.645969,1.0088096206038001e-05,15,0,0.9347322621983972,18,0.01632784528051711,FAIL
621,621,0.4841781874039939,2021-02-08 21:19:29.229831,2021-02-08 21:20:14.400770,0 days 00:00:45.170939,0.0021375718818285637,15,4,0.9547662846295403,18,0.017054459107661818,COMPLETE
622,622,,2021-02-08 21:20:14.401470,2021-02-08 21:20:15.097246,0 days 00:00:00.695776,0.00018166154954778438,9,0,0.9380768174559777,18,0.010465583115011591,FAIL
623,623,,2021-02-08 21:20:15.097790,2021-02-08 21:20:15.879885,0 days 00:00:00.782095,0.00015497807397440387,9,0,0.9401713402487812,18,0.06131477169095255,FAIL
624,624,,2021-02-08 21:20:15.880747,2021-02-08 21:20:16.572389,0 days 00:00:00.691642,0.0002138846809331675,9,0,0.9388974600865627,18,0.010330522226858959,FAIL
625,625,,2021-02-08 21:20:16.572952,2021-02-08 21:20:17.221048,0 days 00:00:00.648096,0.00018175881587418258,9,0,0.935182622215558,18,0.010709802348052735,FAIL
626,626,,2021-02-08 21:20:17.221904,2021-02-08 21:20:17.877785,0 days 00:00:00.655881,0.00020811437405997613,9,0,0.9348473280037701,18,0.01032525024484249,FAIL
627,627,,2021-02-08 21:20:17.878325,2021-02-08 21:20:18.517231,0 days 00:00:00.638906,0.00015528829792597004,9,0,0.9183394377536283,18,0.09770604148260945,FAIL
628,628,,2021-02-08 21:20:18.517749,2021-02-08 21:20:19.152144,0 days 00:00:00.634395,0.00018774241322137435,9,0,0.9404973163538747,18,0.01033203298300209,FAIL
629,629,,2021-02-08 21:20:19.152692,2021-02-08 21:20:19.795576,0 days 00:00:00.642884,0.002519106892935869,9,0,0.9193843587391696,18,0.10081921110987578,FAIL
630,630,,2021-02-08 21:20:19.796422,2021-02-08 21:20:20.445937,0 days 00:00:00.649515,0.00018376398816160363,9,0,0.9386746823495273,18,0.058537016027212806,FAIL
631,631,,2021-02-08 21:20:20.446805,2021-02-08 21:20:21.240305,0 days 00:00:00.793500,0.00018579742784267036,9,0,0.9368238357243152,18,0.09168178410658781,FAIL
632,632,,2021-02-08 21:20:21.240888,2021-02-08 21:20:21.890365,0 days 00:00:00.649477,1.019398468243997e-05,9,0,0.9365839863752705,18,0.010721121657975523,FAIL
633,633,,2021-02-08 21:20:21.890917,2021-02-08 21:20:22.542077,0 days 00:00:00.651160,0.00017647478762213172,9,0,0.9898600212343176,18,0.06380742089495825,FAIL
634,634,,2021-02-08 21:20:22.542610,2021-02-08 21:20:23.193945,0 days 00:00:00.651335,0.0031759552621513773,9,0,0.936948278022686,18,0.06275353330143572,FAIL
635,635,,2021-02-08 21:20:23.194527,2021-02-08 21:20:23.846350,0 days 00:00:00.651823,0.00013662360709126858,9,0,0.9394710620050498,18,0.09410141340442624,FAIL
636,636,,2021-02-08 21:20:23.847226,2021-02-08 21:20:24.518020,0 days 00:00:00.670794,0.00017374021792032743,9,0,0.9385093602824367,18,0.0978961480051735,FAIL
637,637,,2021-02-08 21:20:24.518545,2021-02-08 21:20:25.170747,0 days 00:00:00.652202,0.00021252749606364207,9,0,0.9381142431578682,18,0.09100899138484551,FAIL
638,638,,2021-02-08 21:20:25.171692,2021-02-08 21:20:25.856024,0 days 00:00:00.684332,0.0001961296642536781,9,0,0.947138049931517,18,0.06566465514907781,FAIL
639,639,,2021-02-08 21:20:25.856892,2021-02-08 21:20:26.668505,0 days 00:00:00.811613,0.00017717439001781893,9,0,0.9380686274630275,18,0.06262075940432103,FAIL
640,640,,2021-02-08 21:20:26.669140,2021-02-08 21:20:27.323925,0 days 00:00:00.654785,0.00021334149673073568,9,0,0.9388258801618542,18,0.10077131347359868,FAIL
641,641,,2021-02-08 21:20:27.324466,2021-02-08 21:20:27.988886,0 days 00:00:00.664420,0.0027149859444540064,9,0,0.919834219024981,18,0.08996342662743896,FAIL
642,642,0.4261136712749616,2021-02-08 21:20:27.989422,2021-02-08 21:20:38.687347,0 days 00:00:10.697925,0.002568492553735587,9,6,0.9376071880141448,18,0.09349237695117087,COMPLETE
643,643,,2021-02-08 21:20:38.688042,2021-02-08 21:20:39.355090,0 days 00:00:00.667048,0.0005835022777113383,7,0,0.9619599790555116,16,0.16343345603654355,FAIL
644,644,,2021-02-08 21:20:39.355622,2021-02-08 21:20:40.000525,0 days 00:00:00.644903,0.000514106966288661,7,0,0.9643852713660641,16,0.1491911573189665,FAIL
645,645,,2021-02-08 21:20:40.001380,2021-02-08 21:20:40.761757,0 days 00:00:00.760377,0.0004691990304186284,7,0,0.963381576736877,16,0.17246518936945993,FAIL
646,646,,2021-02-08 21:20:40.762654,2021-02-08 21:20:41.426524,0 days 00:00:00.663870,0.0005084784401867527,7,0,0.9643095668032176,16,0.17034224326640557,FAIL
647,647,,2021-02-08 21:20:41.427095,2021-02-08 21:20:42.067321,0 days 00:00:00.640226,0.0005128125153670713,7,0,0.9633398160636862,16,0.010076190204369926,FAIL
648,648,,2021-02-08 21:20:42.068199,2021-02-08 21:20:42.771640,0 days 00:00:00.703441,0.00044407962229927515,7,0,0.9631912246311087,16,0.17195767654368338,FAIL
649,649,,2021-02-08 21:20:42.772511,2021-02-08 21:20:43.427925,0 days 00:00:00.655414,0.0005132850303298071,7,0,0.9649708009061727,16,0.17608397888416974,FAIL
650,650,,2021-02-08 21:20:43.428467,2021-02-08 21:20:44.074036,0 days 00:00:00.645569,0.0005625512697649821,7,0,0.9631557439531826,16,0.10604599589610288,FAIL
651,651,,2021-02-08 21:20:44.074566,2021-02-08 21:20:44.706598,0 days 00:00:00.632032,0.0005322215181093271,7,0,0.9642294454359123,16,0.18864400689595107,FAIL
652,652,,2021-02-08 21:20:44.707157,2021-02-08 21:20:45.353375,0 days 00:00:00.646218,0.00040812568720891874,7,0,0.9625094181946,16,0.18772215204245887,FAIL
653,653,,2021-02-08 21:20:45.354245,2021-02-08 21:20:46.134923,0 days 00:00:00.780678,0.0005747374366167269,7,0,0.9625331282382851,16,0.18437621897389,FAIL
654,654,,2021-02-08 21:20:46.135820,2021-02-08 21:20:46.797869,0 days 00:00:00.662049,0.0005219875917787088,7,0,0.9642788701190904,16,0.189159137722489,FAIL
655,655,,2021-02-08 21:20:46.798737,2021-02-08 21:20:47.445455,0 days 00:00:00.646718,0.0004927225869201532,7,0,0.9628641363313477,16,0.17732033395074906,FAIL
656,656,,2021-02-08 21:20:47.446330,2021-02-08 21:20:48.081325,0 days 00:00:00.634995,0.0006571694514617423,7,0,0.9632027871981672,16,0.17305183012729672,FAIL
657,657,,2021-02-08 21:20:48.081853,2021-02-08 21:20:48.717337,0 days 00:00:00.635484,0.0005567349369208876,7,0,0.9627756083856874,16,0.17750001329522674,FAIL
658,658,,2021-02-08 21:20:48.718188,2021-02-08 21:20:49.403114,0 days 00:00:00.684926,0.0005375735261604776,7,0,0.9632250618656828,16,0.17792430958920474,FAIL
659,659,,2021-02-08 21:20:49.403645,2021-02-08 21:20:50.042698,0 days 00:00:00.639053,0.0005185904572295117,7,0,0.963445893747764,16,0.060116447101615914,FAIL
660,660,,2021-02-08 21:20:50.043568,2021-02-08 21:20:50.716175,0 days 00:00:00.672607,0.0003915595895684187,7,0,0.964836346571271,16,0.16472745557774263,FAIL
661,661,,2021-02-08 21:20:50.717023,2021-02-08 21:20:51.488655,0 days 00:00:00.771632,0.00037950754398286294,7,0,0.9634366570636544,16,0.17003748569896235,FAIL
662,662,,2021-02-08 21:20:51.489203,2021-02-08 21:20:52.142507,0 days 00:00:00.653304,0.0004968337970907118,7,0,0.9626594775991425,16,0.06086830363103779,FAIL
663,663,,2021-02-08 21:20:52.143052,2021-02-08 21:20:52.797487,0 days 00:00:00.654435,0.0003410706056873215,7,0,0.9623652837549004,16,0.1545009124791654,FAIL
664,664,,2021-02-08 21:20:52.798050,2021-02-08 21:20:53.454328,0 days 00:00:00.656278,0.0006682813317339579,7,0,0.9626850310863331,16,0.06389640972245492,FAIL
665,665,,2021-02-08 21:20:53.454866,2021-02-08 21:20:54.120093,0 days 00:00:00.665227,0.0006083769938500813,7,0,0.9633148484737861,16,0.19100837332244144,FAIL
666,666,0.4912442396313364,2021-02-08 21:20:54.120941,2021-02-08 21:21:05.028428,0 days 00:00:10.907487,0.0005099088994229471,7,4,0.9625824256953808,16,0.15741002929319647,COMPLETE
667,667,,2021-02-08 21:21:05.029145,2021-02-08 21:21:05.827889,0 days 00:00:00.798744,0.000173974759211367,9,0,0.9691772239362876,14,0.06434648901504182,FAIL
668,668,,2021-02-08 21:21:05.828899,2021-02-08 21:21:06.510669,0 days 00:00:00.681770,0.00023001987721537316,9,0,0.9690229011036302,14,0.010231804925937145,FAIL
669,669,,2021-02-08 21:21:06.511554,2021-02-08 21:21:07.200681,0 days 00:00:00.689127,0.00020271572566818717,9,0,0.9681632975535133,14,0.060619407862625076,FAIL
670,670,,2021-02-08 21:21:07.201364,2021-02-08 21:21:07.840297,0 days 00:00:00.638933,0.00020615811193002502,9,0,0.9666898767150972,14,0.06719025615182703,FAIL
671,671,,2021-02-08 21:21:07.840948,2021-02-08 21:21:08.473995,0 days 00:00:00.633047,0.00020942479986142188,9,0,0.9775490068280408,14,0.06263492129438215,FAIL
672,672,,2021-02-08 21:21:08.474888,2021-02-08 21:21:09.174845,0 days 00:00:00.699957,0.00018998196442223582,9,0,0.9688417859426427,14,0.058524635301261424,FAIL
673,673,,2021-02-08 21:21:09.175811,2021-02-08 21:21:09.832780,0 days 00:00:00.656969,0.0001931049167697374,9,0,0.9763833482400021,14,0.061084213467667334,FAIL
674,674,,2021-02-08 21:21:09.833336,2021-02-08 21:21:10.463638,0 days 00:00:00.630302,0.00022158246218484943,9,0,0.96822888876226,14,0.06121902159613007,FAIL
675,675,,2021-02-08 21:21:10.464184,2021-02-08 21:21:11.212729,0 days 00:00:00.748545,0.0006345694334986034,9,0,0.9688681657118663,14,0.010116634530501194,FAIL
676,676,,2021-02-08 21:21:11.213274,2021-02-08 21:21:11.860810,0 days 00:00:00.647536,0.0006634093535963444,9,0,0.9701289329856738,14,0.062308063716119556,FAIL
