,number,value,datetime_start,datetime_complete,duration,params_lr,params_scheduler_gamma,params_weight_decay,state
762,762,0.5188940092165899,2021-02-07 00:48:47.343709,2021-02-07 00:49:03.578788,0 days 00:00:16.235079,0.06898079552621311,0.9485770250832469,0.17993484008588326,COMPLETE
763,763,0.5984639016897081,2021-02-07 00:49:03.579462,2021-02-07 00:49:14.562910,0 days 00:00:10.983448,0.016854791523777085,0.9622669454752939,0.29259492062211956,COMPLETE
764,764,0.6027649769585254,2021-02-07 00:49:14.563584,2021-02-07 00:49:29.975064,0 days 00:00:15.411480,0.03315885970272371,0.9425895262125832,0.20580803306147105,COMPLETE
765,765,0.5898617511520737,2021-02-07 00:49:29.975746,2021-02-07 00:49:45.659507,0 days 00:00:15.683761,0.040038473989624,0.9403912700962598,0.22965962650625618,COMPLETE
766,766,0.5812596006144394,2021-02-07 00:49:45.660197,2021-02-07 00:50:01.892426,0 days 00:00:16.232229,0.058607993771018864,0.9459603530216382,0.0567774574390682,COMPLETE
767,767,0.5729646697388633,2021-02-07 00:50:01.893107,2021-02-07 00:50:12.877712,0 days 00:00:10.984605,0.025396189966766382,0.9583611485673034,0.25975620091917534,COMPLETE
768,768,0.6,2021-02-07 00:50:12.878389,2021-02-07 00:50:23.596286,0 days 00:00:10.717897,0.04780370086223699,0.9442162025456716,0.02070479995144865,COMPLETE
769,769,0.5717357910906298,2021-02-07 00:50:23.596968,2021-02-07 00:50:39.363658,0 days 00:00:15.766690,0.03366470462173158,0.930379026493887,0.19831779134803404,COMPLETE
770,770,0.5124423963133641,2021-02-07 00:50:39.364347,2021-02-07 00:50:50.081221,0 days 00:00:10.716874,0.04092256831731268,0.9425571978449631,0.22750960832148195,COMPLETE
771,771,0.5622119815668203,2021-02-07 00:50:50.081900,2021-02-07 00:51:01.334733,0 days 00:00:11.252833,0.0454004700316877,0.9474092730973461,0.17589864605312955,COMPLETE
772,772,0.589247311827957,2021-02-07 00:51:01.335420,2021-02-07 00:51:17.500253,0 days 00:00:16.164833,0.030661399259825042,0.9371684818864803,0.318154138466943,COMPLETE
773,773,0.6089093701996928,2021-02-07 00:51:17.500936,2021-02-07 00:51:33.385116,0 days 00:00:15.884180,0.05650130395049058,0.9454843812692537,0.1572165229327873,COMPLETE
774,774,0.5612903225806452,2021-02-07 00:51:33.385792,2021-02-07 00:51:44.448964,0 days 00:00:11.063172,0.05215240106930779,0.9503374147361264,0.12240306216515834,COMPLETE
775,775,0.5536098310291858,2021-02-07 00:51:44.449654,2021-02-07 00:51:55.378948,0 days 00:00:10.929294,0.06497222860902557,0.9439363738041362,0.16342951544132306,COMPLETE
776,776,0.5317972350230414,2021-02-07 00:51:55.379632,2021-02-07 00:52:11.333678,0 days 00:00:15.954046,0.040257105411811434,0.946912407825317,0.1493680000651475,COMPLETE
777,777,0.5932411674347158,2021-02-07 00:52:11.334355,2021-02-07 00:52:27.283716,0 days 00:00:15.949361,0.032910101477530596,0.9392903222604958,0.2479900737079326,COMPLETE
778,778,0.6015360983102919,2021-02-07 00:52:27.284393,2021-02-07 00:52:38.074140,0 days 00:00:10.789747,0.048489376842326945,0.9432161085248434,0.1357347838860113,COMPLETE
779,779,0.6006144393241167,2021-02-07 00:52:38.074834,2021-02-07 00:52:54.234129,0 days 00:00:16.159295,0.02437760457127216,0.9592972399525203,0.29527828789081423,COMPLETE
780,780,0.552073732718894,2021-02-07 00:52:54.234823,2021-02-07 00:53:05.034725,0 days 00:00:10.799902,0.07246879003337461,0.9486950067954147,0.18899067575870868,COMPLETE
781,781,0.5109062980030722,2021-02-07 00:53:05.035408,2021-02-07 00:53:15.918995,0 days 00:00:10.883587,0.040979082708636295,0.9452722658993588,0.169143665279116,COMPLETE
782,782,0.5434715821812596,2021-02-07 00:53:15.919676,2021-02-07 00:53:31.623262,0 days 00:00:15.703586,0.018712560418596987,0.9532511080989644,0.04222595136485851,COMPLETE
783,783,0.6003072196620584,2021-02-07 00:53:31.623956,2021-02-07 00:53:47.751139,0 days 00:00:16.127183,0.056072394515956074,0.9415143646663086,0.10181257788404907,COMPLETE
784,784,0.4872503840245776,2021-02-07 00:53:47.751820,2021-02-07 00:54:08.555142,0 days 00:00:20.803322,0.029279801799707284,0.9329048341299301,0.22184471209625292,COMPLETE
785,785,0.5072196620583718,2021-02-07 00:54:08.555827,2021-02-07 00:54:19.642922,0 days 00:00:11.087095,0.04574534204464374,0.9437666902955719,0.18106617606944353,COMPLETE
786,786,0.5271889400921659,2021-02-07 00:54:19.643613,2021-02-07 00:54:35.441937,0 days 00:00:15.798324,0.02145700944714003,0.9555614931044907,0.2672384241553307,COMPLETE
787,787,0.5791090629800307,2021-02-07 00:54:35.442636,2021-02-07 00:54:46.461686,0 days 00:00:11.019050,0.033265692076530934,0.9274473878187981,0.20600445312863172,COMPLETE
788,788,0.6113671274961597,2021-02-07 00:54:46.462375,2021-02-07 00:54:57.719258,0 days 00:00:11.256883,0.026149045185528866,0.9358619041296067,0.24174102099564238,COMPLETE
789,789,0.5775729646697388,2021-02-07 00:54:57.719946,2021-02-07 00:55:13.697161,0 days 00:00:15.977215,0.03957143977590938,0.9470534471142268,0.01322064409393536,COMPLETE
790,790,0.4789554531490015,2021-02-07 00:55:13.697848,2021-02-07 00:55:29.410622,0 days 00:00:15.712774,0.05302689245107568,0.9419034825603989,0.15318725850662698,COMPLETE
791,791,0.5625192012288787,2021-02-07 00:55:29.411332,2021-02-07 00:55:40.322312,0 days 00:00:10.910980,0.035381942741215595,0.9384168895627664,0.2836664824624567,COMPLETE
792,792,0.5133640552995392,2021-02-07 00:55:40.323001,2021-02-07 00:55:50.991142,0 days 00:00:10.668141,0.00010330406939927166,0.9730851515397486,0.18446200956410347,COMPLETE
793,793,0.5238095238095238,2021-02-07 00:55:50.991842,2021-02-07 00:56:01.530476,0 days 00:00:10.538634,0.02861932699672227,0.9404643751620495,0.2140394511658337,COMPLETE
794,794,0.5975422427035331,2021-02-07 00:56:01.531180,2021-02-07 00:56:23.228815,0 days 00:00:21.697635,0.035168726971352086,0.9302061591429184,0.23336689958351522,COMPLETE
795,795,0.5938556067588325,2021-02-07 00:56:23.229507,2021-02-07 00:56:34.407673,0 days 00:00:11.178166,0.07045142329510831,0.9487882495419421,0.33539062620702903,COMPLETE
796,796,0.4943164362519201,2021-02-07 00:56:34.408369,2021-02-07 00:56:45.858676,0 days 00:00:11.450307,0.017239957827286396,0.956631279452539,0.2726582455355804,COMPLETE
797,797,0.535483870967742,2021-02-07 00:56:45.859371,2021-02-07 00:57:02.067750,0 days 00:00:16.208379,0.014720575725395098,0.96089286101413,0.2527666511830205,COMPLETE
798,798,0.5453149001536098,2021-02-07 00:57:02.068447,2021-02-07 00:57:13.266853,0 days 00:00:11.198406,0.029058614121875426,0.9394875668851466,0.20093358260615748,COMPLETE
799,799,0.5643625192012289,2021-02-07 00:57:13.267546,2021-02-07 00:57:24.627547,0 days 00:00:11.360001,0.04534797361829724,0.9452220371528337,0.13926081960795558,COMPLETE
800,800,0.5622119815668203,2021-02-07 00:57:24.628249,2021-02-07 00:57:45.829032,0 days 00:00:21.200783,0.024847425635111033,0.9225414692204169,0.21895566466890623,COMPLETE
801,801,0.5840245775729647,2021-02-07 00:57:45.829724,2021-02-07 00:58:01.802305,0 days 00:00:15.972581,0.03630492710230795,0.9507522042420348,0.03459906032792659,COMPLETE
802,802,0.5729646697388633,2021-02-07 00:58:01.803036,2021-02-07 00:58:17.698203,0 days 00:00:15.895167,0.09836462140473487,0.906063682390656,0.2438335870340882,COMPLETE
803,803,0.5259600614439324,2021-02-07 00:58:17.698907,2021-02-07 00:58:28.568066,0 days 00:00:10.869159,0.03891806988957372,0.9417168693789154,0.31241077911175347,COMPLETE
804,804,0.5637480798771122,2021-02-07 00:58:28.568770,2021-02-07 00:58:39.374275,0 days 00:00:10.805505,0.020679233996240984,0.9641852374297644,0.26468510177015725,COMPLETE
805,805,0.45161290322580644,2021-02-07 00:58:39.374975,2021-02-07 00:58:55.418880,0 days 00:00:16.043905,0.06046639326997502,0.9439682480546135,0.1644287291370789,COMPLETE
806,806,0.5136712749615976,2021-02-07 00:58:55.419577,2021-02-07 00:59:11.688676,0 days 00:00:16.269099,0.030758729203910432,0.9371876099499563,0.19943778811761748,COMPLETE
807,807,0.5788018433179724,2021-02-07 00:59:11.689373,2021-02-07 00:59:27.356189,0 days 00:00:15.666816,0.021130717088163296,0.951808941771005,0.28254968763157723,COMPLETE
808,808,0.5729646697388633,2021-02-07 00:59:27.356892,2021-02-07 00:59:48.102224,0 days 00:00:20.745332,0.024150790080598852,0.9541751381266719,0.23616917066955537,COMPLETE
809,809,0.5517665130568357,2021-02-07 00:59:48.102937,2021-02-07 01:00:03.939607,0 days 00:00:15.836670,0.05034555586283064,0.9478518099414549,0.17138148527343056,COMPLETE
810,810,0.5732718894009217,2021-02-07 01:00:03.940298,2021-02-07 01:00:14.756809,0 days 00:00:10.816511,0.022981035189754678,0.9401836473012002,0.3008343139472208,COMPLETE
811,811,0.5901689708141321,2021-02-07 01:00:14.757500,2021-02-07 01:00:35.646650,0 days 00:00:20.889150,0.03151212979997135,0.9243868357147964,0.21171586815766796,COMPLETE
812,812,0.5723502304147465,2021-02-07 01:00:35.647341,2021-02-07 01:00:56.041875,0 days 00:00:20.394534,0.016689617599505185,0.942110014501938,0.25752806532608097,COMPLETE
813,813,0.5929339477726574,2021-02-07 01:00:56.042571,2021-02-07 01:01:17.098976,0 days 00:00:21.056405,0.01860225253107069,0.9431060567198299,0.27688964231028285,COMPLETE
814,814,0.5622119815668203,2021-02-07 01:01:17.099673,2021-02-07 01:01:28.206158,0 days 00:00:11.106485,0.03750046703849331,0.9357052736468373,0.017705143330525495,COMPLETE
815,815,0.5910906298003072,2021-02-07 01:01:28.206873,2021-02-07 01:01:44.044145,0 days 00:00:15.837272,0.027958704583019155,0.9288870953728199,0.18965043114986227,COMPLETE
816,816,0.6046082949308755,2021-02-07 01:01:44.044834,2021-02-07 01:01:54.984993,0 days 00:00:10.940159,0.08556641896563655,0.9461873956503126,0.14683260199484643,COMPLETE
817,817,0.445468509984639,2021-02-07 01:01:54.985695,2021-02-07 01:02:06.433444,0 days 00:00:11.447749,0.043504309869292726,0.9389721176498932,0.219275731528166,COMPLETE
818,818,0.45837173579109064,2021-02-07 01:02:06.434147,2021-02-07 01:02:26.926912,0 days 00:00:20.492765,0.05804373037839939,0.9448461773873121,0.1552859224545483,COMPLETE
819,819,0.45622119815668205,2021-02-07 01:02:26.927616,2021-02-07 01:02:47.700503,0 days 00:00:20.772887,0.050857296408755255,0.9493638799113906,0.02006180076097647,COMPLETE
820,820,0.5864823348694317,2021-02-07 01:02:47.701204,2021-02-07 01:02:58.772720,0 days 00:00:11.071516,0.07026682801453121,0.9461445949439307,0.1777077476116038,COMPLETE
821,821,0.528110599078341,2021-02-07 01:02:58.773423,2021-02-07 01:03:09.557793,0 days 00:00:10.784370,0.03562151654656532,0.9322853408385712,0.2314454209716887,COMPLETE
822,822,0.5453149001536098,2021-02-07 01:03:09.558497,2021-02-07 01:03:20.456108,0 days 00:00:10.897611,0.03079554766903426,0.9409241273366937,0.19909857080358576,COMPLETE
823,823,0.6147465437788019,2021-02-07 01:03:20.456811,2021-02-07 01:03:36.698489,0 days 00:00:16.241678,0.0237237894608512,0.9603996462186956,0.2521916153991623,COMPLETE
824,824,0.5729646697388633,2021-02-07 01:03:36.699215,2021-02-07 01:03:57.800755,0 days 00:00:21.101540,0.02576246922738001,0.9431820685912841,0.28517820906877955,COMPLETE
825,825,0.5121351766513057,2021-02-07 01:03:57.801462,2021-02-07 01:04:13.685379,0 days 00:00:15.883917,0.02257470712774681,0.9598455539102655,0.2597391303218693,COMPLETE
826,826,0.5105990783410138,2021-02-07 01:04:13.686089,2021-02-07 01:04:24.561914,0 days 00:00:10.875825,0.025522623146442533,0.9645864989399544,0.32206854761450027,COMPLETE
827,827,0.6003072196620584,2021-02-07 01:04:24.562629,2021-02-07 01:04:40.452091,0 days 00:00:15.889462,0.019523916366201082,0.9390353127178166,0.24787090217809243,COMPLETE
828,828,0.4565284178187404,2021-02-07 01:04:40.452796,2021-02-07 01:04:51.557818,0 days 00:00:11.105022,0.026696024895253308,0.9621289009776997,0.021853955683074154,COMPLETE
829,829,0.5972350230414747,2021-02-07 01:04:51.558523,2021-02-07 01:05:07.235577,0 days 00:00:15.677054,0.029436632708962067,0.940664068794543,0.276160311238212,COMPLETE
830,830,0.5729646697388633,2021-02-07 01:05:07.236281,2021-02-07 01:05:18.416443,0 days 00:00:11.180162,0.02158326794801308,0.942959624816761,0.3034965995006076,COMPLETE
831,831,0.5053763440860215,2021-02-07 01:05:18.417144,2021-02-07 01:05:29.408123,0 days 00:00:10.990979,0.026263018057867262,0.9504826996121319,0.35373193157584587,COMPLETE
832,832,0.5898617511520737,2021-02-07 01:05:29.408842,2021-02-07 01:05:40.484645,0 days 00:00:11.075803,0.038374789625671944,0.9379589979048795,0.015359047463807417,COMPLETE
833,833,0.580952380952381,2021-02-07 01:05:40.485347,2021-02-07 01:05:51.483436,0 days 00:00:10.998089,0.03165037970438361,0.9474609891185011,0.24988871726902628,COMPLETE
834,834,0.4894009216589862,2021-02-07 01:05:51.484141,2021-02-07 01:06:07.380773,0 days 00:00:15.896632,0.022002119621710496,0.9440225834082637,0.27191624253889984,COMPLETE
835,835,0.6061443932411674,2021-02-07 01:06:07.381486,2021-02-07 01:06:22.756652,0 days 00:00:15.375166,0.04153891611572623,0.9577242736048405,0.22885541700964604,COMPLETE
836,836,0.5576036866359447,2021-02-07 01:06:22.757371,2021-02-07 01:06:38.664482,0 days 00:00:15.907111,0.018619622120999192,0.941647190425242,0.2974156403818229,COMPLETE
837,837,0.42642089093701996,2021-02-07 01:06:38.665196,2021-02-07 01:06:55.012857,0 days 00:00:16.347661,0.02500965495149054,0.9456975826140128,0.19116090338872146,COMPLETE
838,838,0.5797235023041475,2021-02-07 01:06:55.013577,2021-02-07 01:07:05.764933,0 days 00:00:10.751356,0.031851235913331714,0.9529577357916892,0.24812434114657672,COMPLETE
839,839,0.565284178187404,2021-02-07 01:07:05.765638,2021-02-07 01:07:26.494665,0 days 00:00:20.729027,0.043133418029968035,0.9631462451235662,0.21394180652458367,COMPLETE
840,840,0.4574500768049155,2021-02-07 01:07:26.495378,2021-02-07 01:07:37.274054,0 days 00:00:10.778676,0.034174004699684346,0.9419567888617701,0.0278193773578372,COMPLETE
841,841,0.5834101382488479,2021-02-07 01:07:37.274772,2021-02-07 01:07:48.086159,0 days 00:00:10.811387,0.027291926636436006,0.9491712714959605,0.26470766517982197,COMPLETE
842,842,0.5016897081413211,2021-02-07 01:07:48.086891,2021-02-07 01:08:03.653196,0 days 00:00:15.566305,0.014712750921175426,0.9612023353208731,0.06505706995814023,COMPLETE
843,843,0.5803379416282642,2021-02-07 01:08:03.653907,2021-02-07 01:08:19.791276,0 days 00:00:16.137369,0.05063261789410401,0.9394261344591103,0.18823975355077646,COMPLETE
844,844,0.584331797235023,2021-02-07 01:08:19.791990,2021-02-07 01:08:40.611165,0 days 00:00:20.819175,0.021845067755479296,0.9439695709305218,0.23400368443728298,COMPLETE
845,845,0.4731182795698925,2021-02-07 01:08:40.611873,2021-02-07 01:08:51.757487,0 days 00:00:11.145614,0.03928619555992946,0.9470325829337939,0.2808181174804129,COMPLETE
846,846,0.5732718894009217,2021-02-07 01:08:51.758203,2021-02-07 01:09:02.442818,0 days 00:00:10.684615,0.06544443419931506,0.9412782351713046,0.20651775485708954,COMPLETE
847,847,0.5296466973886329,2021-02-07 01:09:02.443535,2021-02-07 01:09:13.338461,0 days 00:00:10.894926,0.030233197283537298,0.9376649774228342,0.024057823907493506,COMPLETE
848,848,0.6039938556067588,2021-02-07 01:09:13.339188,2021-02-07 01:09:29.309749,0 days 00:00:15.970561,0.017021889381059724,0.9680861409274295,0.30585893317369567,COMPLETE
849,849,0.5391705069124424,2021-02-07 01:09:29.310472,2021-02-07 01:09:40.259806,0 days 00:00:10.949334,0.0824997690690761,0.9429134272365373,0.07491902688771067,COMPLETE
850,850,0.5723502304147465,2021-02-07 01:09:40.260523,2021-02-07 01:09:51.182576,0 days 00:00:10.922053,0.04541527994863693,0.9515605961814053,0.23696922409692053,COMPLETE
851,851,0.5615975422427035,2021-02-07 01:09:51.183299,2021-02-07 01:10:07.123710,0 days 00:00:15.940411,0.03486993572387012,0.9444885329361445,0.17906480136259267,COMPLETE
852,852,0.5090629800307219,2021-02-07 01:10:07.124424,2021-02-07 01:10:22.938267,0 days 00:00:15.813843,0.054547641958275266,0.9662307073676761,0.26001640518765023,COMPLETE
853,853,0.6009216589861751,2021-02-07 01:10:22.938989,2021-02-07 01:10:38.636574,0 days 00:00:15.697585,0.02396956985482507,0.9401154638061382,0.22420126148465108,COMPLETE
854,854,0.5692780337941629,2021-02-07 01:10:38.637287,2021-02-07 01:10:49.675565,0 days 00:00:11.038278,0.04077895950603153,0.9484605267757339,0.09301285812807117,COMPLETE
855,855,0.5695852534562212,2021-02-07 01:10:49.676279,2021-02-07 01:11:00.427834,0 days 00:00:10.751555,0.030509729562405104,0.9463953581768075,0.199181993574498,COMPLETE
856,856,0.5953917050691244,2021-02-07 01:11:00.428562,2021-02-07 01:11:21.467823,0 days 00:00:21.039261,0.019315147503173535,0.9590575795922429,0.16972359916206706,COMPLETE
857,857,0.5910906298003072,2021-02-07 01:11:21.468547,2021-02-07 01:11:32.442349,0 days 00:00:10.973802,0.05861195395823519,0.9552466035842252,0.018889838250393243,COMPLETE
858,858,0.6135176651305684,2021-02-07 01:11:32.443074,2021-02-07 01:11:58.125284,0 days 00:00:25.682210,0.025293017537629855,0.9421851339981907,0.2844620717755869,COMPLETE
859,859,0.5658986175115207,2021-02-07 01:11:58.126001,2021-02-07 01:12:14.054145,0 days 00:00:15.928144,0.0357059072180388,0.944576606769024,0.3333632890722409,COMPLETE
860,860,0.6018433179723502,2021-02-07 01:12:14.054883,2021-02-07 01:12:25.143929,0 days 00:00:11.089046,0.04577278428054708,0.9400585267288992,0.2490418774886048,COMPLETE
861,861,0.5926267281105991,2021-02-07 01:12:25.144643,2021-02-07 01:12:36.069099,0 days 00:00:10.924456,0.027594055066494223,0.9366310939699876,0.22023541910749414,COMPLETE
862,862,0.5763440860215053,2021-02-07 01:12:36.069815,2021-02-07 01:12:57.433064,0 days 00:00:21.363249,0.03521617920718243,0.9473540070468202,0.18413732174559802,COMPLETE
863,863,0.620583717357911,2021-02-07 01:12:57.433787,2021-02-07 01:13:08.464305,0 days 00:00:11.030518,0.021745854828592866,0.9504921378828604,0.2655053636282697,COMPLETE
864,864,0.5947772657450077,2021-02-07 01:13:08.465035,2021-02-07 01:13:19.222355,0 days 00:00:10.757320,0.014394750865818158,0.9522821362900478,0.30787999706799185,COMPLETE
865,865,0.5889400921658986,2021-02-07 01:13:19.223095,2021-02-07 01:13:30.350963,0 days 00:00:11.127868,0.049040831207334115,0.9504628993549551,0.050775165899713516,COMPLETE
866,866,0.5047619047619047,2021-02-07 01:13:30.351675,2021-02-07 01:13:41.353298,0 days 00:00:11.001623,0.018684257688686035,0.9497322296282721,0.046091477696141414,COMPLETE
867,867,0.5179723502304148,2021-02-07 01:13:41.354016,2021-02-07 01:13:52.328024,0 days 00:00:10.974008,0.012906095213332386,0.9514163419753968,0.27192277984222724,COMPLETE
868,868,0.5468509984639017,2021-02-07 01:13:52.328744,2021-02-07 01:14:02.861600,0 days 00:00:10.532856,0.06718375483008288,0.952525972737372,0.2971251753066325,COMPLETE
869,869,0.5763440860215053,2021-02-07 01:14:02.862329,2021-02-07 01:14:18.946296,0 days 00:00:16.083967,0.01673989857876431,0.9493512312557603,0.33404693954624365,COMPLETE
870,870,0.5975422427035331,2021-02-07 01:14:18.947025,2021-02-07 01:14:35.136882,0 days 00:00:16.189857,0.02059557266048452,0.9538701481690557,0.03143393707893771,COMPLETE
871,871,0.5778801843317972,2021-02-07 01:14:35.137607,2021-02-07 01:14:46.419888,0 days 00:00:11.282281,0.039147919465750046,0.9484758899940267,0.03747931593062991,COMPLETE
872,872,0.584331797235023,2021-02-07 01:14:46.420603,2021-02-07 01:14:57.378385,0 days 00:00:10.957782,0.02930866652484088,0.9494494800780819,0.16610421737144337,COMPLETE
873,873,0.5145929339477726,2021-02-07 01:14:57.379124,2021-02-07 01:15:13.326548,0 days 00:00:15.947424,0.05467079872140541,0.9463243898879662,0.27124255087300164,COMPLETE
874,874,0.5109062980030722,2021-02-07 01:15:13.327294,2021-02-07 01:15:29.610613,0 days 00:00:16.283319,0.0006129434556669033,0.9509201584433298,0.20165600974861483,COMPLETE
875,875,0.5840245775729647,2021-02-07 01:15:29.611335,2021-02-07 01:15:40.572605,0 days 00:00:10.961270,0.043317767154631315,0.9474164886163743,0.2899733121623335,COMPLETE
876,876,0.4847926267281106,2021-02-07 01:15:40.573317,2021-02-07 01:15:51.825074,0 days 00:00:11.251757,0.0784910471605152,0.9452702291218842,0.18240769394113585,COMPLETE
877,877,0.498310291858679,2021-02-07 01:15:51.825806,2021-02-07 01:16:12.543171,0 days 00:00:20.717365,0.021759923619011676,0.9509544510111092,0.23456338057694212,COMPLETE
878,878,0.5506912442396313,2021-02-07 01:16:12.543908,2021-02-07 01:16:23.556615,0 days 00:00:11.012707,0.0320422450957074,0.9432219004603053,0.2146626370280724,COMPLETE
879,879,0.5812596006144394,2021-02-07 01:16:23.557334,2021-02-07 01:16:39.660902,0 days 00:00:16.103568,0.0588023039142999,0.9386082531644403,0.2598586282935322,COMPLETE
880,880,0.5821812596006144,2021-02-07 01:16:39.661632,2021-02-07 01:16:55.652337,0 days 00:00:15.990705,0.026034683134094322,0.9535915885788369,0.16081528669533945,COMPLETE
881,881,0.57357910906298,2021-02-07 01:16:55.653062,2021-02-07 01:17:11.486569,0 days 00:00:15.833507,0.04277744445452393,0.9483205027594336,0.19149626472473807,COMPLETE
882,882,0.5689708141321045,2021-02-07 01:17:11.487302,2021-02-07 01:17:22.418958,0 days 00:00:10.931656,0.09824221350908287,0.9455941038347035,0.23914349041871963,COMPLETE
883,883,0.538863287250384,2021-02-07 01:17:22.419692,2021-02-07 01:17:38.549289,0 days 00:00:16.129597,0.03538047295813152,0.9413596761964208,0.322613618114067,COMPLETE
884,884,0.5698924731182796,2021-02-07 01:17:38.550018,2021-02-07 01:17:49.141063,0 days 00:00:10.591045,0.02780029919222727,0.9432112295416522,0.17283231429853646,COMPLETE
885,885,0.5748079877112136,2021-02-07 01:17:49.141792,2021-02-07 01:18:04.939665,0 days 00:00:15.797873,0.04861056101394711,0.9466019359840772,0.20307152555670166,COMPLETE
886,886,0.4823348694316436,2021-02-07 01:18:04.940390,2021-02-07 01:18:15.670627,0 days 00:00:10.730237,0.016141347658287605,0.9400882282863389,0.28095017573149683,COMPLETE
887,887,0.5164362519201229,2021-02-07 01:18:15.671358,2021-02-07 01:18:26.493660,0 days 00:00:10.822302,0.02146566260873512,0.944372881392677,0.24523174875736534,COMPLETE
888,888,0.6027649769585254,2021-02-07 01:18:26.494391,2021-02-07 01:18:42.323812,0 days 00:00:15.829421,0.03941656757812224,0.9494778919356905,0.2204427259657114,COMPLETE
