,number,value,datetime_start,datetime_complete,duration,params_lr,params_nl2,params_num_ct,params_scheduler_gamma,params_sigma2,params_weight_decay,state
1081,1081,,2021-02-08 21:29:03.916399,2021-02-08 21:29:04.569703,0 days 00:00:00.653304,3.560717220816142e-05,11,0,0.97770467629687,18,0.020236574267562188,FAIL
1082,1082,,2021-02-08 21:29:04.570376,2021-02-08 21:29:05.217431,0 days 00:00:00.647055,4.338992555057365e-05,11,0,0.9008679051045105,18,0.01990820299121734,FAIL
1083,1083,,2021-02-08 21:29:05.218518,2021-02-08 21:29:05.868267,0 days 00:00:00.649749,1.0748249709425151e-05,11,0,0.9035220262775856,18,0.020334467804801092,FAIL
1084,1084,,2021-02-08 21:29:05.868901,2021-02-08 21:29:06.502349,0 days 00:00:00.633448,1.0738966910839941e-05,11,0,0.9001437822322552,18,0.020786997568502736,FAIL
1085,1085,,2021-02-08 21:29:06.503428,2021-02-08 21:29:07.183304,0 days 00:00:00.679876,1.1092272487039536e-05,11,0,0.9769658835499608,18,0.021081501067980554,FAIL
1086,1086,,2021-02-08 21:29:07.184374,2021-02-08 21:29:07.849749,0 days 00:00:00.665375,1.1430707542787154e-05,11,0,0.9773318781149382,18,0.020931118835204696,FAIL
1087,1087,,2021-02-08 21:29:07.850403,2021-02-08 21:29:08.609361,0 days 00:00:00.758958,1.0399674869618908e-05,11,0,0.9004590049170265,18,0.021852616358573558,FAIL
1088,1088,,2021-02-08 21:29:08.609989,2021-02-08 21:29:09.243376,0 days 00:00:00.633387,0.00021037608012382245,11,0,0.902291898284117,18,0.01974976977794977,FAIL
1089,1089,,2021-02-08 21:29:09.244024,2021-02-08 21:29:09.885592,0 days 00:00:00.641568,1.0089019190268857e-05,11,0,0.9771961306885245,18,0.01937540913423282,FAIL
1090,1090,,2021-02-08 21:29:09.886230,2021-02-08 21:29:10.522367,0 days 00:00:00.636137,1.0031067163218027e-05,11,0,0.9769477614947017,18,0.02094793980860216,FAIL
1091,1091,,2021-02-08 21:29:10.523033,2021-02-08 21:29:11.177941,0 days 00:00:00.654908,4.3392525788313245e-05,11,0,0.9014294773716891,18,0.021625567268466987,FAIL
1092,1092,,2021-02-08 21:29:11.179032,2021-02-08 21:29:11.888323,0 days 00:00:00.709291,3.025822142199271e-05,11,0,0.9397880311726708,18,0.020884591978403894,FAIL
1093,1093,,2021-02-08 21:29:11.888957,2021-02-08 21:29:12.534711,0 days 00:00:00.645754,3.7168579290596944e-05,11,0,0.9763546572835611,18,0.01927879979600209,FAIL
1094,1094,,2021-02-08 21:29:12.535461,2021-02-08 21:29:13.190274,0 days 00:00:00.654813,4.092190761713509e-05,11,0,0.9002106306505107,18,0.020378980423963834,FAIL
1095,1095,,2021-02-08 21:29:13.191344,2021-02-08 21:29:13.973791,0 days 00:00:00.782447,4.435632665228409e-05,11,0,0.978156400534162,18,0.021561512436383042,FAIL
1096,1096,,2021-02-08 21:29:13.974872,2021-02-08 21:29:14.634839,0 days 00:00:00.659967,1.0623322008261121e-05,11,0,0.9023867226686856,18,0.02122964167381078,FAIL
1097,1097,,2021-02-08 21:29:14.635935,2021-02-08 21:29:15.301503,0 days 00:00:00.665568,3.3183208049570685e-05,11,0,0.9390141154325017,18,0.022621889759346515,FAIL
1098,1098,,2021-02-08 21:29:15.302733,2021-02-08 21:29:15.999517,0 days 00:00:00.696784,1.1146774872176423e-05,11,0,0.9770991254017117,18,0.024232021943285338,FAIL
1099,1099,,2021-02-08 21:29:16.000193,2021-02-08 21:29:16.648887,0 days 00:00:00.648694,4.306253016923455e-05,11,0,0.9013680052266057,18,0.02096074539307085,FAIL
1100,1100,,2021-02-08 21:29:16.649533,2021-02-08 21:29:17.299007,0 days 00:00:00.649474,3.2736279069795945e-05,11,0,0.9769492896612652,18,0.02089048874234009,FAIL
1101,1101,,2021-02-08 21:29:17.300213,2021-02-08 21:29:17.998054,0 days 00:00:00.697841,4.4633519147403795e-05,11,0,0.9413031081488339,18,0.020876125077215563,FAIL
1102,1102,,2021-02-08 21:29:17.999166,2021-02-08 21:29:18.706208,0 days 00:00:00.707042,3.6603951725390915e-05,11,0,0.9763159395676402,18,0.02017455071811662,FAIL
1103,1103,,2021-02-08 21:29:18.706870,2021-02-08 21:29:19.474659,0 days 00:00:00.767789,3.498392351033529e-05,11,0,0.9383678047530147,18,0.020602319089925242,FAIL
1104,1104,,2021-02-08 21:29:19.475321,2021-02-08 21:29:20.111995,0 days 00:00:00.636674,3.66797959383261e-05,11,0,0.9773507275750579,18,0.019325096151620074,FAIL
1105,1105,,2021-02-08 21:29:20.112658,2021-02-08 21:29:20.751869,0 days 00:00:00.639211,4.047447810042252e-05,11,0,0.9405548041888779,18,0.021912600365526815,FAIL
1106,1106,,2021-02-08 21:29:20.752531,2021-02-08 21:29:21.401163,0 days 00:00:00.648632,3.5256371835528855e-05,11,0,0.9770961614082293,18,0.020622073585505243,FAIL
1107,1107,,2021-02-08 21:29:21.401832,2021-02-08 21:29:22.047680,0 days 00:00:00.645848,1.0128203139688217e-05,11,0,0.9410790160031801,18,0.020847781208023743,FAIL
1108,1108,,2021-02-08 21:29:22.048334,2021-02-08 21:29:22.689554,0 days 00:00:00.641220,3.2634165384211933e-05,11,0,0.9765574798774485,18,0.020775375719538355,FAIL
1109,1109,,2021-02-08 21:29:22.690663,2021-02-08 21:29:23.354347,0 days 00:00:00.663684,3.6686922521629665e-05,11,0,0.900126062012411,18,0.06067679655870523,FAIL
1110,1110,,2021-02-08 21:29:23.355449,2021-02-08 21:29:24.012299,0 days 00:00:00.656850,3.7362523568382184e-05,11,0,0.9019456378657024,18,0.02029899911152308,FAIL
1111,1111,,2021-02-08 21:29:24.013402,2021-02-08 21:29:24.774398,0 days 00:00:00.760996,1.0380520921879558e-05,11,0,0.9767354850451714,18,0.05939060022441026,FAIL
1112,1112,,2021-02-08 21:29:24.775488,2021-02-08 21:29:25.434545,0 days 00:00:00.659057,1.0364974636947947e-05,11,0,0.9379785793244476,18,0.019997239163304294,FAIL
1113,1113,,2021-02-08 21:29:25.435640,2021-02-08 21:29:26.110819,0 days 00:00:00.675179,3.483735064517369e-05,11,0,0.9762671999430419,18,0.020277485460189055,FAIL
1114,1114,,2021-02-08 21:29:26.111910,2021-02-08 21:29:26.774293,0 days 00:00:00.662383,1.0457081039433797e-05,11,0,0.9004224996763994,18,0.018839834761378398,FAIL
1115,1115,,2021-02-08 21:29:26.775414,2021-02-08 21:29:27.453553,0 days 00:00:00.678139,3.6115618062296644e-05,11,0,0.9782575151146763,18,0.01892935402664102,FAIL
1116,1116,,2021-02-08 21:29:27.454660,2021-02-08 21:29:28.113959,0 days 00:00:00.659299,1.1165110336198068e-05,11,0,0.9831864205848978,18,0.021249920321330776,FAIL
1117,1117,,2021-02-08 21:29:28.114623,2021-02-08 21:29:28.745739,0 days 00:00:00.631116,3.21331687252719e-05,11,0,0.9772288203999828,18,0.02461038569313099,FAIL
1118,1118,,2021-02-08 21:29:28.746431,2021-02-08 21:29:29.385838,0 days 00:00:00.639407,1.0481165695408673e-05,11,0,0.902744346508944,18,0.020797837284038164,FAIL
1119,1119,,2021-02-08 21:29:29.386947,2021-02-08 21:29:30.164807,0 days 00:00:00.777860,3.5558115880355374e-05,11,0,0.9031249920578663,18,0.020799378298974058,FAIL
1120,1120,,2021-02-08 21:29:30.165865,2021-02-08 21:29:30.822866,0 days 00:00:00.657001,1.0009428019530145e-05,11,0,0.9023434254454024,18,0.021653122981816163,FAIL
1121,1121,,2021-02-08 21:29:30.823972,2021-02-08 21:29:31.504674,0 days 00:00:00.680702,3.414191317425308e-05,11,0,0.9005373463262419,18,0.02047935613774241,FAIL
1122,1122,,2021-02-08 21:29:31.505810,2021-02-08 21:29:32.175676,0 days 00:00:00.669866,3.615807574589642e-05,11,0,0.9022600543033394,18,0.02273309693082998,FAIL
1123,1123,,2021-02-08 21:29:32.176374,2021-02-08 21:29:32.818769,0 days 00:00:00.642395,1.1043156193895902e-05,11,0,0.9010954046632726,18,0.02254174283322106,FAIL
1124,1124,,2021-02-08 21:29:32.819438,2021-02-08 21:29:33.473736,0 days 00:00:00.654298,3.131679719741808e-05,11,0,0.9385429235982428,18,0.020800509370547796,FAIL
1125,1125,,2021-02-08 21:29:33.474401,2021-02-08 21:29:34.118465,0 days 00:00:00.644064,3.949821984078262e-05,11,0,0.9026180733079536,18,0.022106280151402195,FAIL
1126,1126,,2021-02-08 21:29:34.119137,2021-02-08 21:29:34.765715,0 days 00:00:00.646578,1.0571434902222112e-05,11,0,0.9759617221140046,18,0.02363116611184281,FAIL
1127,1127,,2021-02-08 21:29:34.766820,2021-02-08 21:29:35.543957,0 days 00:00:00.777137,3.893846674829155e-05,11,0,0.9002390128791707,18,0.053844686613626055,FAIL
1128,1128,0.5615975422427035,2021-02-08 21:29:35.545028,2021-02-08 21:29:46.269512,0 days 00:00:10.724484,1.110566627110261e-05,11,2,0.9018783658283942,18,0.020889716264429106,COMPLETE
1129,1129,,2021-02-08 21:29:46.270424,2021-02-08 21:29:46.946786,0 days 00:00:00.676362,4.2710649896591515e-05,19,0,0.9762078871241462,18,0.05643896093397682,FAIL
1130,1130,,2021-02-08 21:29:46.947560,2021-02-08 21:29:47.593724,0 days 00:00:00.646164,0.00022479542291902033,19,0,0.9397613008536879,18,0.061193427945729795,FAIL
1131,1131,,2021-02-08 21:29:47.594804,2021-02-08 21:29:48.242260,0 days 00:00:00.647456,0.0002151781639421668,19,0,0.9765012138021557,18,0.05255249678325701,FAIL
1132,1132,,2021-02-08 21:29:48.242949,2021-02-08 21:29:48.954831,0 days 00:00:00.711882,3.664206377935107e-05,19,0,0.9778806177681606,18,0.05441136668462866,FAIL
1133,1133,,2021-02-08 21:29:48.955478,2021-02-08 21:29:49.605065,0 days 00:00:00.649587,3.687954294455986e-05,19,0,0.9774717488692533,18,0.05399935750582253,FAIL
1134,1134,,2021-02-08 21:29:49.605738,2021-02-08 21:29:50.387316,0 days 00:00:00.781578,3.3299442496448284e-05,19,0,0.9772052332894755,18,0.0573186597109813,FAIL
1135,1135,,2021-02-08 21:29:50.388429,2021-02-08 21:29:51.044095,0 days 00:00:00.655666,3.532253814140208e-05,19,0,0.9772190424458553,18,0.04142642486354958,FAIL
1136,1136,,2021-02-08 21:29:51.045175,2021-02-08 21:29:51.700503,0 days 00:00:00.655328,3.9561503918240946e-05,19,0,0.9758002403288653,18,0.05862152695729269,FAIL
1137,1137,,2021-02-08 21:29:51.701559,2021-02-08 21:29:52.365925,0 days 00:00:00.664366,3.50240716754316e-05,19,0,0.977415725635955,18,0.05806409188838539,FAIL
1138,1138,,2021-02-08 21:29:52.366591,2021-02-08 21:29:53.003832,0 days 00:00:00.637241,3.731410554706056e-05,19,0,0.9771928872749097,18,0.056860365142599914,FAIL
1139,1139,,2021-02-08 21:29:53.004486,2021-02-08 21:29:53.653262,0 days 00:00:00.648776,3.973149381653419e-05,19,0,0.9775045336220861,18,0.023529603077861366,FAIL
1140,1140,,2021-02-08 21:29:53.653920,2021-02-08 21:29:54.282589,0 days 00:00:00.628669,3.6148575694809275e-05,19,0,0.9775727191024208,18,0.05495506260028148,FAIL
1141,1141,,2021-02-08 21:29:54.283266,2021-02-08 21:29:54.906598,0 days 00:00:00.623332,3.606430753515058e-05,9,0,0.97661512352405,18,0.0563875680478506,FAIL
1142,1142,,2021-02-08 21:29:54.907275,2021-02-08 21:29:55.661586,0 days 00:00:00.754311,3.70989035370732e-05,9,0,0.9838687910303124,18,0.05783733452916424,FAIL
1143,1143,,2021-02-08 21:29:55.662244,2021-02-08 21:29:56.307430,0 days 00:00:00.645186,3.6555216812374327e-05,19,0,0.9769460581722614,18,0.05437621667875101,FAIL
1144,1144,,2021-02-08 21:29:56.308103,2021-02-08 21:29:56.950541,0 days 00:00:00.642438,3.662461303627478e-05,19,0,0.976635771017071,18,0.055800737283894515,FAIL
1145,1145,,2021-02-08 21:29:56.951202,2021-02-08 21:29:57.575980,0 days 00:00:00.624778,4.095770217754585e-05,19,0,0.9770908173956228,18,0.056047582681301084,FAIL
1146,1146,,2021-02-08 21:29:57.576625,2021-02-08 21:29:58.220948,0 days 00:00:00.644323,3.582444034475476e-05,19,0,0.9759991015823544,18,0.05917571840812159,FAIL
1147,1147,,2021-02-08 21:29:58.221592,2021-02-08 21:29:58.870215,0 days 00:00:00.648623,3.740482538500387e-05,19,0,0.9763696917887977,18,0.055265424393392194,FAIL
1148,1148,,2021-02-08 21:29:58.870878,2021-02-08 21:29:59.513474,0 days 00:00:00.642596,3.8247991747278344e-05,19,0,0.9772874874639916,18,0.054843776618436896,FAIL
1149,1149,,2021-02-08 21:29:59.514121,2021-02-08 21:30:00.150283,0 days 00:00:00.636162,3.7550511953317004e-05,19,0,0.9759080302240695,18,0.0552626213761824,FAIL
1150,1150,,2021-02-08 21:30:00.151396,2021-02-08 21:30:00.925257,0 days 00:00:00.773861,3.458150566861146e-05,19,0,0.9840479565284826,18,0.05422493569054532,FAIL
1151,1151,,2021-02-08 21:30:00.926020,2021-02-08 21:30:01.569394,0 days 00:00:00.643374,3.47184525524717e-05,9,0,0.9763381979343255,18,0.0578506026108327,FAIL
1152,1152,,2021-02-08 21:30:01.570528,2021-02-08 21:30:02.210720,0 days 00:00:00.640192,3.838049833375783e-05,19,0,0.9771435473363466,18,0.05594436100135877,FAIL
1153,1153,,2021-02-08 21:30:02.211819,2021-02-08 21:30:02.863244,0 days 00:00:00.651425,3.161228899955176e-05,9,0,0.9787160344829957,18,0.05864569201518911,FAIL
1154,1154,,2021-02-08 21:30:02.863912,2021-02-08 21:30:03.523423,0 days 00:00:00.659511,3.849671871052915e-05,19,0,0.9762478116804109,18,0.05724782414014443,FAIL
1155,1155,,2021-02-08 21:30:03.524084,2021-02-08 21:30:04.165588,0 days 00:00:00.641504,1.834221799833955e-05,19,0,0.9780211960588322,18,0.05722248197479465,FAIL
1156,1156,,2021-02-08 21:30:04.166711,2021-02-08 21:30:04.818506,0 days 00:00:00.651795,0.00022461426843948338,9,0,0.9777255227583287,18,0.05862772600864608,FAIL
1157,1157,,2021-02-08 21:30:04.819637,2021-02-08 21:30:05.494659,0 days 00:00:00.675022,3.79327564402951e-05,19,0,0.9776481559571467,18,0.05638276642556761,FAIL
1158,1158,,2021-02-08 21:30:05.495372,2021-02-08 21:30:06.272875,0 days 00:00:00.777503,4.092137068497328e-05,19,0,0.9771645974300984,18,0.06019992876073776,FAIL
1159,1159,,2021-02-08 21:30:06.273999,2021-02-08 21:30:06.962478,0 days 00:00:00.688479,3.693301163137434e-05,19,0,0.9766533222122098,18,0.05998675350353773,FAIL
1160,1160,,2021-02-08 21:30:06.963587,2021-02-08 21:30:07.621620,0 days 00:00:00.658033,4.264395256083387e-05,9,0,0.9761457662310121,18,0.05947295305378761,FAIL
1161,1161,,2021-02-08 21:30:07.622319,2021-02-08 21:30:08.272435,0 days 00:00:00.650116,3.816382131419717e-05,19,0,0.9393086768814806,18,0.05590886666021467,FAIL
1162,1162,,2021-02-08 21:30:08.273522,2021-02-08 21:30:08.934918,0 days 00:00:00.661396,2.9491916821921644e-05,19,0,0.9772573263611491,18,0.059347479777051716,FAIL
1163,1163,,2021-02-08 21:30:08.935583,2021-02-08 21:30:09.581907,0 days 00:00:00.646324,3.793467761665254e-05,19,0,0.9767854227859398,18,0.0540857288220267,FAIL
1164,1164,,2021-02-08 21:30:09.583029,2021-02-08 21:30:10.243040,0 days 00:00:00.660011,3.639050486458129e-05,9,0,0.9393183350444434,18,0.05571045401975476,FAIL
1165,1165,,2021-02-08 21:30:10.243756,2021-02-08 21:30:10.893836,0 days 00:00:00.650080,3.56120220727938e-05,19,0,0.9771929538662576,18,0.05602696250473144,FAIL
1166,1166,,2021-02-08 21:30:10.894487,2021-02-08 21:30:11.682729,0 days 00:00:00.788242,3.515990224710141e-05,19,0,0.9784223511088078,18,0.05420175805371951,FAIL
1167,1167,,2021-02-08 21:30:11.683883,2021-02-08 21:30:12.363431,0 days 00:00:00.679548,3.8499825294641666e-05,19,0,0.978111618477754,18,0.0601886759833733,FAIL
1168,1168,,2021-02-08 21:30:12.364129,2021-02-08 21:30:13.011974,0 days 00:00:00.647845,3.707196977144773e-05,19,0,0.940971541015071,18,0.05539993072739774,FAIL
1169,1169,,2021-02-08 21:30:13.013086,2021-02-08 21:30:13.709872,0 days 00:00:00.696786,3.428762348169862e-05,19,0,0.976978217420294,18,0.05663860614587439,FAIL
1170,1170,,2021-02-08 21:30:13.710984,2021-02-08 21:30:14.388806,0 days 00:00:00.677822,3.6953648183012035e-05,19,0,0.9758340595256225,18,0.05785482622626911,FAIL
1171,1171,,2021-02-08 21:30:14.389918,2021-02-08 21:30:15.098992,0 days 00:00:00.709074,0.00019288281760012436,9,0,0.9784998356475528,18,0.05804695926635944,FAIL
1172,1172,,2021-02-08 21:30:15.099655,2021-02-08 21:30:15.741221,0 days 00:00:00.641566,0.00020039855080876767,19,0,0.9759119632105115,18,0.05700988452387548,FAIL
1173,1173,,2021-02-08 21:30:15.741890,2021-02-08 21:30:16.380436,0 days 00:00:00.638546,3.477751913335063e-05,19,0,0.9763905306601395,18,0.06070728484023544,FAIL
1174,1174,,2021-02-08 21:30:16.381559,2021-02-08 21:30:17.163091,0 days 00:00:00.781532,3.562835809540248e-05,19,0,0.9780831996186465,18,0.05658409703557121,FAIL
1175,1175,,2021-02-08 21:30:17.163788,2021-02-08 21:30:17.806211,0 days 00:00:00.642423,3.566616655314712e-05,9,0,0.9767264952159912,18,0.04177954438809851,FAIL
1176,1176,,2021-02-08 21:30:17.806893,2021-02-08 21:30:18.454343,0 days 00:00:00.647450,4.0525128636229336e-05,19,0,0.9761101876387436,18,0.05893809767633655,FAIL
1177,1177,,2021-02-08 21:30:18.455037,2021-02-08 21:30:19.099980,0 days 00:00:00.644943,3.215168406812288e-05,9,0,0.9774815952896468,18,0.05761719049886183,FAIL
1178,1178,,2021-02-08 21:30:19.100653,2021-02-08 21:30:19.740716,0 days 00:00:00.640063,3.4908857137222274e-05,9,0,0.9773391056625662,18,0.05632788892713822,FAIL
1179,1179,,2021-02-08 21:30:19.741391,2021-02-08 21:30:20.362361,0 days 00:00:00.620970,3.540650488119525e-05,19,0,0.9771595277215557,18,0.053846402667246954,FAIL
1180,1180,0.42980030721966206,2021-02-08 21:30:20.363044,2021-02-08 21:30:31.160322,0 days 00:00:10.797278,3.057705456476986e-05,9,4,0.9755514208378391,18,0.059620751272995286,COMPLETE
1181,1181,,2021-02-08 21:30:31.161320,2021-02-08 21:30:31.833361,0 days 00:00:00.672041,1.8384649532397816e-05,19,0,0.9835299580144662,20,0.04179612542901455,FAIL
1182,1182,,2021-02-08 21:30:31.834057,2021-02-08 21:30:32.481782,0 days 00:00:00.647725,0.0002201107953056533,13,0,0.9389752044731968,20,0.024265721107656305,FAIL
1183,1183,,2021-02-08 21:30:32.482913,2021-02-08 21:30:33.145403,0 days 00:00:00.662490,1.6966296532177675e-05,19,0,0.9820136455222956,20,0.024732505389100847,FAIL
1184,1184,,2021-02-08 21:30:33.146128,2021-02-08 21:30:33.812380,0 days 00:00:00.666252,0.00022708862408308503,19,0,0.9818363258954725,20,0.040986697562703865,FAIL
1185,1185,,2021-02-08 21:30:33.813533,2021-02-08 21:30:34.472787,0 days 00:00:00.659254,0.00021345769379570268,19,0,0.981219918894866,20,0.024364271997274027,FAIL
1186,1186,,2021-02-08 21:30:34.473486,2021-02-08 21:30:35.122896,0 days 00:00:00.649410,0.0002360673855239866,19,0,0.9823510915617768,20,0.02438332090538174,FAIL
1187,1187,,2021-02-08 21:30:35.124032,2021-02-08 21:30:35.791045,0 days 00:00:00.667013,0.00021005757260679974,19,0,0.9843003806083258,20,0.02468700262621643,FAIL
1188,1188,,2021-02-08 21:30:35.791713,2021-02-08 21:30:36.430844,0 days 00:00:00.639131,1.8936656917964693e-05,19,0,0.9489786112154144,20,0.04100899657123697,FAIL
1189,1189,,2021-02-08 21:30:36.431584,2021-02-08 21:30:37.229707,0 days 00:00:00.798123,0.00021073908254650562,13,0,0.9840632649181535,20,0.03999750610249242,FAIL
1190,1190,,2021-02-08 21:30:37.230876,2021-02-08 21:30:37.911878,0 days 00:00:00.681002,1.8365352641261845e-05,19,0,0.9379571786346642,20,0.025357912965324005,FAIL
1191,1191,,2021-02-08 21:30:37.913016,2021-02-08 21:30:38.613002,0 days 00:00:00.699986,6.359307801693173e-05,19,0,0.9388583924452212,20,0.04419088739178759,FAIL
1192,1192,,2021-02-08 21:30:38.613695,2021-02-08 21:30:39.269169,0 days 00:00:00.655474,0.0002132995666680941,19,0,0.9845819977745836,20,0.04355513283022647,FAIL
1193,1193,,2021-02-08 21:30:39.269864,2021-02-08 21:30:39.920295,0 days 00:00:00.650431,1.7613304675274514e-05,19,0,0.9483788447465403,20,0.03920264813563254,FAIL
1194,1194,,2021-02-08 21:30:39.921447,2021-02-08 21:30:40.597288,0 days 00:00:00.675841,0.00020826154128977584,19,0,0.9823004656779999,20,0.02453467534393087,FAIL
1195,1195,,2021-02-08 21:30:40.598443,2021-02-08 21:30:41.257023,0 days 00:00:00.658580,0.00019296866099917978,19,0,0.9386943402325358,20,0.0418823722347594,FAIL
1196,1196,,2021-02-08 21:30:41.257713,2021-02-08 21:30:41.895870,0 days 00:00:00.638157,1.6693475448256944e-05,19,0,0.9838912341883248,20,0.04170543589705801,FAIL
1197,1197,,2021-02-08 21:30:41.896989,2021-02-08 21:30:42.737208,0 days 00:00:00.840219,1.7497532350589784e-05,19,0,0.9416179569352853,20,0.04206151614850901,FAIL
1198,1198,,2021-02-08 21:30:42.738292,2021-02-08 21:30:43.433183,0 days 00:00:00.694891,1.7579580714686203e-05,19,0,0.9828471861325719,20,0.041059462641906186,FAIL
1199,1199,,2021-02-08 21:30:43.434307,2021-02-08 21:30:44.098178,0 days 00:00:00.663871,1.8910003301917032e-05,19,0,0.9814690030393385,20,0.041282490175786064,FAIL
1200,1200,,2021-02-08 21:30:44.098932,2021-02-08 21:30:44.747438,0 days 00:00:00.648506,0.0002333704825604917,19,0,0.9830314944771078,20,0.024555178809779848,FAIL
1201,1201,,2021-02-08 21:30:44.748381,2021-02-08 21:30:45.406100,0 days 00:00:00.657719,0.00018464891500628587,13,0,0.9842987368645364,20,0.041983806174347105,FAIL
1202,1202,,2021-02-08 21:30:45.406815,2021-02-08 21:30:46.064650,0 days 00:00:00.657835,0.00021342025419636245,13,0,0.9804975746287968,20,0.04207993870972853,FAIL
1203,1203,,2021-02-08 21:30:46.065323,2021-02-08 21:30:46.709981,0 days 00:00:00.644658,0.00024437015998153214,19,0,0.9840920312301439,20,0.04198495281932089,FAIL
1204,1204,,2021-02-08 21:30:46.710686,2021-02-08 21:30:47.351414,0 days 00:00:00.640728,0.00022645528516895353,19,0,0.9379460521303724,20,0.024046987930233278,FAIL
1205,1205,,2021-02-08 21:30:47.352097,2021-02-08 21:30:48.134409,0 days 00:00:00.782312,0.0002067535728267584,19,0,0.9840183621049244,20,0.041657111311093044,FAIL
1206,1206,,2021-02-08 21:30:48.135589,2021-02-08 21:30:48.834560,0 days 00:00:00.698971,0.00018191592184134747,19,0,0.9403383270756943,20,0.04239682238749993,FAIL
1207,1207,,2021-02-08 21:30:48.835545,2021-02-08 21:30:49.489454,0 days 00:00:00.653909,0.0002375377143924152,19,0,0.9403641429644208,20,0.04157999284017407,FAIL
1208,1208,,2021-02-08 21:30:49.490160,2021-02-08 21:30:50.131416,0 days 00:00:00.641256,0.00021435381556872795,13,0,0.9833824327893117,20,0.024581682395227608,FAIL
1209,1209,,2021-02-08 21:30:50.132097,2021-02-08 21:30:50.782970,0 days 00:00:00.650873,1.811116766301863e-05,13,0,0.9414237527607439,20,0.04230046072511557,FAIL
1210,1210,,2021-02-08 21:30:50.783645,2021-02-08 21:30:51.430873,0 days 00:00:00.647228,0.00020445312398296374,19,0,0.9825306465016568,20,0.024930876256132304,FAIL
1211,1211,,2021-02-08 21:30:51.431560,2021-02-08 21:30:52.080233,0 days 00:00:00.648673,6.0549191402716057e-05,19,0,0.9837814948972109,20,0.04091147051961686,FAIL
1212,1212,,2021-02-08 21:30:52.080924,2021-02-08 21:30:52.713392,0 days 00:00:00.632468,0.00021179696887289182,19,0,0.9835352960658287,20,0.040706595636028034,FAIL
1213,1213,,2021-02-08 21:30:52.714058,2021-02-08 21:30:53.510925,0 days 00:00:00.796867,0.0002088158164070464,19,0,0.9497934447979093,20,0.04134510498401151,FAIL
1214,1214,,2021-02-08 21:30:53.511619,2021-02-08 21:30:54.148471,0 days 00:00:00.636852,0.00021892115489406048,19,0,0.9830475107092473,20,0.041941022945224074,FAIL
