,number,value,datetime_start,datetime_complete,duration,params_lr,params_nl2,params_num_ct,params_scheduler_gamma,params_sigma2,params_weight_decay,state
3952,3952,,2021-02-09 00:52:51.197342,2021-02-09 00:52:51.886164,0 days 00:00:00.688822,0.00024258547835754137,7,0,0.9878784020609936,18,0.04905647721688498,FAIL
3953,3953,,2021-02-09 00:52:51.888707,2021-02-09 00:52:52.593559,0 days 00:00:00.704852,0.00025995918378496206,7,0,0.9354655177505261,18,0.020293656413292616,FAIL
3954,3954,,2021-02-09 00:52:52.595140,2021-02-09 00:52:53.291595,0 days 00:00:00.696455,0.00015752518629929247,7,0,0.9381862604038598,18,0.05073598785825964,FAIL
3955,3955,0.5732718894009217,2021-02-09 00:52:53.293158,2021-02-09 00:53:20.664042,0 days 00:00:27.370884,1.0197272209858001e-05,7,8,0.9899630249367538,18,0.020288802392567962,COMPLETE
3956,3956,0.43410138248847924,2021-02-09 00:53:20.666187,2021-02-09 00:53:41.544516,0 days 00:00:20.878329,0.000168128689937308,11,4,0.9374889023199633,20,0.10114333321342209,COMPLETE
3957,3957,0.43748079877112134,2021-02-09 00:53:41.546656,2021-02-09 00:53:52.740207,0 days 00:00:11.193551,0.0002498694326080345,11,6,0.9043039176682677,16,0.028897098656665714,COMPLETE
3958,3958,,2021-02-09 00:53:52.742371,2021-02-09 00:53:53.455624,0 days 00:00:00.713253,0.00014506392890256876,15,0,0.9556772916564447,20,0.02447909802820766,FAIL
3959,3959,0.40307219662058374,2021-02-09 00:53:53.458200,2021-02-09 00:54:04.686726,0 days 00:00:11.228526,0.0006840413954251555,15,4,0.9300700702072074,20,0.024329867414558375,COMPLETE
3960,3960,0.5754224270353303,2021-02-09 00:54:04.688881,2021-02-09 00:54:16.178495,0 days 00:00:11.489614,0.0001330196962266219,11,8,0.9357778375041574,18,0.04889544327893511,COMPLETE
3961,3961,,2021-02-09 00:54:16.180648,2021-02-09 00:54:16.870802,0 days 00:00:00.690154,0.00032207929206207083,7,0,0.957498837602018,16,0.039335015201995796,FAIL
3962,3962,0.5932411674347158,2021-02-09 00:54:16.873350,2021-02-09 00:54:27.525886,0 days 00:00:10.652536,0.00030680220394171834,7,2,0.9482828608758508,16,0.038668175161992294,COMPLETE
3963,3963,,2021-02-09 00:54:27.528027,2021-02-09 00:54:28.246150,0 days 00:00:00.718123,8.730370712250445e-05,13,0,0.9000050021525753,20,0.032953476276771906,FAIL
3964,3964,0.4012288786482335,2021-02-09 00:54:28.247606,2021-02-09 00:54:44.894004,0 days 00:00:16.646398,0.00015197146264803686,13,6,0.9874859779883957,20,0.03252516090105707,COMPLETE
3965,3965,0.39109062980030723,2021-02-09 00:54:44.896173,2021-02-09 00:55:00.449943,0 days 00:00:15.553770,9.73261329029881e-05,15,2,0.9576750501354165,16,0.035117956335994883,COMPLETE
3966,3966,,2021-02-09 00:55:00.452104,2021-02-09 00:55:01.152518,0 days 00:00:00.700414,0.00019854828362234433,11,0,0.9336935662428796,18,0.044380023180696365,FAIL
3967,3967,0.5698924731182796,2021-02-09 00:55:01.155177,2021-02-09 00:55:12.034743,0 days 00:00:10.879566,0.007648883107461484,11,4,0.9338231278142411,18,0.029854600435922928,COMPLETE
3968,3968,,2021-02-09 00:55:12.036876,2021-02-09 00:55:12.726260,0 days 00:00:00.689384,0.00018558824234257213,11,0,0.9425720744902415,20,0.06944203497978016,FAIL
3969,3969,,2021-02-09 00:55:12.728846,2021-02-09 00:55:13.442517,0 days 00:00:00.713671,0.00019328992316254638,11,0,0.9278352586448091,20,0.06291767161648261,FAIL
3970,3970,,2021-02-09 00:55:13.445096,2021-02-09 00:55:14.311917,0 days 00:00:00.866821,0.00018063613673761702,11,0,0.9528770215764445,20,0.05313870052279553,FAIL
3971,3971,0.38095238095238093,2021-02-09 00:55:14.313421,2021-02-09 00:55:25.035199,0 days 00:00:10.721778,0.00018438122477677584,11,2,0.9014060167778633,20,0.04387473859323798,COMPLETE
3972,3972,0.4706605222734255,2021-02-09 00:55:25.037365,2021-02-09 00:55:35.754234,0 days 00:00:10.716869,7.615782775969488e-05,11,4,0.9535382076629719,16,0.06365656322618492,COMPLETE
3973,3973,,2021-02-09 00:55:35.756450,2021-02-09 00:55:36.467100,0 days 00:00:00.710650,0.0001253976242120631,7,0,0.9319435347590646,20,0.06867863872058709,FAIL
3974,3974,,2021-02-09 00:55:36.468647,2021-02-09 00:55:37.147099,0 days 00:00:00.678452,0.0001177075698466604,7,0,0.9598108487212108,20,0.0154701356193871,FAIL
3975,3975,,2021-02-09 00:55:37.150132,2021-02-09 00:55:37.885667,0 days 00:00:00.735535,0.0012160340900435782,7,0,0.9598323946527066,20,0.05227418138883225,FAIL
3976,3976,0.5554531490015361,2021-02-09 00:55:37.887199,2021-02-09 00:56:34.383338,0 days 00:00:56.496139,0.0012869965292746338,7,6,0.9276833412412365,20,0.07012517886128344,COMPLETE
3977,3977,0.40890937019969276,2021-02-09 00:56:34.385524,2021-02-09 00:56:50.230217,0 days 00:00:15.844693,0.0001259478632909031,15,2,0.9436484183144377,14,0.05396973730600125,COMPLETE
3978,3978,,2021-02-09 00:56:50.232406,2021-02-09 00:56:50.924595,0 days 00:00:00.692189,0.0004001705643881189,13,0,0.9000030033213492,18,0.04034321938334991,FAIL
3979,3979,,2021-02-09 00:56:50.927161,2021-02-09 00:56:51.616315,0 days 00:00:00.689154,0.00022412360794123,13,0,0.959888806581688,18,0.040167847264828554,FAIL
3980,3980,0.4110599078341014,2021-02-09 00:56:51.618914,2021-02-09 00:57:03.212233,0 days 00:00:11.593319,0.00020867799497079902,13,8,0.9558737732848851,18,0.036650752396782685,COMPLETE
3981,3981,0.546236559139785,2021-02-09 00:57:03.214385,2021-02-09 00:57:14.166870,0 days 00:00:10.952485,0.00015955308300606128,11,6,0.9596600486073414,16,0.015768499523720746,COMPLETE
3982,3982,,2021-02-09 00:57:14.169025,2021-02-09 00:57:14.856509,0 days 00:00:00.687484,0.0004299643997323642,15,0,0.9317209231534405,16,0.026031906434512468,FAIL
3983,3983,0.5348694316436252,2021-02-09 00:57:14.858897,2021-02-09 00:57:25.588762,0 days 00:00:10.729865,0.00010074253427192537,15,4,0.9262968652328225,16,0.02556047399140859,COMPLETE
3984,3984,0.5913978494623656,2021-02-09 00:57:25.590928,2021-02-09 00:58:01.786537,0 days 00:00:36.195609,0.0002463162254556653,11,6,0.9309069843128528,20,0.04082130300901049,COMPLETE
3985,3985,,2021-02-09 00:58:01.788717,2021-02-09 00:58:02.491220,0 days 00:00:00.702503,0.00041171245749775285,11,0,0.9001702532664388,20,0.03158007219446106,FAIL
3986,3986,,2021-02-09 00:58:02.492675,2021-02-09 00:58:03.178259,0 days 00:00:00.685584,0.00014098587058771476,11,0,0.9327974673252749,20,0.03218862357864037,FAIL
3987,3987,0.4804915514592934,2021-02-09 00:58:03.181086,2021-02-09 00:58:13.820909,0 days 00:00:10.639823,0.00037722271403318477,19,2,0.9000363607976529,20,0.032012325793894986,COMPLETE
3988,3988,0.5265745007680491,2021-02-09 00:58:13.823077,2021-02-09 00:58:29.655608,0 days 00:00:15.832531,0.0001145339407728011,11,4,0.9345472483822701,16,0.022197926110486436,COMPLETE
3989,3989,,2021-02-09 00:58:29.657770,2021-02-09 00:58:30.500852,0 days 00:00:00.843082,1.1748716193189418e-05,7,0,0.9411907379200541,18,0.0376162449631687,FAIL
3990,3990,0.5293394777265745,2021-02-09 00:58:30.503427,2021-02-09 00:58:41.478816,0 days 00:00:10.975389,1.0076648868230493e-05,7,4,0.9325193649277305,18,0.01861995914613788,COMPLETE
3991,3991,,2021-02-09 00:58:41.480991,2021-02-09 00:58:42.211093,0 days 00:00:00.730102,0.0010446733412608912,13,0,0.9040312238907268,20,0.027219983534968416,FAIL
3992,3992,0.39416282642089095,2021-02-09 00:58:42.212477,2021-02-09 00:58:52.966323,0 days 00:00:10.753846,6.052797583116727e-05,13,2,0.9057466741835597,20,0.02800697597229094,COMPLETE
3993,3993,0.4288786482334869,2021-02-09 00:58:52.968488,2021-02-09 00:59:14.289637,0 days 00:00:21.321149,0.0007605038181851243,11,8,0.9037783024270153,16,0.034137370542578496,COMPLETE
3994,3994,0.5563748079877112,2021-02-09 00:59:14.291853,2021-02-09 00:59:25.563672,0 days 00:00:11.271819,0.00013919643755656703,15,6,0.9559329805279624,18,0.03882609715699888,COMPLETE
3995,3995,0.4497695852534562,2021-02-09 00:59:25.565844,2021-02-09 00:59:41.138499,0 days 00:00:15.572655,0.0989789008850442,11,2,0.9317528665801169,20,0.05904937056404594,COMPLETE
3996,3996,,2021-02-09 00:59:41.140672,2021-02-09 00:59:41.868352,0 days 00:00:00.727680,0.00045878665188921045,7,0,0.938449031322241,14,0.04902244510908465,FAIL
3997,3997,,2021-02-09 00:59:41.869920,2021-02-09 00:59:42.564909,0 days 00:00:00.694989,0.0004459677324619749,7,0,0.9384558801713204,16,0.04763760992462036,FAIL
3998,3998,0.4509984639016897,2021-02-09 00:59:42.567501,2021-02-09 00:59:54.106719,0 days 00:00:11.539218,0.000616537689519845,7,4,0.9093590251231726,14,0.04433411896348445,COMPLETE
3999,3999,,2021-02-09 00:59:54.108901,2021-02-09 00:59:54.809386,0 days 00:00:00.700485,0.010463502041980821,15,0,0.9420633420768135,16,0.04964503849250474,FAIL
4000,4000,0.43840245775729647,2021-02-09 00:59:54.811931,2021-02-09 01:00:05.828592,0 days 00:00:11.016661,0.0015898120196213238,15,6,0.9239288582216832,16,0.030388248923171098,COMPLETE
4001,4001,,2021-02-09 01:00:05.830749,2021-02-09 01:00:06.532656,0 days 00:00:00.701907,0.0004323480767323482,11,0,0.9524412139134388,12,0.05065829323566489,FAIL
4002,4002,0.3901689708141321,2021-02-09 01:00:06.534222,2021-02-09 01:00:22.453841,0 days 00:00:15.919619,0.0004342602525518268,11,6,0.9413346971678227,20,0.03641668579593234,COMPLETE
4003,4003,0.5597542242703533,2021-02-09 01:00:22.456008,2021-02-09 01:01:09.705724,0 days 00:00:47.249716,0.001064771999200773,11,8,0.98471981398808,16,0.07723840046815983,COMPLETE
4004,4004,0.4039938556067588,2021-02-09 01:01:09.707920,2021-02-09 01:01:35.317383,0 days 00:00:25.609463,0.00018528458650007962,13,4,0.9608146884198552,18,0.03975688795403002,COMPLETE
4005,4005,,2021-02-09 01:01:35.319545,2021-02-09 01:01:36.032010,0 days 00:00:00.712465,8.398787777701318e-05,11,0,0.9586236969667127,20,0.15172048926245704,FAIL
4006,4006,0.5351766513056836,2021-02-09 01:01:36.034651,2021-02-09 01:01:46.840853,0 days 00:00:10.806202,0.01581845021036462,5,2,0.9580092851584652,20,0.05033374283922255,COMPLETE
4007,4007,0.5705069124423963,2021-02-09 01:01:46.843010,2021-02-09 01:02:22.982578,0 days 00:00:36.139568,8.305722335287733e-05,7,4,0.9288912509975518,16,0.03399134321597079,COMPLETE
4008,4008,,2021-02-09 01:02:22.984742,2021-02-09 01:02:23.680778,0 days 00:00:00.696036,1.172219024522255e-05,11,0,0.9522366221824009,20,0.011908031262207495,FAIL
4009,4009,0.6015360983102919,2021-02-09 01:02:23.682241,2021-02-09 01:02:34.296656,0 days 00:00:10.614415,1.2135695602104449e-05,11,2,0.9000138344673576,20,0.02442798114953945,COMPLETE
4010,4010,,2021-02-09 01:02:34.298845,2021-02-09 01:02:35.007769,0 days 00:00:00.708924,0.00014755177872186604,11,0,0.9525886171122284,18,0.06842618614164245,FAIL
4011,4011,0.38525345622119817,2021-02-09 01:02:35.010373,2021-02-09 01:02:45.728258,0 days 00:00:10.717885,0.0001454108561488467,11,6,0.952451317678264,18,0.0118514040943348,COMPLETE
4012,4012,,2021-02-09 01:02:45.730447,2021-02-09 01:02:46.433887,0 days 00:00:00.703440,0.00011672901239572284,15,0,0.938865043726143,16,0.026710440192529248,FAIL
4013,4013,0.37695852534562213,2021-02-09 01:02:46.436490,2021-02-09 01:03:02.648976,0 days 00:00:16.212486,0.00010831038780467429,15,6,0.9389797492273364,12,0.03150609683349556,COMPLETE
4014,4014,0.6033794162826421,2021-02-09 01:03:02.651173,2021-02-09 01:03:18.405957,0 days 00:00:15.754784,4.989771261541079e-05,7,4,0.9549721497420912,16,0.02683189095660242,COMPLETE
4015,4015,0.5090629800307219,2021-02-09 01:03:18.408141,2021-02-09 01:03:29.755224,0 days 00:00:11.347083,0.009971345299047925,11,8,0.9352004154728782,16,0.06827505469252704,COMPLETE
4016,4016,0.44055299539170506,2021-02-09 01:03:29.757405,2021-02-09 01:03:45.823373,0 days 00:00:16.065968,0.00017587629217741973,15,2,0.9023363116517812,20,0.046608862650581416,COMPLETE
4017,4017,0.44055299539170506,2021-02-09 01:03:45.825528,2021-02-09 01:03:56.571491,0 days 00:00:10.745963,0.00021376497754046562,13,2,0.929909243131893,18,0.02007639038090081,COMPLETE
4018,4018,0.4039938556067588,2021-02-09 01:03:56.573662,2021-02-09 01:04:22.521033,0 days 00:00:25.947371,0.00012481147535002145,11,4,0.9370740300155628,20,0.03630986219736829,COMPLETE
4019,4019,0.5059907834101383,2021-02-09 01:04:22.523220,2021-02-09 01:04:33.517871,0 days 00:00:10.994651,8.755490554435884e-05,11,6,0.9329527725222174,16,0.04169118145380352,COMPLETE
4020,4020,0.6156682027649769,2021-02-09 01:04:33.520050,2021-02-09 01:05:33.957806,0 days 00:01:00.437756,0.00026178938115666483,11,4,0.950178256384973,18,0.45742379151176993,COMPLETE
4021,4021,0.5268817204301075,2021-02-09 01:05:33.959987,2021-02-09 01:05:44.880330,0 days 00:00:10.920343,0.0036296873258608742,7,2,0.9571774459623772,16,0.02331116497754289,COMPLETE
4022,4022,0.5078341013824885,2021-02-09 01:05:44.882508,2021-02-09 01:06:01.400054,0 days 00:00:16.517546,0.0004701889382800004,5,8,0.9587437893897452,20,0.15110920000014702,COMPLETE
4023,4023,0.6248847926267281,2021-02-09 01:06:01.402235,2021-02-09 01:06:22.229666,0 days 00:00:20.827431,0.0008900440959108216,15,2,0.9533517904813334,20,0.02876064967641773,COMPLETE
4024,4024,,2021-02-09 01:06:22.231874,2021-02-09 01:06:22.949151,0 days 00:00:00.717277,0.0009641817421781674,15,0,0.9516334849407492,20,0.0288477866069342,FAIL
4025,4025,,2021-02-09 01:06:22.951702,2021-02-09 01:06:23.676172,0 days 00:00:00.724470,0.0013145083612332567,15,0,0.9522375808498095,20,0.02798492604413989,FAIL
4026,4026,0.6046082949308755,2021-02-09 01:06:23.678870,2021-02-09 01:06:34.643722,0 days 00:00:10.964852,0.0007892823943049911,15,6,0.9520476490841976,20,0.029139425733486445,COMPLETE
4027,4027,0.3757296466973886,2021-02-09 01:06:34.645910,2021-02-09 01:06:45.350424,0 days 00:00:10.704514,0.0008507814522906268,11,2,0.9511854297668234,16,0.02647042779278587,COMPLETE
4028,4028,,2021-02-09 01:06:45.352602,2021-02-09 01:06:46.049291,0 days 00:00:00.696689,0.0010348075363867217,15,0,0.9525788457314945,20,0.028616397001782867,FAIL
4029,4029,,2021-02-09 01:06:46.050885,2021-02-09 01:06:46.886008,0 days 00:00:00.835123,0.0010591686995941707,15,0,0.9542922261009594,20,0.02949937083559131,FAIL
4030,4030,0.4248847926267281,2021-02-09 01:06:46.888613,2021-02-09 01:06:57.631478,0 days 00:00:10.742865,0.0012614574134213164,15,4,0.954004993930717,20,0.028922050520742114,COMPLETE
4031,4031,0.3815668202764977,2021-02-09 01:06:57.633665,2021-02-09 01:07:42.331082,0 days 00:00:44.697417,0.0009181435582198057,15,4,0.9535472932671878,18,0.025112548797352252,COMPLETE
4032,4032,0.5179723502304148,2021-02-09 01:07:42.333260,2021-02-09 01:07:53.420611,0 days 00:00:11.087351,0.00103241082885662,15,8,0.9536339884371011,16,0.030678323287261458,COMPLETE
4033,4033,0.3772657450076805,2021-02-09 01:07:53.422804,2021-02-09 01:08:14.283194,0 days 00:00:20.860390,0.0007233632828171367,11,6,0.9462568486821408,20,0.027253559178103827,COMPLETE
4034,4034,,2021-02-09 01:08:14.285382,2021-02-09 01:08:14.995826,0 days 00:00:00.710444,0.0006083889314951952,15,0,0.9497647585127474,16,0.028116679559053302,FAIL
4035,4035,0.4110599078341014,2021-02-09 01:08:14.998393,2021-02-09 01:08:25.862026,0 days 00:00:10.863633,0.0011344289303170795,15,2,0.9512955375941381,16,0.02813782323830057,COMPLETE
4036,4036,,2021-02-09 01:08:25.864232,2021-02-09 01:08:26.584147,0 days 00:00:00.719915,0.000645969263349656,15,0,0.9553899116641986,14,0.02253469363704599,FAIL
4037,4037,0.45714285714285713,2021-02-09 01:08:26.586665,2021-02-09 01:08:37.535098,0 days 00:00:10.948433,0.0009680606433489321,7,6,0.9482845211586923,18,0.03202245184739933,COMPLETE
4038,4038,,2021-02-09 01:08:37.537279,2021-02-09 01:08:38.402843,0 days 00:00:00.865564,0.0014579192096945805,15,0,0.9551289956403277,14,0.02468293692831606,FAIL
4039,4039,,2021-02-09 01:08:38.404437,2021-02-09 01:08:39.093720,0 days 00:00:00.689283,0.0006096522869835947,15,0,0.9553554845360981,20,0.02275491640311842,FAIL
4040,4040,0.5695852534562212,2021-02-09 01:08:39.096254,2021-02-09 01:08:59.836520,0 days 00:00:20.740266,0.0006283705492796072,15,4,0.95321378495468,14,0.02532890163068118,COMPLETE
4041,4041,0.5889400921658986,2021-02-09 01:08:59.839897,2021-02-09 01:09:10.492586,0 days 00:00:10.652689,0.000618903275799849,15,2,0.9566903579145596,20,0.02241537806535313,COMPLETE
4042,4042,,2021-02-09 01:09:10.494786,2021-02-09 01:09:11.196810,0 days 00:00:00.702024,0.0007859439463477761,13,0,0.9497473567818011,16,0.016949966274335062,FAIL
4043,4043,0.4509984639016897,2021-02-09 01:09:11.199470,2021-02-09 01:09:22.259348,0 days 00:00:11.059878,0.0008972657949965435,13,2,0.9551271062247638,16,0.05882116645127601,COMPLETE
4044,4044,0.5582181259600615,2021-02-09 01:09:22.261523,2021-02-09 01:09:37.740876,0 days 00:00:15.479353,0.0007485794953466027,11,2,0.9549606383072575,18,0.0640504000968312,COMPLETE
4045,4045,,2021-02-09 01:09:37.743068,2021-02-09 01:09:38.430062,0 days 00:00:00.686994,0.0007035695603487308,11,0,0.9590553115492676,20,0.05099200970007933,FAIL
4046,4046,,2021-02-09 01:09:38.432746,2021-02-09 01:09:39.131600,0 days 00:00:00.698854,0.0005222602255491472,11,0,0.9617090832261935,20,0.05282959467923489,FAIL
4047,4047,0.4162826420890937,2021-02-09 01:09:39.134208,2021-02-09 01:09:49.908892,0 days 00:00:10.774684,0.0014489549552529858,11,2,0.9500964864863902,20,0.05507258929560211,COMPLETE
4048,4048,0.5142857142857142,2021-02-09 01:09:49.911080,2021-02-09 01:10:01.060760,0 days 00:00:11.149680,0.002129635967034484,11,2,0.9563837457971373,16,0.050113293911145496,COMPLETE
4049,4049,0.3966205837173579,2021-02-09 01:10:01.062943,2021-02-09 01:10:11.638597,0 days 00:00:10.575654,0.0005416012708123857,13,2,0.9590507068554627,18,0.01769172509380693,COMPLETE
4050,4050,0.4706605222734255,2021-02-09 01:10:11.640790,2021-02-09 01:10:27.594828,0 days 00:00:15.954038,0.000307591020546243,15,4,0.931352563339283,20,0.029996630864027422,COMPLETE
4051,4051,,2021-02-09 01:10:27.597006,2021-02-09 01:10:28.293913,0 days 00:00:00.696907,0.0006550118163157926,15,0,0.9016971828749154,20,0.03219078925876745,FAIL
4052,4052,0.45837173579109064,2021-02-09 01:10:28.296420,2021-02-09 01:10:39.308938,0 days 00:00:11.012518,0.0006960886305553943,15,6,0.9071291302040829,20,0.027736925701233886,COMPLETE
4053,4053,0.47987711213517664,2021-02-09 01:10:39.311138,2021-02-09 01:10:55.963849,0 days 00:00:16.652711,0.0004545024716671739,15,8,0.9272944045770704,16,0.03309218458068486,COMPLETE
4054,4054,0.42089093701996927,2021-02-09 01:10:55.966032,2021-02-09 01:11:06.712813,0 days 00:00:10.746781,0.0002362648411245411,15,4,0.902035163378932,16,0.033070017409596635,COMPLETE
4055,4055,0.6242703533026114,2021-02-09 01:11:06.715018,2021-02-09 01:11:17.660372,0 days 00:00:10.945354,0.0009954130550851193,15,6,0.9045719157897605,20,0.029245107820550235,COMPLETE
4056,4056,0.4153609831029186,2021-02-09 01:11:17.662535,2021-02-09 01:11:33.951272,0 days 00:00:16.288737,0.0011598675672622692,15,6,0.9054425420436102,18,0.026257962785301018,COMPLETE
4057,4057,0.3815668202764977,2021-02-09 01:11:33.953426,2021-02-09 01:11:55.639660,0 days 00:00:21.686234,0.0014046370162942386,15,6,0.9043104945651016,16,0.024408427195277003,COMPLETE
4058,4058,0.5127496159754225,2021-02-09 01:11:55.641874,2021-02-09 01:12:06.691886,0 days 00:00:11.050012,0.0010310540996164182,7,6,0.9077709060920125,20,0.02790725435450284,COMPLETE
4059,4059,,2021-02-09 01:12:06.694047,2021-02-09 01:12:07.404216,0 days 00:00:00.710169,0.0008883232302570737,15,0,0.9046859312081988,18,0.029815506247840007,FAIL
4060,4060,0.4304147465437788,2021-02-09 01:12:07.406239,2021-02-09 01:12:18.383144,0 days 00:00:10.976905,0.0008745754580266631,15,6,0.9036569696255494,18,0.02282527437694529,COMPLETE
4061,4061,,2021-02-09 01:12:18.385342,2021-02-09 01:12:19.260373,0 days 00:00:00.875031,0.0008491446786059966,15,0,0.911708457634483,16,0.020966857213993512,FAIL
4062,4062,,2021-02-09 01:12:19.262975,2021-02-09 01:12:19.984415,0 days 00:00:00.721440,0.0009321526968807443,15,0,0.9048428489745186,16,0.029411654824446774,FAIL
4063,4063,0.4181259600614439,2021-02-09 01:12:19.986987,2021-02-09 01:12:41.425391,0 days 00:00:21.438404,0.001200805768472605,15,6,0.9062380203501031,16,0.03015531068274907,COMPLETE
4064,4064,,2021-02-09 01:12:41.427619,2021-02-09 01:12:42.112114,0 days 00:00:00.684495,0.0011056312626924155,11,0,0.9014783434280991,20,0.027125598902533105,FAIL
4065,4065,,2021-02-09 01:12:42.113629,2021-02-09 01:12:42.801613,0 days 00:00:00.687984,0.0009942810700111875,11,0,0.9035772805544666,20,0.02618425885337788,FAIL
4066,4066,,2021-02-09 01:12:42.804190,2021-02-09 01:12:43.570875,0 days 00:00:00.766685,0.0007783197952976089,11,0,0.9118093639930804,20,0.028340332813459004,FAIL
4067,4067,,2021-02-09 01:12:43.572386,2021-02-09 01:12:44.254872,0 days 00:00:00.682486,0.0009646958258430615,11,0,0.9018598937814132,20,0.026589453954348016,FAIL
4068,4068,0.6175115207373272,2021-02-09 01:12:44.256371,2021-02-09 01:12:55.501863,0 days 00:00:11.245492,0.0007875223732991907,11,6,0.9000416281342842,20,0.020920887388608683,COMPLETE
4069,4069,0.39477726574500765,2021-02-09 01:12:55.504072,2021-02-09 01:13:11.742617,0 days 00:00:16.238545,0.0016319508987233044,5,6,0.9041931131659784,14,0.026058169241402057,COMPLETE
4070,4070,,2021-02-09 01:13:11.744818,2021-02-09 01:13:12.464999,0 days 00:00:00.720181,0.0012276810434481051,7,0,0.901517580299408,16,0.02841186406053101,FAIL
4071,4071,,2021-02-09 01:13:12.467702,2021-02-09 01:13:13.193820,0 days 00:00:00.726118,0.0009573248704734591,7,0,0.9024904605005644,16,0.08766057977542893,FAIL
4072,4072,0.6092165898617512,2021-02-09 01:13:13.196485,2021-02-09 01:13:24.092714,0 days 00:00:10.896229,0.0009478035955684369,7,6,0.9016437568386634,16,0.030164365686148192,COMPLETE
4073,4073,0.4079877112135177,2021-02-09 01:13:24.094897,2021-02-09 01:13:35.209555,0 days 00:00:11.114658,0.0011605046509639777,11,6,0.9052450892767203,18,0.028481800615663418,COMPLETE
4074,4074,,2021-02-09 01:13:35.211777,2021-02-09 01:13:35.904646,0 days 00:00:00.692869,0.0008324549505841962,11,0,0.903155491764293,20,0.01083169463459438,FAIL
4075,4075,,2021-02-09 01:13:35.907215,2021-02-09 01:13:36.626619,0 days 00:00:00.719404,0.0009453144413311313,11,0,0.9091220662913934,20,0.09309897222030511,FAIL
