,number,value,datetime_start,datetime_complete,duration,params_lr,params_nl2,params_num_ct,params_scheduler_gamma,params_sigma2,params_weight_decay,state
2290,2290,,2021-02-08 21:49:46.173253,2021-02-08 21:49:46.820634,0 days 00:00:00.647381,0.00026724669859702155,11,0,0.9650404815131809,10,0.04644763104249062,FAIL
2291,2291,,2021-02-08 21:49:46.821692,2021-02-08 21:49:47.473002,0 days 00:00:00.651310,0.00027253495511881027,11,0,0.9326763205925406,18,0.06621434798434597,FAIL
2292,2292,,2021-02-08 21:49:47.474733,2021-02-08 21:49:48.159109,0 days 00:00:00.684376,0.00159321166437181,11,0,0.9641052839010456,10,0.046663606799987524,FAIL
2293,2293,,2021-02-08 21:49:48.160079,2021-02-08 21:49:48.830354,0 days 00:00:00.670275,1.3358936401329759e-05,11,0,0.9652456149300879,10,0.0654272365448955,FAIL
2294,2294,,2021-02-08 21:49:48.831362,2021-02-08 21:49:49.634824,0 days 00:00:00.803462,0.0002893615907660987,11,0,0.9463721271461661,10,0.06537907504536161,FAIL
2295,2295,,2021-02-08 21:49:49.635830,2021-02-08 21:49:50.308129,0 days 00:00:00.672299,1.993551520352107e-05,11,0,0.9646943805516955,18,0.019631425750876143,FAIL
2296,2296,,2021-02-08 21:49:50.309217,2021-02-08 21:49:50.955689,0 days 00:00:00.646472,2.000672143499678e-05,11,0,0.9648486443270036,18,0.0460152063945481,FAIL
2297,2297,,2021-02-08 21:49:50.956766,2021-02-08 21:49:51.595374,0 days 00:00:00.638608,1.3044944957554602e-05,11,0,0.9657047682377851,18,0.046386957472563,FAIL
2298,2298,,2021-02-08 21:49:51.596430,2021-02-08 21:49:52.263431,0 days 00:00:00.667001,0.00026043817599564925,11,0,0.9336943979747508,10,0.01964017763267684,FAIL
2299,2299,,2021-02-08 21:49:52.264404,2021-02-08 21:49:52.925326,0 days 00:00:00.660922,0.0002698390018602635,11,0,0.9517980485420297,10,0.03593185457876743,FAIL
2300,2300,,2021-02-08 21:49:52.926312,2021-02-08 21:49:53.595960,0 days 00:00:00.669648,1.3725381004127526e-05,11,0,0.9322722656100488,10,0.03493326071200747,FAIL
2301,2301,,2021-02-08 21:49:53.596974,2021-02-08 21:49:54.253105,0 days 00:00:00.656131,1.3351024856611281e-05,11,0,0.9662357033624025,18,0.048098634912992336,FAIL
2302,2302,,2021-02-08 21:49:54.254059,2021-02-08 21:49:54.913306,0 days 00:00:00.659247,2.0087570636389255e-05,11,0,0.9649244150301336,10,0.015817662100383913,FAIL
2303,2303,,2021-02-08 21:49:54.914253,2021-02-08 21:49:55.727680,0 days 00:00:00.813427,2.1711089637913858e-05,11,0,0.9337355956099435,18,0.04660485617093561,FAIL
2304,2304,,2021-02-08 21:49:55.728649,2021-02-08 21:49:56.376906,0 days 00:00:00.648257,2.2218715950200787e-05,11,0,0.9462324645714979,18,0.06622064007526096,FAIL
2305,2305,0.6049155145929339,2021-02-08 21:49:56.377854,2021-02-08 21:50:07.065881,0 days 00:00:10.688027,1.3683127367222356e-05,11,2,0.9641716206650723,18,0.06684212965181806,COMPLETE
2306,2306,,2021-02-08 21:50:07.067366,2021-02-08 21:50:07.738059,0 days 00:00:00.670693,2.0464499053235036e-05,9,0,0.974663471754804,14,0.04770667416888255,FAIL
2307,2307,,2021-02-08 21:50:07.739084,2021-02-08 21:50:08.397867,0 days 00:00:00.658783,0.001516925155417855,9,0,0.9743179417448259,14,0.04664811110755219,FAIL
2308,2308,,2021-02-08 21:50:08.399551,2021-02-08 21:50:09.068057,0 days 00:00:00.668506,2.31967119994258e-05,9,0,0.9338117057785492,14,0.0465016136556226,FAIL
2309,2309,,2021-02-08 21:50:09.069778,2021-02-08 21:50:09.740382,0 days 00:00:00.670604,2.17511020513002e-05,9,0,0.9744377343128927,14,0.07902690398076144,FAIL
2310,2310,,2021-02-08 21:50:09.742036,2021-02-08 21:50:10.583639,0 days 00:00:00.841603,1.9223102003988134e-05,9,0,0.9742353700554309,14,0.04712349230194095,FAIL
2311,2311,0.3797235023041475,2021-02-08 21:50:10.584790,2021-02-08 21:50:21.465600,0 days 00:00:10.880810,2.2010152959906813e-05,9,4,0.9745136909861419,14,0.04672114497304667,COMPLETE
2312,2312,,2021-02-08 21:50:21.467044,2021-02-08 21:50:22.134655,0 days 00:00:00.667611,0.00026071509335182466,9,0,0.9668689400757448,16,0.08255772598440422,FAIL
2313,2313,,2021-02-08 21:50:22.135645,2021-02-08 21:50:22.789204,0 days 00:00:00.653559,0.001640210756555989,9,0,0.9523763024711205,16,0.015814928992523295,FAIL
2314,2314,,2021-02-08 21:50:22.790845,2021-02-08 21:50:23.509142,0 days 00:00:00.718297,0.0015470636848867094,9,0,0.966845234508691,16,0.036464140131816834,FAIL
2315,2315,,2021-02-08 21:50:23.510843,2021-02-08 21:50:24.233027,0 days 00:00:00.722184,0.00024337463828523026,9,0,0.9451739221228306,16,0.036508879349757925,FAIL
2316,2316,,2021-02-08 21:50:24.234665,2021-02-08 21:50:24.918856,0 days 00:00:00.684191,0.0014452275867037736,9,0,0.9512745707904678,16,0.01955166837163346,FAIL
2317,2317,,2021-02-08 21:50:24.920583,2021-02-08 21:50:25.743515,0 days 00:00:00.822932,4.416976205703893e-05,9,0,0.9882737914392548,16,0.035910154771080685,FAIL
2318,2318,,2021-02-08 21:50:25.745211,2021-02-08 21:50:26.427173,0 days 00:00:00.681962,5.2739886273032615e-05,9,0,0.9527855333111568,16,0.015693717770656347,FAIL
2319,2319,,2021-02-08 21:50:26.428159,2021-02-08 21:50:27.075132,0 days 00:00:00.646973,5.281070531962021e-05,9,0,0.9459749142018204,16,0.034730683445771994,FAIL
2320,2320,,2021-02-08 21:50:27.076843,2021-02-08 21:50:27.752279,0 days 00:00:00.675436,0.0004540093430351873,9,0,0.9522458479359273,16,0.015937831455138583,FAIL
2321,2321,,2021-02-08 21:50:27.753982,2021-02-08 21:50:28.431176,0 days 00:00:00.677194,1.014777436961915e-05,9,0,0.9880784308961901,16,0.07864141612930386,FAIL
2322,2322,,2021-02-08 21:50:28.432813,2021-02-08 21:50:29.151369,0 days 00:00:00.718556,0.0002599174190106367,9,0,0.935533850115454,16,0.08037399963532178,FAIL
2323,2323,,2021-02-08 21:50:29.153088,2021-02-08 21:50:29.851899,0 days 00:00:00.698811,0.00026222595636072606,9,0,0.966470503108284,16,0.03460886107149177,FAIL
2324,2324,,2021-02-08 21:50:29.853621,2021-02-08 21:50:30.566307,0 days 00:00:00.712686,0.0014459446778486425,9,0,0.9329820523077366,16,0.034431159826094786,FAIL
2325,2325,,2021-02-08 21:50:30.568044,2021-02-08 21:50:31.424460,0 days 00:00:00.856416,0.00029092070044966925,9,0,0.9519557131192773,16,0.03621810972540028,FAIL
2326,2326,,2021-02-08 21:50:31.425487,2021-02-08 21:50:32.077560,0 days 00:00:00.652073,0.0002891429373238417,9,0,0.9521306410965814,16,0.0770805508586624,FAIL
2327,2327,,2021-02-08 21:50:32.078573,2021-02-08 21:50:32.739152,0 days 00:00:00.660579,5.173522022213148e-05,9,0,0.9465674368491993,16,0.07679633457645652,FAIL
2328,2328,,2021-02-08 21:50:32.740128,2021-02-08 21:50:33.398496,0 days 00:00:00.658368,0.00025989861024218426,9,0,0.9330596715279451,16,0.07714411596411148,FAIL
2329,2329,,2021-02-08 21:50:33.400149,2021-02-08 21:50:34.078286,0 days 00:00:00.678137,4.716520413501072e-05,9,0,0.9334561884297833,16,0.035364986723115964,FAIL
2330,2330,,2021-02-08 21:50:34.079976,2021-02-08 21:50:34.747919,0 days 00:00:00.667943,4.7386980456689954e-05,9,0,0.9465443725171391,16,0.016193148526822687,FAIL
2331,2331,,2021-02-08 21:50:34.749645,2021-02-08 21:50:35.410210,0 days 00:00:00.660565,0.0002702956645284074,9,0,0.934272012938636,18,0.035145038178009555,FAIL
2332,2332,,2021-02-08 21:50:35.411896,2021-02-08 21:50:36.066319,0 days 00:00:00.654423,0.00029782407197857336,9,0,0.945696972193879,16,0.03516905204347355,FAIL
2333,2333,,2021-02-08 21:50:36.067994,2021-02-08 21:50:36.877089,0 days 00:00:00.809095,0.00027401927854418795,9,0,0.9874914052405536,16,0.01591206772894907,FAIL
2334,2334,,2021-02-08 21:50:36.878830,2021-02-08 21:50:37.563244,0 days 00:00:00.684414,0.00027293393956669024,9,0,0.9459567125695,16,0.01558880618245627,FAIL
2335,2335,,2021-02-08 21:50:37.564984,2021-02-08 21:50:38.228384,0 days 00:00:00.663400,0.00028286553004668914,9,0,0.9671085847674362,16,0.035923222371138805,FAIL
2336,2336,,2021-02-08 21:50:38.229359,2021-02-08 21:50:38.884578,0 days 00:00:00.655219,4.758357984195626e-05,9,0,0.9525261810755101,16,0.07652852294026075,FAIL
2337,2337,,2021-02-08 21:50:38.885537,2021-02-08 21:50:39.526909,0 days 00:00:00.641372,5.030485187519158e-05,9,0,0.9878212321038762,16,0.03456318258968053,FAIL
2338,2338,,2021-02-08 21:50:39.528644,2021-02-08 21:50:40.204269,0 days 00:00:00.675625,0.00028682636448958723,9,0,0.9521771439125479,16,0.07819175005406329,FAIL
2339,2339,,2021-02-08 21:50:40.205310,2021-02-08 21:50:40.868488,0 days 00:00:00.663178,0.0002706033629772042,9,0,0.9667283016640225,16,0.08020622083857408,FAIL
2340,2340,,2021-02-08 21:50:40.870188,2021-02-08 21:50:41.531767,0 days 00:00:00.661579,0.0015714550254591632,9,0,0.9347114437021017,16,0.03477644171288822,FAIL
2341,2341,,2021-02-08 21:50:41.532766,2021-02-08 21:50:42.318406,0 days 00:00:00.785640,5.4242528497375976e-05,9,0,0.9460122540408565,16,0.07840532443730795,FAIL
2342,2342,,2021-02-08 21:50:42.320163,2021-02-08 21:50:42.978191,0 days 00:00:00.658028,4.9476994536349086e-05,9,0,0.9661293318871932,16,0.035584219042022955,FAIL
2343,2343,,2021-02-08 21:50:42.979950,2021-02-08 21:50:43.662931,0 days 00:00:00.682981,5.2296245866247055e-05,9,0,0.9531259531430333,16,0.03485672160109098,FAIL
2344,2344,,2021-02-08 21:50:43.664926,2021-02-08 21:50:44.334957,0 days 00:00:00.670031,5.1058441758851496e-05,9,0,0.9515699115966932,16,0.07883575008900624,FAIL
2345,2345,,2021-02-08 21:50:44.336027,2021-02-08 21:50:45.008258,0 days 00:00:00.672231,0.0014957037938088075,9,0,0.9510184660863161,16,0.07776307736928896,FAIL
2346,2346,,2021-02-08 21:50:45.009261,2021-02-08 21:50:45.672384,0 days 00:00:00.663123,5.329868230996994e-05,9,0,0.9510676792086965,16,0.03494434589388343,FAIL
2347,2347,,2021-02-08 21:50:45.674431,2021-02-08 21:50:46.374036,0 days 00:00:00.699605,5.559576273899278e-05,9,0,0.9664436420643016,16,0.03361014875771962,FAIL
2348,2348,,2021-02-08 21:50:46.375198,2021-02-08 21:50:47.043894,0 days 00:00:00.668696,0.00028010094157303095,9,0,0.951708086607532,16,0.035960953562077555,FAIL
2349,2349,,2021-02-08 21:50:47.044866,2021-02-08 21:50:47.710613,0 days 00:00:00.665747,0.0003005273171205351,9,0,0.9516234748737742,16,0.03448020063871513,FAIL
2350,2350,,2021-02-08 21:50:47.712311,2021-02-08 21:50:48.520409,0 days 00:00:00.808098,0.0002709647561528439,9,0,0.9330769840559477,16,0.03408318316727086,FAIL
2351,2351,,2021-02-08 21:50:48.521427,2021-02-08 21:50:49.184553,0 days 00:00:00.663126,0.001489707394603565,9,0,0.9658384521723941,16,0.032934701850931586,FAIL
2352,2352,,2021-02-08 21:50:49.186254,2021-02-08 21:50:49.856659,0 days 00:00:00.670405,0.0014600656784279863,9,0,0.9687086660831974,16,0.03453980368226336,FAIL
2353,2353,,2021-02-08 21:50:49.858371,2021-02-08 21:50:50.550119,0 days 00:00:00.691748,0.00026867771093675076,9,0,0.9881857238953202,16,0.01993787313498393,FAIL
2354,2354,,2021-02-08 21:50:50.551818,2021-02-08 21:50:51.224973,0 days 00:00:00.673155,5.014483716960557e-05,9,0,0.9876143354775407,16,0.03380298648304541,FAIL
2355,2355,,2021-02-08 21:50:51.226036,2021-02-08 21:50:51.896486,0 days 00:00:00.670450,0.0002935225200720126,9,0,0.9345819660452668,16,0.019712992692596805,FAIL
2356,2356,,2021-02-08 21:50:51.898245,2021-02-08 21:50:52.592212,0 days 00:00:00.693967,0.00026830439556358425,9,0,0.9341377597687937,16,0.03497607147961925,FAIL
2357,2357,,2021-02-08 21:50:52.593212,2021-02-08 21:50:53.246388,0 days 00:00:00.653176,4.575511647314764e-05,9,0,0.9326351587543487,16,0.03436188552985737,FAIL
2358,2358,,2021-02-08 21:50:53.247411,2021-02-08 21:50:54.051147,0 days 00:00:00.803736,4.907293019913526e-05,9,0,0.9332830553410445,16,0.034650623468798346,FAIL
2359,2359,,2021-02-08 21:50:54.052132,2021-02-08 21:50:54.715575,0 days 00:00:00.663443,5.06563685678713e-05,9,0,0.9510223973006335,16,0.03463881294741736,FAIL
2360,2360,,2021-02-08 21:50:54.716585,2021-02-08 21:50:55.372376,0 days 00:00:00.655791,5.1555513552265746e-05,9,0,0.9321801519849698,16,0.03479124328620117,FAIL
2361,2361,0.4651305683563748,2021-02-08 21:50:55.373469,2021-02-08 21:51:06.206996,0 days 00:00:10.833527,0.0015430086457672756,9,2,0.9875802655888326,16,0.03386239716383173,COMPLETE
2362,2362,,2021-02-08 21:51:06.208470,2021-02-08 21:51:06.878661,0 days 00:00:00.670191,0.0002672177009938986,15,0,0.9604573450576828,20,0.01238051786263717,FAIL
2363,2363,,2021-02-08 21:51:06.879801,2021-02-08 21:51:07.547454,0 days 00:00:00.667653,0.00028067805370873535,15,0,0.952347764063592,20,0.015150644855028188,FAIL
2364,2364,,2021-02-08 21:51:07.548425,2021-02-08 21:51:08.191154,0 days 00:00:00.642729,9.447293319037418e-05,15,0,0.9605396486418887,20,0.011788353313663463,FAIL
2365,2365,,2021-02-08 21:51:08.192793,2021-02-08 21:51:09.050482,0 days 00:00:00.857689,5.066542517861622e-05,5,0,0.9520186260323839,20,0.07804250421105152,FAIL
2366,2366,,2021-02-08 21:51:09.052252,2021-02-08 21:51:09.717960,0 days 00:00:00.665708,0.0003016448380717865,15,0,0.9522733876127105,20,0.015555081543242009,FAIL
2367,2367,,2021-02-08 21:51:09.719109,2021-02-08 21:51:10.379157,0 days 00:00:00.660048,0.0002617128244053969,15,0,0.9612827009279336,20,0.01885656072497743,FAIL
2368,2368,,2021-02-08 21:51:10.380254,2021-02-08 21:51:11.028995,0 days 00:00:00.648741,4.8683152579314236e-05,15,0,0.9566859012175847,20,0.020005994145466083,FAIL
2369,2369,,2021-02-08 21:51:11.030801,2021-02-08 21:51:11.700532,0 days 00:00:00.669731,0.0002633147115752818,15,0,0.959957162000686,20,0.01584882121146141,FAIL
2370,2370,,2021-02-08 21:51:11.702292,2021-02-08 21:51:12.394322,0 days 00:00:00.692030,0.000266237806084518,15,0,0.9598535100774319,20,0.020030520361648523,FAIL
2371,2371,,2021-02-08 21:51:12.395318,2021-02-08 21:51:13.049192,0 days 00:00:00.653874,0.0002584428803516906,15,0,0.9609553463042545,20,0.01572690950701997,FAIL
2372,2372,,2021-02-08 21:51:13.050195,2021-02-08 21:51:13.708991,0 days 00:00:00.658796,0.0002866851889081197,15,0,0.9608255560270327,20,0.019693249100971966,FAIL
2373,2373,,2021-02-08 21:51:13.710040,2021-02-08 21:51:14.379583,0 days 00:00:00.669543,0.00015295398636536474,15,0,0.9597433054706104,20,0.016092666659917907,FAIL
2374,2374,,2021-02-08 21:51:14.381328,2021-02-08 21:51:15.192718,0 days 00:00:00.811390,0.00015226340550429394,15,0,0.9605423693486247,20,0.01876599336138735,FAIL
2375,2375,,2021-02-08 21:51:15.194505,2021-02-08 21:51:15.862841,0 days 00:00:00.668336,0.0002932841511610719,15,0,0.9608308485251954,20,0.07918994941694397,FAIL
2376,2376,,2021-02-08 21:51:15.864565,2021-02-08 21:51:16.584488,0 days 00:00:00.719923,0.00024105907659636343,15,0,0.9607413774255976,20,0.015371429515792769,FAIL
2377,2377,,2021-02-08 21:51:16.585494,2021-02-08 21:51:17.247351,0 days 00:00:00.661857,4.999492119617657e-05,15,0,0.9612184664504669,20,0.015856305668450404,FAIL
2378,2378,,2021-02-08 21:51:17.249116,2021-02-08 21:51:17.913151,0 days 00:00:00.664035,0.00015357310742587066,15,0,0.9600754027866891,20,0.03759463351673135,FAIL
2379,2379,,2021-02-08 21:51:17.914819,2021-02-08 21:51:18.577886,0 days 00:00:00.663067,0.00014107180916619766,15,0,0.9607195709275131,20,0.016173233672486503,FAIL
2380,2380,,2021-02-08 21:51:18.578919,2021-02-08 21:51:19.245102,0 days 00:00:00.666183,0.00015195966434077997,15,0,0.9611108541745802,20,0.012072312640807136,FAIL
2381,2381,0.5262672811059907,2021-02-08 21:51:19.246096,2021-02-08 21:51:31.159080,0 days 00:00:11.912984,4.575251285700314e-05,15,10,0.95126122924171,20,0.019600503625616387,COMPLETE
2382,2382,,2021-02-08 21:51:31.160547,2021-02-08 21:51:31.854625,0 days 00:00:00.694078,0.0002576794484003487,13,0,0.9612382289007281,20,0.01636222767672912,FAIL
2383,2383,,2021-02-08 21:51:31.856388,2021-02-08 21:51:32.526343,0 days 00:00:00.669955,0.00024258986477068085,5,0,0.960951801863899,20,0.011471360223611499,FAIL
2384,2384,,2021-02-08 21:51:32.528040,2021-02-08 21:51:33.198877,0 days 00:00:00.670837,5.861814605427148e-05,5,0,0.9610427737324154,20,0.01185552046636591,FAIL
2385,2385,,2021-02-08 21:51:33.200592,2021-02-08 21:51:33.888767,0 days 00:00:00.688175,6.046963975735084e-05,13,0,0.9600952504285214,20,0.01208785589478743,FAIL
2386,2386,,2021-02-08 21:51:33.889738,2021-02-08 21:51:34.551334,0 days 00:00:00.661596,0.00014039907186514923,13,0,0.9615207998995585,20,0.016041758984033903,FAIL
2387,2387,,2021-02-08 21:51:34.552351,2021-02-08 21:51:35.216385,0 days 00:00:00.664034,0.0001582904463093954,13,0,0.9606692042212469,20,0.01571328980072291,FAIL
2388,2388,,2021-02-08 21:51:35.217381,2021-02-08 21:51:35.884744,0 days 00:00:00.667363,0.00014268737449931688,13,0,0.9665491884965962,20,0.016590639838219467,FAIL
2389,2389,,2021-02-08 21:51:35.886469,2021-02-08 21:51:36.683634,0 days 00:00:00.797165,0.0002678813307417482,13,0,0.9616731222297084,20,0.038704458039693,FAIL
2390,2390,,2021-02-08 21:51:36.684807,2021-02-08 21:51:37.341124,0 days 00:00:00.656317,0.0002827024906648207,5,0,0.9605986649644347,20,0.011666754651188464,FAIL
2391,2391,,2021-02-08 21:51:37.342851,2021-02-08 21:51:38.033126,0 days 00:00:00.690275,0.0002452758924649511,13,0,0.9612844491721778,20,0.08184957544897961,FAIL
2392,2392,,2021-02-08 21:51:38.034909,2021-02-08 21:51:38.752910,0 days 00:00:00.718001,0.00028156273905075377,13,0,0.9606762644882291,20,0.01582744866126054,FAIL
2393,2393,0.36466973886328724,2021-02-08 21:51:38.754665,2021-02-08 21:51:49.600891,0 days 00:00:10.846226,6.317770039397836e-05,13,2,0.9654222041107554,20,0.08122539084146994,COMPLETE
2394,2394,,2021-02-08 21:51:49.602364,2021-02-08 21:51:50.294556,0 days 00:00:00.692192,0.0004310793212801597,7,0,0.9571120897586359,20,0.01652624872527707,FAIL
2395,2395,,2021-02-08 21:51:50.296347,2021-02-08 21:51:50.983374,0 days 00:00:00.687027,0.0001465993964118455,7,0,0.9681617293762849,20,0.015690457330574618,FAIL
2396,2396,,2021-02-08 21:51:50.984444,2021-02-08 21:51:51.781192,0 days 00:00:00.796748,0.00029526861915825766,7,0,0.9682554125479114,20,0.012379146577620891,FAIL
2397,2397,,2021-02-08 21:51:51.782210,2021-02-08 21:51:52.427933,0 days 00:00:00.645723,0.00028075319638680885,7,0,0.960367408928759,20,0.014919739800469125,FAIL
2398,2398,,2021-02-08 21:51:52.428917,2021-02-08 21:51:53.081929,0 days 00:00:00.653012,9.042806831497192e-05,7,0,0.96090575717906,20,0.01171272866868745,FAIL
2399,2399,,2021-02-08 21:51:53.082960,2021-02-08 21:51:53.756786,0 days 00:00:00.673826,0.00028438799582064734,7,0,0.9685266100019111,20,0.011965210757454221,FAIL
2400,2400,,2021-02-08 21:51:53.757794,2021-02-08 21:51:54.414471,0 days 00:00:00.656677,0.00028400680800388646,7,0,0.9599663513687777,20,0.016293542283257304,FAIL
2401,2401,,2021-02-08 21:51:54.415488,2021-02-08 21:51:55.071635,0 days 00:00:00.656147,0.0002727587917291802,7,0,0.960628926923364,20,0.016924853167775665,FAIL
2402,2402,,2021-02-08 21:51:55.072599,2021-02-08 21:51:55.744075,0 days 00:00:00.671476,0.0002700325242839376,7,0,0.9571623839261366,20,0.026653146378553014,FAIL
2403,2403,,2021-02-08 21:51:55.745848,2021-02-08 21:51:56.456628,0 days 00:00:00.710780,0.00025981983478388763,7,0,0.9609414165531754,20,0.011753177771725909,FAIL
2404,2404,,2021-02-08 21:51:56.457639,2021-02-08 21:51:57.256920,0 days 00:00:00.799281,0.00014940183765191887,7,0,0.9613516621195574,20,0.016032424985948868,FAIL
2405,2405,,2021-02-08 21:51:57.258710,2021-02-08 21:51:57.946497,0 days 00:00:00.687787,0.0002782831529939557,7,0,0.9610565567472685,20,0.012102685210832282,FAIL
2406,2406,,2021-02-08 21:51:57.947519,2021-02-08 21:51:58.602257,0 days 00:00:00.654738,0.0002629565684503667,7,0,0.9683716911226096,20,0.015537353785870798,FAIL
2407,2407,,2021-02-08 21:51:58.604038,2021-02-08 21:51:59.290337,0 days 00:00:00.686299,0.0002528401703334564,7,0,0.9601716702416008,20,0.0365801222505912,FAIL
2408,2408,,2021-02-08 21:51:59.291382,2021-02-08 21:51:59.963040,0 days 00:00:00.671658,0.00012527674875969553,7,0,0.9615465173751166,20,0.01151395024653316,FAIL
2409,2409,,2021-02-08 21:51:59.964802,2021-02-08 21:52:00.626327,0 days 00:00:00.661525,0.00015376648980405734,7,0,0.9689578733982573,20,0.01160817605514267,FAIL
2410,2410,,2021-02-08 21:52:00.628094,2021-02-08 21:52:01.300095,0 days 00:00:00.672001,0.00015079293745230398,7,0,0.9607932033175622,20,0.01266889501378312,FAIL
2411,2411,,2021-02-08 21:52:01.301809,2021-02-08 21:52:01.975662,0 days 00:00:00.673853,0.00013264452853607608,7,0,0.9570425650325174,20,0.011883054266083298,FAIL
2412,2412,,2021-02-08 21:52:01.977413,2021-02-08 21:52:02.644971,0 days 00:00:00.667558,0.0002662589967716383,7,0,0.9602267074811403,20,0.036299473634384447,FAIL
2413,2413,,2021-02-08 21:52:02.646124,2021-02-08 21:52:03.433567,0 days 00:00:00.787443,0.00024578675845756944,7,0,0.9597213368480677,20,0.01156946871916161,FAIL
2414,2414,,2021-02-08 21:52:03.435334,2021-02-08 21:52:04.111951,0 days 00:00:00.676617,0.00014175547381232122,7,0,0.9619054246447657,20,0.015175107689245671,FAIL
2415,2415,,2021-02-08 21:52:04.112953,2021-02-08 21:52:04.769344,0 days 00:00:00.656391,0.00013403393027394697,7,0,0.968837026353414,20,0.01578827142903782,FAIL
2416,2416,,2021-02-08 21:52:04.771097,2021-02-08 21:52:05.436497,0 days 00:00:00.665400,0.00026273725735085436,7,0,0.9617443279572917,20,0.011797112011385497,FAIL
2417,2417,,2021-02-08 21:52:05.438250,2021-02-08 21:52:06.129684,0 days 00:00:00.691434,0.0002756161861791191,7,0,0.9601313008182527,20,0.012338422768080823,FAIL
2418,2418,,2021-02-08 21:52:06.130772,2021-02-08 21:52:06.793260,0 days 00:00:00.662488,0.00015722062876586258,7,0,0.9622076003392664,20,0.01229874184221416,FAIL
2419,2419,,2021-02-08 21:52:06.794348,2021-02-08 21:52:07.462835,0 days 00:00:00.668487,0.0002922480206815651,7,0,0.9608006421692155,20,0.012021483676475174,FAIL
2420,2420,,2021-02-08 21:52:07.463938,2021-02-08 21:52:08.139820,0 days 00:00:00.675882,0.00014782099920824135,7,0,0.9608084143407377,20,0.01577267790472719,FAIL
2421,2421,,2021-02-08 21:52:08.140917,2021-02-08 21:52:08.937916,0 days 00:00:00.796999,0.00014057449841494213,7,0,0.9617005169942507,20,0.015673203903177585,FAIL
2422,2422,,2021-02-08 21:52:08.939674,2021-02-08 21:52:09.631884,0 days 00:00:00.692210,0.0001422504628487172,7,0,0.9685382217077094,20,0.015795229501999877,FAIL
2423,2423,,2021-02-08 21:52:09.633645,2021-02-08 21:52:10.307632,0 days 00:00:00.673987,0.0002818044542128991,7,0,0.959970717224449,20,0.011526322964642136,FAIL
