,number,value,datetime_start,datetime_complete,duration,params_lr,params_nl2,params_num_ct,params_scheduler_gamma,params_sigma2,params_weight_decay,state
5446,5446,0.5357910906298003,2021-02-09 04:52:09.645618,2021-02-09 04:52:55.007951,0 days 00:00:45.362333,0.00047950049949420316,15,4,0.9664181097372683,16,0.021101331198666192,COMPLETE
5447,5447,0.5904761904761905,2021-02-09 04:52:55.010765,2021-02-09 04:53:05.956318,0 days 00:00:10.945553,0.0037444698975695407,11,8,0.9829233606218891,18,0.027311631681239634,COMPLETE
5448,5448,0.5431643625192012,2021-02-09 04:53:05.959107,2021-02-09 04:53:21.577293,0 days 00:00:15.618186,0.00036716030202855354,7,2,0.9000441825964172,16,0.023391287921315104,COMPLETE
5449,5449,0.5274961597542243,2021-02-09 04:53:21.580090,2021-02-09 04:53:32.827835,0 days 00:00:11.247745,0.0001269813214347471,15,8,0.9873545272380504,18,0.032586405721653784,COMPLETE
5450,5450,0.4202764976958525,2021-02-09 04:53:32.830651,2021-02-09 04:53:48.835091,0 days 00:00:16.004440,0.0006345686709656978,7,2,0.9783458771592787,16,0.04003092605416561,COMPLETE
5451,5451,,2021-02-09 04:53:48.837913,2021-02-09 04:53:49.585693,0 days 00:00:00.747780,1.560110152098784e-05,15,0,0.9857196572370724,16,0.02814919082370483,FAIL
5452,5452,0.49216589861751153,2021-02-09 04:53:49.589101,2021-02-09 04:54:54.924788,0 days 00:01:05.335687,0.0010030473839610535,15,2,0.9376497149963362,16,0.02604284675163252,COMPLETE
5453,5453,,2021-02-09 04:54:54.927579,2021-02-09 04:54:55.691319,0 days 00:00:00.763740,1.562857920995755e-05,9,0,0.9403978492375688,18,0.029021298360802975,FAIL
5454,5454,,2021-02-09 04:54:55.694885,2021-02-09 04:54:56.424318,0 days 00:00:00.729433,0.0003266550319258791,9,0,0.9856065928440919,18,0.0293002094665206,FAIL
5455,5455,0.5502304147465438,2021-02-09 04:54:56.426358,2021-02-09 04:55:24.503225,0 days 00:00:28.076867,0.00032184282376267746,9,10,0.940731562091771,18,0.02920567351671394,COMPLETE
5456,5456,0.48878648233486943,2021-02-09 04:55:24.506032,2021-02-09 04:55:41.073597,0 days 00:00:16.567565,1.6345520814975274e-05,7,8,0.9146522962486556,14,0.03634844870972285,COMPLETE
5457,5457,,2021-02-09 04:55:41.076423,2021-02-09 04:55:41.817739,0 days 00:00:00.741316,1.1478495393958056e-05,15,0,0.9899955909550029,16,0.03399248660115175,FAIL
5458,5458,0.42795698924731185,2021-02-09 04:55:41.819810,2021-02-09 04:56:07.965024,0 days 00:00:26.145214,1.1880411465587778e-05,5,2,0.9846210574229597,16,0.022486946378505575,COMPLETE
5459,5459,0.6193548387096774,2021-02-09 04:56:07.967856,2021-02-09 04:56:19.410298,0 days 00:00:11.442442,1.0002569708952621e-05,15,8,0.9016969011500146,16,0.03367512843040344,COMPLETE
5460,5460,0.38433179723502303,2021-02-09 04:56:19.413128,2021-02-09 04:56:34.862961,0 days 00:00:15.449833,0.0005275824725845629,9,2,0.9041676128823583,18,0.030190471758619303,COMPLETE
5461,5461,0.5612903225806452,2021-02-09 04:56:34.865745,2021-02-09 04:56:46.212592,0 days 00:00:11.346847,0.0007686770504237246,17,2,0.9038151122094528,16,0.024244745202519083,COMPLETE
5462,5462,0.48448540706605225,2021-02-09 04:56:46.215384,2021-02-09 04:57:01.721234,0 days 00:00:15.505850,0.00010895406267758429,11,4,0.943308655411949,16,0.045684957424323526,COMPLETE
5463,5463,,2021-02-09 04:57:01.724041,2021-02-09 04:57:12.558856,0 days 00:00:10.834815,0.00016848008940334043,7,8,0.968289041419137,18,0.02735524327798869,FAIL
5464,5464,0.40921658986175113,2021-02-09 04:57:12.561612,2021-02-09 04:57:23.814519,0 days 00:00:11.252907,0.00018226446868503774,7,8,0.9324426138103089,18,0.027829327012007327,COMPLETE
5465,5465,,2021-02-09 04:57:23.817319,2021-02-09 04:57:24.554970,0 days 00:00:00.737651,0.00014254110647423033,15,0,0.9680750094412516,16,0.03831077766006902,FAIL
5466,5466,0.6033794162826421,2021-02-09 04:57:24.558477,2021-02-09 04:57:35.881014,0 days 00:00:11.322537,0.00023624739010050236,15,2,0.9681066916991081,16,0.01781600731914459,COMPLETE
5467,5467,0.4592933947772657,2021-02-09 04:57:35.885380,2021-02-09 04:57:47.315884,0 days 00:00:11.430504,1.004152949981173e-05,15,8,0.9857895599332501,18,0.03709713706280559,COMPLETE
5468,5468,0.44577572964669737,2021-02-09 04:57:47.318689,2021-02-09 04:57:58.188276,0 days 00:00:10.869587,0.00014914285764074263,7,2,0.901605819765921,12,0.032614012634236134,COMPLETE
5469,5469,0.4147465437788018,2021-02-09 04:57:58.191067,2021-02-09 04:58:08.663444,0 days 00:00:10.472377,0.0004330051023682727,13,2,0.988394434568619,16,0.02551614937561693,COMPLETE
5470,5470,0.5668202764976958,2021-02-09 04:58:08.666248,2021-02-09 04:58:25.505533,0 days 00:00:16.839285,1.3806912856268579e-05,7,8,0.9511333738359646,16,0.021843326708453407,COMPLETE
5471,5471,,2021-02-09 04:58:25.508321,2021-02-09 04:58:26.259417,0 days 00:00:00.751096,0.00026943020471356855,11,0,0.9798851826994021,18,0.04176129548472432,FAIL
5472,5472,,2021-02-09 04:58:26.262946,2021-02-09 04:58:27.058981,0 days 00:00:00.796035,1.8773252887621747e-05,15,0,0.9802182515056245,18,0.03976047757316436,FAIL
5473,5473,,2021-02-09 04:58:27.062417,2021-02-09 04:58:27.815111,0 days 00:00:00.752694,0.003194124619841009,11,0,0.9625373169879096,18,0.04058479425688111,FAIL
5474,5474,,2021-02-09 04:58:27.817097,2021-02-09 04:58:28.543851,0 days 00:00:00.726754,0.003350696575935532,11,0,0.9491098825777949,18,0.04246315844779467,FAIL
5475,5475,0.36282642089093703,2021-02-09 04:58:28.547383,2021-02-09 04:58:39.648028,0 days 00:00:11.100645,8.035319880339675e-05,11,2,0.963156721062104,18,0.04026254464717514,COMPLETE
5476,5476,,2021-02-09 04:58:39.650836,2021-02-09 04:58:40.379104,0 days 00:00:00.728268,0.003362046767307222,15,0,0.9810463720427419,16,0.029212609057454826,FAIL
5477,5477,,2021-02-09 04:58:40.381108,2021-02-09 04:58:41.266319,0 days 00:00:00.885211,2.0285023134913384e-05,15,0,0.9719797772858204,16,0.02929909723143433,FAIL
5478,5478,0.5923195084485408,2021-02-09 04:58:41.269888,2021-02-09 04:58:52.612511,0 days 00:00:11.342623,1.8989730099809278e-05,15,8,0.980889598602524,16,0.029318322286144064,COMPLETE
5479,5479,0.43748079877112134,2021-02-09 04:58:52.615339,2021-02-09 04:59:03.496938,0 days 00:00:10.881599,0.0033069733692511114,15,2,0.9482229702635376,18,0.027227806197940907,COMPLETE
5480,5480,,2021-02-09 04:59:03.499751,2021-02-09 04:59:04.246932,0 days 00:00:00.747181,0.00011146536214494675,9,0,0.9701250510577433,16,0.034850619907387886,FAIL
5481,5481,,2021-02-09 04:59:04.250441,2021-02-09 04:59:04.985471,0 days 00:00:00.735030,0.00012029809495291868,9,0,0.9354214204308487,16,0.034560522121616116,FAIL
5482,5482,,2021-02-09 04:59:04.989001,2021-02-09 04:59:05.745568,0 days 00:00:00.756567,0.00011481622014947971,9,0,0.9718498752610044,16,0.03387120715310011,FAIL
5483,5483,0.5880184331797235,2021-02-09 04:59:05.747541,2021-02-09 04:59:31.520497,0 days 00:00:25.772956,0.00012052785641048839,9,4,0.9701448730764187,16,0.03426861730614463,COMPLETE
5484,5484,0.5867895545314901,2021-02-09 04:59:31.523313,2021-02-09 05:00:16.502348,0 days 00:00:44.979035,0.00028229361121989547,7,2,0.93590615814171,16,0.020402477301750575,COMPLETE
5485,5485,,2021-02-09 05:00:16.505192,2021-02-09 05:00:17.252347,0 days 00:00:00.747155,0.0006555133624832913,11,0,0.983614343992194,14,0.02404729370074345,FAIL
5486,5486,0.6224270353302611,2021-02-09 05:00:17.255658,2021-02-09 05:00:49.416479,0 days 00:00:32.160821,0.0006795544010053331,11,8,0.9653264878315898,14,0.03049176052386792,COMPLETE
5487,5487,0.445468509984639,2021-02-09 05:00:49.419310,2021-02-09 05:01:00.324706,0 days 00:00:10.905396,0.00039716888879319967,17,2,0.9044352224421816,16,0.02373510808221947,COMPLETE
5488,5488,,2021-02-09 05:01:00.327536,2021-02-09 05:01:01.083436,0 days 00:00:00.755900,1.491670080464309e-05,15,0,0.9000074615542205,18,0.04248468741393969,FAIL
5489,5489,,2021-02-09 05:01:01.086890,2021-02-09 05:01:01.846686,0 days 00:00:00.759796,9.4328214849025e-05,15,0,0.9019149058479117,18,0.042353248062270185,FAIL
5490,5490,,2021-02-09 05:01:01.850162,2021-02-09 05:01:02.602193,0 days 00:00:00.752031,1.517644769511947e-05,15,0,0.9827837097409575,18,0.04246721088213291,FAIL
5491,5491,,2021-02-09 05:01:02.604248,2021-02-09 05:01:03.329156,0 days 00:00:00.724908,1.4915970669904684e-05,15,0,0.9898974707732273,18,0.026189873862135192,FAIL
5492,5492,0.3831029185867896,2021-02-09 05:01:03.331163,2021-02-09 05:01:14.247956,0 days 00:00:10.916793,0.0008629501443049052,15,2,0.9725645732084143,18,0.043108767744873655,COMPLETE
5493,5493,0.504147465437788,2021-02-09 05:01:14.250781,2021-02-09 05:01:25.378753,0 days 00:00:11.127972,1.538576419277019e-05,7,8,0.9028838968938399,16,0.025485637551241058,COMPLETE
5494,5494,,2021-02-09 05:01:25.381565,2021-02-09 05:01:26.117446,0 days 00:00:00.735881,9.404828498100179e-05,13,0,0.9828871798241673,18,0.03623087715110497,FAIL
5495,5495,,2021-02-09 05:01:26.119471,2021-02-09 05:01:26.842294,0 days 00:00:00.722823,0.00016094198141882357,13,0,0.98258154120623,18,0.03695820660407007,FAIL
5496,5496,0.39600614439324117,2021-02-09 05:01:26.845846,2021-02-09 05:01:37.803845,0 days 00:00:10.957999,1.1718372645750327e-05,13,2,0.9898528594930012,18,0.03609405364120675,COMPLETE
5497,5497,,2021-02-09 05:01:37.806657,2021-02-09 05:01:38.540126,0 days 00:00:00.733469,0.00014483346975266805,15,0,0.9000898541782537,16,0.03148169337028431,FAIL
5498,5498,,2021-02-09 05:01:38.543266,2021-02-09 05:01:39.260914,0 days 00:00:00.717648,9.028921196310911e-05,15,0,0.9848834261723535,16,0.07302127865178216,FAIL
5499,5499,0.38924731182795697,2021-02-09 05:01:39.264445,2021-02-09 05:01:50.745930,0 days 00:00:11.481485,9.157695544909543e-05,15,8,0.9828444069173564,16,0.03222895427337292,COMPLETE
5500,5500,0.47803379416282643,2021-02-09 05:01:50.748742,2021-02-09 05:03:06.339023,0 days 00:01:15.590281,0.0005535022919685644,7,2,0.9000543084835589,16,0.027789736591856594,COMPLETE
5501,5501,,2021-02-09 05:03:06.341819,2021-02-09 05:03:07.085324,0 days 00:00:00.743505,1.0030173207709765e-05,15,0,0.9867478108781551,16,0.07267993251083744,FAIL
5502,5502,0.580952380952381,2021-02-09 05:03:07.088818,2021-02-09 05:03:17.797436,0 days 00:00:10.708618,0.00015020923909232195,15,2,0.9398490358929973,16,0.07309541994952701,COMPLETE
5503,5503,0.5674347158218126,2021-02-09 05:03:17.800265,2021-02-09 05:03:29.116292,0 days 00:00:11.316027,0.00019952726625165746,11,8,0.9450069253540025,18,0.03912811057735837,COMPLETE
5504,5504,,2021-02-09 05:03:29.119122,2021-02-09 05:03:29.865774,0 days 00:00:00.746652,0.00033096199005443655,7,0,0.9859388096570756,16,0.02287428425475003,FAIL
5505,5505,0.3987711213517665,2021-02-09 05:03:29.867783,2021-02-09 05:03:40.753486,0 days 00:00:10.885703,0.00011472717218057355,7,2,0.9298561123177913,16,0.02396694677983144,COMPLETE
5506,5506,,2021-02-09 05:03:40.756282,2021-02-09 05:03:41.492901,0 days 00:00:00.736619,1.2304381186695952e-05,15,0,0.9599839944825448,18,0.02898915454405765,FAIL
5507,5507,0.39600614439324117,2021-02-09 05:03:41.495100,2021-02-09 05:03:52.288214,0 days 00:00:10.793114,1.3479406789442757e-05,15,4,0.987252520700012,18,0.03091064711358954,COMPLETE
5508,5508,0.6162826420890937,2021-02-09 05:03:52.291056,2021-02-09 05:04:14.084881,0 days 00:00:21.793825,0.00033053007939881326,11,8,0.9678283354085727,16,0.022021007616339808,COMPLETE
5509,5509,0.6181259600614439,2021-02-09 05:04:14.087711,2021-02-09 05:04:24.982782,0 days 00:00:10.895071,0.0004898495743084727,7,2,0.9772073206644519,16,0.03407494493170521,COMPLETE
5510,5510,,2021-02-09 05:04:24.985668,2021-02-09 05:04:25.722810,0 days 00:00:00.737142,2.3790116616778596e-05,5,0,0.9334043906790641,18,0.018882220976028912,FAIL
5511,5511,,2021-02-09 05:04:25.726214,2021-02-09 05:04:26.475661,0 days 00:00:00.749447,2.3106849810974834e-05,5,0,0.9606065761820897,18,0.028807120116989576,FAIL
5512,5512,,2021-02-09 05:04:26.477787,2021-02-09 05:04:27.228521,0 days 00:00:00.750734,2.3704795319842873e-05,5,0,0.9345550315967633,18,0.026122592867406962,FAIL
5513,5513,0.595084485407066,2021-02-09 05:04:27.230668,2021-02-09 05:04:37.754360,0 days 00:00:10.523692,0.0001359498711003589,5,2,0.901755206640779,18,0.029009582353608208,COMPLETE
5514,5514,,2021-02-09 05:04:37.757211,2021-02-09 05:04:38.655024,0 days 00:00:00.897813,0.0026534429088452753,15,0,0.9335946684299209,16,0.026059310220139752,FAIL
5515,5515,0.6073732718894009,2021-02-09 05:04:38.657235,2021-02-09 05:04:50.075674,0 days 00:00:11.418439,6.930378412210105e-05,15,8,0.9341234757826,16,0.018941054588930775,COMPLETE
5516,5516,0.49032258064516127,2021-02-09 05:04:50.078496,2021-02-09 05:05:00.984377,0 days 00:00:10.905881,1.9014725388831932e-05,7,2,0.9039047790792873,16,0.027155578651317673,COMPLETE
5517,5517,0.5118279569892473,2021-02-09 05:05:00.987201,2021-02-09 05:05:12.422589,0 days 00:00:11.435388,2.230498033807789e-05,13,8,0.9852051606925298,18,0.014267964394771728,COMPLETE
5518,5518,0.434715821812596,2021-02-09 05:05:12.425412,2021-02-09 05:05:23.497011,0 days 00:00:11.071599,1.1799467796561905e-05,9,2,0.9050871232211151,16,0.02550410267912426,COMPLETE
5519,5519,,2021-02-09 05:05:23.499839,2021-02-09 05:05:24.256132,0 days 00:00:00.756293,1.002189783503788e-05,15,0,0.9612997897541344,14,0.03610612236208483,FAIL
5520,5520,0.4838709677419355,2021-02-09 05:05:24.258399,2021-02-09 05:05:36.127327,0 days 00:00:11.868928,1.0053965825776545e-05,15,10,0.9000779145670169,14,0.03652960678859129,COMPLETE
5521,5521,,2021-02-09 05:05:36.130160,2021-02-09 05:05:36.851371,0 days 00:00:00.721211,0.0006832087746699712,7,0,0.9797389945289702,16,0.032390128326528586,FAIL
5522,5522,0.5834101382488479,2021-02-09 05:05:36.853384,2021-02-09 05:05:47.816217,0 days 00:00:10.962833,9.875203316547363e-05,7,8,0.9382346952443535,16,0.03181650204866818,COMPLETE
5523,5523,,2021-02-09 05:05:47.819056,2021-02-09 05:05:48.556278,0 days 00:00:00.737222,1.5706534738937902e-05,11,0,0.9603735300015839,18,0.02301325986644078,FAIL
5524,5524,0.5250384024577573,2021-02-09 05:05:48.558357,2021-02-09 05:06:04.771029,0 days 00:00:16.212672,0.00038247844790051367,11,2,0.9023609609512775,18,0.023005003396432376,COMPLETE
5525,5525,,2021-02-09 05:06:04.773847,2021-02-09 05:06:05.518358,0 days 00:00:00.744511,0.0006685786646674021,15,0,0.9601668428916613,16,0.02044876317883854,FAIL
5526,5526,,2021-02-09 05:06:05.521895,2021-02-09 05:06:06.238369,0 days 00:00:00.716474,0.0028185999557570132,15,0,0.9710858047752083,16,0.02068090889157207,FAIL
5527,5527,0.5342549923195085,2021-02-09 05:06:06.240495,2021-02-09 05:06:22.083915,0 days 00:00:15.843420,0.0006583254829504466,15,4,0.9419567754144066,16,0.020409888294771892,COMPLETE
5528,5528,0.38003072196620585,2021-02-09 05:06:22.086773,2021-02-09 05:06:32.987239,0 days 00:00:10.900466,0.000264769188356075,15,2,0.9604601363006143,18,0.02855215621972204,COMPLETE
5529,5529,,2021-02-09 05:06:32.990081,2021-02-09 05:06:33.717085,0 days 00:00:00.727004,1.6499788736779207e-05,9,0,0.9000295334903554,16,0.040273274455361,FAIL
5530,5530,0.4414746543778802,2021-02-09 05:06:33.720682,2021-02-09 05:06:59.231295,0 days 00:00:25.510613,0.002554087688851367,5,2,0.9793517876091655,16,0.039208056796597966,COMPLETE
5531,5531,0.498310291858679,2021-02-09 05:06:59.234118,2021-02-09 05:07:26.151319,0 days 00:00:26.917201,1.6604034608142387e-05,7,8,0.9664620601319086,16,0.02523284301559517,COMPLETE
5532,5532,,2021-02-09 05:07:26.154133,2021-02-09 05:07:26.899593,0 days 00:00:00.745460,1.006731834407914e-05,9,0,0.9014386803702226,18,0.03434152577405755,FAIL
5533,5533,0.4924731182795699,2021-02-09 05:07:26.901701,2021-02-09 05:07:52.268266,0 days 00:00:25.366565,0.0001743836826586469,11,2,0.9323920300104063,18,0.033560957429481175,COMPLETE
5534,5534,0.5425499231950844,2021-02-09 05:07:52.271083,2021-02-09 05:08:14.031267,0 days 00:00:21.760184,0.0005541388711343913,15,8,0.9863309511215947,16,0.030424007342551792,COMPLETE
5535,5535,0.4196620583717358,2021-02-09 05:08:14.034093,2021-02-09 05:09:29.617899,0 days 00:01:15.583806,0.0010123937726688298,9,2,0.9820493596506032,16,0.041938778471516426,COMPLETE
5536,5536,,2021-02-09 05:09:29.620768,2021-02-09 05:09:30.375562,0 days 00:00:00.754794,0.00045400089087752705,7,0,0.9275032994405108,18,0.026785411015521024,FAIL
5537,5537,0.4534562211981567,2021-02-09 05:09:30.378857,2021-02-09 05:09:41.032943,0 days 00:00:10.654086,1.0065496427733349e-05,7,2,0.971155489959916,18,0.036021310456865074,COMPLETE
5538,5538,0.5864823348694317,2021-02-09 05:09:41.035778,2021-02-09 05:09:57.080380,0 days 00:00:16.044602,0.00044230444846171056,9,4,0.9624386297388792,16,0.011263964780572266,COMPLETE
5539,5539,0.5133640552995392,2021-02-09 05:09:57.083212,2021-02-09 05:10:08.339129,0 days 00:00:11.255917,0.00403440105810458,7,8,0.9050301731608611,14,0.02399353134701712,COMPLETE
5540,5540,0.6101382488479262,2021-02-09 05:10:08.341954,2021-02-09 05:10:19.447651,0 days 00:00:11.105697,1.331002064175335e-05,15,2,0.92762772613061,16,0.026773935461046682,COMPLETE
5541,5541,,2021-02-09 05:10:19.450486,2021-02-09 05:10:20.183104,0 days 00:00:00.732618,0.0014340379042142954,15,0,0.9014971068358358,18,0.02155036171827324,FAIL
5542,5542,,2021-02-09 05:10:20.184990,2021-02-09 05:10:20.903188,0 days 00:00:00.718198,0.0001259728724744765,15,0,0.974663916829817,18,0.022343264729145988,FAIL
5543,5543,0.44823348694316434,2021-02-09 05:10:20.906643,2021-02-09 05:10:32.349801,0 days 00:00:11.443158,0.00011404975430698103,15,8,0.9696111880340978,18,0.021437676082946677,COMPLETE
5544,5544,0.5658986175115207,2021-02-09 05:10:32.352661,2021-02-09 05:10:47.658837,0 days 00:00:15.306176,0.000774776018332018,11,2,0.9899729821979693,16,0.029538179924674862,COMPLETE
5545,5545,,2021-02-09 05:10:47.661673,2021-02-09 05:10:48.395720,0 days 00:00:00.734047,0.00022432638764488611,13,0,0.9000563893719924,16,0.03526324435215054,FAIL
5546,5546,,2021-02-09 05:10:48.397700,2021-02-09 05:10:49.127274,0 days 00:00:00.729574,0.0003080527859105906,7,0,0.9747179492998241,16,0.03292833357792607,FAIL
5547,5547,0.40184331797235023,2021-02-09 05:10:49.129374,2021-02-09 05:11:00.143960,0 days 00:00:11.014586,0.0002290463378347402,13,2,0.9837495727652924,16,0.046898812700006634,COMPLETE
5548,5548,0.47956989247311826,2021-02-09 05:11:00.146778,2021-02-09 05:11:11.672032,0 days 00:00:11.525254,0.00014334380589893974,7,8,0.9742980479527327,18,0.033897546585856975,COMPLETE
5549,5549,,2021-02-09 05:11:11.674870,2021-02-09 05:11:12.421299,0 days 00:00:00.746429,0.0003217453625487508,15,0,0.901883090723811,16,0.02579910822997986,FAIL
5550,5550,,2021-02-09 05:11:12.423419,2021-02-09 05:11:13.156669,0 days 00:00:00.733250,0.000301316011278208,15,0,0.9017392371711638,16,0.07815304456184251,FAIL
5551,5551,0.4519201228878648,2021-02-09 05:11:13.160024,2021-02-09 05:11:24.319988,0 days 00:00:11.159964,0.00030009684736639067,15,6,0.9018565409955033,16,0.026592800611353253,COMPLETE
5552,5552,,2021-02-09 05:11:24.322825,2021-02-09 05:11:25.064660,0 days 00:00:00.741835,0.00035495039903262756,7,0,0.9364357453875958,16,0.03823532865200618,FAIL
5553,5553,0.42427035330261137,2021-02-09 05:11:25.066643,2021-02-09 05:11:35.941299,0 days 00:00:10.874656,1.4454851189683605e-05,7,2,0.9038648148997827,16,0.03158737322082466,COMPLETE
5554,5554,0.4414746543778802,2021-02-09 05:11:35.944177,2021-02-09 05:11:47.634131,0 days 00:00:11.689954,6.036565458047439e-05,15,8,0.9185302384792887,18,0.03841798332580243,COMPLETE
5555,5555,0.6307219662058372,2021-02-09 05:11:47.636968,2021-02-09 05:12:03.315075,0 days 00:00:15.678107,0.0014339690190452224,11,2,0.902768848741506,16,0.024139473218933307,COMPLETE
5556,5556,0.5351766513056836,2021-02-09 05:12:03.317890,2021-02-09 05:12:14.550660,0 days 00:00:11.232770,0.0013577732817466137,11,8,0.9013935313769417,16,0.023157372643535155,COMPLETE
5557,5557,0.5342549923195085,2021-02-09 05:12:14.553506,2021-02-09 05:13:20.575501,0 days 00:01:06.021995,0.0014772665119262478,11,2,0.902814137084365,18,0.021245656709399156,COMPLETE
5558,5558,0.40307219662058374,2021-02-09 05:13:20.578338,2021-02-09 05:13:32.295479,0 days 00:00:11.717141,0.0011721353241571193,11,8,0.9055416337046646,16,0.022623519262462713,COMPLETE
5559,5559,0.49554531490015363,2021-02-09 05:13:32.298329,2021-02-09 05:13:53.348570,0 days 00:00:21.050241,0.0016645426080791855,11,2,0.9031942566583622,16,0.02190422962512484,COMPLETE
5560,5560,0.5456221198156682,2021-02-09 05:13:53.351421,2021-02-09 05:14:23.831056,0 days 00:00:30.479635,0.0014109207035128883,11,2,0.9010071075406884,18,0.018660657891931613,COMPLETE
5561,5561,,2021-02-09 05:14:23.834311,2021-02-09 05:14:24.761409,0 days 00:00:00.927098,0.0010220506973736708,11,0,0.905103609361811,16,0.020696205644696274,FAIL
5562,5562,,2021-02-09 05:14:24.764982,2021-02-09 05:14:25.545321,0 days 00:00:00.780339,0.001118870541613702,11,0,0.9049360281242379,14,0.02095430881558444,FAIL
5563,5563,,2021-02-09 05:14:25.548765,2021-02-09 05:14:26.329177,0 days 00:00:00.780412,0.001127128374978027,11,0,0.9058400564245345,14,0.020055793355172474,FAIL
5564,5564,0.3815668202764977,2021-02-09 05:14:26.332731,2021-02-09 05:14:37.509841,0 days 00:00:11.177110,0.0013860256383603643,11,6,0.9000607973649112,14,0.020147601918777704,COMPLETE
5565,5565,,2021-02-09 05:14:37.512687,2021-02-09 05:14:38.255374,0 days 00:00:00.742687,0.0013624494887366433,11,0,0.904084571115562,16,0.023569317862532326,FAIL
5566,5566,0.5259600614439324,2021-02-09 05:14:38.257439,2021-02-09 05:14:59.271438,0 days 00:00:21.013999,0.0011720513442107939,11,4,0.9053995363809721,16,0.023506942046894446,COMPLETE
5567,5567,0.6172043010752688,2021-02-09 05:14:59.274278,2021-02-09 05:15:10.590522,0 days 00:00:11.316244,0.0007636364442450264,11,8,0.9039303793559244,16,0.023678445953057965,COMPLETE
5568,5568,0.4236559139784946,2021-02-09 05:15:10.593400,2021-02-09 05:15:21.280340,0 days 00:00:10.686940,0.0007031490329861411,11,2,0.9015833891963622,18,0.021809531537112965,COMPLETE
5569,5569,,2021-02-09 05:15:21.283196,2021-02-09 05:15:22.007377,0 days 00:00:00.724181,0.0010397534606199975,11,0,0.9032371305431663,16,0.019884831803330016,FAIL
