,number,value,datetime_start,datetime_complete,duration,params_lr,params_scheduler_gamma,params_weight_decay,state
2141,2141,0.5348694316436252,2021-02-07 06:09:32.957041,2021-02-07 06:09:44.005964,0 days 00:00:11.048923,0.030823123085539406,0.9743603475969098,0.1199268972509656,COMPLETE
2142,2142,0.5901689708141321,2021-02-07 06:09:44.007212,2021-02-07 06:10:05.620897,0 days 00:00:21.613685,0.01864640649550712,0.9663061486342472,0.1586312387521203,COMPLETE
2143,2143,0.49585253456221196,2021-02-07 06:10:05.622157,2021-02-07 06:10:26.674820,0 days 00:00:21.052663,0.03837852148142842,0.9685413775094238,0.17153148562120926,COMPLETE
2144,2144,0.5898617511520737,2021-02-07 06:10:26.676065,2021-02-07 06:10:47.433698,0 days 00:00:20.757633,0.02576468719831253,0.9720000598183876,0.1868677682605782,COMPLETE
2145,2145,0.5858678955453149,2021-02-07 06:10:47.434958,2021-02-07 06:10:58.520635,0 days 00:00:11.085677,0.030119678913876832,0.9705082524537118,0.15043238765600211,COMPLETE
2146,2146,0.6030721966205838,2021-02-07 06:10:58.521897,2021-02-07 06:11:14.709156,0 days 00:00:16.187259,0.021028434377051815,0.9707526794660793,0.13241429093580304,COMPLETE
2147,2147,0.5824884792626728,2021-02-07 06:11:14.710418,2021-02-07 06:11:30.780523,0 days 00:00:16.070105,0.03821203389107363,0.9641456052169991,0.16705068450233843,COMPLETE
2148,2148,0.5619047619047619,2021-02-07 06:11:30.781761,2021-02-07 06:11:41.810915,0 days 00:00:11.029154,0.03444999718186426,0.967081980954438,0.023451404573899298,COMPLETE
2149,2149,0.5649769585253456,2021-02-07 06:11:41.812175,2021-02-07 06:11:52.721552,0 days 00:00:10.909377,0.01786546019877867,0.9654109190658574,0.20472675221730352,COMPLETE
2150,2150,0.5514592933947773,2021-02-07 06:11:52.722824,2021-02-07 06:12:08.702768,0 days 00:00:15.979944,0.02756602226855223,0.9712164892381887,0.17975618353007652,COMPLETE
2151,2151,0.5102918586789554,2021-02-07 06:12:08.704035,2021-02-07 06:12:19.996179,0 days 00:00:11.292144,0.039493620267656585,0.9692897582617108,0.21106506618732512,COMPLETE
2152,2152,0.5729646697388633,2021-02-07 06:12:19.997430,2021-02-07 06:13:01.642224,0 days 00:00:41.644794,0.024255506653772473,0.9663766485935723,0.18749921226836533,COMPLETE
2153,2153,0.514900153609831,2021-02-07 06:13:01.643480,2021-02-07 06:13:17.952484,0 days 00:00:16.309004,0.031739022481304585,0.9642787727402766,0.14607621740064342,COMPLETE
2154,2154,0.5947772657450077,2021-02-07 06:13:17.953740,2021-02-07 06:13:33.839821,0 days 00:00:15.886081,0.04123829319981366,0.9693592271583893,0.1936443863887365,COMPLETE
2155,2155,0.581874039938556,2021-02-07 06:13:33.841070,2021-02-07 06:13:44.793937,0 days 00:00:10.952867,0.022428851476922168,0.9685185549615303,0.16168325291890262,COMPLETE
2156,2156,0.5105990783410138,2021-02-07 06:13:44.795191,2021-02-07 06:14:00.898581,0 days 00:00:16.103390,0.029658554272936486,0.971488271651438,0.173932313301459,COMPLETE
2157,2157,0.5204301075268817,2021-02-07 06:14:00.899853,2021-02-07 06:14:16.776025,0 days 00:00:15.876172,0.04251251560060479,0.9773340773756746,0.16006407711462667,COMPLETE
2158,2158,0.5680491551459294,2021-02-07 06:14:16.777299,2021-02-07 06:14:32.771347,0 days 00:00:15.994048,0.03390365277370657,0.9652791394500456,0.20787067179834792,COMPLETE
2159,2159,0.5588325652841782,2021-02-07 06:14:32.772609,2021-02-07 06:14:48.504642,0 days 00:00:15.732033,0.019755245568199336,0.9679651617773526,0.1776670283322469,COMPLETE
2160,2160,0.48540706605222733,2021-02-07 06:14:48.505897,2021-02-07 06:15:04.709132,0 days 00:00:16.203235,0.028747407409693598,0.9741772064841812,0.13588179757731045,COMPLETE
2161,2161,0.610752688172043,2021-02-07 06:15:04.710389,2021-02-07 06:15:15.670318,0 days 00:00:10.959929,0.024407072984306333,0.9736710170196786,0.07393467842831457,COMPLETE
2162,2162,0.49953917050691243,2021-02-07 06:15:15.671577,2021-02-07 06:15:26.617681,0 days 00:00:10.946104,0.04385337349617888,0.962689122496426,0.019516909719633085,COMPLETE
2163,2163,0.5723502304147465,2021-02-07 06:15:26.618946,2021-02-07 06:15:47.850355,0 days 00:00:21.231409,0.03518723242502497,0.9666316362201793,0.1849054916253262,COMPLETE
2164,2164,0.5938556067588325,2021-02-07 06:15:47.851634,2021-02-07 06:16:08.980054,0 days 00:00:21.128420,0.018105720200382168,0.9707674918931746,0.08469557037579861,COMPLETE
2165,2165,0.5646697388632872,2021-02-07 06:16:08.981313,2021-02-07 06:16:24.541919,0 days 00:00:15.560606,0.043019097031120855,0.9643743815771096,0.2154822700965787,COMPLETE
2166,2166,0.5726574500768049,2021-02-07 06:16:24.543180,2021-02-07 06:16:35.528388,0 days 00:00:10.985208,0.024467470885813476,0.9727906482997221,0.1474124843600988,COMPLETE
2167,2167,0.5274961597542243,2021-02-07 06:16:35.529641,2021-02-07 06:16:56.260982,0 days 00:00:20.731341,0.02852180403246235,0.9690444398471847,0.055143066963980275,COMPLETE
2168,2168,0.5554531490015361,2021-02-07 06:16:56.262243,2021-02-07 06:17:12.256352,0 days 00:00:15.994109,0.03593970278780361,0.9438715802560861,0.015204846007997713,COMPLETE
2169,2169,0.5837173579109063,2021-02-07 06:17:12.257620,2021-02-07 06:17:33.283221,0 days 00:00:21.025601,0.046196255440665364,0.9662084699936955,0.19402771971677618,COMPLETE
2170,2170,0.5846390168970814,2021-02-07 06:17:33.284500,2021-02-07 06:17:59.974080,0 days 00:00:26.689580,0.014163812215763762,0.9425718644389134,0.1664014459733811,COMPLETE
2171,2171,0.5385560675883256,2021-02-07 06:17:59.975357,2021-02-07 06:18:15.741147,0 days 00:00:15.765790,0.021000958837226358,0.9451871790621501,0.19820131446991623,COMPLETE
2172,2172,0.5953917050691244,2021-02-07 06:18:15.742413,2021-02-07 06:18:26.770692,0 days 00:00:11.028279,0.03192650566745097,0.9705871392759005,0.06653419961874238,COMPLETE
2173,2173,0.5874039938556067,2021-02-07 06:18:26.771943,2021-02-07 06:18:42.745630,0 days 00:00:15.973687,0.04008717789312873,0.9631267270564975,0.1565252302346301,COMPLETE
2174,2174,0.47619047619047616,2021-02-07 06:18:42.746913,2021-02-07 06:18:53.763127,0 days 00:00:11.016214,0.02743337492879135,0.942548705009987,0.04785529030848077,COMPLETE
2175,2175,0.56036866359447,2021-02-07 06:18:53.764396,2021-02-07 06:19:04.743196,0 days 00:00:10.978800,0.01711824964867204,0.9448166012013107,0.21668790870269647,COMPLETE
2176,2176,0.5668202764976958,2021-02-07 06:19:04.744460,2021-02-07 06:19:20.320296,0 days 00:00:15.575836,0.04682119927706632,0.943844578594146,0.1770160455506984,COMPLETE
2177,2177,0.5812596006144394,2021-02-07 06:19:20.321563,2021-02-07 06:19:36.608090,0 days 00:00:16.286527,0.023059936166645877,0.9672388465998536,0.03660946568714656,COMPLETE
2178,2178,0.5056835637480799,2021-02-07 06:19:36.609351,2021-02-07 06:19:47.477850,0 days 00:00:10.868499,0.03486484587126737,0.9416470088286476,0.12650917967499659,COMPLETE
2179,2179,0.5311827956989247,2021-02-07 06:19:47.479144,2021-02-07 06:20:03.509137,0 days 00:00:16.029993,0.03849075041119379,0.9465671218778227,0.17220129468327955,COMPLETE
2180,2180,0.5877112135176651,2021-02-07 06:20:03.510395,2021-02-07 06:20:14.641360,0 days 00:00:11.130965,0.0275254211513412,0.9753350693186074,0.19854140036467077,COMPLETE
2181,2181,0.5781874039938556,2021-02-07 06:20:14.642643,2021-02-07 06:20:30.824748,0 days 00:00:16.182105,0.04634733219237332,0.9447398627144602,0.1537275758221777,COMPLETE
2182,2182,0.5726574500768049,2021-02-07 06:20:30.826017,2021-02-07 06:20:46.678651,0 days 00:00:15.852634,0.030973697080289395,0.9714979054718811,0.2152245294939661,COMPLETE
2183,2183,0.570199692780338,2021-02-07 06:20:46.679918,2021-02-07 06:21:02.908353,0 days 00:00:16.228435,0.0214234572757798,0.9648300474464375,0.18013318994248795,COMPLETE
2184,2184,0.5947772657450077,2021-02-07 06:21:02.909650,2021-02-07 06:21:18.677387,0 days 00:00:15.767737,0.02607453984659339,0.9423303694508661,0.0311339707664712,COMPLETE
2185,2185,0.5849462365591398,2021-02-07 06:21:18.678676,2021-02-07 06:21:34.666894,0 days 00:00:15.988218,0.05304098769945857,0.9459022110889491,0.16256185368522497,COMPLETE
2186,2186,0.5554531490015361,2021-02-07 06:21:34.668156,2021-02-07 06:22:00.350610,0 days 00:00:25.682454,0.038236333751768846,0.9431515637541834,0.14023110617399429,COMPLETE
2187,2187,0.5966205837173579,2021-02-07 06:22:00.351879,2021-02-07 06:22:21.872269,0 days 00:00:21.520390,0.03341120926397402,0.969338628200167,0.19674717458626984,COMPLETE
2188,2188,0.5763440860215053,2021-02-07 06:22:21.873567,2021-02-07 06:22:32.681107,0 days 00:00:10.807540,0.049131616723874075,0.9416240321777326,0.02045710649124892,COMPLETE
2189,2189,0.554531490015361,2021-02-07 06:22:32.682363,2021-02-07 06:22:48.900373,0 days 00:00:16.218010,0.024431726770262077,0.9464902099610517,0.1828126791295877,COMPLETE
2190,2190,0.44761904761904764,2021-02-07 06:22:48.901641,2021-02-07 06:23:05.285593,0 days 00:00:16.383952,0.04341871053686576,0.9412411571512863,0.04332747179860467,COMPLETE
2191,2191,0.5419354838709678,2021-02-07 06:23:05.286872,2021-02-07 06:23:16.426373,0 days 00:00:11.139501,0.019067570003763575,0.9446256001213758,0.21765743580168137,COMPLETE
2192,2192,0.5812596006144394,2021-02-07 06:23:16.427651,2021-02-07 06:23:27.421193,0 days 00:00:10.993542,0.031282784849030125,0.9632221536332062,0.15251141633077125,COMPLETE
2193,2193,0.6027649769585254,2021-02-07 06:23:27.422475,2021-02-07 06:23:38.199639,0 days 00:00:10.777164,0.040638762738696085,0.9730932421263186,0.16778661277795515,COMPLETE
2194,2194,0.6202764976958526,2021-02-07 06:23:38.201007,2021-02-07 06:23:48.837700,0 days 00:00:10.636693,0.016453775350919464,0.9682905640874355,0.19597374945607832,COMPLETE
2195,2195,0.5824884792626728,2021-02-07 06:23:48.838988,2021-02-07 06:23:59.849056,0 days 00:00:11.010068,0.05165250838726606,0.965977268458377,0.17495587071524352,COMPLETE
2196,2196,0.5797235023041475,2021-02-07 06:23:59.850332,2021-02-07 06:24:11.068229,0 days 00:00:11.217897,0.028077205739293835,0.9401605463734204,0.017782623023490436,COMPLETE
2197,2197,0.5723502304147465,2021-02-07 06:24:11.069509,2021-02-07 06:24:21.796849,0 days 00:00:10.727340,0.020746729149977574,0.9433058991542216,0.2193905649017317,COMPLETE
2198,2198,0.5864823348694317,2021-02-07 06:24:21.798121,2021-02-07 06:24:32.862608,0 days 00:00:11.064487,0.03193799974001436,0.9451831250493449,0.1862888304626359,COMPLETE
2199,2199,0.5585253456221199,2021-02-07 06:24:32.863866,2021-02-07 06:24:43.847254,0 days 00:00:10.983388,0.05901977772915237,0.9413895310517726,0.1595538093718642,COMPLETE
2200,2200,0.5124423963133641,2021-02-07 06:24:43.848530,2021-02-07 06:24:59.938079,0 days 00:00:16.089549,0.03756553908030236,0.9464584989793264,0.14320200181223733,COMPLETE
2201,2201,0.602457757296467,2021-02-07 06:24:59.939356,2021-02-07 06:25:16.124204,0 days 00:00:16.184848,0.024750783751357724,0.9400754222406994,0.2036035661929144,COMPLETE
2202,2202,0.5431643625192012,2021-02-07 06:25:16.125476,2021-02-07 06:25:26.898320,0 days 00:00:10.772844,0.03551550219443177,0.9619762965830435,0.025155959055873308,COMPLETE
2203,2203,0.4445468509984639,2021-02-07 06:25:26.899602,2021-02-07 06:25:37.943740,0 days 00:00:11.044138,0.04911963700100209,0.9471493117811283,0.18403737974953457,COMPLETE
2204,2204,0.4509984639016897,2021-02-07 06:25:37.945012,2021-02-07 06:25:48.791290,0 days 00:00:10.846278,0.04311267994363432,0.970890915190801,0.16765798901120071,COMPLETE
2205,2205,0.6073732718894009,2021-02-07 06:25:48.792555,2021-02-07 06:26:09.794829,0 days 00:00:21.002274,0.02779824243988641,0.9440995696636256,0.1507087994027468,COMPLETE
2206,2206,0.5419354838709678,2021-02-07 06:26:09.796102,2021-02-07 06:26:20.997190,0 days 00:00:11.201088,0.02168837288440316,0.9396043021359359,0.19502822677533738,COMPLETE
2207,2207,0.5394777265745008,2021-02-07 06:26:20.998461,2021-02-07 06:26:32.256274,0 days 00:00:11.257813,0.06151988294917888,0.943396803589456,0.02258679568372309,COMPLETE
2208,2208,0.5834101382488479,2021-02-07 06:26:32.257560,2021-02-07 06:26:43.208732,0 days 00:00:10.951172,0.03218360867091617,0.9682878174761667,0.2150610481905619,COMPLETE
2209,2209,0.5692780337941629,2021-02-07 06:26:43.210023,2021-02-07 06:26:54.076908,0 days 00:00:10.866885,0.01632490824108071,0.9474248555366308,0.11295483644613634,COMPLETE
2210,2210,0.565284178187404,2021-02-07 06:26:54.078199,2021-02-07 06:27:05.127176,0 days 00:00:11.048977,0.07135005255000859,0.9412409358834325,0.17362212864558496,COMPLETE
2211,2211,0.5692780337941629,2021-02-07 06:27:05.128482,2021-02-07 06:27:21.410905,0 days 00:00:16.282423,0.050459495034933244,0.9652979355509989,0.06045273445971654,COMPLETE
2212,2212,0.5428571428571428,2021-02-07 06:27:21.412185,2021-02-07 06:27:32.101351,0 days 00:00:10.689166,0.04069231529309575,0.9430330706103913,0.1326518044583231,COMPLETE
2213,2213,0.5379416282642089,2021-02-07 06:27:32.102651,2021-02-07 06:27:48.001354,0 days 00:00:15.898703,0.01344956439570915,0.9386758519147604,0.22009732757697045,COMPLETE
2214,2214,0.5622119815668203,2021-02-07 06:27:48.002636,2021-02-07 06:28:04.044940,0 days 00:00:16.042304,0.02788696999118455,0.94798547859423,0.16130347031664313,COMPLETE
2215,2215,0.6009216589861751,2021-02-07 06:28:04.046219,2021-02-07 06:28:25.410054,0 days 00:00:21.363835,0.024501455199282908,0.945263164305393,0.18637852378580572,COMPLETE
2216,2216,0.5794162826420891,2021-02-07 06:28:25.411331,2021-02-07 06:28:41.443450,0 days 00:00:16.032119,0.019005093175515183,0.9415987966644508,0.028196070910225145,COMPLETE
2217,2217,0.4344086021505376,2021-02-07 06:28:41.444744,2021-02-07 06:28:57.800085,0 days 00:00:16.355341,0.05706755924756511,0.9453637208800338,0.19917393107197814,COMPLETE
2218,2218,0.5972350230414747,2021-02-07 06:28:57.801359,2021-02-07 06:29:18.921672,0 days 00:00:21.120313,0.036061856317250146,0.9670141492111153,0.1684776302419892,COMPLETE
2219,2219,0.595084485407066,2021-02-07 06:29:18.922970,2021-02-07 06:29:29.928172,0 days 00:00:11.005202,0.04535136219660581,0.9387632849707868,0.14529179869934009,COMPLETE
2220,2220,0.5536098310291858,2021-02-07 06:29:29.929451,2021-02-07 06:29:46.072920,0 days 00:00:16.143469,0.03245634264059473,0.9701779389571203,0.20553953550131776,COMPLETE
2221,2221,0.49953917050691243,2021-02-07 06:29:46.074192,2021-02-07 06:29:57.617693,0 days 00:00:11.543501,0.082689153331308,0.961833958037215,0.17936268606137526,COMPLETE
2222,2222,0.5241167434715822,2021-02-07 06:29:57.619019,2021-02-07 06:30:13.241573,0 days 00:00:15.622554,0.025153103112615934,0.9739689206262493,0.15538782603223475,COMPLETE
2223,2223,0.5852534562211982,2021-02-07 06:30:13.242873,2021-02-07 06:30:29.358347,0 days 00:00:16.115474,0.06081133124839829,0.9432899258491948,0.17262591519258144,COMPLETE
2224,2224,0.5502304147465438,2021-02-07 06:30:29.359635,2021-02-07 06:30:40.338629,0 days 00:00:10.978994,0.04056810004930443,0.9411818126394111,0.03407707199262403,COMPLETE
2225,2225,0.4789554531490015,2021-02-07 06:30:40.339916,2021-02-07 06:30:51.594692,0 days 00:00:11.254776,0.0523406536250596,0.9471531558384265,0.19044677071397156,COMPLETE
2226,2226,0.6055299539170507,2021-02-07 06:30:51.595983,2021-02-07 06:31:02.718763,0 days 00:00:11.122780,0.021314419235150265,0.9388886725336495,0.16191877099832896,COMPLETE
2227,2227,0.5732718894009217,2021-02-07 06:31:02.720034,2021-02-07 06:31:13.784654,0 days 00:00:11.064620,0.029387870849556477,0.9368530949583909,0.2208635592181438,COMPLETE
2228,2228,0.5926267281105991,2021-02-07 06:31:13.785929,2021-02-07 06:31:25.253501,0 days 00:00:11.467572,0.07306153052471082,0.9401614469404384,0.05272141945741101,COMPLETE
2229,2229,0.5486943164362519,2021-02-07 06:31:25.254800,2021-02-07 06:31:41.167861,0 days 00:00:15.913061,0.03675253752548262,0.9451354375684275,0.2070427339112994,COMPLETE
2230,2230,0.6052227342549923,2021-02-07 06:31:41.169143,2021-02-07 06:31:52.287539,0 days 00:00:11.118396,0.045800346040296744,0.9490825268251759,0.40900775733600636,COMPLETE
2231,2231,0.5428571428571428,2021-02-07 06:31:52.288817,2021-02-07 06:32:03.376312,0 days 00:00:11.087495,0.018954434028103265,0.9425059838860895,0.017006876101148056,COMPLETE
2232,2232,0.5874039938556067,2021-02-07 06:32:03.377600,2021-02-07 06:32:24.436775,0 days 00:00:21.059175,0.024201399230213437,0.9643430580245606,0.18339088962865147,COMPLETE
2233,2233,0.5646697388632872,2021-02-07 06:32:24.438074,2021-02-07 06:32:35.579013,0 days 00:00:11.140939,0.03166796178574694,0.9721618258662231,0.14904337789940536,COMPLETE
2234,2234,0.5803379416282642,2021-02-07 06:32:35.580294,2021-02-07 06:32:46.572175,0 days 00:00:10.991881,0.06568577270698107,0.9698238074896567,0.13623667803878492,COMPLETE
2235,2235,0.5698924731182796,2021-02-07 06:32:46.573470,2021-02-07 06:33:02.995672,0 days 00:00:16.422202,0.04050908577793715,0.9441952016004423,0.22299823742477579,COMPLETE
2236,2236,0.5662058371735791,2021-02-07 06:33:02.996964,2021-02-07 06:33:14.153150,0 days 00:00:11.156186,0.05181301927208357,0.94655950450609,0.19940170441347585,COMPLETE
2237,2237,0.6221198156682027,2021-02-07 06:33:14.154449,2021-02-07 06:33:25.319831,0 days 00:00:11.165382,0.02821820450101656,0.9405478240312981,0.07029361937975662,COMPLETE
2238,2238,0.5655913978494623,2021-02-07 06:33:25.321120,2021-02-07 06:33:36.265027,0 days 00:00:10.943907,0.024464898315607983,0.9409992416125985,0.06956264255814788,COMPLETE
2239,2239,0.5858678955453149,2021-02-07 06:33:36.266299,2021-02-07 06:33:47.902733,0 days 00:00:11.636434,0.03642441739693428,0.9413516986321234,0.06129217502064399,COMPLETE
2240,2240,0.6116743471582181,2021-02-07 06:33:47.904017,2021-02-07 06:34:03.992900,0 days 00:00:16.088883,0.032900956398402695,0.9394876322762272,0.07960608594944595,COMPLETE
2241,2241,0.5499231950844854,2021-02-07 06:34:03.994184,2021-02-07 06:34:19.953719,0 days 00:00:15.959535,0.02026328526957325,0.9392466924740112,0.06561369283206844,COMPLETE
2242,2242,0.6076804915514593,2021-02-07 06:34:19.955014,2021-02-07 06:34:36.197837,0 days 00:00:16.242823,0.023711515972240946,0.9380109381232428,0.09591434953815171,COMPLETE
2243,2243,0.5302611367127497,2021-02-07 06:34:36.199143,2021-02-07 06:34:52.288611,0 days 00:00:16.089468,0.04383546647884125,0.940398889290272,0.09505668043801914,COMPLETE
2244,2244,0.5858678955453149,2021-02-07 06:34:52.289924,2021-02-07 06:35:08.388384,0 days 00:00:16.098460,0.016470705691403756,0.9405399950879251,0.11938120699900162,COMPLETE
2245,2245,0.5698924731182796,2021-02-07 06:35:08.389674,2021-02-07 06:35:19.316610,0 days 00:00:10.926936,0.02467989535357851,0.9373507330595773,0.08705625103708411,COMPLETE
2246,2246,0.5674347158218126,2021-02-07 06:35:19.317896,2021-02-07 06:35:30.485749,0 days 00:00:11.167853,0.03339258599363466,0.9425204823777589,0.04543808521699844,COMPLETE
2247,2247,0.6187403993855607,2021-02-07 06:35:30.487055,2021-02-07 06:35:46.777898,0 days 00:00:16.290843,0.017664431679642233,0.9428928515552912,0.01127544006822658,COMPLETE
2248,2248,0.5271889400921659,2021-02-07 06:35:46.779214,2021-02-07 06:35:57.848033,0 days 00:00:11.068819,0.02164945103095564,0.9424788450706016,0.1605590918684395,COMPLETE
2249,2249,0.5895545314900154,2021-02-07 06:35:57.850037,2021-02-07 06:36:08.670375,0 days 00:00:10.820338,0.03923743594890316,0.9401728583807704,0.07200852992738133,COMPLETE
2250,2250,0.5775729646697388,2021-02-07 06:36:08.671692,2021-02-07 06:36:19.980959,0 days 00:00:11.309267,0.024931997573695866,0.9385028855564681,0.06961619431448873,COMPLETE
2251,2251,0.5695852534562212,2021-02-07 06:36:19.982256,2021-02-07 06:36:35.933041,0 days 00:00:15.950785,0.02843544479580493,0.9447138778322867,0.12241122168083829,COMPLETE
2252,2252,0.5960061443932412,2021-02-07 06:36:35.934345,2021-02-07 06:36:47.154304,0 days 00:00:11.219959,0.047485467527937725,0.9363943482167627,0.07743588372894969,COMPLETE
2253,2253,0.5271889400921659,2021-02-07 06:36:47.155622,2021-02-07 06:36:58.166164,0 days 00:00:11.010542,0.02782759266203246,0.9389639580822959,0.07390262839636717,COMPLETE
2254,2254,0.6027649769585254,2021-02-07 06:36:58.167480,2021-02-07 06:37:14.192446,0 days 00:00:16.024966,0.021383752856680236,0.9413140943747518,0.041761632866401575,COMPLETE
2255,2255,0.5686635944700461,2021-02-07 06:37:14.193748,2021-02-07 06:37:25.036062,0 days 00:00:10.842314,0.02790386269393809,0.9430743032724718,0.12866673992341487,COMPLETE
2256,2256,0.5708141321044546,2021-02-07 06:37:25.037359,2021-02-07 06:37:45.950817,0 days 00:00:20.913458,0.02016970459277792,0.9395495445420358,0.08610529801927437,COMPLETE
2257,2257,0.5517665130568357,2021-02-07 06:37:45.952103,2021-02-07 06:37:57.305620,0 days 00:00:11.353517,0.027786965781340118,0.9357764821308032,0.08067174414739922,COMPLETE
2258,2258,0.5634408602150538,2021-02-07 06:37:57.306926,2021-02-07 06:38:08.176879,0 days 00:00:10.869953,0.05495550180278555,0.937128135380398,0.052884208416533234,COMPLETE
2259,2259,0.5195084485407067,2021-02-07 06:38:08.178177,2021-02-07 06:38:24.254690,0 days 00:00:16.076513,0.02201071636079986,0.9408661677885051,0.06847404672392508,COMPLETE
2260,2260,0.6009216589861751,2021-02-07 06:38:24.255993,2021-02-07 06:38:35.157288,0 days 00:00:10.901295,0.0389674593503434,0.9384746583045845,0.05177322500017442,COMPLETE
2261,2261,0.5938556067588325,2021-02-07 06:38:35.158574,2021-02-07 06:38:46.441909,0 days 00:00:11.283335,0.013867028728535355,0.9416729493359626,0.06288685606312651,COMPLETE
2262,2262,0.6086021505376344,2021-02-07 06:38:46.443218,2021-02-07 06:38:57.402888,0 days 00:00:10.959670,0.028153348145540744,0.9376717542068697,0.07625322638597666,COMPLETE
2263,2263,0.5812596006144394,2021-02-07 06:38:57.404175,2021-02-07 06:39:13.264907,0 days 00:00:15.860732,0.0631683626802312,0.939737540750615,0.055324316724741876,COMPLETE
2264,2264,0.6113671274961597,2021-02-07 06:39:13.266203,2021-02-07 06:39:24.601448,0 days 00:00:11.335245,0.017461847330751148,0.9439595000521788,0.10781665209019609,COMPLETE
2265,2265,0.5941628264208909,2021-02-07 06:39:24.602756,2021-02-07 06:39:35.512784,0 days 00:00:10.910028,0.022943160892310237,0.944744272448887,0.014624895488711771,COMPLETE
