,number,value,datetime_start,datetime_complete,duration,params_lr,params_scheduler_gamma,params_weight_decay,state
2517,2517,0.5766513056835637,2021-02-07 07:37:13.344535,2021-02-07 07:37:29.847747,0 days 00:00:16.503212,0.05846739201331263,0.9420578512635979,0.1721080814080653,COMPLETE
2518,2518,0.5662058371735791,2021-02-07 07:37:29.849139,2021-02-07 07:37:45.732374,0 days 00:00:15.883235,0.09997401630356367,0.9610668558652571,0.18979013818634435,COMPLETE
2519,2519,0.5969278033794163,2021-02-07 07:37:45.733785,2021-02-07 07:37:56.895474,0 days 00:00:11.161689,0.04836859150403956,0.9578084073723974,0.17754991053261443,COMPLETE
2520,2520,0.5932411674347158,2021-02-07 07:37:56.896884,2021-02-07 07:38:12.908170,0 days 00:00:16.011286,0.024845357454623882,0.9748629458966368,0.1531949888640697,COMPLETE
2521,2521,0.5745007680491552,2021-02-07 07:38:12.909586,2021-02-07 07:38:28.802114,0 days 00:00:15.892528,0.04077199815958754,0.9440743971368746,0.18953456929289586,COMPLETE
2522,2522,0.5960061443932412,2021-02-07 07:38:28.803528,2021-02-07 07:38:44.445279,0 days 00:00:15.641751,0.08167358353710055,0.9395713577944684,0.16450572003909802,COMPLETE
2523,2523,0.5016897081413211,2021-02-07 07:38:44.446692,2021-02-07 07:38:55.767452,0 days 00:00:11.320760,0.044813212445196274,0.9704304351635941,0.17571715835186302,COMPLETE
2524,2524,0.5692780337941629,2021-02-07 07:38:55.768878,2021-02-07 07:39:06.848004,0 days 00:00:11.079126,0.05574099468741306,0.9657914387804888,0.2022610896506461,COMPLETE
2525,2525,0.5720430107526882,2021-02-07 07:39:06.849417,2021-02-07 07:39:18.016223,0 days 00:00:11.166806,0.034801861249537366,0.9372398186358241,0.13667670783759928,COMPLETE
2526,2526,0.6,2021-02-07 07:39:18.017622,2021-02-07 07:39:29.087347,0 days 00:00:11.069725,0.04086536166627456,0.9687032689924646,0.18778980112255295,COMPLETE
2527,2527,0.5468509984639017,2021-02-07 07:39:29.088751,2021-02-07 07:39:40.024831,0 days 00:00:10.936080,0.05400838026472324,0.9634409563700416,0.15845101373683895,COMPLETE
2528,2528,0.4466973886328725,2021-02-07 07:39:40.026251,2021-02-07 07:39:56.032143,0 days 00:00:16.005892,0.014966346684134725,0.9411345592893532,0.14399887306101306,COMPLETE
2529,2529,0.5502304147465438,2021-02-07 07:39:56.033548,2021-02-07 07:40:06.925305,0 days 00:00:10.891757,0.020122854333889596,0.9424405208037807,0.1704908052054924,COMPLETE
2530,2530,0.5609831029185868,2021-02-07 07:40:06.926723,2021-02-07 07:40:22.808689,0 days 00:00:15.881966,0.03026543384703492,0.9399037532504043,0.03885459156048014,COMPLETE
2531,2531,0.6009216589861751,2021-02-07 07:40:22.810086,2021-02-07 07:40:38.550956,0 days 00:00:15.740870,0.04311453914043727,0.944095871494872,0.19800232659646042,COMPLETE
2532,2532,0.5443932411674347,2021-02-07 07:40:38.552366,2021-02-07 07:40:49.715366,0 days 00:00:11.163000,0.025905849981744514,0.9387305765786588,0.16193074585697828,COMPLETE
2533,2533,0.5576036866359447,2021-02-07 07:40:49.716771,2021-02-07 07:41:06.115057,0 days 00:00:16.398286,0.07370355724984833,0.9409832150851235,0.12761147709330053,COMPLETE
2534,2534,0.530568356374808,2021-02-07 07:41:06.116480,2021-02-07 07:41:17.169798,0 days 00:00:11.053318,0.037376208621925824,0.9667548828098016,0.18360886974254398,COMPLETE
2535,2535,0.4912442396313364,2021-02-07 07:41:17.171230,2021-02-07 07:41:33.189486,0 days 00:00:16.018256,0.028877010495263294,0.9370186670264435,0.1454548486787455,COMPLETE
2536,2536,0.5996927803379416,2021-02-07 07:41:33.190905,2021-02-07 07:41:43.980137,0 days 00:00:10.789232,0.06001068645613756,0.9615142884753529,0.21732982491444217,COMPLETE
2537,2537,0.5308755760368664,2021-02-07 07:41:43.981549,2021-02-07 07:41:55.128074,0 days 00:00:11.146525,0.046721188451108876,0.964142424225185,0.19667309075747458,COMPLETE
2538,2538,0.4924731182795699,2021-02-07 07:41:55.129489,2021-02-07 07:42:11.217965,0 days 00:00:16.088476,0.023701349893976317,0.9425419125448219,0.16530686472123954,COMPLETE
2539,2539,0.5901689708141321,2021-02-07 07:42:11.219392,2021-02-07 07:42:21.915810,0 days 00:00:10.696418,0.040129243692547806,0.9596667956958436,0.17955714449115123,COMPLETE
2540,2540,0.5855606758832566,2021-02-07 07:42:21.917217,2021-02-07 07:42:37.672203,0 days 00:00:15.754986,0.08266930158194583,0.940148582349163,0.15150401906324676,COMPLETE
2541,2541,0.535483870967742,2021-02-07 07:42:37.673613,2021-02-07 07:42:48.691928,0 days 00:00:11.018315,0.020431464836827815,0.9384080140035502,0.113986680297417,COMPLETE
2542,2542,0.6122887864823349,2021-02-07 07:42:48.693345,2021-02-07 07:43:04.552386,0 days 00:00:15.859041,0.05200181287183008,0.9717779385592394,0.2035332732511535,COMPLETE
2543,2543,0.5477726574500767,2021-02-07 07:43:04.553812,2021-02-07 07:43:20.683355,0 days 00:00:16.129543,0.06445740755256124,0.9441443413697096,0.2139767814504027,COMPLETE
2544,2544,0.5278033794162826,2021-02-07 07:43:20.684768,2021-02-07 07:43:31.695233,0 days 00:00:11.010465,0.03969609349656358,0.9626336454203557,0.1756812668955786,COMPLETE
2545,2545,0.5044546850998464,2021-02-07 07:43:31.696638,2021-02-07 07:43:42.826596,0 days 00:00:11.129958,0.048391533500789376,0.9447838201375506,0.19323346587146,COMPLETE
2546,2546,0.5717357910906298,2021-02-07 07:43:42.828036,2021-02-07 07:43:53.612463,0 days 00:00:10.784427,0.032043402924648474,0.9428453175517674,0.16248221176900507,COMPLETE
2547,2547,0.5923195084485408,2021-02-07 07:43:53.613893,2021-02-07 07:44:09.490457,0 days 00:00:15.876564,0.05664877406903633,0.9699416268884531,0.25934852133078967,COMPLETE
2548,2548,0.5880184331797235,2021-02-07 07:44:09.491897,2021-02-07 07:44:25.633759,0 days 00:00:16.141862,0.026642478693015642,0.9411719828568181,0.1819269073692407,COMPLETE
2549,2549,0.5698924731182796,2021-02-07 07:44:25.635183,2021-02-07 07:44:36.721229,0 days 00:00:11.086046,0.0355037349962959,0.9666708524503272,0.2121738670954576,COMPLETE
2550,2550,0.5557603686635945,2021-02-07 07:44:36.722648,2021-02-07 07:44:48.023899,0 days 00:00:11.301251,0.022665323314116092,0.9786176771549077,0.13930796722292368,COMPLETE
2551,2551,0.4642089093701997,2021-02-07 07:44:48.025321,2021-02-07 07:45:04.069298,0 days 00:00:16.043977,0.09911724789437541,0.9395300730525725,0.1724129885234908,COMPLETE
2552,2552,0.6067588325652842,2021-02-07 07:45:04.070722,2021-02-07 07:45:15.465245,0 days 00:00:11.394523,0.06711184044130182,0.9684447510581502,0.31277633304333186,COMPLETE
2553,2553,0.5938556067588325,2021-02-07 07:45:15.466672,2021-02-07 07:45:31.322416,0 days 00:00:15.855744,0.031625922064691454,0.9366548751414355,0.1525080515299892,COMPLETE
2554,2554,0.5671274961597542,2021-02-07 07:45:31.323834,2021-02-07 07:45:42.404201,0 days 00:00:11.080367,0.03959238997615704,0.9646561117385215,0.27792548948306295,COMPLETE
2555,2555,0.5419354838709678,2021-02-07 07:45:42.405612,2021-02-07 07:45:53.075425,0 days 00:00:10.669813,0.018787694943242252,0.9378194951569557,0.19521706912565165,COMPLETE
2556,2556,0.5576036866359447,2021-02-07 07:45:53.076847,2021-02-07 07:46:09.016182,0 days 00:00:15.939335,0.05022217198161798,0.9584674985854912,0.22762017938480988,COMPLETE
2557,2557,0.4823348694316436,2021-02-07 07:46:09.017597,2021-02-07 07:46:19.615828,0 days 00:00:10.598231,0.01399427350385405,0.9423334257927948,0.15874841038410936,COMPLETE
2558,2558,0.5640552995391706,2021-02-07 07:46:19.617240,2021-02-07 07:46:30.702630,0 days 00:00:11.085390,0.03841480671354697,0.9448684003634291,0.24226935445435316,COMPLETE
2559,2559,0.4998463901689708,2021-02-07 07:46:30.704048,2021-02-07 07:46:41.660944,0 days 00:00:10.956896,0.026696237801369642,0.9403482789051698,0.20599936314282205,COMPLETE
2560,2560,0.5901689708141321,2021-02-07 07:46:41.662355,2021-02-07 07:46:52.611593,0 days 00:00:10.949238,0.06317082129184311,0.9606638860443683,0.29278251228524166,COMPLETE
2561,2561,0.49953917050691243,2021-02-07 07:46:52.613025,2021-02-07 07:47:08.468300,0 days 00:00:15.855275,0.048249208732512275,0.9732141804920782,0.27026738292871044,COMPLETE
2562,2562,0.5769585253456221,2021-02-07 07:47:08.469713,2021-02-07 07:47:29.670424,0 days 00:00:21.200711,0.07588215514366628,0.9629139086493554,0.18771225061344587,COMPLETE
2563,2563,0.5591397849462365,2021-02-07 07:47:29.671855,2021-02-07 07:47:45.694709,0 days 00:00:16.022854,0.040180600187161374,0.9665430649482386,0.3416656556751215,COMPLETE
2564,2564,0.504147465437788,2021-02-07 07:47:45.696123,2021-02-07 07:47:56.502934,0 days 00:00:10.806811,0.030932279033519527,0.9427305398401091,0.17029364446218004,COMPLETE
2565,2565,0.5259600614439324,2021-02-07 07:47:56.504368,2021-02-07 07:48:07.484089,0 days 00:00:10.979721,0.022730132970298668,0.938643306604337,0.18093344425622698,COMPLETE
2566,2566,0.47465437788018433,2021-02-07 07:48:07.485504,2021-02-07 07:48:18.344206,0 days 00:00:10.858702,0.05895942173265956,0.9702374981129385,0.2294951965238969,COMPLETE
2567,2567,0.4869431643625192,2021-02-07 07:48:18.345629,2021-02-07 07:48:29.379140,0 days 00:00:11.033511,0.08434200886530419,0.9409854998782736,0.13332141975482018,COMPLETE
2568,2568,0.49738863287250384,2021-02-07 07:48:29.380571,2021-02-07 07:48:40.148438,0 days 00:00:10.767867,0.00841826778295508,0.9396391467098189,0.0297732203300017,COMPLETE
2569,2569,0.42427035330261137,2021-02-07 07:48:40.149861,2021-02-07 07:49:00.642039,0 days 00:00:20.492178,5.4594275398148e-05,0.9448984013463066,0.2481059472391003,COMPLETE
2570,2570,0.5419354838709678,2021-02-07 07:49:00.643482,2021-02-07 07:49:11.860323,0 days 00:00:11.216841,0.048570446343809574,0.964412152882624,0.2183203803892852,COMPLETE
2571,2571,0.5840245775729647,2021-02-07 07:49:11.861741,2021-02-07 07:49:28.098951,0 days 00:00:16.237210,0.026878342406316705,0.9427306252432447,0.15555506528531174,COMPLETE
2572,2572,0.5634408602150538,2021-02-07 07:49:28.100396,2021-02-07 07:49:49.389610,0 days 00:00:21.289214,0.03284420783651785,0.9407932429560597,0.020225577302670262,COMPLETE
2573,2573,0.5274961597542243,2021-02-07 07:49:49.391049,2021-02-07 07:50:00.486164,0 days 00:00:11.095115,0.03654458931765675,0.9621195706387009,0.2647226388035634,COMPLETE
2574,2574,0.5370199692780337,2021-02-07 07:50:00.487599,2021-02-07 07:50:11.512925,0 days 00:00:11.025326,0.04532175190230016,0.9684496604464391,0.20656610877420617,COMPLETE
2575,2575,0.5450076804915515,2021-02-07 07:50:11.514381,2021-02-07 07:50:27.268813,0 days 00:00:15.754432,0.09933396660168943,0.9444960493117696,0.30771021005771443,COMPLETE
2576,2576,0.571121351766513,2021-02-07 07:50:27.270234,2021-02-07 07:50:43.156626,0 days 00:00:15.886392,0.058901357490237796,0.9597116941221407,0.19048743399456067,COMPLETE
2577,2577,0.5941628264208909,2021-02-07 07:50:43.158065,2021-02-07 07:50:54.230107,0 days 00:00:11.072042,0.037923005488301624,0.9656912263056917,0.2828152165243362,COMPLETE
2578,2578,0.5235023041474655,2021-02-07 07:50:54.231563,2021-02-07 07:51:05.530678,0 days 00:00:11.299115,0.07073823428086908,0.9450397180517236,0.24479326430752654,COMPLETE
2579,2579,0.5852534562211982,2021-02-07 07:51:05.532110,2021-02-07 07:51:16.334051,0 days 00:00:10.801941,0.09990517273578807,0.9571174688268753,0.16877596130782577,COMPLETE
2580,2580,0.5889400921658986,2021-02-07 07:51:16.335483,2021-02-07 07:51:31.990516,0 days 00:00:15.655033,0.01771340110203455,0.9363231975273573,0.02600424766356247,COMPLETE
2581,2581,0.5849462365591398,2021-02-07 07:51:31.991970,2021-02-07 07:51:43.180093,0 days 00:00:11.188123,0.02262017807551397,0.9376992842597053,0.12352347304258728,COMPLETE
2582,2582,0.5766513056835637,2021-02-07 07:51:43.181527,2021-02-07 07:51:59.360521,0 days 00:00:16.178994,0.028396654574279343,0.9416451983757813,0.14605159899865994,COMPLETE
2583,2583,0.5932411674347158,2021-02-07 07:51:59.361959,2021-02-07 07:52:15.733516,0 days 00:00:16.371557,0.04221039654622405,0.9719870880427322,0.2037526629086018,COMPLETE
2584,2584,0.5219662058371736,2021-02-07 07:52:15.734961,2021-02-07 07:52:31.413408,0 days 00:00:15.678447,0.01725957878806665,0.9391488341983452,0.17613000098869788,COMPLETE
2585,2585,0.5723502304147465,2021-02-07 07:52:31.414850,2021-02-07 07:52:47.366625,0 days 00:00:15.951775,0.056015441640140815,0.9673640511796292,0.257340311321109,COMPLETE
2586,2586,0.5852534562211982,2021-02-07 07:52:47.368064,2021-02-07 07:52:58.060576,0 days 00:00:10.692512,0.024646454434364865,0.9427964857311908,0.16131906956552783,COMPLETE
2587,2587,0.4875576036866359,2021-02-07 07:52:58.062029,2021-02-07 07:53:13.843140,0 days 00:00:15.781111,0.03281941453225667,0.9368293657118874,0.18814631657693434,COMPLETE
2588,2588,0.6076804915514593,2021-02-07 07:53:13.844577,2021-02-07 07:53:24.778641,0 days 00:00:10.934064,0.011804681964669467,0.9740675200818375,0.18140914184161316,COMPLETE
2589,2589,0.5993855606758832,2021-02-07 07:53:24.780071,2021-02-07 07:53:40.777396,0 days 00:00:15.997325,0.06921133807674701,0.9623023582003558,0.2290836428429809,COMPLETE
2590,2590,0.57357910906298,2021-02-07 07:53:40.778853,2021-02-07 07:53:56.845923,0 days 00:00:16.067070,0.04308587619130918,0.9608659572235686,0.294190417679997,COMPLETE
2591,2591,0.584331797235023,2021-02-07 07:53:56.847370,2021-02-07 07:54:07.737963,0 days 00:00:10.890593,0.020282466880003746,0.9759506450617285,0.16732264705756444,COMPLETE
2592,2592,0.5827956989247312,2021-02-07 07:54:07.739409,2021-02-07 07:54:18.487467,0 days 00:00:10.748058,0.029279822364711973,0.9385419850815867,0.18906340657889723,COMPLETE
2593,2593,0.517357910906298,2021-02-07 07:54:18.488911,2021-02-07 07:54:29.551777,0 days 00:00:11.062866,0.023537373099058952,0.94056183328081,0.15295864767486422,COMPLETE
2594,2594,0.47096774193548385,2021-02-07 07:54:29.553237,2021-02-07 07:54:40.570886,0 days 00:00:11.017649,0.05149360089591659,0.9873074139624157,0.22573149273932588,COMPLETE
2595,2595,0.5898617511520737,2021-02-07 07:54:40.572302,2021-02-07 07:54:56.164228,0 days 00:00:15.591926,0.03588516011140416,0.9693463528982561,0.2808854647536677,COMPLETE
2596,2596,0.576036866359447,2021-02-07 07:54:56.165658,2021-02-07 07:55:07.211467,0 days 00:00:11.045809,0.06118383585090635,0.9441336216949452,0.32136490377612126,COMPLETE
2597,2597,0.5216589861751152,2021-02-07 07:55:07.212906,2021-02-07 07:55:18.271913,0 days 00:00:11.059007,0.04924896154554236,0.9588237835132666,0.21140661293638702,COMPLETE
2598,2598,0.5557603686635945,2021-02-07 07:55:18.273343,2021-02-07 07:55:34.712818,0 days 00:00:16.439475,0.08090017962883694,0.9645510434973337,0.25504068916633826,COMPLETE
2599,2599,0.5858678955453149,2021-02-07 07:55:34.714266,2021-02-07 07:55:46.046155,0 days 00:00:11.331889,0.029552852476070993,0.9420663035172188,0.018689950020600712,COMPLETE
2600,2600,0.6153609831029185,2021-02-07 07:55:46.047615,2021-02-07 07:55:56.924256,0 days 00:00:10.876641,0.038581569536130976,0.9452040929822503,0.20330399441937042,COMPLETE
2601,2601,0.6070660522273426,2021-02-07 07:55:56.925709,2021-02-07 07:56:07.909194,0 days 00:00:10.983485,0.04549237884192443,0.9664399404206897,0.23794190607163018,COMPLETE
2602,2602,0.5944700460829493,2021-02-07 07:56:07.910632,2021-02-07 07:56:18.542488,0 days 00:00:10.631856,0.06680890495428278,0.9350919318540024,0.01005903306698166,COMPLETE
2603,2603,0.4184331797235023,2021-02-07 07:56:18.543951,2021-02-07 07:56:34.365546,0 days 00:00:15.821595,0.015399800491281708,0.9375967007971947,0.1662266089277758,COMPLETE
2604,2604,0.6156682027649769,2021-02-07 07:56:34.366995,2021-02-07 07:56:50.285840,0 days 00:00:15.918845,0.02721653663438578,0.9407071824094488,0.1339736212162164,COMPLETE
2605,2605,0.5720430107526882,2021-02-07 07:56:50.287371,2021-02-07 07:57:11.452293,0 days 00:00:21.164922,0.033111276297776056,0.9393796386238624,0.17923936290949355,COMPLETE
2606,2606,0.5788018433179724,2021-02-07 07:57:11.453727,2021-02-07 07:57:22.164965,0 days 00:00:10.711238,0.0198787761873734,0.9434512063519053,0.19776279910693348,COMPLETE
2607,2607,0.5376344086021505,2021-02-07 07:57:22.166407,2021-02-07 07:57:33.516526,0 days 00:00:11.350119,0.08461516904865894,0.9422061171803379,0.13993823737687022,COMPLETE
2608,2608,0.5827956989247312,2021-02-07 07:57:33.517960,2021-02-07 07:57:44.356232,0 days 00:00:10.838272,0.031674601081418105,0.9360001320475821,0.17612948777100065,COMPLETE
2609,2609,0.5364055299539171,2021-02-07 07:57:44.357694,2021-02-07 07:57:55.339592,0 days 00:00:10.981898,0.023569441111031413,0.939389089880193,0.022807785388136433,COMPLETE
2610,2610,0.5870967741935483,2021-02-07 07:57:55.341027,2021-02-07 07:58:11.176886,0 days 00:00:15.835859,0.05376150364350039,0.9715769153547811,0.348933360776289,COMPLETE
2611,2611,0.5969278033794163,2021-02-07 07:58:11.178320,2021-02-07 07:58:27.185238,0 days 00:00:16.006918,0.026315657681601632,0.9434404756278112,0.15501482569290728,COMPLETE
2612,2612,0.5207373271889401,2021-02-07 07:58:27.186702,2021-02-07 07:58:38.082821,0 days 00:00:10.896119,0.03715965182708887,0.9632732235449283,0.24940338791888655,COMPLETE
2613,2613,0.6027649769585254,2021-02-07 07:58:38.084272,2021-02-07 07:58:54.366205,0 days 00:00:16.281933,0.07046702718183741,0.9377132763017836,0.1950581684333546,COMPLETE
2614,2614,0.584331797235023,2021-02-07 07:58:54.367659,2021-02-07 07:59:10.386532,0 days 00:00:16.018873,0.019103114560123678,0.9408160827806745,0.1657325075441834,COMPLETE
2615,2615,0.576036866359447,2021-02-07 07:59:10.387995,2021-02-07 07:59:21.409368,0 days 00:00:11.021373,0.056563550282733056,0.9577359896055901,0.27238708398617445,COMPLETE
2616,2616,0.5210445468509984,2021-02-07 07:59:21.410814,2021-02-07 07:59:37.311210,0 days 00:00:15.900396,0.09887440258203749,0.9416393730169461,0.2116732882392078,COMPLETE
2617,2617,0.5158218125960061,2021-02-07 07:59:37.312652,2021-02-07 07:59:48.696462,0 days 00:00:11.383810,0.00015751832161003035,0.938496113701749,0.14486679152311413,COMPLETE
2618,2618,0.4915514592933948,2021-02-07 07:59:48.697908,2021-02-07 07:59:59.107933,0 days 00:00:10.410025,2.423800788014816e-05,0.9685288691398676,0.2981969677001286,COMPLETE
2619,2619,0.5741935483870968,2021-02-07 07:59:59.109403,2021-02-07 08:00:09.903582,0 days 00:00:10.794179,0.04417749551208147,0.9647124491236819,0.3214300951904229,COMPLETE
2620,2620,0.620583717357911,2021-02-07 08:00:09.905030,2021-02-07 08:00:21.118331,0 days 00:00:11.213301,0.038535683869977445,0.9611329918372771,0.2246362001346463,COMPLETE
2621,2621,0.5465437788018433,2021-02-07 08:00:21.119775,2021-02-07 08:00:32.103438,0 days 00:00:10.983663,0.05050746907919057,0.945349828440848,0.2744431509326799,COMPLETE
2622,2622,0.6236559139784946,2021-02-07 08:00:32.104907,2021-02-07 08:00:48.310981,0 days 00:00:16.206074,0.03509443917344506,0.9455307985216778,0.2560466820735084,COMPLETE
2623,2623,0.5096774193548387,2021-02-07 08:00:48.312421,2021-02-07 08:00:59.537690,0 days 00:00:11.225269,0.03568298837689449,0.945810210513506,0.2342753327907898,COMPLETE
2624,2624,0.4878648233486943,2021-02-07 08:00:59.539160,2021-02-07 08:01:10.560607,0 days 00:00:11.021447,0.06917975384867844,0.9460022768505794,0.24462579599195683,COMPLETE
2625,2625,0.57357910906298,2021-02-07 08:01:10.562042,2021-02-07 08:01:26.536521,0 days 00:00:15.974479,0.0459512536031625,0.9449819271183804,0.2345352902140654,COMPLETE
2626,2626,0.5941628264208909,2021-02-07 08:01:26.537978,2021-02-07 08:01:37.291675,0 days 00:00:10.753697,0.058071718124321436,0.9458690334384435,0.22060795356265026,COMPLETE
2627,2627,0.49953917050691243,2021-02-07 08:01:37.293128,2021-02-07 08:01:48.252438,0 days 00:00:10.959310,0.034036443828519274,0.9457382212632399,0.22222804138235294,COMPLETE
2628,2628,0.5529953917050692,2021-02-07 08:01:48.253905,2021-02-07 08:01:59.122125,0 days 00:00:10.868220,0.042839276531763774,0.9440881616008312,0.24659624340664277,COMPLETE
2629,2629,0.5674347158218126,2021-02-07 08:01:59.123581,2021-02-07 08:02:14.922474,0 days 00:00:15.798893,0.08465370533181181,0.9457556090442059,0.21779858110981265,COMPLETE
2630,2630,0.5754224270353303,2021-02-07 08:02:14.923928,2021-02-07 08:02:26.203058,0 days 00:00:11.279130,0.03376335351168489,0.944742306639227,0.2509381782016004,COMPLETE
2631,2631,0.578494623655914,2021-02-07 08:02:26.204507,2021-02-07 08:02:37.439232,0 days 00:00:11.234725,0.07397446549981915,0.9446122647390719,0.2332159752805885,COMPLETE
2632,2632,0.565284178187404,2021-02-07 08:02:37.440674,2021-02-07 08:02:48.411092,0 days 00:00:10.970418,0.04326376047738503,0.9462243796492452,0.20640761256108087,COMPLETE
2633,2633,0.5831029185867895,2021-02-07 08:02:48.412543,2021-02-07 08:02:59.425269,0 days 00:00:11.012726,0.05282953153018154,0.9446722947646837,0.2579595190258173,COMPLETE
2634,2634,0.5698924731182796,2021-02-07 08:02:59.426734,2021-02-07 08:03:09.968311,0 days 00:00:10.541577,0.03859033793264423,0.9443107824054687,0.2369015284182407,COMPLETE
2635,2635,0.5846390168970814,2021-02-07 08:03:09.969775,2021-02-07 08:03:20.888507,0 days 00:00:10.918732,0.061380178472188116,0.9429842576764674,0.21700326037156464,COMPLETE
2636,2636,0.5244239631336406,2021-02-07 08:03:20.889971,2021-02-07 08:03:32.094707,0 days 00:00:11.204736,0.09954079305827547,0.9440438853167163,0.21004517363754588,COMPLETE
2637,2637,0.5769585253456221,2021-02-07 08:03:32.096157,2021-02-07 08:03:48.126448,0 days 00:00:16.030291,0.03325703615079482,0.974966017402478,0.19535452049652866,COMPLETE
2638,2638,0.5769585253456221,2021-02-07 08:03:48.127914,2021-02-07 08:03:58.915940,0 days 00:00:10.788026,0.04608838660949566,0.9459133181710615,0.25596925012715227,COMPLETE
2639,2639,0.5231950844854071,2021-02-07 08:03:58.917400,2021-02-07 08:04:15.114671,0 days 00:00:16.197271,0.06991631848000299,0.9428906608381008,0.22794836469520455,COMPLETE
2640,2640,0.36804915514592934,2021-02-07 08:04:15.116116,2021-02-07 08:04:35.771619,0 days 00:00:20.655503,0.0005078223728542907,0.9464741471987536,0.19255165791523446,COMPLETE
2641,2641,0.6178187403993856,2021-02-07 08:04:35.773074,2021-02-07 08:04:52.028245,0 days 00:00:16.255171,0.03468231110165153,0.9437826918427447,0.24314052198771158,COMPLETE
