,number,value,datetime_start,datetime_complete,duration,params_lr,params_scheduler_gamma,params_weight_decay,state
2016,2016,0.6012288786482335,2021-02-07 05:40:41.444056,2021-02-07 05:40:57.713724,0 days 00:00:16.269668,0.03636469587996787,0.9459946722826296,0.23880102365658534,COMPLETE
2017,2017,0.5634408602150538,2021-02-07 05:40:57.714940,2021-02-07 05:41:13.567674,0 days 00:00:15.852734,0.052172742267363265,0.9650692989199614,0.30979756789903784,COMPLETE
2018,2018,0.5987711213517665,2021-02-07 05:41:13.568872,2021-02-07 05:41:24.337008,0 days 00:00:10.768136,0.022077394246634838,0.9406354420489271,0.21059450769410423,COMPLETE
2019,2019,0.5158218125960061,2021-02-07 05:41:24.338201,2021-02-07 05:41:35.134640,0 days 00:00:10.796439,0.0407335520245705,0.9369095816581902,0.2885556735108625,COMPLETE
2020,2020,0.6168970814132104,2021-02-07 05:41:35.135834,2021-02-07 05:41:50.973524,0 days 00:00:15.837690,0.09995676512796145,0.9488041721142768,0.25258071073385274,COMPLETE
2021,2021,0.5299539170506913,2021-02-07 05:41:50.974728,2021-02-07 05:42:06.605201,0 days 00:00:15.630473,0.0646923423967492,0.9444707449786595,0.04985996646644674,COMPLETE
2022,2022,0.5947772657450077,2021-02-07 05:42:06.606385,2021-02-07 05:42:17.466159,0 days 00:00:10.859774,0.015637047466529892,0.9421300210031459,0.27248541487372857,COMPLETE
2023,2023,0.5996927803379416,2021-02-07 05:42:17.467377,2021-02-07 05:42:38.400858,0 days 00:00:20.933481,0.032555926187051776,0.9515758908771178,0.17262295243429207,COMPLETE
2024,2024,0.5321044546850998,2021-02-07 05:42:38.402061,2021-02-07 05:42:49.258592,0 days 00:00:10.856531,0.025233227233682577,0.9331664149379536,0.09709884376470998,COMPLETE
2025,2025,0.5133640552995392,2021-02-07 05:42:49.259804,2021-02-07 05:43:05.342911,0 days 00:00:16.083107,0.04660631919821403,0.9388706193074083,0.15559382937544441,COMPLETE
2026,2026,0.5016897081413211,2021-02-07 05:43:05.344102,2021-02-07 05:43:16.650301,0 days 00:00:11.306199,0.05646110778842037,0.9538283129834724,0.19422223669451438,COMPLETE
2027,2027,0.5953917050691244,2021-02-07 05:43:16.651510,2021-02-07 05:43:32.783395,0 days 00:00:16.131885,0.01981044941757803,0.9460902589214052,0.14455913168862655,COMPLETE
2028,2028,0.5480798771121351,2021-02-07 05:43:32.784596,2021-02-07 05:43:48.794250,0 days 00:00:16.009654,0.030340197635013895,0.9498668926495886,0.32952402042956797,COMPLETE
2029,2029,0.6012288786482335,2021-02-07 05:43:48.795455,2021-02-07 05:43:59.701550,0 days 00:00:10.906095,0.07459500413743317,0.9360584424040016,0.2139653737404904,COMPLETE
2030,2030,0.5763440860215053,2021-02-07 05:43:59.702763,2021-02-07 05:44:10.683561,0 days 00:00:10.980798,0.03907402498355275,0.9403957760910785,0.2384490084526097,COMPLETE
2031,2031,0.5751152073732719,2021-02-07 05:44:10.684760,2021-02-07 05:44:21.675496,0 days 00:00:10.990736,0.013996638280752446,0.9440000430961439,0.28577885529199015,COMPLETE
2032,2032,0.6233486943164362,2021-02-07 05:44:21.676696,2021-02-07 05:44:37.257965,0 days 00:00:15.581269,0.024415870360001993,0.9552512165778384,0.18010170614511942,COMPLETE
2033,2033,0.6104454685099846,2021-02-07 05:44:37.259177,2021-02-07 05:44:58.136660,0 days 00:00:20.877483,0.0178088581777721,0.9673525143154061,0.17514909507590126,COMPLETE
2034,2034,0.5723502304147465,2021-02-07 05:44:58.137869,2021-02-07 05:45:19.434036,0 days 00:00:21.296167,0.025404129157196562,0.9489755070382316,0.18229893683792353,COMPLETE
2035,2035,0.5551459293394777,2021-02-07 05:45:19.435259,2021-02-07 05:45:30.457416,0 days 00:00:11.022157,0.02217261151822976,0.947310938795511,0.18250291804947175,COMPLETE
2036,2036,0.6027649769585254,2021-02-07 05:45:30.458633,2021-02-07 05:45:46.637307,0 days 00:00:16.178674,0.024156335097055864,0.9379520221223336,0.17185041016681138,COMPLETE
2037,2037,0.5517665130568357,2021-02-07 05:45:46.638505,2021-02-07 05:46:07.630854,0 days 00:00:20.992349,0.018289057810614545,0.9415194334586258,0.16229529308859508,COMPLETE
2038,2038,0.5680491551459294,2021-02-07 05:46:07.632052,2021-02-07 05:46:23.908237,0 days 00:00:16.276185,0.036371706955238226,0.9587418368014122,0.18914955292261373,COMPLETE
2039,2039,0.42242703533026116,2021-02-07 05:46:23.909444,2021-02-07 05:46:35.269390,0 days 00:00:11.359946,0.02984026062583271,0.9575619170565158,0.19345574345359168,COMPLETE
2040,2040,0.6079877112135177,2021-02-07 05:46:35.270595,2021-02-07 05:46:45.933992,0 days 00:00:10.663397,0.03409630516424822,0.9568238825709541,0.16452456615292885,COMPLETE
2041,2041,0.6015360983102919,2021-02-07 05:46:45.935210,2021-02-07 05:47:06.883323,0 days 00:00:20.948113,0.04564966286861924,0.9606287835926849,0.1734318735364455,COMPLETE
2042,2042,0.576036866359447,2021-02-07 05:47:06.884536,2021-02-07 05:47:32.612645,0 days 00:00:25.728109,0.019716885345724706,0.9521762033380041,0.153380367159237,COMPLETE
2043,2043,0.5978494623655914,2021-02-07 05:47:32.613860,2021-02-07 05:47:43.738696,0 days 00:00:11.124836,0.022019300929438528,0.9440948173880525,0.18082435764942925,COMPLETE
2044,2044,0.576036866359447,2021-02-07 05:47:43.739921,2021-02-07 05:47:59.916587,0 days 00:00:16.176666,0.040820698977643566,0.9569377785246903,0.1646197979914003,COMPLETE
2045,2045,0.541321044546851,2021-02-07 05:47:59.917786,2021-02-07 05:48:11.449742,0 days 00:00:11.531956,0.015297993201293577,0.9351097578362654,0.1971344377053473,COMPLETE
2046,2046,0.5858678955453149,2021-02-07 05:48:11.450962,2021-02-07 05:48:22.391166,0 days 00:00:10.940204,0.057162128002440436,0.9592625576839384,0.17769538947838348,COMPLETE
2047,2047,0.5505376344086022,2021-02-07 05:48:22.392374,2021-02-07 05:48:33.163519,0 days 00:00:10.771145,0.02495491181713107,0.9635239150453383,0.14912987598414604,COMPLETE
2048,2048,0.5745007680491552,2021-02-07 05:48:33.164722,2021-02-07 05:48:44.456204,0 days 00:00:11.291482,0.02011167298177854,0.9460143588197458,0.18475144337471508,COMPLETE
2049,2049,0.5490015360983103,2021-02-07 05:48:44.457423,2021-02-07 05:48:55.645080,0 days 00:00:11.187657,0.02690197220422995,0.9502017792212087,0.13478615872522692,COMPLETE
2050,2050,0.5259600614439324,2021-02-07 05:48:55.646292,2021-02-07 05:49:06.785147,0 days 00:00:11.138855,0.03212248485341071,0.9563219721957636,0.1613761141383593,COMPLETE
2051,2051,0.5631336405529954,2021-02-07 05:49:06.786355,2021-02-07 05:49:23.194752,0 days 00:00:16.408397,0.01737184508124426,0.9427632143610587,0.20103866322443814,COMPLETE
2052,2052,0.581874039938556,2021-02-07 05:49:23.195959,2021-02-07 05:49:33.963702,0 days 00:00:10.767743,0.04955878084120763,0.9590373865028351,0.17013857616963485,COMPLETE
2053,2053,0.5751152073732719,2021-02-07 05:49:33.964926,2021-02-07 05:49:44.836874,0 days 00:00:10.871948,0.06453857099935532,0.9551760887844652,0.1924919582858885,COMPLETE
2054,2054,0.4187403993855607,2021-02-07 05:49:44.838076,2021-02-07 05:50:00.729931,0 days 00:00:15.891855,0.023982356716203152,0.9396267411811153,0.15658116134261602,COMPLETE
2055,2055,0.5394777265745008,2021-02-07 05:50:00.731145,2021-02-07 05:50:17.053497,0 days 00:00:16.322352,0.0220219473782714,0.9378751525292686,0.18126100909485904,COMPLETE
2056,2056,0.578494623655914,2021-02-07 05:50:17.054718,2021-02-07 05:50:27.545812,0 days 00:00:10.491094,0.03703323044295479,0.9618281293486375,0.197773258094434,COMPLETE
2057,2057,0.5198156682027649,2021-02-07 05:50:27.547128,2021-02-07 05:50:43.572767,0 days 00:00:16.025639,0.01681801640717533,0.9419071507039699,0.16648238200682916,COMPLETE
2058,2058,0.5812596006144394,2021-02-07 05:50:43.573973,2021-02-07 05:50:59.594971,0 days 00:00:16.020998,0.0285110703696388,0.9478460085875421,0.15084120625205932,COMPLETE
2059,2059,0.4835637480798771,2021-02-07 05:50:59.596181,2021-02-07 05:51:15.722230,0 days 00:00:16.126049,0.012064061505942629,0.9722086386066754,0.18249903317297805,COMPLETE
2060,2060,0.5720430107526882,2021-02-07 05:51:15.723465,2021-02-07 05:51:26.697528,0 days 00:00:10.974063,0.0777647560682093,0.9647834303972443,0.2069220837119499,COMPLETE
2061,2061,0.6012288786482335,2021-02-07 05:51:26.698748,2021-02-07 05:51:37.570715,0 days 00:00:10.871967,0.021274007290238386,0.9454956990303555,0.1690288790870769,COMPLETE
2062,2062,0.4525345622119816,2021-02-07 05:51:37.571927,2021-02-07 05:51:48.554300,0 days 00:00:10.982373,0.04402485707077767,0.955584595081025,0.2077127922818294,COMPLETE
2063,2063,0.5262672811059907,2021-02-07 05:51:48.555530,2021-02-07 05:52:04.907217,0 days 00:00:16.351687,0.007976167695397381,0.9332838193750352,0.14670103445543262,COMPLETE
2064,2064,0.5296466973886329,2021-02-07 05:52:04.908429,2021-02-07 05:52:15.549978,0 days 00:00:10.641549,0.0533194011857606,0.9632779323222875,0.18548184465713352,COMPLETE
2065,2065,0.6073732718894009,2021-02-07 05:52:15.551198,2021-02-07 05:52:26.130204,0 days 00:00:10.579006,0.03278414534348719,0.9577896190522546,0.13260608331348667,COMPLETE
2066,2066,0.5898617511520737,2021-02-07 05:52:26.131430,2021-02-07 05:52:42.099549,0 days 00:00:15.968119,0.0388124514282748,0.9555029228308796,0.19675317912784795,COMPLETE
2067,2067,0.4236559139784946,2021-02-07 05:52:42.100767,2021-02-07 05:52:52.783619,0 days 00:00:10.682852,0.000188735339001419,0.9612686322066287,0.15422564807705064,COMPLETE
2068,2068,0.5695852534562212,2021-02-07 05:52:52.784836,2021-02-07 05:53:13.533456,0 days 00:00:20.748620,0.058666314517043336,0.9540147881819424,0.1675933990483274,COMPLETE
2069,2069,0.580952380952381,2021-02-07 05:53:13.534678,2021-02-07 05:53:24.391578,0 days 00:00:10.856900,0.024403737980449557,0.940351568906373,0.1861339662188215,COMPLETE
2070,2070,0.6141321044546851,2021-02-07 05:53:24.392793,2021-02-07 05:53:35.689339,0 days 00:00:11.296546,0.04501375483906624,0.9593726089803206,0.1423590605515543,COMPLETE
2071,2071,0.5692780337941629,2021-02-07 05:53:35.690558,2021-02-07 05:53:51.402784,0 days 00:00:15.712226,0.009625788347529644,0.9510654420261865,0.17517476544501576,COMPLETE
2072,2072,0.5631336405529954,2021-02-07 05:53:51.404013,2021-02-07 05:54:02.468921,0 days 00:00:11.064908,0.02582799199240986,0.9370720864925709,0.022015029800836427,COMPLETE
2073,2073,0.570199692780338,2021-02-07 05:54:02.470122,2021-02-07 05:54:13.506809,0 days 00:00:11.036687,0.02877396823618356,0.9484181145431537,0.20141605160354004,COMPLETE
2074,2074,0.533026113671275,2021-02-07 05:54:13.508027,2021-02-07 05:54:29.508231,0 days 00:00:16.000204,0.0718589800572706,0.9569274927147506,0.1580727511424444,COMPLETE
2075,2075,0.5929339477726574,2021-02-07 05:54:29.509463,2021-02-07 05:54:40.394579,0 days 00:00:10.885116,0.08526687802552618,0.9603397568271018,0.21497013888683475,COMPLETE
2076,2076,0.5824884792626728,2021-02-07 05:54:40.395818,2021-02-07 05:54:51.210818,0 days 00:00:10.815000,0.021183368148864165,0.9433201340890617,0.17414967210938756,COMPLETE
2077,2077,0.5588325652841782,2021-02-07 05:54:51.212034,2021-02-07 05:55:07.024962,0 days 00:00:15.812928,0.03774214179259777,0.9546097066246598,0.02721133390516003,COMPLETE
2078,2078,0.4783410138248848,2021-02-07 05:55:07.026181,2021-02-07 05:55:22.765434,0 days 00:00:15.739253,0.050562167946607894,0.9584923671547416,0.20785542358823647,COMPLETE
2079,2079,0.5803379416282642,2021-02-07 05:55:22.766674,2021-02-07 05:55:34.148497,0 days 00:00:11.381823,0.014985722647339885,0.9383151017992313,0.16395164892409542,COMPLETE
2080,2080,0.6264208909370199,2021-02-07 05:55:34.149722,2021-02-07 05:55:45.096716,0 days 00:00:10.946994,0.06159832981697471,0.9691548107635065,0.18364808306070654,COMPLETE
2081,2081,0.6070660522273426,2021-02-07 05:55:45.097945,2021-02-07 05:55:55.837750,0 days 00:00:10.739805,0.033783819715040776,0.9680894560229804,0.19279119603257117,COMPLETE
2082,2082,0.4869431643625192,2021-02-07 05:55:55.838988,2021-02-07 05:56:07.002785,0 days 00:00:11.163797,0.04347938638385247,0.9727549042814025,0.17605478952471146,COMPLETE
2083,2083,0.6116743471582181,2021-02-07 05:56:07.004008,2021-02-07 05:56:18.011429,0 days 00:00:11.007421,0.059179414953232895,0.971569122652717,0.19331887730104141,COMPLETE
2084,2084,0.5606758832565284,2021-02-07 05:56:18.012653,2021-02-07 05:56:38.989592,0 days 00:00:20.976939,0.031992110473860566,0.9674759894178612,0.17686948017055237,COMPLETE
2085,2085,0.4559139784946237,2021-02-07 05:56:38.990823,2021-02-07 05:56:55.557653,0 days 00:00:16.566830,0.04886273230484616,0.9694561206105735,0.18434998376631453,COMPLETE
2086,2086,0.6018433179723502,2021-02-07 05:56:55.558894,2021-02-07 05:57:07.079216,0 days 00:00:11.520322,0.04009124844075572,0.9402940869119873,0.1659978438098091,COMPLETE
2087,2087,0.49216589861751153,2021-02-07 05:57:07.080442,2021-02-07 05:57:18.188823,0 days 00:00:11.108381,0.06083312877092198,0.9691864667031956,0.18241734010790378,COMPLETE
2088,2088,0.5969278033794163,2021-02-07 05:57:18.190045,2021-02-07 05:57:29.216168,0 days 00:00:11.026123,0.03482099125552846,0.9758824235095607,0.16400248494994402,COMPLETE
2089,2089,0.5053763440860215,2021-02-07 05:57:29.217391,2021-02-07 05:57:45.493148,0 days 00:00:16.275757,0.04911451783425402,0.9646092881159556,0.19145835609292422,COMPLETE
2090,2090,0.45806451612903226,2021-02-07 05:57:45.494372,2021-02-07 05:58:01.469588,0 days 00:00:15.975216,0.030214664196446268,0.9677321847365316,0.15628620966780335,COMPLETE
2091,2091,0.5170506912442396,2021-02-07 05:58:01.470827,2021-02-07 05:58:12.533831,0 days 00:00:11.063004,0.042605003057089585,0.9714667942884407,0.1800968741674304,COMPLETE
2092,2092,0.6036866359447005,2021-02-07 05:58:12.535052,2021-02-07 05:58:23.600097,0 days 00:00:11.065045,0.07144030172980745,0.9715270474449959,0.1462709454280661,COMPLETE
2093,2093,0.5259600614439324,2021-02-07 05:58:23.601327,2021-02-07 05:58:39.674200,0 days 00:00:16.072873,0.05069127794678173,0.9708311447531619,0.20040335695861056,COMPLETE
2094,2094,0.5447004608294931,2021-02-07 05:58:39.675432,2021-02-07 05:58:50.891305,0 days 00:00:11.215873,0.037458765429493314,0.9695646015974787,0.16945730698631492,COMPLETE
2095,2095,0.6135176651305684,2021-02-07 05:58:50.892533,2021-02-07 05:59:02.291833,0 days 00:00:11.399300,0.02901373509794506,0.9731410103215175,0.18863061477854196,COMPLETE
2096,2096,0.6036866359447005,2021-02-07 05:59:02.293061,2021-02-07 05:59:18.456566,0 days 00:00:16.163505,0.05780327771858657,0.9709804934315983,0.1558011943940304,COMPLETE
2097,2097,0.5244239631336406,2021-02-07 05:59:18.457796,2021-02-07 05:59:29.216603,0 days 00:00:10.758807,0.06630587567366818,0.9690363331010481,0.18004681024267963,COMPLETE
2098,2098,0.5858678955453149,2021-02-07 05:59:29.217831,2021-02-07 05:59:44.991238,0 days 00:00:15.773407,0.042857490790351546,0.9681234282133773,0.20061878050096188,COMPLETE
2099,2099,0.5987711213517665,2021-02-07 05:59:44.992474,2021-02-07 05:59:55.976638,0 days 00:00:10.984164,0.034370860825650516,0.9717243602432064,0.16817456172495765,COMPLETE
2100,2100,0.5619047619047619,2021-02-07 05:59:55.977866,2021-02-07 06:00:11.850554,0 days 00:00:15.872688,0.09940575126233385,0.9697512971912656,0.13806314691336866,COMPLETE
2101,2101,0.5705069124423963,2021-02-07 06:00:11.851778,2021-02-07 06:00:22.911411,0 days 00:00:11.059633,0.05298753251201674,0.9690779840390711,0.18645828696481762,COMPLETE
2102,2102,0.6190476190476191,2021-02-07 06:00:22.912642,2021-02-07 06:00:34.202467,0 days 00:00:11.289825,0.0025375813857829435,0.968063056784833,0.16005986389436153,COMPLETE
2103,2103,0.5898617511520737,2021-02-07 06:00:34.203706,2021-02-07 06:00:50.191803,0 days 00:00:15.988097,0.02925874185599934,0.9674883344144006,0.20828811736770833,COMPLETE
2104,2104,0.6015360983102919,2021-02-07 06:00:50.193043,2021-02-07 06:01:06.220851,0 days 00:00:16.027808,0.041520255976586255,0.9665206309720469,0.17409902102276695,COMPLETE
2105,2105,0.5680491551459294,2021-02-07 06:01:06.222075,2021-02-07 06:01:21.986347,0 days 00:00:15.764272,0.06597126644497647,0.9673080145737774,0.19146796273623345,COMPLETE
2106,2106,0.5923195084485408,2021-02-07 06:01:21.987584,2021-02-07 06:01:38.011135,0 days 00:00:16.023551,0.03426376175399531,0.9655379561711014,0.15298196258089986,COMPLETE
2107,2107,0.5207373271889401,2021-02-07 06:01:38.012371,2021-02-07 06:01:53.504518,0 days 00:00:15.492147,0.027987389023750562,0.9687785154819532,0.018561052142284016,COMPLETE
2108,2108,0.5947772657450077,2021-02-07 06:01:53.505737,2021-02-07 06:02:04.462228,0 days 00:00:10.956491,0.08712672995008902,0.9742590930483905,0.17344025282430756,COMPLETE
2109,2109,0.5563748079877112,2021-02-07 06:02:04.463464,2021-02-07 06:02:15.741609,0 days 00:00:11.278145,0.04859016894887056,0.9701997484069045,0.01641546758486222,COMPLETE
2110,2110,0.5474654377880185,2021-02-07 06:02:15.742863,2021-02-07 06:02:31.838287,0 days 00:00:16.095424,0.0368070656283761,0.972979337379352,0.20502502595635327,COMPLETE
2111,2111,0.4986175115207373,2021-02-07 06:02:31.839524,2021-02-07 06:02:47.545028,0 days 00:00:15.705504,0.05526025323488753,0.9708588080503718,0.14574114604528143,COMPLETE
2112,2112,0.5606758832565284,2021-02-07 06:02:47.546262,2021-02-07 06:02:58.701620,0 days 00:00:11.155358,0.043039767911647736,0.9660658149064444,0.16294279622236432,COMPLETE
2113,2113,0.6285714285714286,2021-02-07 06:02:58.702862,2021-02-07 06:03:14.898473,0 days 00:00:16.195611,0.02882976766609905,0.9708612791691867,0.18684663953013558,COMPLETE
2114,2114,0.5717357910906298,2021-02-07 06:03:14.899729,2021-02-07 06:03:26.176742,0 days 00:00:11.277013,0.026250513693836075,0.9698225082133252,0.19111599668134854,COMPLETE
2115,2115,0.49708141321044547,2021-02-07 06:03:26.177989,2021-02-07 06:03:42.303317,0 days 00:00:16.125328,0.026695220125487966,0.9730450211786956,0.18447125740635306,COMPLETE
2116,2116,0.5910906298003072,2021-02-07 06:03:42.304557,2021-02-07 06:03:53.389525,0 days 00:00:11.084968,0.029477515933947308,0.9745237895004609,0.17667808082065925,COMPLETE
2117,2117,0.6076804915514593,2021-02-07 06:03:53.390762,2021-02-07 06:04:09.345387,0 days 00:00:15.954625,0.0268573294070522,0.9692051040028936,0.20001386668386836,COMPLETE
2118,2118,0.5781874039938556,2021-02-07 06:04:09.346627,2021-02-07 06:04:20.182138,0 days 00:00:10.835511,0.02412701995773064,0.9678930178114262,0.19110122323135054,COMPLETE
2119,2119,0.5658986175115207,2021-02-07 06:04:20.183404,2021-02-07 06:04:36.102385,0 days 00:00:15.918981,0.029812374180925857,0.9700546920199598,0.16467008721720117,COMPLETE
2120,2120,0.5250384024577573,2021-02-07 06:04:36.103645,2021-02-07 06:04:47.290331,0 days 00:00:11.186686,0.030747867466033432,0.9692567938479144,0.18252435513729948,COMPLETE
2121,2121,0.5268817204301075,2021-02-07 06:04:47.291592,2021-02-07 06:04:57.970970,0 days 00:00:10.679378,0.02278025996480369,0.9699643202561531,0.1774531902563914,COMPLETE
2122,2122,0.5689708141321045,2021-02-07 06:04:57.972215,2021-02-07 06:05:08.606845,0 days 00:00:10.634630,0.026632222000930746,0.97218236716585,0.1946915649123883,COMPLETE
2123,2123,0.6030721966205838,2021-02-07 06:05:08.608097,2021-02-07 06:05:24.840222,0 days 00:00:16.232125,0.0331855087019428,0.9747314545107126,0.17507124690011044,COMPLETE
2124,2124,0.4967741935483871,2021-02-07 06:05:24.841449,2021-02-07 06:05:35.907737,0 days 00:00:11.066288,0.0313476999244505,0.9745330029961541,0.16326874642623676,COMPLETE
2125,2125,0.5791090629800307,2021-02-07 06:05:35.908983,2021-02-07 06:05:46.843704,0 days 00:00:10.934721,0.02445857370452085,0.9725223606563781,0.17177699238728672,COMPLETE
2126,2126,0.5867895545314901,2021-02-07 06:05:46.844943,2021-02-07 06:06:02.695447,0 days 00:00:15.850504,0.02330464710598512,0.9725620276153646,0.20454405475123005,COMPLETE
2127,2127,0.5772657450076805,2021-02-07 06:06:02.696682,2021-02-07 06:06:18.843295,0 days 00:00:16.146613,0.031213674883161423,0.9719571368180603,0.1901622136238183,COMPLETE
2128,2128,0.5274961597542243,2021-02-07 06:06:18.844551,2021-02-07 06:06:34.892526,0 days 00:00:16.047975,0.02121026937269977,0.9703655396576866,0.20328606195220097,COMPLETE
2129,2129,0.5385560675883256,2021-02-07 06:06:34.893772,2021-02-07 06:06:45.901050,0 days 00:00:11.007278,0.02743130566094037,0.9662821596756163,0.15489139648037542,COMPLETE
2130,2130,0.5665130568356375,2021-02-07 06:06:45.902291,2021-02-07 06:06:56.684913,0 days 00:00:10.782622,0.03320127809847971,0.9698906441651242,0.18513981517593434,COMPLETE
2131,2131,0.6055299539170507,2021-02-07 06:06:56.686182,2021-02-07 06:07:13.094505,0 days 00:00:16.408323,0.035320956398038755,0.9728456944975091,0.16671583927322747,COMPLETE
2132,2132,0.5960061443932412,2021-02-07 06:07:13.095760,2021-02-07 06:07:29.233322,0 days 00:00:16.137562,0.026949759449894972,0.9705959683324697,0.14313480286912952,COMPLETE
2133,2133,0.5207373271889401,2021-02-07 06:07:29.234570,2021-02-07 06:07:45.534929,0 days 00:00:16.300359,0.021359822960848252,0.9716918964166563,0.19474041486028995,COMPLETE
2134,2134,0.6086021505376344,2021-02-07 06:07:45.536180,2021-02-07 06:07:56.712807,0 days 00:00:11.176627,0.035178616217670045,0.9709182035851455,0.17940122094362915,COMPLETE
2135,2135,0.5788018433179724,2021-02-07 06:07:56.714045,2021-02-07 06:08:17.875261,0 days 00:00:21.161216,0.019673321495186535,0.966584507723417,0.1548885473876592,COMPLETE
2136,2136,0.5732718894009217,2021-02-07 06:08:17.876519,2021-02-07 06:08:39.080512,0 days 00:00:21.203993,0.02572809530271379,0.9762490338096176,0.20875350254693925,COMPLETE
2137,2137,0.5797235023041475,2021-02-07 06:08:39.081756,2021-02-07 06:08:50.494375,0 days 00:00:11.412619,0.03712759603309841,0.9734224229244449,0.04058046089031838,COMPLETE
2138,2138,0.4964669738863287,2021-02-07 06:08:50.495641,2021-02-07 06:09:06.438472,0 days 00:00:15.942831,0.02925931506927886,0.9686383297196407,0.17026965097992106,COMPLETE
2139,2139,0.6003072196620584,2021-02-07 06:09:06.439734,2021-02-07 06:09:17.311015,0 days 00:00:10.871281,0.03564594119001941,0.9672174408020263,0.18938803885362823,COMPLETE
2140,2140,0.5013824884792627,2021-02-07 06:09:17.312266,2021-02-07 06:09:32.955791,0 days 00:00:15.643525,0.023954532871128156,0.9679487677485769,0.20829561172456423,COMPLETE
