,number,value,datetime_start,datetime_complete,duration,params_lr,params_nl2,params_num_ct,params_scheduler_gamma,params_sigma2,params_weight_decay,state
2952,2952,0.46543778801843316,2021-02-08 22:17:59.984809,2021-02-08 22:18:11.465919,0 days 00:00:11.481110,0.0001736213181937695,11,6,0.9518654166774511,20,0.019798054489994502,COMPLETE
2953,2953,,2021-02-08 22:18:11.467643,2021-02-08 22:18:12.150667,0 days 00:00:00.683024,0.00013737974045203777,11,0,0.9554787165382047,20,0.016833443394151798,FAIL
2954,2954,0.40368663594470044,2021-02-08 22:18:12.151828,2021-02-08 22:18:28.554934,0 days 00:00:16.403106,0.00013098290571810222,11,8,0.9458129736038121,20,0.01642847499428649,COMPLETE
2955,2955,0.44946236559139785,2021-02-08 22:18:28.556655,2021-02-08 22:18:44.598735,0 days 00:00:16.042080,0.00011482299365156009,11,4,0.950564760183445,20,0.02212200493934905,COMPLETE
2956,2956,0.5827956989247312,2021-02-08 22:18:44.600430,2021-02-08 22:18:55.623139,0 days 00:00:11.022709,0.0002043055411900024,11,2,0.9548408013080865,20,0.01811467865110713,COMPLETE
2957,2957,,2021-02-08 22:18:55.624835,2021-02-08 22:18:56.303814,0 days 00:00:00.678979,0.0002320120524174987,13,0,0.9566924734489821,20,0.024714321037883322,FAIL
2958,2958,0.41935483870967744,2021-02-08 22:18:56.305790,2021-02-08 22:19:07.466320,0 days 00:00:11.160530,0.0002772634461754732,13,8,0.9534459078985151,20,0.10000019318420966,COMPLETE
2959,2959,,2021-02-08 22:19:07.468046,2021-02-08 22:19:08.140771,0 days 00:00:00.672725,0.00024664060412394337,11,0,0.9560085252801215,16,0.025872594843019403,FAIL
2960,2960,,2021-02-08 22:19:08.142846,2021-02-08 22:19:08.804983,0 days 00:00:00.662137,0.0002493902446761937,11,0,0.9306722223192326,16,0.02512567129629739,FAIL
2961,2961,,2021-02-08 22:19:08.806250,2021-02-08 22:19:09.480201,0 days 00:00:00.673951,0.0002356137462762611,11,0,0.9556918625190841,16,0.023557070549725195,FAIL
2962,2962,,2021-02-08 22:19:09.482178,2021-02-08 22:19:10.180311,0 days 00:00:00.698133,0.00015653109241891137,11,0,0.9584221034006244,16,0.026268230386569905,FAIL
2963,2963,0.3932411674347158,2021-02-08 22:19:10.182319,2021-02-08 22:19:21.578037,0 days 00:00:11.395718,0.00024651776143949574,11,8,0.9572769589819973,16,0.025457026323204224,COMPLETE
2964,2964,,2021-02-08 22:19:21.579765,2021-02-08 22:19:22.260380,0 days 00:00:00.680615,0.00015476307043134672,9,0,0.9781319948560462,20,0.03679669481201442,FAIL
2965,2965,0.5121351766513057,2021-02-08 22:19:22.261606,2021-02-08 22:19:38.927975,0 days 00:00:16.666369,0.00015284829330983486,9,8,0.9602346147928936,20,0.01293369098107077,COMPLETE
2966,2966,,2021-02-08 22:19:38.929698,2021-02-08 22:19:39.604935,0 days 00:00:00.675237,2.1167608120699226e-05,17,0,0.9898512776471057,18,0.037373156210229,FAIL
2967,2967,,2021-02-08 22:19:39.606111,2021-02-08 22:19:40.296098,0 days 00:00:00.689987,0.0004630657399111848,17,0,0.9825610247547591,18,0.02333905122360572,FAIL
2968,2968,,2021-02-08 22:19:40.297289,2021-02-08 22:19:40.950071,0 days 00:00:00.652782,7.96129486588575e-05,17,0,0.9788401729321369,18,0.030239386967318965,FAIL
2969,2969,0.556989247311828,2021-02-08 22:19:40.951266,2021-02-08 22:19:52.250789,0 days 00:00:11.299523,2.2120868713038192e-05,17,8,0.9318579008858977,18,0.02241080877715578,COMPLETE
2970,2970,0.37849462365591396,2021-02-08 22:19:52.252540,2021-02-08 22:20:03.742580,0 days 00:00:11.490040,0.000465455019096527,9,8,0.9897651375335607,20,0.03704857641839179,COMPLETE
2971,2971,,2021-02-08 22:20:03.744286,2021-02-08 22:20:04.430601,0 days 00:00:00.686315,0.00035797324838305824,13,0,0.9821303250759882,16,0.02882948141141956,FAIL
2972,2972,,2021-02-08 22:20:04.431774,2021-02-08 22:20:05.114918,0 days 00:00:00.683144,0.00035939223170516996,5,0,0.9822348374960718,16,0.4614920835930892,FAIL
2973,2973,,2021-02-08 22:20:05.116947,2021-02-08 22:20:05.802560,0 days 00:00:00.685613,0.0003525972621093768,5,0,0.9782891099813874,16,0.4650488317698146,FAIL
2974,2974,,2021-02-08 22:20:05.804643,2021-02-08 22:20:06.492647,0 days 00:00:00.688004,0.00035984349406719855,5,0,0.9823491145465664,16,0.02996277239243971,FAIL
2975,2975,,2021-02-08 22:20:06.493795,2021-02-08 22:20:07.150904,0 days 00:00:00.657109,0.00036696853347704294,5,0,0.9554520888422451,16,0.030229600448349707,FAIL
2976,2976,0.391705069124424,2021-02-08 22:20:07.152016,2021-02-08 22:20:18.061569,0 days 00:00:10.909553,8.179771687273339e-05,5,6,0.9781760569632564,16,0.030218743400052196,COMPLETE
2977,2977,,2021-02-08 22:20:18.063319,2021-02-08 22:20:18.877896,0 days 00:00:00.814577,0.0003776481044996459,7,0,0.9819629628116263,18,0.025159788584046338,FAIL
2978,2978,,2021-02-08 22:20:18.879105,2021-02-08 22:20:19.553043,0 days 00:00:00.673938,0.0001783492347154422,7,0,0.9638420145883986,18,0.027116012684623846,FAIL
2979,2979,0.6101382488479262,2021-02-08 22:20:19.554219,2021-02-08 22:20:30.038048,0 days 00:00:10.483829,0.0003529436632493717,7,2,0.9560436955508694,18,0.014714228507272609,COMPLETE
2980,2980,,2021-02-08 22:20:30.039825,2021-02-08 22:20:30.731610,0 days 00:00:00.691785,0.06328242632930985,13,0,0.9630031378443688,20,0.28808841296879417,FAIL
2981,2981,0.4393241167434716,2021-02-08 22:20:30.733670,2021-02-08 22:20:41.325356,0 days 00:00:10.591686,0.00019339861563861328,13,4,0.9868623581945296,20,0.31239561745694316,COMPLETE
2982,2982,0.562826420890937,2021-02-08 22:20:41.327081,2021-02-08 22:20:57.558716,0 days 00:00:16.231635,0.06646850530221125,11,2,0.9634266118403877,16,0.027012087645669952,COMPLETE
2983,2983,,2021-02-08 22:20:57.560442,2021-02-08 22:20:58.241255,0 days 00:00:00.680813,0.0016370242838785905,15,0,0.9819921511958487,20,0.048073465117498076,FAIL
2984,2984,,2021-02-08 22:20:58.243337,2021-02-08 22:20:58.921232,0 days 00:00:00.677895,0.0015373651797578913,15,0,0.9655501234665526,20,0.058419864326352884,FAIL
2985,2985,0.5867895545314901,2021-02-08 22:20:58.923233,2021-02-08 22:21:09.780946,0 days 00:00:10.857713,0.014835154227910404,7,6,0.982458686947082,20,0.04893949101615552,COMPLETE
2986,2986,0.37112135176651306,2021-02-08 22:21:09.782691,2021-02-08 22:21:20.963843,0 days 00:00:11.181152,0.00012317122586026288,19,8,0.9665641947082335,20,0.01646682874285834,COMPLETE
2987,2987,0.6049155145929339,2021-02-08 22:21:20.965542,2021-02-08 22:21:32.456278,0 days 00:00:11.490736,6.93641145378846e-05,19,8,0.9588268144870418,20,0.013756942607816092,COMPLETE
2988,2988,,2021-02-08 22:21:32.458003,2021-02-08 22:21:33.139827,0 days 00:00:00.681824,0.0001452817300857412,15,0,0.9621210959787365,20,0.015373180704206827,FAIL
2989,2989,,2021-02-08 22:21:33.141913,2021-02-08 22:21:33.836894,0 days 00:00:00.694981,9.90652576841744e-05,15,0,0.9616684222491549,20,0.019516760315864426,FAIL
2990,2990,,2021-02-08 22:21:33.838188,2021-02-08 22:21:34.525895,0 days 00:00:00.687707,0.00010003821455370387,15,0,0.9630159401210305,20,0.015599449345382968,FAIL
2991,2991,,2021-02-08 22:21:34.527166,2021-02-08 22:21:35.182242,0 days 00:00:00.655076,9.710365554861281e-05,15,0,0.9646804929706813,20,0.011890006528210841,FAIL
2992,2992,0.41321044546851,2021-02-08 22:21:35.183415,2021-02-08 22:21:51.827045,0 days 00:00:16.643630,9.831855728101149e-05,15,8,0.9628741273814428,20,0.019267661232530906,COMPLETE
2993,2993,0.5044546850998464,2021-02-08 22:21:51.828764,2021-02-08 22:22:08.713692,0 days 00:00:16.884928,0.0001634253843284373,19,10,0.9000308685234701,20,0.016406666780742773,COMPLETE
2994,2994,,2021-02-08 22:22:08.715433,2021-02-08 22:22:09.393850,0 days 00:00:00.678417,3.6591810024641325e-05,15,0,0.9711465788868839,16,0.059705186433320664,FAIL
2995,2995,0.541321044546851,2021-02-08 22:22:09.395043,2021-02-08 22:22:20.543821,0 days 00:00:11.148778,0.003610363024117981,15,8,0.9655681354461221,16,0.024662459024178286,COMPLETE
2996,2996,,2021-02-08 22:22:20.545556,2021-02-08 22:22:21.211701,0 days 00:00:00.666145,0.00010943989466403762,11,0,0.9708551170197257,12,0.44920745093211145,FAIL
2997,2997,,2021-02-08 22:22:21.213761,2021-02-08 22:22:21.900397,0 days 00:00:00.686636,3.718104176493857e-05,11,0,0.9716883222817201,12,0.011686541835123763,FAIL
2998,2998,0.47035330261136715,2021-02-08 22:22:21.901605,2021-02-08 22:22:33.589848,0 days 00:00:11.688243,0.0007435421000184023,11,8,0.9706425007178633,20,0.01732624124811052,COMPLETE
2999,2999,,2021-02-08 22:22:33.591601,2021-02-08 22:22:34.294671,0 days 00:00:00.703070,3.640732014671859e-05,9,0,0.9612245451715753,18,0.011692455534806316,FAIL
3000,3000,0.5010752688172043,2021-02-08 22:22:34.295875,2021-02-08 22:22:50.970906,0 days 00:00:16.675031,0.0016762654855551897,9,8,0.9611007548364665,18,0.061530769841426615,COMPLETE
3001,3001,0.5490015360983103,2021-02-08 22:22:50.972626,2021-02-08 22:23:06.373872,0 days 00:00:15.401246,0.0001409331761885416,7,2,0.9729506048143508,20,0.011935724822966518,COMPLETE
3002,3002,0.602457757296467,2021-02-08 22:23:06.375614,2021-02-08 22:23:27.435779,0 days 00:00:21.060165,0.0003089896239148609,13,6,0.9685567570679309,16,0.020760855473802492,COMPLETE
3003,3003,0.39447004608294933,2021-02-08 22:23:27.437504,2021-02-08 22:23:38.070124,0 days 00:00:10.632620,3.670983716339781e-05,9,2,0.9583529709528089,20,0.033156863313482665,COMPLETE
3004,3004,,2021-02-08 22:23:38.071876,2021-02-08 22:23:38.745616,0 days 00:00:00.673740,0.00010570035816618227,19,0,0.9806402902223685,12,0.044770690338942584,FAIL
3005,3005,,2021-02-08 22:23:38.746894,2021-02-08 22:23:39.419159,0 days 00:00:00.672265,0.00011790606106110644,19,0,0.9850733598389043,12,0.03683256227634049,FAIL
3006,3006,0.5096774193548387,2021-02-08 22:23:39.420343,2021-02-08 22:24:00.187810,0 days 00:00:20.767467,0.0001025028574627352,19,2,0.985091533912606,12,0.4601217362479786,COMPLETE
3007,3007,,2021-02-08 22:24:00.189541,2021-02-08 22:24:00.879211,0 days 00:00:00.689670,8.339764470377302e-05,19,0,0.9797063432942326,10,0.04294762888287533,FAIL
3008,3008,,2021-02-08 22:24:00.881298,2021-02-08 22:24:01.560071,0 days 00:00:00.678773,8.186654240301861e-05,19,0,0.9801275771402771,10,0.0439105215305652,FAIL
3009,3009,,2021-02-08 22:24:01.562099,2021-02-08 22:24:02.376418,0 days 00:00:00.814319,7.594630062540187e-05,19,0,0.9813985018365371,10,0.044097056919255834,FAIL
3010,3010,,2021-02-08 22:24:02.377593,2021-02-08 22:24:03.045716,0 days 00:00:00.668123,0.00011211353669133946,19,0,0.9867789441263133,10,0.04043738037738988,FAIL
3011,3011,0.49738863287250384,2021-02-08 22:24:03.046938,2021-02-08 22:24:28.878396,0 days 00:00:25.831458,7.961063996398066e-05,19,2,0.9818020763492147,10,0.03713819710955646,COMPLETE
3012,3012,0.47956989247311826,2021-02-08 22:24:28.880147,2021-02-08 22:24:39.663775,0 days 00:00:10.783628,0.00011328083060957542,19,2,0.9800203767343255,12,0.0426969123920148,COMPLETE
3013,3013,,2021-02-08 22:24:39.665521,2021-02-08 22:24:40.336300,0 days 00:00:00.670779,0.0005823990748684416,19,0,0.9838123531306548,10,0.04549918046548385,FAIL
3014,3014,,2021-02-08 22:24:40.338386,2021-02-08 22:24:41.030677,0 days 00:00:00.692291,0.00013862805672989326,19,0,0.9867914119536183,10,0.05698614091978825,FAIL
3015,3015,,2021-02-08 22:24:41.031905,2021-02-08 22:24:41.833683,0 days 00:00:00.801778,0.0002091881167434063,19,0,0.9760543787460032,10,0.015498633186376549,FAIL
3016,3016,,2021-02-08 22:24:41.834868,2021-02-08 22:24:42.511464,0 days 00:00:00.676596,0.00023280884819634778,19,0,0.9640826655570124,10,0.04597417000238531,FAIL
3017,3017,,2021-02-08 22:24:42.512674,2021-02-08 22:24:43.174000,0 days 00:00:00.661326,0.00021884273746508066,19,0,0.9029008058412313,10,0.045063676403883667,FAIL
3018,3018,,2021-02-08 22:24:43.176072,2021-02-08 22:24:43.850567,0 days 00:00:00.674495,0.00021962385164765152,19,0,0.9837912247545135,10,0.05790796716433892,FAIL
3019,3019,,2021-02-08 22:24:43.851803,2021-02-08 22:24:44.528115,0 days 00:00:00.676312,0.0005178561864445971,19,0,0.9643571272916848,10,0.04545929892587566,FAIL
3020,3020,,2021-02-08 22:24:44.529293,2021-02-08 22:24:45.202038,0 days 00:00:00.672745,0.0002220550111661969,19,0,0.9556969668860111,12,0.04540526976592456,FAIL
3021,3021,,2021-02-08 22:24:45.204109,2021-02-08 22:24:45.875023,0 days 00:00:00.670914,0.00021358430055503597,19,0,0.9241418015030511,12,0.056499468184254664,FAIL
3022,3022,,2021-02-08 22:24:45.877111,2021-02-08 22:24:46.573982,0 days 00:00:00.696871,0.00023288732366276156,19,0,0.9834053055298554,10,0.015482018337944771,FAIL
3023,3023,,2021-02-08 22:24:46.576076,2021-02-08 22:24:47.413079,0 days 00:00:00.837003,0.0002276140345114209,17,0,0.9764171027443909,10,0.055993215004669986,FAIL
3024,3024,,2021-02-08 22:24:47.415202,2021-02-08 22:24:48.115288,0 days 00:00:00.700086,0.00013390339337116184,19,0,0.9840877500553098,10,0.057676905312990114,FAIL
3025,3025,0.4869431643625192,2021-02-08 22:24:48.117346,2021-02-08 22:24:58.940950,0 days 00:00:10.823604,0.0005251555837938815,19,2,0.9244925472007806,10,0.044461926406482735,COMPLETE
3026,3026,0.6129032258064516,2021-02-08 22:24:58.942721,2021-02-08 22:25:29.412409,0 days 00:00:30.469688,0.0002147296096816644,11,2,0.9878083944069856,12,0.05440987668921513,COMPLETE
3027,3027,,2021-02-08 22:25:29.414157,2021-02-08 22:25:30.095869,0 days 00:00:00.681712,0.000231560671929538,11,0,0.9882073870140236,12,0.058187271019249205,FAIL
3028,3028,,2021-02-08 22:25:30.097998,2021-02-08 22:25:30.827048,0 days 00:00:00.729050,0.00037567472186022177,11,0,0.9880711034430475,12,0.05507128936300178,FAIL
3029,3029,0.5622119815668203,2021-02-08 22:25:30.828259,2021-02-08 22:26:26.344818,0 days 00:00:55.516559,0.00025755252043363085,11,2,0.9878086423682074,12,0.05521776392579239,COMPLETE
3030,3030,0.38402457757296465,2021-02-08 22:26:26.346578,2021-02-08 22:26:37.225588,0 days 00:00:10.879010,0.00022829707116028548,11,4,0.918199804725276,14,0.023393927034610143,COMPLETE
3031,3031,,2021-02-08 22:26:37.227338,2021-02-08 22:26:37.900289,0 days 00:00:00.672951,0.00017368252429491335,11,0,0.9022158747421352,10,0.058990098418040204,FAIL
3032,3032,,2021-02-08 22:26:37.901477,2021-02-08 22:26:38.576492,0 days 00:00:00.675015,0.00017096713350542165,11,0,0.9030675427240408,10,0.05956500081503604,FAIL
3033,3033,,2021-02-08 22:26:38.577705,2021-02-08 22:26:39.229791,0 days 00:00:00.652086,0.00018024489295394248,11,0,0.9029276249048969,10,0.06521827806848197,FAIL
3034,3034,0.4804915514592934,2021-02-08 22:26:39.231910,2021-02-08 22:26:50.551013,0 days 00:00:11.319103,0.00021624158609342013,11,6,0.9532998880469596,10,0.058306743658643814,COMPLETE
3035,3035,0.41597542242703534,2021-02-08 22:26:50.552760,2021-02-08 22:27:01.239524,0 days 00:00:10.686764,0.00019256161919513676,11,2,0.9646981030469705,16,0.05373125291549202,COMPLETE
3036,3036,,2021-02-08 22:27:01.241360,2021-02-08 22:27:01.928745,0 days 00:00:00.687385,0.00037789172343185,11,0,0.9607101463654669,14,0.04729029550074628,FAIL
3037,3037,,2021-02-08 22:27:01.929965,2021-02-08 22:27:02.586485,0 days 00:00:00.656520,0.0004000577790578037,11,0,0.9617165671005479,14,0.06583005950912423,FAIL
3038,3038,0.5898617511520737,2021-02-08 22:27:02.587733,2021-02-08 22:27:14.514396,0 days 00:00:11.926663,0.0003675916295866775,11,10,0.9557536914952464,14,0.06500339775167062,COMPLETE
3039,3039,0.40307219662058374,2021-02-08 22:27:14.516187,2021-02-08 22:27:25.205953,0 days 00:00:10.689766,0.00012234904636899936,17,2,0.9027414745553899,12,0.04936531173930536,COMPLETE
3040,3040,,2021-02-08 22:27:25.207716,2021-02-08 22:27:25.889055,0 days 00:00:00.681339,0.0001413625048972999,19,0,0.9841793092842516,12,0.17005933949810645,FAIL
3041,3041,0.5683563748079877,2021-02-08 22:27:25.891164,2021-02-08 22:27:37.099702,0 days 00:00:11.208538,0.0001380707031701715,19,2,0.9858206840628196,12,0.039026274455851356,COMPLETE
3042,3042,0.45161290322580644,2021-02-08 22:27:37.101448,2021-02-08 22:27:58.134330,0 days 00:00:21.032882,0.00016921879607206908,11,2,0.9754990176992452,12,0.046937250436906275,COMPLETE
3043,3043,,2021-02-08 22:27:58.136086,2021-02-08 22:27:58.818454,0 days 00:00:00.682368,1.498354531516636e-05,9,0,0.9841420324010024,10,0.03405485439656236,FAIL
3044,3044,,2021-02-08 22:27:58.820519,2021-02-08 22:27:59.496070,0 days 00:00:00.675551,9.567636680381925e-05,9,0,0.9835143327201853,10,0.015376902135069119,FAIL
3045,3045,,2021-02-08 22:27:59.497331,2021-02-08 22:28:00.160697,0 days 00:00:00.663366,1.5290053002076944e-05,9,0,0.9850087851947132,10,0.015601648544385562,FAIL
3046,3046,0.5493087557603686,2021-02-08 22:28:00.161964,2021-02-08 22:28:11.292561,0 days 00:00:11.130597,8.745894942384293e-05,9,2,0.9888067942024501,10,0.015600574957055087,COMPLETE
3047,3047,,2021-02-08 22:28:11.294347,2021-02-08 22:28:11.985364,0 days 00:00:00.691017,1.5669669079181225e-05,15,0,0.9839605038564013,14,0.033820145176574556,FAIL
3048,3048,0.3827956989247312,2021-02-08 22:28:11.986537,2021-02-08 22:28:22.939218,0 days 00:00:10.952681,1.4564142377199985e-05,15,2,0.9849020626225738,14,0.029416630628166483,COMPLETE
3049,3049,0.5594470046082949,2021-02-08 22:28:22.940987,2021-02-08 22:28:34.229062,0 days 00:00:11.288075,5.544795365974672e-05,11,8,0.9829194153722671,16,0.03443126489547109,COMPLETE
3050,3050,,2021-02-08 22:28:34.230827,2021-02-08 22:28:34.919631,0 days 00:00:00.688804,0.0006304243615322762,9,0,0.9624397611235224,20,0.019052174905908353,FAIL
3051,3051,0.3870967741935484,2021-02-08 22:28:34.921761,2021-02-08 22:28:50.269801,0 days 00:00:15.348040,1.8309026251011456e-05,5,2,0.9616870397253574,20,0.06955037937979892,COMPLETE
3052,3052,,2021-02-08 22:28:50.271563,2021-02-08 22:28:50.958376,0 days 00:00:00.686813,0.0006131997731009815,9,0,0.9594224547106125,16,0.013479603308309072,FAIL
3053,3053,0.3797235023041475,2021-02-08 22:28:50.959694,2021-02-08 22:29:12.169332,0 days 00:00:21.209638,0.0006434636409145949,13,6,0.9369878817020377,16,0.1651440151378938,COMPLETE
3054,3054,0.4368663594470046,2021-02-08 22:29:12.171095,2021-02-08 22:29:23.061628,0 days 00:00:10.890533,0.00043508413209521023,9,4,0.9600816926781389,14,0.040501143688960975,COMPLETE
3055,3055,0.4445468509984639,2021-02-08 22:29:23.063399,2021-02-08 22:29:34.147404,0 days 00:00:11.084005,0.00028139449484901536,17,2,0.9869571709200492,18,0.05828173425409282,COMPLETE
3056,3056,,2021-02-08 22:29:34.149164,2021-02-08 22:29:34.822862,0 days 00:00:00.673698,7.358078665534661e-05,9,0,0.9847446729659742,20,0.04521205994802868,FAIL
3057,3057,,2021-02-08 22:29:34.824960,2021-02-08 22:29:35.528386,0 days 00:00:00.703426,0.0001035243780383711,9,0,0.9833758870567068,20,0.05174632351424915,FAIL
3058,3058,0.37327188940092165,2021-02-08 22:29:35.530463,2021-02-08 22:29:52.663491,0 days 00:00:17.133028,5.755019640618074e-05,9,10,0.9833960528117577,20,0.051302286742249625,COMPLETE
3059,3059,,2021-02-08 22:29:52.665243,2021-02-08 22:29:53.363490,0 days 00:00:00.698247,7.247471405627914e-05,9,0,0.9069266178969713,20,0.04649625099813696,FAIL
3060,3060,,2021-02-08 22:29:53.364719,2021-02-08 22:29:54.032736,0 days 00:00:00.668017,6.911614892473095e-05,9,0,0.9075890332857163,20,0.04302669708052579,FAIL
3061,3061,,2021-02-08 22:29:54.033957,2021-02-08 22:29:54.703155,0 days 00:00:00.669198,8.082278124455487e-05,9,0,0.9860798087364647,20,0.01864258403526898,FAIL
3062,3062,,2021-02-08 22:29:54.705233,2021-02-08 22:29:55.383159,0 days 00:00:00.677926,7.836105701266043e-05,9,0,0.9860660680499335,20,0.04668560087003257,FAIL
3063,3063,,2021-02-08 22:29:55.384383,2021-02-08 22:29:56.042567,0 days 00:00:00.658184,7.383962542247245e-05,9,0,0.9889452135792399,20,0.045233910464061215,FAIL
3064,3064,0.5637480798771122,2021-02-08 22:29:56.043798,2021-02-08 22:30:23.783347,0 days 00:00:27.739549,9.653804611362544e-05,9,10,0.9773390581538132,20,0.019151575681564458,COMPLETE
3065,3065,,2021-02-08 22:30:23.785104,2021-02-08 22:30:24.626299,0 days 00:00:00.841195,7.219208605165373e-05,9,0,0.9808199380809797,20,0.043620538311841914,FAIL
3066,3066,0.5317972350230414,2021-02-08 22:30:24.627562,2021-02-08 22:30:51.976435,0 days 00:00:27.348873,0.00015914325217308695,9,10,0.9896095273631189,20,0.04375980772118583,COMPLETE
3067,3067,0.4706605222734255,2021-02-08 22:30:51.978194,2021-02-08 22:31:03.666940,0 days 00:00:11.688746,6.58196700759037e-05,7,10,0.986362845388454,20,0.04700076857008801,COMPLETE
3068,3068,0.38003072196620585,2021-02-08 22:31:03.668726,2021-02-08 22:31:14.617237,0 days 00:00:10.948511,7.378950891670166e-05,9,8,0.9843011967606985,20,0.026436618736877256,COMPLETE
3069,3069,,2021-02-08 22:31:14.619002,2021-02-08 22:31:15.445975,0 days 00:00:00.826973,0.00010506946463963289,9,0,0.9634912808630947,20,0.061826433991264015,FAIL
3070,3070,,2021-02-08 22:31:15.447218,2021-02-08 22:31:16.113503,0 days 00:00:00.666285,2.955904956975579e-05,9,0,0.979796382268505,20,0.05448759706132954,FAIL
3071,3071,,2021-02-08 22:31:16.114759,2021-02-08 22:31:16.787172,0 days 00:00:00.672413,0.00010738141625886488,9,0,0.9273737864538764,20,0.012949464963381547,FAIL
3072,3072,0.5364055299539171,2021-02-08 22:31:16.789290,2021-02-08 22:32:37.196125,0 days 00:01:20.406835,0.0012121718729476876,9,2,0.9801190035251885,20,0.05305577225122216,COMPLETE
3073,3073,,2021-02-08 22:32:37.197884,2021-02-08 22:32:37.903621,0 days 00:00:00.705737,1.0280433463380444e-05,11,0,0.9638534014905035,16,0.01390643281038414,FAIL
3074,3074,,2021-02-08 22:32:37.904850,2021-02-08 22:32:38.578736,0 days 00:00:00.673886,2.380715217988143e-05,11,0,0.9634268581582703,16,0.06062377438480153,FAIL
3075,3075,,2021-02-08 22:32:38.579941,2021-02-08 22:32:39.363902,0 days 00:00:00.783961,1.1937366035739663e-05,11,0,0.9639481706122276,16,0.013237269371289148,FAIL
3076,3076,,2021-02-08 22:32:39.365093,2021-02-08 22:32:40.023727,0 days 00:00:00.658634,0.00010697549626692205,11,0,0.9278930162470626,16,0.061678238055677743,FAIL
3077,3077,0.37357910906298003,2021-02-08 22:32:40.024931,2021-02-08 22:32:51.309235,0 days 00:00:11.284304,0.0008682134001420968,11,10,0.9638502524897778,16,0.06184187859792836,COMPLETE
3078,3078,,2021-02-08 22:32:51.311008,2021-02-08 22:32:52.008067,0 days 00:00:00.697059,0.0001236240556124785,7,0,0.9077034177459081,20,0.0140646830249201,FAIL
