,number,value,datetime_start,datetime_complete,duration,params_lr,params_nl2,params_num_ct,params_scheduler_gamma,params_sigma2,params_weight_decay,state
3203,3203,0.5926267281105991,2021-02-08 22:52:19.086556,2021-02-08 22:52:34.900510,0 days 00:00:15.813954,0.010166768803489549,13,4,0.9012026953341342,16,0.06669981410419651,COMPLETE
3204,3204,0.5078341013824885,2021-02-08 22:52:34.902323,2021-02-08 22:52:46.220934,0 days 00:00:11.318611,0.00023145708792067296,13,4,0.9197814819402158,16,0.4126577946528738,COMPLETE
3205,3205,0.616589861751152,2021-02-08 22:52:46.222763,2021-02-08 22:53:02.540466,0 days 00:00:16.317703,0.0002873268860249291,13,4,0.9258072871328358,16,0.06143108146222361,COMPLETE
3206,3206,0.49032258064516127,2021-02-08 22:53:02.542287,2021-02-08 22:53:28.209041,0 days 00:00:25.666754,0.0003021299486718825,13,4,0.9160357114076615,16,0.06049447949047905,COMPLETE
3207,3207,0.45069124423963136,2021-02-08 22:53:28.210869,2021-02-08 22:53:39.101497,0 days 00:00:10.890628,0.0006297453329996889,13,4,0.9227619640602756,16,0.06942235307459124,COMPLETE
3208,3208,0.6033794162826421,2021-02-08 22:53:39.103347,2021-02-08 22:53:54.979496,0 days 00:00:15.876149,0.0004638100150886577,13,4,0.9246079916780253,16,0.07766815856992201,COMPLETE
3209,3209,0.4380952380952381,2021-02-08 22:53:54.981305,2021-02-08 22:54:05.720680,0 days 00:00:10.739375,0.0004133034459882471,13,4,0.9261254866351535,16,0.06216894610824973,COMPLETE
3210,3210,,2021-02-08 22:54:05.722484,2021-02-08 22:54:06.418805,0 days 00:00:00.696321,9.973754257694337e-05,13,0,0.9065338843850751,16,0.021064473009431053,FAIL
3211,3211,0.471889400921659,2021-02-08 22:54:06.420893,2021-02-08 22:54:22.052935,0 days 00:00:15.632042,0.0001108363328979282,13,4,0.9072130047928889,16,0.021228410969769743,COMPLETE
3212,3212,0.570199692780338,2021-02-08 22:54:22.054787,2021-02-08 22:54:42.915320,0 days 00:00:20.860533,0.0002863007130870289,13,4,0.9174716770143889,16,0.018824516278221848,COMPLETE
3213,3213,,2021-02-08 22:54:42.917144,2021-02-08 22:54:43.603650,0 days 00:00:00.686506,0.0009114096968876207,13,0,0.9273846058195067,16,0.024303150154600797,FAIL
3214,3214,,2021-02-08 22:54:43.605743,2021-02-08 22:54:44.289131,0 days 00:00:00.683388,1.2443350595024589e-05,13,0,0.9038660583975284,16,0.024264654235640188,FAIL
3215,3215,0.5259600614439324,2021-02-08 22:54:44.291382,2021-02-08 22:54:55.165424,0 days 00:00:10.874042,1.2606222073526983e-05,13,4,0.9092337192050667,16,0.024815111579688465,COMPLETE
3216,3216,,2021-02-08 22:54:55.167254,2021-02-08 22:54:55.854908,0 days 00:00:00.687654,0.00015325662449513074,15,0,0.9151680510507224,16,0.06493769841609393,FAIL
3217,3217,,2021-02-08 22:54:55.857113,2021-02-08 22:54:56.540695,0 days 00:00:00.683582,0.0009586833743947991,15,0,0.9197938287718418,16,0.06652434405208152,FAIL
3218,3218,0.6236559139784946,2021-02-08 22:54:56.541900,2021-02-08 22:55:22.699893,0 days 00:00:26.157993,0.0001509360188917188,15,4,0.9000103047449008,16,0.06584872528751708,COMPLETE
3219,3219,0.41013824884792627,2021-02-08 22:55:22.701709,2021-02-08 22:55:38.696968,0 days 00:00:15.995259,0.00014768933811588927,15,4,0.9031721642549992,16,0.010644152897826796,COMPLETE
3220,3220,,2021-02-08 22:55:38.698807,2021-02-08 22:55:39.387933,0 days 00:00:00.689126,0.0007842618029073907,15,0,0.9277991034475295,16,0.06631258463344636,FAIL
3221,3221,0.5078341013824885,2021-02-08 22:55:39.390082,2021-02-08 22:55:49.912431,0 days 00:00:10.522349,0.0001793067420359879,15,4,0.9002321220071526,16,0.2057217019588666,COMPLETE
3222,3222,,2021-02-08 22:55:49.914280,2021-02-08 22:55:50.600634,0 days 00:00:00.686354,0.000996317424990932,15,0,0.9016909081508286,16,0.07345571251367562,FAIL
3223,3223,0.4629800307219662,2021-02-08 22:55:50.602762,2021-02-08 22:56:31.144101,0 days 00:00:40.541339,0.0009541943178796858,15,4,0.9593584100645481,16,0.065923485294961,COMPLETE
3224,3224,0.40491551459293396,2021-02-08 22:56:31.145936,2021-02-08 22:56:41.931839,0 days 00:00:10.785903,0.0005289355225596359,17,4,0.9064027532906591,16,0.07291458423849947,COMPLETE
3225,3225,,2021-02-08 22:56:41.933688,2021-02-08 22:56:42.620627,0 days 00:00:00.686939,0.0008264536099814498,17,0,0.9202429526582893,16,0.056590981335119035,FAIL
3226,3226,0.36774193548387096,2021-02-08 22:56:42.622877,2021-02-08 22:56:53.738781,0 days 00:00:11.115904,0.00025477310241696854,17,4,0.9197889920724396,16,0.05886855523779394,COMPLETE
3227,3227,0.36620583717357913,2021-02-08 22:56:53.740621,2021-02-08 22:57:54.567279,0 days 00:01:00.826658,0.0015519622912806743,13,4,0.9021451260106026,16,0.06339594060845981,COMPLETE
3228,3228,,2021-02-08 22:57:54.569100,2021-02-08 22:57:55.257275,0 days 00:00:00.688175,0.0007249094386496117,15,0,0.9719519082087309,16,0.05552977064900642,FAIL
3229,3229,,2021-02-08 22:57:55.258557,2021-02-08 22:57:59.331793,0 days 00:00:04.073236,2.3343374112122395e-05,15,4,0.9206001427794398,16,0.0555593364523912,FAIL
3230,3230,0.567741935483871,2021-02-08 22:57:59.333601,2021-02-08 22:58:10.485212,0 days 00:00:11.151611,0.0007644955582582634,15,4,0.9299546223406283,16,0.027681848500035945,COMPLETE
3231,3231,0.38924731182795697,2021-02-08 22:58:10.487049,2021-02-08 22:58:21.607529,0 days 00:00:11.120480,2.2373024077237106e-05,15,4,0.9234596107930109,16,0.0569947753570647,COMPLETE
3232,3232,0.4380952380952381,2021-02-08 22:58:21.609368,2021-02-08 22:58:32.584356,0 days 00:00:10.974988,0.0003489561683249601,13,4,0.9139589622475424,16,0.06853572455228701,COMPLETE
3233,3233,0.5302611367127497,2021-02-08 22:58:32.586169,2021-02-08 22:58:43.482599,0 days 00:00:10.896430,0.00016816191122312924,15,4,0.9213276573700159,16,0.07881481908757672,COMPLETE
3234,3234,0.5152073732718894,2021-02-08 22:58:43.484458,2021-02-08 22:58:54.542096,0 days 00:00:11.057638,0.007567677438287705,13,4,0.9274551214886653,16,0.054119534696324065,COMPLETE
3235,3235,,2021-02-08 22:58:54.543935,2021-02-08 22:58:55.227870,0 days 00:00:00.683935,0.0001451951292557064,17,0,0.9710037603119295,16,0.022889751101386954,FAIL
3236,3236,0.4470046082949309,2021-02-08 22:58:55.230044,2021-02-08 22:59:06.039735,0 days 00:00:10.809691,1.4844346390379425e-05,17,4,0.9577742589131361,16,0.023639775477440582,COMPLETE
3237,3237,0.5490015360983103,2021-02-08 22:59:06.041585,2021-02-08 22:59:16.942426,0 days 00:00:10.900841,0.0001429941113862837,13,4,0.905438411738068,16,0.06267764263963851,COMPLETE
3238,3238,0.4930875576036866,2021-02-08 22:59:16.944253,2021-02-08 22:59:32.696336,0 days 00:00:15.752083,9.223721751053769e-05,15,6,0.9536738239482375,16,0.025919890338480415,COMPLETE
3239,3239,,2021-02-08 22:59:32.698170,2021-02-08 22:59:33.382325,0 days 00:00:00.684155,0.00038281786758666937,13,0,0.9000803106240832,16,0.047907701624528606,FAIL
3240,3240,,2021-02-08 22:59:33.383533,2021-02-08 22:59:34.050562,0 days 00:00:00.667029,3.2097895323664885e-05,5,0,0.900614417478025,16,0.10363355541910368,FAIL
3241,3241,0.57357910906298,2021-02-08 22:59:34.052707,2021-02-08 22:59:45.127276,0 days 00:00:11.074569,3.378343097507778e-05,5,4,0.9004735936741703,16,0.07150546356262547,COMPLETE
3242,3242,,2021-02-08 22:59:45.129103,2021-02-08 22:59:45.811575,0 days 00:00:00.682472,0.00021438332264501117,13,0,0.9671499141236445,16,0.0446317012190991,FAIL
3243,3243,,2021-02-08 22:59:45.813777,2021-02-08 22:59:46.506570,0 days 00:00:00.692793,0.00020034851291874677,13,0,0.9553293958274288,16,0.04992160387861392,FAIL
3244,3244,0.5453149001536098,2021-02-08 22:59:46.508641,2021-02-08 23:00:02.417071,0 days 00:00:15.908430,0.002966565920853458,13,4,0.9717617169743777,16,0.04444602117690076,COMPLETE
3245,3245,,2021-02-08 23:00:02.418910,2021-02-08 23:00:03.100053,0 days 00:00:00.681143,0.0018778786045306655,13,0,0.950707923507718,16,0.13758743062868492,FAIL
3246,3246,,2021-02-08 23:00:03.101351,2021-02-08 23:00:03.785856,0 days 00:00:00.684505,0.0002068719980070987,13,0,0.9679581725394244,16,0.04970718880645592,FAIL
3247,3247,0.3705069124423963,2021-02-08 23:00:03.788053,2021-02-08 23:00:29.814078,0 days 00:00:26.026025,0.00021673324279340283,13,6,0.9508862875694258,16,0.10466362282865475,COMPLETE
3248,3248,0.42857142857142855,2021-02-08 23:00:29.815993,2021-02-08 23:00:50.258361,0 days 00:00:20.442368,0.0001221533249085257,17,4,0.9562151646868636,16,0.057622078451256296,COMPLETE
3249,3249,,2021-02-08 23:00:50.260215,2021-02-08 23:00:50.950269,0 days 00:00:00.690054,0.0006658126436642088,15,0,0.9669030118698612,18,0.05247485083654305,FAIL
3250,3250,0.5874039938556067,2021-02-08 23:00:50.952499,2021-02-08 23:01:42.952160,0 days 00:00:51.999661,0.0004098234602227365,15,6,0.9680514184104384,18,0.04784523343212365,COMPLETE
3251,3251,,2021-02-08 23:01:42.954004,2021-02-08 23:01:43.644465,0 days 00:00:00.690461,0.0003056160558768821,11,0,0.9255695998362862,16,0.1432902213706823,FAIL
3252,3252,0.45468509984639016,2021-02-08 23:01:43.645723,2021-02-08 23:01:54.549652,0 days 00:00:10.903929,0.0006702543287476415,11,4,0.9609070852273662,16,0.34772089699840814,COMPLETE
3253,3253,0.471889400921659,2021-02-08 23:01:54.551486,2021-02-08 23:02:10.747083,0 days 00:00:16.195597,0.004711981962966119,13,6,0.9645686488108274,16,0.04152330314226755,COMPLETE
3254,3254,,2021-02-08 23:02:10.748918,2021-02-08 23:02:11.445885,0 days 00:00:00.696967,0.00182891802327979,9,0,0.9582025811083125,18,0.029380015377979688,FAIL
3255,3255,0.4881720430107527,2021-02-08 23:02:11.447217,2021-02-08 23:02:36.990114,0 days 00:00:25.542897,0.00030918766350657834,9,4,0.9261110112686223,18,0.050802101907701055,COMPLETE
3256,3256,,2021-02-08 23:02:36.991965,2021-02-08 23:02:37.681905,0 days 00:00:00.689940,0.00015282010423152718,11,0,0.9584627722986063,16,0.1373665886966617,FAIL
3257,3257,,2021-02-08 23:02:37.683230,2021-02-08 23:02:38.357337,0 days 00:00:00.674107,0.0019420260905204183,11,0,0.9741561003250964,16,0.13114242893240466,FAIL
3258,3258,0.42089093701996927,2021-02-08 23:02:38.359552,2021-02-08 23:02:49.373491,0 days 00:00:11.013939,1.8517675572214804e-05,11,4,0.9577737055562021,16,0.029424413264320014,COMPLETE
3259,3259,0.5597542242703533,2021-02-08 23:02:49.375348,2021-02-08 23:03:56.197497,0 days 00:01:06.822149,0.0018695259335891146,9,6,0.9037126357914037,20,0.06626809836485159,COMPLETE
3260,3260,,2021-02-08 23:03:56.199343,2021-02-08 23:03:56.882721,0 days 00:00:00.683378,0.0012372448863641572,13,0,0.9392728514118748,20,0.13817694516113627,FAIL
3261,3261,0.41321044546851,2021-02-08 23:03:56.884969,2021-02-08 23:04:12.715118,0 days 00:00:15.830149,0.0005361816165599901,13,4,0.9157469778903451,14,0.05540967927326828,COMPLETE
3262,3262,,2021-02-08 23:04:12.716975,2021-02-08 23:04:13.422646,0 days 00:00:00.705671,2.6298235712903956e-05,11,0,0.9114587223372101,20,0.08694947078407536,FAIL
3263,3263,0.4666666666666667,2021-02-08 23:04:13.424021,2021-02-08 23:04:24.431888,0 days 00:00:11.007867,2.5645298350832988e-05,11,6,0.9546504384312519,20,0.09009171749920009,COMPLETE
3264,3264,,2021-02-08 23:04:24.433743,2021-02-08 23:04:25.124046,0 days 00:00:00.690303,0.0013343998613464464,17,0,0.9114055091977176,16,0.08175413825854781,FAIL
3265,3265,0.5357910906298003,2021-02-08 23:04:25.126242,2021-02-08 23:04:41.103666,0 days 00:00:15.977424,0.00010220475186808063,17,4,0.9115910391233248,16,0.022246607119294014,COMPLETE
3266,3266,0.5219662058371736,2021-02-08 23:04:41.105512,2021-02-08 23:04:51.790576,0 days 00:00:10.685064,0.0002468064385393955,13,4,0.963239618688447,16,0.03377716743031392,COMPLETE
3267,3267,0.5032258064516129,2021-02-08 23:04:51.792461,2021-02-08 23:05:07.446548,0 days 00:00:15.654087,0.001279446776261873,9,2,0.9667400701446338,18,0.1443891986411109,COMPLETE
3268,3268,,2021-02-08 23:05:07.448422,2021-02-08 23:05:08.126114,0 days 00:00:00.677692,0.00014689972554466567,11,0,0.9592439831597707,20,0.06137689441410298,FAIL
3269,3269,0.4774193548387097,2021-02-08 23:05:08.128381,2021-02-08 23:05:19.497238,0 days 00:00:11.368857,0.0008795068922193896,11,6,0.9594012184688961,20,0.06159186434187495,COMPLETE
3270,3270,0.5367127496159754,2021-02-08 23:05:19.499108,2021-02-08 23:05:30.326261,0 days 00:00:10.827153,0.0001498709169220281,11,4,0.9347671730628176,16,0.0823792067786638,COMPLETE
3271,3271,,2021-02-08 23:05:30.328125,2021-02-08 23:05:31.013241,0 days 00:00:00.685116,0.00019594819460135702,5,0,0.9557961156112165,18,0.0367597629573541,FAIL
3272,3272,,2021-02-08 23:05:31.014506,2021-02-08 23:05:31.682275,0 days 00:00:00.667769,0.0001980032593314422,5,0,0.9490790048618093,18,0.03690849032579982,FAIL
3273,3273,0.38894009216589864,2021-02-08 23:05:31.683596,2021-02-08 23:05:42.503876,0 days 00:00:10.820280,0.00019057024906421076,5,2,0.9560909202689617,18,0.07490943888372674,COMPLETE
3274,3274,0.4043010752688172,2021-02-08 23:05:42.505738,2021-02-08 23:05:53.510219,0 days 00:00:11.004481,0.00029211499374920744,15,6,0.9603589729029348,16,0.039857715706985763,COMPLETE
3275,3275,,2021-02-08 23:05:53.512067,2021-02-08 23:05:54.210136,0 days 00:00:00.698069,0.00039328648388716397,13,0,0.9381965448695785,20,0.259738918378333,FAIL
3276,3276,0.6033794162826421,2021-02-08 23:05:54.212388,2021-02-08 23:06:19.997298,0 days 00:00:25.784910,8.596580922097615e-05,13,2,0.9487351957285826,20,0.17154520305475154,COMPLETE
3277,3277,0.5397849462365591,2021-02-08 23:06:19.999152,2021-02-08 23:06:30.959067,0 days 00:00:10.959915,0.0003920267164377998,9,6,0.9188620517086549,16,0.026369419711990152,COMPLETE
3278,3278,,2021-02-08 23:06:30.960926,2021-02-08 23:06:31.663056,0 days 00:00:00.702130,1.110472264864855e-05,11,0,0.9531334115375247,20,0.05265388983031957,FAIL
3279,3279,0.5142857142857142,2021-02-08 23:06:31.665313,2021-02-08 23:06:42.460460,0 days 00:00:10.795147,0.0010733540890211471,11,4,0.9624519833429425,20,0.036528778692133564,COMPLETE
3280,3280,0.4697388632872504,2021-02-08 23:06:42.462318,2021-02-08 23:06:53.296514,0 days 00:00:10.834196,0.002349419677309768,9,2,0.9748136122353316,16,0.0514046447839765,COMPLETE
3281,3281,0.5130568356374808,2021-02-08 23:06:53.298354,2021-02-08 23:07:28.764276,0 days 00:00:35.465922,0.00012665369011632588,17,4,0.908667298441131,18,0.0647937928537085,COMPLETE
3282,3282,0.6070660522273426,2021-02-08 23:07:28.766130,2021-02-08 23:07:39.729506,0 days 00:00:10.963376,0.0004560583584757629,15,2,0.953348202170742,14,0.045013206994289304,COMPLETE
3283,3283,0.4433179723502304,2021-02-08 23:07:39.731367,2021-02-08 23:07:55.752371,0 days 00:00:16.021004,0.00020563139426156405,13,6,0.9584556021243246,20,0.05877639699736377,COMPLETE
3284,3284,0.4841781874039939,2021-02-08 23:07:55.754237,2021-02-08 23:08:06.337785,0 days 00:00:10.583548,0.0006859527123688072,11,4,0.9000021035985303,16,0.024435486296304775,COMPLETE
3285,3285,,2021-02-08 23:08:06.339644,2021-02-08 23:08:07.052834,0 days 00:00:00.713190,0.0001621100811802622,13,0,0.9283352177257517,16,0.06908129535551964,FAIL
3286,3286,0.47219662058371736,2021-02-08 23:08:07.055040,2021-02-08 23:08:18.031027,0 days 00:00:10.975987,0.00015074343812062483,13,4,0.9255373902426015,16,0.13037440316474744,COMPLETE
3287,3287,0.5821812596006144,2021-02-08 23:08:18.032883,2021-02-08 23:09:03.391273,0 days 00:00:45.358390,0.000248568374353315,9,2,0.921912080032348,20,0.06920327152495488,COMPLETE
3288,3288,,2021-02-08 23:09:03.393136,2021-02-08 23:09:04.090330,0 days 00:00:00.697194,1.645181010332581e-05,11,0,0.9654126282410956,16,0.029369983260304208,FAIL
3289,3289,0.6282642089093702,2021-02-08 23:09:04.091556,2021-02-08 23:09:15.501415,0 days 00:00:11.409859,1.1560880748840641e-05,11,8,0.9328788102915487,16,0.030848647448149955,COMPLETE
3290,3290,,2021-02-08 23:09:15.503274,2021-02-08 23:09:16.197224,0 days 00:00:00.693950,1.103346219062874e-05,11,0,0.9384943131725311,14,0.03041571831808336,FAIL
3291,3291,0.6076804915514593,2021-02-08 23:09:16.198557,2021-02-08 23:09:43.780307,0 days 00:00:27.581750,1.1581152026343879e-05,11,8,0.9382141079990974,14,0.028473115763331135,COMPLETE
3292,3292,,2021-02-08 23:09:43.782176,2021-02-08 23:09:44.491913,0 days 00:00:00.709737,1.392207744900832e-05,11,0,0.9332785599343139,14,0.029856795577213387,FAIL
3293,3293,,2021-02-08 23:09:44.493270,2021-02-08 23:09:45.159675,0 days 00:00:00.666405,1.0747920672354298e-05,11,0,0.9336753924443386,14,0.03562960719242207,FAIL
3294,3294,0.3932411674347158,2021-02-08 23:09:45.160958,2021-02-08 23:10:01.180071,0 days 00:00:16.019113,1.419798488481881e-05,11,6,0.9348585065919356,16,0.03193857276891204,COMPLETE
3295,3295,,2021-02-08 23:10:01.181926,2021-02-08 23:10:01.874258,0 days 00:00:00.692332,1.2903132009095988e-05,11,0,0.9322173015757025,14,0.034866150465890346,FAIL
3296,3296,,2021-02-08 23:10:01.875622,2021-02-08 23:10:02.544783,0 days 00:00:00.669161,1.049115803964026e-05,11,0,0.9281003075529701,14,0.029883316381625866,FAIL
3297,3297,0.38678955453149,2021-02-08 23:10:02.546952,2021-02-08 23:10:13.527069,0 days 00:00:10.980117,1.6393279633323333e-05,11,4,0.9327039399134559,14,0.031294548780087486,COMPLETE
3298,3298,,2021-02-08 23:10:13.528933,2021-02-08 23:10:14.237059,0 days 00:00:00.708126,1.2134938568685e-05,11,0,0.9289121906074803,14,0.02958423896411049,FAIL
3299,3299,0.48325652841781874,2021-02-08 23:10:14.238309,2021-02-08 23:10:30.249142,0 days 00:00:16.010833,1.2094584533848834e-05,11,2,0.9298127853137335,14,0.033790719802888065,COMPLETE
3300,3300,0.3920122887864823,2021-02-08 23:10:30.251029,2021-02-08 23:10:41.393745,0 days 00:00:11.142716,1.0011549327512983e-05,11,8,0.9333628070863098,16,0.027824084899597746,COMPLETE
3301,3301,,2021-02-08 23:10:41.395615,2021-02-08 23:10:42.073886,0 days 00:00:00.678271,0.07750763695813993,11,0,0.9573977186623316,16,0.03808642380024214,FAIL
3302,3302,,2021-02-08 23:10:42.075147,2021-02-08 23:10:42.729176,0 days 00:00:00.654029,0.00011152523268472877,11,0,0.9305915523804373,14,0.029945501173237406,FAIL
3303,3303,0.4445468509984639,2021-02-08 23:10:42.730355,2021-02-08 23:10:53.983850,0 days 00:00:11.253495,0.001595898411331701,11,6,0.9316293079897502,14,0.03459808828160022,COMPLETE
3304,3304,0.5944700460829493,2021-02-08 23:10:53.985699,2021-02-08 23:11:04.956934,0 days 00:00:10.971235,2.3271754585459128e-05,11,4,0.970355832295767,16,0.03000507395492602,COMPLETE
3305,3305,,2021-02-08 23:11:04.958807,2021-02-08 23:11:05.657041,0 days 00:00:00.698234,0.00010051051146682757,13,0,0.9287356881111571,16,0.037272642005102774,FAIL
3306,3306,,2021-02-08 23:11:05.659248,2021-02-08 23:11:06.371622,0 days 00:00:00.712374,0.00011346299236081485,13,0,0.928954648571241,16,0.03671792764507855,FAIL
3307,3307,0.3794162826420891,2021-02-08 23:11:06.372867,2021-02-08 23:11:17.327167,0 days 00:00:10.954300,0.00010200526584092552,13,2,0.9462105851059476,16,0.05512139314073179,COMPLETE
3308,3308,,2021-02-08 23:11:17.329023,2021-02-08 23:11:18.001877,0 days 00:00:00.672854,0.00011846025540701638,9,0,0.9289367921407196,16,0.04030157683215156,FAIL
3309,3309,,2021-02-08 23:11:18.003226,2021-02-08 23:11:18.697127,0 days 00:00:00.693901,0.00011622415596244603,9,0,0.9416423931853829,16,0.02758737150715873,FAIL
3310,3310,0.39109062980030723,2021-02-08 23:11:18.698368,2021-02-08 23:11:29.770515,0 days 00:00:11.072147,0.00017627961704294657,9,4,0.9277143854586969,16,0.03832931560317032,COMPLETE
3311,3311,0.3849462365591398,2021-02-08 23:11:29.772385,2021-02-08 23:11:45.716378,0 days 00:00:15.943993,0.00011459960633880615,11,2,0.9646936249798058,16,0.025873010901542943,COMPLETE
3312,3312,0.5849462365591398,2021-02-08 23:11:45.718250,2021-02-08 23:11:56.571020,0 days 00:00:10.852770,1.9133512968103725e-05,9,4,0.9417821433473889,16,0.03637814532482092,COMPLETE
3313,3313,0.5978494623655914,2021-02-08 23:11:56.572903,2021-02-08 23:12:32.517898,0 days 00:00:35.944995,0.0013289906064984623,11,6,0.9572133027342627,16,0.04132490074869065,COMPLETE
3314,3314,0.4930875576036866,2021-02-08 23:12:32.519779,2021-02-08 23:12:43.603316,0 days 00:00:11.083537,1.000979299270049e-05,7,8,0.9364994926033019,20,0.02993573646594418,COMPLETE
3315,3315,,2021-02-08 23:12:43.605175,2021-02-08 23:12:44.305739,0 days 00:00:00.700564,7.571979100559194e-05,5,0,0.9305313026282036,16,0.06030817203298722,FAIL
3316,3316,,2021-02-08 23:12:44.308009,2021-02-08 23:12:45.005216,0 days 00:00:00.697207,7.98164021141306e-05,5,0,0.9602291090234979,16,0.06152063924405385,FAIL
3317,3317,,2021-02-08 23:12:45.007461,2021-02-08 23:12:45.691236,0 days 00:00:00.683775,0.0001419207069525852,5,0,0.9310797850238065,16,0.023046615011006966,FAIL
3318,3318,,2021-02-08 23:12:45.692576,2021-02-08 23:12:46.503094,0 days 00:00:00.810518,7.660261500838345e-05,11,0,0.9300812620797867,16,0.02780198812733692,FAIL
3319,3319,,2021-02-08 23:12:46.504433,2021-02-08 23:12:47.175263,0 days 00:00:00.670830,0.0008935531032889993,5,0,0.9549604150515382,16,0.011391733438266634,FAIL
3320,3320,0.4304147465437788,2021-02-08 23:12:47.177459,2021-02-08 23:12:57.946808,0 days 00:00:10.769349,0.0009507817688912684,11,2,0.93032086200615,16,0.06274322509694666,COMPLETE
3321,3321,0.47803379416282643,2021-02-08 23:12:57.948681,2021-02-08 23:13:18.858854,0 days 00:00:20.910173,0.00015492023741243253,17,4,0.939244939346252,20,0.023036920918003925,COMPLETE
3322,3322,0.41044546850998465,2021-02-08 23:13:18.860729,2021-02-08 23:13:34.761531,0 days 00:00:15.900802,1.5467096683593436e-05,13,2,0.9608337573621624,14,0.050456775183262914,COMPLETE
3323,3323,,2021-02-08 23:13:34.763422,2021-02-08 23:13:35.452430,0 days 00:00:00.689008,3.091551107529071e-05,7,0,0.9508502126950169,18,0.027650739531088205,FAIL
3324,3324,,2021-02-08 23:13:35.454719,2021-02-08 23:13:36.162552,0 days 00:00:00.707833,3.079057639927515e-05,7,0,0.9287444916875599,18,0.05997652047596346,FAIL
3325,3325,,2021-02-08 23:13:36.164709,2021-02-08 23:13:36.847113,0 days 00:00:00.682404,7.440681707229173e-05,7,0,0.9521173971463338,18,0.02760496678166681,FAIL
3326,3326,,2021-02-08 23:13:36.848348,2021-02-08 23:13:37.531662,0 days 00:00:00.683314,0.00013015705550617251,7,0,0.95569415679435,18,0.03322078511720794,FAIL
3327,3327,,2021-02-08 23:13:37.533896,2021-02-08 23:13:38.226568,0 days 00:00:00.692672,3.18157176993665e-05,7,0,0.9553538989829681,18,0.027865911781958207,FAIL
