,number,value,datetime_start,datetime_complete,duration,params_lr,params_scheduler_gamma,params_weight_decay,state
1891,1891,0.48632872503840247,2021-02-07 05:11:18.640521,2021-02-07 05:11:49.494950,0 days 00:00:30.854429,0.00011422942449499935,0.9620675281805052,0.021416381082392667,COMPLETE
1892,1892,0.42304147465437786,2021-02-07 05:11:49.496081,2021-02-07 05:12:05.273307,0 days 00:00:15.777226,0.03212978943462698,0.9507520994223683,0.17779943859575506,COMPLETE
1893,1893,0.5142857142857142,2021-02-07 05:12:05.274461,2021-02-07 05:12:16.373585,0 days 00:00:11.099124,0.020295189154037885,0.9416608451983747,0.2961228028119806,COMPLETE
1894,1894,0.47250384024577574,2021-02-07 05:12:16.374741,2021-02-07 05:12:32.008698,0 days 00:00:15.633957,0.07313598029859787,0.9650849426115965,0.09048386181667038,COMPLETE
1895,1895,0.5434715821812596,2021-02-07 05:12:32.009841,2021-02-07 05:12:48.248953,0 days 00:00:16.239112,0.04759977572442008,0.9444174518894983,0.23339553012514277,COMPLETE
1896,1896,0.5834101382488479,2021-02-07 05:12:48.250090,2021-02-07 05:13:04.112893,0 days 00:00:15.862803,0.03460794281099693,0.9682454740031192,0.274820786408624,COMPLETE
1897,1897,0.5308755760368664,2021-02-07 05:13:04.114037,2021-02-07 05:13:24.862568,0 days 00:00:20.748531,0.0538993537055017,0.9580051641432393,0.20098533832629498,COMPLETE
1898,1898,0.591705069124424,2021-02-07 05:13:24.863716,2021-02-07 05:13:35.864205,0 days 00:00:11.000489,0.012377996508885247,0.9322899767848954,0.24891119541275802,COMPLETE
1899,1899,0.57357910906298,2021-02-07 05:13:35.865350,2021-02-07 05:13:51.949662,0 days 00:00:16.084312,0.040073423338743,0.9363504290059969,0.18677706693373874,COMPLETE
1900,1900,0.5324116743471582,2021-02-07 05:13:51.950823,2021-02-07 05:14:07.704460,0 days 00:00:15.753637,0.02729768806953007,0.9383629381440026,0.37360288231870326,COMPLETE
1901,1901,0.5720430107526882,2021-02-07 05:14:07.705620,2021-02-07 05:14:24.012583,0 days 00:00:16.306963,0.021857061936518644,0.9484850706508479,0.16436018086694976,COMPLETE
1902,1902,0.5588325652841782,2021-02-07 05:14:24.013725,2021-02-07 05:14:40.456578,0 days 00:00:16.442853,0.06382266423495032,0.9532965552144129,0.21984577838756397,COMPLETE
1903,1903,0.5794162826420891,2021-02-07 05:14:40.457728,2021-02-07 05:15:01.489510,0 days 00:00:21.031782,0.04151359538603092,0.9396008439023317,0.26838855086819624,COMPLETE
1904,1904,0.567741935483871,2021-02-07 05:15:01.490670,2021-02-07 05:15:17.577476,0 days 00:00:16.086806,0.030188259104192438,0.9425917566128038,0.013681128670636849,COMPLETE
1905,1905,0.5791090629800307,2021-02-07 05:15:17.578640,2021-02-07 05:15:33.479202,0 days 00:00:15.900562,0.051389181771041154,0.946076793164226,0.047058517228009404,COMPLETE
1906,1906,0.5834101382488479,2021-02-07 05:15:33.480355,2021-02-07 05:15:50.027209,0 days 00:00:16.546854,0.015338175547277842,0.9409932620155315,0.30268832747186575,COMPLETE
1907,1907,0.5597542242703533,2021-02-07 05:15:50.028360,2021-02-07 05:16:05.930321,0 days 00:00:15.901961,0.0723877689344804,0.9512534489370748,0.20515143988365808,COMPLETE
1908,1908,0.6015360983102919,2021-02-07 05:16:05.931468,2021-02-07 05:16:21.808160,0 days 00:00:15.876692,0.024390668774354998,0.9566569443448577,0.24892492672633454,COMPLETE
1909,1909,0.5901689708141321,2021-02-07 05:16:21.809311,2021-02-07 05:16:37.950411,0 days 00:00:16.141100,0.03556105802973312,0.934840865403843,0.16816612933181824,COMPLETE
1910,1910,0.44516129032258067,2021-02-07 05:16:37.951576,2021-02-07 05:16:48.630777,0 days 00:00:10.679201,0.05685155488348148,0.9481434042303714,0.15657523494736889,COMPLETE
1911,1911,0.5284178187403994,2021-02-07 05:16:48.631939,2021-02-07 05:17:04.645593,0 days 00:00:16.013654,0.01877055010417568,0.9373276267580193,0.33072467879788814,COMPLETE
1912,1912,0.6055299539170507,2021-02-07 05:17:04.646759,2021-02-07 05:17:15.418280,0 days 00:00:10.771521,0.045110613657303275,0.9434197554720609,0.18524607130872495,COMPLETE
1913,1913,0.5490015360983103,2021-02-07 05:17:15.419442,2021-02-07 05:17:26.425825,0 days 00:00:11.006383,0.08553368902781752,0.9455428139149896,0.48498843266623065,COMPLETE
1914,1914,0.6036866359447005,2021-02-07 05:17:26.427011,2021-02-07 05:17:46.951549,0 days 00:00:20.524538,0.03087971930985219,0.9393031787333832,0.2728777107336236,COMPLETE
1915,1915,0.57357910906298,2021-02-07 05:17:46.952698,2021-02-07 05:17:57.977346,0 days 00:00:11.024648,0.0374860142748022,0.9501107345173826,0.23364596200556634,COMPLETE
1916,1916,0.5993855606758832,2021-02-07 05:17:57.978501,2021-02-07 05:18:13.833261,0 days 00:00:15.854760,0.02690339610500644,0.9409245139935581,0.148492640052399,COMPLETE
1917,1917,0.5686635944700461,2021-02-07 05:18:13.834426,2021-02-07 05:18:24.610135,0 days 00:00:10.775709,0.06510786157797312,0.9473988638885062,0.2878276588403163,COMPLETE
1918,1918,0.5560675883256528,2021-02-07 05:18:24.611299,2021-02-07 05:18:45.650723,0 days 00:00:21.039424,0.050819387265177804,0.9436848332821662,0.072866543214452,COMPLETE
1919,1919,0.5705069124423963,2021-02-07 05:18:45.651871,2021-02-07 05:19:01.890760,0 days 00:00:16.238889,0.020597829411828236,0.9356120388546911,0.17374028316246978,COMPLETE
1920,1920,0.4949308755760369,2021-02-07 05:19:01.891914,2021-02-07 05:19:12.959177,0 days 00:00:11.067263,0.04212518701667069,0.9543280031989074,0.2552911443426918,COMPLETE
1921,1921,0.5563748079877112,2021-02-07 05:19:12.960326,2021-02-07 05:19:28.802748,0 days 00:00:15.842422,0.030524476753898352,0.9604467714120979,0.19992512379383903,COMPLETE
1922,1922,0.5563748079877112,2021-02-07 05:19:28.803914,2021-02-07 05:19:39.566157,0 days 00:00:10.762243,0.02476720838588145,0.9663829003474567,0.22771927379403703,COMPLETE
1923,1923,0.5812596006144394,2021-02-07 05:19:39.567322,2021-02-07 05:19:55.466460,0 days 00:00:15.899138,0.05493478953754994,0.9524611837297692,0.2108800345192077,COMPLETE
1924,1924,0.5293394777265745,2021-02-07 05:19:55.467628,2021-02-07 05:20:06.485645,0 days 00:00:11.018017,0.036799285257979236,0.9381789863752386,0.32217722663783477,COMPLETE
1925,1925,0.5904761904761905,2021-02-07 05:20:06.486821,2021-02-07 05:20:22.320298,0 days 00:00:15.833477,0.09936457991137415,0.9420530418620048,0.18527144138169835,COMPLETE
1926,1926,0.5748079877112136,2021-02-07 05:20:22.321458,2021-02-07 05:20:38.176137,0 days 00:00:15.854679,0.016904702686502304,0.9632202807919841,0.24486404969486247,COMPLETE
1927,1927,0.5542242703533026,2021-02-07 05:20:38.177304,2021-02-07 05:20:49.039591,0 days 00:00:10.862287,0.04584153675682359,0.9451470408206493,0.2977328659628903,COMPLETE
1928,1928,0.5658986175115207,2021-02-07 05:20:49.040751,2021-02-07 05:21:05.176093,0 days 00:00:16.135342,0.07018490990300062,0.9365088586179191,0.016250271437776177,COMPLETE
1929,1929,0.46052227342549923,2021-02-07 05:21:05.177244,2021-02-07 05:21:16.075125,0 days 00:00:10.897881,0.022211226610828458,0.9482105207239246,0.010060753894950382,COMPLETE
1930,1930,0.6070660522273426,2021-02-07 05:21:16.076287,2021-02-07 05:21:26.885990,0 days 00:00:10.809703,0.0322627253056867,0.9498517893388511,0.1640805260878176,COMPLETE
1931,1931,0.5963133640552996,2021-02-07 05:21:26.887163,2021-02-07 05:21:43.063834,0 days 00:00:16.176671,0.061847518569807115,0.9396976251091891,0.27246658865405327,COMPLETE
1932,1932,0.5655913978494623,2021-02-07 05:21:43.064997,2021-02-07 05:21:59.051164,0 days 00:00:15.986167,0.003524891410452231,0.9463819574944545,0.052754829342314,COMPLETE
1933,1933,0.556989247311828,2021-02-07 05:21:59.052325,2021-02-07 05:22:09.943881,0 days 00:00:10.891556,0.040929415048574065,0.9335608790513281,0.03246501807894476,COMPLETE
1934,1934,0.5019969278033795,2021-02-07 05:22:09.945044,2021-02-07 05:22:25.852133,0 days 00:00:15.907089,0.026746020682769944,0.9715564623146147,0.25985301085152146,COMPLETE
1935,1935,0.5803379416282642,2021-02-07 05:22:25.853289,2021-02-07 05:22:46.986742,0 days 00:00:21.133453,0.0824749699962946,0.9428586963428576,0.15131333106967065,COMPLETE
1936,1936,0.5913978494623656,2021-02-07 05:22:46.987913,2021-02-07 05:23:03.108756,0 days 00:00:16.120843,0.05090795933732036,0.9407841097579283,0.223098249190055,COMPLETE
1937,1937,0.5646697388632872,2021-02-07 05:23:03.109918,2021-02-07 05:23:19.202143,0 days 00:00:16.092225,0.032831121087807016,0.9447389741829616,0.18060208419031382,COMPLETE
1938,1938,0.6003072196620584,2021-02-07 05:23:19.203325,2021-02-07 05:23:30.338008,0 days 00:00:11.134683,0.03944430424680774,0.9688933880868978,0.023126371098411095,COMPLETE
1939,1939,0.482642089093702,2021-02-07 05:23:30.339176,2021-02-07 05:23:55.792931,0 days 00:00:25.453755,0.05997152435885826,0.9377526132930638,0.20177591765785977,COMPLETE
1940,1940,0.5655913978494623,2021-02-07 05:23:55.794089,2021-02-07 05:24:06.710738,0 days 00:00:10.916649,0.023111316992760346,0.9393834745340618,0.3101325404795549,COMPLETE
1941,1941,0.5588325652841782,2021-02-07 05:24:06.711901,2021-02-07 05:24:17.914097,0 days 00:00:11.202196,0.019182616045403424,0.9516046398041217,0.2825975982105573,COMPLETE
1942,1942,0.5966205837173579,2021-02-07 05:24:17.915284,2021-02-07 05:24:28.451219,0 days 00:00:10.535935,0.02861522888797123,0.949435537614687,0.019169722388503292,COMPLETE
1943,1943,0.5858678955453149,2021-02-07 05:24:28.452369,2021-02-07 05:24:39.304287,0 days 00:00:10.851918,0.014038543353655597,0.9313473505514771,0.14127175637441622,COMPLETE
1944,1944,0.471889400921659,2021-02-07 05:24:39.305444,2021-02-07 05:24:55.079831,0 days 00:00:15.774387,0.04595324503699629,0.9588388549449661,0.24171892259386477,COMPLETE
1945,1945,0.5723502304147465,2021-02-07 05:24:55.081003,2021-02-07 05:25:06.246721,0 days 00:00:11.165718,0.07067823614961914,0.9422141223357708,0.16967012279730007,COMPLETE
1946,1946,0.5680491551459294,2021-02-07 05:25:06.247889,2021-02-07 05:25:22.161640,0 days 00:00:15.913751,0.034342984567974286,0.9471434502247648,0.21532795610506478,COMPLETE
1947,1947,0.5059907834101383,2021-02-07 05:25:22.162808,2021-02-07 05:25:32.815554,0 days 00:00:10.652746,0.09901746096896659,0.9347176960069743,0.2664880002970791,COMPLETE
1948,1948,0.5195084485407067,2021-02-07 05:25:32.816716,2021-02-07 05:25:49.045432,0 days 00:00:16.228716,0.052238242249536944,0.9443854275724903,0.19345038440782572,COMPLETE
1949,1949,0.5631336405529954,2021-02-07 05:25:49.046598,2021-02-07 05:25:59.792721,0 days 00:00:10.746123,0.026833321784561198,0.9613529023410218,0.15863347149322557,COMPLETE
1950,1950,0.5634408602150538,2021-02-07 05:25:59.793888,2021-02-07 05:26:15.398421,0 days 00:00:15.604533,6.974381293478124e-05,0.954967176990238,0.23579865354776777,COMPLETE
1951,1951,0.5705069124423963,2021-02-07 05:26:15.399617,2021-02-07 05:26:26.008655,0 days 00:00:10.609038,0.03774053471526801,0.9371824849600949,0.29353205803103344,COMPLETE
1952,1952,0.5253456221198156,2021-02-07 05:26:26.009814,2021-02-07 05:26:41.999302,0 days 00:00:15.989488,0.045764093333235195,0.9414998794331629,0.17924240793153093,COMPLETE
1953,1953,0.5090629800307219,2021-02-07 05:26:42.000478,2021-02-07 05:26:58.147139,0 days 00:00:16.146661,0.05906524777658729,0.9469628676057597,0.08183141328261684,COMPLETE
1954,1954,0.5293394777265745,2021-02-07 05:26:58.148296,2021-02-07 05:27:08.855917,0 days 00:00:10.707621,0.021706046874278125,0.9391248368763936,0.3486701762256991,COMPLETE
1955,1955,0.5821812596006144,2021-02-07 05:27:08.857085,2021-02-07 05:27:20.186173,0 days 00:00:11.329088,0.08141686669965995,0.9524323170437748,0.25687343861686046,COMPLETE
1956,1956,0.5895545314900154,2021-02-07 05:27:20.187369,2021-02-07 05:27:35.940538,0 days 00:00:15.753169,0.016614322443076132,0.9569527360172149,0.10496508769989911,COMPLETE
1957,1957,0.5529953917050692,2021-02-07 05:27:35.941714,2021-02-07 05:27:46.821420,0 days 00:00:10.879706,0.029188341639734598,0.9641557578686603,0.06612033904733174,COMPLETE
1958,1958,0.6178187403993856,2021-02-07 05:27:46.822584,2021-02-07 05:27:57.960689,0 days 00:00:11.138105,0.03651834647993974,0.9496897951550309,0.04399423818406573,COMPLETE
1959,1959,0.4817204301075269,2021-02-07 05:27:57.961855,2021-02-07 05:28:08.907008,0 days 00:00:10.945153,0.04473778664131541,0.9434186600225873,0.21729052553159847,COMPLETE
1960,1960,0.5895545314900154,2021-02-07 05:28:08.908182,2021-02-07 05:28:30.271064,0 days 00:00:21.362882,0.024287079479923823,0.9453821009127364,0.19539273236985943,COMPLETE
1961,1961,0.5849462365591398,2021-02-07 05:28:30.272233,2021-02-07 05:28:46.028651,0 days 00:00:15.756418,0.058692634339249726,0.9404112178913585,0.17165190384937923,COMPLETE
1962,1962,0.5956989247311828,2021-02-07 05:28:46.029818,2021-02-07 05:28:57.150723,0 days 00:00:11.120905,0.07282168095943814,0.9362892980721829,0.2805899131725403,COMPLETE
1963,1963,0.4943164362519201,2021-02-07 05:28:57.151907,2021-02-07 05:29:08.009043,0 days 00:00:10.857136,0.03275032367224327,0.938490786996765,0.3220263145197877,COMPLETE
1964,1964,0.5324116743471582,2021-02-07 05:29:08.010249,2021-02-07 05:29:23.753292,0 days 00:00:15.743043,0.018424505421537698,0.9489801359325455,0.14919114085593732,COMPLETE
1965,1965,0.47465437788018433,2021-02-07 05:29:23.754460,2021-02-07 05:29:39.416167,0 days 00:00:15.661707,0.048469573614888246,0.9423715587636011,0.23751792161350196,COMPLETE
1966,1966,0.5265745007680491,2021-02-07 05:29:39.417336,2021-02-07 05:29:50.707744,0 days 00:00:11.290408,0.04125511753214069,0.9508600860163842,0.025514074624947532,COMPLETE
1967,1967,0.5554531490015361,2021-02-07 05:29:50.708921,2021-02-07 05:30:01.605344,0 days 00:00:10.896423,0.026729780850930387,0.9466017607316817,0.2678855758758912,COMPLETE
1968,1968,0.5797235023041475,2021-02-07 05:30:01.606523,2021-02-07 05:30:12.731373,0 days 00:00:11.124850,0.05624948641786339,0.9350217954249304,0.15895541402567745,COMPLETE
1969,1969,0.5112135176651306,2021-02-07 05:30:12.732538,2021-02-07 05:30:23.869928,0 days 00:00:11.137390,0.035029213577790104,0.9434147953891984,0.18863088639118944,COMPLETE
1970,1970,0.5938556067588325,2021-02-07 05:30:23.871104,2021-02-07 05:30:34.817835,0 days 00:00:10.946731,0.07052523135166645,0.9534936251305525,0.24855487286749736,COMPLETE
1971,1971,0.4236559139784946,2021-02-07 05:30:34.819024,2021-02-07 05:30:50.538061,0 days 00:00:15.719037,0.0006457898204250671,0.9656977560747573,0.037796109014028065,COMPLETE
1972,1972,0.552073732718894,2021-02-07 05:30:50.539249,2021-02-07 05:31:01.476594,0 days 00:00:10.937345,0.02059730345990469,0.940223671180431,0.029703443523635676,COMPLETE
1973,1973,0.57357910906298,2021-02-07 05:31:01.477779,2021-02-07 05:31:22.795876,0 days 00:00:21.318097,0.028437799053886128,0.945362816547305,0.20772843034021501,COMPLETE
1974,1974,0.5551459293394777,2021-02-07 05:31:22.797056,2021-02-07 05:31:39.123853,0 days 00:00:16.326797,0.03933212611009888,0.9478625696935966,0.021132091627217665,COMPLETE
1975,1975,0.5778801843317972,2021-02-07 05:31:39.125023,2021-02-07 05:31:50.272607,0 days 00:00:11.147584,0.0501283058710673,0.93714375067355,0.3046747055353724,COMPLETE
1976,1976,0.6073732718894009,2021-02-07 05:31:50.273787,2021-02-07 05:32:01.066077,0 days 00:00:10.792290,0.024178544668031987,0.9411871252613929,0.17480182635263639,COMPLETE
1977,1977,0.5278033794162826,2021-02-07 05:32:01.067263,2021-02-07 05:32:17.127545,0 days 00:00:16.060282,0.06603769005359449,0.9386476066076189,0.14005694884792388,COMPLETE
1978,1978,0.5397849462365591,2021-02-07 05:32:17.128724,2021-02-07 05:32:27.758433,0 days 00:00:10.629709,0.03272718425161451,0.9674662490468271,0.22836026098896225,COMPLETE
1979,1979,0.5069124423963134,2021-02-07 05:32:27.759624,2021-02-07 05:32:38.622892,0 days 00:00:10.863268,0.015275211373463025,0.9447354194917883,0.27695993271589475,COMPLETE
1980,1980,0.5317972350230414,2021-02-07 05:32:38.624075,2021-02-07 05:32:54.114124,0 days 00:00:15.490049,0.08823623666709143,0.9732877559541039,0.16128298370691824,COMPLETE
1981,1981,0.5806451612903226,2021-02-07 05:32:54.115305,2021-02-07 05:33:04.853159,0 days 00:00:10.737854,0.04203097493923803,0.9509277044035259,0.2608419873916593,COMPLETE
1982,1982,0.48110599078341015,2021-02-07 05:33:04.854347,2021-02-07 05:33:15.689193,0 days 00:00:10.834846,0.0017875063098700087,0.9590068565143884,0.29660952271751584,COMPLETE
1983,1983,0.602457757296467,2021-02-07 05:33:15.690380,2021-02-07 05:33:26.326132,0 days 00:00:10.635752,0.05488103590248809,0.9629088689390559,0.20354363890194405,COMPLETE
1984,1984,0.6135176651305684,2021-02-07 05:33:26.327318,2021-02-07 05:33:37.291465,0 days 00:00:10.964147,0.028693829135012183,0.933440795406005,0.1849455713738982,COMPLETE
1985,1985,0.4731182795698925,2021-02-07 05:33:37.292650,2021-02-07 05:33:48.259437,0 days 00:00:10.966787,0.022007615141784342,0.9422805319131575,0.24504853243282598,COMPLETE
1986,1986,0.5938556067588325,2021-02-07 05:33:48.260608,2021-02-07 05:33:59.234724,0 days 00:00:10.974116,0.04618201852053917,0.9362943673062695,0.057707037283533824,COMPLETE
1987,1987,0.5026113671274962,2021-02-07 05:33:59.235919,2021-02-07 05:34:15.097750,0 days 00:00:15.861831,0.032311738954646965,0.9393209356782344,0.22936932355740533,COMPLETE
1988,1988,0.5658986175115207,2021-02-07 05:34:15.098956,2021-02-07 05:34:26.151136,0 days 00:00:11.052180,0.058271111827449026,0.9477320855945974,0.1706109452958245,COMPLETE
1989,1989,0.5708141321044546,2021-02-07 05:34:26.152331,2021-02-07 05:34:37.018218,0 days 00:00:10.865887,0.03723704170090367,0.9554667120168483,0.3207896768701528,COMPLETE
1990,1990,0.5938556067588325,2021-02-07 05:34:37.019422,2021-02-07 05:35:02.726827,0 days 00:00:25.707405,0.01877843366847185,0.9439281703395708,0.01195609867803318,COMPLETE
1991,1991,0.5287250384024578,2021-02-07 05:35:02.728003,2021-02-07 05:35:18.774867,0 days 00:00:16.046864,0.07085947630187257,0.94629503478111,0.21412592806395417,COMPLETE
1992,1992,0.6086021505376344,2021-02-07 05:35:18.776064,2021-02-07 05:35:39.588240,0 days 00:00:20.812176,0.012114476426109883,0.9405272504493423,0.14897266488815225,COMPLETE
1993,1993,0.5646697388632872,2021-02-07 05:35:39.589428,2021-02-07 05:36:00.129215,0 days 00:00:20.539787,0.024448189303839508,0.9699268246329409,0.28210015727767934,COMPLETE
1994,1994,0.5769585253456221,2021-02-07 05:36:00.130393,2021-02-07 05:36:16.013932,0 days 00:00:15.883539,0.04740383251787543,0.9377201490364753,0.257184802176505,COMPLETE
1995,1995,0.6055299539170507,2021-02-07 05:36:16.015129,2021-02-07 05:36:27.194888,0 days 00:00:11.179759,0.039506348132665806,0.9496277770067701,0.19504694570348036,COMPLETE
1996,1996,0.5477726574500767,2021-02-07 05:36:27.196091,2021-02-07 05:36:37.949473,0 days 00:00:10.753382,0.02918966023948558,0.9421499922918191,0.16206100298376044,COMPLETE
1997,1997,0.5993855606758832,2021-02-07 05:36:37.950670,2021-02-07 05:36:48.554614,0 days 00:00:10.603944,0.05776896992562891,0.9572905587650311,0.18058768068203476,COMPLETE
1998,1998,0.5582181259600615,2021-02-07 05:36:48.555812,2021-02-07 05:37:04.732824,0 days 00:00:16.177012,0.08255623707984454,0.9485826981150135,0.12750058406078368,COMPLETE
1999,1999,0.5680491551459294,2021-02-07 05:37:04.734025,2021-02-07 05:37:15.502744,0 days 00:00:10.768719,0.03196638456468808,0.9522219791782769,0.29792485229835963,COMPLETE
2000,2000,0.49585253456221196,2021-02-07 05:37:15.503927,2021-02-07 05:37:25.941579,0 days 00:00:10.437652,0.020513875152292107,0.9616711203072366,0.034407732179342405,COMPLETE
2001,2001,0.49923195084485406,2021-02-07 05:37:25.942783,2021-02-07 05:37:36.771847,0 days 00:00:10.829064,0.04327397626274783,0.9437867349981929,0.22291484547316423,COMPLETE
2002,2002,0.5990783410138248,2021-02-07 05:37:36.773042,2021-02-07 05:37:52.921695,0 days 00:00:16.148653,0.050946756612059094,0.9355687789400939,0.2456783675842089,COMPLETE
2003,2003,0.469431643625192,2021-02-07 05:37:52.922900,2021-02-07 05:38:03.955725,0 days 00:00:11.032825,0.026018309814066342,0.9392109742935127,0.2762899494427127,COMPLETE
2004,2004,0.565284178187404,2021-02-07 05:38:03.956899,2021-02-07 05:38:14.793314,0 days 00:00:10.836415,0.03379251805565526,0.9448438340455735,0.34307338674554055,COMPLETE
2005,2005,0.5815668202764976,2021-02-07 05:38:14.794492,2021-02-07 05:38:36.318138,0 days 00:00:21.523646,0.004993621714620938,0.9466609176116736,0.14026285019773535,COMPLETE
2006,2006,0.5422427035330261,2021-02-07 05:38:36.319327,2021-02-07 05:38:47.807393,0 days 00:00:11.488066,0.06836855496413301,0.9410664769333902,0.1978484507393233,COMPLETE
2007,2007,0.6039938556067588,2021-02-07 05:38:47.808580,2021-02-07 05:38:59.032399,0 days 00:00:11.223819,0.017678372194402533,0.9376862582450172,0.02024555297732783,COMPLETE
2008,2008,0.5858678955453149,2021-02-07 05:38:59.033582,2021-02-07 05:39:14.833149,0 days 00:00:15.799567,0.0396000323704643,0.9599823232073976,0.26211937637260246,COMPLETE
2009,2009,0.4448540706605223,2021-02-07 05:39:14.834348,2021-02-07 05:39:25.991424,0 days 00:00:11.157076,0.00113231636608037,0.9313734017015406,0.017985600084863707,COMPLETE
2010,2010,0.5852534562211982,2021-02-07 05:39:25.992616,2021-02-07 05:39:37.021436,0 days 00:00:11.028820,0.02461232278561264,0.9507404763067661,0.17081236218817056,COMPLETE
2011,2011,0.5192012288786483,2021-02-07 05:39:37.022636,2021-02-07 05:39:47.780633,0 days 00:00:10.757997,0.09950965816891957,0.947977716827243,0.3759183243891553,COMPLETE
2012,2012,0.5053763440860215,2021-02-07 05:39:47.781827,2021-02-07 05:39:58.630965,0 days 00:00:10.849138,0.062182242770413336,0.9535075329102013,0.06102086985805321,COMPLETE
2013,2013,0.570199692780338,2021-02-07 05:39:58.632164,2021-02-07 05:40:09.533054,0 days 00:00:10.900890,0.04858958591436456,0.9348163612402614,0.15693173619851547,COMPLETE
2014,2014,0.5898617511520737,2021-02-07 05:40:09.534253,2021-02-07 05:40:25.497635,0 days 00:00:15.963382,0.02919180324302427,0.9428518291763318,0.22501733882501007,COMPLETE
2015,2015,0.535483870967742,2021-02-07 05:40:25.498836,2021-02-07 05:40:41.442859,0 days 00:00:15.944023,0.0810824806009767,0.939146613472185,0.1862556321243824,COMPLETE
