,number,value,datetime_start,datetime_complete,duration,params_lr,params_nl2,params_num_ct,params_scheduler_gamma,params_sigma2,params_weight_decay,state
1887,1887,,2021-02-08 21:43:16.139693,2021-02-08 21:43:16.930251,0 days 00:00:00.790558,0.00027922748881279666,9,0,0.9895887960135928,12,0.028952757612465397,FAIL
1888,1888,,2021-02-08 21:43:16.931795,2021-02-08 21:43:17.598477,0 days 00:00:00.666682,0.00028158534747950144,9,0,0.9898521258430973,12,0.03634410519418851,FAIL
1889,1889,,2021-02-08 21:43:17.599394,2021-02-08 21:43:18.240436,0 days 00:00:00.641042,0.0018323328617071964,9,0,0.9895583406389129,16,0.03716995348272943,FAIL
1890,1890,,2021-02-08 21:43:18.241291,2021-02-08 21:43:18.880692,0 days 00:00:00.639401,0.0017208216129405865,9,0,0.9897506817978362,12,0.023457320976258553,FAIL
1891,1891,,2021-02-08 21:43:18.881543,2021-02-08 21:43:19.533895,0 days 00:00:00.652352,0.0016289629535310441,9,0,0.9897643668341384,16,0.022594897308063418,FAIL
1892,1892,,2021-02-08 21:43:19.534772,2021-02-08 21:43:20.190985,0 days 00:00:00.656213,0.00163074620549439,9,0,0.9898108267320826,12,0.03566097548383711,FAIL
1893,1893,,2021-02-08 21:43:20.191830,2021-02-08 21:43:20.860933,0 days 00:00:00.669103,0.0016603789574135034,9,0,0.9647233189685491,16,0.02928890154612656,FAIL
1894,1894,,2021-02-08 21:43:20.862036,2021-02-08 21:43:21.523263,0 days 00:00:00.661227,0.013143919028969336,9,0,0.9242434574018268,12,0.029020807754838694,FAIL
1895,1895,,2021-02-08 21:43:21.524103,2021-02-08 21:43:22.315725,0 days 00:00:00.791622,0.014375364799015059,9,0,0.9896991804194049,12,0.023213248913158777,FAIL
1896,1896,,2021-02-08 21:43:22.316599,2021-02-08 21:43:22.965940,0 days 00:00:00.649341,0.0016927306540444227,9,0,0.9897707459923641,12,0.0234932906644019,FAIL
1897,1897,,2021-02-08 21:43:22.966822,2021-02-08 21:43:23.621329,0 days 00:00:00.654507,0.0016968685272935058,9,0,0.9664072988122667,16,0.022936958834506888,FAIL
1898,1898,,2021-02-08 21:43:23.622186,2021-02-08 21:43:24.273877,0 days 00:00:00.651691,0.001495880915339343,9,0,0.968309493152915,12,0.028443257142163843,FAIL
1899,1899,,2021-02-08 21:43:24.274726,2021-02-08 21:43:24.929777,0 days 00:00:00.655051,0.0016883844564229253,9,0,0.9894739047961106,12,0.02334261576687757,FAIL
1900,1900,,2021-02-08 21:43:24.930626,2021-02-08 21:43:25.577002,0 days 00:00:00.646376,0.0018966350034496562,9,0,0.9261210002397829,16,0.0229570901578926,FAIL
1901,1901,,2021-02-08 21:43:25.577904,2021-02-08 21:43:26.243913,0 days 00:00:00.666009,0.001556416576694647,9,0,0.9659336995608885,12,0.023692509017900328,FAIL
1902,1902,,2021-02-08 21:43:26.244779,2021-02-08 21:43:26.894459,0 days 00:00:00.649680,0.0018245834155776368,9,0,0.965393689800955,12,0.02856681741140312,FAIL
1903,1903,,2021-02-08 21:43:26.895930,2021-02-08 21:43:27.689344,0 days 00:00:00.793414,0.00047382039107384677,9,0,0.9224388169785384,12,0.024147738714061652,FAIL
1904,1904,,2021-02-08 21:43:27.690847,2021-02-08 21:43:28.363628,0 days 00:00:00.672781,0.00161473262935299,9,0,0.9898049338399698,12,0.028947679093024054,FAIL
1905,1905,,2021-02-08 21:43:28.364608,2021-02-08 21:43:28.999786,0 days 00:00:00.635178,0.00041213147573728934,9,0,0.9655261532931244,12,0.023724151217869104,FAIL
1906,1906,,2021-02-08 21:43:29.000740,2021-02-08 21:43:29.670521,0 days 00:00:00.669781,0.0015589362104126668,9,0,0.9662194074405132,12,0.022935143561863644,FAIL
1907,1907,,2021-02-08 21:43:29.672040,2021-02-08 21:43:30.355260,0 days 00:00:00.683220,0.0016169227512292082,9,0,0.9652799578262377,12,0.028249125743910215,FAIL
1908,1908,,2021-02-08 21:43:30.356176,2021-02-08 21:43:31.017701,0 days 00:00:00.661525,0.0017241518595633074,9,0,0.9899071449022069,16,0.02330711156419611,FAIL
1909,1909,,2021-02-08 21:43:31.019136,2021-02-08 21:43:31.691863,0 days 00:00:00.672727,0.00027646592663845075,9,0,0.9656908451805455,12,0.022956628195408026,FAIL
1910,1910,,2021-02-08 21:43:31.692721,2021-02-08 21:43:32.347277,0 days 00:00:00.654556,0.0004825936319546007,9,0,0.9248764769549366,12,0.028315562214503147,FAIL
1911,1911,,2021-02-08 21:43:32.348747,2021-02-08 21:43:33.159645,0 days 00:00:00.810898,1.003122940344115e-05,9,0,0.9653232167480177,12,0.02282092320546583,FAIL
1912,1912,,2021-02-08 21:43:33.161159,2021-02-08 21:43:33.820211,0 days 00:00:00.659052,0.0004848992875854655,9,0,0.9659182653896045,16,0.030100336307605665,FAIL
1913,1913,,2021-02-08 21:43:33.821716,2021-02-08 21:43:34.546935,0 days 00:00:00.725219,0.000706849862388226,9,0,0.9253792592947939,16,0.022679305782883952,FAIL
1914,1914,,2021-02-08 21:43:34.548427,2021-02-08 21:43:35.262584,0 days 00:00:00.714157,0.0866694150199485,9,0,0.9658815267103766,12,0.027752134093534688,FAIL
1915,1915,,2021-02-08 21:43:35.264053,2021-02-08 21:43:35.940747,0 days 00:00:00.676694,0.00175731413110214,9,0,0.9658962065662963,16,0.023588539901141844,FAIL
1916,1916,,2021-02-08 21:43:35.941601,2021-02-08 21:43:36.595358,0 days 00:00:00.653757,0.0017831283594378499,9,0,0.9654179357861595,12,0.027268038173525477,FAIL
1917,1917,,2021-02-08 21:43:36.596226,2021-02-08 21:43:37.252643,0 days 00:00:00.656417,0.001469179546544225,9,0,0.9667612247982611,16,0.02818767361644629,FAIL
1918,1918,,2021-02-08 21:43:37.253513,2021-02-08 21:43:37.897622,0 days 00:00:00.644109,0.00041480971111681054,9,0,0.9897318681116178,12,0.023419660455916928,FAIL
1919,1919,,2021-02-08 21:43:37.898476,2021-02-08 21:43:38.542569,0 days 00:00:00.644093,0.012646527709917369,9,0,0.9653699343697909,16,0.023136891689841607,FAIL
1920,1920,,2021-02-08 21:43:38.543440,2021-02-08 21:43:39.330882,0 days 00:00:00.787442,0.0004983548377898942,9,0,0.9890567307948415,12,0.02360451905989713,FAIL
1921,1921,,2021-02-08 21:43:39.331754,2021-02-08 21:43:39.975354,0 days 00:00:00.643600,0.0015449109201558378,9,0,0.9250832058709588,16,0.028301328183477997,FAIL
1922,1922,,2021-02-08 21:43:39.976228,2021-02-08 21:43:40.627443,0 days 00:00:00.651215,0.00044442572100854836,9,0,0.9677223712500043,16,0.02848478891555776,FAIL
1923,1923,,2021-02-08 21:43:40.628341,2021-02-08 21:43:41.288645,0 days 00:00:00.660304,0.0015509395683969915,9,0,0.9657443008081358,16,0.023914128185260702,FAIL
1924,1924,,2021-02-08 21:43:41.289517,2021-02-08 21:43:41.938307,0 days 00:00:00.648790,0.00046585184207372475,9,0,0.923432630535475,12,0.03520850451285762,FAIL
1925,1925,,2021-02-08 21:43:41.939187,2021-02-08 21:43:42.585155,0 days 00:00:00.645968,0.001739607074370659,9,0,0.9661549343266818,16,0.023118094899139883,FAIL
1926,1926,,2021-02-08 21:43:42.586028,2021-02-08 21:43:43.244738,0 days 00:00:00.658710,0.0004403583125934778,9,0,0.9659136310222437,12,0.027930574196909475,FAIL
1927,1927,,2021-02-08 21:43:43.246241,2021-02-08 21:43:43.953555,0 days 00:00:00.707314,0.001594099638028705,9,0,0.9228422219652238,16,0.027302950216373037,FAIL
1928,1928,,2021-02-08 21:43:43.954399,2021-02-08 21:43:44.729570,0 days 00:00:00.775171,0.0016183859982245156,9,0,0.9227990636780374,16,0.02765581338861565,FAIL
1929,1929,,2021-02-08 21:43:44.731117,2021-02-08 21:43:45.428462,0 days 00:00:00.697345,0.0016512314845144084,9,0,0.9227701182502369,12,0.027736910334998265,FAIL
1930,1930,,2021-02-08 21:43:45.429990,2021-02-08 21:43:46.096226,0 days 00:00:00.666236,0.0014737085240958906,9,0,0.9216653885657689,12,0.023276863393189524,FAIL
1931,1931,,2021-02-08 21:43:46.097705,2021-02-08 21:43:46.780005,0 days 00:00:00.682300,0.0015281321664301069,9,0,0.9653523972768674,12,0.02355736963516487,FAIL
1932,1932,,2021-02-08 21:43:46.780978,2021-02-08 21:43:47.431425,0 days 00:00:00.650447,0.011523156896317843,9,0,0.9330780075465934,16,0.022910989163961278,FAIL
1933,1933,,2021-02-08 21:43:47.432898,2021-02-08 21:43:48.096061,0 days 00:00:00.663163,0.001876445373669571,9,0,0.9895059573984721,12,0.027748403343903705,FAIL
1934,1934,0.5508448540706605,2021-02-08 21:43:48.096933,2021-02-08 21:43:59.282912,0 days 00:00:11.185979,0.0017104390848151163,9,4,0.9899750229015142,12,0.03634397750059029,COMPLETE
1935,1935,,2021-02-08 21:43:59.284902,2021-02-08 21:43:59.974927,0 days 00:00:00.690025,0.0007591606062781937,5,0,0.9262861663951347,14,0.02747754065789971,FAIL
1936,1936,,2021-02-08 21:43:59.976461,2021-02-08 21:44:00.705771,0 days 00:00:00.729310,0.00026560387348541193,11,0,0.9685608099692068,14,0.02366929610407252,FAIL
1937,1937,,2021-02-08 21:44:00.706672,2021-02-08 21:44:01.373244,0 days 00:00:00.666572,0.017578549138871653,5,0,0.9650704848280592,14,0.02789652955054647,FAIL
1938,1938,,2021-02-08 21:44:01.374775,2021-02-08 21:44:02.062776,0 days 00:00:00.688001,0.00042799835405216483,5,0,0.9655456346203513,14,0.022950455053540222,FAIL
1939,1939,,2021-02-08 21:44:02.064287,2021-02-08 21:44:02.744474,0 days 00:00:00.680187,0.0004884972958831804,5,0,0.927457308152172,14,0.023213774882803902,FAIL
1940,1940,,2021-02-08 21:44:02.745344,2021-02-08 21:44:03.390987,0 days 00:00:00.645643,0.0004692183684791157,11,0,0.9647151158325986,14,0.028244202968087995,FAIL
1941,1941,,2021-02-08 21:44:03.391849,2021-02-08 21:44:04.062140,0 days 00:00:00.670291,0.0004789447987868114,5,0,0.9250291251278103,14,0.023627476476397378,FAIL
1942,1942,,2021-02-08 21:44:04.063656,2021-02-08 21:44:04.752836,0 days 00:00:00.689180,0.000771550710626248,11,0,0.964724329059703,14,0.024558496382252996,FAIL
1943,1943,,2021-02-08 21:44:04.753827,2021-02-08 21:44:05.541450,0 days 00:00:00.787623,0.014774923590254811,5,0,0.924866609443985,14,0.027315599416604466,FAIL
1944,1944,,2021-02-08 21:44:05.542950,2021-02-08 21:44:06.227499,0 days 00:00:00.684549,0.013130559855364758,11,0,0.9263509893345757,14,0.028123711519506593,FAIL
1945,1945,,2021-02-08 21:44:06.228966,2021-02-08 21:44:06.897625,0 days 00:00:00.668659,0.0004899431622523451,5,0,0.9685900015996616,14,0.02758027795028541,FAIL
1946,1946,0.6294930875576037,2021-02-08 21:44:06.898487,2021-02-08 21:44:17.589966,0 days 00:00:10.691479,1.4241770824566387e-05,5,2,0.965327682595731,14,0.028401092238675523,COMPLETE
1947,1947,,2021-02-08 21:44:17.591249,2021-02-08 21:44:18.269723,0 days 00:00:00.678474,1.0317503653905665e-05,5,0,0.9646535419830029,14,0.02866799867914395,FAIL
1948,1948,,2021-02-08 21:44:18.270644,2021-02-08 21:44:18.916969,0 days 00:00:00.646325,1.1737747898157094e-05,5,0,0.9648829333243131,14,0.023813205112518433,FAIL
1949,1949,,2021-02-08 21:44:18.917864,2021-02-08 21:44:19.564886,0 days 00:00:00.647022,1.0445251868863482e-05,5,0,0.9660518707513632,14,0.027884514652184524,FAIL
1950,1950,,2021-02-08 21:44:19.566461,2021-02-08 21:44:20.385724,0 days 00:00:00.819263,1.0283836980386492e-05,5,0,0.9684866031360652,14,0.023345641085225112,FAIL
1951,1951,,2021-02-08 21:44:20.386598,2021-02-08 21:44:21.036044,0 days 00:00:00.649446,1.4871476276529963e-05,5,0,0.9645854874122599,14,0.023166627804368383,FAIL
1952,1952,,2021-02-08 21:44:21.037524,2021-02-08 21:44:21.714042,0 days 00:00:00.676518,1.34380418791015e-05,5,0,0.9654362169877388,14,0.023252214461015278,FAIL
1953,1953,,2021-02-08 21:44:21.715560,2021-02-08 21:44:22.381074,0 days 00:00:00.665514,1.0157635969178429e-05,5,0,0.9670976591670783,14,0.023882999430412763,FAIL
1954,1954,,2021-02-08 21:44:22.382579,2021-02-08 21:44:23.095948,0 days 00:00:00.713369,1.0328847727648998e-05,5,0,0.9666578207998282,14,0.023471270550946475,FAIL
1955,1955,,2021-02-08 21:44:23.096819,2021-02-08 21:44:23.748257,0 days 00:00:00.651438,1.0245666887777954e-05,5,0,0.9659530321757388,14,0.023486222567928938,FAIL
1956,1956,,2021-02-08 21:44:23.749791,2021-02-08 21:44:24.470045,0 days 00:00:00.720254,1.4693409773007435e-05,5,0,0.9563389992495965,14,0.027942378743549802,FAIL
1957,1957,,2021-02-08 21:44:24.470945,2021-02-08 21:44:25.115436,0 days 00:00:00.644491,1.426197917925174e-05,5,0,0.9654560797843262,14,0.02824462986464648,FAIL
1958,1958,,2021-02-08 21:44:25.116303,2021-02-08 21:44:25.879992,0 days 00:00:00.763689,1.3950836534545839e-05,5,0,0.968475169543924,14,0.02308462227275775,FAIL
1959,1959,,2021-02-08 21:44:25.880858,2021-02-08 21:44:26.523341,0 days 00:00:00.642483,1.3760343317855048e-05,5,0,0.9655041241493819,14,0.029509669630251863,FAIL
1960,1960,,2021-02-08 21:44:26.524236,2021-02-08 21:44:27.172868,0 days 00:00:00.648632,1.3874464310438758e-05,5,0,0.9694971762525257,14,0.02755709626607525,FAIL
1961,1961,,2021-02-08 21:44:27.173758,2021-02-08 21:44:27.821287,0 days 00:00:00.647529,1.4025922065648366e-05,5,0,0.9662790798438274,14,0.0230761640350434,FAIL
1962,1962,,2021-02-08 21:44:27.822169,2021-02-08 21:44:28.457288,0 days 00:00:00.635119,1.4500878628276138e-05,5,0,0.9657772796302222,14,0.028714445263786484,FAIL
1963,1963,,2021-02-08 21:44:28.458801,2021-02-08 21:44:29.142376,0 days 00:00:00.683575,0.0004529060339776451,5,0,0.9674003555141647,14,0.023410682872146805,FAIL
1964,1964,,2021-02-08 21:44:29.143280,2021-02-08 21:44:29.806166,0 days 00:00:00.662886,1.3553270071898949e-05,5,0,0.9655852238239723,14,0.023614495620293195,FAIL
1965,1965,,2021-02-08 21:44:29.807061,2021-02-08 21:44:30.467601,0 days 00:00:00.660540,1.4534094834909123e-05,7,0,0.9653269434868398,14,0.02790666636813332,FAIL
1966,1966,,2021-02-08 21:44:30.469117,2021-02-08 21:44:31.262454,0 days 00:00:00.793337,0.0004524969024098802,5,0,0.9646465260662226,14,0.027809445936736052,FAIL
1967,1967,,2021-02-08 21:44:31.264003,2021-02-08 21:44:31.929021,0 days 00:00:00.665018,0.00048445869748626097,5,0,0.964730602942112,14,0.028282173429384785,FAIL
1968,1968,,2021-02-08 21:44:31.930571,2021-02-08 21:44:32.598480,0 days 00:00:00.667909,1.443413365000976e-05,7,0,0.9673678958286533,14,0.02296447306005092,FAIL
1969,1969,,2021-02-08 21:44:32.599373,2021-02-08 21:44:33.236021,0 days 00:00:00.636648,1.4280629014501275e-05,5,0,0.9661790824518892,14,0.023646530666043254,FAIL
1970,1970,,2021-02-08 21:44:33.236921,2021-02-08 21:44:33.888429,0 days 00:00:00.651508,1.4041047337375564e-05,5,0,0.9658306519996601,14,0.02850135954899301,FAIL
1971,1971,,2021-02-08 21:44:33.889327,2021-02-08 21:44:34.545528,0 days 00:00:00.656201,1.0599783818235682e-05,5,0,0.9659910273965968,14,0.0224080602796355,FAIL
1972,1972,,2021-02-08 21:44:34.546515,2021-02-08 21:44:35.201208,0 days 00:00:00.654693,1.3975681870209026e-05,5,0,0.9657493458572001,14,0.028053747839630692,FAIL
1973,1973,,2021-02-08 21:44:35.202216,2021-02-08 21:44:35.857377,0 days 00:00:00.655161,1.4624277307800747e-05,5,0,0.9663620474806452,14,0.02357493919386221,FAIL
1974,1974,,2021-02-08 21:44:35.858251,2021-02-08 21:44:36.627598,0 days 00:00:00.769347,1.3703422364584346e-05,5,0,0.9681183493770463,14,0.02808128504424772,FAIL
1975,1975,,2021-02-08 21:44:36.628488,2021-02-08 21:44:37.274921,0 days 00:00:00.646433,1.0144849296343412e-05,5,0,0.9651803416263562,14,0.027905937986987716,FAIL
1976,1976,,2021-02-08 21:44:37.275790,2021-02-08 21:44:37.913692,0 days 00:00:00.637902,1.4232914415040009e-05,5,0,0.9659564548485523,16,0.027893637495085746,FAIL
1977,1977,,2021-02-08 21:44:37.914570,2021-02-08 21:44:38.556374,0 days 00:00:00.641804,0.0004317975992256135,5,0,0.9648140046900495,14,0.023073824289282226,FAIL
1978,1978,,2021-02-08 21:44:38.557905,2021-02-08 21:44:39.233008,0 days 00:00:00.675103,1.3778877965043287e-05,5,0,0.9657919230243965,14,0.023633081607028275,FAIL
1979,1979,,2021-02-08 21:44:39.233936,2021-02-08 21:44:39.895568,0 days 00:00:00.661632,1.4878045709911254e-05,5,0,0.9668342778361806,14,0.02919660313241276,FAIL
1980,1980,,2021-02-08 21:44:39.896457,2021-02-08 21:44:40.535817,0 days 00:00:00.639360,1.0067587170625837e-05,5,0,0.9651841660801364,14,0.02335737577730338,FAIL
1981,1981,,2021-02-08 21:44:40.536686,2021-02-08 21:44:41.185123,0 days 00:00:00.648437,1.560762062768243e-05,5,0,0.9653973776962826,14,0.023397738661507562,FAIL
1982,1982,,2021-02-08 21:44:41.186672,2021-02-08 21:44:41.921878,0 days 00:00:00.735206,0.0004743339387632997,5,0,0.9673775443042786,14,0.0230124865322777,FAIL
1983,1983,,2021-02-08 21:44:41.922770,2021-02-08 21:44:42.698462,0 days 00:00:00.775692,1.3394949800638347e-05,5,0,0.9653249180267301,14,0.023790626733362165,FAIL
1984,1984,,2021-02-08 21:44:42.699440,2021-02-08 21:44:43.366376,0 days 00:00:00.666936,0.00027040253232126144,5,0,0.9651641694379669,14,0.023481175373799037,FAIL
1985,1985,,2021-02-08 21:44:43.367908,2021-02-08 21:44:44.046808,0 days 00:00:00.678900,1.248311154492355e-05,5,0,0.9656636758040488,14,0.022926649054096936,FAIL
1986,1986,,2021-02-08 21:44:44.047777,2021-02-08 21:44:44.717742,0 days 00:00:00.669965,1.4653222227814298e-05,5,0,0.9573790291674517,14,0.022896862911393347,FAIL
1987,1987,,2021-02-08 21:44:44.718623,2021-02-08 21:44:45.365037,0 days 00:00:00.646414,1.3428466660095702e-05,5,0,0.9655063601068463,14,0.023336839089013555,FAIL
1988,1988,,2021-02-08 21:44:45.366550,2021-02-08 21:44:46.085487,0 days 00:00:00.718937,1.3817067220936952e-05,5,0,0.96677160718048,14,0.02941607555905008,FAIL
1989,1989,,2021-02-08 21:44:46.087032,2021-02-08 21:44:46.768566,0 days 00:00:00.681534,0.0004354631694099291,5,0,0.9648008237573763,14,0.02805844529560941,FAIL
1990,1990,,2021-02-08 21:44:46.770056,2021-02-08 21:44:47.454873,0 days 00:00:00.684817,1.4668440985328689e-05,5,0,0.9587246408940604,14,0.023218319610697473,FAIL
1991,1991,,2021-02-08 21:44:47.455795,2021-02-08 21:44:48.237636,0 days 00:00:00.781841,1.3854596032650779e-05,5,0,0.9659885933779243,14,0.02322070080593031,FAIL
1992,1992,,2021-02-08 21:44:48.239143,2021-02-08 21:44:48.901541,0 days 00:00:00.662398,1.577942146420576e-05,5,0,0.9650240981161685,14,0.023353460054390544,FAIL
1993,1993,,2021-02-08 21:44:48.903100,2021-02-08 21:44:49.571040,0 days 00:00:00.667940,1.3148090988620172e-05,5,0,0.9671625577029328,14,0.023544907584108814,FAIL
1994,1994,,2021-02-08 21:44:49.572650,2021-02-08 21:44:50.263597,0 days 00:00:00.690947,1.6377360069120864e-05,5,0,0.9664772667764688,14,0.02397756889186926,FAIL
1995,1995,,2021-02-08 21:44:50.265146,2021-02-08 21:44:50.933432,0 days 00:00:00.668286,0.014592674543369868,5,0,0.9675115796819359,14,0.029022567088385083,FAIL
1996,1996,0.5317972350230414,2021-02-08 21:44:50.934975,2021-02-08 21:45:01.726071,0 days 00:00:10.791096,1.5729808238278657e-05,5,2,0.9678567048869713,14,0.023765814450366546,COMPLETE
1997,1997,,2021-02-08 21:45:01.727399,2021-02-08 21:45:02.393312,0 days 00:00:00.665913,1.1060903432624227e-05,5,0,0.9648959111768862,14,0.027920016613176515,FAIL
1998,1998,,2021-02-08 21:45:02.394201,2021-02-08 21:45:03.194990,0 days 00:00:00.800789,0.00044758816767697155,5,0,0.9653713582554461,14,0.027902405202730587,FAIL
1999,1999,,2021-02-08 21:45:03.195885,2021-02-08 21:45:03.845865,0 days 00:00:00.649980,1.0299429270986324e-05,5,0,0.9653895198740287,14,0.027133332327486534,FAIL
2000,2000,,2021-02-08 21:45:03.847463,2021-02-08 21:45:04.532734,0 days 00:00:00.685271,0.0004305885642680786,5,0,0.9554587086249777,14,0.03053553683378152,FAIL
2001,2001,,2021-02-08 21:45:04.533641,2021-02-08 21:45:05.179153,0 days 00:00:00.645512,0.01233247936224801,5,0,0.9549789324321053,14,0.02831458753556761,FAIL
2002,2002,,2021-02-08 21:45:05.180670,2021-02-08 21:45:05.852011,0 days 00:00:00.671341,1.097489808585275e-05,5,0,0.9653234019398342,14,0.03018935363639094,FAIL
2003,2003,,2021-02-08 21:45:05.853577,2021-02-08 21:45:06.559292,0 days 00:00:00.705715,0.0004551954770389207,5,0,0.9646612645702182,14,0.03074763787696382,FAIL
2004,2004,,2021-02-08 21:45:06.560893,2021-02-08 21:45:07.234822,0 days 00:00:00.673929,1.1215881994563578e-05,5,0,0.9652928072615026,14,0.041666929842970435,FAIL
2005,2005,,2021-02-08 21:45:07.235719,2021-02-08 21:45:07.879595,0 days 00:00:00.643876,1.3209752512543759e-05,5,0,0.9654430454521191,14,0.02818543724326003,FAIL
2006,2006,,2021-02-08 21:45:07.881119,2021-02-08 21:45:08.671691,0 days 00:00:00.790572,0.012286201560181115,5,0,0.9640225052041504,14,0.028658190983832862,FAIL
2007,2007,,2021-02-08 21:45:08.672609,2021-02-08 21:45:09.317872,0 days 00:00:00.645263,0.015311911925597945,5,0,0.9643989193202037,14,0.031339259533228414,FAIL
2008,2008,,2021-02-08 21:45:09.318805,2021-02-08 21:45:09.962464,0 days 00:00:00.643659,0.01440910747576158,7,0,0.9645674524747646,14,0.03034678261693879,FAIL
2009,2009,,2021-02-08 21:45:09.963403,2021-02-08 21:45:10.609117,0 days 00:00:00.645714,0.011911931001751648,7,0,0.9648985657701494,14,0.028098583823979673,FAIL
2010,2010,,2021-02-08 21:45:10.610695,2021-02-08 21:45:11.296406,0 days 00:00:00.685711,0.0007713447394810866,5,0,0.9649432202781996,14,0.028295591725946864,FAIL
2011,2011,,2021-02-08 21:45:11.297364,2021-02-08 21:45:11.937732,0 days 00:00:00.640368,0.0002776020528663895,5,0,0.9651250171868612,14,0.028357673742584175,FAIL
2012,2012,,2021-02-08 21:45:11.939277,2021-02-08 21:45:12.628775,0 days 00:00:00.689498,1.065393121672985e-05,7,0,0.966076803425345,14,0.02831716770962701,FAIL
2013,2013,,2021-02-08 21:45:12.629665,2021-02-08 21:45:13.269070,0 days 00:00:00.639405,0.00043798928989637715,5,0,0.9646366467147353,14,0.028009162555306104,FAIL
2014,2014,,2021-02-08 21:45:13.270640,2021-02-08 21:45:14.076394,0 days 00:00:00.805754,0.0004691742863421779,5,0,0.964715793708433,14,0.030160814772693147,FAIL
2015,2015,,2021-02-08 21:45:14.077979,2021-02-08 21:45:14.746430,0 days 00:00:00.668451,0.0004917976441773616,5,0,0.9244090307825183,14,0.029050739531338226,FAIL
2016,2016,,2021-02-08 21:45:14.747346,2021-02-08 21:45:15.412573,0 days 00:00:00.665227,0.00045407611112269664,5,0,0.9660994696639585,14,0.029088009475805483,FAIL
2017,2017,,2021-02-08 21:45:15.413490,2021-02-08 21:45:16.069245,0 days 00:00:00.655755,0.0004606986761774915,5,0,0.9651706061054339,14,0.028683812982495883,FAIL
2018,2018,,2021-02-08 21:45:16.070843,2021-02-08 21:45:16.728712,0 days 00:00:00.657869,0.013823555661364315,5,0,0.9658804125866245,14,0.028520184250380297,FAIL
2019,2019,,2021-02-08 21:45:16.730253,2021-02-08 21:45:17.403252,0 days 00:00:00.672999,1.0709087506936847e-05,5,0,0.9653224481106578,14,0.02922567541271082,FAIL
2020,2020,0.4522273425499232,2021-02-08 21:45:17.404179,2021-02-08 21:45:28.111782,0 days 00:00:10.707603,1.0256176446267978e-05,5,2,0.964853343194023,14,0.028407296785224533,COMPLETE
