,number,value,datetime_start,datetime_complete,duration,params_lr,params_nl2,params_num_ct,params_scheduler_gamma,params_sigma2,params_weight_decay,state
4325,4325,,2021-02-09 01:49:47.100190,2021-02-09 01:49:47.836195,0 days 00:00:00.736005,8.999658226024308e-05,19,0,0.9450416531497431,14,0.02997195902075261,FAIL
4326,4326,0.42334869431643624,2021-02-09 01:49:47.837728,2021-02-09 01:49:59.159213,0 days 00:00:11.321485,8.839062473385495e-05,15,8,0.9150984610173264,14,0.03924278528222056,COMPLETE
4327,4327,,2021-02-09 01:49:59.161517,2021-02-09 01:49:59.877690,0 days 00:00:00.716173,0.0003183323304736914,19,0,0.9002196694861402,16,0.03045697559413905,FAIL
4328,4328,0.39078341013824885,2021-02-09 01:49:59.879397,2021-02-09 01:50:10.735648,0 days 00:00:10.856251,1.2181162729473286e-05,19,2,0.9454228269781227,16,0.030057493841605044,COMPLETE
4329,4329,,2021-02-09 01:50:10.737972,2021-02-09 01:50:11.454306,0 days 00:00:00.716334,0.00030039496530383816,13,0,0.9020666198973469,20,0.03312106016305385,FAIL
4330,4330,0.461136712749616,2021-02-09 01:50:11.456123,2021-02-09 01:50:22.385195,0 days 00:00:10.929072,0.0003867275219964718,17,2,0.9018685738535006,20,0.033540599468031625,COMPLETE
4331,4331,,2021-02-09 01:50:22.387528,2021-02-09 01:50:23.114038,0 days 00:00:00.726510,2.027526796058789e-05,13,0,0.9201794602270014,16,0.02763918008588804,FAIL
4332,4332,,2021-02-09 01:50:23.115766,2021-02-09 01:50:23.816712,0 days 00:00:00.700946,1.6535436987915146e-05,13,0,0.9056693443336393,16,0.02840768556478377,FAIL
4333,4333,0.5692780337941629,2021-02-09 01:50:23.818372,2021-02-09 01:50:35.126492,0 days 00:00:11.308120,1.5951940553853443e-05,13,8,0.9060307310362793,16,0.028656363533820155,COMPLETE
4334,4334,0.6264208909370199,2021-02-09 01:50:35.128828,2021-02-09 01:50:46.111062,0 days 00:00:10.982234,0.00033944823071219436,15,2,0.9018068497588136,16,0.031174243681173087,COMPLETE
4335,4335,0.5367127496159754,2021-02-09 01:50:46.113377,2021-02-09 01:51:31.523257,0 days 00:00:45.409880,0.00041839190541762607,15,2,0.9003151662623328,16,0.031005720769977888,COMPLETE
4336,4336,,2021-02-09 01:51:31.525553,2021-02-09 01:51:32.256046,0 days 00:00:00.730493,0.00024324782047009126,15,0,0.9049517181724792,20,0.027482860821575226,FAIL
4337,4337,,2021-02-09 01:51:32.257714,2021-02-09 01:51:32.951437,0 days 00:00:00.693723,0.0002519533952737442,15,0,0.9069992523032403,20,0.02716478750324232,FAIL
4338,4338,0.5425499231950844,2021-02-09 01:51:32.952981,2021-02-09 01:51:43.828847,0 days 00:00:10.875866,0.0003243470599551436,15,2,0.9044411544013112,20,0.027230477655652483,COMPLETE
4339,4339,0.5990783410138248,2021-02-09 01:51:43.831168,2021-02-09 01:51:54.996954,0 days 00:00:11.165786,0.0003148050274476994,15,2,0.9000371240441604,16,0.03020459949273809,COMPLETE
4340,4340,,2021-02-09 01:51:54.999283,2021-02-09 01:51:55.718779,0 days 00:00:00.719496,0.0003127990954134159,5,0,0.9072841785366326,20,0.033180108883217437,FAIL
4341,4341,0.39447004608294933,2021-02-09 01:51:55.720443,2021-02-09 01:52:06.217801,0 days 00:00:10.497358,0.00032454001402145604,5,2,0.9063860315243315,20,0.032515689905459146,COMPLETE
4342,4342,0.5837173579109063,2021-02-09 01:52:06.220131,2021-02-09 01:52:16.942036,0 days 00:00:10.721905,0.00032717893323136216,13,2,0.9027416963968221,16,0.03587870983501889,COMPLETE
4343,4343,,2021-02-09 01:52:16.944362,2021-02-09 01:52:17.665790,0 days 00:00:00.721428,0.0002989760655175557,15,0,0.9851882590130786,20,0.027856613916270916,FAIL
4344,4344,,2021-02-09 01:52:17.667344,2021-02-09 01:52:18.530186,0 days 00:00:00.862842,0.0003784523234081758,15,0,0.9614142577764978,20,0.027266456516806592,FAIL
4345,4345,,2021-02-09 01:52:18.532990,2021-02-09 01:52:19.259536,0 days 00:00:00.726546,0.00038895759478640166,15,0,0.9843043422778611,20,0.025582752457253968,FAIL
4346,4346,,2021-02-09 01:52:19.261077,2021-02-09 01:52:19.967695,0 days 00:00:00.706618,0.0002878109411045544,15,0,0.9082028816657451,20,0.026171272952798415,FAIL
4347,4347,,2021-02-09 01:52:19.969321,2021-02-09 01:52:20.659717,0 days 00:00:00.690396,0.0003855268655420823,15,0,0.9076757570567328,20,0.027594759501529932,FAIL
4348,4348,0.4632872503840246,2021-02-09 01:52:20.661349,2021-02-09 01:52:45.645976,0 days 00:00:24.984627,0.00041042421517935816,15,2,0.904846609346993,20,0.025649282938182874,COMPLETE
4349,4349,,2021-02-09 01:52:45.648271,2021-02-09 01:52:46.378816,0 days 00:00:00.730545,0.0004695772757002547,15,0,0.9848554991813027,16,0.029024387582817328,FAIL
4350,4350,0.4789554531490015,2021-02-09 01:52:46.381645,2021-02-09 01:52:57.378811,0 days 00:00:10.997166,0.00029531210310909894,15,2,0.908161075587048,16,0.02905601191099995,COMPLETE
4351,4351,,2021-02-09 01:52:57.381091,2021-02-09 01:52:58.082848,0 days 00:00:00.701757,0.00024045813513406993,13,0,0.9206009392200216,14,0.03501970054674806,FAIL
4352,4352,,2021-02-09 01:52:58.085614,2021-02-09 01:52:58.800757,0 days 00:00:00.715143,0.0003947858297339705,13,0,0.9020928360208997,20,0.03249927636363129,FAIL
4353,4353,,2021-02-09 01:52:58.802422,2021-02-09 01:52:59.503985,0 days 00:00:00.701563,0.0003739679874669899,13,0,0.9214975328172886,14,0.03331041613497321,FAIL
4354,4354,0.41228878648233486,2021-02-09 01:52:59.506783,2021-02-09 01:53:10.386335,0 days 00:00:10.879552,0.0003692908283209369,13,2,0.9845257131320465,14,0.03306423575828415,COMPLETE
4355,4355,0.3708141321044547,2021-02-09 01:53:10.388669,2021-02-09 01:53:21.300252,0 days 00:00:10.911583,0.000259854265642584,15,2,0.9610585084126972,18,0.03697931844504941,COMPLETE
4356,4356,,2021-02-09 01:53:21.302591,2021-02-09 01:53:22.158314,0 days 00:00:00.855723,0.00046924942817294966,15,0,0.9024374268655364,16,0.027546422159092695,FAIL
4357,4357,,2021-02-09 01:53:22.161537,2021-02-09 01:53:22.866295,0 days 00:00:00.704758,0.00033298571971552367,15,0,0.902156717766555,16,0.02781220599950029,FAIL
4358,4358,0.556989247311828,2021-02-09 01:53:22.867957,2021-02-09 01:53:33.679447,0 days 00:00:10.811490,0.0004761573984250624,15,2,0.9883710717381252,16,0.03029005303396807,COMPLETE
4359,4359,0.5837173579109063,2021-02-09 01:53:33.681772,2021-02-09 01:53:49.621821,0 days 00:00:15.940049,0.0004051975877364192,15,2,0.9020863794160346,20,0.027522215338325603,COMPLETE
4360,4360,,2021-02-09 01:53:49.624132,2021-02-09 01:53:50.347014,0 days 00:00:00.722882,0.0004623491574009683,15,0,0.9035737630025071,16,0.03437305243496206,FAIL
4361,4361,0.4119815668202765,2021-02-09 01:53:50.348549,2021-02-09 01:54:01.206035,0 days 00:00:10.857486,0.00027444877048072235,15,2,0.9040356773056673,16,0.04027501787393896,COMPLETE
4362,4362,0.4119815668202765,2021-02-09 01:54:01.208385,2021-02-09 01:54:23.248396,0 days 00:00:22.040011,1.0130232320557726e-05,15,8,0.901716871951469,16,0.0334403565798979,COMPLETE
4363,4363,,2021-02-09 01:54:23.250721,2021-02-09 01:54:23.973905,0 days 00:00:00.723184,0.00036837350287075065,17,0,0.9115394897790962,20,0.03526973548104898,FAIL
4364,4364,0.5591397849462365,2021-02-09 01:54:23.976563,2021-02-09 01:55:04.170513,0 days 00:00:40.193950,0.000349114517898371,17,2,0.9031552358424236,20,0.03502011471485054,COMPLETE
4365,4365,,2021-02-09 01:55:04.172879,2021-02-09 01:55:04.892295,0 days 00:00:00.719416,0.00047711267008030024,15,0,0.9066008854221427,18,0.03080105482529283,FAIL
4366,4366,,2021-02-09 01:55:04.893852,2021-02-09 01:55:05.606457,0 days 00:00:00.712605,2.1249857015791723e-05,15,0,0.9066776392509446,18,0.03112359561212782,FAIL
4367,4367,0.6264208909370199,2021-02-09 01:55:05.608073,2021-02-09 01:55:16.507651,0 days 00:00:10.899578,2.9347852702031653e-05,15,2,0.9061576275313932,18,0.03130567831204409,COMPLETE
4368,4368,,2021-02-09 01:55:16.509997,2021-02-09 01:55:17.226392,0 days 00:00:00.716395,2.782670797719403e-05,15,0,0.9114613522257167,18,0.03189352246122864,FAIL
4369,4369,0.5794162826420891,2021-02-09 01:55:17.227913,2021-02-09 01:55:27.884510,0 days 00:00:10.656597,3.706226703068126e-05,15,2,0.9100226750140005,18,0.031058858179577823,COMPLETE
4370,4370,0.5204301075268817,2021-02-09 01:55:27.886831,2021-02-09 01:55:38.786932,0 days 00:00:10.900101,2.924987013926209e-05,15,2,0.9091860891997597,18,0.029445336598895408,COMPLETE
4371,4371,,2021-02-09 01:55:38.789256,2021-02-09 01:55:39.495713,0 days 00:00:00.706457,3.065265333544941e-05,15,0,0.9070369209005255,18,0.0277571516545064,FAIL
4372,4372,,2021-02-09 01:55:39.498355,2021-02-09 01:55:40.211511,0 days 00:00:00.713156,2.03733591670463e-05,15,0,0.9075858445247411,18,0.031325939890318975,FAIL
4373,4373,0.471889400921659,2021-02-09 01:55:40.213195,2021-02-09 01:55:51.138466,0 days 00:00:10.925271,4.787265334856694e-05,15,2,0.9049877820769621,18,0.027293129970174985,COMPLETE
4374,4374,0.3831029185867896,2021-02-09 01:55:51.140818,2021-02-09 01:56:02.348610,0 days 00:00:11.207792,2.77005104880041e-05,15,2,0.907736883714034,18,0.03183443341987469,COMPLETE
4375,4375,,2021-02-09 01:56:02.350947,2021-02-09 01:56:03.055955,0 days 00:00:00.705008,1.540087805501668e-05,15,0,0.9068211538292742,18,0.025247979398314954,FAIL
4376,4376,,2021-02-09 01:56:03.057493,2021-02-09 01:56:03.744487,0 days 00:00:00.686994,2.4849097471629887e-05,15,0,0.9069310425764874,18,0.03378788489918023,FAIL
4377,4377,0.5726574500768049,2021-02-09 01:56:03.746044,2021-02-09 01:56:14.564637,0 days 00:00:10.818593,2.6984275143847875e-05,15,2,0.90611991881078,18,0.02545983811685706,COMPLETE
4378,4378,0.5815668202764976,2021-02-09 01:56:14.566967,2021-02-09 01:56:25.765880,0 days 00:00:11.198913,2.3079682168191025e-05,15,2,0.9065673491007933,18,0.03406426094426863,COMPLETE
4379,4379,0.45284178187403995,2021-02-09 01:56:25.768233,2021-02-09 01:56:36.626041,0 days 00:00:10.857808,1.9901248361464886e-05,15,2,0.9079878824260127,18,0.031199551620857954,COMPLETE
4380,4380,0.5741935483870968,2021-02-09 01:56:36.628409,2021-02-09 01:56:52.606944,0 days 00:00:15.978535,3.6965501266550684e-05,15,2,0.9118682806903533,18,0.0287545961191541,COMPLETE
4381,4381,0.421505376344086,2021-02-09 01:56:52.609263,2021-02-09 01:57:08.709186,0 days 00:00:16.099923,3.317714931738524e-05,15,2,0.9066239064488131,18,0.03781384733924128,COMPLETE
4382,4382,,2021-02-09 01:57:08.711547,2021-02-09 01:57:09.433683,0 days 00:00:00.722136,2.406240389442338e-05,15,0,0.9051392218408416,18,0.03551632920241007,FAIL
4383,4383,,2021-02-09 01:57:09.436445,2021-02-09 01:57:10.145186,0 days 00:00:00.708741,2.0012802586469124e-05,15,0,0.9054440754591733,18,0.035740799665155816,FAIL
4384,4384,,2021-02-09 01:57:10.146798,2021-02-09 01:57:10.847220,0 days 00:00:00.700422,2.6850964276979238e-05,15,0,0.9096875440087451,18,0.033982213195315344,FAIL
4385,4385,,2021-02-09 01:57:10.850019,2021-02-09 01:57:11.566985,0 days 00:00:00.716966,2.2969394424560748e-05,15,0,0.905124853084173,18,0.03519921149228047,FAIL
4386,4386,0.5370199692780337,2021-02-09 01:57:11.568559,2021-02-09 01:57:22.271722,0 days 00:00:10.703163,2.0242220977978222e-05,15,2,0.9097195059156722,18,0.03607668765377121,COMPLETE
4387,4387,0.513978494623656,2021-02-09 01:57:22.274072,2021-02-09 01:57:33.111102,0 days 00:00:10.837030,2.1002113668981566e-05,15,2,0.9000076033103672,18,0.03127781983153548,COMPLETE
4388,4388,0.5231950844854071,2021-02-09 01:57:33.113429,2021-02-09 01:57:54.809594,0 days 00:00:21.696165,3.226009522115838e-05,15,8,0.9040844854251147,18,0.03388611166541248,COMPLETE
4389,4389,,2021-02-09 01:57:54.811960,2021-02-09 01:57:55.528034,0 days 00:00:00.716074,1.8157590176915777e-05,15,0,0.9052830175664041,18,0.039122089741059254,FAIL
4390,4390,0.42334869431643624,2021-02-09 01:57:55.530798,2021-02-09 01:58:11.157054,0 days 00:00:15.626256,2.5752731774712234e-05,15,2,0.908133480537569,18,0.027466768288098815,COMPLETE
4391,4391,0.500768049155146,2021-02-09 01:58:11.159383,2021-02-09 01:58:22.370108,0 days 00:00:11.210725,4.147823464833568e-05,15,8,0.9058175248319011,18,0.03268825089907902,COMPLETE
4392,4392,,2021-02-09 01:58:22.372450,2021-02-09 01:58:23.226123,0 days 00:00:00.853673,1.6976037602079394e-05,15,0,0.9032676432003848,18,0.03981479473509518,FAIL
4393,4393,,2021-02-09 01:58:23.227812,2021-02-09 01:58:23.931510,0 days 00:00:00.703698,2.2049071759827927e-05,15,0,0.9028027502497522,18,0.0373391954336067,FAIL
4394,4394,,2021-02-09 01:58:23.933063,2021-02-09 01:58:24.653004,0 days 00:00:00.719941,1.682280971974103e-05,15,0,0.902790628388191,18,0.03848985335997356,FAIL
4395,4395,0.5459293394777266,2021-02-09 01:58:24.654637,2021-02-09 01:58:35.312381,0 days 00:00:10.657744,1.6479113494158603e-05,15,2,0.903185306329288,18,0.04010412498447509,COMPLETE
4396,4396,0.5662058371735791,2021-02-09 01:58:35.314720,2021-02-09 01:58:45.812413,0 days 00:00:10.497693,0.000493716699996784,15,2,0.9053154006034135,18,0.025174587414028903,COMPLETE
4397,4397,0.6282642089093702,2021-02-09 01:58:45.814790,2021-02-09 01:59:02.471066,0 days 00:00:16.656276,1.3521337831871185e-05,15,8,0.9018294631959989,18,0.028457305070792256,COMPLETE
4398,4398,,2021-02-09 01:59:02.473430,2021-02-09 01:59:03.183245,0 days 00:00:00.709815,1.0722167194290354e-05,15,0,0.9014919316161607,18,0.026801137518576375,FAIL
4399,4399,0.5317972350230414,2021-02-09 01:59:03.184833,2021-02-09 01:59:14.328212,0 days 00:00:11.143379,1.4036846538158217e-05,15,8,0.9000506924142322,18,0.02835031744636338,COMPLETE
4400,4400,,2021-02-09 01:59:14.330552,2021-02-09 01:59:15.021685,0 days 00:00:00.691133,1.00203325767993e-05,15,0,0.9018240066113009,18,0.029155311570704886,FAIL
4401,4401,0.5551459293394777,2021-02-09 01:59:15.023328,2021-02-09 01:59:31.359500,0 days 00:00:16.336172,1.805468157189745e-05,15,8,0.9024475652550016,18,0.02747173108942515,COMPLETE
4402,4402,,2021-02-09 01:59:31.361838,2021-02-09 01:59:32.091098,0 days 00:00:00.729260,1.3427534614627503e-05,15,0,0.9018067309508361,18,0.024975419677432185,FAIL
4403,4403,0.5278033794162826,2021-02-09 01:59:32.093957,2021-02-09 01:59:43.390352,0 days 00:00:11.296395,1.3137876600903377e-05,15,8,0.9027988167510878,18,0.026349833223550615,COMPLETE
4404,4404,,2021-02-09 01:59:43.392698,2021-02-09 01:59:44.117854,0 days 00:00:00.725156,1.2143647498655518e-05,15,0,0.9016465063060074,18,0.029017812438236024,FAIL
4405,4405,,2021-02-09 01:59:44.120711,2021-02-09 01:59:44.832843,0 days 00:00:00.712132,1.1854899522384647e-05,15,0,0.9016216687782125,18,0.02506832223652472,FAIL
4406,4406,,2021-02-09 01:59:44.835664,2021-02-09 01:59:45.582189,0 days 00:00:00.746525,1.1674451152654005e-05,15,0,0.9016414756030158,18,0.024464186694106667,FAIL
4407,4407,0.43317972350230416,2021-02-09 01:59:45.583715,2021-02-09 01:59:56.665396,0 days 00:00:11.081681,1.1318011933292862e-05,15,8,0.9013795574656932,18,0.02428646892237838,COMPLETE
4408,4408,,2021-02-09 01:59:56.667759,2021-02-09 01:59:57.378011,0 days 00:00:00.710252,2.4031400680922575e-05,15,0,0.9040707556655052,16,0.030204300373584524,FAIL
4409,4409,,2021-02-09 01:59:57.380667,2021-02-09 01:59:58.105276,0 days 00:00:00.724609,1.5771801227870612e-05,15,0,0.9000932321452522,16,0.02915913765014033,FAIL
4410,4410,0.6116743471582181,2021-02-09 01:59:58.108065,2021-02-09 02:00:09.006332,0 days 00:00:10.898267,2.4580642514563325e-05,15,2,0.9042968248804422,16,0.029732763462897403,COMPLETE
4411,4411,,2021-02-09 02:00:09.008696,2021-02-09 02:00:09.710967,0 days 00:00:00.702271,1.02064958280311e-05,15,0,0.9018493523430818,18,0.02632917152518923,FAIL
4412,4412,,2021-02-09 02:00:09.712511,2021-02-09 02:00:10.426910,0 days 00:00:00.714399,1.295646764487586e-05,15,0,0.9000463929648973,18,0.030480301612106693,FAIL
4413,4413,0.6092165898617512,2021-02-09 02:00:10.428518,2021-02-09 02:00:26.448448,0 days 00:00:16.019930,1.3565032004986641e-05,15,8,0.9019005550546565,18,0.029078439423885886,COMPLETE
4414,4414,0.5849462365591398,2021-02-09 02:00:26.450807,2021-02-09 02:00:37.680853,0 days 00:00:11.230046,1.6488678089268026e-05,15,8,0.9046648566948506,18,0.02615858222103229,COMPLETE
4415,4415,0.48632872503840247,2021-02-09 02:00:37.683224,2021-02-09 02:00:48.658647,0 days 00:00:10.975423,1.0142566183554275e-05,15,8,0.9001357926540974,18,0.03192231564491039,COMPLETE
4416,4416,,2021-02-09 02:00:48.661006,2021-02-09 02:00:49.373284,0 days 00:00:00.712278,2.0565505181990303e-05,15,0,0.9064444635538642,16,0.03003127871409782,FAIL
4417,4417,,2021-02-09 02:00:49.374891,2021-02-09 02:00:50.074458,0 days 00:00:00.699567,5.615970469005707e-05,15,0,0.9069653258391946,16,0.03132504566726172,FAIL
4418,4418,0.5953917050691244,2021-02-09 02:00:50.076051,2021-02-09 02:01:05.568886,0 days 00:00:15.492835,6.908448902312048e-05,15,2,0.9066418293343569,16,0.030992752014086685,COMPLETE
4419,4419,0.4540706605222734,2021-02-09 02:01:05.571262,2021-02-09 02:01:17.055517,0 days 00:00:11.484255,2.2006507886663995e-05,15,8,0.9015761710548748,18,0.035020938663276505,COMPLETE
4420,4420,0.5769585253456221,2021-02-09 02:01:17.057865,2021-02-09 02:01:28.122862,0 days 00:00:11.064997,1.3663142237325387e-05,15,8,0.9033574435514574,18,0.02816236796134459,COMPLETE
4421,4421,0.5333333333333333,2021-02-09 02:01:28.125199,2021-02-09 02:01:39.297338,0 days 00:00:11.172139,1.2871235345302194e-05,15,8,0.9053124488326699,18,0.02635695555900161,COMPLETE
4422,4422,0.4715821812596006,2021-02-09 02:01:39.299680,2021-02-09 02:01:50.069165,0 days 00:00:10.769485,3.0765061391808684e-05,15,2,0.9074917804756899,16,0.03694329900291697,COMPLETE
4423,4423,0.39477726574500765,2021-02-09 02:01:50.071946,2021-02-09 02:02:00.920039,0 days 00:00:10.848093,1.036888968930469e-05,15,2,0.9033051887989714,16,0.02987043185039604,COMPLETE
4424,4424,0.4236559139784946,2021-02-09 02:02:00.922368,2021-02-09 02:02:12.464062,0 days 00:00:11.541694,1.2254632151467767e-05,15,8,0.9002414940801481,18,0.02357650235379762,COMPLETE
4425,4425,0.5640552995391706,2021-02-09 02:02:12.466409,2021-02-09 02:02:29.005538,0 days 00:00:16.539129,1.472695264866236e-05,15,8,0.9018215400529104,18,0.03304895779665319,COMPLETE
4426,4426,,2021-02-09 02:02:29.007913,2021-02-09 02:02:29.722860,0 days 00:00:00.714947,4.91728098310729e-05,15,0,0.9113585307547919,16,0.03409006750899212,FAIL
4427,4427,0.4807987711213518,2021-02-09 02:02:29.725696,2021-02-09 02:02:40.666773,0 days 00:00:10.941077,1.617897057559844e-05,15,2,0.9046433600876921,16,0.033653908775654336,COMPLETE
4428,4428,,2021-02-09 02:02:40.669583,2021-02-09 02:02:41.564425,0 days 00:00:00.894842,5.862361336149548e-05,15,0,0.9001518590841886,14,0.03722435026446925,FAIL
4429,4429,,2021-02-09 02:02:41.566026,2021-02-09 02:02:42.264166,0 days 00:00:00.698140,2.1741103769318985e-05,15,0,0.9105795807302569,14,0.03800234657088296,FAIL
4430,4430,0.4236559139784946,2021-02-09 02:02:42.265706,2021-02-09 02:02:53.212633,0 days 00:00:10.946927,1.9442486216311517e-05,15,2,0.9000020872859938,16,0.03769430083915661,COMPLETE
4431,4431,0.5219662058371736,2021-02-09 02:02:53.214989,2021-02-09 02:03:04.291092,0 days 00:00:11.076103,0.007270118723374961,15,2,0.9429388285378442,14,0.03076428279410601,COMPLETE
4432,4432,0.5044546850998464,2021-02-09 02:03:04.293426,2021-02-09 02:03:15.651782,0 days 00:00:11.358356,0.0004680950845640599,15,8,0.9070973785659762,18,0.02538706678835936,COMPLETE
4433,4433,,2021-02-09 02:03:15.654142,2021-02-09 02:03:16.518777,0 days 00:00:00.864635,0.0010206141740494166,15,0,0.9864508651708399,18,0.02743242148093277,FAIL
4434,4434,,2021-02-09 02:03:16.520395,2021-02-09 02:03:17.212457,0 days 00:00:00.692062,1.1156906068366277e-05,15,0,0.9000333813558289,18,0.028554815087745013,FAIL
4435,4435,,2021-02-09 02:03:17.215185,2021-02-09 02:03:19.111858,0 days 00:00:01.896673,1.0295464961926348e-05,15,8,0.9109734436545649,18,0.028875199156291626,FAIL
4436,4436,,2021-02-09 02:03:19.114246,2021-02-09 02:03:19.867488,0 days 00:00:00.753242,1.015237601728118e-05,15,0,0.901704403972487,18,0.0272114190022129,FAIL
4437,4437,0.5698924731182796,2021-02-09 02:03:19.869163,2021-02-09 02:03:36.665477,0 days 00:00:16.796314,1.0315818471835161e-05,15,8,0.9022932455761354,18,0.028481078098188742,COMPLETE
4438,4438,,2021-02-09 02:03:36.667817,2021-02-09 02:03:37.395987,0 days 00:00:00.728170,2.0416041748446164e-05,15,0,0.9093802641901858,16,0.03426546114078324,FAIL
4439,4439,,2021-02-09 02:03:37.398710,2021-02-09 02:03:38.106842,0 days 00:00:00.708132,1.6916447561060697e-05,15,0,0.9093625678848261,16,0.03515443915794103,FAIL
4440,4440,,2021-02-09 02:03:38.108364,2021-02-09 02:03:38.951402,0 days 00:00:00.843038,1.5962035461614714e-05,15,0,0.9107298853075244,16,0.03665972937623031,FAIL
4441,4441,0.517357910906298,2021-02-09 02:03:38.953045,2021-02-09 02:03:49.872544,0 days 00:00:10.919499,1.8781879649070285e-05,15,2,0.9000179026685681,16,0.03563251499830398,COMPLETE
4442,4442,0.4147465437788018,2021-02-09 02:03:49.874918,2021-02-09 02:04:01.419634,0 days 00:00:11.544716,0.0010119284052821401,5,8,0.9057329019678261,18,0.028295654165622918,COMPLETE
4443,4443,0.5204301075268817,2021-02-09 02:04:01.422020,2021-02-09 02:04:17.545804,0 days 00:00:16.123784,1.7322556257228424e-05,15,8,0.9104962840127094,18,0.03261132729113791,COMPLETE
4444,4444,,2021-02-09 02:04:17.548150,2021-02-09 02:04:18.277152,0 days 00:00:00.729002,2.720866134722215e-05,15,0,0.9038161838763112,18,0.03927710440923551,FAIL
4445,4445,,2021-02-09 02:04:18.278766,2021-02-09 02:04:19.133531,0 days 00:00:00.854765,5.249731298527515e-05,15,0,0.9034007416318987,18,0.03960155269569285,FAIL
4446,4446,0.39477726574500765,2021-02-09 02:04:19.135194,2021-02-09 02:04:35.443954,0 days 00:00:16.308760,2.264188928292087e-05,15,8,0.903710825499786,18,0.03954893522572945,COMPLETE
4447,4447,0.578494623655914,2021-02-09 02:04:35.446339,2021-02-09 02:04:46.802507,0 days 00:00:11.356168,1.5382655479407486e-05,15,8,0.9451902459887015,18,0.03543451440034311,COMPLETE
4448,4448,,2021-02-09 02:04:46.804876,2021-02-09 02:04:47.509918,0 days 00:00:00.705042,1.235843768734283e-05,15,0,0.986595133297474,18,0.031133824220540736,FAIL
4449,4449,0.5717357910906298,2021-02-09 02:04:47.512817,2021-02-09 02:04:59.249909,0 days 00:00:11.737092,1.2575690368898854e-05,15,8,0.9016427961586311,18,0.030844865294014,COMPLETE
