,number,value,datetime_start,datetime_complete,duration,params_lr,params_nl2,params_num_ct,params_scheduler_gamma,params_sigma2,params_weight_decay,state
4946,4946,,2021-02-09 03:23:14.173587,2021-02-09 03:23:14.884286,0 days 00:00:00.710699,0.004043283748994279,7,0,0.974905596791646,18,0.02742251954962849,FAIL
4947,4947,,2021-02-09 03:23:14.886135,2021-02-09 03:23:15.609129,0 days 00:00:00.722994,0.004569117795902773,7,0,0.9451571975054265,18,0.027755490204246648,FAIL
4948,4948,0.5403993855606759,2021-02-09 03:23:15.612259,2021-02-09 03:23:26.600558,0 days 00:00:10.988299,0.00491870582068803,7,2,0.9044864865947173,18,0.027836730132910794,COMPLETE
4949,4949,0.5093701996927803,2021-02-09 03:23:26.603161,2021-02-09 03:23:42.844665,0 days 00:00:16.241504,0.00433903169028491,7,8,0.9791059963641876,16,0.024345473068752416,COMPLETE
4950,4950,0.3990783410138249,2021-02-09 03:23:42.847277,2021-02-09 03:23:53.794900,0 days 00:00:10.947623,1.4302116473295914e-05,9,2,0.9642761204663243,18,0.03081056930885145,COMPLETE
4951,4951,0.3781874039938556,2021-02-09 03:23:53.797448,2021-02-09 03:24:05.382568,0 days 00:00:11.585120,0.0017885611447262485,7,8,0.9455770368163049,16,0.035471209805770725,COMPLETE
4952,4952,0.5904761904761905,2021-02-09 03:24:05.385137,2021-02-09 03:24:16.434351,0 days 00:00:11.049214,1.0047475391692109e-05,9,2,0.9094337555341819,12,0.02679364797994104,COMPLETE
4953,4953,0.5981566820276498,2021-02-09 03:24:16.436951,2021-02-09 03:24:28.145428,0 days 00:00:11.708477,1.534712031095165e-05,5,8,0.9749264609581276,16,0.031959682914201745,COMPLETE
4954,4954,0.39846390168970813,2021-02-09 03:24:28.148044,2021-02-09 03:24:39.037951,0 days 00:00:10.889907,0.0003731721027516696,7,6,0.9058496932515354,18,0.0292391240081984,COMPLETE
4955,4955,,2021-02-09 03:24:39.040568,2021-02-09 03:24:39.776986,0 days 00:00:00.736418,0.004096975643011547,7,0,0.9817258148293181,10,0.036566337731191986,FAIL
4956,4956,0.5182795698924731,2021-02-09 03:24:39.780086,2021-02-09 03:25:15.391358,0 days 00:00:35.611272,0.0003053090654362691,7,2,0.9040699007881461,16,0.03704086446979575,COMPLETE
4957,4957,0.43010752688172044,2021-02-09 03:25:15.393929,2021-02-09 03:25:26.605447,0 days 00:00:11.211518,0.0004703060944631047,7,8,0.9393529585076902,18,0.0250968943162544,COMPLETE
4958,4958,0.5001536098310292,2021-02-09 03:25:26.608034,2021-02-09 03:25:37.600058,0 days 00:00:10.992024,0.004530396022398005,5,2,0.9822402417332134,16,0.0336214723862033,COMPLETE
4959,4959,,2021-02-09 03:25:37.602638,2021-02-09 03:25:38.347605,0 days 00:00:00.744967,1.1873261865324426e-05,7,0,0.9866883761119138,16,0.028504683507480994,FAIL
4960,4960,0.5348694316436252,2021-02-09 03:25:38.349400,2021-02-09 03:25:54.017632,0 days 00:00:15.668232,1.2330143938365227e-05,7,2,0.9849832172942491,16,0.02867326944144296,COMPLETE
4961,4961,,2021-02-09 03:25:54.020256,2021-02-09 03:25:54.763384,0 days 00:00:00.743128,1.4848074163819652e-05,7,0,0.9064125339835052,16,0.031428204770074755,FAIL
4962,4962,,2021-02-09 03:25:54.765244,2021-02-09 03:25:55.461805,0 days 00:00:00.696561,1.2269428613693092e-05,7,0,0.9060846593591761,16,0.03079289476811185,FAIL
4963,4963,,2021-02-09 03:25:55.463583,2021-02-09 03:25:56.166381,0 days 00:00:00.702798,1.1855785819493133e-05,7,0,0.9870982310174388,16,0.03212486035279469,FAIL
4964,4964,,2021-02-09 03:25:56.168144,2021-02-09 03:25:56.875361,0 days 00:00:00.707217,0.0029153987155583474,7,0,0.9043830965402131,16,0.03135139509299348,FAIL
4965,4965,0.40522273425499233,2021-02-09 03:25:56.877179,2021-02-09 03:26:07.940761,0 days 00:00:11.063582,1.0043297443010074e-05,7,8,0.9056934926495646,16,0.031467503577783724,COMPLETE
4966,4966,,2021-02-09 03:26:07.943373,2021-02-09 03:26:08.668788,0 days 00:00:00.725415,1.405466228466594e-05,9,0,0.9874041290550212,18,0.027042610470451867,FAIL
4967,4967,0.549615975422427,2021-02-09 03:26:08.671903,2021-02-09 03:26:19.820227,0 days 00:00:11.148324,1.4556691792603699e-05,7,6,0.9036928546948487,18,0.026384292565359745,COMPLETE
4968,4968,0.5827956989247312,2021-02-09 03:26:19.822827,2021-02-09 03:26:30.609044,0 days 00:00:10.786217,0.002569650274909591,7,2,0.9893716194948641,18,0.02405801740119006,COMPLETE
4969,4969,,2021-02-09 03:26:30.611643,2021-02-09 03:26:31.338903,0 days 00:00:00.727260,1.2121485319823962e-05,9,0,0.9870491554695249,16,0.0353370202505102,FAIL
4970,4970,0.48632872503840247,2021-02-09 03:26:31.342032,2021-02-09 03:27:14.553633,0 days 00:00:43.211601,0.0030779821853716975,9,8,0.9065380736138731,16,0.037110951180065195,COMPLETE
4971,4971,,2021-02-09 03:27:14.556224,2021-02-09 03:27:15.290007,0 days 00:00:00.733783,1.1827343224582572e-05,7,0,0.9708766858352376,14,0.030272197598931423,FAIL
4972,4972,0.43840245775729647,2021-02-09 03:27:15.293188,2021-02-09 03:27:26.064757,0 days 00:00:10.771569,1.233793057721307e-05,7,2,0.9776767316705146,14,0.02958936191967714,COMPLETE
4973,4973,0.576036866359447,2021-02-09 03:27:26.067352,2021-02-09 03:27:37.182471,0 days 00:00:11.115119,1.6642103068948193e-05,9,2,0.9106016976420435,16,0.03392999462260024,COMPLETE
4974,4974,,2021-02-09 03:27:37.185077,2021-02-09 03:27:37.923262,0 days 00:00:00.738185,1.0215768217177874e-05,7,0,0.9874238955019964,18,0.0819599067414919,FAIL
4975,4975,0.490937019969278,2021-02-09 03:27:37.926404,2021-02-09 03:28:28.730473,0 days 00:00:50.804069,0.0005279109054097566,5,6,0.9040212189886447,18,0.028003975914517486,COMPLETE
4976,4976,0.40675883256528417,2021-02-09 03:28:28.733085,2021-02-09 03:28:39.955113,0 days 00:00:11.222028,1.0140848559694329e-05,7,8,0.9798830468035657,18,0.031084608781794757,COMPLETE
4977,4977,0.5483870967741935,2021-02-09 03:28:39.957721,2021-02-09 03:28:50.554112,0 days 00:00:10.596391,1.2004575264009345e-05,7,2,0.9872766560237987,16,0.035098698496073784,COMPLETE
4978,4978,0.5407066052227343,2021-02-09 03:28:50.556743,2021-02-09 03:29:01.860714,0 days 00:00:11.303971,0.004077039538115831,9,8,0.9031071783857104,16,0.08114695651991527,COMPLETE
4979,4979,0.5013824884792627,2021-02-09 03:29:01.863300,2021-02-09 03:29:27.594168,0 days 00:00:25.730868,1.4308937450847973e-05,7,2,0.9442728836649582,16,0.025620177851790774,COMPLETE
4980,4980,,2021-02-09 03:29:27.596759,2021-02-09 03:29:28.322832,0 days 00:00:00.726073,1.815444451839652e-05,7,0,0.9364939929565386,18,0.03273202040739502,FAIL
4981,4981,,2021-02-09 03:29:28.325966,2021-02-09 03:29:29.059079,0 days 00:00:00.733113,0.006340913821777148,7,0,0.9711077968611016,18,0.032128094412907066,FAIL
4982,4982,,2021-02-09 03:29:29.060881,2021-02-09 03:29:29.924649,0 days 00:00:00.863768,1.0101972292479692e-05,7,0,0.9840228513954001,18,0.032425144203889505,FAIL
4983,4983,0.42457757296466975,2021-02-09 03:29:29.927876,2021-02-09 03:29:41.114504,0 days 00:00:11.186628,0.006454796149206177,7,6,0.9088234173601095,18,0.032374870613582726,COMPLETE
4984,4984,0.631336405529954,2021-02-09 03:29:41.117100,2021-02-09 03:29:57.038486,0 days 00:00:15.921386,0.0003372215045207057,7,2,0.9675527938143901,16,0.023516842250259604,COMPLETE
4985,4985,,2021-02-09 03:29:57.041102,2021-02-09 03:29:57.764451,0 days 00:00:00.723349,0.00039922964819014026,7,0,0.9686546066119329,16,0.022418052727051364,FAIL
4986,4986,,2021-02-09 03:29:57.766231,2021-02-09 03:29:58.475255,0 days 00:00:00.709024,0.00041670382004547265,7,0,0.9693306232175118,16,0.023261259956428852,FAIL
4987,4987,0.6279569892473118,2021-02-09 03:29:58.478430,2021-02-09 03:30:09.273660,0 days 00:00:10.795230,0.0003552948369818647,7,2,0.9686497076929897,16,0.022009035017623666,COMPLETE
4988,4988,,2021-02-09 03:30:09.276289,2021-02-09 03:30:10.016875,0 days 00:00:00.740586,0.00034612633309783446,7,0,0.9836257975101006,16,0.020598808304799543,FAIL
4989,4989,0.5250384024577573,2021-02-09 03:30:10.019936,2021-02-09 03:30:45.279794,0 days 00:00:35.259858,0.00040756832541301454,7,2,0.967404607841656,16,0.02028143341443878,COMPLETE
4990,4990,0.38525345622119817,2021-02-09 03:30:45.282371,2021-02-09 03:30:56.047636,0 days 00:00:10.765265,0.00031380380856560063,7,2,0.9715416114281562,16,0.021276095230183405,COMPLETE
4991,4991,0.37542242703533024,2021-02-09 03:30:56.050243,2021-02-09 03:31:07.145004,0 days 00:00:11.094761,0.0003923430189241518,7,2,0.9665841024907799,18,0.017960859575016704,COMPLETE
4992,4992,0.4012288786482335,2021-02-09 03:31:07.147640,2021-02-09 03:31:17.978696,0 days 00:00:10.831056,0.0003280308595266135,5,2,0.9720051902159182,18,0.020697108985477008,COMPLETE
4993,4993,0.4153609831029186,2021-02-09 03:31:17.981311,2021-02-09 03:31:28.623063,0 days 00:00:10.641752,0.00044233010447745517,7,2,0.9693476127986623,18,0.02265961533451086,COMPLETE
4994,4994,,2021-02-09 03:31:28.625669,2021-02-09 03:31:29.369648,0 days 00:00:00.743979,0.0003083141557458284,7,0,0.9679704907588175,16,0.019196862209792838,FAIL
4995,4995,0.549615975422427,2021-02-09 03:31:29.372750,2021-02-09 03:31:50.465732,0 days 00:00:21.092982,0.0002617748001729239,7,2,0.9673106069635842,16,0.024277114776956283,COMPLETE
4996,4996,0.4043010752688172,2021-02-09 03:31:50.468322,2021-02-09 03:32:01.587685,0 days 00:00:11.119363,0.0003253124222804992,7,2,0.9686949119746302,16,0.02281815415614455,COMPLETE
4997,4997,0.4989247311827957,2021-02-09 03:32:01.590271,2021-02-09 03:32:12.495803,0 days 00:00:10.905532,0.0003583513690637101,7,2,0.9683401200228618,16,0.01997675133694999,COMPLETE
4998,4998,,2021-02-09 03:32:12.498394,2021-02-09 03:32:13.246014,0 days 00:00:00.747620,0.0003715365465054363,7,0,0.9694130042813235,16,0.02162403198898334,FAIL
4999,4999,,2021-02-09 03:32:13.247916,2021-02-09 03:32:13.951725,0 days 00:00:00.703809,0.00030214811413118526,7,0,0.9705572972937299,16,0.021763122080122717,FAIL
5000,5000,,2021-02-09 03:32:13.953688,2021-02-09 03:32:14.661408,0 days 00:00:00.707720,0.00044441237007322666,7,0,0.9702167416763258,16,0.021015781020940365,FAIL
5001,5001,,2021-02-09 03:32:14.663297,2021-02-09 03:32:15.385755,0 days 00:00:00.722458,0.00036071049358231226,7,0,0.9649480815617122,16,0.021141853634948516,FAIL
5002,5002,,2021-02-09 03:32:15.387662,2021-02-09 03:32:16.116859,0 days 00:00:00.729197,0.00034971524565799553,7,0,0.9414480394107924,16,0.021038877756175172,FAIL
5003,5003,0.5978494623655914,2021-02-09 03:32:16.118751,2021-02-09 03:32:27.290177,0 days 00:00:11.171426,0.0002692136972807629,7,2,0.9644856018764769,16,0.02142662467562991,COMPLETE
5004,5004,0.5551459293394777,2021-02-09 03:32:27.292803,2021-02-09 03:32:43.080469,0 days 00:00:15.787666,0.0002666047844096412,7,2,0.9694556634596311,14,0.022123154675278908,COMPLETE
5005,5005,,2021-02-09 03:32:43.083067,2021-02-09 03:32:43.802853,0 days 00:00:00.719786,0.00032827383215919796,7,0,0.9658052017316517,16,0.022365822698293708,FAIL
5006,5006,,2021-02-09 03:32:43.804694,2021-02-09 03:32:44.517782,0 days 00:00:00.713088,0.00036477123348521327,7,0,0.9690994540221273,16,0.018497263740251325,FAIL
5007,5007,0.3689708141321045,2021-02-09 03:32:44.519673,2021-02-09 03:32:56.001385,0 days 00:00:11.481712,0.0004732869972969736,7,8,0.9645852975595524,16,0.018437002956155968,COMPLETE
5008,5008,0.39600614439324117,2021-02-09 03:32:56.003988,2021-02-09 03:33:06.821054,0 days 00:00:10.817066,0.0003640314949135017,7,2,0.9675886339767068,18,0.019251739727632593,COMPLETE
5009,5009,,2021-02-09 03:33:06.823673,2021-02-09 03:33:07.555054,0 days 00:00:00.731381,0.0003123489629778355,9,0,0.9702324423934475,10,0.016774412297574454,FAIL
5010,5010,0.44393241167434716,2021-02-09 03:33:07.558341,2021-02-09 03:33:17.916358,0 days 00:00:10.358017,0.00030853153607590574,9,2,0.970776875745153,18,0.021652808498108647,COMPLETE
5011,5011,0.5698924731182796,2021-02-09 03:33:17.918974,2021-02-09 03:33:33.579942,0 days 00:00:15.660968,0.00035541372591786814,13,2,0.9675745692631512,16,0.02247030648831728,COMPLETE
5012,5012,0.4629800307219662,2021-02-09 03:33:33.582554,2021-02-09 03:34:04.184971,0 days 00:00:30.602417,0.0002308620500444387,7,2,0.971365901190517,18,0.01723878154734606,COMPLETE
5013,5013,,2021-02-09 03:34:04.187596,2021-02-09 03:34:04.903979,0 days 00:00:00.716383,0.00042577579740047696,7,0,0.9659158888340045,16,0.02281412472093269,FAIL
5014,5014,,2021-02-09 03:34:04.905752,2021-02-09 03:34:05.635822,0 days 00:00:00.730070,0.0002918272309487737,7,0,0.965730904786243,16,0.02363651486478003,FAIL
5015,5015,,2021-02-09 03:34:05.637814,2021-02-09 03:34:06.356905,0 days 00:00:00.719091,0.0004902806291745082,7,0,0.967943468338992,16,0.02323416707051541,FAIL
5016,5016,0.38740399385560675,2021-02-09 03:34:06.360070,2021-02-09 03:34:21.827292,0 days 00:00:15.467222,0.00037465431062323995,7,2,0.9660748979876226,16,0.024296027579306496,COMPLETE
5017,5017,0.5367127496159754,2021-02-09 03:34:21.829902,2021-02-09 03:34:57.137758,0 days 00:00:35.307856,0.00035025463068668716,7,2,0.9686917035275564,16,0.02198332194623724,COMPLETE
5018,5018,,2021-02-09 03:34:57.140396,2021-02-09 03:34:57.876708,0 days 00:00:00.736312,0.00030329573200175866,7,0,0.969572453012977,16,0.023075463607578978,FAIL
5019,5019,,2021-02-09 03:34:57.879925,2021-02-09 03:34:58.594824,0 days 00:00:00.714899,0.0003994133444433278,7,0,0.97000847218575,16,0.02371684303417593,FAIL
5020,5020,0.5133640552995392,2021-02-09 03:34:58.596703,2021-02-09 03:35:09.388526,0 days 00:00:10.791823,0.00044299350069290964,7,2,0.9689933047405058,16,0.02040228820861875,COMPLETE
5021,5021,,2021-02-09 03:35:09.391142,2021-02-09 03:35:10.138351,0 days 00:00:00.747209,0.0003253132107956838,7,0,0.9660042305683583,16,0.02466747012628878,FAIL
5022,5022,0.39508448540706603,2021-02-09 03:35:10.141540,2021-02-09 03:35:35.495766,0 days 00:00:25.354226,0.00039845859086816285,7,2,0.9651865534669675,16,0.02331687045677713,COMPLETE
5023,5023,,2021-02-09 03:35:35.498386,2021-02-09 03:35:36.389920,0 days 00:00:00.891534,0.0002959950009055064,7,0,0.9670659522271298,18,0.023373621470539795,FAIL
5024,5024,,2021-02-09 03:35:36.393059,2021-02-09 03:35:37.123974,0 days 00:00:00.730915,0.000532732928089733,7,0,0.9658454310848879,18,0.02297853113163153,FAIL
5025,5025,,2021-02-09 03:35:37.125780,2021-02-09 03:35:37.846856,0 days 00:00:00.721076,0.00029067484193094384,7,0,0.9618592199136065,18,0.024359299425889765,FAIL
5026,5026,,2021-02-09 03:35:37.848858,2021-02-09 03:35:38.571059,0 days 00:00:00.722201,0.000542770418985241,7,0,0.9664078520462521,18,0.023881360414606163,FAIL
5027,5027,0.47465437788018433,2021-02-09 03:35:38.574259,2021-02-09 03:35:49.282629,0 days 00:00:10.708370,0.00046486387568692145,7,2,0.9657263916005226,18,0.023898147461031184,COMPLETE
5028,5028,,2021-02-09 03:35:49.285242,2021-02-09 03:35:50.008089,0 days 00:00:00.722847,0.0005159768203165902,7,0,0.9663550522930698,16,0.019232807219727085,FAIL
5029,5029,0.511520737327189,2021-02-09 03:35:50.010047,2021-02-09 03:36:36.813213,0 days 00:00:46.803166,0.0006358300864144841,7,6,0.9698077358981203,16,0.023553237950494195,COMPLETE
5030,5030,,2021-02-09 03:36:36.815846,2021-02-09 03:36:37.546730,0 days 00:00:00.730884,0.002321212454961237,7,0,0.9700907425071027,16,0.018917610293209687,FAIL
5031,5031,,2021-02-09 03:36:37.549975,2021-02-09 03:36:38.293121,0 days 00:00:00.743146,0.008478688752506347,7,0,0.9669325732879642,16,0.024929446010912282,FAIL
5032,5032,0.580952380952381,2021-02-09 03:36:38.296303,2021-02-09 03:36:49.535137,0 days 00:00:11.238834,0.0005290860046299562,7,8,0.9725573529534367,16,0.0224122925857126,COMPLETE
5033,5033,0.39846390168970813,2021-02-09 03:36:49.537751,2021-02-09 03:37:05.392169,0 days 00:00:15.854418,0.00028813326511007114,7,2,0.9718362213631065,16,0.01900152507977214,COMPLETE
5034,5034,0.39938556067588327,2021-02-09 03:37:05.394801,2021-02-09 03:37:16.268900,0 days 00:00:10.874099,0.00038008183999015794,5,2,0.9658518667508506,18,0.020923070791848304,COMPLETE
5035,5035,0.4731182795698925,2021-02-09 03:37:16.271544,2021-02-09 03:37:32.927498,0 days 00:00:16.655954,0.008691826652449816,7,8,0.9705741032633504,16,0.024282566690531207,COMPLETE
5036,5036,,2021-02-09 03:37:32.930109,2021-02-09 03:37:33.663267,0 days 00:00:00.733158,0.0005605340508975162,7,0,0.9669720916113203,16,0.024428504464471573,FAIL
5037,5037,0.5886328725038402,2021-02-09 03:37:33.666489,2021-02-09 03:37:50.130594,0 days 00:00:16.464105,0.013614848009662776,7,8,0.9633181651447136,16,0.02455925157547439,COMPLETE
5038,5038,,2021-02-09 03:37:50.133225,2021-02-09 03:37:50.854357,0 days 00:00:00.721132,0.0005529630841242995,9,0,0.9675169267728633,18,0.02276694107380156,FAIL
5039,5039,0.5984639016897081,2021-02-09 03:37:50.857550,2021-02-09 03:38:02.038292,0 days 00:00:11.180742,1.6907048425927313e-05,9,2,0.9697093022141834,18,0.02299921068346046,COMPLETE
5040,5040,0.41259600614439323,2021-02-09 03:38:02.040892,2021-02-09 03:38:12.895035,0 days 00:00:10.854143,0.00029889163227215127,7,2,0.962421465117136,16,0.019653901704664415,COMPLETE
5041,5041,0.44946236559139785,2021-02-09 03:38:12.897655,2021-02-09 03:38:33.562494,0 days 00:00:20.664839,0.00025508486960023317,7,2,0.967056680808316,16,0.025430446151418755,COMPLETE
5042,5042,0.4436251920122888,2021-02-09 03:38:33.565131,2021-02-09 03:38:44.340445,0 days 00:00:10.775314,0.00034228498459865553,7,2,0.9652695057855721,16,0.021420819044594946,COMPLETE
5043,5043,0.571121351766513,2021-02-09 03:38:44.343087,2021-02-09 03:39:24.560618,0 days 00:00:40.217531,0.00029795361687293267,7,2,0.9701506902619027,16,0.024783825468737183,COMPLETE
5044,5044,0.5391705069124424,2021-02-09 03:39:24.563277,2021-02-09 03:40:19.999619,0 days 00:00:55.436342,0.0002739888053752519,9,2,0.9666062368949832,16,0.016074604413274348,COMPLETE
5045,5045,0.3972350230414747,2021-02-09 03:40:20.002227,2021-02-09 03:40:30.761792,0 days 00:00:10.759565,0.0002494880846406788,13,2,0.968116571223376,18,0.022613776843238852,COMPLETE
5046,5046,0.554531490015361,2021-02-09 03:40:30.764431,2021-02-09 03:41:01.346692,0 days 00:00:30.582261,0.0004687153007837356,7,2,0.9681265237857208,16,0.026085631693266383,COMPLETE
5047,5047,0.37695852534562213,2021-02-09 03:41:01.349291,2021-02-09 03:41:12.240305,0 days 00:00:10.891014,0.0005273413187419192,5,2,0.9702519099526966,18,0.023600612900996,COMPLETE
5048,5048,0.4113671274961598,2021-02-09 03:41:12.242945,2021-02-09 03:41:23.542479,0 days 00:00:11.299534,0.0016848893203295738,7,6,0.9739822412474507,16,0.025458454665607786,COMPLETE
5049,5049,,2021-02-09 03:41:23.545112,2021-02-09 03:41:24.269701,0 days 00:00:00.724589,1.2959937100492916e-05,9,0,0.9642721112308589,14,0.02285838478673762,FAIL
5050,5050,0.605837173579109,2021-02-09 03:41:24.271827,2021-02-09 03:41:35.081700,0 days 00:00:10.809873,1.1839497055466478e-05,9,2,0.9670673677998941,14,0.021565613494529658,COMPLETE
5051,5051,,2021-02-09 03:41:35.084333,2021-02-09 03:41:35.956629,0 days 00:00:00.872296,0.0004570346265340631,7,0,0.9652075875931977,16,0.023175630898814525,FAIL
5052,5052,0.39293394777265744,2021-02-09 03:41:35.959916,2021-02-09 03:41:57.966388,0 days 00:00:22.006472,0.00034967200237247085,7,8,0.969204211810402,16,0.020437164489688776,COMPLETE
5053,5053,,2021-02-09 03:41:57.969024,2021-02-09 03:41:58.717379,0 days 00:00:00.748355,1.0120152094040803e-05,7,0,0.9636603406590303,18,0.025494242943171052,FAIL
5054,5054,,2021-02-09 03:41:58.719297,2021-02-09 03:41:59.431941,0 days 00:00:00.712644,1.8551065716092035e-05,7,0,0.96575659907585,18,0.026198431249415583,FAIL
5055,5055,0.43102918586789557,2021-02-09 03:41:59.433736,2021-02-09 03:42:10.581367,0 days 00:00:11.147631,1.1659090651283817e-05,7,2,0.9734877579564845,18,0.026247794521711353,COMPLETE
5056,5056,,2021-02-09 03:42:10.584005,2021-02-09 03:42:11.310689,0 days 00:00:00.726684,0.00022462337108525095,7,0,0.9641618712338061,16,0.023400814805328265,FAIL
5057,5057,0.447926267281106,2021-02-09 03:42:11.313904,2021-02-09 03:42:27.818768,0 days 00:00:16.504864,0.003242521409038561,7,8,0.9703951963617745,16,0.023965563979843566,COMPLETE
5058,5058,0.4368663594470046,2021-02-09 03:42:27.821407,2021-02-09 03:42:38.666959,0 days 00:00:10.845552,0.00043376527583269687,13,2,0.9642232395175182,18,0.026778967384379664,COMPLETE
5059,5059,0.46236559139784944,2021-02-09 03:42:38.669555,2021-02-09 03:42:49.475380,0 days 00:00:10.805825,0.0002296693456137649,17,2,0.9623947605652557,18,0.023134832910153894,COMPLETE
5060,5060,0.44178187403993857,2021-02-09 03:42:49.477975,2021-02-09 03:43:00.382550,0 days 00:00:10.904575,0.0002892361009799582,5,6,0.9660030881056325,16,0.025099930747969484,COMPLETE
5061,5061,,2021-02-09 03:43:00.385210,2021-02-09 03:43:01.109770,0 days 00:00:00.724560,0.0004162378113395277,7,0,0.9667708679944559,16,0.019257954696354093,FAIL
5062,5062,0.38525345622119817,2021-02-09 03:43:01.111502,2021-02-09 03:43:16.883421,0 days 00:00:15.771919,0.0005344826441240103,7,2,0.9666013798272604,16,0.0199429684335456,COMPLETE
5063,5063,0.46390168970814133,2021-02-09 03:43:16.886054,2021-02-09 03:43:37.844103,0 days 00:00:20.958049,0.0001766970068237264,7,2,0.9683106536175473,18,0.0216137148717342,COMPLETE
5064,5064,,2021-02-09 03:43:37.846728,2021-02-09 03:43:38.578708,0 days 00:00:00.731980,0.000624973261409152,7,0,0.9634408916464077,14,0.027153189820335256,FAIL
5065,5065,0.49400921658986174,2021-02-09 03:43:38.581919,2021-02-09 03:43:49.784625,0 days 00:00:11.202706,0.0006032955753622781,7,6,0.9643006649312345,18,0.02685939458495487,COMPLETE
5066,5066,,2021-02-09 03:43:49.787264,2021-02-09 03:43:50.523433,0 days 00:00:00.736169,0.00010652036723336025,9,0,0.9733087591350545,14,0.02347229804497062,FAIL
5067,5067,,2021-02-09 03:43:50.526448,2021-02-09 03:43:51.411881,0 days 00:00:00.885433,0.00010916147012410644,9,0,0.9724089343896387,14,0.02340361625275088,FAIL
5068,5068,0.5858678955453149,2021-02-09 03:43:51.415160,2021-02-09 03:44:47.609339,0 days 00:00:56.194179,0.00011303851891148091,9,2,0.9730685600064461,14,0.023000334150521017,COMPLETE
5069,5069,,2021-02-09 03:44:47.611836,2021-02-09 03:44:48.322586,0 days 00:00:00.710750,1.337847367730372e-05,7,0,0.9755652124340725,18,0.026993335182216478,FAIL
5070,5070,,2021-02-09 03:44:48.325870,2021-02-09 03:44:49.053184,0 days 00:00:00.727314,1.3032746845735115e-05,7,0,0.9719132082294749,18,0.018916509046889136,FAIL
