,number,value,datetime_start,datetime_complete,duration,params_lr,params_nl2,params_num_ct,params_scheduler_gamma,params_sigma2,params_weight_decay,state
407,407,,2021-02-08 21:16:04.561956,2021-02-08 21:16:05.225266,0 days 00:00:00.663310,0.0006645275496246305,11,0,0.9584209339669384,20,0.010101900329214715,FAIL
408,408,,2021-02-08 21:16:05.225993,2021-02-08 21:16:05.908253,0 days 00:00:00.682260,0.0007521311784855229,11,0,0.9590742764577187,20,0.05427962842786062,FAIL
409,409,,2021-02-08 21:16:05.908974,2021-02-08 21:16:06.555686,0 days 00:00:00.646712,0.0005604394589548854,11,0,0.9589091091689063,20,0.0537158342182892,FAIL
410,410,,2021-02-08 21:16:06.556155,2021-02-08 21:16:07.191136,0 days 00:00:00.634981,0.0004461556407743274,11,0,0.9592400902402449,20,0.05403340389202439,FAIL
411,411,,2021-02-08 21:16:07.191617,2021-02-08 21:16:07.835912,0 days 00:00:00.644295,0.0006376778876001442,11,0,0.9577694439924612,20,0.0532738009929134,FAIL
412,412,,2021-02-08 21:16:07.836391,2021-02-08 21:16:08.589020,0 days 00:00:00.752629,0.0004680551565135909,11,0,0.9587634571620782,20,0.054230800459653394,FAIL
413,413,,2021-02-08 21:16:08.589508,2021-02-08 21:16:09.218637,0 days 00:00:00.629129,1.1115617848718496e-05,11,0,0.9591891545786493,20,0.010188884877312385,FAIL
414,414,,2021-02-08 21:16:09.219125,2021-02-08 21:16:09.866082,0 days 00:00:00.646957,0.0006024742981316227,11,0,0.9579015000807162,20,0.01034601860366537,FAIL
415,415,,2021-02-08 21:16:09.866564,2021-02-08 21:16:10.508281,0 days 00:00:00.641717,0.0006249792926929293,11,0,0.9597353746216845,20,0.053918593081099496,FAIL
416,416,,2021-02-08 21:16:10.508764,2021-02-08 21:16:11.142832,0 days 00:00:00.634068,0.0004978186622729791,11,0,0.9584047263763327,20,0.04923500108214996,FAIL
417,417,,2021-02-08 21:16:11.143382,2021-02-08 21:16:11.786566,0 days 00:00:00.643184,0.0005993984592823368,11,0,0.9576683937642012,20,0.058512287700955415,FAIL
418,418,,2021-02-08 21:16:11.787051,2021-02-08 21:16:12.429468,0 days 00:00:00.642417,0.0007041778932746459,11,0,0.9607730979007838,20,0.05468217339575834,FAIL
419,419,,2021-02-08 21:16:12.430207,2021-02-08 21:16:13.085738,0 days 00:00:00.655531,1.0449154926934953e-05,11,0,0.9589124738449338,20,0.010212243854482382,FAIL
420,420,,2021-02-08 21:16:13.086238,2021-02-08 21:16:13.850685,0 days 00:00:00.764447,0.0006171665230542499,11,0,0.9587421556537254,20,0.05340495148607931,FAIL
421,421,,2021-02-08 21:16:13.851424,2021-02-08 21:16:14.491654,0 days 00:00:00.640230,0.0005210181316194551,11,0,0.9578750086903431,20,0.04942170927324234,FAIL
422,422,,2021-02-08 21:16:14.492399,2021-02-08 21:16:15.162810,0 days 00:00:00.670411,0.0006197891156134018,11,0,0.9603696307817111,20,0.010192005709256737,FAIL
423,423,,2021-02-08 21:16:15.163525,2021-02-08 21:16:15.827911,0 days 00:00:00.664386,1.122705800196719e-05,11,0,0.9588001952268842,20,0.010350359382938792,FAIL
424,424,,2021-02-08 21:16:15.828662,2021-02-08 21:16:16.498498,0 days 00:00:00.669836,0.0006413357863783786,11,0,0.9573307313232992,20,0.05682056901011779,FAIL
425,425,,2021-02-08 21:16:16.498989,2021-02-08 21:16:17.134854,0 days 00:00:00.635865,1.0067659753515017e-05,11,0,0.9591248141986185,20,0.010139485317508258,FAIL
426,426,,2021-02-08 21:16:17.135402,2021-02-08 21:16:17.786987,0 days 00:00:00.651585,1.0691839360447466e-05,11,0,0.9581786049831023,14,0.05753408299279328,FAIL
427,427,,2021-02-08 21:16:17.787744,2021-02-08 21:16:18.463275,0 days 00:00:00.675531,1.365149727390813e-05,11,0,0.959218823611213,20,0.051561456460800806,FAIL
428,428,,2021-02-08 21:16:18.464022,2021-02-08 21:16:19.251433,0 days 00:00:00.787411,0.0006443349364818971,11,0,0.9571744096094018,20,0.010076351711054272,FAIL
429,429,,2021-02-08 21:16:19.251908,2021-02-08 21:16:19.875194,0 days 00:00:00.623286,0.0006968569510135142,11,0,0.9588700501688865,20,0.05648155744734019,FAIL
430,430,,2021-02-08 21:16:19.875664,2021-02-08 21:16:20.515936,0 days 00:00:00.640272,0.0006566590571702836,11,0,0.9588454927184059,14,0.03883971173420292,FAIL
431,431,,2021-02-08 21:16:20.516690,2021-02-08 21:16:21.198928,0 days 00:00:00.682238,0.0006340014678310926,11,0,0.9573575323083681,20,0.010433373182049439,FAIL
432,432,,2021-02-08 21:16:21.199657,2021-02-08 21:16:21.858975,0 days 00:00:00.659318,1.0857271728878269e-05,11,0,0.9602201059490649,20,0.05257020406630888,FAIL
433,433,,2021-02-08 21:16:21.859722,2021-02-08 21:16:22.533424,0 days 00:00:00.673702,0.0005164813051168869,11,0,0.9592869516685963,20,0.05403685879732287,FAIL
434,434,,2021-02-08 21:16:22.533897,2021-02-08 21:16:23.187390,0 days 00:00:00.653493,1.0001717561528586e-05,11,0,0.9583754726204773,20,0.010078268663738113,FAIL
435,435,,2021-02-08 21:16:23.188130,2021-02-08 21:16:23.822906,0 days 00:00:00.634776,1.0426495554488525e-05,11,0,0.9592013628311846,14,0.054881100192969275,FAIL
436,436,,2021-02-08 21:16:23.823655,2021-02-08 21:16:24.617133,0 days 00:00:00.793478,0.0005279357181870525,11,0,0.9646886369816912,20,0.05243409731089302,FAIL
437,437,,2021-02-08 21:16:24.617651,2021-02-08 21:16:25.265195,0 days 00:00:00.647544,1.005639360718017e-05,11,0,0.9582210243617131,20,0.010492596198884483,FAIL
438,438,,2021-02-08 21:16:25.265672,2021-02-08 21:16:25.902644,0 days 00:00:00.636972,0.0005865927358332004,11,0,0.9573927005536331,20,0.057661552073581895,FAIL
439,439,,2021-02-08 21:16:25.903127,2021-02-08 21:16:26.544777,0 days 00:00:00.641650,0.0006889236051546029,11,0,0.9593053855019605,20,0.01022768377553079,FAIL
440,440,,2021-02-08 21:16:26.545356,2021-02-08 21:16:27.190891,0 days 00:00:00.645535,0.0005770052373691919,11,0,0.9595909019795967,20,0.05398202463351182,FAIL
441,441,,2021-02-08 21:16:27.191649,2021-02-08 21:16:27.858655,0 days 00:00:00.667006,0.0004829489855115488,11,0,0.960454139380395,20,0.058731795678318696,FAIL
442,442,,2021-02-08 21:16:27.859395,2021-02-08 21:16:28.515552,0 days 00:00:00.656157,1.3774715126704211e-05,11,0,0.959368825159775,20,0.010106546758351523,FAIL
443,443,,2021-02-08 21:16:28.516319,2021-02-08 21:16:29.173698,0 days 00:00:00.657379,0.0006235016462945153,11,0,0.9585643689041144,20,0.03286997420004116,FAIL
444,444,,2021-02-08 21:16:29.174452,2021-02-08 21:16:29.954140,0 days 00:00:00.779688,1.0003385349033279e-05,11,0,0.9591131289832249,20,0.05536650125381729,FAIL
445,445,,2021-02-08 21:16:29.954911,2021-02-08 21:16:30.653438,0 days 00:00:00.698527,0.00076215117112134,11,0,0.9589489113455042,20,0.05823127694095245,FAIL
446,446,,2021-02-08 21:16:30.654220,2021-02-08 21:16:31.301785,0 days 00:00:00.647565,1.2941758269391133e-05,11,0,0.9594422948114582,20,0.05209512416240522,FAIL
447,447,,2021-02-08 21:16:31.302500,2021-02-08 21:16:31.956447,0 days 00:00:00.653947,1.0617410679016483e-05,11,0,0.9597299437743534,20,0.010097919596011024,FAIL
448,448,,2021-02-08 21:16:31.956951,2021-02-08 21:16:32.608003,0 days 00:00:00.651052,0.0006171070431774498,11,0,0.9603506379612258,20,0.05881229331839395,FAIL
449,449,,2021-02-08 21:16:32.608479,2021-02-08 21:16:33.241338,0 days 00:00:00.632859,0.0006126409011809862,11,0,0.9573963526225726,20,0.05078796337740099,FAIL
450,450,,2021-02-08 21:16:33.242100,2021-02-08 21:16:33.892129,0 days 00:00:00.650029,0.000719070982982919,11,0,0.9602439806857727,20,0.05146308836339884,FAIL
451,451,,2021-02-08 21:16:33.892625,2021-02-08 21:16:34.531295,0 days 00:00:00.638670,0.0007376856731891601,11,0,0.9609227705119183,20,0.010115356662591083,FAIL
452,452,,2021-02-08 21:16:34.531772,2021-02-08 21:16:35.293216,0 days 00:00:00.761444,0.0008467551916910793,11,0,0.9611944933723093,20,0.052995752817660446,FAIL
453,453,,2021-02-08 21:16:35.293986,2021-02-08 21:16:35.985476,0 days 00:00:00.691490,1.1045909184526566e-05,11,0,0.9585112334456047,20,0.010000615234450925,FAIL
454,454,,2021-02-08 21:16:35.986238,2021-02-08 21:16:36.693005,0 days 00:00:00.706767,0.000696933782430324,11,0,0.9586589011487427,20,0.05718411345683538,FAIL
455,455,,2021-02-08 21:16:36.693745,2021-02-08 21:16:37.348333,0 days 00:00:00.654588,0.0006009543196318827,11,0,0.9579758510934157,20,0.0527910807652254,FAIL
456,456,,2021-02-08 21:16:37.348834,2021-02-08 21:16:38.007822,0 days 00:00:00.658988,0.000564901015788743,11,0,0.959747191708535,20,0.05215750557901597,FAIL
457,457,,2021-02-08 21:16:38.008318,2021-02-08 21:16:38.659531,0 days 00:00:00.651213,0.0006746855919687258,11,0,0.9589525177488681,20,0.05723902558311303,FAIL
458,458,,2021-02-08 21:16:38.660258,2021-02-08 21:16:39.352002,0 days 00:00:00.691744,0.0006519286829400161,11,0,0.961770637908277,20,0.047049638365499295,FAIL
459,459,,2021-02-08 21:16:39.352780,2021-02-08 21:16:40.018663,0 days 00:00:00.665883,1.0782245228712273e-05,11,0,0.9584028855490688,20,0.0509115630511816,FAIL
460,460,,2021-02-08 21:16:40.019441,2021-02-08 21:16:40.817705,0 days 00:00:00.798264,0.0006176148621547191,11,0,0.9595864273948868,20,0.03234966559813473,FAIL
461,461,,2021-02-08 21:16:40.818205,2021-02-08 21:16:41.477066,0 days 00:00:00.658861,0.0006131072523923778,11,0,0.9603952090465899,20,0.04938188497107728,FAIL
462,462,,2021-02-08 21:16:41.477554,2021-02-08 21:16:42.128108,0 days 00:00:00.650554,1.0248528548115759e-05,11,0,0.9582641763318512,20,0.0100598807663052,FAIL
463,463,,2021-02-08 21:16:42.128593,2021-02-08 21:16:42.752452,0 days 00:00:00.623859,1.0338827108967084e-05,11,0,0.9579987565374963,20,0.010308859913808685,FAIL
464,464,,2021-02-08 21:16:42.752939,2021-02-08 21:16:43.405262,0 days 00:00:00.652323,0.0005599756282274665,11,0,0.9588801423573698,20,0.05909098274324878,FAIL
465,465,,2021-02-08 21:16:43.406043,2021-02-08 21:16:44.080496,0 days 00:00:00.674453,0.0006906349348330884,11,0,0.9572373778230621,20,0.05520839523919569,FAIL
466,466,,2021-02-08 21:16:44.081090,2021-02-08 21:16:44.721855,0 days 00:00:00.640765,0.0005680974634039062,11,0,0.9595098347589761,20,0.052235503479116,FAIL
467,467,,2021-02-08 21:16:44.722641,2021-02-08 21:16:45.504879,0 days 00:00:00.782238,0.00010490511972995062,11,0,0.9655837066124274,20,0.05250254303692573,FAIL
468,468,,2021-02-08 21:16:45.505375,2021-02-08 21:16:46.138689,0 days 00:00:00.633314,0.0006033647989073923,11,0,0.9584887294240758,20,0.010286520054195279,FAIL
469,469,,2021-02-08 21:16:46.139469,2021-02-08 21:16:46.837708,0 days 00:00:00.698239,1.0355886022827887e-05,11,0,0.9602556882199578,20,0.0516918318485891,FAIL
470,470,,2021-02-08 21:16:46.838488,2021-02-08 21:16:47.528614,0 days 00:00:00.690126,0.000676390298095556,11,0,0.9582051345778915,20,0.05211130212459495,FAIL
471,471,,2021-02-08 21:16:47.529115,2021-02-08 21:16:48.168299,0 days 00:00:00.639184,0.0007192548636106552,11,0,0.9614546230442513,20,0.05237023987505478,FAIL
472,472,,2021-02-08 21:16:48.169072,2021-02-08 21:16:48.822356,0 days 00:00:00.653284,0.0006623453790320079,11,0,0.9580781539937371,20,0.06026191147170374,FAIL
473,473,,2021-02-08 21:16:48.822869,2021-02-08 21:16:49.479102,0 days 00:00:00.656233,1.0633951167847245e-05,11,0,0.9585031988974928,20,0.01044271062369549,FAIL
474,474,,2021-02-08 21:16:49.479596,2021-02-08 21:16:50.121090,0 days 00:00:00.641494,0.0005982266967037547,11,0,0.9585211463680078,20,0.05908870688677249,FAIL
475,475,,2021-02-08 21:16:50.121881,2021-02-08 21:16:50.905820,0 days 00:00:00.783939,0.0007243719291794226,11,0,0.9583945046272673,20,0.01002102589135145,FAIL
476,476,,2021-02-08 21:16:50.906616,2021-02-08 21:16:51.598639,0 days 00:00:00.692023,1.0274722238100633e-05,11,0,0.9623017519952763,20,0.04913680733276972,FAIL
477,477,,2021-02-08 21:16:51.599145,2021-02-08 21:16:52.256302,0 days 00:00:00.657157,0.000541271610669423,11,0,0.9602745555825485,20,0.010111504665983342,FAIL
478,478,,2021-02-08 21:16:52.257065,2021-02-08 21:16:52.942198,0 days 00:00:00.685133,0.0005285049802328935,11,0,0.9635668035703215,20,0.010479997410900195,FAIL
479,479,,2021-02-08 21:16:52.942984,2021-02-08 21:16:53.655665,0 days 00:00:00.712681,0.00041518270319026377,11,0,0.9594664296939174,20,0.058986321517809526,FAIL
480,480,,2021-02-08 21:16:53.656458,2021-02-08 21:16:54.338738,0 days 00:00:00.682280,0.0006657340770296044,11,0,0.9594955292272129,20,0.0570705756388902,FAIL
481,481,,2021-02-08 21:16:54.339232,2021-02-08 21:16:54.980125,0 days 00:00:00.640893,1.0915856770066051e-05,11,0,0.9598388321229228,20,0.05551939875085006,FAIL
482,482,,2021-02-08 21:16:54.980624,2021-02-08 21:16:55.746211,0 days 00:00:00.765587,0.0005319772687550636,11,0,0.9586502954368032,20,0.0570444619886844,FAIL
483,483,,2021-02-08 21:16:55.746727,2021-02-08 21:16:56.392546,0 days 00:00:00.645819,1.0459474995204928e-05,11,0,0.9582361041636744,14,0.05005280260338964,FAIL
484,484,,2021-02-08 21:16:56.393332,2021-02-08 21:16:57.117254,0 days 00:00:00.723922,0.0006011218887843863,11,0,0.9617374547406823,20,0.010006738356731859,FAIL
485,485,,2021-02-08 21:16:57.118029,2021-02-08 21:16:57.767024,0 days 00:00:00.648995,1.0406125039645345e-05,11,0,0.9591000495420438,20,0.055150961645897466,FAIL
486,486,,2021-02-08 21:16:57.767517,2021-02-08 21:16:58.402914,0 days 00:00:00.635397,1.0943186662711235e-05,11,0,0.9588412819745904,20,0.04501144437075498,FAIL
487,487,0.623963133640553,2021-02-08 21:16:58.403699,2021-02-08 21:17:14.343695,0 days 00:00:15.939996,0.0005497552718027718,11,4,0.9594846683974736,20,0.05600017156527971,COMPLETE
488,488,,2021-02-08 21:17:14.344328,2021-02-08 21:17:14.999905,0 days 00:00:00.655577,0.00010668135066431401,13,0,0.9570659420415396,20,0.0502396174182127,FAIL
489,489,,2021-02-08 21:17:15.000683,2021-02-08 21:17:15.785996,0 days 00:00:00.785313,1.2018772084366478e-05,13,0,0.9568236311676667,20,0.03489271138001934,FAIL
490,490,,2021-02-08 21:17:15.786500,2021-02-08 21:17:16.513893,0 days 00:00:00.727393,0.00010092185396972381,13,0,0.9585812422796245,20,0.03236067386998403,FAIL
491,491,,2021-02-08 21:17:16.514676,2021-02-08 21:17:17.186262,0 days 00:00:00.671586,1.0485642062293649e-05,13,0,0.956821128643408,20,0.03212834678660478,FAIL
492,492,,2021-02-08 21:17:17.186762,2021-02-08 21:17:17.811074,0 days 00:00:00.624312,1.1254278719395407e-05,13,0,0.9561566488949065,20,0.03316746329411733,FAIL
493,493,,2021-02-08 21:17:17.811563,2021-02-08 21:17:18.456064,0 days 00:00:00.644501,1.0734004523023343e-05,13,0,0.9568628894179176,20,0.03252248340935469,FAIL
494,494,,2021-02-08 21:17:18.456684,2021-02-08 21:17:19.088523,0 days 00:00:00.631839,1.0969991071669452e-05,13,0,0.9569905379962214,20,0.03524276221961779,FAIL
495,495,,2021-02-08 21:17:19.089319,2021-02-08 21:17:19.791597,0 days 00:00:00.702278,1.2082248992709867e-05,13,0,0.9540800896870449,20,0.034150932515653425,FAIL
496,496,,2021-02-08 21:17:19.792093,2021-02-08 21:17:20.448780,0 days 00:00:00.656687,9.068318541678177e-05,13,0,0.9590254048501216,20,0.032487136525740846,FAIL
497,497,,2021-02-08 21:17:20.449274,2021-02-08 21:17:21.199145,0 days 00:00:00.749871,0.00011285732159230424,13,0,0.9568915667858154,20,0.04643055127101016,FAIL
498,498,,2021-02-08 21:17:21.199646,2021-02-08 21:17:21.840964,0 days 00:00:00.641318,1.0103213583259792e-05,13,0,0.9585968432746502,20,0.033070332634738145,FAIL
499,499,,2021-02-08 21:17:21.841476,2021-02-08 21:17:22.475698,0 days 00:00:00.634222,1.1285309799665145e-05,11,0,0.9563973662411854,20,0.049291854095983065,FAIL
500,500,,2021-02-08 21:17:22.476500,2021-02-08 21:17:23.146777,0 days 00:00:00.670277,9.682571329154902e-05,13,0,0.9566994412621563,20,0.033620256814679256,FAIL
501,501,,2021-02-08 21:17:23.147683,2021-02-08 21:17:23.813530,0 days 00:00:00.665847,1.0275101893520494e-05,13,0,0.9580990635762101,20,0.03322862460344772,FAIL
502,502,,2021-02-08 21:17:23.814320,2021-02-08 21:17:24.524142,0 days 00:00:00.709822,9.68872764676569e-05,13,0,0.9556442777836535,20,0.03356471058291511,FAIL
503,503,,2021-02-08 21:17:24.524930,2021-02-08 21:17:25.184223,0 days 00:00:00.659293,1.2329093515676106e-05,13,0,0.9581159281008796,20,0.03345927077949846,FAIL
504,504,,2021-02-08 21:17:25.185012,2021-02-08 21:17:25.852314,0 days 00:00:00.667302,1.1461486637814614e-05,13,0,0.9578962374602393,20,0.054991358954605433,FAIL
505,505,,2021-02-08 21:17:25.852798,2021-02-08 21:17:26.621012,0 days 00:00:00.768214,8.701655917950615e-05,13,0,0.9558007228445256,20,0.03315397069545521,FAIL
506,506,,2021-02-08 21:17:26.621832,2021-02-08 21:17:27.293399,0 days 00:00:00.671567,0.00010045552019106691,13,0,0.9577167779714665,20,0.033346966345978724,FAIL
507,507,,2021-02-08 21:17:27.294182,2021-02-08 21:17:27.968171,0 days 00:00:00.673989,1.1615117071813152e-05,13,0,0.958495195724984,20,0.03411559596985361,FAIL
508,508,,2021-02-08 21:17:27.968954,2021-02-08 21:17:28.626905,0 days 00:00:00.657951,0.00010176419337602355,13,0,0.9563459394570417,20,0.03172661776312619,FAIL
509,509,,2021-02-08 21:17:28.627399,2021-02-08 21:17:29.251519,0 days 00:00:00.624120,1.215695417603758e-05,13,0,0.9580554889830486,20,0.03349110813313754,FAIL
510,510,,2021-02-08 21:17:29.252013,2021-02-08 21:17:29.885614,0 days 00:00:00.633601,1.0832743472950902e-05,13,0,0.9576327934708018,20,0.032047436007810806,FAIL
511,511,0.39262672811059907,2021-02-08 21:17:29.886103,2021-02-08 21:17:40.435857,0 days 00:00:10.549754,1.1922602292869162e-05,13,2,0.9571039832936928,20,0.03442908537656742,COMPLETE
512,512,,2021-02-08 21:17:40.436506,2021-02-08 21:17:41.093098,0 days 00:00:00.656592,8.93041230789137e-05,11,0,0.9788763573064133,20,0.054148095618969334,FAIL
513,513,,2021-02-08 21:17:41.093910,2021-02-08 21:17:41.735967,0 days 00:00:00.642057,8.961641350528708e-05,11,0,0.9441185685311747,20,0.048367297261273916,FAIL
514,514,,2021-02-08 21:17:41.736782,2021-02-08 21:17:42.402859,0 days 00:00:00.666077,0.00012590289194495532,11,0,0.9424796971074468,20,0.010025208283620222,FAIL
515,515,,2021-02-08 21:17:42.403639,2021-02-08 21:17:43.074006,0 days 00:00:00.670367,9.457667231480796e-05,11,0,0.9429490114895835,20,0.04287620205982367,FAIL
516,516,,2021-02-08 21:17:43.074503,2021-02-08 21:17:43.717922,0 days 00:00:00.643419,0.0001448336626760592,11,0,0.9431053126835987,20,0.010156638021354004,FAIL
517,517,,2021-02-08 21:17:43.718755,2021-02-08 21:17:44.382694,0 days 00:00:00.663939,0.00010767408192264767,11,0,0.9182434738082811,20,0.05886185047930946,FAIL
518,518,,2021-02-08 21:17:44.383199,2021-02-08 21:17:45.023352,0 days 00:00:00.640153,0.0001018498138994752,11,0,0.9413128685796431,20,0.010105543766704446,FAIL
519,519,,2021-02-08 21:17:45.023858,2021-02-08 21:17:45.786655,0 days 00:00:00.762797,8.8235828543326e-05,11,0,0.9435762030173809,20,0.04730377500614734,FAIL
520,520,,2021-02-08 21:17:45.787158,2021-02-08 21:17:46.429357,0 days 00:00:00.642199,0.00012780824206358706,11,0,0.9433288367985746,20,0.05111671285818607,FAIL
521,521,,2021-02-08 21:17:46.430152,2021-02-08 21:17:47.089976,0 days 00:00:00.659824,0.00010501137611274287,11,0,0.9413939171226421,20,0.010051265440321493,FAIL
522,522,,2021-02-08 21:17:47.090779,2021-02-08 21:17:47.797549,0 days 00:00:00.706770,0.00010404054747975316,11,0,0.9176223278012607,20,0.06226899184476645,FAIL
523,523,,2021-02-08 21:17:47.798329,2021-02-08 21:17:48.448201,0 days 00:00:00.649872,6.645766210562195e-05,11,0,0.944147341898654,20,0.04725496475200399,FAIL
524,524,,2021-02-08 21:17:48.449006,2021-02-08 21:17:49.149441,0 days 00:00:00.700435,0.00010726835740858107,11,0,0.9172754593766258,20,0.05372769149107526,FAIL
525,525,,2021-02-08 21:17:49.150339,2021-02-08 21:17:49.823950,0 days 00:00:00.673611,0.00010376485266112398,11,0,0.978920904461492,20,0.053477659031569195,FAIL
526,526,,2021-02-08 21:17:49.824474,2021-02-08 21:17:50.580917,0 days 00:00:00.756443,0.00010928170990873276,11,0,0.9441435867655854,20,0.05021827451197034,FAIL
527,527,,2021-02-08 21:17:50.581710,2021-02-08 21:17:51.242504,0 days 00:00:00.660794,9.388797839018451e-05,11,0,0.9184736167615887,20,0.054789996447786565,FAIL
528,528,,2021-02-08 21:17:51.243019,2021-02-08 21:17:51.894154,0 days 00:00:00.651135,8.411644998560632e-05,11,0,0.9191721079701222,20,0.054350717656875346,FAIL
529,529,,2021-02-08 21:17:51.894976,2021-02-08 21:17:52.561118,0 days 00:00:00.666142,9.872712870999746e-05,11,0,0.9416963409816654,20,0.05614505793168207,FAIL
530,530,,2021-02-08 21:17:52.561635,2021-02-08 21:17:53.217124,0 days 00:00:00.655489,0.0001109070405126062,11,0,0.943887653942528,20,0.054660272151563376,FAIL
531,531,,2021-02-08 21:17:53.217945,2021-02-08 21:17:53.874358,0 days 00:00:00.656413,0.0001011010608423652,11,0,0.9432559479595268,20,0.05158369434666565,FAIL
532,532,,2021-02-08 21:17:53.874864,2021-02-08 21:17:54.506447,0 days 00:00:00.631583,0.00010937953380787376,11,0,0.9789348222656179,20,0.055023693525644055,FAIL
533,533,,2021-02-08 21:17:54.506977,2021-02-08 21:17:55.160765,0 days 00:00:00.653788,9.649476381343628e-05,11,0,0.9445710434231838,20,0.05390185478436156,FAIL
534,534,,2021-02-08 21:17:55.161618,2021-02-08 21:17:55.963250,0 days 00:00:00.801632,0.00010378924288082014,11,0,0.9175127940852706,20,0.052152854253471666,FAIL
535,535,,2021-02-08 21:17:55.964073,2021-02-08 21:17:56.631668,0 days 00:00:00.667595,0.0001420463849313599,11,0,0.9416257004920829,20,0.05471837671084618,FAIL
536,536,,2021-02-08 21:17:56.632445,2021-02-08 21:17:57.292516,0 days 00:00:00.660071,0.00011347333335237297,11,0,0.9431249351839636,20,0.05761187672775298,FAIL
537,537,,2021-02-08 21:17:57.293305,2021-02-08 21:17:57.952913,0 days 00:00:00.659608,8.788297767044998e-05,11,0,0.9800646515466346,20,0.054134380205127085,FAIL
538,538,,2021-02-08 21:17:57.953705,2021-02-08 21:17:58.656428,0 days 00:00:00.702723,0.00011923953436263764,11,0,0.9173892194660009,20,0.05446079572624334,FAIL
539,539,,2021-02-08 21:17:58.656944,2021-02-08 21:17:59.298917,0 days 00:00:00.641973,0.0001451445404459096,11,0,0.9180063853319792,20,0.05164325621759246,FAIL
540,540,,2021-02-08 21:17:59.299527,2021-02-08 21:17:59.934099,0 days 00:00:00.634572,9.714329758177648e-05,11,0,0.9793908948499683,20,0.05448444628738974,FAIL
541,541,,2021-02-08 21:17:59.934599,2021-02-08 21:18:00.567890,0 days 00:00:00.633291,0.00011225836579639363,11,0,0.9408704161582887,20,0.045130700223458775,FAIL
