,number,value,datetime_start,datetime_complete,duration,params_lr,params_nl2,params_num_ct,params_scheduler_gamma,params_sigma2,params_weight_decay,state
4575,4575,0.45622119815668205,2021-02-09 02:23:17.645224,2021-02-09 02:23:28.668679,0 days 00:00:11.023455,0.0009405757342971523,15,2,0.9789046375388225,16,0.029737464098946318,COMPLETE
4576,4576,0.4752688172043011,2021-02-09 02:23:28.671119,2021-02-09 02:23:53.961207,0 days 00:00:25.290088,1.521987186315776e-05,15,2,0.9440228645735683,16,0.02335305716592187,COMPLETE
4577,4577,0.44946236559139785,2021-02-09 02:23:53.963629,2021-02-09 02:24:09.843814,0 days 00:00:15.880185,1.1330188874702164e-05,15,2,0.9845982288745264,16,0.026711715751181097,COMPLETE
4578,4578,,2021-02-09 02:24:09.847544,2021-02-09 02:24:10.570461,0 days 00:00:00.722917,1.027104192070629e-05,15,0,0.9771806609232664,16,0.022161364391668017,FAIL
4579,4579,0.49738863287250384,2021-02-09 02:24:10.572080,2021-02-09 02:24:26.560952,0 days 00:00:15.988872,0.0023523202225752995,15,2,0.9761646143442285,16,0.022293230333126777,COMPLETE
4580,4580,,2021-02-09 02:24:26.563384,2021-02-09 02:24:27.259933,0 days 00:00:00.696549,9.598809380537104e-05,15,0,0.9774294103892022,16,0.028758766921170423,FAIL
4581,4581,,2021-02-09 02:24:27.262814,2021-02-09 02:24:27.997999,0 days 00:00:00.735185,1.0110483515787424e-05,15,0,0.983619939145118,16,0.029314067765557457,FAIL
4582,4582,,2021-02-09 02:24:28.000920,2021-02-09 02:24:28.711336,0 days 00:00:00.710416,0.001103495071221995,15,0,0.9875339576345953,16,0.028609865903504724,FAIL
4583,4583,0.4599078341013825,2021-02-09 02:24:28.713021,2021-02-09 02:24:39.468118,0 days 00:00:10.755097,9.010813761009328e-05,15,2,0.9897623155703227,16,0.029567337897427274,COMPLETE
4584,4584,,2021-02-09 02:24:39.470555,2021-02-09 02:24:40.211561,0 days 00:00:00.741006,1.0031285438409079e-05,15,0,0.987756771012711,16,0.026767757517613847,FAIL
4585,4585,0.5766513056835637,2021-02-09 02:24:40.213222,2021-02-09 02:24:51.077364,0 days 00:00:10.864142,1.0287273525265593e-05,15,2,0.9050473824211783,16,0.02684940648217623,COMPLETE
4586,4586,0.43102918586789557,2021-02-09 02:24:51.079797,2021-02-09 02:25:12.073236,0 days 00:00:20.993439,0.001237318981036974,15,2,0.9805104502619327,16,0.031383684613929486,COMPLETE
4587,4587,,2021-02-09 02:25:12.075681,2021-02-09 02:25:12.798913,0 days 00:00:00.723232,0.013513032693622239,13,0,0.9387204699547487,16,0.02453683030721522,FAIL
4588,4588,0.5207373271889401,2021-02-09 02:25:12.800627,2021-02-09 02:25:33.481093,0 days 00:00:20.680466,0.008780858093368751,13,2,0.9721695627947908,16,0.03323112678072408,COMPLETE
4589,4589,0.42457757296466975,2021-02-09 02:25:33.483537,2021-02-09 02:25:49.356299,0 days 00:00:15.872762,1.0107994920813385e-05,15,2,0.9864063086680843,16,0.024513814796996866,COMPLETE
4590,4590,,2021-02-09 02:25:49.358736,2021-02-09 02:25:50.099628,0 days 00:00:00.740892,1.2767122630387819e-05,15,0,0.9838835025319634,16,0.02840923462828335,FAIL
4591,4591,0.5643625192012289,2021-02-09 02:25:50.102582,2021-02-09 02:26:05.936744,0 days 00:00:15.834162,0.012587141652026663,15,2,0.9019838589195871,16,0.0288167473040179,COMPLETE
4592,4592,0.4967741935483871,2021-02-09 02:26:05.939168,2021-02-09 02:26:16.591447,0 days 00:00:10.652279,0.001047390012636457,15,2,0.9413969889721115,18,0.020130066320212445,COMPLETE
4593,4593,,2021-02-09 02:26:16.593840,2021-02-09 02:26:17.307498,0 days 00:00:00.713658,1.2796146329116858e-05,7,0,0.9835943434615024,16,0.03217320128090296,FAIL
4594,4594,0.43317972350230416,2021-02-09 02:26:17.310289,2021-02-09 02:26:33.167705,0 days 00:00:15.857416,1.2577005636968675e-05,7,2,0.9833175079098088,14,0.03336676456557274,COMPLETE
4595,4595,0.5806451612903226,2021-02-09 02:26:33.170138,2021-02-09 02:26:49.232442,0 days 00:00:16.062304,0.00010179360850882421,15,2,0.9469621299747435,16,0.02538645203564915,COMPLETE
4596,4596,0.6282642089093702,2021-02-09 02:26:49.234871,2021-02-09 02:27:04.570237,0 days 00:00:15.335366,1.5446861569055355e-05,15,2,0.9696628844387598,16,0.02986262530888788,COMPLETE
4597,4597,0.45376344086021503,2021-02-09 02:27:04.572652,2021-02-09 02:27:15.461224,0 days 00:00:10.888572,1.6477796445260096e-05,15,2,0.9714958673767057,16,0.035240967443230915,COMPLETE
4598,4598,,2021-02-09 02:27:15.463655,2021-02-09 02:27:16.200994,0 days 00:00:00.737339,1.743285280704609e-05,5,0,0.9675988014521254,16,0.029870681365225554,FAIL
4599,4599,,2021-02-09 02:27:16.202687,2021-02-09 02:27:16.896609,0 days 00:00:00.693922,1.699239729021079e-05,5,0,0.9782612238727337,16,0.0316426568741589,FAIL
4600,4600,,2021-02-09 02:27:16.899510,2021-02-09 02:27:17.627822,0 days 00:00:00.728312,1.6678774796113754e-05,5,0,0.9772825659619861,16,0.030484070613553592,FAIL
4601,4601,0.47434715821812595,2021-02-09 02:27:17.629419,2021-02-09 02:27:33.246824,0 days 00:00:15.617405,1.7895982408369363e-05,5,2,0.9688657740839869,16,0.031067765050791417,COMPLETE
4602,4602,0.42764976958525347,2021-02-09 02:27:33.249260,2021-02-09 02:27:44.228347,0 days 00:00:10.979087,1.1780391768160794e-05,15,2,0.9727666529214488,18,0.028339998188986266,COMPLETE
4603,4603,0.5081413210445469,2021-02-09 02:27:44.230777,2021-02-09 02:28:00.147954,0 days 00:00:15.917177,1.469699538675804e-05,7,2,0.9783688071431568,16,0.032612262623199266,COMPLETE
4604,4604,0.6055299539170507,2021-02-09 02:28:00.150376,2021-02-09 02:28:11.400613,0 days 00:00:11.250237,1.5035978059412219e-05,15,2,0.9699751077683105,16,0.036787469052256834,COMPLETE
4605,4605,0.40153609831029186,2021-02-09 02:28:11.403085,2021-02-09 02:28:22.157047,0 days 00:00:10.753962,0.004606738085398136,13,2,0.9645894261758075,18,0.027698624092274655,COMPLETE
4606,4606,0.5560675883256528,2021-02-09 02:28:22.159482,2021-02-09 02:28:38.096502,0 days 00:00:15.937020,0.0189554696138303,15,2,0.9684391774495857,16,0.02650586034749791,COMPLETE
4607,4607,0.43533026113671275,2021-02-09 02:28:38.098950,2021-02-09 02:28:49.007977,0 days 00:00:10.909027,1.908431377606213e-05,15,2,0.9770995821600337,16,0.022778623959202198,COMPLETE
4608,4608,,2021-02-09 02:28:49.010400,2021-02-09 02:28:49.736045,0 days 00:00:00.725645,1.3643440180215858e-05,15,0,0.9793321660103622,16,0.0344064650213825,FAIL
4609,4609,,2021-02-09 02:28:49.738976,2021-02-09 02:28:50.484789,0 days 00:00:00.745813,1.2823447025608478e-05,15,0,0.9751868471952718,16,0.03469719406314851,FAIL
4610,4610,0.42304147465437786,2021-02-09 02:28:50.487665,2021-02-09 02:29:06.440682,0 days 00:00:15.953017,1.653053756850992e-05,15,2,0.975994896607841,16,0.03367074294450546,COMPLETE
4611,4611,0.47465437788018433,2021-02-09 02:29:06.443153,2021-02-09 02:29:17.099962,0 days 00:00:10.656809,0.002142925114155415,9,2,0.9672166858242769,18,0.028983867439322953,COMPLETE
4612,4612,0.4629800307219662,2021-02-09 02:29:17.102374,2021-02-09 02:29:57.453024,0 days 00:00:40.350650,0.0014561814843706382,15,2,0.9738686050733995,18,0.030217672710824567,COMPLETE
4613,4613,0.4021505376344086,2021-02-09 02:29:57.455460,2021-02-09 02:30:08.575855,0 days 00:00:11.120395,0.0009748309893346863,7,6,0.9702894693706834,14,0.024859023605213082,COMPLETE
4614,4614,,2021-02-09 02:30:08.578305,2021-02-09 02:30:09.298968,0 days 00:00:00.720663,6.777083551016562e-05,13,0,0.9842917862846078,18,0.02696083791831325,FAIL
4615,4615,0.5336405529953917,2021-02-09 02:30:09.301824,2021-02-09 02:30:20.110139,0 days 00:00:10.808315,7.311746893468005e-05,15,2,0.9001097259488372,18,0.0277582549684923,COMPLETE
4616,4616,,2021-02-09 02:30:20.112562,2021-02-09 02:30:20.834546,0 days 00:00:00.721984,1.0035433038946096e-05,15,0,0.9886552004083917,16,0.029830808118936424,FAIL
4617,4617,,2021-02-09 02:30:20.836367,2021-02-09 02:30:21.545027,0 days 00:00:00.708660,0.0008209467939627585,15,0,0.9844806307583969,16,0.029886544918799548,FAIL
4618,4618,0.38095238095238093,2021-02-09 02:30:21.546664,2021-02-09 02:30:32.129591,0 days 00:00:10.582927,0.00010438124985160408,15,2,0.9708563572769981,16,0.030430310752815923,COMPLETE
4619,4619,,2021-02-09 02:30:32.132031,2021-02-09 02:30:32.987842,0 days 00:00:00.855811,1.4081843033306408e-05,13,0,0.9839458102350718,16,0.03575027969543926,FAIL
4620,4620,0.42273425499231954,2021-02-09 02:30:32.989480,2021-02-09 02:30:43.885844,0 days 00:00:10.896364,1.3094493732959216e-05,13,2,0.9798892370010719,16,0.03613626156542973,COMPLETE
4621,4621,0.3849462365591398,2021-02-09 02:30:43.888294,2021-02-09 02:30:54.750194,0 days 00:00:10.861900,1.2206075104888224e-05,15,2,0.9665260690315441,16,0.03280582182066612,COMPLETE
4622,4622,,2021-02-09 02:30:54.752652,2021-02-09 02:30:55.472452,0 days 00:00:00.719800,1.853903016696745e-05,15,0,0.9782877109408628,16,0.036223315427324286,FAIL
4623,4623,,2021-02-09 02:30:55.475091,2021-02-09 02:30:56.165627,0 days 00:00:00.690536,1.8543445584263008e-05,15,0,0.9872910826666956,16,0.037716986507961764,FAIL
4624,4624,,2021-02-09 02:30:56.167354,2021-02-09 02:30:56.860172,0 days 00:00:00.692818,1.820801608138623e-05,15,0,0.9753012611788116,16,0.03518328467522841,FAIL
4625,4625,0.39416282642089095,2021-02-09 02:30:56.861889,2021-02-09 02:31:07.758404,0 days 00:00:10.896515,1.0009301540850842e-05,15,2,0.9880678417713116,16,0.03919250743953041,COMPLETE
4626,4626,0.4620583717357911,2021-02-09 02:31:07.760869,2021-02-09 02:31:18.539634,0 days 00:00:10.778765,2.1082915274630774e-05,15,2,0.9747119595941869,16,0.034937607998774295,COMPLETE
4627,4627,0.4559139784946237,2021-02-09 02:31:18.542063,2021-02-09 02:31:29.072955,0 days 00:00:10.530892,1.3842446376467094e-05,7,2,0.9828377399781949,16,0.031872286490733946,COMPLETE
4628,4628,,2021-02-09 02:31:29.075390,2021-02-09 02:31:29.789199,0 days 00:00:00.713809,1.6712588285361047e-05,9,0,0.9848136911334551,16,0.03622135149653716,FAIL
4629,4629,,2021-02-09 02:31:29.792013,2021-02-09 02:31:30.506844,0 days 00:00:00.714831,1.0001855869142049e-05,9,0,0.9812222606794591,16,0.02321662671806882,FAIL
4630,4630,0.5533026113671276,2021-02-09 02:31:30.508659,2021-02-09 02:31:41.571495,0 days 00:00:11.062836,1.559913374297256e-05,15,2,0.9845587308533866,16,0.023474221395224083,COMPLETE
4631,4631,,2021-02-09 02:31:41.573943,2021-02-09 02:31:42.277630,0 days 00:00:00.703687,0.0008851109381859426,15,0,0.9769125964507472,18,0.026556203998023074,FAIL
4632,4632,,2021-02-09 02:31:42.279463,2021-02-09 02:31:42.997571,0 days 00:00:00.718108,0.0031829104924900454,15,0,0.9812625693982748,18,0.026721556975991163,FAIL
4633,4633,0.4402457757296467,2021-02-09 02:31:42.999241,2021-02-09 02:31:53.867994,0 days 00:00:10.868753,0.0039029912416688258,15,6,0.9807932278887016,18,0.026475121099190597,COMPLETE
4634,4634,0.46543778801843316,2021-02-09 02:31:53.870444,2021-02-09 02:32:04.349755,0 days 00:00:10.479311,1.8761684481647247e-05,9,2,0.9367389943952413,16,0.021368579577729974,COMPLETE
4635,4635,0.5029185867895545,2021-02-09 02:32:04.352210,2021-02-09 02:32:16.036876,0 days 00:00:11.684666,0.0008669043145950473,5,6,0.9778303524393617,18,0.029022017542864518,COMPLETE
4636,4636,,2021-02-09 02:32:16.039309,2021-02-09 02:32:16.761118,0 days 00:00:00.721809,0.006686443018367691,15,0,0.9391144639490897,16,0.03743059392255642,FAIL
4637,4637,0.46543778801843316,2021-02-09 02:32:16.762750,2021-02-09 02:32:27.501330,0 days 00:00:10.738580,1.2205665819610557e-05,15,2,0.9405235230506472,16,0.036321194463804954,COMPLETE
4638,4638,0.5259600614439324,2021-02-09 02:32:27.503794,2021-02-09 02:33:14.153250,0 days 00:00:46.649456,0.0029502121348608484,13,6,0.9686429857282933,18,0.02624644400986056,COMPLETE
4639,4639,,2021-02-09 02:33:14.155687,2021-02-09 02:33:14.871367,0 days 00:00:00.715680,0.006482328684248852,15,0,0.9023038006750129,18,0.024609572103393977,FAIL
4640,4640,,2021-02-09 02:33:14.874335,2021-02-09 02:33:15.753594,0 days 00:00:00.879259,0.00011330175045488552,15,0,0.9724788594811544,18,0.029012182340174143,FAIL
4641,4641,0.4411674347158218,2021-02-09 02:33:15.755385,2021-02-09 02:33:26.755526,0 days 00:00:11.000141,8.045119471766393e-05,15,6,0.9720914924329072,12,0.029891635151122857,COMPLETE
4642,4642,0.5176651305683564,2021-02-09 02:33:26.757964,2021-02-09 02:33:37.680503,0 days 00:00:10.922539,0.007277292711185323,15,2,0.938164104698432,14,0.024078649991203592,COMPLETE
4643,4643,0.5216589861751152,2021-02-09 02:33:37.682932,2021-02-09 02:33:48.300012,0 days 00:00:10.617080,1.6546450085400933e-05,15,2,0.9857744569423553,16,0.040549955619718206,COMPLETE
4644,4644,0.5772657450076805,2021-02-09 02:33:48.302467,2021-02-09 02:33:59.590739,0 days 00:00:11.288272,0.00012093190414135716,15,6,0.9017429995647636,10,0.02815346624965913,COMPLETE
4645,4645,,2021-02-09 02:33:59.593191,2021-02-09 02:34:00.331157,0 days 00:00:00.737966,1.0103037123624471e-05,7,0,0.9892602099231256,18,0.025913434329904155,FAIL
4646,4646,0.41904761904761906,2021-02-09 02:34:00.332876,2021-02-09 02:34:16.242989,0 days 00:00:15.910113,1.016009115695376e-05,7,2,0.9875816666352958,18,0.026909120368558834,COMPLETE
4647,4647,,2021-02-09 02:34:16.245437,2021-02-09 02:34:16.954735,0 days 00:00:00.709298,1.4499736793791744e-05,15,0,0.9388293504908377,16,0.0343743478552517,FAIL
4648,4648,0.5081413210445469,2021-02-09 02:34:16.957711,2021-02-09 02:34:27.752605,0 days 00:00:10.794894,1.395843708143434e-05,15,2,0.9176934635505265,16,0.034131907604892,COMPLETE
4649,4649,,2021-02-09 02:34:27.755060,2021-02-09 02:34:28.471054,0 days 00:00:00.715994,0.0009031629571742514,9,0,0.9029294851390122,18,0.029699552586828524,FAIL
4650,4650,0.3615975422427035,2021-02-09 02:34:28.473941,2021-02-09 02:34:39.802575,0 days 00:00:11.328634,0.0011889620009844374,9,6,0.9002552661137136,18,0.03072885169689284,COMPLETE
4651,4651,0.4294930875576037,2021-02-09 02:34:39.805007,2021-02-09 02:34:50.604472,0 days 00:00:10.799465,1.854306497006735e-05,13,2,0.9435846606051845,16,0.03826200792178959,COMPLETE
4652,4652,,2021-02-09 02:34:50.606904,2021-02-09 02:34:51.332111,0 days 00:00:00.725207,2.229190794850361e-05,15,0,0.9773831934654054,16,0.019103277924339277,FAIL
4653,4653,0.37450076804915516,2021-02-09 02:34:51.333797,2021-02-09 02:35:01.975664,0 days 00:00:10.641867,1.0118466105878644e-05,15,2,0.9001149170158659,16,0.03265027221797889,COMPLETE
4654,4654,0.36989247311827955,2021-02-09 02:35:01.978127,2021-02-09 02:35:12.861311,0 days 00:00:10.883184,2.208555948162352e-05,15,2,0.9029776085405208,16,0.036620822423207036,COMPLETE
4655,4655,,2021-02-09 02:35:12.863779,2021-02-09 02:35:13.582394,0 days 00:00:00.718615,1.0289662056554012e-05,15,0,0.9762345671719742,16,0.03472541499994228,FAIL
4656,4656,0.4356374807987711,2021-02-09 02:35:13.584199,2021-02-09 02:35:24.308892,0 days 00:00:10.724693,1.2913229926046425e-05,15,2,0.9772097648403409,16,0.03366455556068945,COMPLETE
4657,4657,0.37511520737327186,2021-02-09 02:35:24.311377,2021-02-09 02:35:35.225858,0 days 00:00:10.914481,1.479998761559e-05,15,2,0.9384434706985817,16,0.042109401579615575,COMPLETE
4658,4658,,2021-02-09 02:35:35.228321,2021-02-09 02:35:35.950857,0 days 00:00:00.722536,0.0008164975269103925,7,0,0.9662289808357811,18,0.025261191787466837,FAIL
4659,4659,,2021-02-09 02:35:35.952521,2021-02-09 02:35:36.665077,0 days 00:00:00.712556,0.00010888478258660936,7,0,0.9000829231781681,18,0.02525572969706395,FAIL
4660,4660,0.5769585253456221,2021-02-09 02:35:36.667991,2021-02-09 02:35:48.118769,0 days 00:00:11.450778,0.0008868098040205277,7,6,0.9000565012965227,18,0.025398144991578723,COMPLETE
4661,4661,,2021-02-09 02:35:48.121242,2021-02-09 02:35:48.837991,0 days 00:00:00.716749,9.195812868082862e-05,15,0,0.902085850463061,18,0.029001977569863894,FAIL
4662,4662,,2021-02-09 02:35:48.840903,2021-02-09 02:35:49.553791,0 days 00:00:00.712888,9.262714071605267e-05,15,0,0.9033972701288665,18,0.029317932723794255,FAIL
4663,4663,,2021-02-09 02:35:49.556680,2021-02-09 02:35:50.302933,0 days 00:00:00.746253,0.00010020130172357136,15,0,0.9894694116265131,18,0.02906777587712348,FAIL
4664,4664,0.5511520737327189,2021-02-09 02:35:50.305729,2021-02-09 02:36:01.252319,0 days 00:00:10.946590,0.0007753844742285108,15,6,0.9821361151678853,18,0.029477598037378625,COMPLETE
4665,4665,0.4043010752688172,2021-02-09 02:36:01.254770,2021-02-09 02:36:12.140461,0 days 00:00:10.885691,0.00011439237032471127,15,2,0.9035898754616604,18,0.02503704657322148,COMPLETE
4666,4666,,2021-02-09 02:36:12.142929,2021-02-09 02:36:12.883469,0 days 00:00:00.740540,1.026019553248602e-05,15,0,0.9104479713759104,16,0.022470256841951232,FAIL
4667,4667,0.469431643625192,2021-02-09 02:36:12.886507,2021-02-09 02:36:23.465063,0 days 00:00:10.578556,1.249612833653788e-05,5,2,0.9891566565744069,16,0.03197081041387743,COMPLETE
4668,4668,,2021-02-09 02:36:23.467523,2021-02-09 02:36:24.177897,0 days 00:00:00.710374,1.622764912115797e-05,9,0,0.9735274955182055,16,0.01904763954194341,FAIL
4669,4669,0.5772657450076805,2021-02-09 02:36:24.180890,2021-02-09 02:36:45.010957,0 days 00:00:20.830067,2.062741847035847e-05,15,2,0.946316485033125,16,0.021844887517233347,COMPLETE
4670,4670,0.4196620583717358,2021-02-09 02:36:45.013424,2021-02-09 02:37:00.728668,0 days 00:00:15.715244,1.6872696406777698e-05,9,2,0.975065133233227,16,0.03731742252725943,COMPLETE
4671,4671,0.5403993855606759,2021-02-09 02:37:00.731154,2021-02-09 02:37:11.516943,0 days 00:00:10.785789,1.002385638890822e-05,7,2,0.9020690522993156,16,0.03494254846776854,COMPLETE
4672,4672,,2021-02-09 02:37:11.519409,2021-02-09 02:37:12.259792,0 days 00:00:00.740383,1.1837502843373565e-05,15,0,0.9101445314950397,16,0.03977501623253672,FAIL
4673,4673,,2021-02-09 02:37:12.261483,2021-02-09 02:37:12.968776,0 days 00:00:00.707293,1.0066732348601e-05,15,0,0.9899532421569169,16,0.031612274480742365,FAIL
4674,4674,0.5539170506912442,2021-02-09 02:37:12.971717,2021-02-09 02:37:33.607529,0 days 00:00:20.635812,9.906554222225302e-05,15,2,0.909349948871098,16,0.018756162288509712,COMPLETE
4675,4675,0.576036866359447,2021-02-09 02:37:33.609995,2021-02-09 02:37:45.555015,0 days 00:00:11.945020,0.00108046066071424,13,8,0.9662255165850759,14,0.027544323367235734,COMPLETE
4676,4676,0.4509984639016897,2021-02-09 02:37:45.557459,2021-02-09 02:37:56.552047,0 days 00:00:10.994588,8.532700161980617e-05,15,6,0.9029011362860331,18,0.02867116124230206,COMPLETE
4677,4677,0.5453149001536098,2021-02-09 02:37:56.554495,2021-02-09 02:38:07.878188,0 days 00:00:11.323693,0.0015163804490955053,15,8,0.9732025055938217,18,0.030006046908649317,COMPLETE
4678,4678,,2021-02-09 02:38:07.880660,2021-02-09 02:38:08.617320,0 days 00:00:00.736660,1.2421855521112746e-05,15,0,0.9490628475242375,16,0.03956897003370864,FAIL
4679,4679,0.36774193548387096,2021-02-09 02:38:08.620291,2021-02-09 02:38:19.341481,0 days 00:00:10.721190,1.496399055876591e-05,15,2,0.906029082067736,16,0.03209036681655511,COMPLETE
4680,4680,0.38863287250384027,2021-02-09 02:38:19.343947,2021-02-09 02:38:30.651238,0 days 00:00:11.307291,1.16865399483047e-05,15,2,0.9397548395149841,16,0.039497518466068034,COMPLETE
4681,4681,0.49585253456221196,2021-02-09 02:38:30.653690,2021-02-09 02:38:41.933284,0 days 00:00:11.279594,5.5000063561991386e-05,7,8,0.9013196293535911,18,0.02379629926913255,COMPLETE
4682,4682,0.535483870967742,2021-02-09 02:38:41.935739,2021-02-09 02:38:53.062518,0 days 00:00:11.126779,0.015238437006051288,13,6,0.9000284650763112,18,0.026152919796066643,COMPLETE
4683,4683,0.44761904761904764,2021-02-09 02:38:53.064977,2021-02-09 02:39:03.914197,0 days 00:00:10.849220,1.0035327996806383e-05,15,2,0.9425672070715411,16,0.03567498491674301,COMPLETE
4684,4684,,2021-02-09 02:39:03.916677,2021-02-09 02:39:04.626831,0 days 00:00:00.710154,1.654495969621072e-05,15,0,0.9040313546501174,16,0.020116041457079892,FAIL
4685,4685,0.5625192012288787,2021-02-09 02:39:04.629746,2021-02-09 02:39:20.502558,0 days 00:00:15.872812,1.240194515197887e-05,15,2,0.9485500068247735,16,0.020115570242433788,COMPLETE
4686,4686,0.5204301075268817,2021-02-09 02:39:20.505057,2021-02-09 02:39:31.440487,0 days 00:00:10.935430,1.7470179120389013e-05,9,2,0.9632452676191934,16,0.042576543649478285,COMPLETE
4687,4687,,2021-02-09 02:39:31.442943,2021-02-09 02:39:32.175300,0 days 00:00:00.732357,1.0008878830700891e-05,5,0,0.9041243021742768,16,0.0348904593413894,FAIL
4688,4688,0.36098310291858676,2021-02-09 02:39:32.176970,2021-02-09 02:39:47.693929,0 days 00:00:15.516959,2.193580519059533e-05,5,2,0.9836645464196229,16,0.03395434110621776,COMPLETE
4689,4689,,2021-02-09 02:39:47.696386,2021-02-09 02:39:48.404947,0 days 00:00:00.708561,0.00012052469478019988,15,0,0.9109976135415575,16,0.031206250086124283,FAIL
4690,4690,,2021-02-09 02:39:48.406588,2021-02-09 02:39:49.263537,0 days 00:00:00.856949,1.362516027060801e-05,15,0,0.9696248392557943,16,0.031813178853878965,FAIL
4691,4691,0.5373271889400921,2021-02-09 02:39:49.265280,2021-02-09 02:40:14.819693,0 days 00:00:25.554413,0.00011819119540385669,15,2,0.9223424947921944,16,0.03106009984018633,COMPLETE
4692,4692,0.5185867895545315,2021-02-09 02:40:14.822172,2021-02-09 02:40:25.730479,0 days 00:00:10.908307,0.0060172718581236245,15,2,0.9047674980531648,16,0.03742064042116344,COMPLETE
4693,4693,0.5953917050691244,2021-02-09 02:40:25.732983,2021-02-09 02:41:06.367416,0 days 00:00:40.634433,0.0007214713840068262,15,6,0.9038466069784195,14,0.02768606798996457,COMPLETE
4694,4694,0.616589861751152,2021-02-09 02:41:06.369962,2021-02-09 02:41:17.359899,0 days 00:00:10.989937,1.5838515708774753e-05,15,2,0.9105500214153838,16,0.022627501427819826,COMPLETE
4695,4695,0.48847926267281105,2021-02-09 02:41:17.362368,2021-02-09 02:41:28.733184,0 days 00:00:11.370816,0.0012873029701189836,7,8,0.9014192343172821,18,0.029460358463548438,COMPLETE
4696,4696,0.5176651305683564,2021-02-09 02:41:28.735656,2021-02-09 02:41:39.452624,0 days 00:00:10.716968,1.3753566563786761e-05,15,2,0.9898319031257304,16,0.032287416197111965,COMPLETE
4697,4697,0.528110599078341,2021-02-09 02:41:39.455093,2021-02-09 02:41:50.298088,0 days 00:00:10.842995,1.1931707056548349e-05,13,2,0.969560621574834,16,0.03490590064023248,COMPLETE
