,number,value,datetime_start,datetime_complete,duration,params_lr,params_scheduler_gamma,params_weight_decay,state
381,381,0.4986175115207373,2021-02-06 23:20:35.533760,2021-02-06 23:20:56.358477,0 days 00:00:20.824717,0.03819108610490538,0.9444382397639669,0.12853825330625396,COMPLETE
382,382,0.6227342549923195,2021-02-06 23:20:56.359015,2021-02-06 23:21:12.151785,0 days 00:00:15.792770,0.026996378520655936,0.9463115816023293,0.17081040996170424,COMPLETE
383,383,0.562826420890937,2021-02-06 23:21:12.152298,2021-02-06 23:21:37.738588,0 days 00:00:25.586290,0.02662071811591017,0.9470698970893096,0.18473507212031812,COMPLETE
384,384,0.5956989247311828,2021-02-06 23:21:37.739109,2021-02-06 23:21:53.709409,0 days 00:00:15.970300,0.021640690230295394,0.9374589312075713,0.17129287444301827,COMPLETE
385,385,0.5705069124423963,2021-02-06 23:21:53.709928,2021-02-06 23:22:09.444088,0 days 00:00:15.734160,0.04125581109452808,0.9459662251239978,0.1750043231821669,COMPLETE
386,386,0.5692780337941629,2021-02-06 23:22:09.444616,2021-02-06 23:22:29.949502,0 days 00:00:20.504886,0.024979876659504182,0.9588649088885265,0.13794141764825646,COMPLETE
387,387,0.5938556067588325,2021-02-06 23:22:29.950023,2021-02-06 23:22:46.341721,0 days 00:00:16.391698,0.031191431236822525,0.9433647244021625,0.17514623306129537,COMPLETE
388,388,0.5241167434715822,2021-02-06 23:22:46.342252,2021-02-06 23:23:02.486119,0 days 00:00:16.143867,0.057652458710426006,0.9603479551049474,0.15229649623035582,COMPLETE
389,389,0.5732718894009217,2021-02-06 23:23:02.486653,2021-02-06 23:23:18.129564,0 days 00:00:15.642911,0.02128268489222726,0.9400140020103017,0.1819088635947512,COMPLETE
390,390,0.546236559139785,2021-02-06 23:23:18.130086,2021-02-06 23:23:34.162481,0 days 00:00:16.032395,0.027013446555650453,0.935963561254722,0.11143686722270216,COMPLETE
391,391,0.4878648233486943,2021-02-06 23:23:34.163025,2021-02-06 23:24:00.047207,0 days 00:00:25.884182,0.04368331974556519,0.94186948300915,0.16124163602260483,COMPLETE
392,392,0.5944700460829493,2021-02-06 23:24:00.047737,2021-02-06 23:24:20.964412,0 days 00:00:20.916675,0.035854932778556295,0.9450653259065965,0.19717437099883794,COMPLETE
393,393,0.6070660522273426,2021-02-06 23:24:20.964947,2021-02-06 23:24:31.990732,0 days 00:00:11.025785,0.03286438605223614,0.9470005560402773,0.05829825624605612,COMPLETE
394,394,0.5695852534562212,2021-02-06 23:24:31.991252,2021-02-06 23:24:48.088838,0 days 00:00:16.097586,0.06995944482712832,0.9443776281027455,0.18526362964383294,COMPLETE
395,395,0.5880184331797235,2021-02-06 23:24:48.089374,2021-02-06 23:24:59.194544,0 days 00:00:11.105170,0.05168797381468515,0.9425510490249369,0.15009517805034447,COMPLETE
396,396,0.5278033794162826,2021-02-06 23:24:59.195094,2021-02-06 23:25:14.996992,0 days 00:00:15.801898,0.02793271066988888,0.9477000703413786,0.1930774999083406,COMPLETE
397,397,0.6153609831029185,2021-02-06 23:25:14.997512,2021-02-06 23:25:25.936388,0 days 00:00:10.938876,0.037975498407563625,0.9410212992351306,0.17111477957533286,COMPLETE
398,398,0.5821812596006144,2021-02-06 23:25:25.936917,2021-02-06 23:25:36.880788,0 days 00:00:10.943871,0.04579155295974208,0.9385008356248535,0.1615857276169855,COMPLETE
399,399,0.5597542242703533,2021-02-06 23:25:36.881320,2021-02-06 23:25:57.027429,0 days 00:00:20.146109,0.037206150968106415,0.9398862199995168,0.171265304757162,COMPLETE
400,400,0.6282642089093702,2021-02-06 23:25:57.027958,2021-02-06 23:26:07.739750,0 days 00:00:10.711792,0.04250176783972447,0.9399415987367875,0.020393939582071415,COMPLETE
401,401,0.5087557603686635,2021-02-06 23:26:07.740287,2021-02-06 23:26:18.967488,0 days 00:00:11.227201,0.05015782925100505,0.9374488029187522,0.18085662132435926,COMPLETE
402,402,0.5720430107526882,2021-02-06 23:26:18.968022,2021-02-06 23:26:29.581148,0 days 00:00:10.613126,0.040253817767625814,0.9407671274413129,0.015697522528997834,COMPLETE
403,403,0.5901689708141321,2021-02-06 23:26:29.581676,2021-02-06 23:26:40.610739,0 days 00:00:11.029063,0.06152552519991541,0.9384103075968883,0.14400691392832354,COMPLETE
404,404,0.5594470046082949,2021-02-06 23:26:40.611260,2021-02-06 23:26:56.492631,0 days 00:00:15.881371,0.04493081832237764,0.9417630294818863,0.15963267374189435,COMPLETE
405,405,0.5615975422427035,2021-02-06 23:26:56.493159,2021-02-06 23:27:12.572852,0 days 00:00:16.079693,0.03635171570401568,0.9401411125984602,0.03155260861616261,COMPLETE
406,406,0.528110599078341,2021-02-06 23:27:12.573376,2021-02-06 23:27:23.532850,0 days 00:00:10.959474,0.07137168149170135,0.9356152565230559,0.13930594833466758,COMPLETE
407,407,0.482642089093702,2021-02-06 23:27:23.533381,2021-02-06 23:27:34.467537,0 days 00:00:10.934156,0.09549495931423437,0.9431003696030669,0.07125304557261582,COMPLETE
408,408,0.4838709677419355,2021-02-06 23:27:34.468077,2021-02-06 23:27:45.254409,0 days 00:00:10.786332,0.051008542584309584,0.9392149398569107,0.021163484765975835,COMPLETE
409,409,0.5588325652841782,2021-02-06 23:27:45.254958,2021-02-06 23:28:00.780196,0 days 00:00:15.525238,0.03574949438112953,0.9424888049330271,0.1687694926919582,COMPLETE
410,410,0.5016897081413211,2021-02-06 23:28:00.780724,2021-02-06 23:28:12.066139,0 days 00:00:11.285415,0.056785551083586676,0.9412134581342082,0.1286422812148995,COMPLETE
411,411,0.5748079877112136,2021-02-06 23:28:12.066677,2021-02-06 23:28:28.110533,0 days 00:00:16.043856,0.031148405480037226,0.9379205824795199,0.09707297326581237,COMPLETE
412,412,0.5047619047619047,2021-02-06 23:28:28.111079,2021-02-06 23:28:53.438196,0 days 00:00:25.327117,0.04526030188410857,0.944798957082325,0.043826726945379174,COMPLETE
413,413,0.56036866359447,2021-02-06 23:28:53.438751,2021-02-06 23:29:09.383422,0 days 00:00:15.944671,0.029870384717718156,0.940623200416222,0.19288083712010473,COMPLETE
414,414,0.6350230414746544,2021-02-06 23:29:09.383956,2021-02-06 23:29:25.308543,0 days 00:00:15.924587,0.02404828208599283,0.9432026947695388,0.03746962676068254,COMPLETE
415,415,0.5514592933947773,2021-02-06 23:29:25.309080,2021-02-06 23:29:41.551674,0 days 00:00:16.242594,0.04086992771425445,0.9432316103545979,0.019901857875308963,COMPLETE
416,416,0.504147465437788,2021-02-06 23:29:41.552206,2021-02-06 23:29:52.243410,0 days 00:00:10.691204,0.02630801636499383,0.9455992927877362,0.05014506001962824,COMPLETE
417,417,0.5757296466973887,2021-02-06 23:29:52.243945,2021-02-06 23:30:03.165098,0 days 00:00:10.921153,0.032606864479730505,0.9427945945075108,0.15700705309989144,COMPLETE
418,418,0.5542242703533026,2021-02-06 23:30:03.165634,2021-02-06 23:30:14.135947,0 days 00:00:10.970313,0.04014134020371126,0.9442439468652347,0.027688087982225853,COMPLETE
419,419,0.5668202764976958,2021-02-06 23:30:14.136484,2021-02-06 23:30:25.294378,0 days 00:00:11.157894,0.023884297578958002,0.9367797125413436,0.05214140575590408,COMPLETE
420,420,0.5572964669738864,2021-02-06 23:30:25.294924,2021-02-06 23:30:36.205788,0 days 00:00:10.910864,0.057678762163793536,0.9409796502127306,0.013879287209196432,COMPLETE
421,421,0.5741935483870968,2021-02-06 23:30:36.206329,2021-02-06 23:30:46.771981,0 days 00:00:10.565652,0.08404918610094232,0.9395106228436013,0.14491610994607332,COMPLETE
422,422,0.5867895545314901,2021-02-06 23:30:46.772532,2021-02-06 23:31:07.599461,0 days 00:00:20.826929,0.03223010979042345,0.9465386894462632,0.039441201412731865,COMPLETE
423,423,0.4943164362519201,2021-02-06 23:31:07.599991,2021-02-06 23:31:23.762739,0 days 00:00:16.162748,0.025527202179694713,0.9424028332534787,0.17783256266162034,COMPLETE
424,424,0.5542242703533026,2021-02-06 23:31:23.763282,2021-02-06 23:31:44.540395,0 days 00:00:20.777113,0.049728644546629557,0.9444648743723313,0.018366770539622917,COMPLETE
425,425,0.5158218125960061,2021-02-06 23:31:44.540936,2021-02-06 23:31:54.926703,0 days 00:00:10.385767,0.03803606506668811,0.948405323942194,0.034715799172172775,COMPLETE
426,426,0.5536098310291858,2021-02-06 23:31:54.927244,2021-02-06 23:32:05.898922,0 days 00:00:10.971678,0.028608759770782043,0.9390307300366025,0.44000212122296595,COMPLETE
427,427,0.5431643625192012,2021-02-06 23:32:05.899461,2021-02-06 23:32:16.933811,0 days 00:00:11.034350,0.06497412157176805,0.9325438628000438,0.08683701849945932,COMPLETE
428,428,0.5646697388632872,2021-02-06 23:32:16.934362,2021-02-06 23:32:33.125347,0 days 00:00:16.190985,0.02192343166244462,0.9043780202712454,0.02621613593552491,COMPLETE
429,429,0.5907834101382489,2021-02-06 23:32:33.125883,2021-02-06 23:32:48.762054,0 days 00:00:15.636171,0.04528134874821717,0.940728449370157,0.13275686362546135,COMPLETE
430,430,0.5471582181259601,2021-02-06 23:32:48.762588,2021-02-06 23:32:59.808675,0 days 00:00:11.046087,0.03487081315590086,0.9355304217557779,0.06401259099493946,COMPLETE
431,431,0.5769585253456221,2021-02-06 23:32:59.809228,2021-02-06 23:33:20.897577,0 days 00:00:21.088349,0.027109907658890688,0.9455161943179882,0.010548787618184473,COMPLETE
432,432,0.6181259600614439,2021-02-06 23:33:20.898123,2021-02-06 23:33:31.641735,0 days 00:00:10.743612,0.02014730611417092,0.9434910152585426,0.18172846272031784,COMPLETE
433,433,0.5745007680491552,2021-02-06 23:33:31.642273,2021-02-06 23:33:47.556437,0 days 00:00:15.914164,0.020597128087665274,0.9422304400321406,0.1839424847617355,COMPLETE
434,434,0.5990783410138248,2021-02-06 23:33:47.556972,2021-02-06 23:33:58.485098,0 days 00:00:10.928126,0.023202553875213187,0.9434904630650395,0.16378022969701297,COMPLETE
435,435,0.4012288786482335,2021-02-06 23:33:58.485650,2021-02-06 23:34:08.876428,0 days 00:00:10.390778,0.03009449095817986,0.9412147120767801,0.19399933349556403,COMPLETE
436,436,0.5480798771121351,2021-02-06 23:34:08.876971,2021-02-06 23:34:24.759735,0 days 00:00:15.882764,0.04112572064028109,0.9373715373102122,0.17224646592275752,COMPLETE
437,437,0.6043010752688172,2021-02-06 23:34:24.760276,2021-02-06 23:34:35.551851,0 days 00:00:10.791575,0.020937049963318622,0.9434973147580934,0.20772175299604217,COMPLETE
438,438,0.5133640552995392,2021-02-06 23:34:35.552399,2021-02-06 23:34:46.535668,0 days 00:00:10.983269,0.034939696565595944,0.9398113692126736,0.1504719605755102,COMPLETE
439,439,0.5748079877112136,2021-02-06 23:34:46.536227,2021-02-06 23:35:02.254811,0 days 00:00:15.718584,0.025452042202225387,0.9422702124360894,0.18272128277166347,COMPLETE
440,440,0.581874039938556,2021-02-06 23:35:02.255343,2021-02-06 23:35:13.088553,0 days 00:00:10.833210,0.052794095568587655,0.9380982844751966,0.19036586008920017,COMPLETE
441,441,0.5410138248847927,2021-02-06 23:35:13.089097,2021-02-06 23:35:24.085928,0 days 00:00:10.996831,0.06845814221637328,0.944059374467705,0.15831132596905753,COMPLETE
442,442,0.5084485407066052,2021-02-06 23:35:24.086478,2021-02-06 23:35:45.400629,0 days 00:00:21.314151,0.031189794520026393,0.9413594664323182,0.20274444677895687,COMPLETE
443,443,0.5459293394777266,2021-02-06 23:35:45.401182,2021-02-06 23:36:06.115067,0 days 00:00:20.713885,0.019675091853355337,0.9341732547532385,0.17473030742776854,COMPLETE
444,444,0.4466973886328725,2021-02-06 23:36:06.115614,2021-02-06 23:36:17.216369,0 days 00:00:11.100755,0.043604254423161806,0.9460454740764291,0.3802530607383819,COMPLETE
445,445,0.5745007680491552,2021-02-06 23:36:17.216917,2021-02-06 23:36:28.170316,0 days 00:00:10.953399,0.024494556105360582,0.9397510646110202,0.21006279318819696,COMPLETE
446,446,0.4313364055299539,2021-02-06 23:36:28.170875,2021-02-06 23:36:43.829613,0 days 00:00:15.658738,0.03600513998693264,0.9430960951504453,0.1706002047681898,COMPLETE
447,447,0.5963133640552996,2021-02-06 23:36:43.830151,2021-02-06 23:36:59.847508,0 days 00:00:16.017357,0.057770287097142596,0.9449815143098309,0.19220130618582465,COMPLETE
448,448,0.5996927803379416,2021-02-06 23:36:59.848052,2021-02-06 23:37:10.738290,0 days 00:00:10.890238,0.019027935896836205,0.9414145084935805,0.15137200745563176,COMPLETE
449,449,0.5861751152073733,2021-02-06 23:37:10.738854,2021-02-06 23:37:21.404155,0 days 00:00:10.665301,0.07762853160253588,0.9367840466579278,0.21446874681039732,COMPLETE
450,450,0.5947772657450077,2021-02-06 23:37:21.404707,2021-02-06 23:37:37.626305,0 days 00:00:16.221598,0.028249997797938832,0.9403135668164255,0.16176888086958244,COMPLETE
451,451,0.6015360983102919,2021-02-06 23:37:37.626850,2021-02-06 23:37:48.058911,0 days 00:00:10.432061,0.04448910752967272,0.9316715878125321,0.03804045191820875,COMPLETE
452,452,0.5883256528417818,2021-02-06 23:37:48.059474,2021-02-06 23:38:04.132742,0 days 00:00:16.073268,0.023790514865886136,0.9470238103474845,0.41160266983132665,COMPLETE
453,453,0.5751152073732719,2021-02-06 23:38:04.133294,2021-02-06 23:38:14.763044,0 days 00:00:10.629750,0.03222110357524097,0.9383520127225808,0.2006938108713422,COMPLETE
454,454,0.5671274961597542,2021-02-06 23:38:14.763597,2021-02-06 23:38:25.796435,0 days 00:00:11.032838,0.038628836866104556,0.9442081531792,0.17833862739638415,COMPLETE
455,455,0.5852534562211982,2021-02-06 23:38:25.796982,2021-02-06 23:38:41.621136,0 days 00:00:15.824154,0.04931136376653114,0.9421770513231649,0.01720515225615776,COMPLETE
456,456,0.46175115207373274,2021-02-06 23:38:41.621693,2021-02-06 23:38:52.345259,0 days 00:00:10.723566,0.027830652156501403,0.938986549909749,0.11887987330470455,COMPLETE
457,457,0.5188940092165899,2021-02-06 23:38:52.345807,2021-02-06 23:39:08.501609,0 days 00:00:16.155802,0.02196330425683651,0.9455129059946155,0.22180729087381834,COMPLETE
458,458,0.5864823348694317,2021-02-06 23:39:08.502165,2021-02-06 23:39:19.524459,0 days 00:00:11.022294,0.03503806543036798,0.9434994069134804,0.14055900168186694,COMPLETE
459,459,0.578494623655914,2021-02-06 23:39:19.525013,2021-02-06 23:39:44.880464,0 days 00:00:25.355451,0.018709314389482787,0.9411012238995559,0.19163311599912924,COMPLETE
460,460,0.5861751152073733,2021-02-06 23:39:44.881040,2021-02-06 23:39:55.709258,0 days 00:00:10.828218,0.0551012425347459,0.9353050354177407,0.012094929569097055,COMPLETE
461,461,0.5794162826420891,2021-02-06 23:39:55.709806,2021-02-06 23:40:16.290871,0 days 00:00:20.581065,0.02790438626380388,0.9425842360725307,0.028231523341767307,COMPLETE
462,462,0.56036866359447,2021-02-06 23:40:16.291425,2021-02-06 23:40:27.136471,0 days 00:00:10.845046,0.039958596471436354,0.9477639041596823,0.16084600997094806,COMPLETE
463,463,0.45284178187403995,2021-02-06 23:40:27.137028,2021-02-06 23:40:37.893635,0 days 00:00:10.756607,0.023434582950907553,0.9398968764622386,0.20586282390323493,COMPLETE
464,464,0.6101382488479262,2021-02-06 23:40:37.894186,2021-02-06 23:40:53.711763,0 days 00:00:15.817577,0.031137571318807834,0.9453256256418281,0.1797839824473466,COMPLETE
465,465,0.5815668202764976,2021-02-06 23:40:53.712319,2021-02-06 23:41:09.888126,0 days 00:00:16.175807,0.03158862082898304,0.9497724712740223,0.1719450014507609,COMPLETE
466,466,0.5658986175115207,2021-02-06 23:41:09.888690,2021-02-06 23:41:21.056428,0 days 00:00:11.167738,0.06588726992991008,0.9464662865387412,0.14898354143176987,COMPLETE
467,467,0.47956989247311826,2021-02-06 23:41:21.056980,2021-02-06 23:41:46.501460,0 days 00:00:25.444480,0.04371724931570012,0.9368654195426465,0.18105486827648018,COMPLETE
468,468,0.42857142857142855,2021-02-06 23:41:46.502023,2021-02-06 23:41:57.600896,0 days 00:00:11.098873,0.0002714433832683725,0.9450680682413454,0.16457001777491898,COMPLETE
469,469,0.5622119815668203,2021-02-06 23:41:57.601464,2021-02-06 23:42:08.196374,0 days 00:00:10.594910,0.034692903544639435,0.9416247979235621,0.13470690510848007,COMPLETE
470,470,0.49216589861751153,2021-02-06 23:42:08.196945,2021-02-06 23:42:24.085388,0 days 00:00:15.888443,0.043854407214038056,0.9382844854135711,0.35150974795941053,COMPLETE
471,471,0.5579109062980031,2021-02-06 23:42:24.085941,2021-02-06 23:42:34.884712,0 days 00:00:10.798771,0.0530076506647446,0.9491697859758239,0.023943729903493905,COMPLETE
472,472,0.5680491551459294,2021-02-06 23:42:34.885259,2021-02-06 23:42:46.011520,0 days 00:00:11.126261,0.029674038824134906,0.9433337780047052,0.2218407715648604,COMPLETE
473,473,0.6036866359447005,2021-02-06 23:42:46.012086,2021-02-06 23:43:02.163533,0 days 00:00:16.151447,1.0987630118285075e-05,0.9334257085606451,0.1540197796764332,COMPLETE
474,474,0.5502304147465438,2021-02-06 23:43:02.164091,2021-02-06 23:43:13.335679,0 days 00:00:11.171588,0.03903528481484928,0.9300399172919572,0.48569663496870435,COMPLETE
475,475,0.5766513056835637,2021-02-06 23:43:13.336233,2021-02-06 23:43:29.120986,0 days 00:00:15.784753,0.026971746959316,0.9464464096143996,0.19060623877369542,COMPLETE
476,476,0.57357910906298,2021-02-06 23:43:29.121552,2021-02-06 23:43:44.854960,0 days 00:00:15.733408,0.03355831212561822,0.9396410572170373,0.1730852387980876,COMPLETE
477,477,0.589247311827957,2021-02-06 23:43:44.855527,2021-02-06 23:44:01.035512,0 days 00:00:16.179985,0.08350008567586974,0.9413081049531864,0.23095090217254177,COMPLETE
478,478,0.5625192012288787,2021-02-06 23:44:01.036073,2021-02-06 23:44:21.688282,0 days 00:00:20.652209,0.059995882212997724,0.9433424133719572,0.17929084196592238,COMPLETE
479,479,0.6141321044546851,2021-02-06 23:44:21.688838,2021-02-06 23:44:32.470967,0 days 00:00:10.782129,0.046820833666564456,0.9450318084163625,0.1476114020032743,COMPLETE
480,480,0.5732718894009217,2021-02-06 23:44:32.471531,2021-02-06 23:44:43.585764,0 days 00:00:11.114233,0.07979337963874628,0.9366048526925377,0.13759384734058333,COMPLETE
481,481,0.5895545314900154,2021-02-06 23:44:43.586321,2021-02-06 23:44:54.472335,0 days 00:00:10.886014,0.04551267312529044,0.9486790436722894,0.14341082811979908,COMPLETE
482,482,0.5284178187403994,2021-02-06 23:44:54.472892,2021-02-06 23:45:10.318769,0 days 00:00:15.845877,0.09932435981558771,0.9407893900925723,0.15263214698812694,COMPLETE
483,483,0.5407066052227343,2021-02-06 23:45:10.319332,2021-02-06 23:45:21.342599,0 days 00:00:11.023267,0.05160537243002856,0.9455594806716041,0.14622574029271657,COMPLETE
484,484,0.5745007680491552,2021-02-06 23:45:21.343169,2021-02-06 23:45:32.300579,0 days 00:00:10.957410,0.06355576631829328,0.9388858999754067,0.12642448064260262,COMPLETE
485,485,0.6086021505376344,2021-02-06 23:45:32.301148,2021-02-06 23:45:48.383063,0 days 00:00:16.081915,0.048090515862544696,0.9419893070444549,0.3270057542121145,COMPLETE
486,486,0.5321044546850998,2021-02-06 23:45:48.383621,2021-02-06 23:46:04.332524,0 days 00:00:15.948903,6.254624945280957e-05,0.9443026062356965,0.24035702007536486,COMPLETE
487,487,0.4946236559139785,2021-02-06 23:46:04.333090,2021-02-06 23:46:15.053468,0 days 00:00:10.720378,0.03879695113764157,0.9468965404195651,0.1627731108503535,COMPLETE
488,488,0.49216589861751153,2021-02-06 23:46:15.054040,2021-02-06 23:46:25.867860,0 days 00:00:10.813820,0.019403855406121752,0.9431533801975286,0.21696882518478905,COMPLETE
489,489,0.595084485407066,2021-02-06 23:46:25.868420,2021-02-06 23:46:41.911912,0 days 00:00:16.043492,0.0493005847677855,0.9503086929677776,0.13369848453595162,COMPLETE
490,490,0.6122887864823349,2021-02-06 23:46:41.912476,2021-02-06 23:46:52.631030,0 days 00:00:10.718554,0.037564503042404794,0.9349231773676556,0.15510089752024078,COMPLETE
491,491,0.48110599078341015,2021-02-06 23:46:52.631605,2021-02-06 23:47:03.602847,0 days 00:00:10.971242,0.05985814687096864,0.9338928162555357,0.12518133112817142,COMPLETE
492,492,0.5877112135176651,2021-02-06 23:47:03.603411,2021-02-06 23:47:19.243790,0 days 00:00:15.640379,0.04152838094193672,0.9319309226494248,0.14488984676082534,COMPLETE
493,493,0.5130568356374808,2021-02-06 23:47:19.244357,2021-02-06 23:47:35.322551,0 days 00:00:16.078194,0.03613047866891667,0.935852282588111,0.1500566272654839,COMPLETE
494,494,0.49708141321044547,2021-02-06 23:47:35.323125,2021-02-06 23:47:51.163120,0 days 00:00:15.839995,0.05061395481689077,0.9313656389833114,0.11291056487669167,COMPLETE
495,495,0.5834101382488479,2021-02-06 23:47:51.163692,2021-02-06 23:48:02.036311,0 days 00:00:10.872619,0.0692651368576167,0.9344850229433607,0.15912661633234843,COMPLETE
496,496,0.571121351766513,2021-02-06 23:48:02.036879,2021-02-06 23:48:18.117100,0 days 00:00:16.080221,0.04036535988817921,0.9352510337970503,0.16518641161077702,COMPLETE
497,497,0.5778801843317972,2021-02-06 23:48:18.117668,2021-02-06 23:48:28.907038,0 days 00:00:10.789370,0.03464050539421553,0.9373225995403627,0.3593523994370546,COMPLETE
498,498,0.6055299539170507,2021-02-06 23:48:28.907606,2021-02-06 23:48:39.579533,0 days 00:00:10.671927,0.056643808048613326,0.9333568473273526,0.13670276465372153,COMPLETE
499,499,0.49400921658986174,2021-02-06 23:48:39.580106,2021-02-06 23:48:50.287165,0 days 00:00:10.707059,0.028880624489830167,0.9379789224571558,0.015088049493894003,COMPLETE
500,500,0.4749615975422427,2021-02-06 23:48:50.287734,2021-02-06 23:49:01.258178,0 days 00:00:10.970444,0.04436653296201636,0.9356468371596277,0.01900682263405752,COMPLETE
501,501,0.6021505376344086,2021-02-06 23:49:01.258785,2021-02-06 23:49:11.953928,0 days 00:00:10.695143,0.037170330739342804,0.9388730706855452,0.15376307626288535,COMPLETE
502,502,0.5729646697388633,2021-02-06 23:49:11.954501,2021-02-06 23:49:32.719509,0 days 00:00:20.765008,0.05095701083972392,0.9294584358900048,0.2453217916020795,COMPLETE
503,503,0.565284178187404,2021-02-06 23:49:32.720068,2021-02-06 23:49:48.405098,0 days 00:00:15.685030,0.03157602575670965,0.931860068397954,0.3086399746902789,COMPLETE
504,504,0.5898617511520737,2021-02-06 23:49:48.405663,2021-02-06 23:49:59.261967,0 days 00:00:10.856304,0.07021853510855215,0.937292002169012,0.16973709369029147,COMPLETE
505,505,0.6052227342549923,2021-02-06 23:49:59.262542,2021-02-06 23:50:10.493841,0 days 00:00:11.231299,0.0010659029411547753,0.9400119420388596,0.43289311990024637,COMPLETE
506,506,0.5714285714285714,2021-02-06 23:50:10.494422,2021-02-06 23:50:21.452131,0 days 00:00:10.957709,0.02515142905331218,0.9355877966799312,0.1415772697526595,COMPLETE
507,507,0.5658986175115207,2021-02-06 23:50:21.452703,2021-02-06 23:50:32.240184,0 days 00:00:10.787481,0.039161983647131554,0.9338925211892634,0.2270904904720922,COMPLETE
