,number,value,datetime_start,datetime_complete,duration,params_lr,params_nl2,params_num_ct,params_scheduler_gamma,params_sigma2,params_weight_decay,state
0,0,0.5517665130568357,2021-02-08 21:04:50.843528,2021-02-08 21:05:02.859589,0 days 00:00:12.016061,0.05722356413801791,17,4,0.938131527312328,18,0.13379538389815523,COMPLETE
1,1,0.5898617511520737,2021-02-08 21:05:02.860032,2021-02-08 21:05:13.420667,0 days 00:00:10.560635,2.660123353420882e-05,13,2,0.949639069024699,10,0.2578809190856998,COMPLETE
2,2,,2021-02-08 21:05:13.421098,2021-02-08 21:05:15.756428,0 days 00:00:02.335330,0.00031284404465566746,7,6,0.9398958688725442,20,0.15415263342374444,FAIL
3,3,0.5723502304147465,2021-02-08 21:05:15.757192,2021-02-08 21:05:27.842311,0 days 00:00:12.085119,0.0009849322328016254,11,10,0.9435606047818637,12,0.012039556958311002,COMPLETE
4,4,0.5695852534562212,2021-02-08 21:05:27.842751,2021-02-08 21:05:43.322032,0 days 00:00:15.479281,0.08497717409252747,13,4,0.9716268692012671,12,0.01511311578222802,COMPLETE
5,5,0.6113671274961597,2021-02-08 21:05:43.322721,2021-02-08 21:06:18.594749,0 days 00:00:35.272028,0.00010952769256567024,19,2,0.981483093407713,12,0.03719588093860263,COMPLETE
6,6,0.5576036866359447,2021-02-08 21:06:18.595185,2021-02-08 21:06:44.428551,0 days 00:00:25.833366,0.00022173678269147502,5,4,0.9268391289883575,14,0.20124842926813624,COMPLETE
7,7,0.6147465437788019,2021-02-08 21:06:44.428992,2021-02-08 21:07:16.117317,0 days 00:00:31.688325,0.00037950555037015644,15,8,0.9051878298315162,10,0.12565721596941573,COMPLETE
8,8,0.4288786482334869,2021-02-08 21:07:16.117749,2021-02-08 21:08:14.445560,0 days 00:00:58.327811,0.0003127459714174935,5,8,0.9647959634629605,18,0.049030929877516914,COMPLETE
9,9,0.6168970814132104,2021-02-08 21:08:14.445958,2021-02-08 21:08:25.401698,0 days 00:00:10.955740,0.02559027333968715,7,6,0.950799088146588,16,0.01314100870979516,COMPLETE
10,10,0.6184331797235023,2021-02-08 21:08:25.402126,2021-02-08 21:08:36.167148,0 days 00:00:10.765022,0.0005326827033079527,7,4,0.9658138580910972,14,0.13062697418262345,COMPLETE
11,11,,2021-02-08 21:08:36.167606,2021-02-08 21:08:36.839812,0 days 00:00:00.672206,0.006033698747811823,9,0,0.9857154986032473,20,0.49217766749876785,FAIL
12,12,,2021-02-08 21:08:36.845406,2021-02-08 21:08:37.483205,0 days 00:00:00.637799,0.006056288226042041,9,0,0.985940076010721,20,0.36282742812566054,FAIL
13,13,,2021-02-08 21:08:37.483732,2021-02-08 21:08:38.234216,0 days 00:00:00.750484,0.004435456669286715,9,0,0.9855446384668981,20,0.46029629141614214,FAIL
14,14,,2021-02-08 21:08:38.234768,2021-02-08 21:08:38.879816,0 days 00:00:00.645048,0.010938504606141361,9,0,0.9850941433357119,20,0.3770775710976729,FAIL
15,15,,2021-02-08 21:08:38.880199,2021-02-08 21:08:39.519197,0 days 00:00:00.638998,0.009577729632828769,9,0,0.9825367046854342,20,0.41025919818867185,FAIL
16,16,,2021-02-08 21:08:39.519564,2021-02-08 21:08:40.158756,0 days 00:00:00.639192,0.0042125064226366865,9,0,0.9885488186833484,20,0.48180290687507504,FAIL
17,17,,2021-02-08 21:08:40.159121,2021-02-08 21:08:40.802301,0 days 00:00:00.643180,0.007096852186051869,9,0,0.9872511753031441,20,0.46528896493810445,FAIL
18,18,,2021-02-08 21:08:40.802681,2021-02-08 21:08:41.442292,0 days 00:00:00.639611,0.0075912240237166395,9,0,0.9854990497159678,20,0.4638101137943168,FAIL
19,19,,2021-02-08 21:08:41.442699,2021-02-08 21:08:42.069410,0 days 00:00:00.626711,0.007642555183795297,9,0,0.9852226818226519,20,0.4632041968630405,FAIL
20,20,,2021-02-08 21:08:42.069957,2021-02-08 21:08:42.729783,0 days 00:00:00.659826,0.006455325328572919,9,0,0.9898482293446286,20,0.37446193863071037,FAIL
21,21,,2021-02-08 21:08:42.730186,2021-02-08 21:08:43.486953,0 days 00:00:00.756767,0.0053816225812530144,9,0,0.9897020238647581,20,0.07679917116231155,FAIL
22,22,,2021-02-08 21:08:43.487508,2021-02-08 21:08:44.180607,0 days 00:00:00.693099,0.0036962432496637906,9,0,0.9851374086363642,20,0.4413860585880146,FAIL
23,23,,2021-02-08 21:08:44.180984,2021-02-08 21:08:44.806898,0 days 00:00:00.625914,0.0075567584952476044,9,0,0.9847930764901248,20,0.3680565546966871,FAIL
24,24,,2021-02-08 21:08:44.807266,2021-02-08 21:08:45.429247,0 days 00:00:00.621981,0.00569957912252078,9,0,0.9861290467927171,20,0.48400485214160494,FAIL
25,25,,2021-02-08 21:08:45.429788,2021-02-08 21:08:46.103223,0 days 00:00:00.673435,0.006995338577876036,9,0,0.9857709150691163,20,0.4044013827714867,FAIL
26,26,,2021-02-08 21:08:46.103760,2021-02-08 21:08:46.754360,0 days 00:00:00.650600,0.007472546737327613,9,0,0.9899803778756413,20,0.07775022374458698,FAIL
27,27,,2021-02-08 21:08:46.754916,2021-02-08 21:08:47.412665,0 days 00:00:00.657749,0.0023791336155275836,9,0,0.9888176165280995,20,0.49530238997455234,FAIL
28,28,,2021-02-08 21:08:47.413031,2021-02-08 21:08:48.038711,0 days 00:00:00.625680,0.006817522723276045,9,0,0.9880532251467071,16,0.4575894544082438,FAIL
29,29,,2021-02-08 21:08:48.039250,2021-02-08 21:08:48.792890,0 days 00:00:00.753640,0.009589685748021656,9,0,0.9889108071406115,20,0.09155983082618263,FAIL
30,30,,2021-02-08 21:08:48.793268,2021-02-08 21:08:49.432554,0 days 00:00:00.639286,0.003174458242888272,9,0,0.9892026168955126,20,0.44847198263927873,FAIL
31,31,,2021-02-08 21:08:49.432933,2021-02-08 21:08:50.072910,0 days 00:00:00.639977,0.006016443128843016,9,0,0.988663265720043,20,0.4309759854118089,FAIL
32,32,,2021-02-08 21:08:50.073428,2021-02-08 21:08:50.733390,0 days 00:00:00.659962,0.006959029629455047,9,0,0.9881284298105278,20,0.46836709236432905,FAIL
33,33,,2021-02-08 21:08:50.733781,2021-02-08 21:08:51.372956,0 days 00:00:00.639175,0.009160662933511017,9,0,0.9899405867362858,20,0.43501194702972357,FAIL
34,34,,2021-02-08 21:08:51.373334,2021-02-08 21:08:51.998976,0 days 00:00:00.625642,0.008461253661514654,9,0,0.9872121711446575,20,0.390523738390731,FAIL
35,35,,2021-02-08 21:08:51.999528,2021-02-08 21:08:52.638154,0 days 00:00:00.638626,0.005014709493575977,9,0,0.989004635896642,20,0.45376192639506696,FAIL
36,36,,2021-02-08 21:08:52.638703,2021-02-08 21:08:53.260862,0 days 00:00:00.622159,0.010400419512785173,9,0,0.9876228734357583,20,0.4259733170701941,FAIL
37,37,,2021-02-08 21:08:53.261252,2021-02-08 21:08:54.018266,0 days 00:00:00.757014,0.00604892440555687,9,0,0.9815275046138384,20,0.07811439010313666,FAIL
38,38,,2021-02-08 21:08:54.018663,2021-02-08 21:08:54.649778,0 days 00:00:00.631115,0.006444479880125265,9,0,0.9899169199125841,20,0.07095195012821247,FAIL
39,39,,2021-02-08 21:08:54.650151,2021-02-08 21:08:55.287045,0 days 00:00:00.636894,0.007233964114466521,9,0,0.989931114929514,20,0.45607044578659356,FAIL
40,40,,2021-02-08 21:08:55.287416,2021-02-08 21:08:55.911190,0 days 00:00:00.623774,0.007109801521678209,9,0,0.9849453060476888,20,0.4391546153622857,FAIL
41,41,,2021-02-08 21:08:55.911567,2021-02-08 21:08:56.550980,0 days 00:00:00.639413,0.006096636417175086,9,0,0.9898276731269281,20,0.39834934887610896,FAIL
42,42,,2021-02-08 21:08:56.551529,2021-02-08 21:08:57.202757,0 days 00:00:00.651228,0.004676840353583828,9,0,0.989397098139186,20,0.4855749381094725,FAIL
43,43,,2021-02-08 21:08:57.203303,2021-02-08 21:08:57.866259,0 days 00:00:00.662956,0.002944258776028055,9,0,0.9856918764894113,20,0.3403188873640578,FAIL
44,44,,2021-02-08 21:08:57.866832,2021-02-08 21:08:58.518413,0 days 00:00:00.651581,0.006296601542252134,9,0,0.9852391299356652,20,0.3711114238733691,FAIL
45,45,,2021-02-08 21:08:58.518815,2021-02-08 21:08:59.294980,0 days 00:00:00.776165,0.008254670102959234,7,0,0.9807162187691034,20,0.381272127514107,FAIL
46,46,,2021-02-08 21:08:59.295364,2021-02-08 21:08:59.928909,0 days 00:00:00.633545,0.005345290193698954,9,0,0.9843866647971782,20,0.4428581913796628,FAIL
47,47,,2021-02-08 21:08:59.929471,2021-02-08 21:09:00.635148,0 days 00:00:00.705677,0.00598588297703588,9,0,0.9888395992488164,20,0.46951390776843,FAIL
48,48,,2021-02-08 21:09:00.635717,2021-02-08 21:09:01.325233,0 days 00:00:00.689516,0.006803310271787409,9,0,0.9881569861812519,20,0.47610704179865593,FAIL
49,49,,2021-02-08 21:09:01.325771,2021-02-08 21:09:01.969905,0 days 00:00:00.644134,0.007593340128272148,9,0,0.9880509641767441,20,0.08369621762052562,FAIL
50,50,,2021-02-08 21:09:01.970279,2021-02-08 21:09:02.598824,0 days 00:00:00.628545,0.008090909359243819,9,0,0.986897705360304,20,0.38484441769782657,FAIL
51,51,,2021-02-08 21:09:02.599206,2021-02-08 21:09:03.237862,0 days 00:00:00.638656,0.00850257912795699,9,0,0.9890062125280663,20,0.4415771574828946,FAIL
52,52,,2021-02-08 21:09:03.238434,2021-02-08 21:09:03.873136,0 days 00:00:00.634702,0.006119348556636057,9,0,0.9871600465176736,20,0.35897918408429363,FAIL
53,53,,2021-02-08 21:09:03.873698,2021-02-08 21:09:04.689125,0 days 00:00:00.815427,0.0040796690210308795,9,0,0.9896621829287175,20,0.3588491969690413,FAIL
54,54,,2021-02-08 21:09:04.689701,2021-02-08 21:09:05.349013,0 days 00:00:00.659312,0.007009738010636252,9,0,0.9868354078535038,20,0.4281862973838769,FAIL
55,55,,2021-02-08 21:09:05.349566,2021-02-08 21:09:06.016551,0 days 00:00:00.666985,0.007162358204490423,9,0,0.9147699535420142,20,0.33912902107295495,FAIL
56,56,,2021-02-08 21:09:06.016933,2021-02-08 21:09:06.650141,0 days 00:00:00.633208,0.0063660071594318374,9,0,0.986833725438287,20,0.35769050460272095,FAIL
57,57,,2021-02-08 21:09:06.650533,2021-02-08 21:09:07.266208,0 days 00:00:00.615675,0.005766851765029213,9,0,0.986859874463946,20,0.4332508391610587,FAIL
58,58,,2021-02-08 21:09:07.266592,2021-02-08 21:09:07.908552,0 days 00:00:00.641960,0.006518533840000608,9,0,0.9881848491722869,20,0.48383352014021236,FAIL
59,59,,2021-02-08 21:09:07.908937,2021-02-08 21:09:08.536419,0 days 00:00:00.627482,0.004170238231034671,9,0,0.9878495001108141,20,0.4592296862544901,FAIL
60,60,,2021-02-08 21:09:08.536799,2021-02-08 21:09:09.271716,0 days 00:00:00.734917,0.010681820897236247,9,0,0.9817752832899016,20,0.4804934001254552,FAIL
61,61,,2021-02-08 21:09:09.272108,2021-02-08 21:09:09.912896,0 days 00:00:00.640788,0.006390519371779085,9,0,0.989510382884744,20,0.4491712109194817,FAIL
62,62,,2021-02-08 21:09:09.913279,2021-02-08 21:09:10.555344,0 days 00:00:00.642065,0.006784846564894159,9,0,0.9880025761624318,20,0.43494951886474126,FAIL
63,63,,2021-02-08 21:09:10.555718,2021-02-08 21:09:11.192049,0 days 00:00:00.636331,0.006777667099452333,9,0,0.9854056295169845,20,0.4963451242906141,FAIL
64,64,,2021-02-08 21:09:11.192428,2021-02-08 21:09:11.835495,0 days 00:00:00.643067,0.007639800410845117,9,0,0.9862089169013709,20,0.4978549731635726,FAIL
65,65,,2021-02-08 21:09:11.835882,2021-02-08 21:09:12.462864,0 days 00:00:00.626982,0.006906436118169792,9,0,0.9879785860221357,20,0.3613492367138092,FAIL
66,66,,2021-02-08 21:09:12.463249,2021-02-08 21:09:13.106203,0 days 00:00:00.642954,0.009362744199002945,9,0,0.9894018206882957,20,0.4058540661584281,FAIL
67,67,,2021-02-08 21:09:13.106598,2021-02-08 21:09:13.741237,0 days 00:00:00.634639,0.007645883645818874,9,0,0.9847323876017191,20,0.42530154365043493,FAIL
68,68,,2021-02-08 21:09:13.741626,2021-02-08 21:09:14.510971,0 days 00:00:00.769345,0.005317948136004933,9,0,0.9854618870039101,20,0.0899995488115482,FAIL
69,69,,2021-02-08 21:09:14.511361,2021-02-08 21:09:15.162129,0 days 00:00:00.650768,0.005749266941343618,9,0,0.9885956593540534,20,0.47883796702010417,FAIL
70,70,,2021-02-08 21:09:15.162528,2021-02-08 21:09:15.796606,0 days 00:00:00.634078,0.0062703160309381485,9,0,0.9808935831255489,20,0.4396419579211856,FAIL
71,71,,2021-02-08 21:09:15.797194,2021-02-08 21:09:16.444269,0 days 00:00:00.647075,0.006877915231321089,9,0,0.9893776671778266,20,0.4146557861478363,FAIL
72,72,,2021-02-08 21:09:16.444853,2021-02-08 21:09:17.117939,0 days 00:00:00.673086,0.006813281422287774,9,0,0.9898031532936332,20,0.09663679735848714,FAIL
73,73,,2021-02-08 21:09:17.118468,2021-02-08 21:09:17.751768,0 days 00:00:00.633300,0.007676399415177192,9,0,0.9895891409029322,20,0.3444420333775594,FAIL
74,74,,2021-02-08 21:09:17.752155,2021-02-08 21:09:18.374302,0 days 00:00:00.622147,0.006517388307016284,9,0,0.9878107754611731,20,0.4357136277313389,FAIL
75,75,,2021-02-08 21:09:18.374896,2021-02-08 21:09:19.138838,0 days 00:00:00.763942,0.006556495560226636,9,0,0.9855398064250163,20,0.4980366714338183,FAIL
76,76,,2021-02-08 21:09:19.139417,2021-02-08 21:09:19.798721,0 days 00:00:00.659304,0.006760665451199696,9,0,0.984978143188846,20,0.4116616427451437,FAIL
77,77,,2021-02-08 21:09:19.799305,2021-02-08 21:09:20.457205,0 days 00:00:00.657900,0.006285537403726398,9,0,0.9852684886647665,20,0.3988928018824545,FAIL
78,78,,2021-02-08 21:09:20.457603,2021-02-08 21:09:21.102559,0 days 00:00:00.644956,0.007269906743158942,9,0,0.9892792126382701,20,0.4539701870115924,FAIL
79,79,,2021-02-08 21:09:21.102965,2021-02-08 21:09:21.748979,0 days 00:00:00.646014,0.00786146781837967,9,0,0.9886594828132093,20,0.0803395515731869,FAIL
80,80,,2021-02-08 21:09:21.749378,2021-02-08 21:09:22.376401,0 days 00:00:00.627023,0.005098991554989988,9,0,0.9896938297560278,20,0.3846893330167176,FAIL
81,81,,2021-02-08 21:09:22.376995,2021-02-08 21:09:23.042871,0 days 00:00:00.665876,0.006870027210116224,9,0,0.9876894547124667,20,0.37679309185452853,FAIL
82,82,,2021-02-08 21:09:23.043470,2021-02-08 21:09:23.701975,0 days 00:00:00.658505,0.006354135914011315,9,0,0.9823507055324887,20,0.3869947311389664,FAIL
83,83,,2021-02-08 21:09:23.702556,2021-02-08 21:09:24.528404,0 days 00:00:00.825848,0.00718333331732153,9,0,0.9896893871623663,20,0.33536708758625616,FAIL
84,84,,2021-02-08 21:09:24.528803,2021-02-08 21:09:25.171779,0 days 00:00:00.642976,0.009363468912269293,9,0,0.9852285492359603,20,0.07986827276634803,FAIL
85,85,,2021-02-08 21:09:25.172165,2021-02-08 21:09:25.817736,0 days 00:00:00.645571,0.006517250310179842,9,0,0.9868837514497553,20,0.37611437842895445,FAIL
86,86,,2021-02-08 21:09:25.818129,2021-02-08 21:09:26.465516,0 days 00:00:00.647387,0.00495381466437172,9,0,0.9789949545561893,20,0.4906631420218047,FAIL
87,87,,2021-02-08 21:09:26.465909,2021-02-08 21:09:27.105695,0 days 00:00:00.639786,0.004855762502809903,9,0,0.9897278155240793,20,0.42098064449227546,FAIL
88,88,,2021-02-08 21:09:27.106272,2021-02-08 21:09:27.764334,0 days 00:00:00.658062,0.007036251522000921,9,0,0.9882885052879589,20,0.35704371296671145,FAIL
89,89,,2021-02-08 21:09:27.764730,2021-02-08 21:09:28.414228,0 days 00:00:00.649498,0.0038770993107351084,9,0,0.9882709853584491,16,0.4372732964267475,FAIL
90,90,,2021-02-08 21:09:28.414624,2021-02-08 21:09:29.050889,0 days 00:00:00.636265,0.007581392823072881,9,0,0.9850772153709331,20,0.42057834944385886,FAIL
91,91,0.5235023041474655,2021-02-08 21:09:29.051472,2021-02-08 21:09:49.960118,0 days 00:00:20.908646,0.005914916310436696,9,6,0.9828659313500829,20,0.49404812859304237,COMPLETE
92,92,0.584331797235023,2021-02-08 21:09:49.960590,2021-02-08 21:10:01.202648,0 days 00:00:11.242058,0.005857871318595787,7,6,0.9592852663161934,16,0.025359477950224616,COMPLETE
93,93,,2021-02-08 21:10:01.203139,2021-02-08 21:10:01.867168,0 days 00:00:00.664029,0.00835242302633527,9,0,0.9196677416415298,16,0.08706024628862204,FAIL
94,94,,2021-02-08 21:10:01.867606,2021-02-08 21:10:02.521833,0 days 00:00:00.654227,0.006029835762612534,9,0,0.9213296992447887,16,0.07437505984548068,FAIL
95,95,,2021-02-08 21:10:02.522432,2021-02-08 21:10:03.165364,0 days 00:00:00.642932,0.006089708662232086,9,0,0.925334538148674,16,0.06949853863655456,FAIL
96,96,,2021-02-08 21:10:03.165776,2021-02-08 21:10:03.907391,0 days 00:00:00.741615,0.005734580854411309,9,0,0.9240170747356987,16,0.07992295183854553,FAIL
97,97,,2021-02-08 21:10:03.907978,2021-02-08 21:10:04.560615,0 days 00:00:00.652637,0.008199532116181497,9,0,0.925219247930638,16,0.0714667993000597,FAIL
98,98,,2021-02-08 21:10:04.561210,2021-02-08 21:10:05.262267,0 days 00:00:00.701057,0.006090903468843025,9,0,0.9225813749127041,16,0.07633237691669577,FAIL
99,99,,2021-02-08 21:10:05.262685,2021-02-08 21:10:05.911386,0 days 00:00:00.648701,0.005983682824980922,9,0,0.9282817716875118,16,0.0943836806343975,FAIL
100,100,,2021-02-08 21:10:05.911784,2021-02-08 21:10:06.561296,0 days 00:00:00.649512,0.008563798312769053,9,0,0.9255971508238663,16,0.08050312550471131,FAIL
101,101,,2021-02-08 21:10:06.561871,2021-02-08 21:10:07.219665,0 days 00:00:00.657794,0.008040102612643187,9,0,0.9266688289709435,16,0.09320684480029803,FAIL
102,102,,2021-02-08 21:10:07.220263,2021-02-08 21:10:07.871561,0 days 00:00:00.651298,0.009276313380548533,9,0,0.9240160743750108,16,0.08561437417487955,FAIL
103,103,,2021-02-08 21:10:07.872152,2021-02-08 21:10:08.534776,0 days 00:00:00.662624,0.008961174492224234,9,0,0.9186607564429676,16,0.08206761699462341,FAIL
104,104,,2021-02-08 21:10:08.535165,2021-02-08 21:10:09.306929,0 days 00:00:00.771764,0.006708729520004562,9,0,0.9251494808470352,16,0.07407248009144045,FAIL
105,105,0.423963133640553,2021-02-08 21:10:09.307342,2021-02-08 21:10:20.058282,0 days 00:00:10.750940,0.007229300896186464,9,8,0.9289770439848384,16,0.07606295590709267,COMPLETE
106,106,,2021-02-08 21:10:20.058776,2021-02-08 21:10:20.701279,0 days 00:00:00.642503,0.021614343233646895,7,0,0.9581460052989351,14,0.41038856310562943,FAIL
107,107,,2021-02-08 21:10:20.701858,2021-02-08 21:10:21.391679,0 days 00:00:00.689821,0.0214053219457116,7,0,0.9552694002955557,14,0.4167379064424841,FAIL
108,108,,2021-02-08 21:10:21.392277,2021-02-08 21:10:22.111166,0 days 00:00:00.718889,0.015306549727555196,7,0,0.9552579880841644,14,0.37020026357951114,FAIL
109,109,,2021-02-08 21:10:22.111773,2021-02-08 21:10:22.767772,0 days 00:00:00.655999,0.022182839831261326,7,0,0.954964853738001,14,0.4424794806496238,FAIL
110,110,,2021-02-08 21:10:22.768175,2021-02-08 21:10:23.513608,0 days 00:00:00.745433,0.03112499070604751,7,0,0.9541087038810151,14,0.4167582011877883,FAIL
111,111,,2021-02-08 21:10:23.513983,2021-02-08 21:10:24.137030,0 days 00:00:00.623047,0.025815998159802542,7,0,0.9547356854967519,14,0.08410590722382809,FAIL
112,112,,2021-02-08 21:10:24.137419,2021-02-08 21:10:24.781281,0 days 00:00:00.643862,0.020352971514348582,7,0,0.955164600245184,14,0.4596787230796827,FAIL
113,113,,2021-02-08 21:10:24.781687,2021-02-08 21:10:25.417251,0 days 00:00:00.635564,0.021504898235173094,7,0,0.9570707534431363,14,0.48262581217959627,FAIL
114,114,,2021-02-08 21:10:25.417829,2021-02-08 21:10:26.055804,0 days 00:00:00.637975,0.02144964244108472,7,0,0.9607243567800057,14,0.3858042353039298,FAIL
115,115,,2021-02-08 21:10:26.056389,2021-02-08 21:10:26.714245,0 days 00:00:00.657856,0.01391998150028288,7,0,0.9576985838147296,14,0.47387432390805817,FAIL
116,116,,2021-02-08 21:10:26.714857,2021-02-08 21:10:27.385970,0 days 00:00:00.671113,0.019285803221183905,7,0,0.9553921903970121,14,0.08150377946664983,FAIL
117,117,0.5474654377880185,2021-02-08 21:10:27.386575,2021-02-08 21:10:48.837460,0 days 00:00:21.450885,0.018770080058579594,7,6,0.9523815423395321,14,0.4130135931475541,COMPLETE
118,118,0.38740399385560675,2021-02-08 21:10:48.837955,2021-02-08 21:10:59.468905,0 days 00:00:10.630950,0.0013159273968243155,7,2,0.9745889310228685,18,0.08288455262795313,COMPLETE
119,119,,2021-02-08 21:10:59.469389,2021-02-08 21:11:00.131756,0 days 00:00:00.662367,3.959208016605241e-05,9,0,0.912927307252416,16,0.02016321208087972,FAIL
120,120,,2021-02-08 21:11:00.132155,2021-02-08 21:11:00.771927,0 days 00:00:00.639772,1.598154351065317e-05,9,0,0.9618686435114746,16,0.022504979375454724,FAIL
121,121,,2021-02-08 21:11:00.772321,2021-02-08 21:11:01.415697,0 days 00:00:00.643376,2.7750447705005817e-05,9,0,0.9613607012830727,16,0.021950413180006262,FAIL
122,122,,2021-02-08 21:11:01.416092,2021-02-08 21:11:02.054224,0 days 00:00:00.638132,3.3504179747944776e-05,9,0,0.9120607306796977,16,0.018817091687410813,FAIL
123,123,,2021-02-08 21:11:02.054634,2021-02-08 21:11:02.807778,0 days 00:00:00.753144,1.8289915688530457e-05,9,0,0.9627104519609766,16,0.023259011746214846,FAIL
124,124,,2021-02-08 21:11:02.808400,2021-02-08 21:11:03.467718,0 days 00:00:00.659318,4.362469613069549e-05,9,0,0.9589696678093098,16,0.022417415428171106,FAIL
125,125,,2021-02-08 21:11:03.468139,2021-02-08 21:11:04.101951,0 days 00:00:00.633812,1.1289382968263587e-05,9,0,0.9617097345322324,16,0.022358555944263662,FAIL
126,126,,2021-02-08 21:11:04.102351,2021-02-08 21:11:04.728863,0 days 00:00:00.626512,1.231187768268703e-05,9,0,0.9892381006368028,16,0.022702959043535444,FAIL
127,127,,2021-02-08 21:11:04.729251,2021-02-08 21:11:05.375281,0 days 00:00:00.646030,1.787577751934936e-05,9,0,0.9616229392148073,16,0.024229538215980975,FAIL
128,128,,2021-02-08 21:11:05.375677,2021-02-08 21:11:06.008321,0 days 00:00:00.632644,3.0830696742964716e-05,9,0,0.959295087198968,16,0.022012892040955623,FAIL
129,129,,2021-02-08 21:11:06.008914,2021-02-08 21:11:06.654506,0 days 00:00:00.645592,3.247398236503597e-05,9,0,0.9894520528653944,16,0.022130498959368302,FAIL
130,130,,2021-02-08 21:11:06.655127,2021-02-08 21:11:07.289009,0 days 00:00:00.633882,1.0356493067576606e-05,9,0,0.9613372488462104,16,0.02100165631321008,FAIL
131,131,,2021-02-08 21:11:07.289418,2021-02-08 21:11:08.050270,0 days 00:00:00.760852,2.8998920113678492e-05,9,0,0.9893101537216052,16,0.021628866912592633,FAIL
132,132,,2021-02-08 21:11:08.050687,2021-02-08 21:11:08.706411,0 days 00:00:00.655724,2.970829469318679e-05,9,0,0.9890798029164413,16,0.019877512068977324,FAIL
133,133,,2021-02-08 21:11:08.706821,2021-02-08 21:11:09.342330,0 days 00:00:00.635509,2.7348459321225484e-05,9,0,0.9895997808752628,16,0.021207008068662707,FAIL
134,134,,2021-02-08 21:11:09.342754,2021-02-08 21:11:09.994844,0 days 00:00:00.652090,1.3393155510760116e-05,9,0,0.9142613546578783,16,0.01992831806625241,FAIL
135,135,,2021-02-08 21:11:09.995244,2021-02-08 21:11:10.641671,0 days 00:00:00.646427,1.6043169226232483e-05,9,0,0.9624838542229802,16,0.0218786202853392,FAIL
