,number,value,datetime_start,datetime_complete,duration,params_lr,params_nl2,params_num_ct,params_scheduler_gamma,params_sigma2,params_weight_decay,state
5821,5821,,2021-02-09 05:52:10.609482,2021-02-09 05:52:11.374067,0 days 00:00:00.764585,0.00044756436072038614,13,0,0.9349951837093895,16,0.03038429518330577,FAIL
5822,5822,0.6291858678955453,2021-02-09 05:52:11.376217,2021-02-09 05:52:37.824367,0 days 00:00:26.448150,0.0004476954663661696,13,8,0.9354919412585732,16,0.03036419696813788,COMPLETE
5823,5823,0.6291858678955453,2021-02-09 05:52:37.827319,2021-02-09 05:52:49.145803,0 days 00:00:11.318484,0.0004638399432716656,13,8,0.9391630424350208,18,0.03123226068443025,COMPLETE
5824,5824,0.46021505376344085,2021-02-09 05:52:49.148780,2021-02-09 05:53:00.167234,0 days 00:00:11.018454,0.000507993161434141,13,8,0.936364814125131,16,0.03132492571020608,COMPLETE
5825,5825,0.40276497695852537,2021-02-09 05:53:00.170198,2021-02-09 05:53:17.158503,0 days 00:00:16.988305,0.0005004134161918567,13,8,0.9363966482643293,18,0.032703245054511616,COMPLETE
5826,5826,,2021-02-09 05:53:17.161503,2021-02-09 05:53:17.915455,0 days 00:00:00.753952,0.0004513766981982096,13,0,0.9351031389520633,16,0.03143823105182667,FAIL
5827,5827,,2021-02-09 05:53:17.919097,2021-02-09 05:53:18.719089,0 days 00:00:00.799992,0.0005033731475075576,13,0,0.9352900552631511,16,0.03092957558920276,FAIL
5828,5828,0.5806451612903226,2021-02-09 05:53:18.721204,2021-02-09 05:53:29.609654,0 days 00:00:10.888450,0.00036642359611210727,13,8,0.9352988407185803,16,0.03041492947148787,COMPLETE
5829,5829,,2021-02-09 05:53:29.614200,2021-02-09 05:53:30.378547,0 days 00:00:00.764347,0.00041421155553812163,13,0,0.9336191752670033,14,0.0327549630140958,FAIL
5830,5830,0.41904761904761906,2021-02-09 05:53:30.382230,2021-02-09 05:53:47.715644,0 days 00:00:17.333414,0.00047334159791074555,13,8,0.937960275179253,14,0.032658867913614616,COMPLETE
5831,5831,0.40522273425499233,2021-02-09 05:53:47.718594,2021-02-09 05:53:59.134556,0 days 00:00:11.415962,0.00041989775671841126,13,8,0.9349494444750897,18,0.03054754175398317,COMPLETE
5832,5832,0.41013824884792627,2021-02-09 05:53:59.137556,2021-02-09 05:54:10.322555,0 days 00:00:11.184999,0.00042883569220694115,13,8,0.9367152601989815,16,0.03429976135301096,COMPLETE
5833,5833,0.6129032258064516,2021-02-09 05:54:10.325530,2021-02-09 05:54:31.793945,0 days 00:00:21.468415,0.0004438238511675202,13,8,0.9392360713356576,16,0.03150963187097637,COMPLETE
5834,5834,0.40153609831029186,2021-02-09 05:54:31.796923,2021-02-09 05:54:48.389115,0 days 00:00:16.592192,0.00036006968018802035,13,8,0.9349311709916295,18,0.034430013517961426,COMPLETE
5835,5835,,2021-02-09 05:54:48.392092,2021-02-09 05:54:49.155097,0 days 00:00:00.763005,0.0004342084896357277,13,0,0.9386550164073623,16,0.03009154194181152,FAIL
5836,5836,0.5425499231950844,2021-02-09 05:54:49.158676,2021-02-09 05:55:00.427505,0 days 00:00:11.268829,0.000520069965787595,13,8,0.9372831586782668,16,0.029959024525795776,COMPLETE
5837,5837,0.3864823348694316,2021-02-09 05:55:00.430501,2021-02-09 05:55:11.840608,0 days 00:00:11.410107,0.000431696541824529,13,8,0.9346630657414249,18,0.03334063758704821,COMPLETE
5838,5838,0.4466973886328725,2021-02-09 05:55:11.843580,2021-02-09 05:55:23.050523,0 days 00:00:11.206943,0.00043730168927772444,13,8,0.9389466418757331,16,0.03564282124476757,COMPLETE
5839,5839,0.4119815668202765,2021-02-09 05:55:23.053509,2021-02-09 05:55:34.480394,0 days 00:00:11.426885,0.0005391928977764222,13,8,0.9370181359687954,14,0.029904770316306156,COMPLETE
5840,5840,,2021-02-09 05:55:34.483365,2021-02-09 05:55:35.245650,0 days 00:00:00.762285,0.0003576581263864081,13,0,0.9399051144757726,16,0.03217421649454375,FAIL
5841,5841,0.48294930875576036,2021-02-09 05:55:35.249431,2021-02-09 05:56:44.929401,0 days 00:01:09.679970,0.00042441386429457385,13,8,0.9333000570770182,16,0.03260817251835197,COMPLETE
5842,5842,0.40829493087557606,2021-02-09 05:56:44.932362,2021-02-09 05:56:56.726283,0 days 00:00:11.793921,0.00033747351226326075,13,8,0.9389056299797972,18,0.02879118936042081,COMPLETE
5843,5843,,2021-02-09 05:56:56.729252,2021-02-09 05:56:57.609894,0 days 00:00:00.880642,0.0003495158984917308,11,0,0.9351421344264716,16,0.03575280542255931,FAIL
5844,5844,,2021-02-09 05:56:57.613483,2021-02-09 05:56:58.406484,0 days 00:00:00.793001,0.00036215839304079307,13,0,0.9358771244520521,16,0.03147888069320757,FAIL
5845,5845,,2021-02-09 05:56:58.410255,2021-02-09 05:56:59.184853,0 days 00:00:00.774598,0.0005704891328016061,13,0,0.9376849810659712,16,0.036518450849772816,FAIL
5846,5846,,2021-02-09 05:56:59.187171,2021-02-09 05:56:59.951887,0 days 00:00:00.764716,0.0005638052730048297,11,0,0.9352301801495952,16,0.03589123346577627,FAIL
5847,5847,,2021-02-09 05:56:59.955686,2021-02-09 05:57:00.710667,0 days 00:00:00.754981,0.0003705485054817984,13,0,0.9394028057624673,16,0.031153122595705393,FAIL
5848,5848,0.5505376344086022,2021-02-09 05:57:00.714388,2021-02-09 05:57:17.204194,0 days 00:00:16.489806,0.0005677461399451731,13,8,0.9396222979207592,16,0.0365915439828631,COMPLETE
5849,5849,0.47434715821812595,2021-02-09 05:57:17.207177,2021-02-09 05:57:28.753605,0 days 00:00:11.546428,0.00040042062940879203,13,8,0.9346393126391089,16,0.03156745688141332,COMPLETE
5850,5850,0.6270353302611367,2021-02-09 05:57:28.756615,2021-02-09 05:57:40.228332,0 days 00:00:11.471717,0.00033483258249595736,13,8,0.9380924811642853,18,0.029785804949120656,COMPLETE
5851,5851,0.41935483870967744,2021-02-09 05:57:40.231325,2021-02-09 05:57:51.125110,0 days 00:00:10.893785,0.0004533986198623735,13,8,0.9364911775220311,16,0.03494724162619079,COMPLETE
5852,5852,0.3674347158218126,2021-02-09 05:57:51.128154,2021-02-09 05:58:12.726978,0 days 00:00:21.598824,0.00048757358829837414,13,8,0.9336925667329745,16,0.03096686542172438,COMPLETE
5853,5853,0.5726574500768049,2021-02-09 05:58:12.729967,2021-02-09 05:58:24.201871,0 days 00:00:11.471904,0.0005623214046092857,13,8,0.9356557556160895,18,0.03360976764175898,COMPLETE
5854,5854,,2021-02-09 05:58:24.204851,2021-02-09 05:58:24.947917,0 days 00:00:00.743066,0.00038348772717807433,13,0,0.9404868322617127,16,0.03721630372108722,FAIL
5855,5855,,2021-02-09 05:58:24.951670,2021-02-09 05:58:25.700526,0 days 00:00:00.748856,0.00029662714580524103,13,0,0.9377203312646831,16,0.02828913898835231,FAIL
5856,5856,0.5597542242703533,2021-02-09 05:58:25.702725,2021-02-09 05:58:42.199945,0 days 00:00:16.497220,0.000294404776765569,13,8,0.9325138034250002,16,0.01868709920244917,COMPLETE
5857,5857,0.38863287250384027,2021-02-09 05:58:42.202919,2021-02-09 05:58:53.714897,0 days 00:00:11.511978,0.00037860988209913925,13,8,0.9385996005423407,16,0.028101002985204886,COMPLETE
5858,5858,0.5290322580645161,2021-02-09 05:58:53.717868,2021-02-09 05:59:36.347105,0 days 00:00:42.629237,0.0005391541278801297,13,8,0.940861501275888,16,0.03712493587418914,COMPLETE
5859,5859,,2021-02-09 05:59:36.350050,2021-02-09 05:59:40.621228,0 days 00:00:04.271178,0.00036923613365312703,13,8,0.9400813529151791,18,0.032332372885440386,FAIL
5860,5860,,2021-02-09 05:59:40.624272,2021-02-09 05:59:41.419812,0 days 00:00:00.795540,0.0003669851155886293,13,0,0.9345404303563417,18,0.02890590728798798,FAIL
5861,5861,,2021-02-09 05:59:41.423594,2021-02-09 05:59:42.216289,0 days 00:00:00.792695,0.00031422004644043926,13,0,0.934496267243987,18,0.0314361108088924,FAIL
5862,5862,0.6150537634408603,2021-02-09 05:59:42.218452,2021-02-09 05:59:53.696196,0 days 00:00:11.477744,0.0006206208043363217,13,8,0.9402713862841683,18,0.028625637942907595,COMPLETE
5863,5863,0.5087557603686635,2021-02-09 05:59:53.699181,2021-02-09 06:00:10.222069,0 days 00:00:16.522888,0.0003768026572472126,13,8,0.9377495783952117,16,0.03210254222941555,COMPLETE
5864,5864,,2021-02-09 06:00:10.225063,2021-02-09 06:00:10.980991,0 days 00:00:00.755928,0.00030455312797039063,13,0,0.9313514509889761,18,0.03304875790191855,FAIL
5865,5865,0.4466973886328725,2021-02-09 06:00:10.984628,2021-02-09 06:00:28.080850,0 days 00:00:17.096222,0.0002963988778289789,13,8,0.9345359116851166,18,0.036162948165643076,COMPLETE
5866,5866,0.5956989247311828,2021-02-09 06:00:28.083831,2021-02-09 06:00:44.243074,0 days 00:00:16.159243,0.0005124239747786783,13,8,0.9358573816632588,16,0.03054955153331435,COMPLETE
5867,5867,0.5533026113671276,2021-02-09 06:00:44.246048,2021-02-09 06:01:11.464269,0 days 00:00:27.218221,0.00033654142394372614,13,8,0.9405014018068564,16,0.032537692282972853,COMPLETE
5868,5868,0.4838709677419355,2021-02-09 06:01:11.467250,2021-02-09 06:01:22.889863,0 days 00:00:11.422613,0.0004170990853797412,13,8,0.9309947775162273,18,0.019572495968632465,COMPLETE
5869,5869,,2021-02-09 06:01:22.892838,2021-02-09 06:01:23.658309,0 days 00:00:00.765471,0.0006291620413654912,13,0,0.9376057885690506,16,0.02842973503643974,FAIL
5870,5870,0.39262672811059907,2021-02-09 06:01:23.660483,2021-02-09 06:01:35.223656,0 days 00:00:11.563173,0.0005754458419252675,13,8,0.9380637901070796,16,0.028692887373588567,COMPLETE
5871,5871,0.570199692780338,2021-02-09 06:01:35.226633,2021-02-09 06:01:51.482935,0 days 00:00:16.256302,0.0006501198112788466,13,8,0.9325499013854248,18,0.03479415238121045,COMPLETE
5872,5872,,2021-02-09 06:01:51.485911,2021-02-09 06:01:52.258836,0 days 00:00:00.772925,0.00030635958654937957,13,0,0.9367884733860544,16,0.038278141026215046,FAIL
5873,5873,0.4497695852534562,2021-02-09 06:01:52.262506,2021-02-09 06:02:03.530907,0 days 00:00:11.268401,0.0004504388889891857,13,8,0.935942061255991,16,0.038838047578126485,COMPLETE
5874,5874,,2021-02-09 06:02:03.533912,2021-02-09 06:02:04.449547,0 days 00:00:00.915635,0.00035669508422482625,13,0,0.9339108998091967,16,0.02880192004492593,FAIL
5875,5875,0.40337941628264207,2021-02-09 06:02:04.453325,2021-02-09 06:02:15.833051,0 days 00:00:11.379726,0.00037761914554737183,13,8,0.9321875469960789,16,0.027593614892018184,COMPLETE
5876,5876,0.4663594470046083,2021-02-09 06:02:15.836033,2021-02-09 06:02:27.084706,0 days 00:00:11.248673,0.0005006399545219638,11,8,0.9419345191262576,14,0.03067323168610806,COMPLETE
5877,5877,,2021-02-09 06:02:27.087716,2021-02-09 06:02:27.835009,0 days 00:00:00.747293,0.0003190756686448562,13,0,0.9337735036260986,18,0.03398117306243373,FAIL
5878,5878,,2021-02-09 06:02:27.838564,2021-02-09 06:02:28.613311,0 days 00:00:00.774747,0.0002990989716681002,13,0,0.9334185924181675,18,0.03367872192009506,FAIL
5879,5879,,2021-02-09 06:02:28.616899,2021-02-09 06:02:29.398873,0 days 00:00:00.781974,0.0006451479169002411,13,0,0.9406396025240819,18,0.033639524959589266,FAIL
5880,5880,0.4823348694316436,2021-02-09 06:02:29.401010,2021-02-09 06:02:40.970736,0 days 00:00:11.569726,0.0004065748187790782,13,8,0.9341598080883566,18,0.0331454130057449,COMPLETE
5881,5881,,2021-02-09 06:02:40.973684,2021-02-09 06:02:41.729231,0 days 00:00:00.755547,0.00030218808543284466,13,0,0.9372485052277222,16,0.03712136150807203,FAIL
5882,5882,0.4273425499231951,2021-02-09 06:02:41.731523,2021-02-09 06:02:53.000997,0 days 00:00:11.269474,0.00048319552207494286,13,8,0.9394958723211153,16,0.038113581162829556,COMPLETE
5883,5883,0.5228878648233487,2021-02-09 06:02:53.004042,2021-02-09 06:03:04.183036,0 days 00:00:11.178994,0.0003253810670209439,13,8,0.9364196152760641,16,0.028809471300529025,COMPLETE
5884,5884,,2021-02-09 06:03:04.186007,2021-02-09 06:03:04.956771,0 days 00:00:00.770764,0.0006865512978800126,13,0,0.9405002323095258,18,0.03531843996727203,FAIL
5885,5885,,2021-02-09 06:03:04.958923,2021-02-09 06:03:05.696919,0 days 00:00:00.737996,0.0004889919796689427,13,0,0.937679095461985,18,0.03219202017454443,FAIL
5886,5886,,2021-02-09 06:03:05.700561,2021-02-09 06:03:06.625258,0 days 00:00:00.924697,0.0006695904222263997,13,0,0.9330930192094091,18,0.034330437727738375,FAIL
5887,5887,0.39477726574500765,2021-02-09 06:03:06.627285,2021-02-09 06:03:23.287756,0 days 00:00:16.660471,0.0006472823408775415,11,8,0.9379541464422109,18,0.033445904612094284,COMPLETE
5888,5888,0.421505376344086,2021-02-09 06:03:23.290749,2021-02-09 06:03:34.575347,0 days 00:00:11.284598,0.0005774545916118675,13,8,0.9340191686111322,16,0.027036393679304615,COMPLETE
5889,5889,0.5360983102918587,2021-02-09 06:03:34.578348,2021-02-09 06:03:45.994175,0 days 00:00:11.415827,0.0003436754211588982,13,8,0.9401592260912991,16,0.03620815677148249,COMPLETE
5890,5890,0.6190476190476191,2021-02-09 06:03:45.997210,2021-02-09 06:04:02.427187,0 days 00:00:16.429977,0.0002669211551860215,13,8,0.9307423948724158,18,0.01994930963864916,COMPLETE
5891,5891,0.376036866359447,2021-02-09 06:04:02.430184,2021-02-09 06:04:18.803912,0 days 00:00:16.373728,0.00047332645240612405,13,8,0.9337761839963392,16,0.032086425687421406,COMPLETE
5892,5892,0.48110599078341015,2021-02-09 06:04:18.806909,2021-02-09 06:04:29.942108,0 days 00:00:11.135199,0.0006895867752343631,13,8,0.9365468131996479,16,0.028920693266733903,COMPLETE
5893,5893,0.3649769585253456,2021-02-09 06:04:29.945133,2021-02-09 06:04:51.708674,0 days 00:00:21.763541,0.0003969709218027886,13,8,0.9414740242680489,18,0.04174583487427735,COMPLETE
5894,5894,0.5557603686635945,2021-02-09 06:04:51.711687,2021-02-09 06:05:03.451468,0 days 00:00:11.739781,0.00029821535215147037,13,8,0.934953169130209,16,0.02997178459871939,COMPLETE
5895,5895,0.45806451612903226,2021-02-09 06:05:03.454472,2021-02-09 06:05:14.734283,0 days 00:00:11.279811,0.0005765584857198678,13,8,0.9371109471076362,16,0.027029806302080097,COMPLETE
5896,5896,,2021-02-09 06:05:14.737269,2021-02-09 06:05:15.478216,0 days 00:00:00.740947,0.0004706584731165044,13,0,0.9394035041876172,14,0.034406656879495866,FAIL
5897,5897,,2021-02-09 06:05:15.481969,2021-02-09 06:05:16.241591,0 days 00:00:00.759622,0.0003883726363296334,13,0,0.9318619318456445,18,0.03458190468352173,FAIL
5898,5898,0.4509984639016897,2021-02-09 06:05:16.245317,2021-02-09 06:05:27.751798,0 days 00:00:11.506481,0.00037911250395347555,13,8,0.9397064370116653,14,0.03505385754049656,COMPLETE
5899,5899,0.4236559139784946,2021-02-09 06:05:27.754830,2021-02-09 06:05:39.367397,0 days 00:00:11.612567,0.0004705093728598653,13,8,0.9317365682291341,18,0.03849508884022154,COMPLETE
5900,5900,0.4254992319508449,2021-02-09 06:05:39.370417,2021-02-09 06:05:50.825258,0 days 00:00:11.454841,0.0006704413748073402,13,8,0.9332809129949768,16,0.030316731662296238,COMPLETE
5901,5901,,2021-02-09 06:05:50.828275,2021-02-09 06:05:51.609137,0 days 00:00:00.780862,0.00033214892131560133,13,0,0.9381222217299682,12,0.03293114977964745,FAIL
5902,5902,,2021-02-09 06:05:51.611399,2021-02-09 06:05:52.363724,0 days 00:00:00.752325,0.0005647538046056813,13,0,0.9399254399238816,12,0.021090490692437958,FAIL
5903,5903,0.44577572964669737,2021-02-09 06:05:52.365834,2021-02-09 06:06:13.969371,0 days 00:00:21.603537,0.00030875166675526825,13,8,0.9378590808884227,18,0.01806020968729125,COMPLETE
5904,5904,0.5124423963133641,2021-02-09 06:06:13.972810,2021-02-09 06:06:25.829818,0 days 00:00:11.857008,0.0005567180089134524,13,8,0.9421680170670104,16,0.021001630929401188,COMPLETE
5905,5905,0.5385560675883256,2021-02-09 06:06:25.832807,2021-02-09 06:07:03.556810,0 days 00:00:37.724003,0.00043945053406089065,13,8,0.9358748717616578,16,0.03462960742650419,COMPLETE
5906,5906,,2021-02-09 06:07:03.559804,2021-02-09 06:07:04.315014,0 days 00:00:00.755210,0.0002475399943532192,11,0,0.9399690815267374,18,0.031001877476703014,FAIL
5907,5907,0.5738863287250384,2021-02-09 06:07:04.318735,2021-02-09 06:07:15.440243,0 days 00:00:11.121508,0.00035909533760924533,11,8,0.939521226983163,18,0.02728419773112348,COMPLETE
5908,5908,,2021-02-09 06:07:15.443219,2021-02-09 06:07:16.200638,0 days 00:00:00.757419,0.0007072908981732152,13,0,0.9325478226871761,16,0.03158409017674957,FAIL
5909,5909,0.4522273425499232,2021-02-09 06:07:16.202864,2021-02-09 06:07:27.613888,0 days 00:00:11.411024,0.00025001427587420115,13,8,0.932399569544477,16,0.033281121618362115,COMPLETE
5910,5910,0.5791090629800307,2021-02-09 06:07:27.616864,2021-02-09 06:07:38.902022,0 days 00:00:11.285158,0.0006603083307791381,11,8,0.9406638671587296,16,0.02994625326533956,COMPLETE
5911,5911,,2021-02-09 06:07:38.905029,2021-02-09 06:07:39.660046,0 days 00:00:00.755017,0.0005097470070831498,11,0,0.9379083643643108,18,0.07785708026957384,FAIL
5912,5912,0.5161290322580645,2021-02-09 06:07:39.663841,2021-02-09 06:08:21.511941,0 days 00:00:41.848100,0.000494610893765116,11,8,0.9380358766065858,18,0.07925072333396364,COMPLETE
5913,5913,,2021-02-09 06:08:21.514962,2021-02-09 06:08:22.271616,0 days 00:00:00.756654,0.00039731085203354984,13,0,0.9302542960617095,12,0.026782396758034566,FAIL
5914,5914,0.5345622119815668,2021-02-09 06:08:22.275300,2021-02-09 06:08:48.995327,0 days 00:00:26.720027,0.00039779393098914577,13,8,0.935463928741817,16,0.03772729397047895,COMPLETE
5915,5915,,2021-02-09 06:08:48.998320,2021-02-09 06:08:49.907769,0 days 00:00:00.909449,0.0006951508434243565,11,0,0.9349672377700418,16,0.03187121284104124,FAIL
5916,5916,,2021-02-09 06:08:49.911380,2021-02-09 06:08:50.669417,0 days 00:00:00.758037,0.0003043304066468209,11,0,0.9338080445074487,16,0.026584352497481107,FAIL
5917,5917,0.41689708141321047,2021-02-09 06:08:50.671637,2021-02-09 06:09:02.163011,0 days 00:00:11.491374,1.0037187459804704e-05,11,8,0.931160930977571,16,0.031332991062325184,COMPLETE
5918,5918,0.47096774193548385,2021-02-09 06:09:02.165999,2021-02-09 06:09:13.621484,0 days 00:00:11.455485,0.0007402964585007202,13,8,0.9372970768519563,18,0.02639519889516261,COMPLETE
5919,5919,0.49708141321044547,2021-02-09 06:09:13.624504,2021-02-09 06:09:30.564415,0 days 00:00:16.939911,0.00030929058142704766,11,8,0.9343225817864068,16,0.043849524719006765,COMPLETE
5920,5920,0.39600614439324117,2021-02-09 06:09:30.567420,2021-02-09 06:09:41.750079,0 days 00:00:11.182659,0.0006089699653971656,11,8,0.9294364227264998,18,0.02163736355135702,COMPLETE
5921,5921,,2021-02-09 06:09:41.753092,2021-02-09 06:09:42.517836,0 days 00:00:00.764744,1.6788980226207816e-05,13,0,0.9335974866468121,16,0.03573871235407442,FAIL
5922,5922,0.3898617511520737,2021-02-09 06:09:42.521491,2021-02-09 06:10:04.189637,0 days 00:00:21.668146,1.5505895724640864e-05,13,8,0.9418046634595652,16,0.03578544928787441,COMPLETE
5923,5923,0.5321044546850998,2021-02-09 06:10:04.192651,2021-02-09 06:10:57.176090,0 days 00:00:52.983439,0.0005231861183332296,11,8,0.9332592116243023,12,0.019397151746144,COMPLETE
5924,5924,0.5956989247311828,2021-02-09 06:10:57.179148,2021-02-09 06:11:08.652662,0 days 00:00:11.473514,1.186431342442785e-05,13,8,0.9398759680516913,14,0.031912408346664055,COMPLETE
5925,5925,0.3827956989247312,2021-02-09 06:11:08.655670,2021-02-09 06:11:25.363285,0 days 00:00:16.707615,1.9664007474866863e-05,11,8,0.9386150793949699,16,0.02896777660974681,COMPLETE
5926,5926,0.37327188940092165,2021-02-09 06:11:25.366264,2021-02-09 06:11:36.902975,0 days 00:00:11.536711,0.0004321281320538075,11,8,0.9332781126034344,16,0.039821488753852004,COMPLETE
5927,5927,0.5268817204301075,2021-02-09 06:11:36.905973,2021-02-09 06:12:36.005932,0 days 00:00:59.099959,0.00035032870687517706,13,8,0.9358969007750355,16,0.06626803064996585,COMPLETE
5928,5928,0.5499231950844854,2021-02-09 06:12:36.008653,2021-02-09 06:12:52.745565,0 days 00:00:16.736912,0.00026549681547376614,9,8,0.9371850131264728,18,0.025914414619513753,COMPLETE
5929,5929,,2021-02-09 06:12:52.748599,2021-02-09 06:12:53.502513,0 days 00:00:00.753914,1.4061699712722348e-05,11,0,0.940754701515946,18,0.027745917512535887,FAIL
5930,5930,0.37142857142857144,2021-02-09 06:12:53.504844,2021-02-09 06:13:04.686011,0 days 00:00:11.181167,0.0005199900342644031,11,8,0.9424820999316111,18,0.027771923826119965,COMPLETE
5931,5931,0.5910906298003072,2021-02-09 06:13:04.689054,2021-02-09 06:13:27.202665,0 days 00:00:22.513611,1.0070117369810057e-05,13,10,0.9351288075962658,16,0.0340509253223062,COMPLETE
5932,5932,,2021-02-09 06:13:27.205686,2021-02-09 06:13:28.111036,0 days 00:00:00.905350,1.3816173422375797e-05,11,0,0.9200265211709762,16,0.022887320227236836,FAIL
5933,5933,0.4500768049155146,2021-02-09 06:13:28.113372,2021-02-09 06:13:39.207196,0 days 00:00:11.093824,1.402245959871715e-05,11,8,0.9315174569701812,16,0.02246004297037485,COMPLETE
5934,5934,0.570199692780338,2021-02-09 06:13:39.210179,2021-02-09 06:13:50.388574,0 days 00:00:11.178395,2.421583003663002e-05,5,8,0.9410929094674372,16,0.030556873872650655,COMPLETE
5935,5935,0.6285714285714286,2021-02-09 06:13:50.391612,2021-02-09 06:14:01.599917,0 days 00:00:11.208305,0.000662993547272927,13,8,0.9174545702236313,18,0.02610247068390422,COMPLETE
5936,5936,0.5477726574500767,2021-02-09 06:14:01.602920,2021-02-09 06:14:18.298028,0 days 00:00:16.695108,0.0007813155323450261,13,8,0.9142390275874148,18,0.028091162962979338,COMPLETE
5937,5937,0.5428571428571428,2021-02-09 06:14:18.301044,2021-02-09 06:14:39.533414,0 days 00:00:21.232370,0.000740023487741939,13,8,0.9174096467012676,18,0.026545570062952845,COMPLETE
5938,5938,0.580952380952381,2021-02-09 06:14:39.536434,2021-02-09 06:15:11.998285,0 days 00:00:32.461851,0.0007182938181953686,13,8,0.9222145728886457,18,0.02815755297855905,COMPLETE
5939,5939,,2021-02-09 06:15:12.001292,2021-02-09 06:15:12.750037,0 days 00:00:00.748745,0.000813261015732236,13,0,0.9216179205933773,18,0.026728092898426835,FAIL
5940,5940,0.5105990783410138,2021-02-09 06:15:12.753739,2021-02-09 06:15:44.768163,0 days 00:00:32.014424,0.0007035710180557513,13,8,0.9147278761688462,18,0.026199287845945406,COMPLETE
5941,5941,,2021-02-09 06:15:44.770990,2021-02-09 06:15:45.677146,0 days 00:00:00.906156,0.0006094062976179958,13,0,0.914065656041739,18,0.029444171409747567,FAIL
5942,5942,0.4525345622119816,2021-02-09 06:15:45.679356,2021-02-09 06:15:56.979747,0 days 00:00:11.300391,0.0007681453113394189,13,8,0.9125926711641983,18,0.02891384468030926,COMPLETE
5943,5943,,2021-02-09 06:15:56.982741,2021-02-09 06:15:57.727942,0 days 00:00:00.745201,0.0004125959252518801,13,0,0.9192891885416937,16,0.032299561763498796,FAIL
