,number,value,datetime_start,datetime_complete,duration,params_lr,params_nl2,params_num_ct,params_scheduler_gamma,params_sigma2,params_weight_decay,state
7686,7686,0.4141321044546851,2021-02-09 11:17:40.828258,2021-02-09 11:17:57.526147,0 days 00:00:16.697889,8.001544901531556e-05,11,8,0.9396583703718583,14,0.3048916904718976,COMPLETE
7687,7687,,2021-02-09 11:17:57.529939,2021-02-09 11:17:58.324888,0 days 00:00:00.794949,0.0001538758581897243,11,0,0.9040332453806764,14,0.12217625320989804,FAIL
7688,7688,0.4559139784946237,2021-02-09 11:17:58.328701,2021-02-09 11:18:14.235471,0 days 00:00:15.906770,0.00011921472791870738,11,2,0.9440124910924585,14,0.019633479222800634,COMPLETE
7689,7689,,2021-02-09 11:18:14.239279,2021-02-09 11:18:15.042558,0 days 00:00:00.803279,0.00010329826060798669,11,0,0.9385418691404745,14,0.15231396487103607,FAIL
7690,7690,0.45468509984639016,2021-02-09 11:18:15.047512,2021-02-09 11:18:26.619413,0 days 00:00:11.571901,9.836441507898645e-05,11,8,0.9411195152450188,14,0.018127775218839515,COMPLETE
7691,7691,,2021-02-09 11:18:26.623218,2021-02-09 11:18:27.590166,0 days 00:00:00.966948,0.00015019345079116234,11,0,0.9203076493064657,14,0.19581776754510155,FAIL
7692,7692,,2021-02-09 11:18:27.593219,2021-02-09 11:18:28.364465,0 days 00:00:00.771246,0.00011034857231778519,11,0,0.9377603099367557,14,0.02361756657114723,FAIL
7693,7693,0.49953917050691243,2021-02-09 11:18:28.369458,2021-02-09 11:18:39.921730,0 days 00:00:11.552272,0.00016709108714242675,11,8,0.9609853555504075,14,0.21366920616408633,COMPLETE
7694,7694,0.5394777265745008,2021-02-09 11:18:39.925546,2021-02-09 11:18:55.987141,0 days 00:00:16.061595,0.00014845012120442036,11,2,0.9447272313731991,14,0.02175612936310385,COMPLETE
7695,7695,0.4663594470046083,2021-02-09 11:18:55.990936,2021-02-09 11:19:07.181441,0 days 00:00:11.190505,0.00010621414492915654,11,8,0.9205052474173666,14,0.024015738713844458,COMPLETE
7696,7696,0.4221198156682028,2021-02-09 11:19:07.185252,2021-02-09 11:19:18.380270,0 days 00:00:11.195018,7.969009248428301e-05,11,2,0.9000135057735821,14,0.02379178849450577,COMPLETE
7697,7697,,2021-02-09 11:19:18.384073,2021-02-09 11:19:19.191178,0 days 00:00:00.807105,0.00010323703801192091,11,0,0.9371609040247109,14,0.01534971459433581,FAIL
7698,7698,0.43748079877112134,2021-02-09 11:19:19.194407,2021-02-09 11:19:40.912045,0 days 00:00:21.717638,0.00013594077170419623,11,8,0.9381667888414378,14,0.013278946649555612,COMPLETE
7699,7699,,2021-02-09 11:19:40.915825,2021-02-09 11:19:41.713850,0 days 00:00:00.798025,0.00010539213199271976,5,0,0.9033923849433457,14,0.20132167738376075,FAIL
7700,7700,0.3880184331797235,2021-02-09 11:19:41.718812,2021-02-09 11:19:52.924670,0 days 00:00:11.205858,0.00010797148311533775,11,6,0.9047137970908962,14,0.2914898711351813,COMPLETE
7701,7701,,2021-02-09 11:19:52.928444,2021-02-09 11:19:53.732225,0 days 00:00:00.803781,0.0001721423551084662,7,0,0.9471049299659706,14,0.015565502692431937,FAIL
7702,7702,0.5155145929339477,2021-02-09 11:19:53.737197,2021-02-09 11:20:29.741432,0 days 00:00:36.004235,0.00016365126925733746,7,2,0.9466764013742318,14,0.019043842968127552,COMPLETE
7703,7703,0.5910906298003072,2021-02-09 11:20:29.745205,2021-02-09 11:20:40.578679,0 days 00:00:10.833474,9.418886026538063e-05,5,2,0.9000992744268123,14,0.015619247793035845,COMPLETE
7704,7704,,2021-02-09 11:20:40.582458,2021-02-09 11:20:41.398457,0 days 00:00:00.815999,4.929710486161111e-05,11,0,0.9395178198823934,14,0.022333847773593294,FAIL
7705,7705,0.3686635944700461,2021-02-09 11:20:41.403316,2021-02-09 11:20:52.716270,0 days 00:00:11.312954,6.439967076829288e-05,11,8,0.9394977361923991,14,0.021815443716725075,COMPLETE
7706,7706,0.3705069124423963,2021-02-09 11:20:52.720052,2021-02-09 11:21:03.638450,0 days 00:00:10.918398,0.00019942998896302526,7,2,0.9034373657384478,14,0.020292111360332966,COMPLETE
7707,7707,0.6021505376344086,2021-02-09 11:21:03.642264,2021-02-09 11:21:14.659506,0 days 00:00:11.017242,4.705717199561709e-05,11,2,0.9432279836926245,14,0.018485068878510758,COMPLETE
7708,7708,,2021-02-09 11:21:14.663276,2021-02-09 11:21:15.487755,0 days 00:00:00.824479,8.804842824382162e-05,11,0,0.9412924358021995,14,0.025166710677946853,FAIL
7709,7709,0.5533026113671276,2021-02-09 11:21:15.492851,2021-02-09 11:21:27.144876,0 days 00:00:11.652025,0.0001313232814886372,11,8,0.9390082764317401,14,0.022593674032422684,COMPLETE
7710,7710,0.5185867895545315,2021-02-09 11:21:27.148679,2021-02-09 11:21:43.591124,0 days 00:00:16.442445,0.00011228731703346172,11,8,0.9414018825376943,12,0.025455351237215963,COMPLETE
7711,7711,0.36682027649769583,2021-02-09 11:21:43.594941,2021-02-09 11:21:54.683160,0 days 00:00:11.088219,8.120870121334958e-05,7,2,0.9851435729810314,14,0.016943208959699894,COMPLETE
7712,7712,,2021-02-09 11:21:54.686945,2021-02-09 11:21:55.486881,0 days 00:00:00.799936,0.00014562892449139134,11,0,0.9367475568751563,14,0.022677650279972764,FAIL
7713,7713,,2021-02-09 11:21:55.490143,2021-02-09 11:21:56.297984,0 days 00:00:00.807841,8.96209533876931e-05,11,0,0.9374011027417223,14,0.14707398652456025,FAIL
7714,7714,,2021-02-09 11:21:56.303017,2021-02-09 11:21:57.139143,0 days 00:00:00.836126,0.0001325398156667075,5,0,0.9000931253803427,14,0.2064534164072979,FAIL
7715,7715,0.5972350230414747,2021-02-09 11:21:57.142205,2021-02-09 11:22:24.344840,0 days 00:00:27.202635,0.00014376821618928868,5,8,0.9365491639463575,14,0.1750310691561698,COMPLETE
7716,7716,0.5560675883256528,2021-02-09 11:22:24.348620,2021-02-09 11:22:40.331812,0 days 00:00:15.983192,9.564364049092978e-05,7,2,0.906077372891391,14,0.02019639472303721,COMPLETE
7717,7717,0.5483870967741935,2021-02-09 11:22:40.335620,2021-02-09 11:22:56.913121,0 days 00:00:16.577501,0.00010815543743534567,11,6,0.9016664583600091,14,0.025791145805927326,COMPLETE
7718,7718,,2021-02-09 11:22:56.916922,2021-02-09 11:22:57.732034,0 days 00:00:00.815112,0.00014939678718988537,11,0,0.9373891873535553,14,0.02413564827856881,FAIL
7719,7719,0.5729646697388633,2021-02-09 11:22:57.737128,2021-02-09 11:23:09.215903,0 days 00:00:11.478775,0.00015077211357246022,11,8,0.9235552490847606,14,0.2284034014281687,COMPLETE
7720,7720,,2021-02-09 11:23:09.219687,2021-02-09 11:23:10.022407,0 days 00:00:00.802720,0.00012328284867443352,11,0,0.9377392601102099,14,0.12295045599656079,FAIL
7721,7721,0.6350230414746544,2021-02-09 11:23:10.025396,2021-02-09 11:23:21.510337,0 days 00:00:11.484941,0.00017265713200472366,11,8,0.938258444325412,20,0.022789722016628926,COMPLETE
7722,7722,0.5585253456221199,2021-02-09 11:23:21.514145,2021-02-09 11:23:32.683861,0 days 00:00:11.169716,0.0001871597164604027,11,2,0.9376869340402822,20,0.022158373559896506,COMPLETE
7723,7723,0.500768049155146,2021-02-09 11:23:32.687663,2021-02-09 11:23:43.425405,0 days 00:00:10.737742,0.00017807053042291553,11,2,0.9393709247972775,20,0.02233792051534111,COMPLETE
7724,7724,0.3824884792626728,2021-02-09 11:23:43.429236,2021-02-09 11:23:54.953518,0 days 00:00:11.524282,0.00016736688899330582,11,8,0.9372931993380881,20,0.1942313281521813,COMPLETE
7725,7725,0.4890937019969278,2021-02-09 11:23:54.957319,2021-02-09 11:24:05.907100,0 days 00:00:10.949781,0.0002000502604017451,11,2,0.9383794257216692,20,0.020831520086120665,COMPLETE
7726,7726,,2021-02-09 11:24:05.910847,2021-02-09 11:24:06.701461,0 days 00:00:00.790614,0.00016247423773140278,11,0,0.9380403998451003,20,0.022796455791140674,FAIL
7727,7727,,2021-02-09 11:24:06.704354,2021-02-09 11:24:07.495514,0 days 00:00:00.791160,0.00015169365777387622,11,0,0.9000069386304443,20,0.021103160539103084,FAIL
7728,7728,,2021-02-09 11:24:07.500487,2021-02-09 11:24:08.315028,0 days 00:00:00.814541,0.0001435646303455894,11,0,0.9390443126983814,20,0.022201021207446416,FAIL
7729,7729,0.44823348694316434,2021-02-09 11:24:08.317992,2021-02-09 11:24:25.100969,0 days 00:00:16.782977,0.00020638584838119365,11,8,0.9585300530932311,20,0.022530948097278302,COMPLETE
7730,7730,,2021-02-09 11:24:25.104798,2021-02-09 11:24:25.918017,0 days 00:00:00.813219,0.00015928142690769536,11,0,0.9899954377709792,20,0.020483798820122044,FAIL
7731,7731,0.514900153609831,2021-02-09 11:24:25.922950,2021-02-09 11:24:37.205191,0 days 00:00:11.282241,0.00013055033879766747,11,8,0.9391595671702505,20,0.02104606104607177,COMPLETE
7732,7732,0.5609831029185868,2021-02-09 11:24:37.208992,2021-02-09 11:24:48.040190,0 days 00:00:10.831198,0.00015439760056766251,11,2,0.9408535076501707,20,0.023109561529555452,COMPLETE
7733,7733,0.5130568356374808,2021-02-09 11:24:48.043997,2021-02-09 11:25:03.869095,0 days 00:00:15.825098,0.00017213042759809863,11,2,0.9031335405515082,20,0.022587420956951376,COMPLETE
7734,7734,,2021-02-09 11:25:03.872979,2021-02-09 11:25:04.664237,0 days 00:00:00.791258,0.00021620544723266447,11,0,0.9001044678828094,20,0.12063792379322968,FAIL
7735,7735,,2021-02-09 11:25:04.669012,2021-02-09 11:25:05.457826,0 days 00:00:00.788814,0.00014629846829307462,11,0,0.9001197437685585,20,0.020640617249004515,FAIL
7736,7736,,2021-02-09 11:25:05.461005,2021-02-09 11:25:06.265619,0 days 00:00:00.804614,0.0002133660941431503,11,0,0.9015456045692161,20,0.02053584052045836,FAIL
7737,7737,,2021-02-09 11:25:06.268754,2021-02-09 11:25:07.060795,0 days 00:00:00.792041,0.0001505544999746163,11,0,0.9380905835138105,20,0.02006051086596649,FAIL
7738,7738,0.5834101382488479,2021-02-09 11:25:07.065770,2021-02-09 11:25:18.222365,0 days 00:00:11.156595,0.00013456744528439745,11,6,0.9379095495591355,20,0.1973558412830543,COMPLETE
7739,7739,,2021-02-09 11:25:18.226185,2021-02-09 11:25:19.026587,0 days 00:00:00.800402,0.0001585321541660454,11,0,0.9014824578020835,20,0.019900683632984348,FAIL
7740,7740,,2021-02-09 11:25:19.031549,2021-02-09 11:25:19.849985,0 days 00:00:00.818436,0.0001721983038130499,11,0,0.9041200517641128,20,0.020320560711274294,FAIL
7741,7741,,2021-02-09 11:25:19.854874,2021-02-09 11:25:20.658049,0 days 00:00:00.803175,0.00022317668893830488,11,0,0.9058779435399739,20,0.020643100290524297,FAIL
7742,7742,0.38740399385560675,2021-02-09 11:25:20.661182,2021-02-09 11:25:42.608192,0 days 00:00:21.947010,0.00016555190858436432,11,8,0.9048183620750228,20,0.02059610553992035,COMPLETE
7743,7743,,2021-02-09 11:25:42.612007,2021-02-09 11:25:43.424267,0 days 00:00:00.812260,0.00021343043103821144,11,0,0.901726721076665,20,0.023466050624200114,FAIL
7744,7744,,2021-02-09 11:25:43.429268,2021-02-09 11:25:44.225927,0 days 00:00:00.796659,0.00021764360186133673,11,0,0.9022893991858015,20,0.01963480993586488,FAIL
7745,7745,0.6307219662058372,2021-02-09 11:25:44.230927,2021-02-09 11:25:54.936167,0 days 00:00:10.705240,0.00015472513023296003,11,2,0.901887846014968,20,0.1535711874350682,COMPLETE
7746,7746,,2021-02-09 11:25:54.939964,2021-02-09 11:25:55.760396,0 days 00:00:00.820432,0.0001989844198813472,11,0,0.9013961726396911,20,0.34538094231841554,FAIL
7747,7747,,2021-02-09 11:25:55.763497,2021-02-09 11:25:56.550643,0 days 00:00:00.787146,0.0002188891776157832,11,0,0.9012074984191686,20,0.09570789473003016,FAIL
7748,7748,,2021-02-09 11:25:56.553776,2021-02-09 11:25:57.343464,0 days 00:00:00.789688,0.00019989876766992083,11,0,0.9013131509522931,20,0.15334385537227307,FAIL
7749,7749,,2021-02-09 11:25:57.348373,2021-02-09 11:25:58.324651,0 days 00:00:00.976278,0.0002105842830051947,11,0,0.9010802761876472,20,0.22881275067009474,FAIL
7750,7750,0.6304147465437788,2021-02-09 11:25:58.329675,2021-02-09 11:26:09.214852,0 days 00:00:10.885177,0.00020291309006564663,11,2,0.9006984652269916,20,0.12143389832371329,COMPLETE
7751,7751,0.47803379416282643,2021-02-09 11:26:09.218675,2021-02-09 11:26:24.758401,0 days 00:00:15.539726,0.00016943114088038703,11,2,0.9020549670464493,20,0.11823842282730791,COMPLETE
7752,7752,0.46359447004608295,2021-02-09 11:26:24.762211,2021-02-09 11:26:35.900910,0 days 00:00:11.138699,0.00016947628308705776,11,2,0.900277524360242,20,0.10404098770198937,COMPLETE
7753,7753,0.5622119815668203,2021-02-09 11:26:35.904737,2021-02-09 11:27:06.681012,0 days 00:00:30.776275,0.00020957047453621988,11,2,0.9017385342408124,20,0.1536783904888149,COMPLETE
7754,7754,,2021-02-09 11:27:06.684847,2021-02-09 11:27:07.483527,0 days 00:00:00.798680,0.0002079115386453697,11,0,0.9000001527235649,20,0.14539379015039489,FAIL
7755,7755,,2021-02-09 11:27:07.486704,2021-02-09 11:27:08.286108,0 days 00:00:00.799404,0.0002117233260273415,11,0,0.9006297740498034,20,0.1232210638772488,FAIL
7756,7756,,2021-02-09 11:27:08.289323,2021-02-09 11:27:09.085101,0 days 00:00:00.795778,0.00017419911006391723,11,0,0.9002587457374859,20,0.12124417080373427,FAIL
7757,7757,,2021-02-09 11:27:09.090160,2021-02-09 11:27:09.907384,0 days 00:00:00.817224,0.00022456401795206736,11,0,0.9004184152281012,20,0.1517807842938698,FAIL
7758,7758,,2021-02-09 11:27:09.910647,2021-02-09 11:27:10.698033,0 days 00:00:00.787386,0.0002028841593311143,11,0,0.9006404243177,20,0.10882096878772411,FAIL
7759,7759,0.4817204301075269,2021-02-09 11:27:10.703118,2021-02-09 11:27:21.791680,0 days 00:00:11.088562,0.00016870077045856956,11,2,0.900313884034069,20,0.16906629035515894,COMPLETE
7760,7760,0.5526881720430108,2021-02-09 11:27:21.795511,2021-02-09 11:27:32.700582,0 days 00:00:10.905071,0.00022117484040945015,11,2,0.9012577709725439,20,0.35037543373608576,COMPLETE
7761,7761,,2021-02-09 11:27:32.704370,2021-02-09 11:27:33.686990,0 days 00:00:00.982620,0.00021101715454032913,11,0,0.9019724990703378,20,0.10335796294099218,FAIL
7762,7762,0.5788018433179724,2021-02-09 11:27:33.692561,2021-02-09 11:27:44.517238,0 days 00:00:10.824677,0.00021539200855776549,11,2,0.9016825448241355,20,0.09005835340082122,COMPLETE
7763,7763,0.41935483870967744,2021-02-09 11:27:44.521090,2021-02-09 11:27:55.746209,0 days 00:00:11.225119,0.0002037526707096128,11,2,0.9000359232119727,20,0.14754940473470893,COMPLETE
7764,7764,0.48202764976958523,2021-02-09 11:27:55.749997,2021-02-09 11:28:11.584026,0 days 00:00:15.834029,0.00023108884096561508,11,2,0.900013537997383,20,0.22559637063107682,COMPLETE
7765,7765,,2021-02-09 11:28:11.587831,2021-02-09 11:28:12.386902,0 days 00:00:00.799071,0.0002175993272104667,11,0,0.9018110512778291,20,0.12129994139179112,FAIL
7766,7766,,2021-02-09 11:28:12.390027,2021-02-09 11:28:13.177055,0 days 00:00:00.787028,0.0001732886012932791,11,0,0.9001726761296902,20,0.12831467159623428,FAIL
7767,7767,,2021-02-09 11:28:13.181914,2021-02-09 11:28:14.164385,0 days 00:00:00.982471,0.0002199150237364701,11,0,0.900307606648546,20,0.17477310586045552,FAIL
7768,7768,0.38678955453149,2021-02-09 11:28:14.169370,2021-02-09 11:28:25.175887,0 days 00:00:11.006517,0.00015809999633664972,11,2,0.9014713893587736,20,0.16082648500610444,COMPLETE
7769,7769,,2021-02-09 11:28:25.179703,2021-02-09 11:28:25.984226,0 days 00:00:00.804523,0.00018276464877769658,11,0,0.9005819653369082,20,0.14042592384124586,FAIL
7770,7770,,2021-02-09 11:28:25.987257,2021-02-09 11:28:26.772151,0 days 00:00:00.784894,0.00022093580902275914,11,0,0.9000383753456805,20,0.0982921939628942,FAIL
7771,7771,0.4894009216589862,2021-02-09 11:28:26.775241,2021-02-09 11:28:37.990168,0 days 00:00:11.214927,0.00020006315842562155,11,2,0.9005957416820326,20,0.12937289678305802,COMPLETE
7772,7772,,2021-02-09 11:28:37.993980,2021-02-09 11:28:38.805718,0 days 00:00:00.811738,0.0002250926860498099,11,0,0.9005424578255302,20,0.12657591866941953,FAIL
7773,7773,0.49708141321044547,2021-02-09 11:28:38.808841,2021-02-09 11:28:49.794407,0 days 00:00:10.985566,0.0001501033180324403,11,2,0.9001292637377017,20,0.10153579937810087,COMPLETE
7774,7774,,2021-02-09 11:28:49.798222,2021-02-09 11:28:50.603266,0 days 00:00:00.805044,0.00019283247393474593,11,0,0.9001429946392019,20,0.12818490618683503,FAIL
7775,7775,,2021-02-09 11:28:50.608209,2021-02-09 11:28:51.404786,0 days 00:00:00.796577,0.0002350340494768007,11,0,0.9001070208830769,20,0.09935770355894875,FAIL
7776,7776,0.41228878648233486,2021-02-09 11:28:51.409840,2021-02-09 11:29:02.413637,0 days 00:00:11.003797,0.00021911790611678765,11,2,0.9022057802108303,20,0.17685704033304395,COMPLETE
7777,7777,,2021-02-09 11:29:02.417454,2021-02-09 11:29:03.235369,0 days 00:00:00.817915,0.00014259380891883523,11,0,0.900236664928716,20,0.11941015168726066,FAIL
7778,7778,,2021-02-09 11:29:03.238310,2021-02-09 11:29:04.023067,0 days 00:00:00.784757,0.00023783326972977908,11,0,0.9003129368845867,20,0.2565159428080269,FAIL
7779,7779,0.5367127496159754,2021-02-09 11:29:04.028007,2021-02-09 11:29:24.560925,0 days 00:00:20.532918,0.00019863984363621183,11,2,0.9001807380317733,20,0.21011148881649638,COMPLETE
7780,7780,0.5751152073732719,2021-02-09 11:29:24.564789,2021-02-09 11:29:40.642769,0 days 00:00:16.077980,0.00017184313765664422,11,2,0.9002227801355515,20,0.1139888644627417,COMPLETE
7781,7781,0.6193548387096774,2021-02-09 11:29:40.646629,2021-02-09 11:29:51.673402,0 days 00:00:11.026773,0.00023172963425820294,11,2,0.9004152134600178,20,0.1870607722221546,COMPLETE
7782,7782,,2021-02-09 11:29:51.677258,2021-02-09 11:29:52.485911,0 days 00:00:00.808653,0.00022915544723637102,11,0,0.9028508137012925,20,0.27259352395290787,FAIL
7783,7783,0.41904761904761906,2021-02-09 11:29:52.489125,2021-02-09 11:30:03.475273,0 days 00:00:10.986148,0.00019842649687951093,11,2,0.9002004217056836,20,0.23614208616344243,COMPLETE
7784,7784,0.4470046082949309,2021-02-09 11:30:03.479122,2021-02-09 11:30:34.551879,0 days 00:00:31.072757,0.00019592464569560556,11,2,0.9000153776705156,20,0.023254898754107092,COMPLETE
7785,7785,0.44915514592933947,2021-02-09 11:30:34.555696,2021-02-09 11:31:00.619606,0 days 00:00:26.063910,0.00018265770703790584,11,2,0.9013149408268265,20,0.12638511406644518,COMPLETE
7786,7786,,2021-02-09 11:31:00.623464,2021-02-09 11:31:01.428596,0 days 00:00:00.805132,0.0002192109617184643,11,0,0.9002106616457664,20,0.12197077996168804,FAIL
7787,7787,0.4110599078341014,2021-02-09 11:31:01.431849,2021-02-09 11:31:12.375973,0 days 00:00:10.944124,0.00016668089417780406,11,2,0.9017592610656548,20,0.09738082674665767,COMPLETE
7788,7788,,2021-02-09 11:31:12.379812,2021-02-09 11:31:13.177143,0 days 00:00:00.797331,0.00023001199637887558,11,0,0.9017107171733116,20,0.2008958548056008,FAIL
7789,7789,0.4273425499231951,2021-02-09 11:31:13.182192,2021-02-09 11:31:23.988792,0 days 00:00:10.806600,0.0002015547970645822,11,2,0.9018574481007999,20,0.12620029816935302,COMPLETE
7790,7790,,2021-02-09 11:31:23.992725,2021-02-09 11:31:24.988131,0 days 00:00:00.995406,0.00022759680328878496,11,0,0.9028426665602928,20,0.27660658379024183,FAIL
7791,7791,,2021-02-09 11:31:24.991230,2021-02-09 11:31:25.784752,0 days 00:00:00.793522,0.00021437983081892784,11,0,0.9028461996180144,20,0.023641939336288133,FAIL
7792,7792,,2021-02-09 11:31:25.790212,2021-02-09 11:31:26.683978,0 days 00:00:00.893766,0.00022067438660422001,11,0,0.9022734735753967,20,0.11418811270472311,FAIL
7793,7793,0.43533026113671275,2021-02-09 11:31:26.687216,2021-02-09 11:31:37.666008,0 days 00:00:10.978792,0.00024389876098411778,11,2,0.9020290144728464,20,0.19299540348939448,COMPLETE
7794,7794,0.5542242703533026,2021-02-09 11:31:37.669900,2021-02-09 11:32:03.635952,0 days 00:00:25.966052,0.00023036957639373693,11,2,0.9030362318733127,20,0.25768677767002307,COMPLETE
7795,7795,0.43010752688172044,2021-02-09 11:32:03.639772,2021-02-09 11:32:14.575507,0 days 00:00:10.935735,0.0001494644314135965,11,2,0.9028048955211746,20,0.29334512837176074,COMPLETE
7796,7796,,2021-02-09 11:32:14.579340,2021-02-09 11:32:15.552448,0 days 00:00:00.973108,0.00017642934482154675,11,0,0.9009299890558197,20,0.10507717989661407,FAIL
7797,7797,0.589247311827957,2021-02-09 11:32:15.557614,2021-02-09 11:32:26.561109,0 days 00:00:11.003495,0.00014853352713540936,11,2,0.9012175171821781,20,0.11947069261726893,COMPLETE
7798,7798,0.4076804915514593,2021-02-09 11:32:26.564958,2021-02-09 11:32:37.533120,0 days 00:00:10.968162,0.0001782365834443054,11,2,0.9031799219887253,20,0.19995212705139376,COMPLETE
7799,7799,0.6116743471582181,2021-02-09 11:32:37.536964,2021-02-09 11:32:48.293434,0 days 00:00:10.756470,0.00022378803616896338,11,2,0.9003432627591048,20,0.2156668463873372,COMPLETE
7800,7800,,2021-02-09 11:32:48.297293,2021-02-09 11:32:58.964818,0 days 00:00:10.667525,0.0001417387925089882,11,2,0.9003264860706388,20,0.10752955571675342,FAIL
7801,7801,0.40337941628264207,2021-02-09 11:32:58.968734,2021-02-09 11:33:10.191313,0 days 00:00:11.222579,0.00018157628895065577,11,2,0.9026414220007675,20,0.19292509580307082,COMPLETE
7802,7802,,2021-02-09 11:33:10.195173,2021-02-09 11:33:11.006016,0 days 00:00:00.810843,0.00013410808581337263,11,0,0.9009984962079064,20,0.11000628061675843,FAIL
7803,7803,0.38771121351766513,2021-02-09 11:33:11.011154,2021-02-09 11:33:22.030263,0 days 00:00:11.019109,0.00014693595778648828,11,2,0.9001005323319154,20,0.09935068901375417,COMPLETE
7804,7804,,2021-02-09 11:33:22.034121,2021-02-09 11:33:22.843022,0 days 00:00:00.808901,0.0001504582744592107,11,0,0.901608754241521,20,0.11357251604130927,FAIL
7805,7805,,2021-02-09 11:33:22.848113,2021-02-09 11:33:23.650141,0 days 00:00:00.802028,0.0001697336830397815,11,0,0.9001030470246281,20,0.11227925376656014,FAIL
7806,7806,,2021-02-09 11:33:23.655068,2021-02-09 11:33:24.440682,0 days 00:00:00.785614,0.0001446926778800305,11,0,0.9015212408420245,20,0.11093702873652687,FAIL
7807,7807,,2021-02-09 11:33:24.443656,2021-02-09 11:33:25.233151,0 days 00:00:00.789495,0.00014463400262154646,11,0,0.90000267786225,20,0.23749837126188197,FAIL
7808,7808,0.41566820276497696,2021-02-09 11:33:25.238061,2021-02-09 11:33:40.747502,0 days 00:00:15.509441,0.00014554811648205706,11,2,0.9016333835029525,20,0.11626263542619969,COMPLETE
7809,7809,,2021-02-09 11:33:40.751342,2021-02-09 11:33:41.561323,0 days 00:00:00.809981,0.0001863529973090186,11,0,0.9002246209550615,20,0.05109553794332962,FAIL
7810,7810,0.5403993855606759,2021-02-09 11:33:41.564413,2021-02-09 11:34:01.737627,0 days 00:00:20.173214,0.0001418645251986948,11,2,0.9011232047384938,20,0.05043660589201966,COMPLETE
