,number,value,datetime_start,datetime_complete,duration,params_lr,params_nl2,params_num_ct,params_scheduler_gamma,params_sigma2,params_weight_decay,state
2558,2558,,2021-02-08 21:54:29.015363,2021-02-08 21:54:29.797375,0 days 00:00:00.782012,7.216828194554497e-05,9,0,0.9347002006384404,20,0.026969388107560412,FAIL
2559,2559,0.4525345622119816,2021-02-08 21:54:29.798427,2021-02-08 21:54:40.526505,0 days 00:00:10.728078,7.708173533450594e-05,9,4,0.9544207164287019,20,0.015034657320970287,COMPLETE
2560,2560,,2021-02-08 21:54:40.528049,2021-02-08 21:54:41.224047,0 days 00:00:00.695998,0.0004312052953118387,17,0,0.9836222233935139,18,0.02644382505724511,FAIL
2561,2561,,2021-02-08 21:54:41.225881,2021-02-08 21:54:41.911917,0 days 00:00:00.686036,2.1674521407652154e-05,17,0,0.9838020724906714,18,0.027138588530281713,FAIL
2562,2562,,2021-02-08 21:54:41.913737,2021-02-08 21:54:42.639394,0 days 00:00:00.725657,0.00038720340006925726,17,0,0.9723136058533758,18,0.04153195685265418,FAIL
2563,2563,,2021-02-08 21:54:42.640435,2021-02-08 21:54:43.310849,0 days 00:00:00.670414,0.00043291887399187905,17,0,0.9337232225773524,18,0.026148120118301865,FAIL
2564,2564,,2021-02-08 21:54:43.311871,2021-02-08 21:54:43.964301,0 days 00:00:00.652430,0.0004111766470095419,17,0,0.9721770244120788,18,0.026759171386802304,FAIL
2565,2565,,2021-02-08 21:54:43.965336,2021-02-08 21:54:44.784371,0 days 00:00:00.819035,0.00042118377721021084,17,0,0.984246168089453,18,0.026638193494239255,FAIL
2566,2566,,2021-02-08 21:54:44.785460,2021-02-08 21:54:45.448926,0 days 00:00:00.663466,0.00015421884933798446,17,0,0.9839400627620267,18,0.02642839228337195,FAIL
2567,2567,,2021-02-08 21:54:45.449997,2021-02-08 21:54:46.102684,0 days 00:00:00.652687,0.0006185066928811753,17,0,0.972133987118342,18,0.04261084752950939,FAIL
2568,2568,,2021-02-08 21:54:46.103732,2021-02-08 21:54:46.766106,0 days 00:00:00.662374,1.8960486662681086e-05,17,0,0.9342429512196263,18,0.04090412536247807,FAIL
2569,2569,,2021-02-08 21:54:46.767149,2021-02-08 21:54:47.431171,0 days 00:00:00.664022,0.00044758341647821914,17,0,0.9786499682019099,18,0.0267002264732026,FAIL
2570,2570,,2021-02-08 21:54:47.432228,2021-02-08 21:54:48.088540,0 days 00:00:00.656312,1.8952648784510227e-05,17,0,0.9841291825767549,18,0.04220189972703735,FAIL
2571,2571,,2021-02-08 21:54:48.089609,2021-02-08 21:54:48.742908,0 days 00:00:00.653299,0.00046085406870392006,17,0,0.9427634905906129,18,0.02720714598967887,FAIL
2572,2572,,2021-02-08 21:54:48.743985,2021-02-08 21:54:49.404009,0 days 00:00:00.660024,0.0004390678688869945,17,0,0.9603423064177457,18,0.041645773381332594,FAIL
2573,2573,,2021-02-08 21:54:49.405141,2021-02-08 21:54:50.213087,0 days 00:00:00.807946,2.0156682443244014e-05,17,0,0.9838725562196278,18,0.04103753019479533,FAIL
2574,2574,,2021-02-08 21:54:50.214966,2021-02-08 21:54:50.890344,0 days 00:00:00.675378,0.00044435643070528017,13,0,0.93403172338045,18,0.04272009515807231,FAIL
2575,2575,,2021-02-08 21:54:50.891479,2021-02-08 21:54:51.564067,0 days 00:00:00.672588,2.0204553037015205e-05,17,0,0.9428456896924485,18,0.026035636019526288,FAIL
2576,2576,,2021-02-08 21:54:51.565943,2021-02-08 21:54:52.253773,0 days 00:00:00.687830,1.936060249888733e-05,13,0,0.9420031212267929,18,0.02666265505398192,FAIL
2577,2577,,2021-02-08 21:54:52.255636,2021-02-08 21:54:52.936228,0 days 00:00:00.680592,0.0004191983151945736,17,0,0.9337589736122771,18,0.04324115752739419,FAIL
2578,2578,,2021-02-08 21:54:52.938082,2021-02-08 21:54:53.608704,0 days 00:00:00.670622,1.0094880420423998e-05,17,0,0.9627184316303384,18,0.026676837105939724,FAIL
2579,2579,,2021-02-08 21:54:53.610556,2021-02-08 21:54:54.317814,0 days 00:00:00.707258,0.0004115177851522459,17,0,0.9342028100765171,18,0.02667335140595981,FAIL
2580,2580,,2021-02-08 21:54:54.319657,2021-02-08 21:54:55.013921,0 days 00:00:00.694264,0.00015094613969093428,17,0,0.9337086675151798,18,0.02660067271589715,FAIL
2581,2581,,2021-02-08 21:54:55.014980,2021-02-08 21:54:55.678568,0 days 00:00:00.663588,0.00042198422773158964,17,0,0.9358395383962934,18,0.027137124250077024,FAIL
2582,2582,,2021-02-08 21:54:55.680365,2021-02-08 21:54:56.505271,0 days 00:00:00.824906,0.00042993713066982086,17,0,0.9425155200464186,18,0.02717446776669528,FAIL
2583,2583,0.5219662058371736,2021-02-08 21:54:56.507157,2021-02-08 21:55:17.029800,0 days 00:00:20.522643,0.0003912577386361779,17,2,0.9712055048427575,18,0.026698975765241637,COMPLETE
2584,2584,,2021-02-08 21:55:17.031353,2021-02-08 21:55:17.689195,0 days 00:00:00.657842,0.00016308338043793786,13,0,0.9423728395087321,20,0.04153087689622066,FAIL
2585,2585,,2021-02-08 21:55:17.691063,2021-02-08 21:55:18.414814,0 days 00:00:00.723751,0.0006446295732483048,13,0,0.9325306096644852,20,0.030945508123215514,FAIL
2586,2586,,2021-02-08 21:55:18.415886,2021-02-08 21:55:19.077675,0 days 00:00:00.661789,0.0006214132857325639,13,0,0.9341712357193226,20,0.0234826331416782,FAIL
2587,2587,,2021-02-08 21:55:19.078745,2021-02-08 21:55:19.746598,0 days 00:00:00.667853,0.00015281128727275632,13,0,0.9420147323001907,20,0.04206338227165108,FAIL
2588,2588,,2021-02-08 21:55:19.748586,2021-02-08 21:55:20.457649,0 days 00:00:00.709063,0.0001490651172766245,13,0,0.9346137503849524,20,0.030256484178641223,FAIL
2589,2589,,2021-02-08 21:55:20.458709,2021-02-08 21:55:21.234594,0 days 00:00:00.775885,1.8579610655896566e-05,13,0,0.9338266214393295,20,0.024184979304008366,FAIL
2590,2590,,2021-02-08 21:55:21.235664,2021-02-08 21:55:21.886423,0 days 00:00:00.650759,0.00016001421074839965,13,0,0.9789459322339936,20,0.04254890941703106,FAIL
2591,2591,,2021-02-08 21:55:21.887499,2021-02-08 21:55:22.537897,0 days 00:00:00.650398,0.00016028555265440144,9,0,0.9601462258273156,20,0.023399753626835367,FAIL
2592,2592,,2021-02-08 21:55:22.538954,2021-02-08 21:55:23.191842,0 days 00:00:00.652888,5.403309384307379e-05,13,0,0.9602821544565825,20,0.04004017605880537,FAIL
2593,2593,,2021-02-08 21:55:23.193720,2021-02-08 21:55:23.863031,0 days 00:00:00.669311,3.3126110844250724e-05,13,0,0.9431040251694021,20,0.02351656409900477,FAIL
2594,2594,,2021-02-08 21:55:23.864875,2021-02-08 21:55:24.532017,0 days 00:00:00.667142,5.284879874789965e-05,13,0,0.9843882194691872,20,0.030682750228405276,FAIL
2595,2595,,2021-02-08 21:55:24.533048,2021-02-08 21:55:25.179559,0 days 00:00:00.646511,1.9489466537079743e-05,9,0,0.9834177279328089,20,0.04261500153465063,FAIL
2596,2596,,2021-02-08 21:55:25.180628,2021-02-08 21:55:25.835824,0 days 00:00:00.655196,2.0857315771152916e-05,13,0,0.9430431148048499,20,0.023385078707532862,FAIL
2597,2597,,2021-02-08 21:55:25.837033,2021-02-08 21:55:26.634198,0 days 00:00:00.797165,0.00016506440159275992,13,0,0.9838038932745506,20,0.04067836986311079,FAIL
2598,2598,,2021-02-08 21:55:26.636054,2021-02-08 21:55:27.302700,0 days 00:00:00.666646,3.592295940117157e-05,9,0,0.9789671562785301,20,0.057294568104499316,FAIL
2599,2599,,2021-02-08 21:55:27.303838,2021-02-08 21:55:27.962085,0 days 00:00:00.658247,0.00014786730628899147,13,0,0.9604236731236953,20,0.02330378818713118,FAIL
2600,2600,,2021-02-08 21:55:27.963151,2021-02-08 21:55:28.626836,0 days 00:00:00.663685,2.0807412363998063e-05,13,0,0.983726234296611,20,0.02392597029309546,FAIL
2601,2601,,2021-02-08 21:55:28.627931,2021-02-08 21:55:29.279187,0 days 00:00:00.651256,0.0001623862642638281,13,0,0.9323426563570245,20,0.042688137033025056,FAIL
2602,2602,,2021-02-08 21:55:29.281025,2021-02-08 21:55:29.957510,0 days 00:00:00.676485,2.1097646036231918e-05,13,0,0.9838699628652997,20,0.040047258779395564,FAIL
2603,2603,,2021-02-08 21:55:29.958634,2021-02-08 21:55:30.616377,0 days 00:00:00.657743,2.0346622682188677e-05,13,0,0.9331629746073989,20,0.023330529727938018,FAIL
2604,2604,,2021-02-08 21:55:30.618230,2021-02-08 21:55:31.290130,0 days 00:00:00.671900,0.00016034174770052266,13,0,0.9627511616118135,20,0.023881964124653828,FAIL
2605,2605,,2021-02-08 21:55:31.291196,2021-02-08 21:55:31.933717,0 days 00:00:00.642521,2.0149898847315568e-05,13,0,0.9600778546952056,20,0.023599634920057164,FAIL
2606,2606,,2021-02-08 21:55:31.935539,2021-02-08 21:55:32.758043,0 days 00:00:00.822504,1.9904710854632568e-05,13,0,0.9343286252247467,20,0.04323438593323739,FAIL
2607,2607,,2021-02-08 21:55:32.759161,2021-02-08 21:55:33.415186,0 days 00:00:00.656025,1.9505772468136078e-05,13,0,0.9791740020691782,20,0.023328917073434614,FAIL
2608,2608,0.4675883256528418,2021-02-08 21:55:33.417053,2021-02-08 21:55:44.538478,0 days 00:00:11.121425,1.8537862885008667e-05,13,8,0.9563706084265567,20,0.023206118712989568,COMPLETE
2609,2609,,2021-02-08 21:55:44.540050,2021-02-08 21:55:45.235334,0 days 00:00:00.695284,0.0006051567065959602,7,0,0.9626238854321438,16,0.042690303366463934,FAIL
2610,2610,,2021-02-08 21:55:45.236434,2021-02-08 21:55:45.902714,0 days 00:00:00.666280,0.0006185365910376443,7,0,0.9793230738496458,16,0.030649616713814304,FAIL
2611,2611,,2021-02-08 21:55:45.903763,2021-02-08 21:55:46.559778,0 days 00:00:00.656015,0.0006950754408794472,7,0,0.9604735685907778,16,0.041805781092105455,FAIL
2612,2612,,2021-02-08 21:55:46.560815,2021-02-08 21:55:47.227971,0 days 00:00:00.667156,0.0006368008873197785,7,0,0.9603170374876973,16,0.04381866548442037,FAIL
2613,2613,,2021-02-08 21:55:47.229066,2021-02-08 21:55:48.031820,0 days 00:00:00.802754,0.0001586282867791307,7,0,0.9413988603503353,16,0.04149866258643433,FAIL
2614,2614,,2021-02-08 21:55:48.032934,2021-02-08 21:55:48.688986,0 days 00:00:00.656052,1.0075411816889345e-05,7,0,0.9601770861074002,16,0.0304379449885304,FAIL
2615,2615,,2021-02-08 21:55:48.690043,2021-02-08 21:55:49.347055,0 days 00:00:00.657012,3.7584049241275816e-05,7,0,0.962840369974717,16,0.030620171101909944,FAIL
2616,2616,,2021-02-08 21:55:49.348133,2021-02-08 21:55:50.009313,0 days 00:00:00.661180,0.00014837334161961808,7,0,0.9600775660378117,16,0.03045417390638858,FAIL
2617,2617,,2021-02-08 21:55:50.010375,2021-02-08 21:55:50.678073,0 days 00:00:00.667698,0.0006315002971370846,7,0,0.9429644017247351,16,0.03021642475307553,FAIL
2618,2618,,2021-02-08 21:55:50.679168,2021-02-08 21:55:51.334979,0 days 00:00:00.655811,0.0001492906037185913,7,0,0.9832606677883655,16,0.030119852717415622,FAIL
2619,2619,,2021-02-08 21:55:51.336054,2021-02-08 21:55:51.987203,0 days 00:00:00.651149,5.1880155580177754e-05,7,0,0.9833539497218163,16,0.04165404556960968,FAIL
2620,2620,,2021-02-08 21:55:51.989057,2021-02-08 21:55:52.662214,0 days 00:00:00.673157,0.0006206947032641854,7,0,0.9663779588542245,16,0.031163244781291094,FAIL
2621,2621,,2021-02-08 21:55:52.663368,2021-02-08 21:55:53.313177,0 days 00:00:00.649809,3.662334057281347e-05,7,0,0.9359222627984948,16,0.030741778269379447,FAIL
2622,2622,,2021-02-08 21:55:53.314212,2021-02-08 21:55:54.106548,0 days 00:00:00.792336,0.0006109256976848036,7,0,0.9839435767062119,16,0.04378460220375499,FAIL
2623,2623,,2021-02-08 21:55:54.108393,2021-02-08 21:55:54.770908,0 days 00:00:00.662515,5.488283390853248e-05,7,0,0.9600329049133789,16,0.030137006009102487,FAIL
2624,2624,,2021-02-08 21:55:54.772720,2021-02-08 21:55:55.443115,0 days 00:00:00.670395,0.00013497143551503108,7,0,0.9596231101370165,16,0.041758504571957844,FAIL
2625,2625,,2021-02-08 21:55:55.444944,2021-02-08 21:55:56.139074,0 days 00:00:00.694130,3.751576875820284e-05,7,0,0.9601229506791658,16,0.031204225104909295,FAIL
2626,2626,,2021-02-08 21:55:56.140973,2021-02-08 21:55:56.827633,0 days 00:00:00.686660,0.0001541689167686787,19,0,0.9319592186570416,16,0.030172538417190812,FAIL
2627,2627,,2021-02-08 21:55:56.829489,2021-02-08 21:55:57.489675,0 days 00:00:00.660186,0.00013869152418312885,7,0,0.9597305422473389,16,0.0412173029631171,FAIL
2628,2628,,2021-02-08 21:55:57.490797,2021-02-08 21:55:58.159851,0 days 00:00:00.669054,3.546298861548701e-05,7,0,0.9423391396210938,16,0.030871419976227724,FAIL
2629,2629,,2021-02-08 21:55:58.161656,2021-02-08 21:55:58.831192,0 days 00:00:00.669536,1.0004893863819328e-05,7,0,0.9349783594946693,16,0.04219377560833458,FAIL
2630,2630,,2021-02-08 21:55:58.833031,2021-02-08 21:55:59.639143,0 days 00:00:00.806112,0.0006185114766912175,7,0,0.9354441266889267,16,0.029564206975894486,FAIL
2631,2631,,2021-02-08 21:55:59.640958,2021-02-08 21:56:00.324960,0 days 00:00:00.684002,0.00017604813089905382,7,0,0.9604906624056934,16,0.04347719085441888,FAIL
2632,2632,0.39508448540706603,2021-02-08 21:56:00.326104,2021-02-08 21:56:11.386010,0 days 00:00:11.059906,3.4246560471976064e-05,7,4,0.9351131506983006,16,0.0427202602354556,COMPLETE
2633,2633,,2021-02-08 21:56:11.387596,2021-02-08 21:56:12.070826,0 days 00:00:00.683230,0.0004666524857403915,9,0,0.9661058851722395,14,0.2428162668685139,FAIL
2634,2634,,2021-02-08 21:56:12.072719,2021-02-08 21:56:12.761417,0 days 00:00:00.688698,0.00043311840851374884,9,0,0.9601662909495808,14,0.32840659048130055,FAIL
2635,2635,,2021-02-08 21:56:12.763299,2021-02-08 21:56:13.448968,0 days 00:00:00.685669,0.0004441640623414045,9,0,0.9663727477700969,14,0.2678207529860421,FAIL
2636,2636,,2021-02-08 21:56:13.450108,2021-02-08 21:56:14.107152,0 days 00:00:00.657044,0.0006621138530720811,9,0,0.9606225758476836,14,0.18795009251812528,FAIL
2637,2637,,2021-02-08 21:56:14.108229,2021-02-08 21:56:14.910841,0 days 00:00:00.802612,0.0006681978577562641,9,0,0.9662344263571553,14,0.1594250428138454,FAIL
2638,2638,,2021-02-08 21:56:14.912721,2021-02-08 21:56:15.637566,0 days 00:00:00.724845,0.0006692227986999308,9,0,0.966718157513641,14,0.21250410629848288,FAIL
2639,2639,0.4110599078341014,2021-02-08 21:56:15.638641,2021-02-08 21:56:26.369752,0 days 00:00:10.731111,0.0006211934996923309,9,4,0.966265863548408,14,0.17363868670388027,COMPLETE
2640,2640,,2021-02-08 21:56:26.371314,2021-02-08 21:56:27.047415,0 days 00:00:00.676101,0.00044172198261672785,5,0,0.9625461360513974,14,0.2431337453253716,FAIL
2641,2641,,2021-02-08 21:56:27.048575,2021-02-08 21:56:27.702898,0 days 00:00:00.654323,0.00040427065824976435,5,0,0.9630915380416961,14,0.31615042859505815,FAIL
2642,2642,,2021-02-08 21:56:27.703996,2021-02-08 21:56:28.373983,0 days 00:00:00.669987,0.0009460740738455087,5,0,0.9627698595926447,14,0.2536000754742308,FAIL
2643,2643,,2021-02-08 21:56:28.375073,2021-02-08 21:56:29.035928,0 days 00:00:00.660855,0.0001562169165567278,5,0,0.9605457328496481,14,0.05651145663434488,FAIL
2644,2644,,2021-02-08 21:56:29.036998,2021-02-08 21:56:29.828389,0 days 00:00:00.791391,0.00045974677297449927,5,0,0.9592532761959113,14,0.3555765461890797,FAIL
2645,2645,0.5023041474654378,2021-02-08 21:56:29.829472,2021-02-08 21:56:40.562333,0 days 00:00:10.732861,0.0007675726895415862,5,4,0.9595178222957498,14,0.34497961208848665,COMPLETE
2646,2646,,2021-02-08 21:56:40.563938,2021-02-08 21:56:41.245981,0 days 00:00:00.682043,0.0004351553779241733,7,0,0.9627855950908785,14,0.0994734475197566,FAIL
2647,2647,0.5913978494623656,2021-02-08 21:56:41.247159,2021-02-08 21:56:52.273493,0 days 00:00:11.026334,0.0010681394687530293,7,4,0.9619133806405855,14,0.11456925745051325,COMPLETE
2648,2648,,2021-02-08 21:56:52.275077,2021-02-08 21:56:52.944064,0 days 00:00:00.668987,0.00040262321436077496,9,0,0.9637958598799112,14,0.062206666402326,FAIL
2649,2649,,2021-02-08 21:56:52.945221,2021-02-08 21:56:53.614946,0 days 00:00:00.669725,0.0004552144583715416,9,0,0.9633952246453686,12,0.21538238581179545,FAIL
2650,2650,,2021-02-08 21:56:53.616010,2021-02-08 21:56:54.409160,0 days 00:00:00.793150,0.00016253338373094318,9,0,0.9787319669239318,14,0.2323289645037837,FAIL
2651,2651,,2021-02-08 21:56:54.411096,2021-02-08 21:56:55.108261,0 days 00:00:00.697165,0.00016506151260540638,9,0,0.9635067263252692,12,0.23840209779874255,FAIL
2652,2652,,2021-02-08 21:56:55.109444,2021-02-08 21:56:55.778569,0 days 00:00:00.669125,0.00017007025249293878,9,0,0.9629572871249655,14,0.26058240718154224,FAIL
2653,2653,,2021-02-08 21:56:55.779770,2021-02-08 21:56:56.443626,0 days 00:00:00.663856,0.0005085478528283358,9,0,0.9633925391439249,12,0.26097071884540196,FAIL
2654,2654,,2021-02-08 21:56:56.444798,2021-02-08 21:56:57.100580,0 days 00:00:00.655782,0.00017447834991722995,9,0,0.9635385998687852,14,0.030144688008349265,FAIL
2655,2655,,2021-02-08 21:56:57.101630,2021-02-08 21:56:57.772159,0 days 00:00:00.670529,0.00041570964931054495,9,0,0.963505608876916,12,0.09321633424846712,FAIL
2656,2656,,2021-02-08 21:56:57.774068,2021-02-08 21:56:58.442929,0 days 00:00:00.668861,0.00045079911961441656,9,0,0.963472179424061,12,0.030695593184520007,FAIL
2657,2657,,2021-02-08 21:56:58.443992,2021-02-08 21:56:59.112801,0 days 00:00:00.668809,0.00044006401235650985,9,0,0.9636145125269109,12,0.23218882702908128,FAIL
2658,2658,,2021-02-08 21:56:59.113925,2021-02-08 21:56:59.775489,0 days 00:00:00.661564,0.0001660133517642361,9,0,0.9637065614667459,12,0.2537341833844376,FAIL
2659,2659,,2021-02-08 21:56:59.776573,2021-02-08 21:57:00.575204,0 days 00:00:00.798631,0.00013431766421162636,9,0,0.9689443565237513,12,0.22208046989135138,FAIL
2660,2660,,2021-02-08 21:57:00.576260,2021-02-08 21:57:01.239820,0 days 00:00:00.663560,0.000462944052017823,9,0,0.9635104279228002,12,0.058170829629845114,FAIL
2661,2661,,2021-02-08 21:57:01.241709,2021-02-08 21:57:01.915589,0 days 00:00:00.673880,0.0004160575992499349,9,0,0.9633307512595518,14,0.05081246429197169,FAIL
2662,2662,,2021-02-08 21:57:01.916655,2021-02-08 21:57:02.581592,0 days 00:00:00.664937,0.00014095980301358143,9,0,0.9637500973643375,12,0.1454084692116908,FAIL
2663,2663,0.4915514592933948,2021-02-08 21:57:02.582667,2021-02-08 21:57:13.642448,0 days 00:00:11.059781,0.0001842572112014918,9,6,0.9639262198510287,12,0.03041786112221447,COMPLETE
2664,2664,,2021-02-08 21:57:13.644037,2021-02-08 21:57:14.302147,0 days 00:00:00.658110,0.0003760557497341476,7,0,0.9840315973581081,14,0.09557607603518273,FAIL
2665,2665,,2021-02-08 21:57:14.303967,2021-02-08 21:57:14.998703,0 days 00:00:00.694736,0.00040725960621284434,7,0,0.9833788465701674,14,0.14669017430973386,FAIL
2666,2666,,2021-02-08 21:57:15.000533,2021-02-08 21:57:15.791980,0 days 00:00:00.791447,0.00042388559122686774,7,0,0.9785944289527339,14,0.13199597427574206,FAIL
2667,2667,0.3763440860215054,2021-02-08 21:57:15.793890,2021-02-08 21:57:46.215251,0 days 00:00:30.421361,0.00041607733043642914,7,2,0.9837670395749089,14,0.10317889248384789,COMPLETE
2668,2668,,2021-02-08 21:57:46.216827,2021-02-08 21:57:46.891057,0 days 00:00:00.674230,0.00013668785612274393,15,0,0.969621656805818,14,0.07445307338524101,FAIL
2669,2669,,2021-02-08 21:57:46.892874,2021-02-08 21:57:47.575434,0 days 00:00:00.682560,5.287968204079967e-05,15,0,0.9795319756509064,14,0.255066809078396,FAIL
2670,2670,0.43717357910906296,2021-02-08 21:57:47.576585,2021-02-08 21:57:58.388950,0 days 00:00:10.812365,0.0009082544594502929,15,4,0.9792858077407626,14,0.05569294650470346,COMPLETE
2671,2671,,2021-02-08 21:57:58.390533,2021-02-08 21:57:59.056692,0 days 00:00:00.666159,0.0005133741537636085,11,0,0.9693221908728326,16,0.2285096640627073,FAIL
2672,2672,,2021-02-08 21:57:59.057753,2021-02-08 21:57:59.842671,0 days 00:00:00.784918,5.5321197966630794e-05,11,0,0.9690868911161646,16,0.2533985341159454,FAIL
2673,2673,,2021-02-08 21:57:59.843793,2021-02-08 21:58:00.486901,0 days 00:00:00.643108,0.00013385888831608773,11,0,0.9679085701098896,16,0.14089091974408643,FAIL
2674,2674,,2021-02-08 21:58:00.487968,2021-02-08 21:58:01.137266,0 days 00:00:00.649298,0.0005668163271805238,11,0,0.96858914468732,16,0.039015398878648896,FAIL
2675,2675,,2021-02-08 21:58:01.138370,2021-02-08 21:58:01.801005,0 days 00:00:00.662635,0.00013793383527408064,11,0,0.9533880639929995,16,0.13336138630770644,FAIL
2676,2676,,2021-02-08 21:58:01.802942,2021-02-08 21:58:02.479670,0 days 00:00:00.676728,1.3230736697624393e-05,11,0,0.9686460222897375,16,0.13866244444145936,FAIL
2677,2677,,2021-02-08 21:58:02.481569,2021-02-08 21:58:03.173669,0 days 00:00:00.692100,0.0004808895076564814,11,0,0.9686452091392237,16,0.1503507976930892,FAIL
2678,2678,,2021-02-08 21:58:03.174770,2021-02-08 21:58:03.849122,0 days 00:00:00.674352,0.00014224794545960524,11,0,0.9730006346365103,16,0.2642255504431429,FAIL
2679,2679,,2021-02-08 21:58:03.851068,2021-02-08 21:58:04.541633,0 days 00:00:00.690565,0.0005192660072819534,11,0,0.9530251886191696,16,0.05072292392463641,FAIL
2680,2680,,2021-02-08 21:58:04.543502,2021-02-08 21:58:05.338823,0 days 00:00:00.795321,0.00013866272012627324,11,0,0.969416678491729,16,0.07507732875246576,FAIL
2681,2681,,2021-02-08 21:58:05.339935,2021-02-08 21:58:06.005805,0 days 00:00:00.665870,5.356642594892337e-05,11,0,0.9677921141178077,16,0.26384474615981973,FAIL
2682,2682,,2021-02-08 21:58:06.006962,2021-02-08 21:58:06.676375,0 days 00:00:00.669413,5.3658490103668776e-05,11,0,0.9687457988982074,16,0.23138642586673572,FAIL
2683,2683,,2021-02-08 21:58:06.678225,2021-02-08 21:58:07.400799,0 days 00:00:00.722574,0.00015074339329072516,11,0,0.9725451472811539,16,0.24086625849622273,FAIL
2684,2684,,2021-02-08 21:58:07.402717,2021-02-08 21:58:08.090265,0 days 00:00:00.687548,0.00013051584266931556,11,0,0.9694790864055675,16,0.04996596426958559,FAIL
2685,2685,,2021-02-08 21:58:08.092201,2021-02-08 21:58:08.774532,0 days 00:00:00.682331,0.00012679584988048486,11,0,0.9725739316881846,16,0.07399906177493719,FAIL
2686,2686,,2021-02-08 21:58:08.776425,2021-02-08 21:58:09.476664,0 days 00:00:00.700239,0.00014851496910914285,11,0,0.9422703030257428,16,0.1343983978452599,FAIL
2687,2687,,2021-02-08 21:58:09.477791,2021-02-08 21:58:10.133438,0 days 00:00:00.655647,0.00014142990487950712,11,0,0.9420743558798007,16,0.04893417799169143,FAIL
2688,2688,,2021-02-08 21:58:10.135341,2021-02-08 21:58:10.925880,0 days 00:00:00.790539,0.00013529185722328558,11,0,0.9695153960921502,16,0.048999679607366654,FAIL
2689,2689,0.6036866359447005,2021-02-08 21:58:10.927811,2021-02-08 21:58:21.492460,0 days 00:00:10.564649,0.00013535765048894405,11,2,0.9694704298820495,16,0.06223215942606052,COMPLETE
2690,2690,,2021-02-08 21:58:21.494075,2021-02-08 21:58:22.188725,0 days 00:00:00.694650,5.407751019378394e-05,17,0,0.9672391528288986,20,0.13212602104267476,FAIL
