,number,value,datetime_start,datetime_complete,duration,params_lr,params_scheduler_gamma,params_weight_decay,state
889,889,0.5815668202764976,2021-02-07 01:18:42.324540,2021-02-07 01:18:53.334935,0 days 00:00:11.010395,0.06389471759997138,0.9374304235137816,0.2658973494235723,COMPLETE
890,890,0.500768049155146,2021-02-07 01:18:53.335660,2021-02-07 01:19:04.498031,0 days 00:00:11.162371,0.03217004088381308,0.9424731899832494,0.18125687987431535,COMPLETE
891,891,0.5757296466973887,2021-02-07 01:19:04.498788,2021-02-07 01:19:20.233659,0 days 00:00:15.734871,0.048954316849488186,0.9481037363558629,0.020923529061216174,COMPLETE
892,892,0.5646697388632872,2021-02-07 01:19:20.234395,2021-02-07 01:19:31.163310,0 days 00:00:10.928915,0.02369560487094114,0.9523126434461535,0.011493834723329911,COMPLETE
893,893,0.605837173579109,2021-02-07 01:19:31.164035,2021-02-07 01:19:47.067395,0 days 00:00:15.903360,0.03334014900022548,0.9450816342896368,0.017066393074705886,COMPLETE
894,894,0.5622119815668203,2021-02-07 01:19:47.068130,2021-02-07 01:19:57.968526,0 days 00:00:10.900396,0.01953478316688954,0.9350371756835134,0.20664617965152135,COMPLETE
895,895,0.6039938556067588,2021-02-07 01:19:57.969261,2021-02-07 01:20:13.841828,0 days 00:00:15.872567,0.027662685929236493,0.9409895202701928,0.29698796665247,COMPLETE
896,896,0.5259600614439324,2021-02-07 01:20:13.842556,2021-02-07 01:20:24.420706,0 days 00:00:10.578150,1.830382944717812e-05,0.954826929321307,0.23274126983848828,COMPLETE
897,897,0.6119815668202765,2021-02-07 01:20:24.421442,2021-02-07 01:20:40.070232,0 days 00:00:15.648790,0.041522487020619586,0.9435520266783767,0.16567538154685157,COMPLETE
898,898,0.556989247311828,2021-02-07 01:20:40.070989,2021-02-07 01:20:55.870062,0 days 00:00:15.799073,0.05134235660763166,0.9387493280590602,0.25845525570318423,COMPLETE
899,899,0.5016897081413211,2021-02-07 01:20:55.870821,2021-02-07 01:21:11.591106,0 days 00:00:15.720285,0.0717210692328811,0.9469127927571547,0.1916564080139943,COMPLETE
900,900,0.48141321044546853,2021-02-07 01:21:11.591836,2021-02-07 01:21:27.538008,0 days 00:00:15.946172,0.039418686286086184,0.9499826484607292,0.15862620836066885,COMPLETE
901,901,0.5864823348694317,2021-02-07 01:21:27.538749,2021-02-07 01:21:48.855476,0 days 00:00:21.316727,0.029344754290475707,0.9415308664229077,0.21832257112073286,COMPLETE
902,902,0.5834101382488479,2021-02-07 01:21:48.856221,2021-02-07 01:21:59.906099,0 days 00:00:11.049878,0.02390889019662266,0.9452791971858695,0.361993826618172,COMPLETE
903,903,0.5996927803379416,2021-02-07 01:21:59.906849,2021-02-07 01:22:15.613193,0 days 00:00:15.706344,0.05598992892198359,0.9435524737553191,0.31450737603205164,COMPLETE
904,904,0.61321044546851,2021-02-07 01:22:15.613928,2021-02-07 01:22:26.744404,0 days 00:00:11.130476,0.034628071067296325,0.9367026883271381,0.2745774225076322,COMPLETE
905,905,0.5794162826420891,2021-02-07 01:22:26.745145,2021-02-07 01:22:37.717116,0 days 00:00:10.971971,0.018230983422984327,0.9514779507936242,0.25197425396271766,COMPLETE
906,906,0.5548387096774193,2021-02-07 01:22:37.717849,2021-02-07 01:22:53.827938,0 days 00:00:16.110089,0.04541510899499797,0.9396765757878524,0.1820937810509974,COMPLETE
907,907,0.549615975422427,2021-02-07 01:22:53.828675,2021-02-07 01:23:04.415475,0 days 00:00:10.586800,0.013295785402068421,0.9475349600483303,0.022797236787839847,COMPLETE
908,908,0.5910906298003072,2021-02-07 01:23:04.416208,2021-02-07 01:23:20.442329,0 days 00:00:16.026121,0.035655697246675624,0.9411926321191684,0.23535022854797363,COMPLETE
909,909,0.5342549923195085,2021-02-07 01:23:20.443092,2021-02-07 01:23:31.222687,0 days 00:00:10.779595,0.027500088094533047,0.9426384384431539,0.17122672420973883,COMPLETE
910,910,0.5972350230414747,2021-02-07 01:23:31.223427,2021-02-07 01:23:52.451997,0 days 00:00:21.228570,0.06398674752441509,0.945406941083271,0.19996158407440054,COMPLETE
911,911,0.5745007680491552,2021-02-07 01:23:52.452728,2021-02-07 01:24:08.437881,0 days 00:00:15.985153,0.023685202587303177,0.9483744837785745,0.29098102695594225,COMPLETE
912,912,0.5145929339477726,2021-02-07 01:24:08.438625,2021-02-07 01:24:19.306472,0 days 00:00:10.867847,0.04453746512432462,0.9537766797795098,0.21390452705157978,COMPLETE
913,913,0.5188940092165899,2021-02-07 01:24:19.307221,2021-02-07 01:24:40.451612,0 days 00:00:21.144391,0.016083093485888354,0.9386265238724454,0.2538341926859391,COMPLETE
914,914,0.5956989247311828,2021-02-07 01:24:40.452349,2021-02-07 01:24:51.775082,0 days 00:00:11.322733,0.03123975570333417,0.9437218526112958,0.1566325366764787,COMPLETE
915,915,0.549615975422427,2021-02-07 01:24:51.775828,2021-02-07 01:25:07.657359,0 days 00:00:15.881531,0.054966344883822016,0.9419077105133546,0.08360783965991926,COMPLETE
916,916,0.6027649769585254,2021-02-07 01:25:07.658098,2021-02-07 01:25:18.391252,0 days 00:00:10.733154,0.03710859242023126,0.9461750962417023,0.27124393390431495,COMPLETE
917,917,0.5658986175115207,2021-02-07 01:25:18.391992,2021-02-07 01:25:29.248145,0 days 00:00:10.856153,0.02192623291028933,0.9399860571276523,0.23275524060676783,COMPLETE
918,918,0.5637480798771122,2021-02-07 01:25:29.248881,2021-02-07 01:25:45.749955,0 days 00:00:16.501074,0.07908959331919915,0.9443630098012457,0.193273868721296,COMPLETE
919,919,0.5738863287250384,2021-02-07 01:25:45.751102,2021-02-07 01:26:01.736894,0 days 00:00:15.985792,0.02838565217498936,0.9493886687020605,0.3139538125913069,COMPLETE
920,920,0.5815668202764976,2021-02-07 01:26:01.737639,2021-02-07 01:26:22.582279,0 days 00:00:20.844640,0.04351104025721229,0.9342512712705358,0.1781715215916792,COMPLETE
921,921,0.5987711213517665,2021-02-07 01:26:22.583036,2021-02-07 01:26:33.915963,0 days 00:00:11.332927,0.019225401580548064,0.9509785533754213,0.026163326027530003,COMPLETE
922,922,0.5904761904761905,2021-02-07 01:26:33.916711,2021-02-07 01:26:50.134206,0 days 00:00:16.217495,0.03669351374067987,0.9370216936459702,0.2211436954602528,COMPLETE
923,923,0.5631336405529954,2021-02-07 01:26:50.134972,2021-02-07 01:27:00.942380,0 days 00:00:10.807408,0.05648339735046805,0.941826434551378,0.24890133948609244,COMPLETE
924,924,0.576036866359447,2021-02-07 01:27:00.943131,2021-02-07 01:27:16.881805,0 days 00:00:15.938674,0.024906852003048926,0.947229377258541,0.2809607572410275,COMPLETE
925,925,0.5062980030721966,2021-02-07 01:27:16.882547,2021-02-07 01:27:28.012298,0 days 00:00:11.129751,0.03062301801394325,0.9000720036497646,0.20144198019465234,COMPLETE
926,926,0.5717357910906298,2021-02-07 01:27:28.013041,2021-02-07 01:27:39.139884,0 days 00:00:11.126843,0.047024684476220636,0.9561841526695041,0.14849843801697807,COMPLETE
927,927,0.48294930875576036,2021-02-07 01:27:39.140636,2021-02-07 01:27:54.602551,0 days 00:00:15.461915,0.039860405854250595,0.9455853392655331,0.1672836796003725,COMPLETE
928,928,0.5554531490015361,2021-02-07 01:27:54.603300,2021-02-07 01:28:10.288401,0 days 00:00:15.685101,0.032388089360313226,0.9431645064379377,0.019779190095401758,COMPLETE
929,929,0.6248847926267281,2021-02-07 01:28:10.289141,2021-02-07 01:28:26.335444,0 days 00:00:16.046303,0.0649782245828328,0.9402574645372598,0.2636431679241841,COMPLETE
930,930,0.5861751152073733,2021-02-07 01:28:26.336190,2021-02-07 01:28:36.996438,0 days 00:00:10.660248,0.06496107414094122,0.937407967778983,0.28730438280712534,COMPLETE
931,931,0.4666666666666667,2021-02-07 01:28:36.997184,2021-02-07 01:28:47.421933,0 days 00:00:10.424749,0.08633427910120406,0.9812721751686813,0.33876154471343295,COMPLETE
932,932,0.5176651305683564,2021-02-07 01:28:47.422687,2021-02-07 01:28:58.351546,0 days 00:00:10.928859,0.08741373008268388,0.9397811033882705,0.3083356691737109,COMPLETE
933,933,0.5883256528417818,2021-02-07 01:28:58.352297,2021-02-07 01:29:09.301296,0 days 00:00:10.948999,0.06865564044148575,0.9383291825227288,0.2659235355924726,COMPLETE
934,934,0.5336405529953917,2021-02-07 01:29:09.302045,2021-02-07 01:29:20.196925,0 days 00:00:10.894880,0.0720628649444744,0.9396482459287347,0.014345767719767874,COMPLETE
935,935,0.458678955453149,2021-02-07 01:29:20.197672,2021-02-07 01:29:30.744572,0 days 00:00:10.546900,0.08128730186979695,0.9409027689685902,0.12819169705301844,COMPLETE
936,936,0.6064516129032258,2021-02-07 01:29:30.745312,2021-02-07 01:29:41.809141,0 days 00:00:11.063829,0.06520309977575955,0.9386081638062478,0.27293677929338717,COMPLETE
937,937,0.46728110599078343,2021-02-07 01:29:41.809891,2021-02-07 01:29:57.804528,0 days 00:00:15.994637,0.057080003406257726,0.9356593333843779,0.2894977512574883,COMPLETE
938,938,0.5834101382488479,2021-02-07 01:29:57.805274,2021-02-07 01:30:08.325514,0 days 00:00:10.520240,0.08969475607691711,0.9410238986981289,0.158274034051938,COMPLETE
939,939,0.533026113671275,2021-02-07 01:30:08.326258,2021-02-07 01:30:23.873417,0 days 00:00:15.547159,0.07402754094590314,0.942116063778142,0.3141088973964272,COMPLETE
940,940,0.5745007680491552,2021-02-07 01:30:23.874172,2021-02-07 01:30:34.641923,0 days 00:00:10.767751,0.09665443229546428,0.9403456668132263,0.03995534064376927,COMPLETE
941,941,0.5864823348694317,2021-02-07 01:30:34.642680,2021-02-07 01:30:45.512811,0 days 00:00:10.870131,0.09976875441441885,0.9374001030782662,0.18249489505773775,COMPLETE
942,942,0.5493087557603686,2021-02-07 01:30:45.513569,2021-02-07 01:30:56.557335,0 days 00:00:11.043766,0.05483859457860781,0.9438972283066369,0.25162649058589814,COMPLETE
943,943,0.5668202764976958,2021-02-07 01:30:56.558084,2021-02-07 01:31:12.907692,0 days 00:00:16.349608,0.016501006101315704,0.9422745348149512,0.13752130886869401,COMPLETE
944,944,0.5907834101382489,2021-02-07 01:31:12.908446,2021-02-07 01:31:29.098203,0 days 00:00:16.189757,0.06307999787922881,0.9394062091100233,0.22923041082291715,COMPLETE
945,945,0.5579109062980031,2021-02-07 01:31:29.098968,2021-02-07 01:31:40.070100,0 days 00:00:10.971132,0.02141533254761409,0.9423065195526682,0.19272867072700234,COMPLETE
946,946,0.5827956989247312,2021-02-07 01:31:40.070857,2021-02-07 01:31:50.939608,0 days 00:00:10.868751,0.002335308074479177,0.9356271494824343,0.17332677331399624,COMPLETE
947,947,0.5081413210445469,2021-02-07 01:31:50.940373,2021-02-07 01:32:06.529605,0 days 00:00:15.589232,0.0458741663690996,0.9435413841447359,0.2655696056938248,COMPLETE
948,948,0.4734254992319508,2021-02-07 01:32:06.530357,2021-02-07 01:32:27.014511,0 days 00:00:20.484154,0.054833897665939865,0.9384228664550234,0.2997995095292297,COMPLETE
949,949,0.5161290322580645,2021-02-07 01:32:27.015281,2021-02-07 01:32:37.821362,0 days 00:00:10.806081,0.013210292144064566,0.9407883446327234,0.21154624060339114,COMPLETE
950,950,0.5511520737327189,2021-02-07 01:32:37.822115,2021-02-07 01:32:48.869946,0 days 00:00:11.047831,0.05020766503735177,0.9444073006261402,0.017926251996630865,COMPLETE
951,951,0.6092165898617512,2021-02-07 01:32:48.870717,2021-02-07 01:32:59.471366,0 days 00:00:10.600649,0.02490511845885072,0.9259788465114394,0.015945642405909063,COMPLETE
952,952,0.5597542242703533,2021-02-07 01:32:59.472122,2021-02-07 01:33:10.440729,0 days 00:00:10.968607,0.018920682663865807,0.9407240880865028,0.24379837945753022,COMPLETE
953,953,0.5698924731182796,2021-02-07 01:33:10.441488,2021-02-07 01:33:21.421609,0 days 00:00:10.980121,0.0745398466430291,0.9426430837576502,0.14850037968913823,COMPLETE
954,954,0.5483870967741935,2021-02-07 01:33:21.422371,2021-02-07 01:33:32.211290,0 days 00:00:10.788919,0.049166512543176395,0.936579843909849,0.34185176695705843,COMPLETE
955,955,0.6331797235023041,2021-02-07 01:33:32.212044,2021-02-07 01:33:48.265631,0 days 00:00:16.053587,0.06134584671986728,0.945428146539412,0.26809105250790954,COMPLETE
956,956,0.5219662058371736,2021-02-07 01:33:48.266378,2021-02-07 01:34:09.067200,0 days 00:00:20.800822,0.0678406795825472,0.9460232136750435,0.28910899359089604,COMPLETE
957,957,0.5244239631336406,2021-02-07 01:34:09.067952,2021-02-07 01:34:19.702478,0 days 00:00:10.634526,0.06317350877748079,0.9452045370072336,0.26988757116703815,COMPLETE
958,958,0.6067588325652842,2021-02-07 01:34:19.703251,2021-02-07 01:34:35.898518,0 days 00:00:16.195267,0.07349583498546547,0.9470015568282306,0.2591933970876427,COMPLETE
959,959,0.5969278033794163,2021-02-07 01:34:35.899285,2021-02-07 01:34:56.290569,0 days 00:00:20.391284,0.08082554500864376,0.9454485177279859,0.3150910993121496,COMPLETE
960,960,0.5121351766513057,2021-02-07 01:34:56.291345,2021-02-07 01:35:12.315968,0 days 00:00:16.024623,0.06304867852331215,0.9443784888881221,0.2833678735221219,COMPLETE
961,961,0.546236559139785,2021-02-07 01:35:12.316734,2021-02-07 01:35:27.817806,0 days 00:00:15.501072,0.09680696554540469,0.9345091211682058,0.17431646595811837,COMPLETE
962,962,0.49370199692780337,2021-02-07 01:35:27.818571,2021-02-07 01:35:38.921918,0 days 00:00:11.103347,0.05549816033255834,0.9472567274910293,0.1618841553393944,COMPLETE
963,963,0.5459293394777266,2021-02-07 01:35:38.922695,2021-02-07 01:35:49.705417,0 days 00:00:10.782722,0.08146522660508189,0.9462078834056614,0.2580313464545214,COMPLETE
964,964,0.410752688172043,2021-02-07 01:35:49.706173,2021-02-07 01:36:00.576704,0 days 00:00:10.870531,0.0038036733126452474,0.9441086789228028,0.18810098561760613,COMPLETE
965,965,0.4915514592933948,2021-02-07 01:36:00.577462,2021-02-07 01:36:11.375704,0 days 00:00:10.798242,0.0569827807503475,0.939163191854871,0.31296234691117575,COMPLETE
966,966,0.4039938556067588,2021-02-07 01:36:11.376464,2021-02-07 01:36:22.390349,0 days 00:00:11.013885,3.783539799819423e-05,0.9423918816817409,0.3647839627880145,COMPLETE
967,967,0.5963133640552996,2021-02-07 01:36:22.391117,2021-02-07 01:36:48.802255,0 days 00:00:26.411138,0.0663033661159519,0.9481356769802568,0.2843706280454608,COMPLETE
968,968,0.5615975422427035,2021-02-07 01:36:48.803027,2021-02-07 01:37:04.981335,0 days 00:00:16.178308,0.014972390578162164,0.9434761159956649,0.24367210186233226,COMPLETE
969,969,0.5658986175115207,2021-02-07 01:37:04.982099,2021-02-07 01:37:15.602012,0 days 00:00:10.619913,0.020290290265809058,0.9450967593402155,0.2340552481712275,COMPLETE
970,970,0.5861751152073733,2021-02-07 01:37:15.602786,2021-02-07 01:37:31.051414,0 days 00:00:15.448628,0.04651962797714512,0.9405298239510541,0.21185530668948896,COMPLETE
971,971,0.5972350230414747,2021-02-07 01:37:31.052172,2021-02-07 01:37:56.972137,0 days 00:00:25.919965,0.07656074038665679,0.9459699218818503,0.10978432717798646,COMPLETE
972,972,0.5339477726574501,2021-02-07 01:37:56.972899,2021-02-07 01:38:08.193180,0 days 00:00:11.220281,0.05108494220897036,0.9568649975701294,0.14495899498505482,COMPLETE
973,973,0.5195084485407067,2021-02-07 01:38:08.193943,2021-02-07 01:38:24.299206,0 days 00:00:16.105263,0.041997775732133306,0.9382247324983334,0.16634272483698556,COMPLETE
974,974,0.5831029185867895,2021-02-07 01:38:24.299972,2021-02-07 01:38:35.268528,0 days 00:00:10.968556,0.056761913807198965,0.9418417290669692,0.01001160680232974,COMPLETE
975,975,0.45468509984639016,2021-02-07 01:38:35.269295,2021-02-07 01:38:51.538726,0 days 00:00:16.269431,0.017598766403402227,0.9473025540505591,0.2669242332208597,COMPLETE
976,976,0.5831029185867895,2021-02-07 01:38:51.539497,2021-02-07 01:39:02.627060,0 days 00:00:11.087563,0.04717915150998267,0.9366816243445019,0.18883276105151225,COMPLETE
977,977,0.49923195084485406,2021-02-07 01:39:02.627824,2021-02-07 01:39:18.653941,0 days 00:00:16.026117,0.04281543844096407,0.9335809146779736,0.3381880142982872,COMPLETE
978,978,0.565284178187404,2021-02-07 01:39:18.654720,2021-02-07 01:39:34.551478,0 days 00:00:15.896758,0.03658461709377873,0.943387974945624,0.2973195985783712,COMPLETE
979,979,0.5336405529953917,2021-02-07 01:39:34.552256,2021-02-07 01:39:50.327755,0 days 00:00:15.775499,0.02288862371065203,0.9487689285425677,0.2657304867636942,COMPLETE
980,980,0.5910906298003072,2021-02-07 01:39:50.328521,2021-02-07 01:40:01.098123,0 days 00:00:10.769602,0.025380853997324364,0.9449124259619055,0.24165993593392152,COMPLETE
981,981,0.5831029185867895,2021-02-07 01:40:01.098897,2021-02-07 01:40:17.419706,0 days 00:00:16.320809,0.06053760838427232,0.9233148560040639,0.20589532578874642,COMPLETE
982,982,0.5339477726574501,2021-02-07 01:40:17.420470,2021-02-07 01:40:33.183308,0 days 00:00:15.762838,0.0411270764299713,0.9405429004784563,0.1563701624791915,COMPLETE
983,983,0.5855606758832566,2021-02-07 01:40:33.184086,2021-02-07 01:40:49.340970,0 days 00:00:16.156884,0.02807356572346386,0.9462250983132433,0.22973023008114699,COMPLETE
984,984,0.565284178187404,2021-02-07 01:40:49.341734,2021-02-07 01:41:00.213376,0 days 00:00:10.871642,0.0956857735604753,0.9436100865416176,0.2766895102378872,COMPLETE
985,985,0.5311827956989247,2021-02-07 01:41:00.214145,2021-02-07 01:41:16.530369,0 days 00:00:16.316224,0.05415316858552259,0.9413765648921409,0.18288489424901253,COMPLETE
986,986,0.5858678955453149,2021-02-07 01:41:16.531168,2021-02-07 01:41:27.259342,0 days 00:00:10.728174,0.03430431528231374,0.938309628231572,0.19885024437627688,COMPLETE
987,987,0.5895545314900154,2021-02-07 01:41:27.260115,2021-02-07 01:41:43.179394,0 days 00:00:15.919279,0.05199331883405729,0.9543049355515967,0.13829416705237949,COMPLETE
988,988,0.5321044546850998,2021-02-07 01:41:43.180165,2021-02-07 01:41:59.285409,0 days 00:00:16.105244,0.06495004521296247,0.9399690600779408,0.16704380694070317,COMPLETE
989,989,0.5861751152073733,2021-02-07 01:41:59.286170,2021-02-07 01:42:14.999337,0 days 00:00:15.713167,0.02011326833086039,0.9480189712870326,0.2539916886406142,COMPLETE
990,990,0.5271889400921659,2021-02-07 01:42:15.000105,2021-02-07 01:42:25.973537,0 days 00:00:10.973432,0.04150535083408937,0.9420566512087888,0.01900748834889811,COMPLETE
991,991,0.6122887864823349,2021-02-07 01:42:25.974303,2021-02-07 01:42:41.792502,0 days 00:00:15.818199,0.015596158824654295,0.9448016111049784,0.2931752042187347,COMPLETE
992,992,0.5975422427035331,2021-02-07 01:42:41.793269,2021-02-07 01:42:52.886541,0 days 00:00:11.093272,0.026929669354582818,0.9464790300802778,0.23141026497440892,COMPLETE
993,993,0.5640552995391706,2021-02-07 01:42:52.887326,2021-02-07 01:43:03.524248,0 days 00:00:10.636922,0.033680209049739084,0.942854479327579,0.2163397624467821,COMPLETE
994,994,0.6211981566820276,2021-02-07 01:43:03.525020,2021-02-07 01:43:19.322969,0 days 00:00:15.797949,0.04905738171494987,0.9357448442179046,0.05413429461487548,COMPLETE
995,995,0.5861751152073733,2021-02-07 01:43:19.323746,2021-02-07 01:43:30.384294,0 days 00:00:11.060548,0.07440584385619321,0.9330974915397887,0.07420480957334721,COMPLETE
996,996,0.4485407066052227,2021-02-07 01:43:30.385056,2021-02-07 01:43:41.494504,0 days 00:00:11.109448,0.05857235496193079,0.9312254013300602,0.06388264496139591,COMPLETE
997,997,0.5161290322580645,2021-02-07 01:43:41.495296,2021-02-07 01:43:52.519309,0 days 00:00:11.024013,0.06914623827199773,0.9357925260628926,0.04281750820620414,COMPLETE
998,998,0.5465437788018433,2021-02-07 01:43:52.520080,2021-02-07 01:44:08.420564,0 days 00:00:15.900484,0.05018674145105393,0.9347639226983885,0.034657824912955514,COMPLETE
999,999,0.4328725038402458,2021-02-07 01:44:08.421340,2021-02-07 01:44:24.517468,0 days 00:00:16.096128,0.08069806479133702,0.9333747432397893,0.046231505195889575,COMPLETE
1000,1000,0.6030721966205838,2021-02-07 01:44:24.518256,2021-02-07 01:44:35.219898,0 days 00:00:10.701642,0.04959525032329813,0.9351108386400323,0.0613232275932159,COMPLETE
1001,1001,0.5923195084485408,2021-02-07 01:44:35.220684,2021-02-07 01:44:46.037385,0 days 00:00:10.816701,0.06556596260083285,0.937334192685667,0.05052950279585011,COMPLETE
1002,1002,0.5797235023041475,2021-02-07 01:44:46.038169,2021-02-07 01:45:02.105261,0 days 00:00:16.067092,0.046160064484176304,0.932134854452011,0.033462789582958556,COMPLETE
1003,1003,0.5788018433179724,2021-02-07 01:45:02.106044,2021-02-07 01:45:13.551109,0 days 00:00:11.445065,0.0586404805115711,0.9362231918328715,0.0553348562844601,COMPLETE
1004,1004,0.41935483870967744,2021-02-07 01:45:13.551888,2021-02-07 01:45:29.145013,0 days 00:00:15.593125,0.00036643186686335255,0.9291790584669471,0.057864362986886235,COMPLETE
1005,1005,0.5775729646697388,2021-02-07 01:45:29.145792,2021-02-07 01:45:44.974068,0 days 00:00:15.828276,0.04228549127421844,0.9369924529184581,0.09265103183145064,COMPLETE
1006,1006,0.5643625192012289,2021-02-07 01:45:44.974856,2021-02-07 01:45:55.580451,0 days 00:00:10.605595,0.052241037338958546,0.934140287059533,0.05471887136187636,COMPLETE
1007,1007,0.6095238095238096,2021-02-07 01:45:55.581240,2021-02-07 01:46:11.494558,0 days 00:00:15.913318,0.08524117559189164,0.9278896865096427,0.08350414474112945,COMPLETE
1008,1008,0.5219662058371736,2021-02-07 01:46:11.495351,2021-02-07 01:46:22.338303,0 days 00:00:10.842952,0.03794018474696251,0.9351279953127831,0.02066965958558036,COMPLETE
1009,1009,0.5929339477726574,2021-02-07 01:46:22.339090,2021-02-07 01:46:33.609503,0 days 00:00:11.270413,0.06572784374475886,0.9379743492388565,0.022266658468381096,COMPLETE
1010,1010,0.4912442396313364,2021-02-07 01:46:33.610288,2021-02-07 01:46:49.795531,0 days 00:00:16.185243,0.04724880210289463,0.9386801203724779,0.06669292890939219,COMPLETE
1011,1011,0.4362519201228879,2021-02-07 01:46:49.796311,2021-02-07 01:47:00.529972,0 days 00:00:10.733661,0.032274038564942736,0.9360786441577538,0.3155465950959013,COMPLETE
1012,1012,0.567741935483871,2021-02-07 01:47:00.530770,2021-02-07 01:47:16.313918,0 days 00:00:15.783148,0.05831553190547814,0.9527399102178488,0.28693458633820834,COMPLETE
1013,1013,0.5649769585253456,2021-02-07 01:47:16.314713,2021-02-07 01:47:27.502714,0 days 00:00:11.188001,0.041675442449310575,0.9320604714041816,0.024883591188184416,COMPLETE
1014,1014,0.517357910906298,2021-02-07 01:47:27.503503,2021-02-07 01:47:43.444405,0 days 00:00:15.940902,0.03230878114509172,0.9387369825153734,0.037278512372208486,COMPLETE
1015,1015,0.5019969278033795,2021-02-07 01:47:43.445186,2021-02-07 01:47:59.267299,0 days 00:00:15.822113,0.07325433112189872,0.9505803789035425,0.04756767080439575,COMPLETE
