,number,value,datetime_start,datetime_complete,duration,params_lr,params_nl2,params_num_ct,params_scheduler_gamma,params_sigma2,params_weight_decay,state
7188,7188,0.42304147465437786,2021-02-09 10:01:03.659475,2021-02-09 10:01:14.456181,0 days 00:00:10.796706,0.0003409196758805831,13,2,0.9044977525969887,14,0.030468732303191696,COMPLETE
7189,7189,0.5932411674347158,2021-02-09 10:01:14.459716,2021-02-09 10:01:40.059415,0 days 00:00:25.599699,0.00015944458084814903,15,2,0.9018973662256764,16,0.03713948004785131,COMPLETE
7190,7190,,2021-02-09 10:01:40.062995,2021-02-09 10:01:40.836962,0 days 00:00:00.773967,0.0009111692464293638,7,0,0.9457392577303345,20,0.02173908148743529,FAIL
7191,7191,0.5680491551459294,2021-02-09 10:01:40.841525,2021-02-09 10:01:51.942230,0 days 00:00:11.100705,0.0009710642884518593,7,2,0.9449479819933108,20,0.021675968105961223,COMPLETE
7192,7192,,2021-02-09 10:01:51.945791,2021-02-09 10:01:52.754394,0 days 00:00:00.808603,0.00010302242607633428,11,0,0.9347430128496264,20,0.07319294559854841,FAIL
7193,7193,0.5729646697388633,2021-02-09 10:01:52.757224,2021-02-09 10:02:03.984465,0 days 00:00:11.227241,0.00010165271445106001,11,4,0.9345999848730582,20,0.0428227052682665,COMPLETE
7194,7194,0.5373271889400921,2021-02-09 10:02:03.988034,2021-02-09 10:02:26.245444,0 days 00:00:22.257410,0.0015561301420737542,7,8,0.9065101640460708,20,0.08178559803759211,COMPLETE
7195,7195,0.5689708141321045,2021-02-09 10:02:26.249003,2021-02-09 10:02:37.123267,0 days 00:00:10.874264,0.00027662617268471454,15,2,0.9039214778385991,16,0.03194359079608997,COMPLETE
7196,7196,0.48294930875576036,2021-02-09 10:02:37.126834,2021-02-09 10:02:47.869785,0 days 00:00:10.742951,0.00040075200081066565,15,2,0.9016528104124146,16,0.03520227127818741,COMPLETE
7197,7197,0.4771121351766513,2021-02-09 10:02:47.873370,2021-02-09 10:02:59.197923,0 days 00:00:11.324553,0.00012645254367028565,13,2,0.9494044192069527,18,0.061198280178631013,COMPLETE
7198,7198,,2021-02-09 10:02:59.201565,2021-02-09 10:02:59.996779,0 days 00:00:00.795214,0.0006272586606307272,9,0,0.9383068468320775,20,0.02427937196138506,FAIL
7199,7199,,2021-02-09 10:03:00.001373,2021-02-09 10:03:00.801022,0 days 00:00:00.799649,0.0006258464543373418,9,0,0.941328117608793,20,0.024503018049473812,FAIL
7200,7200,0.40491551459293396,2021-02-09 10:03:00.803827,2021-02-09 10:03:11.788538,0 days 00:00:10.984711,0.0006507086726108353,9,2,0.9417287529904579,20,0.024608409401042194,COMPLETE
7201,7201,0.44055299539170506,2021-02-09 10:03:11.792122,2021-02-09 10:03:22.835983,0 days 00:00:11.043861,0.001932891532103124,11,6,0.9303856518663606,20,0.017653903457501324,COMPLETE
7202,7202,0.538863287250384,2021-02-09 10:03:22.839587,2021-02-09 10:03:39.552576,0 days 00:00:16.712989,0.0005402340414782796,7,8,0.9528655661301475,16,0.03796658568307567,COMPLETE
7203,7203,0.5800307219662059,2021-02-09 10:03:39.556136,2021-02-09 10:03:55.658614,0 days 00:00:16.102478,0.0004541181113449325,11,4,0.9354932545264145,16,0.019448189079794297,COMPLETE
7204,7204,,2021-02-09 10:03:55.662147,2021-02-09 10:03:56.436806,0 days 00:00:00.774659,5.257168695907687e-05,9,0,0.9375816197872312,20,0.027723565084946215,FAIL
7205,7205,,2021-02-09 10:03:56.441456,2021-02-09 10:03:57.213653,0 days 00:00:00.772197,0.000884579927695194,9,0,0.9393628375038049,20,0.02812875273584501,FAIL
7206,7206,,2021-02-09 10:03:57.218315,2021-02-09 10:03:58.021774,0 days 00:00:00.803459,0.0008942943063111312,9,0,0.9385769164730924,20,0.028683157547794783,FAIL
7207,7207,0.5683563748079877,2021-02-09 10:03:58.024617,2021-02-09 10:04:18.712117,0 days 00:00:20.687500,0.0008890637474109587,9,2,0.9374741938189902,20,0.07320241000455885,COMPLETE
7208,7208,,2021-02-09 10:04:18.715697,2021-02-09 10:04:19.502393,0 days 00:00:00.786696,0.0006610114222769607,5,0,0.9391151662962736,18,0.029054691561374,FAIL
7209,7209,,2021-02-09 10:04:19.506910,2021-02-09 10:04:20.464035,0 days 00:00:00.957125,0.0012376997732898682,5,0,0.9387571820253067,18,0.028445930198597556,FAIL
7210,7210,0.47772657450076805,2021-02-09 10:04:20.468678,2021-02-09 10:05:01.487542,0 days 00:00:41.018864,0.001359944470209941,5,2,0.9404073524786996,18,0.028493648839690786,COMPLETE
7211,7211,0.6187403993855607,2021-02-09 10:05:01.491149,2021-02-09 10:05:17.441263,0 days 00:00:15.950114,5.217843483565745e-05,11,2,0.9395471401270791,20,0.021030847427546493,COMPLETE
7212,7212,0.610752688172043,2021-02-09 10:05:17.444852,2021-02-09 10:05:28.328636,0 days 00:00:10.883784,9.636475491445528e-05,13,2,0.9074122628090425,16,0.03197931797674233,COMPLETE
7213,7213,0.5231950844854071,2021-02-09 10:05:28.332209,2021-02-09 10:05:48.627685,0 days 00:00:20.295476,0.004676471436996337,7,2,0.9384106808131613,18,0.023864454948735056,COMPLETE
7214,7214,0.3772657450076805,2021-02-09 10:05:48.631264,2021-02-09 10:05:59.591971,0 days 00:00:10.960707,0.00013998604416614555,17,2,0.9053714705705894,16,0.03503675053011996,COMPLETE
7215,7215,0.4608294930875576,2021-02-09 10:05:59.595549,2021-02-09 10:06:10.334272,0 days 00:00:10.738723,0.0006627453368436672,9,2,0.9360184749563178,20,0.027368072753577527,COMPLETE
7216,7216,0.6172043010752688,2021-02-09 10:06:10.337822,2021-02-09 10:06:26.126437,0 days 00:00:15.788615,0.00018261224890129207,15,2,0.9027988099157677,16,0.02900795329291727,COMPLETE
7217,7217,0.5689708141321045,2021-02-09 10:06:26.130037,2021-02-09 10:06:48.267411,0 days 00:00:22.137374,0.0010453024516907134,11,8,0.9281977896843715,16,0.04082698954926326,COMPLETE
7218,7218,,2021-02-09 10:06:48.270969,2021-02-09 10:06:49.059695,0 days 00:00:00.788726,0.0004997391632589572,7,0,0.9453236242430214,20,0.02542486191993295,FAIL
7219,7219,,2021-02-09 10:06:49.062523,2021-02-09 10:06:49.832682,0 days 00:00:00.770159,0.00047449230726237393,7,0,0.9364514487552618,20,0.2047370147461394,FAIL
7220,7220,0.3938556067588326,2021-02-09 10:06:49.835523,2021-02-09 10:07:00.540934,0 days 00:00:10.705411,0.0005030856844691529,7,2,0.9452304874025106,20,0.025677285508701946,COMPLETE
7221,7221,,2021-02-09 10:07:00.544544,2021-02-09 10:07:01.340042,0 days 00:00:00.795498,0.00036177012661525336,15,0,0.9043842292914231,14,0.03152849556070073,FAIL
7222,7222,0.450384024577573,2021-02-09 10:07:01.344765,2021-02-09 10:07:12.216406,0 days 00:00:10.871641,0.00035563307738362935,15,2,0.9041057643077296,18,0.030189312751185304,COMPLETE
7223,7223,0.5228878648233487,2021-02-09 10:07:12.219970,2021-02-09 10:07:23.963837,0 days 00:00:11.743867,0.001190885458018327,9,8,0.93381474782208,16,0.01622958693959687,COMPLETE
7224,7224,,2021-02-09 10:07:23.967444,2021-02-09 10:07:24.750415,0 days 00:00:00.782971,0.0007681771093467552,7,0,0.9014867608764455,14,0.0363897656229301,FAIL
7225,7225,0.447926267281106,2021-02-09 10:07:24.755045,2021-02-09 10:07:40.935185,0 days 00:00:16.180140,0.0007947717651237918,7,4,0.9097144409762111,14,0.03898635791267128,COMPLETE
7226,7226,,2021-02-09 10:07:40.938765,2021-02-09 10:07:41.730086,0 days 00:00:00.791321,0.0004298457606610505,15,0,0.9604267898016361,16,0.033932282735422044,FAIL
7227,7227,0.38678955453149,2021-02-09 10:07:41.732907,2021-02-09 10:07:52.246078,0 days 00:00:10.513171,0.0003024026127287778,15,2,0.9603326289361519,16,0.033518339045848854,COMPLETE
7228,7228,0.4706605222734255,2021-02-09 10:07:52.249622,2021-02-09 10:08:08.258002,0 days 00:00:16.008380,0.00042312160041631724,13,2,0.9000627376096934,18,0.04868528287546973,COMPLETE
7229,7229,,2021-02-09 10:08:08.261624,2021-02-09 10:08:09.224320,0 days 00:00:00.962696,0.00011060002376790666,15,0,0.9898646806627335,16,0.03559381900536041,FAIL
7230,7230,0.4768049155145929,2021-02-09 10:08:09.227154,2021-02-09 10:08:20.492674,0 days 00:00:11.265520,0.00011253511768334898,15,2,0.9462207678980332,16,0.03618275824455928,COMPLETE
7231,7231,0.5745007680491552,2021-02-09 10:08:20.496274,2021-02-09 10:08:31.333610,0 days 00:00:10.837336,7.886148766251167e-05,15,2,0.9015397620714378,16,0.03137353263006244,COMPLETE
7232,7232,,2021-02-09 10:08:31.337182,2021-02-09 10:08:32.134238,0 days 00:00:00.797056,0.0006096207611403803,11,0,0.9270771524061239,20,0.0186653008516357,FAIL
7233,7233,,2021-02-09 10:08:32.138839,2021-02-09 10:08:32.940295,0 days 00:00:00.801456,0.0006089725100491243,11,0,0.9265223747649743,20,0.019443423562522856,FAIL
7234,7234,0.6294930875576037,2021-02-09 10:08:32.944971,2021-02-09 10:08:49.977901,0 days 00:00:17.032930,0.0017179908991697109,11,8,0.9057512946982822,20,0.01889939070976678,COMPLETE
7235,7235,0.5585253456221199,2021-02-09 10:08:49.981522,2021-02-09 10:09:32.834344,0 days 00:00:42.852822,0.0020986885043763983,11,8,0.9068769447387564,16,0.015499686364507803,COMPLETE
7236,7236,,2021-02-09 10:09:32.837911,2021-02-09 10:09:33.643883,0 days 00:00:00.805972,0.0019899408430647616,11,0,0.9313369188049052,20,0.016217000458377585,FAIL
7237,7237,0.4043010752688172,2021-02-09 10:09:33.646814,2021-02-09 10:09:44.451108,0 days 00:00:10.804294,0.0024678951202863385,11,4,0.9324359499594805,20,0.017705033077011895,COMPLETE
7238,7238,0.5904761904761905,2021-02-09 10:09:44.454709,2021-02-09 10:09:55.365768,0 days 00:00:10.911059,0.001963713969260546,11,2,0.900098072277875,18,0.016071525880711018,COMPLETE
7239,7239,0.5508448540706605,2021-02-09 10:09:55.369395,2021-02-09 10:10:06.982919,0 days 00:00:11.613524,0.001949567908658196,11,8,0.9353170488079956,20,0.017123157231676546,COMPLETE
7240,7240,0.6178187403993856,2021-02-09 10:10:06.986510,2021-02-09 10:10:18.391198,0 days 00:00:11.404688,0.0014977368181437562,11,10,0.9240645888216116,20,0.019337358456108192,COMPLETE
7241,7241,,2021-02-09 10:10:18.394803,2021-02-09 10:10:19.188352,0 days 00:00:00.793549,0.001189456698551277,11,0,0.9028612000344667,20,0.01767106829206099,FAIL
7242,7242,0.38341013824884795,2021-02-09 10:10:19.193135,2021-02-09 10:10:30.461166,0 days 00:00:11.268031,0.0015456391515062473,11,6,0.9308858330254168,20,0.017923055856854365,COMPLETE
7243,7243,0.4915514592933948,2021-02-09 10:10:30.464765,2021-02-09 10:10:46.858857,0 days 00:00:16.394092,0.0026594685672029776,11,8,0.9090106732253127,16,0.016681895765537302,COMPLETE
7244,7244,0.5886328725038402,2021-02-09 10:10:46.862461,2021-02-09 10:11:03.567155,0 days 00:00:16.704694,0.0017391221569041876,11,8,0.9269376972554796,20,0.014356565066479504,COMPLETE
7245,7245,0.41566820276497696,2021-02-09 10:11:03.570751,2021-02-09 10:11:24.255075,0 days 00:00:20.684324,0.002427634261921956,11,2,0.9033796553249435,18,0.015579624060454303,COMPLETE
7246,7246,0.44086021505376344,2021-02-09 10:11:24.258659,2021-02-09 10:11:35.494932,0 days 00:00:11.236273,0.0027310011148288954,11,2,0.9899593422194726,18,0.01807431738540981,COMPLETE
7247,7247,0.49585253456221196,2021-02-09 10:11:35.498495,2021-02-09 10:12:11.129080,0 days 00:00:35.630585,0.0032284211969662957,11,2,0.9474534666125195,18,0.014673816576226175,COMPLETE
7248,7248,0.5566820276497696,2021-02-09 10:12:11.132685,2021-02-09 10:12:21.964252,0 days 00:00:10.831567,0.0023343089293516826,11,2,0.9042263766996776,18,0.017699811306346708,COMPLETE
7249,7249,0.5932411674347158,2021-02-09 10:12:21.967870,2021-02-09 10:12:33.161561,0 days 00:00:11.193691,0.0014013452567813783,11,6,0.9340924833206622,20,0.01867455690104811,COMPLETE
7250,7250,0.5170506912442396,2021-02-09 10:12:33.165194,2021-02-09 10:12:44.587700,0 days 00:00:11.422506,0.0023192863356642853,11,8,0.9087038674801384,16,0.042363916488445674,COMPLETE
7251,7251,,2021-02-09 10:12:44.591334,2021-02-09 10:12:45.379704,0 days 00:00:00.788370,0.0014548271170696013,11,0,0.9101497154463771,14,0.03803430783415896,FAIL
7252,7252,,2021-02-09 10:12:45.384340,2021-02-09 10:12:46.179130,0 days 00:00:00.794790,0.0022995835142238566,11,0,0.9102851329440939,14,0.03826573339200684,FAIL
7253,7253,,2021-02-09 10:12:46.183674,2021-02-09 10:12:46.963109,0 days 00:00:00.779435,0.0018462557824371897,11,0,0.9095251107319253,14,0.0404092658857182,FAIL
7254,7254,,2021-02-09 10:12:46.967669,2021-02-09 10:12:47.908708,0 days 00:00:00.941039,0.001964284340574762,11,0,0.9074464194035747,14,0.03836217452588625,FAIL
7255,7255,0.4058371735791091,2021-02-09 10:12:47.913373,2021-02-09 10:12:59.272811,0 days 00:00:11.359438,0.0018051655698854334,11,8,0.9074594903513726,16,0.03833389485128372,COMPLETE
7256,7256,0.5680491551459294,2021-02-09 10:12:59.276400,2021-02-09 10:13:26.196616,0 days 00:00:26.920216,0.0019014709702118056,11,8,0.9100878843057859,14,0.01612946105289656,COMPLETE
7257,7257,0.3870967741935484,2021-02-09 10:13:26.200237,2021-02-09 10:13:42.922154,0 days 00:00:16.721917,0.0029870025674312486,11,8,0.9065392557165954,16,0.036859669474460316,COMPLETE
7258,7258,0.48878648233486943,2021-02-09 10:13:42.925739,2021-02-09 10:13:54.390710,0 days 00:00:11.464971,0.00189951999689746,11,8,0.9055474346474701,16,0.03982978904869158,COMPLETE
7259,7259,0.4645161290322581,2021-02-09 10:13:54.394329,2021-02-09 10:14:31.702274,0 days 00:00:37.307945,0.0017483550052602712,11,8,0.9077612564529735,16,0.04614474405285115,COMPLETE
7260,7260,0.48110599078341015,2021-02-09 10:14:31.705877,2021-02-09 10:14:58.756396,0 days 00:00:27.050519,0.0020650829810659995,11,8,0.9081809532890849,16,0.01847456304362658,COMPLETE
7261,7261,0.45069124423963136,2021-02-09 10:14:58.759969,2021-02-09 10:15:57.633596,0 days 00:00:58.873627,0.001975994134885959,11,8,0.9054273159354833,16,0.03495504571216659,COMPLETE
7262,7262,0.4519201228878648,2021-02-09 10:15:57.637064,2021-02-09 10:16:24.762995,0 days 00:00:27.125931,0.0036967826299843217,11,8,0.905746909931355,16,0.042013519015760885,COMPLETE
7263,7263,,2021-02-09 10:16:24.766573,2021-02-09 10:16:25.542549,0 days 00:00:00.775976,0.00153436393365311,11,0,0.9013818681759959,20,0.019600287632616505,FAIL
7264,7264,,2021-02-09 10:16:25.545508,2021-02-09 10:16:26.331977,0 days 00:00:00.786469,0.001139658795105881,11,0,0.9018231475503472,20,0.01838576633614255,FAIL
7265,7265,,2021-02-09 10:16:26.334762,2021-02-09 10:16:27.100004,0 days 00:00:00.765242,0.00149080995421861,11,0,0.9016087482828891,20,0.019956731901816346,FAIL
7266,7266,0.42119815668202765,2021-02-09 10:16:27.102836,2021-02-09 10:16:42.918052,0 days 00:00:15.815216,0.001604315195633523,11,4,0.901586262925149,20,0.01924271383138177,COMPLETE
7267,7267,0.5996927803379416,2021-02-09 10:16:42.921629,2021-02-09 10:16:53.669191,0 days 00:00:10.747562,0.001820657637679841,11,4,0.9348950424344801,20,0.019387822819390714,COMPLETE
7268,7268,,2021-02-09 10:16:53.672796,2021-02-09 10:16:54.653150,0 days 00:00:00.980354,0.0015989360342132772,11,0,0.9105431027504787,16,0.05349257809367606,FAIL
7269,7269,0.5480798771121351,2021-02-09 10:16:54.657806,2021-02-09 10:17:26.776575,0 days 00:00:32.118769,0.002428483565838973,11,8,0.9074796040130381,16,0.035646022522097635,COMPLETE
7270,7270,,2021-02-09 10:17:26.780165,2021-02-09 10:17:27.552877,0 days 00:00:00.772712,0.001718646315689569,11,0,0.9315015663661387,20,0.01934413462610657,FAIL
7271,7271,,2021-02-09 10:17:27.557529,2021-02-09 10:17:28.349066,0 days 00:00:00.791537,0.0015729796669320068,11,0,0.9317499467968366,20,0.02008909615121551,FAIL
7272,7272,0.4254992319508449,2021-02-09 10:17:28.351927,2021-02-09 10:17:39.264262,0 days 00:00:10.912335,0.0012590526458052368,11,4,0.9032029535599495,20,0.01756705981078626,COMPLETE
7273,7273,,2021-02-09 10:17:39.267945,2021-02-09 10:17:40.052414,0 days 00:00:00.784469,0.002901692150161011,11,0,0.9572335799569197,18,0.027142408258177802,FAIL
7274,7274,0.6122887864823349,2021-02-09 10:17:40.057098,2021-02-09 10:18:00.780962,0 days 00:00:20.723864,0.0028888545029932228,11,2,0.9503134680482359,18,0.02796401785527695,COMPLETE
7275,7275,,2021-02-09 10:18:00.784550,2021-02-09 10:18:01.570937,0 days 00:00:00.786387,0.0015844116991114293,11,0,0.9103783194633998,14,0.03832303918597114,FAIL
7276,7276,0.38064516129032255,2021-02-09 10:18:01.573821,2021-02-09 10:18:12.753195,0 days 00:00:11.179374,0.0018455787901359476,11,8,0.9058854991300976,16,0.037130809127259384,COMPLETE
7277,7277,,2021-02-09 10:18:12.756801,2021-02-09 10:18:13.538326,0 days 00:00:00.781525,0.0015444838102891283,11,0,0.9311283198359714,20,0.02037470267961774,FAIL
7278,7278,0.5345622119815668,2021-02-09 10:18:13.543113,2021-02-09 10:18:54.226414,0 days 00:00:40.683301,0.0015455721506252942,11,4,0.9310467746581161,20,0.016871778644170728,COMPLETE
7279,7279,0.5155145929339477,2021-02-09 10:18:54.230042,2021-02-09 10:19:05.455207,0 days 00:00:11.225165,0.0023006040223206084,11,2,0.901276975660968,18,0.028416924594657667,COMPLETE
7280,7280,0.5155145929339477,2021-02-09 10:19:05.458820,2021-02-09 10:19:35.833289,0 days 00:00:30.374469,0.0015927207684252485,11,2,0.9026506373640881,18,0.029648632575559716,COMPLETE
7281,7281,0.410752688172043,2021-02-09 10:19:35.836890,2021-02-09 10:19:46.298702,0 days 00:00:10.461812,0.0022541935736341357,11,2,0.9436965046293729,18,0.026385474173223487,COMPLETE
7282,7282,0.533026113671275,2021-02-09 10:19:46.302269,2021-02-09 10:19:57.147384,0 days 00:00:10.845115,0.001706096779493462,11,2,0.9426635423889013,20,0.03011848161014178,COMPLETE
7283,7283,0.5400921658986175,2021-02-09 10:19:57.151014,2021-02-09 10:20:08.889667,0 days 00:00:11.738653,0.0028031424171044675,11,8,0.9106150829841038,12,0.03388663936787964,COMPLETE
7284,7284,,2021-02-09 10:20:08.893272,2021-02-09 10:20:09.686541,0 days 00:00:00.793269,0.00020634328675949001,11,0,0.9457248021533984,20,0.06649831810302935,FAIL
7285,7285,,2021-02-09 10:20:09.691293,2021-02-09 10:20:10.496164,0 days 00:00:00.804871,0.00025298027588171936,11,0,0.956239312794855,20,0.06647866128234095,FAIL
7286,7286,,2021-02-09 10:20:10.500767,2021-02-09 10:20:11.301390,0 days 00:00:00.800623,0.00014484424621948532,11,0,0.9013206826691247,20,0.06624240490823378,FAIL
7287,7287,,2021-02-09 10:20:11.304239,2021-02-09 10:20:12.074136,0 days 00:00:00.769897,0.00022645685664332367,11,0,0.9560087894850463,20,0.028092616251108156,FAIL
7288,7288,0.5069124423963134,2021-02-09 10:20:12.078991,2021-02-09 10:21:02.029620,0 days 00:00:49.950629,0.00023145338112847663,11,2,0.9014900079404852,20,0.0757916948081683,COMPLETE
7289,7289,0.42089093701996927,2021-02-09 10:21:02.033231,2021-02-09 10:21:23.640648,0 days 00:00:21.607417,0.0001268021432394558,11,8,0.9054520334066164,16,0.06902279505330994,COMPLETE
7290,7290,,2021-02-09 10:21:23.644278,2021-02-09 10:21:24.580228,0 days 00:00:00.935950,0.00017034668982734085,11,0,0.9090119718105825,16,0.0391800151002939,FAIL
7291,7291,,2021-02-09 10:21:24.585233,2021-02-09 10:21:25.371052,0 days 00:00:00.785819,0.00365718495418078,11,0,0.908843772876733,16,0.0383281394929052,FAIL
7292,7292,,2021-02-09 10:21:25.375709,2021-02-09 10:21:26.175246,0 days 00:00:00.799537,0.0001653666664326869,11,0,0.9089319116470311,16,0.04069646712632996,FAIL
7293,7293,0.6221198156682027,2021-02-09 10:21:26.178223,2021-02-09 10:21:42.995209,0 days 00:00:16.816986,0.00015940534875278668,11,8,0.9094361300968777,16,0.013702991297405624,COMPLETE
7294,7294,0.530568356374808,2021-02-09 10:21:42.998801,2021-02-09 10:22:30.307022,0 days 00:00:47.308221,0.0016447691210695486,11,8,0.906810683546759,14,0.04047395185471113,COMPLETE
7295,7295,0.38771121351766513,2021-02-09 10:22:30.310627,2021-02-09 10:22:40.998736,0 days 00:00:10.688109,0.0002685167552720691,11,2,0.9032395876523923,18,0.02703633695029318,COMPLETE
7296,7296,0.5422427035330261,2021-02-09 10:22:41.002403,2021-02-09 10:22:57.575516,0 days 00:00:16.573113,0.00010268691650892888,11,8,0.904687265649736,16,0.05492032190097299,COMPLETE
7297,7297,0.6276497695852534,2021-02-09 10:22:57.579158,2021-02-09 10:23:08.677127,0 days 00:00:11.097969,0.0003966428750787863,11,2,0.9459645197746459,20,0.03138729513664418,COMPLETE
7298,7298,,2021-02-09 10:23:08.680732,2021-02-09 10:23:09.479991,0 days 00:00:00.799259,0.001557332092227885,11,0,0.9335713384978006,20,0.019458866135764048,FAIL
7299,7299,0.4221198156682028,2021-02-09 10:23:09.482848,2021-02-09 10:23:45.982503,0 days 00:00:36.499655,0.001309008845196757,11,6,0.9328414658407719,20,0.02007832847192854,COMPLETE
7300,7300,0.5324116743471582,2021-02-09 10:23:45.986126,2021-02-09 10:24:02.123027,0 days 00:00:16.136901,0.00018877094246964136,11,2,0.9031605252999338,18,0.025017304504709747,COMPLETE
7301,7301,0.6141321044546851,2021-02-09 10:24:02.126651,2021-02-09 10:24:18.131203,0 days 00:00:16.004552,0.0011664589378138162,9,4,0.9349764681789209,20,0.019670847799402317,COMPLETE
7302,7302,0.3846390168970814,2021-02-09 10:24:18.134811,2021-02-09 10:24:29.008556,0 days 00:00:10.873745,0.0032011771298125183,11,2,0.901239357545491,18,0.028638072385363072,COMPLETE
7303,7303,0.5450076804915515,2021-02-09 10:24:29.012161,2021-02-09 10:24:39.949423,0 days 00:00:10.937262,0.00048155789833346244,13,8,0.9053027796839859,16,0.03781301170779773,COMPLETE
7304,7304,0.5655913978494623,2021-02-09 10:24:39.953091,2021-02-09 10:24:51.164808,0 days 00:00:11.211717,0.0011023541662346717,9,4,0.9352800035308588,20,0.019438101557003512,COMPLETE
7305,7305,,2021-02-09 10:24:51.168413,2021-02-09 10:24:51.956122,0 days 00:00:00.787709,6.500721728938845e-05,11,0,0.908773894750668,16,0.03446605471459566,FAIL
7306,7306,,2021-02-09 10:24:51.960782,2021-02-09 10:24:52.782960,0 days 00:00:00.822178,0.00033580319749203257,11,0,0.9073532398806275,16,0.0977620812629119,FAIL
7307,7307,,2021-02-09 10:24:52.787733,2021-02-09 10:24:53.571937,0 days 00:00:00.784204,0.002312530574441319,11,0,0.9075206931950291,16,0.044223953066122285,FAIL
7308,7308,,2021-02-09 10:24:53.574796,2021-02-09 10:24:54.349818,0 days 00:00:00.775022,3.991991193729632e-05,11,0,0.9079517712191951,16,0.044549884434703146,FAIL
7309,7309,,2021-02-09 10:24:54.354511,2021-02-09 10:24:55.149164,0 days 00:00:00.794653,0.0003221486402087848,11,0,0.9074738509267679,16,0.03492855228749905,FAIL
7310,7310,,2021-02-09 10:24:55.153894,2021-02-09 10:24:55.939806,0 days 00:00:00.785912,0.0021325300369503283,11,0,0.9076454532789587,16,0.043865745144626475,FAIL
7311,7311,0.5201228878648233,2021-02-09 10:24:55.944398,2021-02-09 10:25:07.924745,0 days 00:00:11.980347,0.00032619379414387865,11,8,0.9070307431325313,16,0.09229779313271612,COMPLETE
