,number,value,datetime_start,datetime_complete,duration,params_lr,params_scheduler_gamma,params_weight_decay,state
1266,1266,0.46144393241167436,2021-02-07 02:46:32.063732,2021-02-07 02:46:42.908469,0 days 00:00:10.844737,0.04772365442684487,0.9486134980145884,0.2645170819277506,COMPLETE
1267,1267,0.584331797235023,2021-02-07 02:46:42.909363,2021-02-07 02:46:58.659316,0 days 00:00:15.749953,0.0253504307822584,0.9572227287399355,0.1639556874029492,COMPLETE
1268,1268,0.5619047619047619,2021-02-07 02:46:58.660207,2021-02-07 02:47:09.650825,0 days 00:00:10.990618,0.03845889307109631,0.9430550006989246,0.24025390025169943,COMPLETE
1269,1269,0.5717357910906298,2021-02-07 02:47:09.651722,2021-02-07 02:47:25.323189,0 days 00:00:15.671467,0.03081999130987374,0.9463992113723184,0.21068560914161386,COMPLETE
1270,1270,0.5142857142857142,2021-02-07 02:47:25.324079,2021-02-07 02:47:36.470421,0 days 00:00:11.146342,0.02053184121351019,0.9113914236174957,0.1821028686696923,COMPLETE
1271,1271,0.616589861751152,2021-02-07 02:47:36.471322,2021-02-07 02:47:52.679378,0 days 00:00:16.208056,0.04519478464401005,0.9595058047792647,0.27332553210433036,COMPLETE
1272,1272,0.5440860215053763,2021-02-07 02:47:52.680273,2021-02-07 02:48:08.726426,0 days 00:00:16.046153,0.060881587345479,0.95537983302847,0.2945902294907739,COMPLETE
1273,1273,0.5416282642089094,2021-02-07 02:48:08.727332,2021-02-07 02:48:19.712546,0 days 00:00:10.985214,0.036123085499955875,0.9362245264041578,0.1914100059940325,COMPLETE
1274,1274,0.5422427035330261,2021-02-07 02:48:19.713442,2021-02-07 02:48:35.669886,0 days 00:00:15.956444,0.02594582897796232,0.9414721920221545,0.23523377421376954,COMPLETE
1275,1275,0.5428571428571428,2021-02-07 02:48:35.670783,2021-02-07 02:48:46.636088,0 days 00:00:10.965305,0.07390038463519276,0.9390269030704486,0.15211545605840554,COMPLETE
1276,1276,0.5972350230414747,2021-02-07 02:48:46.636980,2021-02-07 02:49:02.710477,0 days 00:00:16.073497,0.051583453193156444,0.9474191852979487,0.3312946231517834,COMPLETE
1277,1277,0.5465437788018433,2021-02-07 02:49:02.711373,2021-02-07 02:49:28.743614,0 days 00:00:26.032241,0.0032759734062852504,0.9436488564883261,0.256401606793256,COMPLETE
1278,1278,0.5631336405529954,2021-02-07 02:49:28.744495,2021-02-07 02:49:44.708727,0 days 00:00:15.964232,0.03265238267839336,0.9625449382317439,0.16726016338149022,COMPLETE
1279,1279,0.5935483870967742,2021-02-07 02:49:44.709605,2021-02-07 02:50:00.732472,0 days 00:00:16.022867,0.04074514938875381,0.9532197352719691,0.20813048145792665,COMPLETE
1280,1280,0.5791090629800307,2021-02-07 02:50:00.733367,2021-02-07 02:50:22.208108,0 days 00:00:21.474741,0.03063078118243631,0.9412240417538944,0.13991577906907415,COMPLETE
1281,1281,0.5741935483870968,2021-02-07 02:50:22.209008,2021-02-07 02:50:37.723631,0 days 00:00:15.514623,0.044586399927154956,0.9450179716922672,0.28839872081719614,COMPLETE
1282,1282,0.504147465437788,2021-02-07 02:50:37.724522,2021-02-07 02:50:48.587723,0 days 00:00:10.863201,0.05895876307661843,0.9671896958813052,0.17470668555382698,COMPLETE
1283,1283,0.5078341013824885,2021-02-07 02:50:48.588619,2021-02-07 02:50:59.467607,0 days 00:00:10.878988,0.023091940185820947,0.9361256964807824,0.22463161461717027,COMPLETE
1284,1284,0.6116743471582181,2021-02-07 02:50:59.468498,2021-02-07 02:51:15.414690,0 days 00:00:15.946192,0.0374941007017815,0.9400414965474461,0.258481301486042,COMPLETE
1285,1285,0.506605222734255,2021-02-07 02:51:15.415590,2021-02-07 02:51:31.247907,0 days 00:00:15.832317,0.027513879521837495,0.9752675830834457,0.19794618599500624,COMPLETE
1286,1286,0.6095238095238096,2021-02-07 02:51:31.248812,2021-02-07 02:51:42.745078,0 days 00:00:11.496266,0.05171136264710057,0.9428776741653495,0.01697852666289966,COMPLETE
1287,1287,0.469431643625192,2021-02-07 02:51:42.745977,2021-02-07 02:51:53.660294,0 days 00:00:10.914317,0.019255198374232754,0.9500328111840534,0.30679038959051314,COMPLETE
1288,1288,0.5299539170506913,2021-02-07 02:51:53.661196,2021-02-07 02:52:04.562504,0 days 00:00:10.901308,0.08443720012529772,0.9481421064757453,0.021823316282852247,COMPLETE
1289,1289,0.5781874039938556,2021-02-07 02:52:04.563426,2021-02-07 02:52:25.571383,0 days 00:00:21.007957,0.0653846845442013,0.9376906421110657,0.24343084940139975,COMPLETE
1290,1290,0.5775729646697388,2021-02-07 02:52:25.572276,2021-02-07 02:52:36.726373,0 days 00:00:11.154097,0.0417061766169824,0.9464380239372063,0.2742985890865674,COMPLETE
1291,1291,0.570199692780338,2021-02-07 02:52:36.727275,2021-02-07 02:52:52.592928,0 days 00:00:15.865653,0.03373036448369636,0.9403653643551003,0.16246733799383217,COMPLETE
1292,1292,0.5910906298003072,2021-02-07 02:52:52.593824,2021-02-07 02:53:09.036155,0 days 00:00:16.442331,0.04960063628979518,0.944038004855267,0.18544534492760847,COMPLETE
1293,1293,0.5680491551459294,2021-02-07 02:53:09.037046,2021-02-07 02:53:20.060491,0 days 00:00:11.023445,0.024481059595164233,0.9650331611716466,0.2168971843959826,COMPLETE
1294,1294,0.5185867895545315,2021-02-07 02:53:20.061398,2021-02-07 02:53:31.119428,0 days 00:00:11.058030,0.02975292388730326,0.9422139123472426,0.08435108060403047,COMPLETE
1295,1295,0.5966205837173579,2021-02-07 02:53:31.120313,2021-02-07 02:53:41.815979,0 days 00:00:10.695666,0.03640493471218846,0.9576420100236812,0.28085218452144,COMPLETE
1296,1296,0.5907834101382489,2021-02-07 02:53:41.816864,2021-02-07 02:53:57.814502,0 days 00:00:15.997638,0.07014758012915136,0.938517531355915,0.247501615146609,COMPLETE
1297,1297,0.5683563748079877,2021-02-07 02:53:57.815421,2021-02-07 02:54:08.975507,0 days 00:00:11.160086,0.04294583230615627,0.9520811210449542,0.09767664233686399,COMPLETE
1298,1298,0.5563748079877112,2021-02-07 02:54:08.976407,2021-02-07 02:54:24.952759,0 days 00:00:15.976352,0.05475534320531916,0.960040126750059,0.1749551683273696,COMPLETE
1299,1299,0.4522273425499232,2021-02-07 02:54:24.953656,2021-02-07 02:54:40.866520,0 days 00:00:15.912864,0.0011464432272680297,0.9452195080916633,0.3230412786658729,COMPLETE
1300,1300,0.49370199692780337,2021-02-07 02:54:40.867436,2021-02-07 02:54:51.822232,0 days 00:00:10.954796,0.02960351913178598,0.935215080722635,0.2014280324045026,COMPLETE
1301,1301,0.5262672811059907,2021-02-07 02:54:51.823158,2021-02-07 02:55:07.514686,0 days 00:00:15.691528,0.03792956118865707,0.9555838439043312,0.15487902159458256,COMPLETE
1302,1302,0.5572964669738864,2021-02-07 02:55:07.515581,2021-02-07 02:55:28.345959,0 days 00:00:20.830378,0.021678124101726478,0.947501277588572,0.2679802622553899,COMPLETE
1303,1303,0.4574500768049155,2021-02-07 02:55:28.346866,2021-02-07 02:55:49.251708,0 days 00:00:20.904842,0.04616019765146544,0.9809578820636091,0.23401591610060107,COMPLETE
1304,1304,0.5874039938556067,2021-02-07 02:55:49.252612,2021-02-07 02:56:05.351665,0 days 00:00:16.099053,0.06116547017128205,0.9418311327372025,0.1914736136708488,COMPLETE
1305,1305,0.5877112135176651,2021-02-07 02:56:05.352556,2021-02-07 02:56:16.297503,0 days 00:00:10.944947,0.026731248159193206,0.9440208165403413,0.018991201761863714,COMPLETE
1306,1306,0.5533026113671276,2021-02-07 02:56:16.298405,2021-02-07 02:56:27.193340,0 days 00:00:10.894935,0.033605637864164914,0.9378583317393273,0.28878302236003156,COMPLETE
1307,1307,0.6046082949308755,2021-02-07 02:56:27.194248,2021-02-07 02:56:38.063199,0 days 00:00:10.868951,0.018445798003288934,0.940163807028432,0.10621194896621987,COMPLETE
1308,1308,0.5745007680491552,2021-02-07 02:56:38.064101,2021-02-07 02:56:49.230739,0 days 00:00:11.166638,0.050417217360433114,0.9626954829507783,0.21884889553467357,COMPLETE
1309,1309,0.5465437788018433,2021-02-07 02:56:49.231642,2021-02-07 02:57:00.133985,0 days 00:00:10.902343,0.08164119288272347,0.9489564056291091,0.25872773493906204,COMPLETE
1310,1310,0.47803379416282643,2021-02-07 02:57:00.134896,2021-02-07 02:57:11.266597,0 days 00:00:11.131701,5.150441275487043e-05,0.9460904686967672,0.34989302533174,COMPLETE
1311,1311,0.5450076804915515,2021-02-07 02:57:11.267529,2021-02-07 02:57:27.307965,0 days 00:00:16.040436,0.0397882810991487,0.9428935830015774,0.17890135903917206,COMPLETE
1312,1312,0.5161290322580645,2021-02-07 02:57:27.308879,2021-02-07 02:57:37.890497,0 days 00:00:10.581618,0.0588601112195513,0.9392615040391806,0.20447037381638766,COMPLETE
1313,1313,0.38678955453149,2021-02-07 02:57:37.891405,2021-02-07 02:57:59.107098,0 days 00:00:21.215693,0.001966762188837993,0.9513361280057026,0.30117963583351715,COMPLETE
1314,1314,0.5778801843317972,2021-02-07 02:57:59.107999,2021-02-07 02:58:15.063394,0 days 00:00:15.955395,0.03105625175990696,0.9356466794649457,0.14933237799706742,COMPLETE
1315,1315,0.5803379416282642,2021-02-07 02:58:15.064300,2021-02-07 02:58:26.048581,0 days 00:00:10.984281,0.02373211344155956,0.9410505651285545,0.23166958664846724,COMPLETE
1316,1316,0.5708141321044546,2021-02-07 02:58:26.049493,2021-02-07 02:58:36.808878,0 days 00:00:10.759385,0.04495806048947653,0.954293979014841,0.02715189195803072,COMPLETE
1317,1317,0.5142857142857142,2021-02-07 02:58:36.809778,2021-02-07 02:58:52.783441,0 days 00:00:15.973663,0.03615510861084371,0.9679185984313304,0.16981557636104647,COMPLETE
1318,1318,0.5563748079877112,2021-02-07 02:58:52.784353,2021-02-07 02:59:03.670471,0 days 00:00:10.886118,0.06888810964702455,0.9442678713414444,0.02445410408058976,COMPLETE
1319,1319,0.567741935483871,2021-02-07 02:59:03.671394,2021-02-07 02:59:14.836652,0 days 00:00:11.165258,0.049652811690545286,0.9374144064990606,0.25458380196448555,COMPLETE
1320,1320,0.5708141321044546,2021-02-07 02:59:14.837567,2021-02-07 02:59:26.123380,0 days 00:00:11.285813,0.026719189802643786,0.960855576523748,0.015941880936315364,COMPLETE
1321,1321,0.5889400921658986,2021-02-07 02:59:26.124301,2021-02-07 02:59:42.247872,0 days 00:00:16.123571,0.04061673103610357,0.9468202092531857,0.13615300134151065,COMPLETE
1322,1322,0.570199692780338,2021-02-07 02:59:42.248779,2021-02-07 03:00:03.685935,0 days 00:00:21.437156,0.0319192252047031,0.9421226216020001,0.0708517873167946,COMPLETE
1323,1323,0.5053763440860215,2021-02-07 03:00:03.686852,2021-02-07 03:00:19.761705,0 days 00:00:16.074853,0.05593168019929366,0.9495644070446099,0.2741269488824814,COMPLETE
1324,1324,0.5658986175115207,2021-02-07 03:00:19.762638,2021-02-07 03:00:30.756938,0 days 00:00:10.994300,0.020550020556204505,0.9398315611920833,0.1847439196771456,COMPLETE
1325,1325,0.5993855606758832,2021-02-07 03:00:30.757847,2021-02-07 03:00:41.768428,0 days 00:00:11.010581,0.07358998852709007,0.9451263695429667,0.03157939236697274,COMPLETE
1326,1326,0.4396313364055299,2021-02-07 03:00:41.769340,2021-02-07 03:00:57.521656,0 days 00:00:15.752316,0.043822260029325565,0.9712069823368665,0.31856987848207874,COMPLETE
1327,1327,0.5788018433179724,2021-02-07 03:00:57.522563,2021-02-07 03:01:08.843667,0 days 00:00:11.321104,0.03478138680242016,0.9581012920960839,0.22159771386586039,COMPLETE
1328,1328,0.5883256528417818,2021-02-07 03:01:08.844578,2021-02-07 03:01:19.796466,0 days 00:00:10.951888,0.028561549502241844,0.9433755267112728,0.1604635680397424,COMPLETE
1329,1329,0.5124423963133641,2021-02-07 03:01:19.797386,2021-02-07 03:01:35.769549,0 days 00:00:15.972163,0.06004544037309472,0.9372640219482433,0.21044714900423717,COMPLETE
1330,1330,0.567741935483871,2021-02-07 03:01:35.770467,2021-02-07 03:01:46.544767,0 days 00:00:10.774300,0.03840592583778629,0.9413872092043529,0.24651428585452853,COMPLETE
1331,1331,0.5502304147465438,2021-02-07 03:01:46.545671,2021-02-07 03:01:58.120580,0 days 00:00:11.574909,0.09375524090086089,0.9638315596775832,0.29144742724173495,COMPLETE
1332,1332,0.5898617511520737,2021-02-07 03:01:58.121510,2021-02-07 03:02:14.030160,0 days 00:00:15.908650,0.04984917063091046,0.9467988521911579,0.3770883164103901,COMPLETE
1333,1333,0.5643625192012289,2021-02-07 03:02:14.031092,2021-02-07 03:02:30.028298,0 days 00:00:15.997206,0.02319927699365351,0.9388656626531423,0.19375331536410711,COMPLETE
1334,1334,0.5938556067588325,2021-02-07 03:02:30.029214,2021-02-07 03:02:50.811499,0 days 00:00:20.782285,0.02987983843282846,0.9348719405242157,0.26958256998543634,COMPLETE
1335,1335,0.48202764976958523,2021-02-07 03:02:50.812399,2021-02-07 03:03:06.981105,0 days 00:00:16.168706,0.04351754553421996,0.9528097779434445,0.02280739974730892,COMPLETE
1336,1336,0.5548387096774193,2021-02-07 03:03:06.982026,2021-02-07 03:03:17.801097,0 days 00:00:10.819071,0.018435821155430816,0.9480923743080104,0.1739056970737672,COMPLETE
1337,1337,0.6101382488479262,2021-02-07 03:03:17.802006,2021-02-07 03:03:33.505161,0 days 00:00:15.703155,0.03515357918995562,0.9426003490155537,0.12242605260364607,COMPLETE
1338,1338,0.5118279569892473,2021-02-07 03:03:33.506074,2021-02-07 03:03:49.753376,0 days 00:00:16.247302,0.025996889059443636,0.9450252952813017,0.22719023619707912,COMPLETE
1339,1339,0.4998463901689708,2021-02-07 03:03:49.754302,2021-02-07 03:04:05.467847,0 days 00:00:15.713545,0.005524438608411213,0.9508016311922184,0.248136399396707,COMPLETE
1340,1340,0.57357910906298,2021-02-07 03:04:05.468764,2021-02-07 03:04:16.159331,0 days 00:00:10.690567,0.06289718355205952,0.9557852532964365,0.3017521711135334,COMPLETE
1341,1341,0.504147465437788,2021-02-07 03:04:16.160245,2021-02-07 03:04:32.378570,0 days 00:00:16.218325,0.05554153593236237,0.9593358085562864,0.14497424297296907,COMPLETE
1342,1342,0.5923195084485408,2021-02-07 03:04:32.379499,2021-02-07 03:04:43.491148,0 days 00:00:11.111649,0.04456442076731495,0.9404483495270326,0.18507521003861568,COMPLETE
1343,1343,0.5738863287250384,2021-02-07 03:04:43.492070,2021-02-07 03:04:54.166750,0 days 00:00:10.674680,0.03379146016036913,0.9437482808657823,0.20834174502069694,COMPLETE
1344,1344,0.5778801843317972,2021-02-07 03:04:54.167667,2021-02-07 03:05:05.539308,0 days 00:00:11.371641,0.00046460128112465755,0.9619506343505879,0.2745394434777619,COMPLETE
1345,1345,0.5053763440860215,2021-02-07 03:05:05.540215,2021-02-07 03:05:16.551457,0 days 00:00:11.011242,0.08100396983135841,0.9393724316883431,0.16067379675284982,COMPLETE
1346,1346,0.584331797235023,2021-02-07 03:05:16.552379,2021-02-07 03:05:27.259878,0 days 00:00:10.707499,0.02415681709416643,0.9374912869768638,0.3371535112098584,COMPLETE
1347,1347,0.49400921658986174,2021-02-07 03:05:27.260806,2021-02-07 03:05:43.297796,0 days 00:00:16.036990,0.050282949708935584,0.9410974617161652,0.19762743869257454,COMPLETE
1348,1348,0.5268817204301075,2021-02-07 03:05:43.298728,2021-02-07 03:05:59.398478,0 days 00:00:16.099750,0.03970115391562667,0.9459243568006445,0.2381953949344725,COMPLETE
1349,1349,0.5010752688172043,2021-02-07 03:05:59.399412,2021-02-07 03:06:10.291905,0 days 00:00:10.892493,0.02817475828996418,0.9486398418578247,0.25417979071121255,COMPLETE
1350,1350,0.5668202764976958,2021-02-07 03:06:10.292828,2021-02-07 03:06:21.121970,0 days 00:00:10.829142,0.06927984166348922,0.9361736204349848,0.2881640205479471,COMPLETE
1351,1351,0.5806451612903226,2021-02-07 03:06:21.122908,2021-02-07 03:06:32.052063,0 days 00:00:10.929155,0.034899126733517125,0.9428407019324053,0.1716195542981262,COMPLETE
1352,1352,0.500768049155146,2021-02-07 03:06:32.053470,2021-02-07 03:06:48.011267,0 days 00:00:15.957797,0.05256472514616589,0.9651219238779966,0.26911507570588855,COMPLETE
1353,1353,0.5920122887864824,2021-02-07 03:06:48.012187,2021-02-07 03:07:03.674122,0 days 00:00:15.661935,0.019989795961493993,0.93395389724222,0.017808374305810143,COMPLETE
1354,1354,0.5757296466973887,2021-02-07 03:07:03.675055,2021-02-07 03:07:14.700503,0 days 00:00:11.025448,0.0425421098792218,0.9540644226877881,0.3058671521062715,COMPLETE
1355,1355,0.5738863287250384,2021-02-07 03:07:14.701423,2021-02-07 03:07:30.693750,0 days 00:00:15.992327,0.030579861305059852,0.9503999284987307,0.22776538759268736,COMPLETE
1356,1356,0.5720430107526882,2021-02-07 03:07:30.694672,2021-02-07 03:07:47.038891,0 days 00:00:16.344219,0.09917842150297342,0.9452360748925697,0.210619506732257,COMPLETE
1357,1357,0.5410138248847927,2021-02-07 03:07:47.039814,2021-02-07 03:07:57.603322,0 days 00:00:10.563508,0.0392388140173462,0.9389187247759982,0.182992037291406,COMPLETE
1358,1358,0.4608294930875576,2021-02-07 03:07:57.604263,2021-02-07 03:08:08.229766,0 days 00:00:10.625503,0.06330073714395425,0.9571309924092664,0.1487759040798228,COMPLETE
1359,1359,0.5367127496159754,2021-02-07 03:08:08.230692,2021-02-07 03:08:24.040327,0 days 00:00:15.809635,0.023964068433614726,0.941246936242752,0.25593368136865097,COMPLETE
1360,1360,0.5640552995391706,2021-02-07 03:08:24.041254,2021-02-07 03:08:34.973459,0 days 00:00:10.932205,0.048936196172993794,0.9428924995943845,0.19406380886619726,COMPLETE
1361,1361,0.5274961597542243,2021-02-07 03:08:34.974377,2021-02-07 03:08:50.881350,0 days 00:00:15.906973,0.034679437714924925,0.9668704727929012,0.1629349594136403,COMPLETE
1362,1362,0.5345622119815668,2021-02-07 03:08:50.882261,2021-02-07 03:09:01.467624,0 days 00:00:10.585363,0.028215323876243505,0.9401352926659367,0.23849310069738128,COMPLETE
1363,1363,0.5827956989247312,2021-02-07 03:09:01.468566,2021-02-07 03:09:12.662885,0 days 00:00:11.194319,0.07645790806333895,0.9470901359778441,0.02046338859829791,COMPLETE
1364,1364,0.49370199692780337,2021-02-07 03:09:12.663817,2021-02-07 03:09:28.840196,0 days 00:00:16.176379,0.04450878145342897,0.9595425228496762,0.31321784438810035,COMPLETE
1365,1365,0.5978494623655914,2021-02-07 03:09:28.841127,2021-02-07 03:09:39.562239,0 days 00:00:10.721112,0.060348506917729104,0.9444039305359686,0.2869316323401979,COMPLETE
1366,1366,0.5748079877112136,2021-02-07 03:09:39.563177,2021-02-07 03:09:51.034779,0 days 00:00:11.471602,1.4612478436437772e-05,0.9381504993957366,0.2064348395874083,COMPLETE
1367,1367,0.5852534562211982,2021-02-07 03:09:51.035713,2021-02-07 03:10:01.719479,0 days 00:00:10.683766,0.033008670790428296,0.9365140269071397,0.1751222075659206,COMPLETE
1368,1368,0.5984639016897081,2021-02-07 03:10:01.720398,2021-02-07 03:10:17.677923,0 days 00:00:15.957525,0.021812519373537016,0.9420765885751838,0.22527951206978866,COMPLETE
1369,1369,0.5192012288786483,2021-02-07 03:10:17.678860,2021-02-07 03:10:33.591660,0 days 00:00:15.912800,0.05330088295828579,0.9755016417770905,0.2672130867282546,COMPLETE
1370,1370,0.5738863287250384,2021-02-07 03:10:33.592590,2021-02-07 03:10:44.553030,0 days 00:00:10.960440,0.040672242642135384,0.9486823222966725,0.1350019918198777,COMPLETE
1371,1371,0.5797235023041475,2021-02-07 03:10:44.553963,2021-02-07 03:11:00.693293,0 days 00:00:16.139330,0.017761478602088588,0.944772058260013,0.1591132573141437,COMPLETE
1372,1372,0.5987711213517665,2021-02-07 03:11:00.694221,2021-02-07 03:11:11.697838,0 days 00:00:11.003617,0.027154706483248435,0.9619134902450613,0.32665999496490805,COMPLETE
1373,1373,0.5179723502304148,2021-02-07 03:11:11.698769,2021-02-07 03:11:27.908293,0 days 00:00:16.209524,0.03787327855220448,0.9522383666117166,0.19023146660071477,COMPLETE
1374,1374,0.524731182795699,2021-02-07 03:11:27.909223,2021-02-07 03:11:43.877108,0 days 00:00:15.967885,0.031326778777072496,0.9465715428824334,0.2452632484152175,COMPLETE
1375,1375,0.5324116743471582,2021-02-07 03:11:43.878047,2021-02-07 03:11:59.889918,0 days 00:00:16.011871,0.04835264466283004,0.9403204152878115,0.28259051733954405,COMPLETE
1376,1376,0.5960061443932412,2021-02-07 03:11:59.890854,2021-02-07 03:12:10.894486,0 days 00:00:11.003632,0.06662034055171644,0.9431839050415591,0.222730361142719,COMPLETE
1377,1377,0.522273425499232,2021-02-07 03:12:10.895425,2021-02-07 03:12:22.013183,0 days 00:00:11.117758,0.02532279484762076,0.9865919045564941,0.17614300947429026,COMPLETE
1378,1378,0.5686635944700461,2021-02-07 03:12:22.014118,2021-02-07 03:12:37.877811,0 days 00:00:15.863693,0.046379626565715794,0.9557096198313985,0.2627011879513952,COMPLETE
1379,1379,0.5271889400921659,2021-02-07 03:12:37.878765,2021-02-07 03:12:48.944835,0 days 00:00:11.066070,0.0567217624098704,0.9502065683320474,0.21034431034815437,COMPLETE
1380,1380,0.5932411674347158,2021-02-07 03:12:48.945757,2021-02-07 03:13:04.457228,0 days 00:00:15.511471,0.03435598645823702,0.9411092201714205,0.08002701130058906,COMPLETE
1381,1381,0.5539170506912442,2021-02-07 03:13:04.458164,2021-02-07 03:13:25.283130,0 days 00:00:20.824966,0.04034318807673745,0.9385949014254823,0.1938745869785987,COMPLETE
1382,1382,0.4328725038402458,2021-02-07 03:13:25.284060,2021-02-07 03:13:36.177740,0 days 00:00:10.893680,0.000733942131138372,0.9473088199665302,0.29672190177727176,COMPLETE
1383,1383,0.5204301075268817,2021-02-07 03:13:36.178690,2021-02-07 03:13:47.230644,0 days 00:00:11.051954,0.07629911390086257,0.9347043593734456,0.24404253456349764,COMPLETE
1384,1384,0.5210445468509984,2021-02-07 03:13:47.231577,2021-02-07 03:13:58.418777,0 days 00:00:11.187200,0.03020512642145295,0.958170346678292,0.15027180377260646,COMPLETE
1385,1385,0.5456221198156682,2021-02-07 03:13:58.419719,2021-02-07 03:14:14.428553,0 days 00:00:16.008834,0.02167994447841531,0.9364634236319811,0.34706596964184766,COMPLETE
1386,1386,0.5314900153609831,2021-02-07 03:14:14.429481,2021-02-07 03:14:25.539189,0 days 00:00:11.109708,0.08910838348923604,0.9431339577524349,0.16776920452812358,COMPLETE
1387,1387,0.4980030721966206,2021-02-07 03:14:25.540125,2021-02-07 03:14:36.345886,0 days 00:00:10.805761,0.05430637631584215,0.9635068324486968,0.2720855130226755,COMPLETE
1388,1388,0.6147465437788019,2021-02-07 03:14:36.346838,2021-02-07 03:14:52.625440,0 days 00:00:16.278602,0.039093662291490895,0.9449489478817987,0.01931115852259344,COMPLETE
1389,1389,0.5846390168970814,2021-02-07 03:14:52.626381,2021-02-07 03:15:03.663077,0 days 00:00:11.036696,0.044973398365415584,0.9392199201246005,0.014913423953428366,COMPLETE
1390,1390,0.6095238095238096,2021-02-07 03:15:03.664009,2021-02-07 03:15:19.893798,0 days 00:00:16.229789,0.024805913681091776,0.9415858175887857,0.18354673253322523,COMPLETE
