,number,value,datetime_start,datetime_complete,duration,params_lr,params_nl2,params_num_ct,params_scheduler_gamma,params_sigma2,params_weight_decay,state
6440,6440,0.42764976958525347,2021-02-09 07:33:32.207035,2021-02-09 07:33:43.493116,0 days 00:00:11.286081,0.00020532875079454387,5,8,0.9421510305644754,16,0.03674856949147044,COMPLETE
6441,6441,0.571121351766513,2021-02-09 07:33:43.496330,2021-02-09 07:33:54.130416,0 days 00:00:10.634086,0.0004461914823552766,9,2,0.9448621207147432,16,0.0321868545412265,COMPLETE
6442,6442,0.37327188940092165,2021-02-09 07:33:54.133664,2021-02-09 07:34:05.907193,0 days 00:00:11.773529,0.000958828531153557,17,10,0.9347292003830108,16,0.02897363256584572,COMPLETE
6443,6443,0.41351766513056837,2021-02-09 07:34:05.910416,2021-02-09 07:34:17.061286,0 days 00:00:11.150870,1.3618503704391401e-05,11,2,0.9317521458888067,16,0.02791279335397223,COMPLETE
6444,6444,0.45683563748079875,2021-02-09 07:34:17.064526,2021-02-09 07:34:33.856231,0 days 00:00:16.791705,1.5865759589789727e-05,15,8,0.9029347447730636,18,0.024299638955077807,COMPLETE
6445,6445,0.46175115207373274,2021-02-09 07:34:33.859440,2021-02-09 07:34:49.702209,0 days 00:00:15.842769,0.0005845516859374411,13,2,0.909586592302398,16,0.03894777481838796,COMPLETE
6446,6446,0.39815668202764976,2021-02-09 07:34:49.705430,2021-02-09 07:35:01.149200,0 days 00:00:11.443770,0.00014960591827206085,15,8,0.9117184034988204,16,0.03429710051845578,COMPLETE
6447,6447,,2021-02-09 07:35:01.152464,2021-02-09 07:35:01.929558,0 days 00:00:00.777094,0.00034344211341797565,11,0,0.9368444227432483,16,0.031104861983986088,FAIL
6448,6448,,2021-02-09 07:35:01.931876,2021-02-09 07:35:02.857737,0 days 00:00:00.925861,1.1840271652520396e-05,11,0,0.9370615242180127,16,0.031520489723504415,FAIL
6449,6449,0.40030721966205834,2021-02-09 07:35:02.860249,2021-02-09 07:35:13.945815,0 days 00:00:11.085566,1.1885749729160435e-05,11,4,0.9366086808705486,16,0.031288406133699084,COMPLETE
6450,6450,0.5453149001536098,2021-02-09 07:35:13.949026,2021-02-09 07:35:30.720741,0 days 00:00:16.771715,0.00034056690739795646,13,8,0.9053213628247251,20,0.019027058649333062,COMPLETE
6451,6451,,2021-02-09 07:35:30.723950,2021-02-09 07:35:31.494113,0 days 00:00:00.770163,8.660385710494645e-05,15,0,0.9397096300768523,16,0.033998704624553705,FAIL
6452,6452,,2021-02-09 07:35:31.498293,2021-02-09 07:35:32.252853,0 days 00:00:00.754560,8.742932066860099e-05,15,0,0.9296074120506254,16,0.06253006893076662,FAIL
6453,6453,0.6282642089093702,2021-02-09 07:35:32.256945,2021-02-09 07:35:43.526020,0 days 00:00:11.269075,0.0005207702035648539,15,2,0.9388114394060026,16,0.03450723046656324,COMPLETE
6454,6454,,2021-02-09 07:35:43.529275,2021-02-09 07:35:44.286896,0 days 00:00:00.757621,0.0004966019733426033,15,0,0.9385600681002901,16,0.04190090042950498,FAIL
6455,6455,0.4660522273425499,2021-02-09 07:35:44.291006,2021-02-09 07:35:55.389016,0 days 00:00:11.098010,0.0005233980794718575,15,2,0.9386872854910097,16,0.04165820286341796,COMPLETE
6456,6456,0.5953917050691244,2021-02-09 07:35:55.392239,2021-02-09 07:36:06.926370,0 days 00:00:11.534131,6.666385690532772e-05,11,8,0.9342899755589329,16,0.027504682342030684,COMPLETE
6457,6457,0.41351766513056837,2021-02-09 07:36:06.929604,2021-02-09 07:36:23.557361,0 days 00:00:16.627757,0.00047971433360971294,15,8,0.9357321517378288,14,0.03999241021067357,COMPLETE
6458,6458,0.6230414746543779,2021-02-09 07:36:23.560633,2021-02-09 07:36:34.744041,0 days 00:00:11.183408,0.0006844444874733061,15,2,0.9393691740787352,16,0.03670854876569721,COMPLETE
6459,6459,,2021-02-09 07:36:34.747288,2021-02-09 07:36:35.509119,0 days 00:00:00.761831,1.0012089825841135e-05,13,0,0.9284820811616272,18,0.03170045166434682,FAIL
6460,6460,,2021-02-09 07:36:35.511596,2021-02-09 07:36:36.267026,0 days 00:00:00.755430,8.71903166874279e-05,13,0,0.9289976030988907,18,0.030938216075949928,FAIL
6461,6461,,2021-02-09 07:36:36.269436,2021-02-09 07:36:37.022689,0 days 00:00:00.753253,8.464720631112811e-05,5,0,0.922805732415266,18,0.030680489703186965,FAIL
6462,6462,0.5689708141321045,2021-02-09 07:36:37.025188,2021-02-09 07:36:53.137094,0 days 00:00:16.111906,0.0002699360990457253,13,6,0.932625376660442,18,0.031148239719533045,COMPLETE
6463,6463,,2021-02-09 07:36:53.140339,2021-02-09 07:36:53.916152,0 days 00:00:00.775813,0.0005172158554186654,15,0,0.940860222262648,16,0.034584320631227336,FAIL
6464,6464,,2021-02-09 07:36:53.918521,2021-02-09 07:36:54.670949,0 days 00:00:00.752428,0.0005831371562637414,15,0,0.9393660616375702,16,0.03520366336800001,FAIL
6465,6465,,2021-02-09 07:36:54.675011,2021-02-09 07:36:55.466883,0 days 00:00:00.791872,0.0005655002390425436,15,0,0.9404974353088886,16,0.034772837465871544,FAIL
6466,6466,0.5391705069124424,2021-02-09 07:36:55.470863,2021-02-09 07:37:06.276763,0 days 00:00:10.805900,0.0005328243043879743,15,2,0.9406337638370416,16,0.035674336851158985,COMPLETE
6467,6467,0.5093701996927803,2021-02-09 07:37:06.280056,2021-02-09 07:38:09.786391,0 days 00:01:03.506335,0.002879139346465446,11,8,0.9000400482473421,18,0.02579735386125863,COMPLETE
6468,6468,,2021-02-09 07:38:09.789606,2021-02-09 07:38:10.549759,0 days 00:00:00.760153,0.0001028931361377058,9,0,0.9023729212222805,20,0.022567138814829905,FAIL
6469,6469,,2021-02-09 07:38:10.553866,2021-02-09 07:38:11.304420,0 days 00:00:00.750554,0.0001000277472339818,9,0,0.9017820755914571,20,0.022422265416292123,FAIL
6470,6470,0.38771121351766513,2021-02-09 07:38:11.306790,2021-02-09 07:38:28.327023,0 days 00:00:17.020233,8.320239849945611e-05,9,8,0.9021813564891544,20,0.022046113022115878,COMPLETE
6471,6471,0.6156682027649769,2021-02-09 07:38:28.330266,2021-02-09 07:38:54.634079,0 days 00:00:26.303813,0.0005698111986579032,13,4,0.9398715176375387,16,0.037918796634599815,COMPLETE
6472,6472,,2021-02-09 07:38:54.637325,2021-02-09 07:38:55.405291,0 days 00:00:00.767966,0.0004278849688254341,15,0,0.9409830558473824,16,0.03369286388023899,FAIL
6473,6473,,2021-02-09 07:38:55.409455,2021-02-09 07:38:56.190855,0 days 00:00:00.781400,0.00043853834936144123,15,0,0.9417456178663448,16,0.034357395763997677,FAIL
6474,6474,,2021-02-09 07:38:56.193280,2021-02-09 07:38:56.944747,0 days 00:00:00.751467,0.0004695275828670556,15,0,0.9381647199944244,16,0.03331263892536187,FAIL
6475,6475,0.4783410138248848,2021-02-09 07:38:56.948813,2021-02-09 07:39:07.507870,0 days 00:00:10.559057,0.0004166556847125295,15,2,0.9395134655683258,16,0.03426494876778293,COMPLETE
6476,6476,,2021-02-09 07:39:07.511170,2021-02-09 07:39:08.285474,0 days 00:00:00.774304,0.00010603779056135205,11,0,0.9064129719544429,18,0.06538775198326155,FAIL
6477,6477,0.42857142857142855,2021-02-09 07:39:08.289457,2021-02-09 07:39:20.090965,0 days 00:00:11.801508,1.016968055501401e-05,11,8,0.9037004508951579,18,0.024255580556635764,COMPLETE
6478,6478,0.4589861751152074,2021-02-09 07:39:20.094218,2021-02-09 07:39:36.752719,0 days 00:00:16.658501,1.5380274867391992e-05,15,8,0.9063954525923574,18,0.06522723034676473,COMPLETE
6479,6479,0.5293394777265745,2021-02-09 07:39:36.755967,2021-02-09 07:39:48.039246,0 days 00:00:11.283279,0.0006359051697641068,15,2,0.9419207699046392,16,0.04465257649920229,COMPLETE
6480,6480,0.38341013824884795,2021-02-09 07:39:48.042499,2021-02-09 07:39:59.626115,0 days 00:00:11.583616,2.1364393340056663e-05,15,8,0.9046154352499441,20,0.02244395863751445,COMPLETE
6481,6481,,2021-02-09 07:39:59.629373,2021-02-09 07:40:00.574002,0 days 00:00:00.944629,0.0006437247004458336,5,0,0.9379351516081532,16,0.04120292343054544,FAIL
6482,6482,0.5056835637480799,2021-02-09 07:40:00.576547,2021-02-09 07:40:16.288562,0 days 00:00:15.712015,0.0004883809762507097,5,2,0.9378299795503057,16,0.03351189592831936,COMPLETE
6483,6483,,2021-02-09 07:40:16.291803,2021-02-09 07:40:17.048714,0 days 00:00:00.756911,0.0006825537261932192,15,0,0.939986884797354,16,0.04285430684174695,FAIL
6484,6484,,2021-02-09 07:40:17.052874,2021-02-09 07:40:17.843234,0 days 00:00:00.790360,0.0007931957675047036,15,0,0.9407943547127946,16,0.04786270919200489,FAIL
6485,6485,0.49216589861751153,2021-02-09 07:40:17.845768,2021-02-09 07:41:21.993032,0 days 00:01:04.147264,0.0006612021092395821,15,2,0.940629154570756,16,0.04124301229462187,COMPLETE
6486,6486,,2021-02-09 07:41:21.996282,2021-02-09 07:41:22.909739,0 days 00:00:00.913457,0.00043233031040648966,13,0,0.9374563984313639,16,0.040041372169592235,FAIL
6487,6487,,2021-02-09 07:41:22.913842,2021-02-09 07:41:23.674580,0 days 00:00:00.760738,0.000759199026455878,13,0,0.9381131474111356,16,0.04081510752763972,FAIL
6488,6488,0.5357910906298003,2021-02-09 07:41:23.676997,2021-02-09 07:42:21.375908,0 days 00:00:57.698911,0.0004205284087955574,13,8,0.9376223391365948,16,0.03867627043223068,COMPLETE
6489,6489,0.4196620583717358,2021-02-09 07:42:21.378993,2021-02-09 07:42:32.625821,0 days 00:00:11.246828,0.0005948063777634657,11,8,0.9382108774627099,16,0.04283420494519071,COMPLETE
6490,6490,0.43164362519201227,2021-02-09 07:42:32.629084,2021-02-09 07:42:44.257051,0 days 00:00:11.627967,0.0007311702018214379,19,8,0.9355649247170766,16,0.03674858801564976,COMPLETE
6491,6491,0.3772657450076805,2021-02-09 07:42:44.260350,2021-02-09 07:42:55.302509,0 days 00:00:11.042159,0.0004563863552924893,15,2,0.9430448823220261,14,0.03382232891070723,COMPLETE
6492,6492,,2021-02-09 07:42:55.305766,2021-02-09 07:42:56.077647,0 days 00:00:00.771881,0.0008033928967739171,15,0,0.9415273031571588,16,0.040848586612914704,FAIL
6493,6493,0.631336405529954,2021-02-09 07:42:56.081793,2021-02-09 07:43:06.900454,0 days 00:00:10.818661,0.0008240522235846479,15,2,0.9395901791500443,16,0.04019122375752147,COMPLETE
6494,6494,,2021-02-09 07:43:06.903702,2021-02-09 07:43:07.667341,0 days 00:00:00.763639,0.0009054265131792021,13,0,0.9411553828616919,20,0.05177160062442268,FAIL
6495,6495,0.44423963133640554,2021-02-09 07:43:07.671530,2021-02-09 07:43:29.227324,0 days 00:00:21.555794,0.0009946408943385281,13,6,0.9403999847030352,20,0.0467713234531517,COMPLETE
6496,6496,0.5741935483870968,2021-02-09 07:43:29.230683,2021-02-09 07:44:54.773226,0 days 00:01:25.542543,0.000987697670673244,15,2,0.9413777221730453,18,0.05100462929618536,COMPLETE
6497,6497,,2021-02-09 07:44:54.776505,2021-02-09 07:44:55.537652,0 days 00:00:00.761147,0.0007982042217607802,15,0,0.9427305480519619,16,0.046796347744947314,FAIL
6498,6498,0.4359447004608295,2021-02-09 07:44:55.540170,2021-02-09 07:46:06.105221,0 days 00:01:10.565051,0.001134512608443631,15,2,0.9425409178686012,16,0.04134149776786993,COMPLETE
6499,6499,,2021-02-09 07:46:06.108477,2021-02-09 07:46:06.872313,0 days 00:00:00.763836,0.0008817960637633865,15,0,0.9411240883948655,16,0.0402601644874962,FAIL
6500,6500,0.5757296466973887,2021-02-09 07:46:06.874956,2021-02-09 07:46:17.723607,0 days 00:00:10.848651,0.0009554700788585263,15,2,0.9390623594465476,16,0.04784250358888984,COMPLETE
6501,6501,0.4153609831029186,2021-02-09 07:46:17.726853,2021-02-09 07:46:38.041320,0 days 00:00:20.314467,0.0008636209449829443,15,2,0.9389655836217871,16,0.04214879886732387,COMPLETE
6502,6502,0.39508448540706603,2021-02-09 07:46:38.044583,2021-02-09 07:46:49.105273,0 days 00:00:11.060690,0.000799738990793888,9,2,0.9404445102024261,16,0.04824655035732736,COMPLETE
6503,6503,0.4254992319508449,2021-02-09 07:46:49.108551,2021-02-09 07:47:00.321366,0 days 00:00:11.212815,0.0006317520635135171,15,2,0.9414840828047677,16,0.04415998164950343,COMPLETE
6504,6504,,2021-02-09 07:47:00.324728,2021-02-09 07:47:01.091461,0 days 00:00:00.766733,0.0008865958697884507,15,0,0.9441139743187846,18,0.04361586951936675,FAIL
6505,6505,,2021-02-09 07:47:01.093933,2021-02-09 07:47:01.848222,0 days 00:00:00.754289,0.0007720422923516702,15,0,0.9405360794118834,18,0.04172358799760801,FAIL
6506,6506,0.4927803379416283,2021-02-09 07:47:01.850771,2021-02-09 07:47:13.223071,0 days 00:00:11.372300,0.0008057982074080343,15,8,0.9427882318629309,18,0.046550525431973876,COMPLETE
6507,6507,,2021-02-09 07:47:13.226323,2021-02-09 07:47:13.982870,0 days 00:00:00.756547,0.00081280483666492,11,0,0.944756052410903,20,0.04060355703048482,FAIL
6508,6508,,2021-02-09 07:47:13.987005,2021-02-09 07:47:14.774962,0 days 00:00:00.787957,0.0008498744835664675,11,0,0.9429922776239635,20,0.04543503474125926,FAIL
6509,6509,0.5124423963133641,2021-02-09 07:47:14.779042,2021-02-09 07:47:45.510675,0 days 00:00:30.731633,0.0007625954754568216,11,4,0.9439260730725195,20,0.04520641958214082,COMPLETE
6510,6510,0.45714285714285713,2021-02-09 07:47:45.513963,2021-02-09 07:48:30.921669,0 days 00:00:45.407706,0.001217761350781767,15,2,0.9417961271081563,18,0.041513314260714605,COMPLETE
6511,6511,,2021-02-09 07:48:30.924924,2021-02-09 07:48:31.678949,0 days 00:00:00.754025,0.0008522372328349268,15,0,0.9383167485771231,16,0.04319515209914541,FAIL
6512,6512,0.5287250384024578,2021-02-09 07:48:31.683096,2021-02-09 07:49:33.086224,0 days 00:01:01.403128,0.0008208514946644376,15,2,0.9386058276987254,16,0.041786829076555135,COMPLETE
6513,6513,,2021-02-09 07:49:33.089492,2021-02-09 07:49:33.843230,0 days 00:00:00.753738,0.0008337258611110331,15,0,0.9396994593275364,16,0.03929028397287299,FAIL
6514,6514,0.39447004608294933,2021-02-09 07:49:33.845664,2021-02-09 07:49:44.716402,0 days 00:00:10.870738,0.0007298263486646389,15,2,0.9387780200383317,16,0.035714033612471496,COMPLETE
6515,6515,,2021-02-09 07:49:44.719677,2021-02-09 07:49:45.496951,0 days 00:00:00.777274,0.0006185076430417629,15,0,0.9400602318674399,20,0.037733470793585126,FAIL
6516,6516,0.5883256528417818,2021-02-09 07:49:45.499460,2021-02-09 07:49:56.360356,0 days 00:00:10.860896,0.0009894219264370346,15,2,0.9437437776565855,14,0.040005620419563105,COMPLETE
6517,6517,,2021-02-09 07:49:56.363607,2021-02-09 07:49:57.133605,0 days 00:00:00.769998,0.0006358207482574158,15,0,0.941452070149174,16,0.039290322389339105,FAIL
6518,6518,0.6110599078341014,2021-02-09 07:49:57.136090,2021-02-09 07:50:07.845195,0 days 00:00:10.709105,0.0008555579235229635,15,2,0.9389708928051683,16,0.04475515238561765,COMPLETE
6519,6519,0.44823348694316434,2021-02-09 07:50:07.848481,2021-02-09 07:50:18.732252,0 days 00:00:10.883771,0.0006885432370920186,15,2,0.9393626218406423,20,0.03815078663095339,COMPLETE
6520,6520,0.3723502304147465,2021-02-09 07:50:18.735546,2021-02-09 07:50:29.575775,0 days 00:00:10.840229,0.0008075324681619452,15,2,0.9437170618732523,18,0.03974940347641768,COMPLETE
6521,6521,,2021-02-09 07:50:29.579192,2021-02-09 07:50:30.351348,0 days 00:00:00.772156,0.0008402871547407108,7,0,0.9348014756477397,16,0.04026046916990075,FAIL
6522,6522,0.5127496159754225,2021-02-09 07:50:30.353859,2021-02-09 07:50:41.301536,0 days 00:00:10.947677,0.0007755557964319962,7,2,0.937297511905209,16,0.03982185639690606,COMPLETE
6523,6523,0.5336405529953917,2021-02-09 07:50:41.304797,2021-02-09 07:51:17.236911,0 days 00:00:35.932114,0.0006832992267908785,15,2,0.9406283528435123,16,0.043939912559022395,COMPLETE
6524,6524,0.4924731182795699,2021-02-09 07:51:17.240204,2021-02-09 07:51:28.889605,0 days 00:00:11.649401,0.0015797605329578752,17,8,0.9375074209446206,20,0.03803487424573257,COMPLETE
6525,6525,,2021-02-09 07:51:28.892882,2021-02-09 07:51:29.667099,0 days 00:00:00.774217,0.0005922335430832203,11,0,0.9371683771487314,16,0.03821618243697352,FAIL
6526,6526,,2021-02-09 07:51:29.669678,2021-02-09 07:51:30.417019,0 days 00:00:00.747341,0.0009508270656590054,11,0,0.9405262783593326,16,0.04049393864031041,FAIL
6527,6527,,2021-02-09 07:51:30.419530,2021-02-09 07:51:31.168910,0 days 00:00:00.749380,0.0006388868878549685,11,0,0.9373785231712838,16,0.05053814025246689,FAIL
6528,6528,,2021-02-09 07:51:31.171455,2021-02-09 07:51:31.930157,0 days 00:00:00.758702,0.0009041578101498595,11,0,0.9367353145998134,16,0.049877338637577075,FAIL
6529,6529,0.602457757296467,2021-02-09 07:51:31.934405,2021-02-09 07:51:42.970926,0 days 00:00:11.036521,0.0005972267003816233,11,2,0.9371547280422194,16,0.03949687304295185,COMPLETE
6530,6530,,2021-02-09 07:51:42.974219,2021-02-09 07:51:43.744954,0 days 00:00:00.770735,0.0008626768711342874,15,0,0.902863461659467,18,0.01789869939462849,FAIL
6531,6531,0.3990783410138249,2021-02-09 07:51:43.747455,2021-02-09 07:51:55.502559,0 days 00:00:11.755104,0.0009336373481292727,15,8,0.9456482971707035,18,0.051613661857689605,COMPLETE
6532,6532,0.5536098310291858,2021-02-09 07:51:55.505833,2021-02-09 07:52:21.645116,0 days 00:00:26.139283,0.0014022905506717938,15,6,0.9023907383081919,18,0.043513482851369495,COMPLETE
6533,6533,,2021-02-09 07:52:21.648370,2021-02-09 07:52:22.399182,0 days 00:00:00.750812,0.0009437649063119966,15,0,0.9422846959580381,18,0.027259193619102205,FAIL
6534,6534,0.41351766513056837,2021-02-09 07:52:22.401736,2021-02-09 07:52:33.110671,0 days 00:00:10.708935,0.0008999219332822961,15,2,0.9432224723861653,18,0.07221417677832433,COMPLETE
6535,6535,,2021-02-09 07:52:33.113962,2021-02-09 07:52:44.052807,0 days 00:00:10.938845,0.0007666140015359772,13,8,0.9420998723893135,18,0.03696235211033208,FAIL
6536,6536,0.4626728110599078,2021-02-09 07:52:44.056286,2021-02-09 07:53:32.181529,0 days 00:00:48.125243,0.0010974439209451743,13,8,0.9361564176889066,18,0.03725951717529847,COMPLETE
6537,6537,,2021-02-09 07:53:32.184808,2021-02-09 07:53:32.963771,0 days 00:00:00.778963,0.0008060322805219772,9,0,0.9367840304325191,16,0.036999779926843536,FAIL
6538,6538,,2021-02-09 07:53:32.968022,2021-02-09 07:53:33.773599,0 days 00:00:00.805577,0.0009015074641108538,5,0,0.9414521388334205,16,0.03646935129253051,FAIL
6539,6539,,2021-02-09 07:53:33.777650,2021-02-09 07:53:34.605952,0 days 00:00:00.828302,0.0009935681338108144,5,0,0.9359689005263071,16,0.03636247872941558,FAIL
6540,6540,,2021-02-09 07:53:34.608396,2021-02-09 07:53:35.370152,0 days 00:00:00.761756,0.0009048463029549801,9,0,0.9347374856282826,16,0.03614533649970822,FAIL
6541,6541,0.6178187403993856,2021-02-09 07:53:35.372611,2021-02-09 07:53:46.690161,0 days 00:00:11.317550,0.0006264123324044431,5,2,0.9466927318388836,16,0.035683554540662556,COMPLETE
6542,6542,0.5772657450076805,2021-02-09 07:53:46.693475,2021-02-09 07:54:03.536280,0 days 00:00:16.842805,0.0006319103279339493,7,8,0.9420976311950781,18,0.041989330945046165,COMPLETE
6543,6543,0.37542242703533024,2021-02-09 07:54:03.539558,2021-02-09 07:54:14.445351,0 days 00:00:10.905793,0.000543910378054665,15,2,0.9395785456342384,16,0.04754483256985815,COMPLETE
6544,6544,0.39416282642089095,2021-02-09 07:54:14.448670,2021-02-09 07:54:30.307730,0 days 00:00:15.859060,0.000733388356341442,15,2,0.9408188316421947,16,0.03804008465635945,COMPLETE
6545,6545,,2021-02-09 07:54:30.311038,2021-02-09 07:54:31.086260,0 days 00:00:00.775222,0.0010109351701291154,11,0,0.9367171925166303,12,0.019965813168905406,FAIL
6546,6546,,2021-02-09 07:54:31.090452,2021-02-09 07:54:31.866662,0 days 00:00:00.776210,0.0009545736457983727,11,0,0.9297317078648663,20,0.020226928664776878,FAIL
6547,6547,0.6307219662058372,2021-02-09 07:54:31.868998,2021-02-09 07:54:43.241267,0 days 00:00:11.372269,0.0010936300400184462,11,4,0.9359615192683813,20,0.018208546583424752,COMPLETE
6548,6548,0.5410138248847927,2021-02-09 07:54:43.244573,2021-02-09 07:54:54.290190,0 days 00:00:11.045617,0.0008255481014632498,11,4,0.9370572276910691,18,0.018216938763396195,COMPLETE
6549,6549,,2021-02-09 07:54:54.293454,2021-02-09 07:54:55.050429,0 days 00:00:00.756975,0.0016087799065390089,13,0,0.9355598598669204,20,0.016887453942043655,FAIL
6550,6550,0.6288786482334869,2021-02-09 07:54:55.052917,2021-02-09 07:55:20.747653,0 days 00:00:25.694736,0.0010901486193412794,9,4,0.936631273196127,20,0.02062775297224641,COMPLETE
6551,6551,0.5333333333333333,2021-02-09 07:55:20.750951,2021-02-09 07:55:31.846271,0 days 00:00:11.095320,0.0014658586796366957,9,4,0.9368080827022017,20,0.017117563579075006,COMPLETE
6552,6552,0.543778801843318,2021-02-09 07:55:31.849966,2021-02-09 07:55:43.085999,0 days 00:00:11.236033,0.0011752170887829778,9,4,0.9374175900745632,20,0.015309649366865569,COMPLETE
6553,6553,0.5526881720430108,2021-02-09 07:55:43.089268,2021-02-09 07:56:19.263889,0 days 00:00:36.174621,0.00123823418527208,9,4,0.9364840387697483,20,0.019364831474551123,COMPLETE
6554,6554,0.5059907834101383,2021-02-09 07:56:19.267183,2021-02-09 07:56:30.249096,0 days 00:00:10.981913,0.0014453473491105662,9,6,0.9370607298228602,20,0.015303503676197323,COMPLETE
6555,6555,,2021-02-09 07:56:30.252393,2021-02-09 07:56:31.022366,0 days 00:00:00.769973,0.0011948687306678515,9,0,0.937550736898278,20,0.01776395853895622,FAIL
6556,6556,,2021-02-09 07:56:31.024695,2021-02-09 07:56:31.930347,0 days 00:00:00.905652,0.0011713765260381933,9,0,0.9352955463860849,20,0.021329162748664362,FAIL
6557,6557,,2021-02-09 07:56:31.932953,2021-02-09 07:56:32.688071,0 days 00:00:00.755118,0.001146898930509363,7,0,0.9364650194030227,20,0.01866996609067815,FAIL
6558,6558,,2021-02-09 07:56:32.690562,2021-02-09 07:56:33.461068,0 days 00:00:00.770506,0.0013250901847391718,7,0,0.934853123472348,20,0.017515507831192323,FAIL
6559,6559,,2021-02-09 07:56:33.465212,2021-02-09 07:56:34.237501,0 days 00:00:00.772289,0.0016506224671686148,9,0,0.9352572150405503,20,0.01641333872967728,FAIL
6560,6560,0.43870967741935485,2021-02-09 07:56:34.241592,2021-02-09 07:56:45.457032,0 days 00:00:11.215440,0.001055805412495681,9,4,0.9375849046696025,20,0.020413364648766124,COMPLETE
6561,6561,0.6110599078341014,2021-02-09 07:56:45.460379,2021-02-09 07:57:01.631458,0 days 00:00:16.171079,0.0012219687793453564,9,4,0.9353452792509636,20,0.016016157985126657,COMPLETE
6562,6562,,2021-02-09 07:57:01.634758,2021-02-09 07:57:02.412706,0 days 00:00:00.777948,0.0014050130092567701,9,0,0.936175539320097,20,0.017599604836784292,FAIL
6563,6563,0.4258064516129032,2021-02-09 07:57:02.416836,2021-02-09 07:57:13.597361,0 days 00:00:11.180525,0.0010630051499008442,9,4,0.935304758842322,20,0.018739946219028608,COMPLETE
6564,6564,,2021-02-09 07:57:13.600672,2021-02-09 07:57:14.378741,0 days 00:00:00.778069,0.0012289721769606526,9,0,0.9390063016890592,20,0.016334383634388216,FAIL
