,number,value,datetime_start,datetime_complete,duration,params_lr,params_nl2,params_num_ct,params_scheduler_gamma,params_sigma2,params_weight_decay,state
1348,1348,,2021-02-08 21:33:52.973330,2021-02-08 21:33:53.732149,0 days 00:00:00.758819,0.0002708011870466341,15,0,0.9660812224054902,20,0.05002151892358256,FAIL
1349,1349,,2021-02-08 21:33:53.733392,2021-02-08 21:33:54.404260,0 days 00:00:00.670868,0.0003640384907369192,15,0,0.9601415718245576,20,0.0141342146376327,FAIL
1350,1350,,2021-02-08 21:33:54.404986,2021-02-08 21:33:55.029226,0 days 00:00:00.624240,0.00038831367532916644,15,0,0.966393682585681,20,0.013812668099808202,FAIL
1351,1351,,2021-02-08 21:33:55.030396,2021-02-08 21:33:55.744124,0 days 00:00:00.713728,0.00039727020331125273,15,0,0.9666070810527128,20,0.013175895484904077,FAIL
1352,1352,,2021-02-08 21:33:55.745343,2021-02-08 21:33:56.390700,0 days 00:00:00.645357,0.00030140129525626694,15,0,0.9667807477599403,20,0.05046074628715157,FAIL
1353,1353,,2021-02-08 21:33:56.391897,2021-02-08 21:33:57.078589,0 days 00:00:00.686692,0.0002877082045931908,15,0,0.9664784164313026,20,0.012832751436803933,FAIL
1354,1354,,2021-02-08 21:33:57.079427,2021-02-08 21:33:57.739741,0 days 00:00:00.660314,0.0003179003947309409,15,0,0.9598557772839678,20,0.01270883026050423,FAIL
1355,1355,,2021-02-08 21:33:57.740577,2021-02-08 21:33:58.370903,0 days 00:00:00.630326,1.7463639340203702e-05,15,0,0.9602684469889544,20,0.014057041507150578,FAIL
1356,1356,,2021-02-08 21:33:58.371717,2021-02-08 21:33:59.140625,0 days 00:00:00.768908,0.0003112978393671173,15,0,0.9604679223899609,20,0.014239314973670604,FAIL
1357,1357,,2021-02-08 21:33:59.141446,2021-02-08 21:33:59.786812,0 days 00:00:00.645366,0.0003024139196097636,15,0,0.96061688105094,20,0.05279578098929591,FAIL
1358,1358,,2021-02-08 21:33:59.787632,2021-02-08 21:34:00.429733,0 days 00:00:00.642101,0.0003054910507538271,15,0,0.9667409414057151,20,0.014400745883263915,FAIL
1359,1359,,2021-02-08 21:34:00.430562,2021-02-08 21:34:01.081995,0 days 00:00:00.651433,0.00029591375822057153,15,0,0.9663666304479217,20,0.014123014330955176,FAIL
1360,1360,,2021-02-08 21:34:01.083224,2021-02-08 21:34:01.754151,0 days 00:00:00.670927,0.0002820208055128262,15,0,0.9668485243180509,20,0.013164850618404151,FAIL
1361,1361,,2021-02-08 21:34:01.755372,2021-02-08 21:34:02.430856,0 days 00:00:00.675484,0.000290604268964186,15,0,0.9663744550529882,20,0.013542769661780227,FAIL
1362,1362,,2021-02-08 21:34:02.431573,2021-02-08 21:34:03.090065,0 days 00:00:00.658492,0.0002869332045857363,15,0,0.9596663361234747,20,0.014458858740059002,FAIL
1363,1363,,2021-02-08 21:34:03.091282,2021-02-08 21:34:03.782409,0 days 00:00:00.691127,0.0004191510282408604,15,0,0.9655463031700349,20,0.05263077292030186,FAIL
1364,1364,,2021-02-08 21:34:03.783640,2021-02-08 21:34:04.590319,0 days 00:00:00.806679,0.00028653987085121144,15,0,0.9612801511427057,20,0.01512116156029082,FAIL
1365,1365,,2021-02-08 21:34:04.591081,2021-02-08 21:34:05.239898,0 days 00:00:00.648817,0.0004084829259678688,15,0,0.9661960810812321,20,0.014487877013147077,FAIL
1366,1366,,2021-02-08 21:34:05.240622,2021-02-08 21:34:05.885990,0 days 00:00:00.645368,0.00037610761598163715,15,0,0.9665407159636041,20,0.012805359158342886,FAIL
1367,1367,,2021-02-08 21:34:05.887189,2021-02-08 21:34:06.572842,0 days 00:00:00.685653,0.00037330890019148335,15,0,0.9606286966136365,20,0.05270394976926659,FAIL
1368,1368,,2021-02-08 21:34:06.574105,2021-02-08 21:34:07.253875,0 days 00:00:00.679770,0.00027535429031420573,15,0,0.9661289506100313,20,0.014747443925438194,FAIL
1369,1369,,2021-02-08 21:34:07.255101,2021-02-08 21:34:07.901507,0 days 00:00:00.646406,0.0003735332289594663,15,0,0.966404275703077,20,0.014448925755195276,FAIL
1370,1370,,2021-02-08 21:34:07.902723,2021-02-08 21:34:08.559729,0 days 00:00:00.657006,0.0003180751776784145,15,0,0.9665822174337515,20,0.05143131445403569,FAIL
1371,1371,,2021-02-08 21:34:08.560943,2021-02-08 21:34:09.262043,0 days 00:00:00.701100,2.197211800307529e-05,15,0,0.9604614937103445,20,0.014268031588190047,FAIL
1372,1372,,2021-02-08 21:34:09.262805,2021-02-08 21:34:10.052101,0 days 00:00:00.789296,1.959727843515414e-05,15,0,0.977526349458797,20,0.01292736841493799,FAIL
1373,1373,,2021-02-08 21:34:10.053271,2021-02-08 21:34:10.714765,0 days 00:00:00.661494,0.00031884759126569106,15,0,0.966256542223817,20,0.01849479007132489,FAIL
1374,1374,,2021-02-08 21:34:10.715480,2021-02-08 21:34:11.360853,0 days 00:00:00.645373,0.00038336442365429494,15,0,0.9605230218391756,20,0.013545434620289516,FAIL
1375,1375,,2021-02-08 21:34:11.361574,2021-02-08 21:34:12.022036,0 days 00:00:00.660462,0.00029401710951579426,15,0,0.9604085881906543,20,0.05119622457352269,FAIL
1376,1376,,2021-02-08 21:34:12.022764,2021-02-08 21:34:12.684129,0 days 00:00:00.661365,1.9131867092367115e-05,15,0,0.9608383851805428,20,0.01463119667738662,FAIL
1377,1377,0.4592933947772657,2021-02-08 21:34:12.685307,2021-02-08 21:34:24.506563,0 days 00:00:11.821256,0.00035980909745264784,15,10,0.9668500856796594,20,0.014254644123085698,COMPLETE
1378,1378,,2021-02-08 21:34:24.507588,2021-02-08 21:34:25.164567,0 days 00:00:00.656979,1.811199941336635e-05,19,0,0.9597382031447013,20,0.05281231000625373,FAIL
1379,1379,,2021-02-08 21:34:25.165279,2021-02-08 21:34:25.942564,0 days 00:00:00.777285,1.9538003965428563e-05,19,0,0.9615833490279903,20,0.05372024285208211,FAIL
1380,1380,,2021-02-08 21:34:25.943816,2021-02-08 21:34:26.627631,0 days 00:00:00.683815,2.1673293437142295e-05,19,0,0.9602165545613045,20,0.05417106913623165,FAIL
1381,1381,,2021-02-08 21:34:26.628837,2021-02-08 21:34:27.300291,0 days 00:00:00.671454,4.024545888674435e-05,19,0,0.9604312718408639,20,0.050528913247710146,FAIL
1382,1382,,2021-02-08 21:34:27.301023,2021-02-08 21:34:27.943574,0 days 00:00:00.642551,0.0002607615446027223,19,0,0.9609943947269037,20,0.05250156165565517,FAIL
1383,1383,,2021-02-08 21:34:27.944808,2021-02-08 21:34:28.598045,0 days 00:00:00.653237,2.009639067461815e-05,19,0,0.9610971748944598,20,0.05328888905101676,FAIL
1384,1384,,2021-02-08 21:34:28.598829,2021-02-08 21:34:29.250891,0 days 00:00:00.652062,2.088871021671175e-05,19,0,0.977760926346258,20,0.019649181208584204,FAIL
1385,1385,,2021-02-08 21:34:29.251612,2021-02-08 21:34:29.905776,0 days 00:00:00.654164,0.0007540924072986532,19,0,0.9590512211810288,20,0.050336210126288486,FAIL
1386,1386,,2021-02-08 21:34:29.906511,2021-02-08 21:34:30.559870,0 days 00:00:00.653359,2.050937441457714e-05,19,0,0.9604781867538368,20,0.018311752875949883,FAIL
1387,1387,,2021-02-08 21:34:30.560594,2021-02-08 21:34:31.347560,0 days 00:00:00.786966,1.0010522864044607e-05,19,0,0.9598697596712266,20,0.052760018582078655,FAIL
1388,1388,,2021-02-08 21:34:31.348300,2021-02-08 21:34:31.990816,0 days 00:00:00.642516,4.3370088265401064e-05,7,0,0.9608794914740405,20,0.054739175800982774,FAIL
1389,1389,,2021-02-08 21:34:31.991536,2021-02-08 21:34:32.648817,0 days 00:00:00.657281,3.893836781769095e-05,19,0,0.9596970348946251,20,0.0526472801637869,FAIL
1390,1390,,2021-02-08 21:34:32.650044,2021-02-08 21:34:33.310707,0 days 00:00:00.660663,2.023508493827907e-05,7,0,0.9600185860096968,20,0.05161863149173847,FAIL
1391,1391,,2021-02-08 21:34:33.311986,2021-02-08 21:34:34.030427,0 days 00:00:00.718441,2.097834099998244e-05,19,0,0.976590755974992,20,0.01877435868439034,FAIL
1392,1392,,2021-02-08 21:34:34.031645,2021-02-08 21:34:34.731736,0 days 00:00:00.700091,1.984781432080136e-05,19,0,0.9617730389390701,20,0.05189621338810365,FAIL
1393,1393,,2021-02-08 21:34:34.732971,2021-02-08 21:34:35.402900,0 days 00:00:00.669929,4.0187331625548237e-05,19,0,0.9601253266431601,20,0.017994672436163574,FAIL
1394,1394,0.44946236559139785,2021-02-08 21:34:35.404322,2021-02-08 21:34:46.515253,0 days 00:00:11.110931,2.282486183397323e-05,19,6,0.977105512352761,20,0.05179205678918576,COMPLETE
1395,1395,,2021-02-08 21:34:46.516288,2021-02-08 21:34:47.181227,0 days 00:00:00.664939,4.118020350525877e-05,11,0,0.9599011053315197,20,0.018259155708843643,FAIL
1396,1396,,2021-02-08 21:34:47.182413,2021-02-08 21:34:47.854952,0 days 00:00:00.672539,4.046707653394564e-05,11,0,0.9601486852245502,20,0.024698334007967494,FAIL
1397,1397,,2021-02-08 21:34:47.856195,2021-02-08 21:34:48.526795,0 days 00:00:00.670600,4.009785918165177e-05,11,0,0.9600841589323589,20,0.018202081698989556,FAIL
1398,1398,,2021-02-08 21:34:48.528034,2021-02-08 21:34:49.184566,0 days 00:00:00.656532,4.6454938204915185e-05,11,0,0.9607749027635718,20,0.019343201662216803,FAIL
1399,1399,0.4,2021-02-08 21:34:49.185386,2021-02-08 21:35:00.587463,0 days 00:00:11.402077,3.735329918444092e-05,11,8,0.9608221402791872,20,0.018234565769023235,COMPLETE
1400,1400,,2021-02-08 21:35:00.588477,2021-02-08 21:35:01.260788,0 days 00:00:00.672311,6.582753297715578e-05,9,0,0.9552941753864299,18,0.024673497775913707,FAIL
1401,1401,,2021-02-08 21:35:01.262032,2021-02-08 21:35:02.048259,0 days 00:00:00.786227,6.28404139945902e-05,9,0,0.9859152720637488,18,0.011997639716140627,FAIL
1402,1402,,2021-02-08 21:35:02.049498,2021-02-08 21:35:02.700418,0 days 00:00:00.650920,0.00011304804116407129,9,0,0.9727391823874554,18,0.024855858691127608,FAIL
1403,1403,,2021-02-08 21:35:02.701661,2021-02-08 21:35:03.372505,0 days 00:00:00.670844,0.00027946354934898175,9,0,0.9733158128028618,18,0.012324563089751564,FAIL
1404,1404,,2021-02-08 21:35:03.373734,2021-02-08 21:35:04.056588,0 days 00:00:00.682854,0.00026950356823568,9,0,0.9716186500893426,18,0.0252705420380759,FAIL
1405,1405,,2021-02-08 21:35:04.057373,2021-02-08 21:35:04.718967,0 days 00:00:00.661594,0.00012341068930573005,9,0,0.9716581548122543,18,0.025240660999059066,FAIL
1406,1406,,2021-02-08 21:35:04.720222,2021-02-08 21:35:05.422673,0 days 00:00:00.702451,6.478783720282116e-05,9,0,0.9721292215627086,18,0.024213262006360824,FAIL
1407,1407,,2021-02-08 21:35:05.423949,2021-02-08 21:35:06.119599,0 days 00:00:00.695650,6.98021129551072e-05,9,0,0.9727785907610986,18,0.02483403719584503,FAIL
1408,1408,,2021-02-08 21:35:06.120869,2021-02-08 21:35:06.785254,0 days 00:00:00.664385,0.0006862643279847077,9,0,0.9716165115015808,18,0.06989860656681565,FAIL
1409,1409,,2021-02-08 21:35:06.786098,2021-02-08 21:35:07.573607,0 days 00:00:00.787509,0.0006852529505151987,9,0,0.9720855755814477,18,0.025763132007587338,FAIL
1410,1410,,2021-02-08 21:35:07.574856,2021-02-08 21:35:08.236065,0 days 00:00:00.661209,6.544110691854344e-05,9,0,0.973230485017227,18,0.06704944703844765,FAIL
1411,1411,,2021-02-08 21:35:08.237309,2021-02-08 21:35:08.927672,0 days 00:00:00.690363,6.032256455159318e-05,9,0,0.9563189366983728,18,0.0122215023651088,FAIL
1412,1412,,2021-02-08 21:35:08.928918,2021-02-08 21:35:09.595002,0 days 00:00:00.666084,6.294278079835954e-05,9,0,0.9722777133543264,18,0.011726647176461638,FAIL
1413,1413,,2021-02-08 21:35:09.596237,2021-02-08 21:35:10.281335,0 days 00:00:00.685098,9.771641064004478e-05,9,0,0.971372140076023,18,0.011970944653501328,FAIL
1414,1414,,2021-02-08 21:35:10.282056,2021-02-08 21:35:10.907798,0 days 00:00:00.625742,0.0007668623181405525,9,0,0.9654255438848881,18,0.06709870479469258,FAIL
1415,1415,,2021-02-08 21:35:10.909035,2021-02-08 21:35:11.570585,0 days 00:00:00.661550,6.810756023640728e-05,9,0,0.9652711434787874,18,0.02465132519218699,FAIL
1416,1416,,2021-02-08 21:35:11.571844,2021-02-08 21:35:12.276829,0 days 00:00:00.704985,6.286551281493017e-05,9,0,0.9560101932461978,18,0.011780008564660634,FAIL
1417,1417,,2021-02-08 21:35:12.278083,2021-02-08 21:35:13.066979,0 days 00:00:00.788896,0.0002608033326271578,9,0,0.9720794167584493,18,0.06724171938643102,FAIL
1418,1418,,2021-02-08 21:35:13.067700,2021-02-08 21:35:13.733363,0 days 00:00:00.665663,6.30966885968839e-05,9,0,0.9726134520418943,18,0.0239747298165915,FAIL
1419,1419,,2021-02-08 21:35:13.734094,2021-02-08 21:35:14.384180,0 days 00:00:00.650086,5.9211340843667715e-05,9,0,0.9851812587102595,18,0.024182250836218666,FAIL
1420,1420,,2021-02-08 21:35:14.385394,2021-02-08 21:35:15.093186,0 days 00:00:00.707792,0.0007985253156843395,9,0,0.9720569236926742,18,0.011689711767542873,FAIL
1421,1421,,2021-02-08 21:35:15.094418,2021-02-08 21:35:15.753747,0 days 00:00:00.659329,6.273371671956953e-05,9,0,0.9729217924759189,18,0.025302277738213575,FAIL
1422,1422,,2021-02-08 21:35:15.754966,2021-02-08 21:35:16.410857,0 days 00:00:00.655891,0.0002666008444418219,9,0,0.9723014185030772,18,0.012090195491448172,FAIL
1423,1423,,2021-02-08 21:35:16.412105,2021-02-08 21:35:17.088131,0 days 00:00:00.676026,0.0007570132090140184,9,0,0.9731618445973964,18,0.02431525857988961,FAIL
1424,1424,,2021-02-08 21:35:17.088880,2021-02-08 21:35:17.736115,0 days 00:00:00.647235,6.580859973283503e-05,9,0,0.9230935182006995,18,0.012030748918775529,FAIL
1425,1425,,2021-02-08 21:35:17.736855,2021-02-08 21:35:18.517980,0 days 00:00:00.781125,0.000270068914553482,9,0,0.9722318472600271,18,0.011427371898219024,FAIL
1426,1426,,2021-02-08 21:35:18.518749,2021-02-08 21:35:19.177581,0 days 00:00:00.658832,5.8032759100064595e-05,9,0,0.9227404273668398,18,0.012251465093574627,FAIL
1427,1427,,2021-02-08 21:35:19.178343,2021-02-08 21:35:19.843705,0 days 00:00:00.665362,6.777652585978926e-05,9,0,0.9708893099654266,18,0.026138918434285882,FAIL
1428,1428,,2021-02-08 21:35:19.844963,2021-02-08 21:35:20.531452,0 days 00:00:00.686489,6.989320060764221e-05,9,0,0.9722436973275607,18,0.06690652174990827,FAIL
1429,1429,,2021-02-08 21:35:20.532234,2021-02-08 21:35:21.187775,0 days 00:00:00.655541,7.117493611924079e-05,9,0,0.970854154951991,18,0.024230668788792722,FAIL
1430,1430,,2021-02-08 21:35:21.188981,2021-02-08 21:35:21.855714,0 days 00:00:00.666733,0.0007557799798139571,9,0,0.9657256268059281,18,0.011838845759224188,FAIL
1431,1431,,2021-02-08 21:35:21.856505,2021-02-08 21:35:22.514750,0 days 00:00:00.658245,0.0002634350782765334,9,0,0.9233552313065245,18,0.06770155767888769,FAIL
1432,1432,,2021-02-08 21:35:22.515483,2021-02-08 21:35:23.163969,0 days 00:00:00.648486,6.764288918317039e-05,9,0,0.972842287477285,18,0.06625886085097557,FAIL
1433,1433,,2021-02-08 21:35:23.164753,2021-02-08 21:35:23.936685,0 days 00:00:00.771932,0.0008356116071900235,9,0,0.9726873705428152,18,0.012019129860612038,FAIL
1434,1434,,2021-02-08 21:35:23.937426,2021-02-08 21:35:24.572866,0 days 00:00:00.635440,1.0050567112234352e-05,9,0,0.9730105249171843,18,0.02651683139668187,FAIL
1435,1435,,2021-02-08 21:35:24.573603,2021-02-08 21:35:25.208845,0 days 00:00:00.635242,1.0176511551670419e-05,9,0,0.9711865761088332,18,0.024624525232225098,FAIL
1436,1436,,2021-02-08 21:35:25.210107,2021-02-08 21:35:25.878341,0 days 00:00:00.668234,1.0170495756012477e-05,9,0,0.9715756082996132,18,0.026518365827497444,FAIL
1437,1437,,2021-02-08 21:35:25.879573,2021-02-08 21:35:26.537212,0 days 00:00:00.657639,0.00010566488201660661,9,0,0.9714897390736926,18,0.011971966641331528,FAIL
1438,1438,,2021-02-08 21:35:26.538444,2021-02-08 21:35:27.189648,0 days 00:00:00.651204,0.0006968561832682948,9,0,0.9653715284876063,18,0.025265370284162376,FAIL
1439,1439,,2021-02-08 21:35:27.190404,2021-02-08 21:35:27.835959,0 days 00:00:00.645555,0.0002716011367751593,9,0,0.9575538475076582,18,0.011798228756520639,FAIL
1440,1440,0.6279569892473118,2021-02-08 21:35:27.836719,2021-02-08 21:35:38.302840,0 days 00:00:10.466121,0.0007105428269826994,9,2,0.9856764461832618,18,0.025032094350728704,COMPLETE
1441,1441,,2021-02-08 21:35:38.303886,2021-02-08 21:35:38.957325,0 days 00:00:00.653439,0.0006857191788566774,7,0,0.9714019794840105,16,0.025315937122661336,FAIL
1442,1442,,2021-02-08 21:35:38.958598,2021-02-08 21:35:39.649458,0 days 00:00:00.690860,0.0012269637615414488,7,0,0.9853520834066234,16,0.024564485320818417,FAIL
1443,1443,0.6316436251920123,2021-02-08 21:35:39.650201,2021-02-08 21:36:00.410764,0 days 00:00:20.760563,0.0027211225054711865,7,2,0.9853828891116494,16,0.035998728647244425,COMPLETE
1444,1444,,2021-02-08 21:36:00.411807,2021-02-08 21:36:01.081862,0 days 00:00:00.670055,0.004228217796770503,5,0,0.9854106977556045,16,0.035600458330685585,FAIL
1445,1445,,2021-02-08 21:36:01.083133,2021-02-08 21:36:01.755607,0 days 00:00:00.672474,0.004190254358328862,5,0,0.9864484006610592,16,0.036275603580749216,FAIL
1446,1446,,2021-02-08 21:36:01.756828,2021-02-08 21:36:02.565042,0 days 00:00:00.808214,0.0038610532062743528,5,0,0.9857297700556626,16,0.03418908117033843,FAIL
1447,1447,,2021-02-08 21:36:02.566346,2021-02-08 21:36:03.231325,0 days 00:00:00.664979,0.003647211085173879,5,0,0.9850708116762944,16,0.033356312730918124,FAIL
1448,1448,,2021-02-08 21:36:03.232543,2021-02-08 21:36:03.888094,0 days 00:00:00.655551,0.004103206506246485,5,0,0.9865625941203197,16,0.031196279284165556,FAIL
1449,1449,,2021-02-08 21:36:03.888891,2021-02-08 21:36:04.521630,0 days 00:00:00.632739,0.00410315309398124,5,0,0.9866575929569377,16,0.035234175979170265,FAIL
1450,1450,,2021-02-08 21:36:04.522893,2021-02-08 21:36:05.177718,0 days 00:00:00.654825,0.0043986884189567725,5,0,0.9854483994942318,16,0.03576114304514374,FAIL
1451,1451,,2021-02-08 21:36:05.178505,2021-02-08 21:36:05.839955,0 days 00:00:00.661450,0.0036503929831704185,7,0,0.9864558147562387,16,0.03373401868790285,FAIL
1452,1452,,2021-02-08 21:36:05.841239,2021-02-08 21:36:06.505716,0 days 00:00:00.664477,0.0034083732934052963,5,0,0.9869085080249872,16,0.06911901197860075,FAIL
1453,1453,,2021-02-08 21:36:06.506447,2021-02-08 21:36:07.159610,0 days 00:00:00.653163,0.003682571058325992,5,0,0.9851287048677205,16,0.03621045582288004,FAIL
1454,1454,0.5133640552995392,2021-02-08 21:36:07.160824,2021-02-08 21:36:18.151192,0 days 00:00:10.990368,0.00813248563226608,5,2,0.9855013347945837,16,0.03529322036490513,COMPLETE
1455,1455,,2021-02-08 21:36:18.152236,2021-02-08 21:36:18.802296,0 days 00:00:00.650060,0.003179936404466464,7,0,0.9809684886661424,16,0.025409146521973795,FAIL
1456,1456,,2021-02-08 21:36:18.803043,2021-02-08 21:36:19.456191,0 days 00:00:00.653148,0.0028698273167376883,7,0,0.9858003931431077,16,0.028234683316819897,FAIL
1457,1457,,2021-02-08 21:36:19.457450,2021-02-08 21:36:20.153042,0 days 00:00:00.695592,0.003935297772153818,7,0,0.9811066469533459,16,0.02324054819239764,FAIL
1458,1458,,2021-02-08 21:36:20.154280,2021-02-08 21:36:20.803012,0 days 00:00:00.648732,0.003551438548395473,7,0,0.9810631011509294,16,0.02504762713741038,FAIL
1459,1459,,2021-02-08 21:36:20.804245,2021-02-08 21:36:21.485822,0 days 00:00:00.681577,0.0036959797112327457,7,0,0.9861476727396408,16,0.026463002089634712,FAIL
1460,1460,,2021-02-08 21:36:21.486619,2021-02-08 21:36:22.273193,0 days 00:00:00.786574,0.0032625680809253285,7,0,0.9810495187519147,16,0.0272593577223558,FAIL
1461,1461,0.5053763440860215,2021-02-08 21:36:22.274435,2021-02-08 21:36:52.299241,0 days 00:00:30.024806,0.002874942991427453,7,2,0.9810670491410208,16,0.025134740622067695,COMPLETE
1462,1462,,2021-02-08 21:36:52.300295,2021-02-08 21:36:52.970510,0 days 00:00:00.670215,0.0015329081861290422,9,0,0.986441541780932,16,0.03078998174894574,FAIL
1463,1463,,2021-02-08 21:36:52.971746,2021-02-08 21:36:53.637697,0 days 00:00:00.665951,0.004439943456189156,9,0,0.9857828770485945,16,0.029566407671106,FAIL
1464,1464,,2021-02-08 21:36:53.638446,2021-02-08 21:36:54.294161,0 days 00:00:00.655715,0.0037326482331332955,9,0,0.9867277512991339,16,0.04086230796447303,FAIL
1465,1465,0.5302611367127497,2021-02-08 21:36:54.294921,2021-02-08 21:37:19.883727,0 days 00:00:25.588806,0.0037153689341508723,9,2,0.9866913652975565,16,0.031665905780763365,COMPLETE
1466,1466,,2021-02-08 21:37:19.884799,2021-02-08 21:37:20.569481,0 days 00:00:00.684682,0.0008288729587196518,7,0,0.9723782315709807,16,0.0427988704031008,FAIL
1467,1467,,2021-02-08 21:37:20.570796,2021-02-08 21:37:21.261198,0 days 00:00:00.690402,0.00084958410639521,7,0,0.9797731658333645,16,0.042121342409167116,FAIL
1468,1468,,2021-02-08 21:37:21.262439,2021-02-08 21:37:21.965671,0 days 00:00:00.703232,0.0008643799421981132,7,0,0.983198872010404,16,0.0410745737820717,FAIL
1469,1469,,2021-02-08 21:37:21.966450,2021-02-08 21:37:22.619282,0 days 00:00:00.652832,0.001175566899158216,7,0,0.9726338388819601,16,0.04610218910736438,FAIL
1470,1470,0.44208909370199695,2021-02-08 21:37:22.620007,2021-02-08 21:37:33.360089,0 days 00:00:10.740082,0.0006943311582074621,7,2,0.9733057675324007,16,0.04561477940310177,COMPLETE
1471,1471,,2021-02-08 21:37:33.361139,2021-02-08 21:37:34.028454,0 days 00:00:00.667315,0.0012845384287410234,9,0,0.9790317427263041,14,0.027325625972854598,FAIL
1472,1472,,2021-02-08 21:37:34.029304,2021-02-08 21:37:34.811900,0 days 00:00:00.782596,0.001338895088639487,9,0,0.9839292953595874,14,0.026159770512770384,FAIL
1473,1473,,2021-02-08 21:37:34.813201,2021-02-08 21:37:35.487725,0 days 00:00:00.674524,0.0017151734226243218,9,0,0.9788624836439173,14,0.06723307889019788,FAIL
1474,1474,,2021-02-08 21:37:35.488975,2021-02-08 21:37:36.165623,0 days 00:00:00.676648,0.0012662114369637165,9,0,0.9796259222981784,14,0.06683120446183469,FAIL
1475,1475,,2021-02-08 21:37:36.166922,2021-02-08 21:37:36.847347,0 days 00:00:00.680425,0.0013810353695342685,9,0,0.9779348681270074,14,0.06674750411984551,FAIL
1476,1476,,2021-02-08 21:37:36.848138,2021-02-08 21:37:37.494050,0 days 00:00:00.645912,0.001165087049717982,9,0,0.9806865860981551,14,0.02562201371143163,FAIL
1477,1477,,2021-02-08 21:37:37.494794,2021-02-08 21:37:38.149402,0 days 00:00:00.654608,0.0015318503293867912,9,0,0.9790897033171853,14,0.02618543435963505,FAIL
1478,1478,,2021-02-08 21:37:38.150713,2021-02-08 21:37:38.806654,0 days 00:00:00.655941,0.0011917482047784519,9,0,0.9788267577891946,14,0.02671084403649737,FAIL
1479,1479,,2021-02-08 21:37:38.807422,2021-02-08 21:37:39.462955,0 days 00:00:00.655533,0.0010417594728223496,9,0,0.9789709073095199,14,0.024266169226528866,FAIL
1480,1480,,2021-02-08 21:37:39.464414,2021-02-08 21:37:40.240179,0 days 00:00:00.775765,0.0011523474177745263,9,0,0.9790069377159983,14,0.026495011143102532,FAIL
