,number,value,datetime_start,datetime_complete,duration,params_lr,params_nl2,params_num_ct,params_scheduler_gamma,params_sigma2,params_weight_decay,state
7936,7936,0.5274961597542243,2021-02-09 11:51:27.671977,2021-02-09 11:52:19.228681,0 days 00:00:51.556704,0.0002506870229072751,7,6,0.9000515866641204,20,0.021983849860597975,COMPLETE
7937,7937,0.4470046082949309,2021-02-09 11:52:19.232583,2021-02-09 11:52:30.073556,0 days 00:00:10.840973,0.00011571990900949643,11,2,0.9380900962751407,20,0.10903502418826577,COMPLETE
7938,7938,,2021-02-09 11:52:30.077481,2021-02-09 11:52:30.868980,0 days 00:00:00.791499,0.00019008416957558443,11,0,0.9018592045604393,20,0.12000571230651623,FAIL
7939,7939,,2021-02-09 11:52:30.872210,2021-02-09 11:52:31.674645,0 days 00:00:00.802435,9.747728939955238e-05,11,0,0.9417524993647772,20,0.1225654863114421,FAIL
7940,7940,0.5468509984639017,2021-02-09 11:52:31.677802,2021-02-09 11:52:47.495307,0 days 00:00:15.817505,9.76574860412893e-05,11,2,0.9023852244985051,20,0.02363197134393757,COMPLETE
7941,7941,0.43502304147465437,2021-02-09 11:52:47.499204,2021-02-09 11:52:59.598681,0 days 00:00:12.099477,8.76940938728298e-05,7,10,0.9412392083469312,20,0.02207656388779969,COMPLETE
7942,7942,,2021-02-09 11:52:59.602560,2021-02-09 11:53:00.398467,0 days 00:00:00.795907,0.0001858812543047276,11,0,0.9226270176034311,20,0.08852406821255196,FAIL
7943,7943,0.5990783410138248,2021-02-09 11:53:00.401643,2021-02-09 11:53:11.220766,0 days 00:00:10.819123,0.0002011216534776986,11,2,0.9368072835792528,20,0.024346601378919055,COMPLETE
7944,7944,,2021-02-09 11:53:11.224658,2021-02-09 11:53:12.025574,0 days 00:00:00.800916,0.00012434686177353684,11,0,0.9049862042428055,20,0.09322360274874428,FAIL
7945,7945,,2021-02-09 11:53:12.028642,2021-02-09 11:53:12.817278,0 days 00:00:00.788636,0.00015667318367836648,11,0,0.904398328788432,20,0.12877991459062982,FAIL
7946,7946,0.45622119815668205,2021-02-09 11:53:12.822262,2021-02-09 11:53:29.210763,0 days 00:00:16.388501,0.0001308349443870245,11,2,0.9261549318189277,20,0.11949850143930561,COMPLETE
7947,7947,,2021-02-09 11:53:29.214657,2021-02-09 11:53:30.016399,0 days 00:00:00.801742,0.0001606244210090763,7,0,0.9425024224450235,20,0.02467153710666156,FAIL
7948,7948,0.5864823348694317,2021-02-09 11:53:30.019714,2021-02-09 11:53:46.166686,0 days 00:00:16.146972,0.00015871091296293347,7,2,0.9042267905246374,20,0.021701498276301634,COMPLETE
7949,7949,0.6187403993855607,2021-02-09 11:53:46.170623,2021-02-09 11:54:12.010938,0 days 00:00:25.840315,9.322265167184867e-05,17,2,0.9017811305775562,20,0.08446239737304613,COMPLETE
7950,7950,0.39293394777265744,2021-02-09 11:54:12.014833,2021-02-09 11:54:22.971596,0 days 00:00:10.956763,0.0001177564174294955,11,2,0.942268684636212,20,0.048355067941278126,COMPLETE
7951,7951,,2021-02-09 11:54:22.975479,2021-02-09 11:54:23.770067,0 days 00:00:00.794588,0.00014257059765647082,11,0,0.9218294124430985,20,0.1321817281927496,FAIL
7952,7952,,2021-02-09 11:54:23.775324,2021-02-09 11:54:24.631150,0 days 00:00:00.855826,0.00023234688797328784,11,0,0.9062397904243021,20,0.024606754859848617,FAIL
7953,7953,,2021-02-09 11:54:24.636425,2021-02-09 11:54:25.463261,0 days 00:00:00.826836,0.0001526615449977668,11,0,0.905494571234679,20,0.17899757893857657,FAIL
7954,7954,,2021-02-09 11:54:25.468599,2021-02-09 11:54:26.292959,0 days 00:00:00.824360,0.00017876458458718854,11,0,0.9054534566158942,20,0.4585304172552271,FAIL
7955,7955,,2021-02-09 11:54:26.298245,2021-02-09 11:54:27.112014,0 days 00:00:00.813769,0.0001866110244271461,11,0,0.9061089187228476,20,0.3121493435129603,FAIL
7956,7956,,2021-02-09 11:54:27.117230,2021-02-09 11:54:27.991417,0 days 00:00:00.874187,0.0002509168713687354,11,0,0.92169586538088,20,0.09144822998473627,FAIL
7957,7957,0.4205837173579109,2021-02-09 11:54:27.994673,2021-02-09 11:54:54.195770,0 days 00:00:26.201097,0.00024875884475999033,11,6,0.9058548883150572,20,0.024598645066142306,COMPLETE
7958,7958,,2021-02-09 11:54:54.199722,2021-02-09 11:54:54.984405,0 days 00:00:00.784683,0.00014758386336280964,7,0,0.9223944400650653,20,0.09343744252664318,FAIL
7959,7959,,2021-02-09 11:54:54.987569,2021-02-09 11:54:55.932942,0 days 00:00:00.945373,0.00015090938863724916,7,0,0.9000894838030166,20,0.023059366988248804,FAIL
7960,7960,,2021-02-09 11:54:55.938077,2021-02-09 11:54:56.750169,0 days 00:00:00.812092,0.00014934252564742775,7,0,0.9366078119594086,20,0.08818222175521101,FAIL
7961,7961,0.4184331797235023,2021-02-09 11:54:56.755334,2021-02-09 11:55:07.486598,0 days 00:00:10.731264,0.0001569597272411749,7,2,0.9403007466778064,20,0.09518042285039907,COMPLETE
7962,7962,0.5738863287250384,2021-02-09 11:55:07.490487,2021-02-09 11:55:23.330430,0 days 00:00:15.839943,0.0001321399825656363,11,2,0.9000781715274014,20,0.18267009086195723,COMPLETE
7963,7963,0.5846390168970814,2021-02-09 11:55:23.334310,2021-02-09 11:55:39.115573,0 days 00:00:15.781263,0.00018582292017606147,11,2,0.9842453843503904,20,0.21475585215357434,COMPLETE
7964,7964,0.5339477726574501,2021-02-09 11:55:39.119547,2021-02-09 11:55:50.102059,0 days 00:00:10.982512,0.00010605197859728672,7,2,0.9363085569224293,20,0.024234746397021483,COMPLETE
7965,7965,0.5594470046082949,2021-02-09 11:55:50.105992,2021-02-09 11:56:01.007869,0 days 00:00:10.901877,0.00014875926636071074,11,6,0.9384854790157604,20,0.021433154643587877,COMPLETE
7966,7966,,2021-02-09 11:56:01.011833,2021-02-09 11:56:01.842536,0 days 00:00:00.830703,8.548637847180275e-05,7,0,0.9027025520318896,20,0.04595494148008473,FAIL
7967,7967,0.5947772657450077,2021-02-09 11:56:01.845817,2021-02-09 11:56:22.555411,0 days 00:00:20.709594,0.00012233918466537903,7,2,0.9032878210154311,20,0.0461370454518289,COMPLETE
7968,7968,,2021-02-09 11:56:22.559313,2021-02-09 11:56:23.345965,0 days 00:00:00.786652,9.686144058939551e-05,11,0,0.9215971948508213,20,0.43809891096994813,FAIL
7969,7969,,2021-02-09 11:56:23.349220,2021-02-09 11:56:24.144102,0 days 00:00:00.794882,0.00021177544011985846,11,0,0.9000681202902501,20,0.13395623849106125,FAIL
7970,7970,0.5640552995391706,2021-02-09 11:56:24.149216,2021-02-09 11:56:35.361705,0 days 00:00:11.212489,8.694898658974911e-05,11,2,0.900088874518242,20,0.023806915598330203,COMPLETE
7971,7971,0.5763440860215053,2021-02-09 11:56:35.365657,2021-02-09 11:56:46.133724,0 days 00:00:10.768067,0.00025162969272255235,11,2,0.9348870213990941,20,0.021556232043692804,COMPLETE
7972,7972,,2021-02-09 11:56:46.137676,2021-02-09 11:56:46.939756,0 days 00:00:00.802080,0.00018476038696431797,7,0,0.9055321721989645,20,0.02479099623113303,FAIL
7973,7973,0.6288786482334869,2021-02-09 11:56:46.944856,2021-02-09 11:56:58.110490,0 days 00:00:11.165634,0.0001839475533660377,7,2,0.9869683148253281,20,0.025152298869252677,COMPLETE
7974,7974,0.48540706605222733,2021-02-09 11:56:58.114399,2021-02-09 11:57:09.287497,0 days 00:00:11.173098,0.00011488230639696759,11,2,0.9019584136013327,12,0.12732076379642332,COMPLETE
7975,7975,0.4218125960061444,2021-02-09 11:57:09.291406,2021-02-09 11:57:20.634623,0 days 00:00:11.343217,0.00021303078864821703,11,6,0.9055513313656893,20,0.02229422912140714,COMPLETE
7976,7976,0.5886328725038402,2021-02-09 11:57:20.638518,2021-02-09 11:57:46.669190,0 days 00:00:26.030672,0.0001439002093314605,7,2,0.9401903799567564,20,0.020667452760453113,COMPLETE
7977,7977,,2021-02-09 11:57:46.673109,2021-02-09 11:57:47.478279,0 days 00:00:00.805170,9.497907941299433e-05,11,0,0.9423804626329556,20,0.31240084976486115,FAIL
7978,7978,,2021-02-09 11:57:47.483427,2021-02-09 11:57:48.328401,0 days 00:00:00.844974,0.0001117840600152183,11,0,0.9425439332878108,20,0.3233480314804615,FAIL
7979,7979,,2021-02-09 11:57:48.333701,2021-02-09 11:57:49.178434,0 days 00:00:00.844733,8.440116806654403e-05,11,0,0.9218498388349469,20,0.023162715100198534,FAIL
7980,7980,,2021-02-09 11:57:49.183732,2021-02-09 11:57:50.000336,0 days 00:00:00.816604,0.00016445473929586245,11,0,0.9375583652655526,20,0.31986012399730857,FAIL
7981,7981,0.3686635944700461,2021-02-09 11:57:50.005507,2021-02-09 11:58:00.718513,0 days 00:00:10.713006,9.133421173866992e-05,11,2,0.9000561296623056,20,0.02499889714892752,COMPLETE
7982,7982,,2021-02-09 11:58:00.722435,2021-02-09 11:58:01.675271,0 days 00:00:00.952836,0.00017075715627447739,11,0,0.9384622282275024,20,0.33359504245952387,FAIL
7983,7983,0.5207373271889401,2021-02-09 11:58:01.680513,2021-02-09 11:58:12.422915,0 days 00:00:10.742402,0.00010956389623635621,11,2,0.9899936840557246,20,0.12263485992332636,COMPLETE
7984,7984,0.538863287250384,2021-02-09 11:58:12.426861,2021-02-09 11:58:42.988015,0 days 00:00:30.561154,0.0001558922166269728,7,2,0.937012328518962,20,0.022483987872146324,COMPLETE
7985,7985,,2021-02-09 11:58:42.991934,2021-02-09 11:58:43.791319,0 days 00:00:00.799385,0.00019007366891701715,11,0,0.941748272175968,20,0.023441481016844543,FAIL
7986,7986,0.5947772657450077,2021-02-09 11:58:43.794499,2021-02-09 11:58:54.725242,0 days 00:00:10.930743,0.0001969246370819195,11,2,0.9424064819180985,20,0.4420954202852502,COMPLETE
7987,7987,,2021-02-09 11:58:54.729168,2021-02-09 11:58:55.527365,0 days 00:00:00.798197,0.00013106248961081585,7,0,0.9037979234269139,20,0.024645394187457585,FAIL
7988,7988,,2021-02-09 11:58:55.532468,2021-02-09 11:58:56.501392,0 days 00:00:00.968924,0.00013012567532034468,7,0,0.9229737436338709,20,0.384288727998882,FAIL
7989,7989,0.627342549923195,2021-02-09 11:58:56.504689,2021-02-09 11:59:07.986940,0 days 00:00:11.482251,0.00012002754737610989,7,4,0.9034881476151585,20,0.045190380543795934,COMPLETE
7990,7990,,2021-02-09 11:59:07.990884,2021-02-09 11:59:08.805147,0 days 00:00:00.814263,0.00017009225668512636,11,0,0.9386537532911217,20,0.4971305869850945,FAIL
7991,7991,,2021-02-09 11:59:08.810340,2021-02-09 11:59:09.613639,0 days 00:00:00.803299,0.00016293013195507977,11,0,0.9381266319258262,20,0.24058242309685082,FAIL
7992,7992,,2021-02-09 11:59:09.618810,2021-02-09 11:59:10.460907,0 days 00:00:00.842097,0.00014173922904619718,11,0,0.9222921329316931,20,0.08792546873401928,FAIL
7993,7993,0.5480798771121351,2021-02-09 11:59:10.466106,2021-02-09 11:59:21.468479,0 days 00:00:11.002373,0.00014132689765168188,11,2,0.9232099844451331,20,0.0887905572273555,COMPLETE
7994,7994,0.4221198156682028,2021-02-09 11:59:21.472408,2021-02-09 11:59:32.477058,0 days 00:00:11.004650,8.54056606559627e-05,11,4,0.9360230949957997,20,0.023616574022560736,COMPLETE
7995,7995,0.410752688172043,2021-02-09 11:59:32.480944,2021-02-09 11:59:43.481118,0 days 00:00:11.000174,0.0001753281444798331,7,6,0.9384833429909201,20,0.325585971531418,COMPLETE
7996,7996,0.41259600614439323,2021-02-09 11:59:43.485044,2021-02-09 11:59:54.274835,0 days 00:00:10.789791,9.783702183677397e-05,11,2,0.9064272862465994,20,0.020641691455228,COMPLETE
7997,7997,,2021-02-09 11:59:54.278772,2021-02-09 11:59:55.100863,0 days 00:00:00.822091,0.0001183746430766999,11,0,0.9404343896445522,20,0.16393924570774188,FAIL
7998,7998,0.4596006144393241,2021-02-09 11:59:55.104091,2021-02-09 12:00:05.893488,0 days 00:00:10.789397,0.00013144231617985398,11,2,0.9014723253597049,20,0.023408047367148795,COMPLETE
7999,7999,,2021-02-09 12:00:05.897439,2021-02-09 12:00:06.712778,0 days 00:00:00.815339,0.000163599778580284,11,0,0.9389472201414555,20,0.025457860123830993,FAIL
8000,8000,0.6288786482334869,2021-02-09 12:00:06.717930,2021-02-09 12:00:18.089034,0 days 00:00:11.371104,0.00016581080175995778,11,4,0.9404225186755691,20,0.02466962064190455,COMPLETE
8001,8001,0.47219662058371736,2021-02-09 12:00:18.092974,2021-02-09 12:00:28.659830,0 days 00:00:10.566856,0.0002359113243573267,17,2,0.9347013614852865,20,0.33850535497749956,COMPLETE
8002,8002,0.5225806451612903,2021-02-09 12:00:28.663783,2021-02-09 12:00:39.632229,0 days 00:00:10.968446,0.00010042755955029022,7,2,0.904413121999835,20,0.021347293657505644,COMPLETE
8003,8003,0.5364055299539171,2021-02-09 12:00:39.636119,2021-02-09 12:00:50.840801,0 days 00:00:11.204682,0.0001224011340335111,7,6,0.9378125583974205,20,0.148703612277041,COMPLETE
8004,8004,0.4998463901689708,2021-02-09 12:00:50.844705,2021-02-09 12:01:01.487461,0 days 00:00:10.642756,0.00025607972910813795,11,2,0.9137503884476744,20,0.11111405671338578,COMPLETE
8005,8005,,2021-02-09 12:01:01.491391,2021-02-09 12:01:02.292926,0 days 00:00:00.801535,0.0001519155954082588,11,0,0.9016713268180838,20,0.025705685792046927,FAIL
8006,8006,0.5996927803379416,2021-02-09 12:01:02.296135,2021-02-09 12:01:42.834553,0 days 00:00:40.538418,0.0001508358384751034,11,2,0.9423050678907997,20,0.04284308533939283,COMPLETE
8007,8007,0.5662058371735791,2021-02-09 12:01:42.838456,2021-02-09 12:01:54.006162,0 days 00:00:11.167706,0.0001874818758788662,11,4,0.9031644517681925,20,0.40094760221372927,COMPLETE
8008,8008,,2021-02-09 12:01:54.010100,2021-02-09 12:01:54.823911,0 days 00:00:00.813811,0.00011105392127706724,7,0,0.9016460005740843,20,0.06041518799977347,FAIL
8009,8009,,2021-02-09 12:01:54.829186,2021-02-09 12:01:55.668264,0 days 00:00:00.839078,0.00011018502440472068,7,0,0.9392563602947002,20,0.02529962909271176,FAIL
8010,8010,0.45069124423963136,2021-02-09 12:01:55.671458,2021-02-09 12:02:11.285214,0 days 00:00:15.613756,0.00010925705825500873,7,2,0.9021697438480615,20,0.025321122775226437,COMPLETE
8011,8011,,2021-02-09 12:02:11.289161,2021-02-09 12:02:12.111505,0 days 00:00:00.822344,0.0001354420874555667,11,0,0.9399636799081258,20,0.06161642873518936,FAIL
8012,8012,,2021-02-09 12:02:12.116748,2021-02-09 12:02:12.990237,0 days 00:00:00.873489,8.282824636341223e-05,11,0,0.9396781827510968,20,0.022454749581821226,FAIL
8013,8013,,2021-02-09 12:02:12.995576,2021-02-09 12:02:13.807166,0 days 00:00:00.811590,8.646492414795122e-05,11,0,0.9398371048817605,20,0.02260699514618984,FAIL
8014,8014,0.5579109062980031,2021-02-09 12:02:13.812261,2021-02-09 12:02:24.672758,0 days 00:00:10.860497,0.00013164611544159397,11,2,0.9388045783062671,20,0.022860135888191063,COMPLETE
8015,8015,0.3757296466973886,2021-02-09 12:02:24.676700,2021-02-09 12:02:35.446712,0 days 00:00:10.770012,8.898942407970558e-05,11,4,0.905184394485715,20,0.17074668586661348,COMPLETE
8016,8016,,2021-02-09 12:02:35.450707,2021-02-09 12:02:36.261686,0 days 00:00:00.810979,0.00016767459682678486,7,0,0.9016022687621222,20,0.12173779281917851,FAIL
8017,8017,0.4685099846390169,2021-02-09 12:02:36.266829,2021-02-09 12:03:12.010945,0 days 00:00:35.744116,0.0002015324022525725,7,2,0.900055956240538,20,0.23456113471297155,COMPLETE
8018,8018,0.4734254992319508,2021-02-09 12:03:12.014905,2021-02-09 12:03:33.089626,0 days 00:00:21.074721,0.00015519399176511687,11,6,0.9356766004991639,20,0.058300659305136567,COMPLETE
8019,8019,0.37880184331797234,2021-02-09 12:03:33.093559,2021-02-09 12:03:44.130545,0 days 00:00:11.036986,7.895075013272434e-05,11,2,0.9000545371489808,20,0.025707150623581424,COMPLETE
8020,8020,0.3956989247311828,2021-02-09 12:03:44.134487,2021-02-09 12:03:55.275319,0 days 00:00:11.140832,0.00010954896014823338,7,2,0.9402470421183283,20,0.01974016524135593,COMPLETE
8021,8021,,2021-02-09 12:03:55.279255,2021-02-09 12:03:56.257783,0 days 00:00:00.978528,0.00012860356434602342,11,0,0.9375632221738157,20,0.04953243935356036,FAIL
8022,8022,,2021-02-09 12:03:56.261084,2021-02-09 12:03:57.042683,0 days 00:00:00.781599,0.0001388488596880501,11,0,0.9426518849800161,20,0.4984921582895501,FAIL
8023,8023,,2021-02-09 12:03:57.047853,2021-02-09 12:03:57.847706,0 days 00:00:00.799853,0.0001285335972301004,11,0,0.9372235277647072,20,0.02070713340551952,FAIL
8024,8024,0.5158218125960061,2021-02-09 12:03:57.850909,2021-02-09 12:04:08.894102,0 days 00:00:11.043193,0.0001260114370067703,17,4,0.9028668225617741,20,0.048483603002314364,COMPLETE
8025,8025,0.40307219662058374,2021-02-09 12:04:08.898021,2021-02-09 12:04:20.878239,0 days 00:00:11.980218,0.00017072363997955087,11,10,0.9421909940219607,20,0.020389077083236777,COMPLETE
8026,8026,,2021-02-09 12:04:20.882188,2021-02-09 12:04:21.688663,0 days 00:00:00.806475,0.0002552936909985758,7,0,0.9060465017402569,20,0.12731696902662204,FAIL
8027,8027,0.6304147465437788,2021-02-09 12:04:21.693901,2021-02-09 12:04:52.767547,0 days 00:00:31.073646,0.00021014539037332981,7,2,0.9369164761301926,20,0.022161278902487206,COMPLETE
