,number,value,datetime_start,datetime_complete,duration,params_lr,params_nl2,params_num_ct,params_scheduler_gamma,params_sigma2,params_weight_decay,state
6813,6813,0.6095238095238096,2021-02-09 08:52:24.532799,2021-02-09 08:53:15.845416,0 days 00:00:51.312617,0.00015305976570638592,7,6,0.9013279810230824,20,0.06524076796716348,COMPLETE
6814,6814,,2021-02-09 08:53:15.848817,2021-02-09 08:53:16.611370,0 days 00:00:00.762553,0.0008530163720929023,7,0,0.9380594579964079,16,0.04447790637918113,FAIL
6815,6815,,2021-02-09 08:53:16.615739,2021-02-09 08:53:17.409190,0 days 00:00:00.793451,0.0008301491794616894,7,0,0.9376451806407398,16,0.023894420451589703,FAIL
6816,6816,0.41597542242703534,2021-02-09 08:53:17.411827,2021-02-09 08:53:28.510627,0 days 00:00:11.098800,0.0008393724181690714,7,2,0.9384657565180832,16,0.043600454786137374,COMPLETE
6817,6817,0.4,2021-02-09 08:53:28.514018,2021-02-09 08:53:39.503340,0 days 00:00:10.989322,0.0003718640427726938,11,2,0.9000251946715195,16,0.02459362919843438,COMPLETE
6818,6818,,2021-02-09 08:53:39.506756,2021-02-09 08:53:40.283225,0 days 00:00:00.776469,0.0011852435666376935,11,0,0.9361796915040856,20,0.019246132141407468,FAIL
6819,6819,,2021-02-09 08:53:40.287525,2021-02-09 08:53:41.243261,0 days 00:00:00.955736,0.0011534823273569395,9,0,0.9363389744062679,20,0.019129053071324616,FAIL
6820,6820,0.4752688172043011,2021-02-09 08:53:41.245844,2021-02-09 08:53:52.080553,0 days 00:00:10.834709,0.0030647989301703133,9,4,0.9357686599243995,20,0.01899511748139281,COMPLETE
6821,6821,0.4949308755760369,2021-02-09 08:53:52.083957,2021-02-09 08:55:00.481913,0 days 00:01:08.397956,0.001152008694933908,11,6,0.9429917255675745,16,0.07432021560891526,COMPLETE
6822,6822,,2021-02-09 08:55:00.485290,2021-02-09 08:55:01.260922,0 days 00:00:00.775632,0.0015257759929747541,9,0,0.9045570239106983,16,0.033472218798316807,FAIL
6823,6823,,2021-02-09 08:55:01.265343,2021-02-09 08:55:02.045005,0 days 00:00:00.779662,0.0001252175064341652,9,0,0.9372475166487697,16,0.03291194152527291,FAIL
6824,6824,,2021-02-09 08:55:02.047593,2021-02-09 08:55:02.813180,0 days 00:00:00.765587,0.00011513230665309156,5,0,0.9372650398711503,16,0.033516983876491574,FAIL
6825,6825,0.5686635944700461,2021-02-09 08:55:02.817549,2021-02-09 08:55:23.496511,0 days 00:00:20.678962,9.446012958538032e-05,5,2,0.9047101122420862,16,0.03834699184432887,COMPLETE
6826,6826,0.5397849462365591,2021-02-09 08:55:23.499952,2021-02-09 08:55:45.775284,0 days 00:00:22.275332,0.00012058607675285274,7,10,0.9370294576472159,16,0.03249678604606316,COMPLETE
6827,6827,0.4359447004608295,2021-02-09 08:55:45.778678,2021-02-09 08:55:56.703229,0 days 00:00:10.924551,0.0015909676648032222,17,2,0.9528437465065333,20,0.022549075703616046,COMPLETE
6828,6828,0.5831029185867895,2021-02-09 08:55:56.706665,2021-02-09 08:56:17.541131,0 days 00:00:20.834466,5.040859570208296e-05,9,4,0.9414871561475269,12,0.03569424270478257,COMPLETE
6829,6829,,2021-02-09 08:56:17.544529,2021-02-09 08:56:18.492640,0 days 00:00:00.948111,0.0006786964299913962,11,0,0.9344156645843664,16,0.033313619231571036,FAIL
6830,6830,0.552073732718894,2021-02-09 08:56:18.495271,2021-02-09 08:56:34.724805,0 days 00:00:16.229534,0.0006974777857665304,11,2,0.933369391961806,16,0.02402423986072101,COMPLETE
6831,6831,,2021-02-09 08:56:34.728206,2021-02-09 08:56:35.511756,0 days 00:00:00.783550,0.0004340620975134347,7,0,0.900087567235908,16,0.10701972825721136,FAIL
6832,6832,0.4402457757296467,2021-02-09 08:56:35.516135,2021-02-09 08:56:46.596007,0 days 00:00:11.079872,0.0023417080328340294,7,2,0.9467608160518219,16,0.021070595705338906,COMPLETE
6833,6833,,2021-02-09 08:56:46.599412,2021-02-09 08:56:47.375571,0 days 00:00:00.776159,0.0009058171140668486,11,0,0.9398282408557831,20,0.03286190388967196,FAIL
6834,6834,0.4393241167434716,2021-02-09 08:56:47.378225,2021-02-09 08:57:13.645267,0 days 00:00:26.267042,0.00046951174950214035,11,4,0.9019514431001349,20,0.03364887046067866,COMPLETE
6835,6835,0.5806451612903226,2021-02-09 08:57:13.648678,2021-02-09 08:57:24.498194,0 days 00:00:10.849516,0.0019541201272678436,7,2,0.940191457275131,16,0.017042990727660093,COMPLETE
6836,6836,,2021-02-09 08:57:24.501626,2021-02-09 08:57:25.279785,0 days 00:00:00.778159,0.00023756259860959272,9,0,0.9350187351110119,20,0.041940229468032046,FAIL
6837,6837,0.3815668202764977,2021-02-09 08:57:25.282413,2021-02-09 08:57:36.397682,0 days 00:00:11.115269,0.0008960314823644776,9,2,0.9350647721700692,14,0.03918112858726018,COMPLETE
6838,6838,,2021-02-09 08:57:36.401097,2021-02-09 08:57:37.180431,0 days 00:00:00.779334,0.00027865391026923815,11,0,0.9037136189520082,16,0.01935187144248474,FAIL
6839,6839,0.38433179723502303,2021-02-09 08:57:37.184774,2021-02-09 08:57:53.614441,0 days 00:00:16.429667,0.0013629075080929703,11,4,0.9066194847452189,16,0.042878712582530266,COMPLETE
6840,6840,,2021-02-09 08:57:53.617839,2021-02-09 08:57:54.409779,0 days 00:00:00.791940,0.0005928689948364725,5,0,0.9303225884384747,20,0.0187403936742861,FAIL
6841,6841,,2021-02-09 08:57:54.412512,2021-02-09 08:57:55.183965,0 days 00:00:00.771453,0.0002359092258657296,5,0,0.9001064278366084,20,0.01976100993802234,FAIL
6842,6842,0.4632872503840246,2021-02-09 08:57:55.188299,2021-02-09 08:58:10.843341,0 days 00:00:15.655042,0.00029061265901177407,5,2,0.938264964849268,20,0.01930139736931945,COMPLETE
6843,6843,,2021-02-09 08:58:10.846762,2021-02-09 08:58:11.617974,0 days 00:00:00.771212,0.0005340129169179033,9,0,0.9038368538976407,16,0.03282225510701443,FAIL
6844,6844,0.5499231950844854,2021-02-09 08:58:11.620541,2021-02-09 08:58:22.577961,0 days 00:00:10.957420,0.0002306584054097694,9,4,0.9001102226271154,16,0.03309095640455965,COMPLETE
6845,6845,,2021-02-09 08:58:22.581395,2021-02-09 08:58:23.365218,0 days 00:00:00.783823,0.0005405459957744001,7,0,0.9310476148737425,20,0.02468972495290527,FAIL
6846,6846,0.5840245775729647,2021-02-09 08:58:23.369554,2021-02-09 08:58:34.738502,0 days 00:00:11.368948,0.0005810071433349013,7,6,0.9038870479465155,20,0.023000786296636454,COMPLETE
6847,6847,,2021-02-09 08:58:34.741930,2021-02-09 08:58:35.520209,0 days 00:00:00.778279,0.00035472160226964085,11,0,0.9316455046128826,16,0.03574217639764617,FAIL
6848,6848,,2021-02-09 08:58:35.524567,2021-02-09 08:58:36.299663,0 days 00:00:00.775096,0.00014311307209090196,11,0,0.9304248693921101,16,0.036886991574687854,FAIL
6849,6849,0.6006144393241167,2021-02-09 08:58:36.302316,2021-02-09 08:59:01.612527,0 days 00:00:25.310211,0.0003997717771309547,11,2,0.9296412686214137,16,0.03676111223340378,COMPLETE
6850,6850,,2021-02-09 08:59:01.615915,2021-02-09 08:59:02.391955,0 days 00:00:00.776040,0.0001732595811028212,7,0,0.9014830325649565,20,0.051453480749956065,FAIL
6851,6851,,2021-02-09 08:59:02.396179,2021-02-09 08:59:03.175852,0 days 00:00:00.779673,0.0011011135503349342,7,0,0.9016205555562468,20,0.03268139565594135,FAIL
6852,6852,,2021-02-09 08:59:03.180249,2021-02-09 08:59:03.954059,0 days 00:00:00.773810,7.253482709303242e-05,7,0,0.9363380136738724,20,0.032605216136946696,FAIL
6853,6853,,2021-02-09 08:59:03.956731,2021-02-09 08:59:04.881444,0 days 00:00:00.924713,7.42251031197473e-05,7,0,0.9073782720607159,20,0.02177648674085377,FAIL
6854,6854,,2021-02-09 08:59:04.884027,2021-02-09 08:59:05.652249,0 days 00:00:00.768222,0.0011749831478621636,7,0,0.9324461273044767,20,0.02501908239781753,FAIL
6855,6855,,2021-02-09 08:59:05.654863,2021-02-09 08:59:06.425565,0 days 00:00:00.770702,0.00016939876615897913,7,0,0.9452949708989355,20,0.020834379366034838,FAIL
6856,6856,0.469431643625192,2021-02-09 08:59:06.429983,2021-02-09 09:00:22.781676,0 days 00:01:16.351693,0.00017322908388232088,7,4,0.9321167273996727,20,0.02398649111249415,COMPLETE
6857,6857,,2021-02-09 09:00:22.785115,2021-02-09 09:00:23.565148,0 days 00:00:00.780033,7.372739716549788e-05,11,0,0.9370649027628262,16,0.02096702787627988,FAIL
6858,6858,,2021-02-09 09:00:23.569523,2021-02-09 09:00:24.361800,0 days 00:00:00.792277,0.00011631918417017798,11,0,0.9375862420869274,16,0.03256794226635063,FAIL
6859,6859,0.4823348694316436,2021-02-09 09:00:24.366136,2021-02-09 09:00:35.738118,0 days 00:00:11.371982,0.0011166563556445923,11,2,0.9372099496565615,16,0.020626125742548934,COMPLETE
6860,6860,0.5317972350230414,2021-02-09 09:00:35.741532,2021-02-09 09:01:16.294375,0 days 00:00:40.552843,0.0005313419686006659,11,2,0.9013239478787269,16,0.032809756544975296,COMPLETE
6861,6861,0.41904761904761906,2021-02-09 09:01:16.297757,2021-02-09 09:01:36.506992,0 days 00:00:20.209235,7.319150825857874e-05,9,2,0.9052701088089204,20,0.02471223339437811,COMPLETE
6862,6862,0.49062980030721964,2021-02-09 09:01:36.510398,2021-02-09 09:01:47.617231,0 days 00:00:11.106833,0.00014335080030510513,7,4,0.9074824610509997,16,0.018438857350564653,COMPLETE
6863,6863,0.47250384024577574,2021-02-09 09:01:47.620660,2021-02-09 09:01:58.797858,0 days 00:00:11.177198,0.0001051634729398636,11,2,0.9451352972097852,16,0.0454172346805571,COMPLETE
6864,6864,,2021-02-09 09:01:58.801284,2021-02-09 09:01:59.580020,0 days 00:00:00.778736,0.0009478365450440291,7,0,0.9000134026409193,16,0.03514645007172175,FAIL
6865,6865,0.5932411674347158,2021-02-09 09:01:59.582752,2021-02-09 09:02:10.844974,0 days 00:00:11.262222,0.0007728617199876914,7,6,0.9342845570502488,16,0.034848139111971356,COMPLETE
6866,6866,,2021-02-09 09:02:10.848378,2021-02-09 09:02:11.620972,0 days 00:00:00.772594,0.0003865089593288263,9,0,0.9398470074549814,20,0.05306085931097715,FAIL
6867,6867,0.5019969278033795,2021-02-09 09:02:11.623671,2021-02-09 09:02:22.431617,0 days 00:00:10.807946,0.00034833124111871794,9,2,0.939525128495408,20,0.04042181678706938,COMPLETE
6868,6868,0.3883256528417819,2021-02-09 09:02:22.435058,2021-02-09 09:02:33.714054,0 days 00:00:11.278996,0.0009633612823163477,15,4,0.9041504785578203,16,0.0216309848963971,COMPLETE
6869,6869,0.4162826420890937,2021-02-09 09:02:33.717456,2021-02-09 09:02:54.709691,0 days 00:00:20.992235,0.0006635309053207772,5,2,0.9000267751664849,14,0.03280358003472865,COMPLETE
6870,6870,0.5367127496159754,2021-02-09 09:02:54.713121,2021-02-09 09:03:05.637362,0 days 00:00:10.924241,0.0013308302320233247,11,2,0.9360784182721011,20,0.03845931447071755,COMPLETE
6871,6871,0.4737327188940092,2021-02-09 09:03:05.640780,2021-02-09 09:03:16.770373,0 days 00:00:11.129593,8.743453394270029e-05,15,4,0.9413251259418224,16,0.07025504904848881,COMPLETE
6872,6872,,2021-02-09 09:03:16.773784,2021-02-09 09:03:17.567686,0 days 00:00:00.793902,0.00047271891464147796,17,0,0.9024188332712066,16,0.019691456267842973,FAIL
6873,6873,0.6098310291858678,2021-02-09 09:03:17.572133,2021-02-09 09:03:34.026362,0 days 00:00:16.454229,0.00012929543085805147,7,6,0.9023757262888781,16,0.05060500907174438,COMPLETE
6874,6874,0.5167434715821813,2021-02-09 09:03:34.029786,2021-02-09 09:03:54.768719,0 days 00:00:20.738933,0.00042704554557739536,17,2,0.9510689055751689,16,0.025382544815239348,COMPLETE
6875,6875,0.5643625192012289,2021-02-09 09:03:54.772159,2021-02-09 09:04:10.805113,0 days 00:00:16.032954,0.00025742915816394894,15,4,0.9435774963721115,20,0.031697649705520345,COMPLETE
6876,6876,,2021-02-09 09:04:10.808519,2021-02-09 09:04:11.611213,0 days 00:00:00.802694,0.0005630994694977556,9,0,0.9382262687638865,16,0.03523142949001401,FAIL
6877,6877,0.4445468509984639,2021-02-09 09:04:11.615624,2021-02-09 09:04:32.947991,0 days 00:00:21.332367,0.0005033549819550336,9,2,0.9369489818722538,16,0.03599511559519998,COMPLETE
6878,6878,,2021-02-09 09:04:32.951432,2021-02-09 09:04:33.723153,0 days 00:00:00.771721,0.00011665214630921589,7,0,0.9030763008128232,16,0.022290146637346114,FAIL
6879,6879,0.6190476190476191,2021-02-09 09:04:33.725678,2021-02-09 09:04:49.713755,0 days 00:00:15.988077,0.00020433234801831316,7,2,0.9393083911433847,16,0.020131832503986046,COMPLETE
6880,6880,0.4337941628264209,2021-02-09 09:04:49.717172,2021-02-09 09:05:10.520988,0 days 00:00:20.803816,0.00011567333380551684,15,4,0.9035988695313238,20,0.017615114996164905,COMPLETE
6881,6881,0.4466973886328725,2021-02-09 09:05:10.524438,2021-02-09 09:05:21.246838,0 days 00:00:10.722400,0.0009046423249450523,11,2,0.9316494558712021,16,0.02261755224755888,COMPLETE
6882,6882,,2021-02-09 09:05:21.250258,2021-02-09 09:05:22.025371,0 days 00:00:00.775113,0.0006089428493278392,15,0,0.9071371110679716,16,0.016085282495458274,FAIL
6883,6883,,2021-02-09 09:05:22.029776,2021-02-09 09:05:22.981401,0 days 00:00:00.951625,0.0005751576227092958,15,0,0.9579914375847038,16,0.035146228004498445,FAIL
6884,6884,,2021-02-09 09:05:22.984080,2021-02-09 09:05:23.744061,0 days 00:00:00.759981,0.0005902496574820225,15,0,0.9337651916616991,16,0.016147352058434927,FAIL
6885,6885,0.5806451612903226,2021-02-09 09:05:23.746593,2021-02-09 09:05:45.596135,0 days 00:00:21.849542,0.00062555466434376,15,10,0.9581062782021921,16,0.035384940981531145,COMPLETE
6886,6886,0.6242703533026114,2021-02-09 09:05:45.599552,2021-02-09 09:06:11.228335,0 days 00:00:25.628783,0.0015395201485679613,11,2,0.907011262423749,20,0.03144984253668727,COMPLETE
6887,6887,0.5984639016897081,2021-02-09 09:06:11.231765,2021-02-09 09:06:32.321887,0 days 00:00:21.090122,0.0003775006715069874,15,6,0.9349471403234894,16,0.10498792995882186,COMPLETE
6888,6888,0.5201228878648233,2021-02-09 09:06:32.325322,2021-02-09 09:06:43.506211,0 days 00:00:11.180889,0.0007833147198433011,7,4,0.9018271244254157,16,0.024474420209587816,COMPLETE
6889,6889,,2021-02-09 09:06:43.509641,2021-02-09 09:06:44.301481,0 days 00:00:00.791840,0.00015503759138846453,11,0,0.9418018305786643,20,0.015955590076764534,FAIL
6890,6890,0.5612903225806452,2021-02-09 09:06:44.304296,2021-02-09 09:06:55.242826,0 days 00:00:10.938530,0.00014996893263118113,11,2,0.9334516075677534,12,0.01585708199641257,COMPLETE
6891,6891,0.39846390168970813,2021-02-09 09:06:55.246249,2021-02-09 09:07:06.063171,0 days 00:00:10.816922,0.00032768704662650204,9,2,0.9055061283879408,16,0.039450760551728956,COMPLETE
6892,6892,0.49185867895545315,2021-02-09 09:07:06.066714,2021-02-09 09:07:17.501952,0 days 00:00:11.435238,0.0012034875061372572,15,4,0.9373156931577168,20,0.021816917282015798,COMPLETE
6893,6893,0.5465437788018433,2021-02-09 09:07:17.505372,2021-02-09 09:07:38.174054,0 days 00:00:20.668682,0.0019257620638474559,11,2,0.939691668815011,16,0.04284890017893493,COMPLETE
6894,6894,,2021-02-09 09:07:38.177505,2021-02-09 09:07:38.958927,0 days 00:00:00.781422,0.00048266669862870434,7,0,0.9034780755855675,14,0.031656143610888574,FAIL
6895,6895,,2021-02-09 09:07:38.963427,2021-02-09 09:07:39.737306,0 days 00:00:00.773879,0.0005331734128548633,7,0,0.9423044427838204,20,0.02571394487537226,FAIL
6896,6896,0.4881720430107527,2021-02-09 09:07:39.741710,2021-02-09 09:07:50.947859,0 days 00:00:11.206149,0.00046367064102656105,7,4,0.9032470221023039,14,0.02588483095152426,COMPLETE
6897,6897,0.47035330261136715,2021-02-09 09:07:50.951305,2021-02-09 09:08:21.515104,0 days 00:00:30.563799,0.0005854267969558619,15,2,0.9016344196338449,20,0.019984996044094136,COMPLETE
6898,6898,0.3956989247311828,2021-02-09 09:08:21.518521,2021-02-09 09:08:42.272870,0 days 00:00:20.754349,0.00012149424484220017,15,2,0.9354623345484478,16,0.03132311650980673,COMPLETE
6899,6899,0.41904761904761906,2021-02-09 09:08:42.276294,2021-02-09 09:08:53.413741,0 days 00:00:11.137447,0.0007322189337828255,9,6,0.9000194975480672,20,0.03464666648647625,COMPLETE
6900,6900,,2021-02-09 09:08:53.417187,2021-02-09 09:08:54.200369,0 days 00:00:00.783182,9.262924280555264e-05,7,0,0.941567545293694,16,0.037140020448077266,FAIL
6901,6901,,2021-02-09 09:08:54.204697,2021-02-09 09:08:54.992076,0 days 00:00:00.787379,9.257827412953535e-05,7,0,0.9421371642726912,16,0.03675908933858412,FAIL
6902,6902,0.5001536098310292,2021-02-09 09:08:54.996493,2021-02-09 09:09:05.967696,0 days 00:00:10.971203,0.0010203462031051246,7,2,0.94164433772509,16,0.03770986197372801,COMPLETE
6903,6903,0.562826420890937,2021-02-09 09:09:05.971173,2021-02-09 09:09:42.087545,0 days 00:00:36.116372,6.330517259349836e-05,11,4,0.938441427566554,16,0.023545827972747565,COMPLETE
6904,6904,,2021-02-09 09:09:42.090978,2021-02-09 09:09:42.857568,0 days 00:00:00.766590,0.0026731869309244605,5,0,0.9077812503600118,16,0.032963618050926916,FAIL
6905,6905,0.5683563748079877,2021-02-09 09:09:42.860202,2021-02-09 09:09:53.729261,0 days 00:00:10.869059,9.827388506783234e-05,5,4,0.9430830366436053,16,0.032813187869855556,COMPLETE
6906,6906,0.5321044546850998,2021-02-09 09:09:53.732695,2021-02-09 09:10:19.895478,0 days 00:00:26.162783,0.0001712074425815286,15,2,0.908344629920463,20,0.01846579632953194,COMPLETE
6907,6907,,2021-02-09 09:10:19.898924,2021-02-09 09:10:20.675447,0 days 00:00:00.776523,0.0003947190548900448,15,0,0.9054122045298373,16,0.04604115312823012,FAIL
6908,6908,0.3717357910906298,2021-02-09 09:10:20.679386,2021-02-09 09:10:36.796170,0 days 00:00:16.116784,0.00039191521338489835,15,2,0.9045021840641531,16,0.04127516074803826,COMPLETE
6909,6909,,2021-02-09 09:10:36.799653,2021-02-09 09:10:37.611549,0 days 00:00:00.811896,0.0005775083082611187,17,0,0.93114220074298,20,0.021914391213557587,FAIL
6910,6910,,2021-02-09 09:10:37.615962,2021-02-09 09:10:38.401524,0 days 00:00:00.785562,0.0005592203736888322,17,0,0.9484764615184975,20,0.025860125501734096,FAIL
6911,6911,0.4943164362519201,2021-02-09 09:10:38.404206,2021-02-09 09:10:54.230349,0 days 00:00:15.826143,8.280553237399164e-05,17,2,0.9300356711658303,20,0.025353089652934504,COMPLETE
6912,6912,0.4980030721966206,2021-02-09 09:10:54.233775,2021-02-09 09:11:05.163504,0 days 00:00:10.929729,0.002575196864386452,11,6,0.9334539937977046,14,0.03536342175198406,COMPLETE
6913,6913,0.5548387096774193,2021-02-09 09:11:05.166971,2021-02-09 09:11:21.467480,0 days 00:00:16.300509,0.0005089132237366801,7,4,0.9060564977143826,16,0.021976613855905526,COMPLETE
6914,6914,0.4116743471582181,2021-02-09 09:11:21.470961,2021-02-09 09:12:22.624487,0 days 00:01:01.153526,0.00118767663384756,9,2,0.9361867725181146,16,0.08490570116061955,COMPLETE
6915,6915,,2021-02-09 09:12:22.627912,2021-02-09 09:12:23.424463,0 days 00:00:00.796551,0.000271512315163215,15,0,0.9457077506710831,20,0.030519901365736523,FAIL
6916,6916,,2021-02-09 09:12:23.427239,2021-02-09 09:12:24.193917,0 days 00:00:00.766678,0.0002998770832659637,15,0,0.903417270335202,20,0.030820138289159537,FAIL
6917,6917,0.44270353302611365,2021-02-09 09:12:24.198333,2021-02-09 09:12:35.280654,0 days 00:00:11.082321,0.0008758587550613599,15,2,0.9461505754951816,20,0.046847850782652085,COMPLETE
6918,6918,,2021-02-09 09:12:35.284135,2021-02-09 09:12:36.062251,0 days 00:00:00.778116,0.0002712507974764668,9,0,0.9014370749116414,16,0.03056698139946291,FAIL
6919,6919,,2021-02-09 09:12:36.065111,2021-02-09 09:12:36.835600,0 days 00:00:00.770489,0.00028022363490837833,9,0,0.9013217660787919,16,0.030861753884050814,FAIL
6920,6920,,2021-02-09 09:12:36.840045,2021-02-09 09:12:37.633016,0 days 00:00:00.792971,0.0002658988221175846,9,0,0.9029457468326677,16,0.03168329972420057,FAIL
6921,6921,,2021-02-09 09:12:37.637468,2021-02-09 09:12:38.427214,0 days 00:00:00.789746,0.001510883819611452,9,0,0.9492249896789515,16,0.030212577519360545,FAIL
6922,6922,0.5781874039938556,2021-02-09 09:12:38.429890,2021-02-09 09:13:35.059379,0 days 00:00:56.629489,0.0016122411644863943,9,4,0.9028601053938776,16,0.0304521892365039,COMPLETE
6923,6923,,2021-02-09 09:13:35.062623,2021-02-09 09:13:35.846177,0 days 00:00:00.783554,0.0005534871084864223,11,0,0.9000966184876253,16,0.03808415834198915,FAIL
6924,6924,0.5514592933947773,2021-02-09 09:13:35.848813,2021-02-09 09:13:51.750000,0 days 00:00:15.901187,0.0002879276391432519,11,2,0.941053758613531,16,0.03771842192614372,COMPLETE
6925,6925,,2021-02-09 09:13:51.753472,2021-02-09 09:13:52.533904,0 days 00:00:00.780432,0.0005890097672270405,7,0,0.9015656637240473,20,0.016761443324984592,FAIL
6926,6926,0.4912442396313364,2021-02-09 09:13:52.536699,2021-02-09 09:14:03.860571,0 days 00:00:11.323872,0.0005885621044655194,7,6,0.9380543434261528,20,0.02659666795132208,COMPLETE
6927,6927,,2021-02-09 09:14:03.864039,2021-02-09 09:14:04.628039,0 days 00:00:00.764000,0.00042431779378318497,15,0,0.9013866619906518,16,0.032219176187083906,FAIL
6928,6928,,2021-02-09 09:14:04.632443,2021-02-09 09:14:05.434701,0 days 00:00:00.802258,0.00043211303298772483,15,0,0.9487295653485005,16,0.020158719594616594,FAIL
6929,6929,0.3870967741935484,2021-02-09 09:14:05.439140,2021-02-09 09:14:16.018280,0 days 00:00:10.579140,0.00044093125122846613,15,2,0.9016795252509707,16,0.05560311085705903,COMPLETE
6930,6930,,2021-02-09 09:14:16.021717,2021-02-09 09:14:16.961005,0 days 00:00:00.939288,0.0006833937077032414,15,0,0.931892410723445,16,0.01686917634312185,FAIL
6931,6931,,2021-02-09 09:14:16.963725,2021-02-09 09:14:17.716030,0 days 00:00:00.752305,0.0007170838711396456,15,0,0.9050618437380621,16,0.03265512028364683,FAIL
6932,6932,,2021-02-09 09:14:17.720305,2021-02-09 09:14:18.501860,0 days 00:00:00.781555,0.0006985878613863243,15,0,0.9492061696078254,16,0.019699148856853272,FAIL
6933,6933,0.46543778801843316,2021-02-09 09:14:18.506407,2021-02-09 09:14:29.677614,0 days 00:00:11.171207,0.0006888277424716882,15,4,0.9317232044269426,16,0.01962784237657044,COMPLETE
6934,6934,,2021-02-09 09:14:29.681081,2021-02-09 09:14:30.461977,0 days 00:00:00.780896,0.00014060402700867788,11,0,0.9000191508441249,16,0.0321985653211693,FAIL
6935,6935,0.5788018433179724,2021-02-09 09:14:30.466284,2021-02-09 09:14:41.237141,0 days 00:00:10.770857,0.00013640977943547242,11,2,0.9000268103708325,16,0.016778820050764424,COMPLETE
6936,6936,0.42427035330261137,2021-02-09 09:14:41.240594,2021-02-09 09:14:52.420888,0 days 00:00:11.180294,0.00010704935654896921,5,4,0.9346782127360438,20,0.032848776236143996,COMPLETE
6937,6937,,2021-02-09 09:14:52.424337,2021-02-09 09:14:53.201299,0 days 00:00:00.776962,0.00023379633809846061,7,0,0.9484233930656742,16,0.02125946659353117,FAIL
