,number,value,datetime_start,datetime_complete,duration,params_lr,params_nl2,params_num_ct,params_scheduler_gamma,params_sigma2,params_weight_decay,state
2691,2691,,2021-02-08 21:58:22.189860,2021-02-08 21:58:22.841637,0 days 00:00:00.651777,1.2795424573422174e-05,17,0,0.9670878542704586,20,0.15075506684498588,FAIL
2692,2692,,2021-02-08 21:58:22.842798,2021-02-08 21:58:23.515568,0 days 00:00:00.672770,9.004120991839015e-05,9,0,0.973629811641497,20,0.21009909906553279,FAIL
2693,2693,,2021-02-08 21:58:23.516741,2021-02-08 21:58:24.188068,0 days 00:00:00.671327,5.331708558423966e-05,9,0,0.9742154494375422,20,0.13846959422996122,FAIL
2694,2694,,2021-02-08 21:58:24.189158,2021-02-08 21:58:24.847853,0 days 00:00:00.658695,8.825020083447775e-05,17,0,0.9531314610697822,20,0.21091941356733243,FAIL
2695,2695,0.567741935483871,2021-02-08 21:58:24.848979,2021-02-08 21:59:34.747637,0 days 00:01:09.898658,0.000569976046563659,17,2,0.9724569726491217,20,0.07581888920242309,COMPLETE
2696,2696,,2021-02-08 21:59:34.749269,2021-02-08 21:59:35.429913,0 days 00:00:00.680644,5.42316933012157e-05,5,0,0.9069554540987992,20,0.049737820305546375,FAIL
2697,2697,0.4596006144393241,2021-02-08 21:59:35.431039,2021-02-08 21:59:46.234025,0 days 00:00:10.802986,2.593636233446305e-05,5,4,0.9422599211208735,20,0.050289219189512145,COMPLETE
2698,2698,,2021-02-08 21:59:46.235623,2021-02-08 21:59:46.903796,0 days 00:00:00.668173,9.008545421009014e-05,19,0,0.9670841530480521,18,0.038030797164400276,FAIL
2699,2699,,2021-02-08 21:59:46.904977,2021-02-08 21:59:47.711738,0 days 00:00:00.806761,5.812169921564305e-05,19,0,0.9670610306717786,18,0.2569731849596365,FAIL
2700,2700,,2021-02-08 21:59:47.713644,2021-02-08 21:59:48.423495,0 days 00:00:00.709851,1.3397472582021575e-05,9,0,0.9676500441775648,18,0.1478081318509752,FAIL
2701,2701,,2021-02-08 21:59:48.425337,2021-02-08 21:59:49.116324,0 days 00:00:00.690987,5.506459112130878e-05,9,0,0.9663840602102586,18,0.24378777782104574,FAIL
2702,2702,,2021-02-08 21:59:49.117497,2021-02-08 21:59:49.773353,0 days 00:00:00.655856,5.47065821113138e-05,9,0,0.9080740935793167,18,0.01992062854248216,FAIL
2703,2703,,2021-02-08 21:59:49.775604,2021-02-08 21:59:50.455869,0 days 00:00:00.680265,1.3682845694923448e-05,9,0,0.9682524710493443,18,0.15500626382585672,FAIL
2704,2704,,2021-02-08 21:59:50.457707,2021-02-08 21:59:51.129392,0 days 00:00:00.671685,1.3451900472694323e-05,9,0,0.9666125792928792,18,0.2511774387812338,FAIL
2705,2705,,2021-02-08 21:59:51.130455,2021-02-08 21:59:51.796392,0 days 00:00:00.665937,5.678424562908743e-05,19,0,0.9664541434553855,18,0.24627388826495816,FAIL
2706,2706,,2021-02-08 21:59:51.797480,2021-02-08 21:59:52.453177,0 days 00:00:00.655697,1.321352763491233e-05,19,0,0.9667447659382911,18,0.039055975083640934,FAIL
2707,2707,,2021-02-08 21:59:52.454275,2021-02-08 21:59:53.110640,0 days 00:00:00.656365,1.4121075084194388e-05,19,0,0.9671280863710701,18,0.02045653882409612,FAIL
2708,2708,,2021-02-08 21:59:53.112560,2021-02-08 21:59:53.918774,0 days 00:00:00.806214,9.032022851248955e-05,19,0,0.9534310486851494,18,0.22121293400269224,FAIL
2709,2709,,2021-02-08 21:59:53.920704,2021-02-08 21:59:54.606172,0 days 00:00:00.685468,9.287405792990652e-05,19,0,0.9528176067673751,18,0.02008913161086416,FAIL
2710,2710,,2021-02-08 21:59:54.607433,2021-02-08 21:59:55.266167,0 days 00:00:00.658734,1.3198316360709622e-05,19,0,0.9668403554289785,18,0.03990263047542521,FAIL
2711,2711,,2021-02-08 21:59:55.268108,2021-02-08 21:59:55.940254,0 days 00:00:00.672146,5.1575501695691176e-05,9,0,0.953000602937198,18,0.2507659656570812,FAIL
2712,2712,,2021-02-08 21:59:55.942200,2021-02-08 21:59:56.625256,0 days 00:00:00.683056,1.3293083496534495e-05,19,0,0.9666086942640968,18,0.2067194669640929,FAIL
2713,2713,,2021-02-08 21:59:56.626358,2021-02-08 21:59:57.272652,0 days 00:00:00.646294,1.3286752198163128e-05,9,0,0.9532860243602471,18,0.03936386842588968,FAIL
2714,2714,,2021-02-08 21:59:57.273781,2021-02-08 21:59:57.945476,0 days 00:00:00.671695,5.662323037966653e-05,19,0,0.9526131732015749,18,0.01997864338423865,FAIL
2715,2715,,2021-02-08 21:59:57.947425,2021-02-08 21:59:58.630121,0 days 00:00:00.682696,1.0105014437186812e-05,19,0,0.9533315037128243,18,0.04092795511792122,FAIL
2716,2716,,2021-02-08 21:59:58.631207,2021-02-08 21:59:59.276672,0 days 00:00:00.645465,1.3610038281446217e-05,19,0,0.967807987923046,18,0.04006330177332066,FAIL
2717,2717,,2021-02-08 21:59:59.278600,2021-02-08 22:00:00.077675,0 days 00:00:00.799075,8.509972244142974e-05,19,0,0.9676822510486168,18,0.019566090880184562,FAIL
2718,2718,,2021-02-08 22:00:00.078764,2021-02-08 22:00:00.741663,0 days 00:00:00.662899,5.7724468380382715e-05,19,0,0.908409646847285,18,0.03857169571204635,FAIL
2719,2719,,2021-02-08 22:00:00.743633,2021-02-08 22:00:01.437381,0 days 00:00:00.693748,5.4951031686717645e-05,9,0,0.9668183493133915,18,0.1418646674975188,FAIL
2720,2720,,2021-02-08 22:00:01.438451,2021-02-08 22:00:02.089284,0 days 00:00:00.650833,5.7499170190337896e-05,19,0,0.9603054471689768,18,0.2433173457938247,FAIL
2721,2721,,2021-02-08 22:00:02.091220,2021-02-08 22:00:02.766255,0 days 00:00:00.675035,1.3153588937991729e-05,19,0,0.9675535657065851,18,0.01868773632950005,FAIL
2722,2722,,2021-02-08 22:00:02.768194,2021-02-08 22:00:03.428525,0 days 00:00:00.660331,1.4130436790697558e-05,19,0,0.9662329241968852,18,0.03875263484826694,FAIL
2723,2723,,2021-02-08 22:00:03.429611,2021-02-08 22:00:04.095689,0 days 00:00:00.666078,9.149450118187229e-05,19,0,0.9673496120874547,18,0.04046359316076527,FAIL
2724,2724,0.5400921658986175,2021-02-08 22:00:04.097569,2021-02-08 22:00:20.247935,0 days 00:00:16.150366,5.666788873968727e-05,9,6,0.9672450934514406,18,0.03935517326804732,COMPLETE
2725,2725,,2021-02-08 22:00:20.249556,2021-02-08 22:00:20.928132,0 days 00:00:00.678576,0.0015479120761717861,11,0,0.9340043240788231,16,0.23659239771029614,FAIL
2726,2726,,2021-02-08 22:00:20.929319,2021-02-08 22:00:21.587360,0 days 00:00:00.658041,0.002847056915106118,11,0,0.9310792011089639,16,0.2347972444922093,FAIL
2727,2727,,2021-02-08 22:00:21.588465,2021-02-08 22:00:22.244640,0 days 00:00:00.656175,0.0013936156078840356,11,0,0.9300136577963318,16,0.22954167661268773,FAIL
2728,2728,,2021-02-08 22:00:22.246557,2021-02-08 22:00:22.965348,0 days 00:00:00.718791,0.0026300353514014294,11,0,0.9319848035319136,16,0.20885196830476094,FAIL
2729,2729,,2021-02-08 22:00:22.966533,2021-02-08 22:00:23.627212,0 days 00:00:00.660679,0.0029050759046008,11,0,0.9218408822376886,16,0.2468731956698997,FAIL
2730,2730,,2021-02-08 22:00:23.629119,2021-02-08 22:00:24.293810,0 days 00:00:00.664691,0.002105411560318078,11,0,0.9321151335941948,16,0.1697949289588672,FAIL
2731,2731,,2021-02-08 22:00:24.294921,2021-02-08 22:00:24.958576,0 days 00:00:00.663655,0.0013614387378661475,11,0,0.9311526209037561,16,0.3278913250851738,FAIL
2732,2732,,2021-02-08 22:00:24.960506,2021-02-08 22:00:25.649161,0 days 00:00:00.688655,0.0013472277557021255,11,0,0.9324201065179804,16,0.020629226756329184,FAIL
2733,2733,,2021-02-08 22:00:25.651012,2021-02-08 22:00:26.497159,0 days 00:00:00.846147,0.003305893276400101,11,0,0.9335104954400147,16,0.2061400182953524,FAIL
2734,2734,,2021-02-08 22:00:26.498292,2021-02-08 22:00:27.170880,0 days 00:00:00.672588,0.0013719647545382082,11,0,0.932276056517723,16,0.21878512695357116,FAIL
2735,2735,,2021-02-08 22:00:27.172816,2021-02-08 22:00:27.864900,0 days 00:00:00.692084,0.0030300716156638516,11,0,0.9318484641010443,16,0.24711625474339644,FAIL
2736,2736,,2021-02-08 22:00:27.866860,2021-02-08 22:00:28.585025,0 days 00:00:00.718165,0.001276661846950282,11,0,0.9331133426541778,16,0.24649563852570913,FAIL
2737,2737,,2021-02-08 22:00:28.586199,2021-02-08 22:00:29.246270,0 days 00:00:00.660071,0.00264870190193867,11,0,0.9309583325761978,16,0.3201381673197581,FAIL
2738,2738,,2021-02-08 22:00:29.248220,2021-02-08 22:00:29.970140,0 days 00:00:00.721920,0.0012912814269416075,11,0,0.9317679537384794,16,0.17010333376294276,FAIL
2739,2739,,2021-02-08 22:00:29.971293,2021-02-08 22:00:30.647293,0 days 00:00:00.676000,0.0014426113456170741,11,0,0.9330365859392717,16,0.2592682362300835,FAIL
2740,2740,,2021-02-08 22:00:30.648366,2021-02-08 22:00:31.316116,0 days 00:00:00.667750,0.0012880374430000719,11,0,0.9159206402282577,16,0.25496152949579176,FAIL
2741,2741,,2021-02-08 22:00:31.317206,2021-02-08 22:00:32.131767,0 days 00:00:00.814561,8.685887953994543e-05,11,0,0.9321679569094687,16,0.17652924320419872,FAIL
2742,2742,,2021-02-08 22:00:32.133683,2021-02-08 22:00:32.833735,0 days 00:00:00.700052,0.0028628157040267023,11,0,0.9315355963841644,16,0.03259957072450433,FAIL
2743,2743,,2021-02-08 22:00:32.835688,2021-02-08 22:00:33.544452,0 days 00:00:00.708764,0.001345158222456522,11,0,0.9146889244563791,16,0.2793287935865173,FAIL
2744,2744,,2021-02-08 22:00:33.545587,2021-02-08 22:00:34.197960,0 days 00:00:00.652373,0.0027241505411753826,11,0,0.9304056262902883,16,0.24103472852125332,FAIL
2745,2745,0.6101382488479262,2021-02-08 22:00:34.199082,2021-02-08 22:00:50.935875,0 days 00:00:16.736793,0.0013947073298853177,11,8,0.9286185669067999,16,0.09245991855902734,COMPLETE
2746,2746,,2021-02-08 22:00:50.937492,2021-02-08 22:00:51.600411,0 days 00:00:00.662919,0.002806534602649121,11,0,0.9174465838418489,16,0.2952836830757329,FAIL
2747,2747,,2021-02-08 22:00:51.601548,2021-02-08 22:00:52.255431,0 days 00:00:00.653883,0.002634930197404393,11,0,0.9338960053494364,16,0.22400396296804928,FAIL
2748,2748,,2021-02-08 22:00:52.256541,2021-02-08 22:00:53.049898,0 days 00:00:00.793357,0.0025548747650999412,11,0,0.9207239211071382,16,0.24538931544181164,FAIL
2749,2749,,2021-02-08 22:00:53.051052,2021-02-08 22:00:53.708248,0 days 00:00:00.657196,0.003471758211427572,11,0,0.9333379346836693,16,0.22192625021767773,FAIL
2750,2750,,2021-02-08 22:00:53.710197,2021-02-08 22:00:54.383296,0 days 00:00:00.673099,0.0018569275154305166,11,0,0.9333768866984544,16,0.18690546015963067,FAIL
2751,2751,,2021-02-08 22:00:54.385202,2021-02-08 22:00:55.109357,0 days 00:00:00.724155,0.0031777818615478957,11,0,0.9163290856375957,16,0.35001493576561804,FAIL
2752,2752,,2021-02-08 22:00:55.111261,2021-02-08 22:00:55.846600,0 days 00:00:00.735339,1.0044486570729858e-05,11,0,0.9172144437342098,16,0.23608955805516327,FAIL
2753,2753,,2021-02-08 22:00:55.848569,2021-02-08 22:00:56.536540,0 days 00:00:00.687971,0.001922659893620974,11,0,0.9337749557207073,16,0.2946146496662445,FAIL
2754,2754,,2021-02-08 22:00:56.538415,2021-02-08 22:00:57.189706,0 days 00:00:00.651291,0.0019278438887938276,11,0,0.9123859113750317,16,0.2207348731657753,FAIL
2755,2755,,2021-02-08 22:00:57.190813,2021-02-08 22:00:57.850577,0 days 00:00:00.659764,0.0020748849644809278,11,0,0.9097204687974039,16,0.24959743892400663,FAIL
2756,2756,,2021-02-08 22:00:57.852481,2021-02-08 22:00:58.538061,0 days 00:00:00.685580,1.4143794208367966e-05,11,0,0.9133963214033877,16,0.1391335922887644,FAIL
2757,2757,,2021-02-08 22:00:58.539260,2021-02-08 22:00:59.347400,0 days 00:00:00.808140,0.0029046859082613717,11,0,0.9182741433827195,16,0.23693419754193848,FAIL
2758,2758,,2021-02-08 22:00:59.349287,2021-02-08 22:01:00.055375,0 days 00:00:00.706088,1.3924564548282257e-05,11,0,0.917559780833233,16,0.361749970499873,FAIL
2759,2759,,2021-02-08 22:01:00.057324,2021-02-08 22:01:00.739862,0 days 00:00:00.682538,0.002850520556877403,11,0,0.9169552107585995,16,0.2744030370319294,FAIL
2760,2760,,2021-02-08 22:01:00.740973,2021-02-08 22:01:01.398212,0 days 00:00:00.657239,0.0028311688654616913,11,0,0.9177599519829348,16,0.27863259615441205,FAIL
2761,2761,,2021-02-08 22:01:01.399346,2021-02-08 22:01:02.077570,0 days 00:00:00.678224,0.002340558798734746,11,0,0.920508259038351,16,0.24624179632498727,FAIL
2762,2762,,2021-02-08 22:01:02.078719,2021-02-08 22:01:02.748286,0 days 00:00:00.669567,0.0018353948858317566,11,0,0.9323334779420146,16,0.24250283578053,FAIL
2763,2763,,2021-02-08 22:01:02.749398,2021-02-08 22:01:03.418091,0 days 00:00:00.668693,0.002980570473468029,11,0,0.9188751212127627,16,0.2814863959265029,FAIL
2764,2764,,2021-02-08 22:01:03.419214,2021-02-08 22:01:04.076596,0 days 00:00:00.657382,0.0020339831640257913,11,0,0.9164731526769265,16,0.03283594522054591,FAIL
2765,2765,,2021-02-08 22:01:04.077706,2021-02-08 22:01:04.881833,0 days 00:00:00.804127,0.0031024133279215177,11,0,0.9184767066515447,16,0.14522007355298755,FAIL
2766,2766,,2021-02-08 22:01:04.883048,2021-02-08 22:01:05.548548,0 days 00:00:00.665500,0.0031525760718317795,11,0,0.9176012896750823,16,0.2693230886781051,FAIL
2767,2767,,2021-02-08 22:01:05.549680,2021-02-08 22:01:06.225403,0 days 00:00:00.675723,0.0020436637452358707,11,0,0.9143814164724211,16,0.2442746707751935,FAIL
2768,2768,,2021-02-08 22:01:06.227314,2021-02-08 22:01:06.898451,0 days 00:00:00.671137,0.0021097294595023067,11,0,0.9347789605182317,16,0.27274643556000694,FAIL
2769,2769,0.5293394777265745,2021-02-08 22:01:06.900354,2021-02-08 22:01:40.067119,0 days 00:00:33.166765,0.002949595535864639,11,10,0.9342753563732715,16,0.2557990279318131,COMPLETE
2770,2770,,2021-02-08 22:01:40.068747,2021-02-08 22:01:40.734969,0 days 00:00:00.666222,0.001744724522292569,13,0,0.9157801702872179,16,0.14872043530314072,FAIL
2771,2771,,2021-02-08 22:01:40.736904,2021-02-08 22:01:41.432800,0 days 00:00:00.695896,1.3191764133758188e-05,13,0,0.9198278929266837,16,0.32566929672134576,FAIL
2772,2772,,2021-02-08 22:01:41.434766,2021-02-08 22:01:42.232504,0 days 00:00:00.797738,0.0018093564671610774,13,0,0.9189671079221505,16,0.25484955621227945,FAIL
2773,2773,,2021-02-08 22:01:42.234463,2021-02-08 22:01:42.928764,0 days 00:00:00.694301,8.740246077315168e-05,13,0,0.9227069986678692,16,0.1323471341590322,FAIL
2774,2774,,2021-02-08 22:01:42.929860,2021-02-08 22:01:43.598008,0 days 00:00:00.668148,1.3147437946770523e-05,11,0,0.9168187849547326,16,0.13471961351189893,FAIL
2775,2775,,2021-02-08 22:01:43.599943,2021-02-08 22:01:44.293669,0 days 00:00:00.693726,0.00024973080352087477,13,0,0.9152350657282107,16,0.13575274653179933,FAIL
2776,2776,,2021-02-08 22:01:44.294883,2021-02-08 22:01:44.950007,0 days 00:00:00.655124,0.004246063420948199,13,0,0.9115126041604116,16,0.23995957318911096,FAIL
2777,2777,,2021-02-08 22:01:44.951245,2021-02-08 22:01:45.610446,0 days 00:00:00.659201,8.853589116366847e-05,13,0,0.9196927824966503,16,0.30887281149943857,FAIL
2778,2778,,2021-02-08 22:01:45.612376,2021-02-08 22:01:46.330535,0 days 00:00:00.718159,9.146054085858562e-05,13,0,0.9154350471124351,16,0.4756523997464575,FAIL
2779,2779,,2021-02-08 22:01:46.331712,2021-02-08 22:01:47.004743,0 days 00:00:00.673031,0.002108995706285695,13,0,0.9154237256408219,16,0.23349140029873736,FAIL
2780,2780,0.38187403993855606,2021-02-08 22:01:47.006656,2021-02-08 22:01:58.251233,0 days 00:00:11.244577,1.305691436890585e-05,13,8,0.9163319970580204,16,0.4937501669995761,COMPLETE
2781,2781,,2021-02-08 22:01:58.252859,2021-02-08 22:01:58.906969,0 days 00:00:00.654110,0.001968804471507802,11,0,0.9230969131139093,16,0.22742390820547095,FAIL
2782,2782,,2021-02-08 22:01:58.908924,2021-02-08 22:01:59.613662,0 days 00:00:00.704738,0.002142508034557138,11,0,0.9264817138058854,16,0.23705310943743266,FAIL
2783,2783,,2021-02-08 22:01:59.615544,2021-02-08 22:02:00.320621,0 days 00:00:00.705077,0.005024123561702727,11,0,0.924421056410653,10,0.24381418283096148,FAIL
2784,2784,0.5941628264208909,2021-02-08 22:02:00.322481,2021-02-08 22:02:33.668146,0 days 00:00:33.345665,0.0019432819462685022,11,10,0.9216162786585606,10,0.22530451644336633,COMPLETE
2785,2785,,2021-02-08 22:02:33.669779,2021-02-08 22:02:34.341064,0 days 00:00:00.671285,0.004015956274509617,9,0,0.9117363279947142,14,0.1561775293221761,FAIL
2786,2786,,2021-02-08 22:02:34.343034,2021-02-08 22:02:35.187368,0 days 00:00:00.844334,0.0013093795887766406,9,0,0.9103501505925202,14,0.14033658847406416,FAIL
2787,2787,,2021-02-08 22:02:35.189293,2021-02-08 22:02:35.867717,0 days 00:00:00.678424,0.0012325546209646216,9,0,0.9121795734502461,14,0.033199405638973466,FAIL
2788,2788,0.3904761904761905,2021-02-08 22:02:35.869662,2021-02-08 22:02:47.133914,0 days 00:00:11.264252,1.0008161552782834e-05,9,8,0.9046325095211956,14,0.15700405491180477,COMPLETE
2789,2789,,2021-02-08 22:02:47.135542,2021-02-08 22:02:47.814360,0 days 00:00:00.678818,8.432021941201378e-05,11,0,0.9148170899232965,16,0.13726915019812708,FAIL
2790,2790,,2021-02-08 22:02:47.816586,2021-02-08 22:02:48.495134,0 days 00:00:00.678548,9.37202404309314e-05,11,0,0.9113181021015766,16,0.33048211786515413,FAIL
2791,2791,,2021-02-08 22:02:48.496991,2021-02-08 22:02:49.160663,0 days 00:00:00.663672,0.0040127779086171905,11,0,0.9142141142023495,16,0.030566358089313832,FAIL
2792,2792,,2021-02-08 22:02:49.162622,2021-02-08 22:02:49.837998,0 days 00:00:00.675376,9.047754372738482e-05,11,0,0.9601975737765807,16,0.36999888875810377,FAIL
2793,2793,,2021-02-08 22:02:49.840174,2021-02-08 22:02:50.508085,0 days 00:00:00.667911,8.751509517723832e-05,11,0,0.911545732625779,16,0.3644633440003105,FAIL
2794,2794,,2021-02-08 22:02:50.509275,2021-02-08 22:02:51.306847,0 days 00:00:00.797572,0.00119854374795145,11,0,0.9088888200694748,16,0.2824117530628415,FAIL
2795,2795,0.376036866359447,2021-02-08 22:02:51.308004,2021-02-08 22:03:02.195385,0 days 00:00:10.887381,8.756931298695058e-05,11,6,0.9527728021418338,16,0.3816405373567779,COMPLETE
2796,2796,,2021-02-08 22:03:02.197026,2021-02-08 22:03:02.861654,0 days 00:00:00.664628,0.001304253722009033,7,0,0.9324282500056128,16,0.033231443492675546,FAIL
2797,2797,,2021-02-08 22:03:02.862786,2021-02-08 22:03:03.532918,0 days 00:00:00.670132,0.0012400522195107602,19,0,0.9142157620150879,16,0.13780345345310333,FAIL
2798,2798,,2021-02-08 22:03:03.534124,2021-02-08 22:03:04.243588,0 days 00:00:00.709464,0.0035579383435357654,19,0,0.9133997621098259,16,0.032873170867281594,FAIL
2799,2799,,2021-02-08 22:03:04.245584,2021-02-08 22:03:04.975427,0 days 00:00:00.729843,0.004078342904052509,19,0,0.9314100245443372,16,0.1345733017392455,FAIL
2800,2800,0.6101382488479262,2021-02-08 22:03:04.976535,2021-02-08 22:03:16.042132,0 days 00:00:11.065597,0.00125771529958067,7,6,0.9323043098931262,16,0.03292977386647063,COMPLETE
2801,2801,,2021-02-08 22:03:16.043779,2021-02-08 22:03:16.731684,0 days 00:00:00.687905,0.0026060418164422093,17,0,0.9126695600948779,18,0.29063937562638054,FAIL
2802,2802,,2021-02-08 22:03:16.732800,2021-02-08 22:03:17.397946,0 days 00:00:00.665146,0.00024280650521327094,17,0,0.9098257437837729,18,0.3102876627505394,FAIL
2803,2803,0.4980030721966206,2021-02-08 22:03:17.399930,2021-02-08 22:03:52.813908,0 days 00:00:35.413978,0.002484821203510366,17,2,0.9600797888978974,18,0.02388444552196845,COMPLETE
2804,2804,0.4288786482334869,2021-02-08 22:03:52.815569,2021-02-08 22:04:03.952284,0 days 00:00:11.136715,0.00024678718383876793,9,8,0.9629849088550996,20,0.01794026054132287,COMPLETE
2805,2805,0.4399385560675883,2021-02-08 22:04:03.953926,2021-02-08 22:04:19.996658,0 days 00:00:16.042732,0.0003251854169479085,13,4,0.9116579351795058,14,0.020583193784126645,COMPLETE
2806,2806,,2021-02-08 22:04:19.998295,2021-02-08 22:04:20.675633,0 days 00:00:00.677338,0.04492048067630517,7,0,0.9507482379552918,16,0.013167662322202487,FAIL
2807,2807,0.541321044546851,2021-02-08 22:04:20.677535,2021-02-08 22:04:36.615774,0 days 00:00:15.938239,0.0594501866847907,7,6,0.9513880303127739,16,0.012648814436702198,COMPLETE
2808,2808,,2021-02-08 22:04:36.617431,2021-02-08 22:04:37.305571,0 days 00:00:00.688140,0.0004800287925486652,7,0,0.9409340676614087,16,0.014526588975620593,FAIL
2809,2809,,2021-02-08 22:04:37.306710,2021-02-08 22:04:37.975866,0 days 00:00:00.669156,0.011627245376563058,7,0,0.9569814335411886,16,0.028611344809310955,FAIL
2810,2810,,2021-02-08 22:04:37.977006,2021-02-08 22:04:38.646586,0 days 00:00:00.669580,2.1142362481565843e-05,7,0,0.9395159628456036,16,0.029347133542511162,FAIL
2811,2811,0.554531490015361,2021-02-08 22:04:38.647705,2021-02-08 22:05:40.071631,0 days 00:01:01.423926,0.000839164011361532,7,6,0.9561968967898227,16,0.02943096338259834,COMPLETE
2812,2812,,2021-02-08 22:05:40.073280,2021-02-08 22:05:40.765385,0 days 00:00:00.692105,0.02066092211872473,5,0,0.9407093364546105,16,0.010063904102585286,FAIL
2813,2813,,2021-02-08 22:05:40.766517,2021-02-08 22:05:41.421898,0 days 00:00:00.655381,0.03494379969067562,5,0,0.9442288935809718,16,0.2938574869894019,FAIL
2814,2814,,2021-02-08 22:05:41.423867,2021-02-08 22:05:42.116714,0 days 00:00:00.692847,0.017833908359692317,5,0,0.9661638747196745,16,0.014042011323251247,FAIL
2815,2815,0.5907834101382489,2021-02-08 22:05:42.118590,2021-02-08 22:05:53.351569,0 days 00:00:11.232979,0.032031899544194775,5,6,0.9449906222239659,16,0.01389092989198877,COMPLETE
2816,2816,,2021-02-08 22:05:53.353210,2021-02-08 22:05:54.029727,0 days 00:00:00.676517,2.162742883071852e-05,7,0,0.9648439351472073,16,0.025866381871650707,FAIL
2817,2817,,2021-02-08 22:05:54.030926,2021-02-08 22:05:54.677442,0 days 00:00:00.646516,0.011082759915779297,7,0,0.9654811825620583,16,0.1396211524122476,FAIL
2818,2818,,2021-02-08 22:05:54.678557,2021-02-08 22:05:55.346624,0 days 00:00:00.668067,0.005919387956541559,7,0,0.9401920063921793,16,0.025997676407970117,FAIL
2819,2819,,2021-02-08 22:05:55.347766,2021-02-08 22:05:56.000556,0 days 00:00:00.652790,0.00045508443361313495,7,0,0.9413233823631945,16,0.1431252951505741,FAIL
2820,2820,0.513978494623656,2021-02-08 22:05:56.001649,2021-02-08 22:06:06.475607,0 days 00:00:10.473958,0.010997372731042683,7,2,0.9392380599056946,16,0.015067402668672077,COMPLETE
2821,2821,,2021-02-08 22:06:06.477255,2021-02-08 22:06:07.158446,0 days 00:00:00.681191,0.0004745220174002329,9,0,0.9260193807312881,20,0.010158101075059366,FAIL
2822,2822,0.4592933947772657,2021-02-08 22:06:07.160406,2021-02-08 22:06:23.595386,0 days 00:00:16.434980,2.0063423377368856e-05,9,8,0.9245457724009056,20,0.2999155351490729,COMPLETE
