,number,value,datetime_start,datetime_complete,duration,params_lr,params_nl2,params_num_ct,params_scheduler_gamma,params_sigma2,params_weight_decay,state
5196,5196,,2021-02-09 04:04:56.688359,2021-02-09 04:04:57.475985,0 days 00:00:00.787626,0.0021394113311595394,7,0,0.9418872609605193,16,0.026120535844461713,FAIL
5197,5197,0.48294930875576036,2021-02-09 04:04:57.479165,2021-02-09 04:05:08.581418,0 days 00:00:11.102253,0.002329239349379224,7,2,0.9425935273069507,16,0.026972849971725246,COMPLETE
5198,5198,,2021-02-09 04:05:08.584115,2021-02-09 04:05:09.352427,0 days 00:00:00.768312,0.0003534400807159874,15,0,0.9785898381406968,16,0.020604575995198642,FAIL
5199,5199,,2021-02-09 04:05:09.355694,2021-02-09 04:05:10.109119,0 days 00:00:00.753425,0.0002863166007959438,15,0,0.9863262570888198,16,0.019643501579297853,FAIL
5200,5200,,2021-02-09 04:05:10.112337,2021-02-09 04:05:10.847223,0 days 00:00:00.734886,0.00026774433091059747,15,0,0.9855806598783415,16,0.020516460019402494,FAIL
5201,5201,0.556989247311828,2021-02-09 04:05:10.850470,2021-02-09 04:05:21.413539,0 days 00:00:10.563069,0.0003659867844223999,15,2,0.9688159133062073,16,0.020417688249481765,COMPLETE
5202,5202,,2021-02-09 04:05:21.416239,2021-02-09 04:05:22.155780,0 days 00:00:00.739541,1.2077775959481599e-05,7,0,0.965360939399849,16,0.03233062388748015,FAIL
5203,5203,0.632258064516129,2021-02-09 04:05:22.157552,2021-02-09 04:05:38.940664,0 days 00:00:16.783112,0.000534254617733123,7,8,0.9860734157254293,16,0.0329062328938124,COMPLETE
5204,5204,,2021-02-09 04:05:38.943383,2021-02-09 04:05:39.678982,0 days 00:00:00.735599,0.0005108659210199258,7,0,0.9880957162070441,16,0.03505933691697203,FAIL
5205,5205,,2021-02-09 04:05:39.682268,2021-02-09 04:05:40.419621,0 days 00:00:00.737353,0.0005635430662024384,7,0,0.9849195938145574,16,0.036436840718163215,FAIL
5206,5206,0.5560675883256528,2021-02-09 04:05:40.421684,2021-02-09 04:06:02.350487,0 days 00:00:21.928803,0.0004975752442435568,7,8,0.9847066175847804,16,0.03841131950088059,COMPLETE
5207,5207,0.5637480798771122,2021-02-09 04:06:02.353154,2021-02-09 04:07:16.741783,0 days 00:01:14.388629,0.0006748012014740525,7,8,0.9852854534878059,14,0.03523654146455038,COMPLETE
5208,5208,0.6125960061443932,2021-02-09 04:07:16.744787,2021-02-09 04:07:28.287984,0 days 00:00:11.543197,0.0008644465884178931,7,8,0.9887495733427016,16,0.03654849671847868,COMPLETE
5209,5209,,2021-02-09 04:07:28.290682,2021-02-09 04:07:29.007684,0 days 00:00:00.717002,0.0007025430105507322,5,0,0.9831126183742915,16,0.04327450490247541,FAIL
5210,5210,0.42119815668202765,2021-02-09 04:07:29.011047,2021-02-09 04:09:24.460977,0 days 00:01:55.449930,0.0004996362947650052,5,8,0.9829736356343187,16,0.03338779676244073,COMPLETE
5211,5211,,2021-02-09 04:09:24.463704,2021-02-09 04:09:25.351142,0 days 00:00:00.887438,0.000554559161406915,9,0,0.989933397587843,16,0.04325321408770594,FAIL
5212,5212,,2021-02-09 04:09:25.354530,2021-02-09 04:09:26.080367,0 days 00:00:00.725837,0.0005906425802166003,9,0,0.9834277655501238,16,0.02174546147441411,FAIL
5213,5213,0.6086021505376344,2021-02-09 04:09:26.082259,2021-02-09 04:09:37.453791,0 days 00:00:11.371532,0.0005476542888211091,9,8,0.986971721532688,16,0.02190382689880054,COMPLETE
5214,5214,,2021-02-09 04:09:37.456463,2021-02-09 04:09:38.173347,0 days 00:00:00.716884,0.0004994442143106286,7,0,0.9860857077309569,16,0.040831101116661724,FAIL
5215,5215,0.46144393241167436,2021-02-09 04:09:38.175473,2021-02-09 04:12:05.099916,0 days 00:02:26.924443,0.00045354144113587556,7,8,0.9864200490810923,16,0.04216450477887577,COMPLETE
5216,5216,,2021-02-09 04:12:05.102595,2021-02-09 04:12:05.844349,0 days 00:00:00.741754,0.0006898378051407141,11,0,0.9885063543912148,16,0.024791110919691172,FAIL
5217,5217,,2021-02-09 04:12:05.846194,2021-02-09 04:12:06.588749,0 days 00:00:00.742555,0.0006908996522853346,11,0,0.9846405214973936,16,0.03550008758731291,FAIL
5218,5218,,2021-02-09 04:12:06.592187,2021-02-09 04:12:07.316093,0 days 00:00:00.723906,0.00040223030058726824,11,0,0.9859931537653509,16,0.025017527514349422,FAIL
5219,5219,0.565284178187404,2021-02-09 04:12:07.318040,2021-02-09 04:12:24.784760,0 days 00:00:17.466720,0.0005947216889051809,11,10,0.9891151262746295,16,0.0242950542916085,COMPLETE
5220,5220,,2021-02-09 04:12:24.787473,2021-02-09 04:12:25.526812,0 days 00:00:00.739339,0.0007308729359306558,7,0,0.9858722232385193,16,0.03747340638137218,FAIL
5221,5221,,2021-02-09 04:12:25.530180,2021-02-09 04:12:26.444796,0 days 00:00:00.914616,0.0005286245614776931,7,0,0.9892505737196611,16,0.03602240329096425,FAIL
5222,5222,0.41566820276497696,2021-02-09 04:12:26.446833,2021-02-09 04:12:37.228004,0 days 00:00:10.781171,0.0005247112375347706,7,2,0.9881378883898648,16,0.03737632864998814,COMPLETE
5223,5223,,2021-02-09 04:12:37.230724,2021-02-09 04:12:37.965294,0 days 00:00:00.734570,0.0005669743066193457,5,0,0.985950067152118,16,0.03303566343962291,FAIL
5224,5224,0.5576036866359447,2021-02-09 04:12:37.968568,2021-02-09 04:13:47.238957,0 days 00:01:09.270389,0.0007022320868507261,9,8,0.9894547946038796,16,0.03294099311081079,COMPLETE
5225,5225,0.5772657450076805,2021-02-09 04:13:47.241650,2021-02-09 04:14:23.507905,0 days 00:00:36.266255,0.0006461822072813274,7,2,0.9866721971257737,16,0.02638391385396866,COMPLETE
5226,5226,0.3880184331797235,2021-02-09 04:14:23.510592,2021-02-09 04:14:54.785152,0 days 00:00:31.274560,0.0005016161594816203,11,8,0.9836060508876534,16,0.030498090390474856,COMPLETE
5227,5227,0.4064516129032258,2021-02-09 04:14:54.787891,2021-02-09 04:15:24.803132,0 days 00:00:30.015241,0.0005802223590541618,9,2,0.985974462379084,16,0.019844100262761132,COMPLETE
5228,5228,,2021-02-09 04:15:24.805808,2021-02-09 04:15:25.533988,0 days 00:00:00.728180,0.0004445734059392845,7,0,0.9859743031055396,16,0.03489780178647927,FAIL
5229,5229,0.5428571428571428,2021-02-09 04:15:25.535920,2021-02-09 04:16:40.440315,0 days 00:01:14.904395,0.0004540613854132471,7,8,0.9851344026996408,14,0.039921758530246605,COMPLETE
5230,5230,0.3990783410138249,2021-02-09 04:16:40.443022,2021-02-09 04:16:51.452602,0 days 00:00:11.009580,0.0005297296035857693,5,2,0.9815763324297258,16,0.03528923558069702,COMPLETE
5231,5231,0.38525345622119817,2021-02-09 04:16:51.455314,2021-02-09 04:17:02.348422,0 days 00:00:10.893108,0.0007500015073961296,7,2,0.9831337086244771,16,0.023160739540608908,COMPLETE
5232,5232,,2021-02-09 04:17:02.351141,2021-02-09 04:17:03.090831,0 days 00:00:00.739690,0.0005798534732885899,13,0,0.9814568065810048,16,0.028892772135402468,FAIL
5233,5233,,2021-02-09 04:17:03.094140,2021-02-09 04:17:03.810733,0 days 00:00:00.716593,0.0004457680673454408,13,0,0.9859862608211487,16,0.029075282373791148,FAIL
5234,5234,,2021-02-09 04:17:03.812657,2021-02-09 04:17:04.695342,0 days 00:00:00.882685,0.00042416202112070925,13,0,0.9856230983754112,10,0.02879612108469075,FAIL
5235,5235,,2021-02-09 04:17:04.698528,2021-02-09 04:17:05.449415,0 days 00:00:00.750887,0.00043903540411672934,13,0,0.9872455453360177,16,0.028956581777961243,FAIL
5236,5236,0.47649769585253454,2021-02-09 04:17:05.451410,2021-02-09 04:17:16.536127,0 days 00:00:11.084717,0.0006399623303329269,7,8,0.9857895344187289,16,0.025154229998696695,COMPLETE
5237,5237,0.6236559139784946,2021-02-09 04:17:16.538826,2021-02-09 04:17:32.385547,0 days 00:00:15.846721,0.0004661388540674342,11,2,0.9870899462791587,16,0.02913353211256992,COMPLETE
5238,5238,0.5953917050691244,2021-02-09 04:17:32.388277,2021-02-09 04:17:53.034492,0 days 00:00:20.646215,0.0006921479699741746,7,2,0.9877436961193525,16,0.033369525554351534,COMPLETE
5239,5239,0.39416282642089095,2021-02-09 04:17:53.037195,2021-02-09 04:18:09.676912,0 days 00:00:16.639717,0.0004999814536333721,11,8,0.9843063320673251,16,0.02755605571526263,COMPLETE
5240,5240,,2021-02-09 04:18:09.679649,2021-02-09 04:18:10.426361,0 days 00:00:00.746712,0.00037692072159688217,13,0,0.9841816422333478,16,0.04530798135099965,FAIL
5241,5241,,2021-02-09 04:18:10.428315,2021-02-09 04:18:11.159820,0 days 00:00:00.731505,0.00043140895356059267,13,0,0.9854118917137623,16,0.044237886165992474,FAIL
5242,5242,0.4258064516129032,2021-02-09 04:18:11.163142,2021-02-09 04:18:21.921436,0 days 00:00:10.758294,0.0004124633958362237,13,2,0.9897486222737866,16,0.021029708349016397,COMPLETE
5243,5243,0.3695852534562212,2021-02-09 04:18:21.924165,2021-02-09 04:18:53.967834,0 days 00:00:32.043669,0.0007112831053749892,7,8,0.989970233098074,16,0.032166770689865565,COMPLETE
5244,5244,,2021-02-09 04:18:53.970558,2021-02-09 04:18:54.855510,0 days 00:00:00.884952,0.0005328656566308193,9,0,0.9839816143323659,16,0.0375748127150925,FAIL
5245,5245,0.39631336405529954,2021-02-09 04:18:54.858916,2021-02-09 04:19:35.685701,0 days 00:00:40.826785,0.0004038312406459806,9,2,0.9804142534418122,14,0.024688207971873176,COMPLETE
5246,5246,,2021-02-09 04:19:35.688416,2021-02-09 04:19:36.424423,0 days 00:00:00.736007,0.00048751183706846005,13,0,0.9851089102463322,16,0.04454966578798261,FAIL
5247,5247,,2021-02-09 04:19:36.426517,2021-02-09 04:19:37.148617,0 days 00:00:00.722100,0.0004283770297446293,13,0,0.9820656827371871,16,0.04442479281050171,FAIL
5248,5248,,2021-02-09 04:19:37.150485,2021-02-09 04:19:37.875341,0 days 00:00:00.724856,0.0035332818800972005,13,0,0.9839673700839998,16,0.03809429519981951,FAIL
5249,5249,,2021-02-09 04:19:37.877255,2021-02-09 04:19:38.585116,0 days 00:00:00.707861,0.0005573165030476156,7,0,0.9857883989878832,16,0.0445607662676767,FAIL
5250,5250,0.3898617511520737,2021-02-09 04:19:38.588468,2021-02-09 04:19:49.789227,0 days 00:00:11.200759,0.000616934621459036,13,2,0.9853564328268155,16,0.0446552014986275,COMPLETE
5251,5251,0.6036866359447005,2021-02-09 04:19:49.791945,2021-02-09 04:20:00.837831,0 days 00:00:11.045886,0.0007729910968048295,5,8,0.9838897801631975,16,0.03824471864953475,COMPLETE
5252,5252,,2021-02-09 04:20:00.840565,2021-02-09 04:20:01.568950,0 days 00:00:00.728385,0.0004148930511528321,11,0,0.9663712224388218,16,0.03000362314477628,FAIL
5253,5253,0.493394777265745,2021-02-09 04:20:01.570800,2021-02-09 04:20:12.703214,0 days 00:00:11.132414,0.00041336009010861316,11,2,0.9873984066979841,16,0.030792186423799862,COMPLETE
5254,5254,0.4307219662058372,2021-02-09 04:20:12.705927,2021-02-09 04:20:23.887413,0 days 00:00:11.181486,0.00041427489834770814,7,8,0.9797353712845946,16,0.022880344172478115,COMPLETE
5255,5255,,2021-02-09 04:20:23.890138,2021-02-09 04:20:24.792525,0 days 00:00:00.902387,0.0006239020882372546,7,0,0.9784321917811307,16,0.03469162546017675,FAIL
5256,5256,,2021-02-09 04:20:24.795416,2021-02-09 04:20:25.518536,0 days 00:00:00.723120,0.0005469331817663962,7,0,0.9820987498623315,16,0.026875619179710007,FAIL
5257,5257,,2021-02-09 04:20:25.521861,2021-02-09 04:20:26.257197,0 days 00:00:00.735336,0.0006281348225199203,7,0,0.9815369660433442,16,0.03510649668844963,FAIL
5258,5258,,2021-02-09 04:20:26.260548,2021-02-09 04:20:27.004884,0 days 00:00:00.744336,0.0005516433836069311,7,0,0.9821801298383493,16,0.03513069662859954,FAIL
5259,5259,,2021-02-09 04:20:27.008157,2021-02-09 04:20:27.764190,0 days 00:00:00.756033,0.0005274217139503206,7,0,0.9380993375217271,16,0.03527380287448174,FAIL
5260,5260,0.43195084485407065,2021-02-09 04:20:27.766210,2021-02-09 04:20:38.644009,0 days 00:00:10.877799,0.0005460782883953646,7,2,0.9655540055555114,16,0.03546463595852689,COMPLETE
5261,5261,0.46144393241167436,2021-02-09 04:20:38.646743,2021-02-09 04:20:49.787241,0 days 00:00:11.140498,0.0005316188412537587,11,2,0.9827732057508894,16,0.027277203823589957,COMPLETE
5262,5262,0.5668202764976958,2021-02-09 04:20:49.789935,2021-02-09 04:21:32.383229,0 days 00:00:42.593294,0.004075300783056889,9,8,0.9782046801264599,12,0.029384499210828804,COMPLETE
5263,5263,,2021-02-09 04:21:32.385947,2021-02-09 04:21:33.132607,0 days 00:00:00.746660,0.00010450047002702937,7,0,0.9820051988996298,16,0.025896050929213182,FAIL
5264,5264,0.4116743471582181,2021-02-09 04:21:33.135915,2021-02-09 04:21:43.794001,0 days 00:00:10.658086,0.0006334375149157555,7,2,0.9330198853964117,16,0.02585197229270608,COMPLETE
5265,5265,,2021-02-09 04:21:43.796727,2021-02-09 04:21:44.520565,0 days 00:00:00.723838,0.00011334810652506301,7,0,0.9709907362693748,16,0.034142000011413584,FAIL
5266,5266,0.40030721966205834,2021-02-09 04:21:44.523922,2021-02-09 04:21:56.108145,0 days 00:00:11.584223,0.00011777946427465674,7,8,0.9671642843332962,16,0.018789090332103756,COMPLETE
5267,5267,,2021-02-09 04:21:56.110889,2021-02-09 04:21:56.842431,0 days 00:00:00.731542,0.00036002747798347313,17,0,0.9416674025432787,16,0.041332711401487,FAIL
5268,5268,0.3695852534562212,2021-02-09 04:21:56.845778,2021-02-09 04:22:07.893593,0 days 00:00:11.047815,9.88237877505844e-05,11,2,0.9817014267462953,16,0.03498330925853644,COMPLETE
5269,5269,,2021-02-09 04:22:07.896327,2021-02-09 04:22:08.634203,0 days 00:00:00.737876,0.0003716563362779481,13,0,0.9398930940113167,16,0.04209838894284065,FAIL
5270,5270,0.4645161290322581,2021-02-09 04:22:08.636091,2021-02-09 04:22:19.427141,0 days 00:00:10.791050,0.00037491526995883493,17,2,0.9415450066170931,16,0.04249444434653154,COMPLETE
5271,5271,0.4433179723502304,2021-02-09 04:22:19.429890,2021-02-09 04:23:17.726113,0 days 00:00:58.296223,0.003678546891418714,13,8,0.986045833907369,16,0.0218073720542369,COMPLETE
5272,5272,,2021-02-09 04:23:17.728720,2021-02-09 04:23:18.452624,0 days 00:00:00.723904,0.0007798982270786158,7,0,0.9372948808658208,14,0.030497385562432266,FAIL
5273,5273,,2021-02-09 04:23:18.455918,2021-02-09 04:23:21.905979,0 days 00:00:03.450061,0.0004481023820350351,7,2,0.9376917501016468,16,0.024231509982428373,FAIL
5274,5274,,2021-02-09 04:23:21.908659,2021-02-09 04:23:22.685119,0 days 00:00:00.776460,0.0001647458713200918,7,0,0.9878553682511461,14,0.03208719407738386,FAIL
5275,5275,,2021-02-09 04:23:22.688463,2021-02-09 04:23:23.440157,0 days 00:00:00.751694,0.0007896010709493819,7,0,0.988076409251389,14,0.03187558578275978,FAIL
5276,5276,0.4774193548387097,2021-02-09 04:23:23.443428,2021-02-09 04:23:39.375841,0 days 00:00:15.932413,0.0007801979851622268,7,2,0.9883024856823608,16,0.0724706132210551,COMPLETE
5277,5277,0.5800307219662059,2021-02-09 04:23:39.378566,2021-02-09 04:23:50.939561,0 days 00:00:11.560995,0.0005134313816632681,9,8,0.9375753097304523,16,0.03062816252392238,COMPLETE
5278,5278,,2021-02-09 04:23:50.942302,2021-02-09 04:23:51.686592,0 days 00:00:00.744290,0.00015447500228580734,7,0,0.9708808618705119,14,0.02443064850241894,FAIL
5279,5279,0.45376344086021503,2021-02-09 04:23:51.689907,2021-02-09 04:24:02.736113,0 days 00:00:11.046206,0.00011058007608000661,7,2,0.9708532967464163,14,0.0280663030096847,COMPLETE
5280,5280,,2021-02-09 04:24:02.738838,2021-02-09 04:24:03.473427,0 days 00:00:00.734589,0.00013978927667710131,11,0,0.9393525760798804,16,0.023821267520604723,FAIL
5281,5281,,2021-02-09 04:24:03.476685,2021-02-09 04:24:04.215675,0 days 00:00:00.738990,0.0001577468558293835,7,0,0.9454605155375608,16,0.024181512501457596,FAIL
5282,5282,0.4436251920122888,2021-02-09 04:24:04.217525,2021-02-09 04:24:15.191887,0 days 00:00:10.974362,0.0001345826637654007,11,2,0.9345406542513462,16,0.023828707829834005,COMPLETE
5283,5283,0.4860215053763441,2021-02-09 04:24:15.194623,2021-02-09 04:24:26.627611,0 days 00:00:11.432988,0.0001798161020241155,7,8,0.9400982977434517,16,0.03242911287892437,COMPLETE
5284,5284,0.6199692780337942,2021-02-09 04:24:26.630342,2021-02-09 04:24:37.567205,0 days 00:00:10.936863,0.00043748923644944824,7,2,0.984329493623228,16,0.040801630349708996,COMPLETE
5285,5285,0.4165898617511521,2021-02-09 04:24:37.569913,2021-02-09 04:24:48.709720,0 days 00:00:11.139807,0.0003511198097191331,5,8,0.961974854758539,16,0.037780903357199976,COMPLETE
5286,5286,,2021-02-09 04:24:48.712475,2021-02-09 04:24:49.436613,0 days 00:00:00.724138,0.00015318679915397572,7,0,0.9314866308200386,16,0.02603615666142975,FAIL
5287,5287,0.40184331797235023,2021-02-09 04:24:49.438584,2021-02-09 04:25:00.440368,0 days 00:00:11.001784,9.335013237067667e-05,7,2,0.9457444860440525,16,0.02579890667827623,COMPLETE
5288,5288,0.46482334869431646,2021-02-09 04:25:00.443108,2021-02-09 04:25:11.126818,0 days 00:00:10.683710,0.000150049523306274,11,2,0.9315253560671435,16,0.03515572394376334,COMPLETE
5289,5289,0.43655913978494626,2021-02-09 04:25:11.129543,2021-02-09 04:25:22.650568,0 days 00:00:11.521025,0.0007558692531107114,13,8,0.9861564580717783,16,0.029640831315095355,COMPLETE
5290,5290,,2021-02-09 04:25:22.653324,2021-02-09 04:25:23.402952,0 days 00:00:00.749628,0.0006391465321542182,11,0,0.9650862681236599,16,0.02146709431173294,FAIL
5291,5291,0.4307219662058372,2021-02-09 04:25:23.406216,2021-02-09 04:25:34.279808,0 days 00:00:10.873592,0.0002770145417268818,7,2,0.966054713939279,14,0.021391548634882407,COMPLETE
5292,5292,,2021-02-09 04:25:34.282564,2021-02-09 04:25:35.160597,0 days 00:00:00.878033,0.0006021677765307153,9,0,0.9690234948560041,16,0.026831967197097448,FAIL
5293,5293,0.5877112135176651,2021-02-09 04:25:35.164030,2021-02-09 04:25:46.517280,0 days 00:00:11.353250,0.0006047476202717314,9,8,0.9763414036155162,16,0.02441614534620098,COMPLETE
5294,5294,0.4344086021505376,2021-02-09 04:25:46.520010,2021-02-09 04:25:57.517909,0 days 00:00:10.997899,7.780129183905925e-05,11,2,0.9735918392467424,16,0.02698121145118872,COMPLETE
5295,5295,0.4666666666666667,2021-02-09 04:25:57.520644,2021-02-09 04:26:08.943817,0 days 00:00:11.423173,0.0033161652648391847,15,10,0.9697260821206064,16,0.031359000997631226,COMPLETE
5296,5296,,2021-02-09 04:26:08.946535,2021-02-09 04:26:09.673014,0 days 00:00:00.726479,0.0004999270308812325,7,0,0.989970721138892,16,0.033719726955354065,FAIL
5297,5297,0.4261136712749616,2021-02-09 04:26:09.676299,2021-02-09 04:26:21.305877,0 days 00:00:11.629578,0.000496009782347696,7,8,0.9679288567706136,16,0.03352317783824741,COMPLETE
5298,5298,0.5465437788018433,2021-02-09 04:26:21.308620,2021-02-09 04:26:47.056310,0 days 00:00:25.747690,0.00015891376116957634,5,2,0.9427983066697853,16,0.038183834060109695,COMPLETE
5299,5299,,2021-02-09 04:26:47.059048,2021-02-09 04:26:47.794101,0 days 00:00:00.735053,0.00011851895499477714,7,0,0.9718456735004107,16,0.019615392924022274,FAIL
5300,5300,,2021-02-09 04:26:47.796008,2021-02-09 04:26:48.512258,0 days 00:00:00.716250,0.00011237690922205775,7,0,0.983862760166404,16,0.023148120771460383,FAIL
5301,5301,0.6076804915514593,2021-02-09 04:26:48.514259,2021-02-09 04:27:04.178208,0 days 00:00:15.663949,0.0001884087847290493,7,2,0.9389209324249983,16,0.028221618003842524,COMPLETE
5302,5302,,2021-02-09 04:27:04.180960,2021-02-09 04:27:04.924399,0 days 00:00:00.743439,0.0003934788305253326,15,0,0.9881858903879697,18,0.022498718063317543,FAIL
5303,5303,0.533026113671275,2021-02-09 04:27:04.927604,2021-02-09 04:27:16.101873,0 days 00:00:11.174269,0.00011717931621711881,15,2,0.9817594397021128,18,0.023145752177515414,COMPLETE
5304,5304,0.4073732718894009,2021-02-09 04:27:16.104638,2021-02-09 04:27:27.673289,0 days 00:00:11.568651,0.0003641923769826697,11,8,0.972167445542958,16,0.02033937452370047,COMPLETE
5305,5305,0.3686635944700461,2021-02-09 04:27:27.676036,2021-02-09 04:27:38.820642,0 days 00:00:11.144606,0.0006662046893555388,15,8,0.9882865300176881,18,0.02616743303195051,COMPLETE
5306,5306,,2021-02-09 04:27:38.823387,2021-02-09 04:27:39.543101,0 days 00:00:00.719714,0.00010346158989466877,7,0,0.9647493974762249,16,0.02930226905112162,FAIL
5307,5307,0.5419354838709678,2021-02-09 04:27:39.544935,2021-02-09 04:27:50.574162,0 days 00:00:11.029227,0.000103495544195892,7,2,0.9844001003788975,10,0.03238147444227983,COMPLETE
5308,5308,,2021-02-09 04:27:50.576931,2021-02-09 04:27:51.318117,0 days 00:00:00.741186,0.0005163683283118588,9,0,0.9787064499811767,14,0.03591433346189059,FAIL
5309,5309,,2021-02-09 04:27:51.321566,2021-02-09 04:27:52.068672,0 days 00:00:00.747106,0.0008386815933949696,15,0,0.9660244477816149,14,0.028910751545041597,FAIL
5310,5310,0.3726574500768049,2021-02-09 04:27:52.071969,2021-02-09 04:28:07.789388,0 days 00:00:15.717419,0.0004140724471161928,9,2,0.989803257551002,14,0.036758923407844056,COMPLETE
5311,5311,0.4534562211981567,2021-02-09 04:28:07.792115,2021-02-09 04:28:19.022589,0 days 00:00:11.230474,0.00014050939603877153,17,2,0.9502613542716312,16,0.0294531991674685,COMPLETE
5312,5312,,2021-02-09 04:28:19.025327,2021-02-09 04:28:19.742445,0 days 00:00:00.717118,0.0005495426111740351,11,0,0.9647156532883295,16,0.02462945269514883,FAIL
5313,5313,0.41566820276497696,2021-02-09 04:28:19.745681,2021-02-09 04:29:29.275582,0 days 00:01:09.529901,0.0008391780878170621,11,8,0.9362718644733161,16,0.024068357785189252,COMPLETE
5314,5314,,2021-02-09 04:29:29.278345,2021-02-09 04:29:30.026246,0 days 00:00:00.747901,0.0005942796851916677,15,0,0.9654719517248437,16,0.04389733552433422,FAIL
5315,5315,0.469431643625192,2021-02-09 04:29:30.028252,2021-02-09 04:29:40.702295,0 days 00:00:10.674043,0.0002991097196309181,15,2,0.9475272458214534,16,0.010008347371965546,COMPLETE
5316,5316,,2021-02-09 04:29:40.705021,2021-02-09 04:29:41.435203,0 days 00:00:00.730182,0.0005290157705956047,13,0,0.9296132507616568,18,0.04154793042555704,FAIL
5317,5317,0.5293394777265745,2021-02-09 04:29:41.438526,2021-02-09 04:30:38.939640,0 days 00:00:57.501114,0.0005857086327277608,13,8,0.9640475081562146,18,0.017593364003468143,COMPLETE
5318,5318,0.5576036866359447,2021-02-09 04:30:38.942360,2021-02-09 04:30:49.869224,0 days 00:00:10.926864,0.000543695721870478,7,2,0.9334548425226027,16,0.04488548839498798,COMPLETE
5319,5319,0.5720430107526882,2021-02-09 04:30:49.872004,2021-02-09 04:31:05.730863,0 days 00:00:15.858859,8.123049995544008e-05,15,2,0.966430423864336,16,0.022228717532280066,COMPLETE
5320,5320,0.3904761904761905,2021-02-09 04:31:05.733605,2021-02-09 04:31:21.812912,0 days 00:00:16.079307,0.0004483501488216525,7,8,0.9868028924510153,18,0.034154373145365055,COMPLETE
