,number,value,datetime_start,datetime_complete,duration,params_lr,params_scheduler_gamma,params_weight_decay,state
1391,1391,0.5806451612903226,2021-02-07 03:15:19.894739,2021-02-07 03:15:35.815729,0 days 00:00:15.920990,0.030866714249061636,0.9535932613005476,0.23781425952003452,COMPLETE
1392,1392,0.49923195084485406,2021-02-07 03:15:35.816663,2021-02-07 03:15:46.591772,0 days 00:00:10.775109,0.0568241372796413,0.9491932065693842,0.3079837720807929,COMPLETE
1393,1393,0.5901689708141321,2021-02-07 03:15:46.592707,2021-02-07 03:16:02.887319,0 days 00:00:16.294612,0.06721434451008505,0.9700892741098992,0.20714506886865927,COMPLETE
1394,1394,0.5133640552995392,2021-02-07 03:16:02.888262,2021-02-07 03:16:14.216901,0 days 00:00:11.328639,0.033739346257313375,0.9601600292725706,0.40811452910841434,COMPLETE
1395,1395,0.6270353302611367,2021-02-07 03:16:14.217842,2021-02-07 03:16:24.979773,0 days 00:00:10.761931,0.019260432051604718,0.9454796471871563,0.28426808461743497,COMPLETE
1396,1396,0.5548387096774193,2021-02-07 03:16:24.980720,2021-02-07 03:16:35.912998,0 days 00:00:10.932278,0.04611424742784893,0.9482275263589657,0.3025800043073742,COMPLETE
1397,1397,0.4949308755760369,2021-02-07 03:16:35.913933,2021-02-07 03:16:46.882442,0 days 00:00:10.968509,0.01811425847362297,0.9462696002945972,0.33060964331027515,COMPLETE
1398,1398,0.5505376344086022,2021-02-07 03:16:46.883402,2021-02-07 03:17:03.081689,0 days 00:00:16.198287,0.026651972936579487,0.9513353978047339,0.2830963479492508,COMPLETE
1399,1399,0.4466973886328725,2021-02-07 03:17:03.082641,2021-02-07 03:17:19.140285,0 days 00:00:16.057644,0.037938009932908946,0.948313664269049,0.32385893729313947,COMPLETE
1400,1400,0.4881720430107527,2021-02-07 03:17:19.141226,2021-02-07 03:17:29.973589,0 days 00:00:10.832363,0.04977436268976103,0.9466269715522965,0.29354663286314064,COMPLETE
1401,1401,0.5600614439324116,2021-02-07 03:17:29.974531,2021-02-07 03:17:40.735764,0 days 00:00:10.761233,0.03631302591024407,0.9498262202716699,0.3711539159548535,COMPLETE
1402,1402,0.5453149001536098,2021-02-07 03:17:40.736700,2021-02-07 03:17:51.642594,0 days 00:00:10.905894,0.0647777083493556,0.944996542855495,0.2824655993834598,COMPLETE
1403,1403,0.5053763440860215,2021-02-07 03:17:51.643557,2021-02-07 03:18:02.311201,0 days 00:00:10.667644,0.028920912267960126,0.9462031227210791,0.2629078358527926,COMPLETE
1404,1404,0.589247311827957,2021-02-07 03:18:02.312151,2021-02-07 03:18:13.182783,0 days 00:00:10.870632,0.02172544946262462,0.9478208057229742,0.26238992016886936,COMPLETE
1405,1405,0.5619047619047619,2021-02-07 03:18:13.183717,2021-02-07 03:18:29.210327,0 days 00:00:16.026610,0.09828680735338115,0.9521220440366589,0.3115187484943601,COMPLETE
1406,1406,0.6009216589861751,2021-02-07 03:18:29.211269,2021-02-07 03:18:40.713804,0 days 00:00:11.502535,0.04342257229593869,0.9567858346426804,0.2758645940597565,COMPLETE
1407,1407,0.4924731182795699,2021-02-07 03:18:40.714752,2021-02-07 03:18:51.528941,0 days 00:00:10.814189,0.05504221464689689,0.9649170113075395,0.25477755758604476,COMPLETE
1408,1408,0.5517665130568357,2021-02-07 03:18:51.529887,2021-02-07 03:19:12.406776,0 days 00:00:20.876889,0.07673385066307371,0.9682860519747724,0.29949699500355004,COMPLETE
1409,1409,0.5296466973886329,2021-02-07 03:19:12.407724,2021-02-07 03:19:28.402297,0 days 00:00:15.994573,0.030795498494476166,0.944215228817387,0.2881824977371514,COMPLETE
1410,1410,0.5499231950844854,2021-02-07 03:19:28.403260,2021-02-07 03:19:44.333278,0 days 00:00:15.930018,0.039937984266359944,0.9503274139595447,0.34151849108156956,COMPLETE
1411,1411,0.5956989247311828,2021-02-07 03:19:44.334225,2021-02-07 03:20:00.297162,0 days 00:00:15.962937,0.023902623056281776,0.9378194993555228,0.2632308749745612,COMPLETE
1412,1412,0.5161290322580645,2021-02-07 03:20:00.298106,2021-02-07 03:20:11.476885,0 days 00:00:11.178779,0.05019506649351137,0.9612511426791474,0.3275377406340655,COMPLETE
1413,1413,0.5213517665130568,2021-02-07 03:20:11.477827,2021-02-07 03:20:27.438980,0 days 00:00:15.961153,0.03921644568414281,0.9332514847493074,0.24632552555178272,COMPLETE
1414,1414,0.5855606758832566,2021-02-07 03:20:27.439936,2021-02-07 03:20:38.369835,0 days 00:00:10.929899,0.03313972335848756,0.947546923208494,0.3091172074109559,COMPLETE
1415,1415,0.6027649769585254,2021-02-07 03:20:38.370800,2021-02-07 03:20:49.164421,0 days 00:00:10.793621,0.0617920193052452,0.9550174812977134,0.2676521273098945,COMPLETE
1416,1416,0.5824884792626728,2021-02-07 03:20:49.165364,2021-02-07 03:21:05.033560,0 days 00:00:15.868196,0.02668988084732256,0.9352748569112787,0.029382969620128093,COMPLETE
1417,1417,0.5729646697388633,2021-02-07 03:21:05.034509,2021-02-07 03:21:26.260685,0 days 00:00:21.226176,0.01672815141461835,0.9437597631913737,0.2811287411231906,COMPLETE
1418,1418,0.5508448540706605,2021-02-07 03:21:26.261628,2021-02-07 03:21:41.835921,0 days 00:00:15.574293,0.046719980299337466,0.9397227552410914,0.2474610968223267,COMPLETE
1419,1419,0.525652841781874,2021-02-07 03:21:41.836876,2021-02-07 03:21:57.953847,0 days 00:00:16.116971,0.034797771450725004,0.9458451316735207,0.2893885749188411,COMPLETE
1420,1420,0.530568356374808,2021-02-07 03:21:57.954804,2021-02-07 03:22:08.866946,0 days 00:00:10.912142,0.06983841691557939,0.9374562327544994,0.22882164439887562,COMPLETE
1421,1421,0.49585253456221196,2021-02-07 03:22:08.867895,2021-02-07 03:22:19.847787,0 days 00:00:10.979892,0.05434797567639858,0.9421692632911693,0.26149890936033066,COMPLETE
1422,1422,0.5631336405529954,2021-02-07 03:22:19.848743,2021-02-07 03:22:35.608705,0 days 00:00:15.759962,0.027052948771806144,0.9582558591488276,0.3067950534581015,COMPLETE
1423,1423,0.5502304147465438,2021-02-07 03:22:35.609655,2021-02-07 03:22:52.110835,0 days 00:00:16.501180,0.02085854121891787,0.9498179104387298,0.021813038021487284,COMPLETE
1424,1424,0.4838709677419355,2021-02-07 03:22:52.111784,2021-02-07 03:23:03.107551,0 days 00:00:10.995767,0.04313313335156063,0.972954424694767,0.2359341710989415,COMPLETE
1425,1425,0.5235023041474655,2021-02-07 03:23:03.108507,2021-02-07 03:23:18.969082,0 days 00:00:15.860575,0.03221309152107073,0.940342228331861,0.2779886828496778,COMPLETE
1426,1426,0.5299539170506913,2021-02-07 03:23:18.970024,2021-02-07 03:23:34.940788,0 days 00:00:15.970764,0.03703556850903497,0.9456498521982009,0.35413848917252355,COMPLETE
1427,1427,0.49400921658986174,2021-02-07 03:23:34.941731,2021-02-07 03:23:51.434647,0 days 00:00:16.492916,0.04783806334395712,0.9522197950061252,0.255585320998871,COMPLETE
1428,1428,0.48294930875576036,2021-02-07 03:23:51.435599,2021-02-07 03:24:12.312410,0 days 00:00:20.876811,0.08174131388280878,0.9360419736479221,0.31186763139752266,COMPLETE
1429,1429,0.524731182795699,2021-02-07 03:24:12.313385,2021-02-07 03:24:27.923909,0 days 00:00:15.610524,0.024497972508218214,0.9483726428448803,0.2802937038401391,COMPLETE
1430,1430,0.5560675883256528,2021-02-07 03:24:27.924858,2021-02-07 03:24:39.309134,0 days 00:00:11.384276,0.06380894389431274,0.9420691608489157,0.23451685499951305,COMPLETE
1431,1431,0.6184331797235023,2021-02-07 03:24:39.310085,2021-02-07 03:24:50.721756,0 days 00:00:11.411671,0.039759200341117365,0.9388678544439899,0.2517051310174981,COMPLETE
1432,1432,0.5769585253456221,2021-02-07 03:24:50.722728,2021-02-07 03:25:01.702441,0 days 00:00:10.979713,0.0299061051130758,0.9629947362647147,0.28931987641502305,COMPLETE
1433,1433,0.5874039938556067,2021-02-07 03:25:01.703403,2021-02-07 03:25:17.415078,0 days 00:00:15.711675,0.052162475459411384,0.9369006807590964,0.22932355704744076,COMPLETE
1434,1434,0.5296466973886329,2021-02-07 03:25:17.416044,2021-02-07 03:25:28.575943,0 days 00:00:11.159899,0.039629629450789426,0.9386636065201577,0.24651025518639577,COMPLETE
1435,1435,0.5225806451612903,2021-02-07 03:25:28.576909,2021-02-07 03:25:49.632943,0 days 00:00:21.056034,0.01902781324584451,0.9439881408259918,0.26713158579843166,COMPLETE
1436,1436,0.5698924731182796,2021-02-07 03:25:49.633897,2021-02-07 03:26:00.234288,0 days 00:00:10.600391,0.029817713307488194,0.947524940084902,0.3264173588352586,COMPLETE
1437,1437,0.5192012288786483,2021-02-07 03:26:00.235247,2021-02-07 03:26:11.318465,0 days 00:00:11.083218,0.035103641830782455,0.9340915485874876,0.23436324641713704,COMPLETE
1438,1438,0.4715821812596006,2021-02-07 03:26:11.319433,2021-02-07 03:26:22.367649,0 days 00:00:11.048216,2.9238671914575652e-05,0.9379085147872158,0.21655477882112503,COMPLETE
1439,1439,0.5751152073732719,2021-02-07 03:26:22.368616,2021-02-07 03:26:33.123267,0 days 00:00:10.754651,0.044264854196029615,0.9392387770210798,0.22114542444171587,COMPLETE
1440,1440,0.5447004608294931,2021-02-07 03:26:33.124226,2021-02-07 03:26:49.123174,0 days 00:00:15.998948,0.05629706098716704,0.953868198298728,0.03400669130790976,COMPLETE
1441,1441,0.6138248847926268,2021-02-07 03:26:49.124131,2021-02-07 03:27:05.366526,0 days 00:00:16.242395,0.024199022070922963,0.9366076130606772,0.24210343550221,COMPLETE
1442,1442,0.5262672811059907,2021-02-07 03:27:05.367504,2021-02-07 03:27:15.841199,0 days 00:00:10.473695,0.02813294184176538,0.9395062642424692,0.24887729712080747,COMPLETE
1443,1443,0.5772657450076805,2021-02-07 03:27:15.842150,2021-02-07 03:27:26.471032,0 days 00:00:10.628882,0.06951969209972586,0.9377045618095005,0.11538745317225987,COMPLETE
1444,1444,0.5852534562211982,2021-02-07 03:27:26.471987,2021-02-07 03:27:42.426722,0 days 00:00:15.954735,0.03617063064507058,0.9408635267031646,0.012482407317297373,COMPLETE
1445,1445,0.5837173579109063,2021-02-07 03:27:42.427676,2021-02-07 03:27:53.194319,0 days 00:00:10.766643,0.04422891898098572,0.9352384113163065,0.2567727958210199,COMPLETE
1446,1446,0.44178187403993857,2021-02-07 03:27:53.195301,2021-02-07 03:28:09.256239,0 days 00:00:16.060938,8.870002627131301e-05,0.9383387261003514,0.21872610513400115,COMPLETE
1447,1447,0.6129032258064516,2021-02-07 03:28:09.257197,2021-02-07 03:28:24.886662,0 days 00:00:15.629465,0.058164778561153124,0.945433108956338,0.2983401083210789,COMPLETE
1448,1448,0.5019969278033795,2021-02-07 03:28:24.887623,2021-02-07 03:28:41.049229,0 days 00:00:16.161606,0.022220463929442692,0.9407779477549664,0.2266108489567242,COMPLETE
1449,1449,0.5920122887864824,2021-02-07 03:28:41.050192,2021-02-07 03:29:01.575787,0 days 00:00:20.525595,0.03208760395844929,0.9421643764844713,0.27718525041946673,COMPLETE
1450,1450,0.5741935483870968,2021-02-07 03:29:01.576745,2021-02-07 03:29:12.421323,0 days 00:00:10.844578,0.04890742395844244,0.9598447894293358,0.07451282966671241,COMPLETE
1451,1451,0.5158218125960061,2021-02-07 03:29:12.422294,2021-02-07 03:29:28.301195,0 days 00:00:15.878901,0.07184808387176869,0.9567324763010365,0.3436395994591243,COMPLETE
1452,1452,0.5425499231950844,2021-02-07 03:29:28.302151,2021-02-07 03:29:39.514117,0 days 00:00:11.211966,0.037604183172753464,0.9680169895857542,0.25681508902816946,COMPLETE
1453,1453,0.5563748079877112,2021-02-07 03:29:39.515090,2021-02-07 03:29:55.108116,0 days 00:00:15.593026,0.05794323774039051,0.9362316665078858,0.2081821751154567,COMPLETE
1454,1454,0.5769585253456221,2021-02-07 03:29:55.109079,2021-02-07 03:30:11.030669,0 days 00:00:15.921590,0.08167401150283025,0.9331799522690742,0.24661207113076705,COMPLETE
1455,1455,0.5456221198156682,2021-02-07 03:30:11.031631,2021-02-07 03:30:26.564121,0 days 00:00:15.532490,0.0443678530185095,0.9386452174593295,0.016552784473535895,COMPLETE
1456,1456,0.5317972350230414,2021-02-07 03:30:26.565100,2021-02-07 03:30:37.218918,0 days 00:00:10.653818,0.09827466676199612,0.9348901422717028,0.22624490501524927,COMPLETE
1457,1457,0.5769585253456221,2021-02-07 03:30:37.219881,2021-02-07 03:30:48.228748,0 days 00:00:11.008867,0.026149152990067887,0.9402338189153803,0.06735963261877789,COMPLETE
1458,1458,0.504147465437788,2021-02-07 03:30:48.229718,2021-02-07 03:30:59.686891,0 days 00:00:11.457173,0.052728626822829854,0.9366826516234407,0.25667391260505595,COMPLETE
1459,1459,0.6043010752688172,2021-02-07 03:30:59.687859,2021-02-07 03:31:10.701103,0 days 00:00:11.013244,0.01771950299943632,0.9441429848798144,0.023783695001855995,COMPLETE
1460,1460,0.5855606758832566,2021-02-07 03:31:10.702067,2021-02-07 03:31:21.564176,0 days 00:00:10.862109,0.04206340728086845,0.9387906050074067,0.20326002287146383,COMPLETE
1461,1461,0.5695852534562212,2021-02-07 03:31:21.565133,2021-02-07 03:31:37.199108,0 days 00:00:15.633975,0.031436339317623865,0.9490761601837561,0.3039830579384788,COMPLETE
1462,1462,0.6261136712749616,2021-02-07 03:31:37.200066,2021-02-07 03:31:48.195162,0 days 00:00:10.995096,0.05991784472885422,0.9373913572065652,0.23673348922039797,COMPLETE
1463,1463,0.4509984639016897,2021-02-07 03:31:48.196134,2021-02-07 03:31:59.527869,0 days 00:00:11.331735,0.08683737812580423,0.9341681720090739,0.22827103311656857,COMPLETE
1464,1464,0.5969278033794163,2021-02-07 03:31:59.528832,2021-02-07 03:32:10.504661,0 days 00:00:10.975829,0.07308747231562499,0.9355107121614623,0.20624523066616365,COMPLETE
1465,1465,0.5849462365591398,2021-02-07 03:32:10.505624,2021-02-07 03:32:26.549657,0 days 00:00:16.044033,0.08496451894301936,0.938017732732413,0.21553815941059398,COMPLETE
1466,1466,0.5831029185867895,2021-02-07 03:32:26.550644,2021-02-07 03:32:47.504062,0 days 00:00:20.953418,0.06568959430156847,0.9389779724657976,0.23304283363024333,COMPLETE
1467,1467,0.5655913978494623,2021-02-07 03:32:47.505032,2021-02-07 03:32:58.542761,0 days 00:00:11.037729,0.09989395817154936,0.9334721867823769,0.018066275922548336,COMPLETE
1468,1468,0.5296466973886329,2021-02-07 03:32:58.543739,2021-02-07 03:33:09.522354,0 days 00:00:10.978615,0.07754772800184315,0.9361451967782665,0.21549539155222208,COMPLETE
1469,1469,0.5416282642089094,2021-02-07 03:33:09.523342,2021-02-07 03:33:20.671403,0 days 00:00:11.148061,0.06597790140220089,0.9432207961531685,0.19416297195355,COMPLETE
1470,1470,0.5821812596006144,2021-02-07 03:33:20.672374,2021-02-07 03:33:31.661465,0 days 00:00:10.989091,0.05517219715135446,0.9370387405529783,0.23686963701178368,COMPLETE
1471,1471,0.5831029185867895,2021-02-07 03:33:31.662433,2021-02-07 03:33:47.978996,0 days 00:00:16.316563,0.06204636092849083,0.9350696424416868,0.22236469737544778,COMPLETE
1472,1472,0.5861751152073733,2021-02-07 03:33:47.979969,2021-02-07 03:33:58.814610,0 days 00:00:10.834641,0.07387694012865532,0.9368488472815524,0.20577660591962676,COMPLETE
1473,1473,0.5425499231950844,2021-02-07 03:33:58.815587,2021-02-07 03:34:09.871145,0 days 00:00:11.055558,0.06634152302298583,0.9376044547201002,0.24603591928281415,COMPLETE
1474,1474,0.5170506912442396,2021-02-07 03:34:09.872114,2021-02-07 03:34:25.451991,0 days 00:00:15.579877,0.09876802025624234,0.9696878093132902,0.019663138259870643,COMPLETE
1475,1475,0.5870967741935483,2021-02-07 03:34:25.452958,2021-02-07 03:34:36.291864,0 days 00:00:10.838906,0.05210955110654055,0.9403488971809806,0.26963933736975176,COMPLETE
1476,1476,0.42764976958525347,2021-02-07 03:34:36.292830,2021-02-07 03:34:52.587170,0 days 00:00:16.294340,0.00031325544529507726,0.9665663326216738,0.026920389086402454,COMPLETE
1477,1477,0.570199692780338,2021-02-07 03:34:52.588151,2021-02-07 03:35:13.287182,0 days 00:00:20.699031,0.054411641130035944,0.9389730585926384,0.2216568005118692,COMPLETE
1478,1478,0.5480798771121351,2021-02-07 03:35:13.288155,2021-02-07 03:35:24.177061,0 days 00:00:10.888906,0.00020110185407996162,0.9423337540877722,0.08843077779462297,COMPLETE
1479,1479,0.5812596006144394,2021-02-07 03:35:24.178040,2021-02-07 03:35:40.180186,0 days 00:00:16.002146,0.06124147716479186,0.9374641908177769,0.1265069727927671,COMPLETE
1480,1480,0.5781874039938556,2021-02-07 03:35:40.181164,2021-02-07 03:35:51.251754,0 days 00:00:11.070590,0.07603661172979204,0.9615686448534845,0.19388803382422215,COMPLETE
1481,1481,0.522273425499232,2021-02-07 03:35:51.252741,2021-02-07 03:36:07.082065,0 days 00:00:15.829324,0.02016471198141653,0.9718720542219066,0.45898341503859874,COMPLETE
1482,1482,0.6,2021-02-07 03:36:07.083046,2021-02-07 03:36:17.977431,0 days 00:00:10.894385,0.0601240710733138,0.9640485535132836,0.13673247159126586,COMPLETE
1483,1483,0.6073732718894009,2021-02-07 03:36:17.978404,2021-02-07 03:36:33.818714,0 days 00:00:15.840310,0.04965217642635222,0.955309642350331,0.2354043679590506,COMPLETE
1484,1484,0.5769585253456221,2021-02-07 03:36:33.819688,2021-02-07 03:36:44.717580,0 days 00:00:10.897892,0.08697991083305959,0.9323968415540136,0.21009985986570273,COMPLETE
1485,1485,0.5849462365591398,2021-02-07 03:36:44.718549,2021-02-07 03:37:10.855758,0 days 00:00:26.137209,0.015418214524744683,0.9414841870796602,0.2650161052861627,COMPLETE
1486,1486,0.5204301075268817,2021-02-07 03:37:10.856730,2021-02-07 03:37:22.385024,0 days 00:00:11.528294,0.047567944959003974,0.9352279876549265,0.2445456332172376,COMPLETE
1487,1487,0.5920122887864824,2021-02-07 03:37:22.386004,2021-02-07 03:37:42.899751,0 days 00:00:20.513747,0.062018544165559526,0.9588484694303335,0.1912269536168495,COMPLETE
1488,1488,0.6036866359447005,2021-02-07 03:37:42.900725,2021-02-07 03:37:58.657358,0 days 00:00:15.756633,0.02330056390324506,0.9466903322534729,0.27015956177799877,COMPLETE
1489,1489,0.6129032258064516,2021-02-07 03:37:58.658354,2021-02-07 03:38:14.683755,0 days 00:00:16.025401,0.035703301988471936,0.9444537834043011,0.022154613188600382,COMPLETE
1490,1490,0.4949308755760369,2021-02-07 03:38:14.684730,2021-02-07 03:38:25.613348,0 days 00:00:10.928618,0.04796947689188859,0.953570940600626,0.013662780938994071,COMPLETE
1491,1491,0.5662058371735791,2021-02-07 03:38:25.614326,2021-02-07 03:38:46.936322,0 days 00:00:21.321996,0.042284144777494787,0.9397422720388215,0.220150693531953,COMPLETE
1492,1492,0.4875576036866359,2021-02-07 03:38:46.937297,2021-02-07 03:38:57.921076,0 days 00:00:10.983779,0.06568407503478714,0.961055908243281,0.1992101701567367,COMPLETE
1493,1493,0.5019969278033795,2021-02-07 03:38:57.922052,2021-02-07 03:39:13.687328,0 days 00:00:15.765276,0.05392616867363256,0.9408809769586683,0.14838058470982154,COMPLETE
1494,1494,0.5904761904761905,2021-02-07 03:39:13.688299,2021-02-07 03:39:34.378822,0 days 00:00:20.690523,0.07545078808598317,0.9359937651466279,0.24019707760509232,COMPLETE
1495,1495,0.6027649769585254,2021-02-07 03:39:34.379803,2021-02-07 03:39:45.259172,0 days 00:00:10.879369,0.05677219008800245,0.9512553787767895,0.2902769577579438,COMPLETE
1496,1496,0.5680491551459294,2021-02-07 03:39:45.260163,2021-02-07 03:40:01.241396,0 days 00:00:15.981233,0.044013383352655415,0.9383316734595804,0.2473937108372447,COMPLETE
1497,1497,0.5895545314900154,2021-02-07 03:40:01.242364,2021-02-07 03:40:12.737525,0 days 00:00:11.495161,0.028089119308252985,0.9430945196155077,0.2702043559442955,COMPLETE
1498,1498,0.5314900153609831,2021-02-07 03:40:12.738501,2021-02-07 03:40:28.690423,0 days 00:00:15.951922,0.0215341088856213,0.9462633872213363,0.1589052758612419,COMPLETE
1499,1499,0.5910906298003072,2021-02-07 03:40:28.691411,2021-02-07 03:40:44.688661,0 days 00:00:15.997250,0.0274174453503292,0.9416238500803916,0.18242026847699908,COMPLETE
1500,1500,0.5910906298003072,2021-02-07 03:40:44.689635,2021-02-07 03:40:55.510648,0 days 00:00:10.821013,0.03883708926726605,0.9395642302901628,0.23294429226433,COMPLETE
1501,1501,0.5662058371735791,2021-02-07 03:40:55.511634,2021-02-07 03:41:06.469189,0 days 00:00:10.957555,0.09948569984766618,0.9368579047983486,0.21449906972051738,COMPLETE
1502,1502,0.5059907834101383,2021-02-07 03:41:06.470177,2021-02-07 03:41:22.378999,0 days 00:00:15.908822,0.03441709887300637,0.9483326673039035,0.2856187183909071,COMPLETE
1503,1503,0.5480798771121351,2021-02-07 03:41:22.379976,2021-02-07 03:41:32.985794,0 days 00:00:10.605818,0.024492008874294362,0.9445490040091689,0.17126553229649674,COMPLETE
1504,1504,0.6095238095238096,2021-02-07 03:41:32.986792,2021-02-07 03:41:48.767609,0 days 00:00:15.780817,0.04640397167518834,0.934114801635951,0.20236615208144612,COMPLETE
1505,1505,0.5619047619047619,2021-02-07 03:41:48.768586,2021-02-07 03:41:59.593340,0 days 00:00:10.824754,0.03204427507480526,0.9422667733582138,0.27487103335570123,COMPLETE
1506,1506,0.5182795698924731,2021-02-07 03:41:59.594333,2021-02-07 03:42:10.604377,0 days 00:00:11.010044,0.027715580730783763,0.946915326689195,0.3163925525669374,COMPLETE
1507,1507,0.4626728110599078,2021-02-07 03:42:10.605357,2021-02-07 03:42:21.326429,0 days 00:00:10.721072,0.0680769484940681,0.9566966166714619,0.1418626239626897,COMPLETE
1508,1508,0.4682027649769585,2021-02-07 03:42:21.327415,2021-02-07 03:42:32.290693,0 days 00:00:10.963278,0.016644033958832277,0.9496830382044108,0.2616418389294474,COMPLETE
1509,1509,0.5729646697388633,2021-02-07 03:42:32.291685,2021-02-07 03:43:03.040747,0 days 00:00:30.749062,0.00013850413329009902,0.944116112693951,0.10432576835296725,COMPLETE
1510,1510,0.5806451612903226,2021-02-07 03:43:03.041733,2021-02-07 03:43:19.058774,0 days 00:00:16.017041,0.08555294467234575,0.9657217275691631,0.18542858613152605,COMPLETE
1511,1511,0.5554531490015361,2021-02-07 03:43:19.059769,2021-02-07 03:43:30.281465,0 days 00:00:11.221696,0.04669010082738779,0.9580269079609153,0.06365316044644179,COMPLETE
1512,1512,0.5926267281105991,2021-02-07 03:43:30.282449,2021-02-07 03:43:45.654390,0 days 00:00:15.371941,0.036675640975010214,0.9459315407697086,0.25454825621575955,COMPLETE
1513,1513,0.554531490015361,2021-02-07 03:43:45.655385,2021-02-07 03:43:56.888598,0 days 00:00:11.233213,0.056896189632930055,0.9396622935750208,0.2214786121722439,COMPLETE
1514,1514,0.5198156682027649,2021-02-07 03:43:56.889584,2021-02-07 03:44:07.777666,0 days 00:00:10.888082,0.04068221795944668,0.9384424978291643,0.23666905573126235,COMPLETE
1515,1515,0.5683563748079877,2021-02-07 03:44:07.778650,2021-02-07 03:44:24.317511,0 days 00:00:16.538861,0.05148994201630543,0.9366453088853313,0.1985234827965558,COMPLETE
