,number,value,datetime_start,datetime_complete,duration,params_lr,params_nl2,params_num_ct,params_scheduler_gamma,params_sigma2,params_weight_decay,state
2823,2823,,2021-02-08 22:06:23.597046,2021-02-08 22:06:24.287772,0 days 00:00:00.690726,0.004638001369051925,19,0,0.9498764576910372,16,0.1289811627130746,FAIL
2824,2824,,2021-02-08 22:06:24.288895,2021-02-08 22:06:24.953482,0 days 00:00:00.664587,0.004583373470362887,11,0,0.9655427396870118,16,0.02527329609947546,FAIL
2825,2825,,2021-02-08 22:06:24.954610,2021-02-08 22:06:25.639688,0 days 00:00:00.685078,0.0004895504536821812,19,0,0.9495861519667715,16,0.04736651283364103,FAIL
2826,2826,,2021-02-08 22:06:25.641642,2021-02-08 22:06:26.313720,0 days 00:00:00.672078,0.004937119147940906,11,0,0.9496263120640315,16,0.026631434868124786,FAIL
2827,2827,,2021-02-08 22:06:26.314840,2021-02-08 22:06:26.993505,0 days 00:00:00.678665,6.978178170577307e-05,19,0,0.9657918556250478,16,0.04743408594664142,FAIL
2828,2828,,2021-02-08 22:06:26.994833,2021-02-08 22:06:27.665062,0 days 00:00:00.670229,0.02225264509748975,19,0,0.97490741067302,16,0.026436174731272178,FAIL
2829,2829,0.5834101382488479,2021-02-08 22:06:27.666273,2021-02-08 22:06:44.685402,0 days 00:00:17.019129,0.02491604176801496,19,10,0.9656560041992301,16,0.026464637763503735,COMPLETE
2830,2830,,2021-02-08 22:06:44.687066,2021-02-08 22:06:45.376348,0 days 00:00:00.689282,0.00044664938454108173,7,0,0.9537294130481474,18,0.14738402589122682,FAIL
2831,2831,,2021-02-08 22:06:45.378296,2021-02-08 22:06:46.055655,0 days 00:00:00.677359,0.0004542305745985176,7,0,0.9538288379819306,18,0.01130424589632247,FAIL
2832,2832,,2021-02-08 22:06:46.057596,2021-02-08 22:06:46.749359,0 days 00:00:00.691763,0.005148235154187006,7,0,0.9748980744445067,18,0.1333839292865937,FAIL
2833,2833,,2021-02-08 22:06:46.750571,2021-02-08 22:06:47.429934,0 days 00:00:00.679363,0.0005187032600693266,7,0,0.9744113818204203,18,0.04623175136087803,FAIL
2834,2834,,2021-02-08 22:06:47.431859,2021-02-08 22:06:48.145831,0 days 00:00:00.713972,0.004470964735608872,7,0,0.961133949290669,18,0.1386336898585032,FAIL
2835,2835,,2021-02-08 22:06:48.147776,2021-02-08 22:06:48.820357,0 days 00:00:00.672581,4.2301162367722546e-05,7,0,0.9614546784958405,18,0.1432072360101512,FAIL
2836,2836,,2021-02-08 22:06:48.821572,2021-02-08 22:06:49.474272,0 days 00:00:00.652700,0.005799190802778543,7,0,0.9613418751804943,18,0.13376630612357981,FAIL
2837,2837,0.3938556067588326,2021-02-08 22:06:49.476189,2021-02-08 22:07:00.819642,0 days 00:00:11.343453,0.005399299735739882,7,6,0.9811024966303618,18,0.14584790848001947,COMPLETE
2838,2838,,2021-02-08 22:07:00.821303,2021-02-08 22:07:01.483763,0 days 00:00:00.662460,0.000457969247622157,9,0,0.9583816426100703,20,0.0450030543787784,FAIL
2839,2839,,2021-02-08 22:07:01.484867,2021-02-08 22:07:02.150259,0 days 00:00:00.665392,0.0004946830717959802,9,0,0.9576830689482155,20,0.20362938174028067,FAIL
2840,2840,,2021-02-08 22:07:02.152224,2021-02-08 22:07:02.822130,0 days 00:00:00.669906,1.500188225382927e-05,9,0,0.9880587609031204,20,0.13059193286166143,FAIL
2841,2841,,2021-02-08 22:07:02.823328,2021-02-08 22:07:03.483302,0 days 00:00:00.659974,0.00016389702289039418,9,0,0.9750119550643022,20,0.047192944390129846,FAIL
2842,2842,,2021-02-08 22:07:03.484453,2021-02-08 22:07:04.144845,0 days 00:00:00.660392,0.0004627044072000887,9,0,0.9751500916456339,20,0.011376073191134104,FAIL
2843,2843,,2021-02-08 22:07:04.146727,2021-02-08 22:07:04.865277,0 days 00:00:00.718550,0.0004891891508660808,9,0,0.9883208928401234,20,0.20290712825369703,FAIL
2844,2844,0.6061443932411674,2021-02-08 22:07:04.866442,2021-02-08 22:07:20.461663,0 days 00:00:15.595221,4.420841121075154e-05,9,2,0.9747650040175292,20,0.2002900749116526,COMPLETE
2845,2845,0.443010752688172,2021-02-08 22:07:20.463331,2021-02-08 22:07:31.469432,0 days 00:00:11.006101,0.0004966587847479154,11,4,0.9622397999083829,16,0.010326835739002949,COMPLETE
2846,2846,0.4196620583717358,2021-02-08 22:07:31.471135,2021-02-08 22:08:11.660433,0 days 00:00:40.189298,0.0006750852708237359,5,2,0.9494009260475512,14,0.02148713109048129,COMPLETE
2847,2847,,2021-02-08 22:08:11.662085,2021-02-08 22:08:12.344501,0 days 00:00:00.682416,0.00045934177227305116,15,0,0.9080827733150847,10,0.04516822723932894,FAIL
2848,2848,,2021-02-08 22:08:12.345726,2021-02-08 22:08:12.991470,0 days 00:00:00.645744,0.0004409989721761815,15,0,0.9845269821474985,10,0.048078479184162394,FAIL
2849,2849,,2021-02-08 22:08:12.993453,2021-02-08 22:08:13.816040,0 days 00:00:00.822587,0.000450187944852463,15,0,0.918419541813794,10,0.13748743257888504,FAIL
2850,2850,,2021-02-08 22:08:13.818050,2021-02-08 22:08:14.478324,0 days 00:00:00.660274,1.5314219011709002e-05,15,0,0.9000879492863847,10,0.1345908436122156,FAIL
2851,2851,0.38863287250384027,2021-02-08 22:08:14.480322,2021-02-08 22:08:25.589130,0 days 00:00:11.108808,0.0004879504651965842,15,8,0.9163152684041681,10,0.12414358498982547,COMPLETE
2852,2852,0.410752688172043,2021-02-08 22:08:25.590814,2021-02-08 22:08:36.957519,0 days 00:00:11.366705,1.4612914526471165e-05,15,10,0.908577781484181,12,0.18646169972241405,COMPLETE
2853,2853,,2021-02-08 22:08:36.959197,2021-02-08 22:08:37.631117,0 days 00:00:00.671920,0.00015895329859611217,13,0,0.9578059203674094,10,0.06014420532575384,FAIL
2854,2854,,2021-02-08 22:08:37.633095,2021-02-08 22:08:38.317709,0 days 00:00:00.684614,0.0003578850658760354,13,0,0.9015429003577666,10,0.034849381551676585,FAIL
2855,2855,0.3757296466973886,2021-02-08 22:08:38.318915,2021-02-08 22:08:49.664484,0 days 00:00:11.345569,7.035470694900193e-05,13,6,0.9007489361991836,10,0.046754354181569154,COMPLETE
2856,2856,,2021-02-08 22:08:49.666150,2021-02-08 22:08:50.360616,0 days 00:00:00.694466,0.0001633783796766662,17,0,0.9885193158406954,20,0.0655115097209564,FAIL
2857,2857,,2021-02-08 22:08:50.362651,2021-02-08 22:08:51.032089,0 days 00:00:00.669438,0.0003961981827826217,17,0,0.9576602772850897,20,0.05836601006912364,FAIL
2858,2858,,2021-02-08 22:08:51.034038,2021-02-08 22:08:51.702062,0 days 00:00:00.668024,0.00030749704698685944,17,0,0.9056846911993688,20,0.024534151470176267,FAIL
2859,2859,,2021-02-08 22:08:51.704085,2021-02-08 22:08:52.391723,0 days 00:00:00.687638,0.00017155914789656674,15,0,0.9582475529792279,20,0.035494526004552114,FAIL
2860,2860,,2021-02-08 22:08:52.393749,2021-02-08 22:08:53.038863,0 days 00:00:00.645114,0.0001219733698284351,17,0,0.9578862622497106,20,0.05986245063399967,FAIL
2861,2861,,2021-02-08 22:08:53.040007,2021-02-08 22:08:53.695594,0 days 00:00:00.655587,0.00016360146602314724,17,0,0.9578310431058182,20,0.03614021323399948,FAIL
2862,2862,,2021-02-08 22:08:53.696753,2021-02-08 22:08:54.506006,0 days 00:00:00.809253,0.00016162692033815706,17,0,0.984718253761324,20,0.05866451424274068,FAIL
2863,2863,0.3923195084485407,2021-02-08 22:08:54.508010,2021-02-08 22:09:05.561949,0 days 00:00:11.053939,0.00015593519938353472,17,8,0.9577951950063911,20,0.05850602078975574,COMPLETE
2864,2864,0.6301075268817204,2021-02-08 22:09:05.563640,2021-02-08 22:09:21.256811,0 days 00:00:15.693171,0.00011262053389676044,15,6,0.9041494877105605,18,0.03663513915627097,COMPLETE
2865,2865,0.39416282642089095,2021-02-08 22:09:21.258474,2021-02-08 22:09:37.480994,0 days 00:00:16.222520,0.00010069970211388138,15,6,0.9883209391282783,18,0.035200321996044094,COMPLETE
2866,2866,,2021-02-08 22:09:37.482677,2021-02-08 22:09:38.154884,0 days 00:00:00.672207,0.00012756300712887122,17,0,0.9537086534106464,18,0.03833174742484311,FAIL
2867,2867,0.5029185867895545,2021-02-08 22:09:38.156849,2021-02-08 22:09:49.254155,0 days 00:00:11.097306,0.00017728384665354757,17,6,0.953845693719275,18,0.03822457706032728,COMPLETE
2868,2868,,2021-02-08 22:09:49.255844,2021-02-08 22:09:49.936203,0 days 00:00:00.680359,0.00011613749091107278,17,0,0.9851017221682531,18,0.04332857675323736,FAIL
2869,2869,,2021-02-08 22:09:49.938148,2021-02-08 22:09:50.595100,0 days 00:00:00.656952,0.00011770572848450041,17,0,0.9849147986103609,18,0.032398359241362126,FAIL
2870,2870,,2021-02-08 22:09:50.597077,2021-02-08 22:09:51.285233,0 days 00:00:00.688156,2.938642871343061e-05,17,0,0.9644596794984266,18,0.043174429226101624,FAIL
2871,2871,,2021-02-08 22:09:51.286355,2021-02-08 22:09:51.939110,0 days 00:00:00.652755,0.00011949020651738674,17,0,0.9684760490336543,18,0.04225664239153514,FAIL
2872,2872,0.5751152073732719,2021-02-08 22:09:51.940213,2021-02-08 22:10:02.936381,0 days 00:00:10.996168,2.7782884783295762e-05,17,6,0.9604767509784023,18,0.04188352693745422,COMPLETE
2873,2873,,2021-02-08 22:10:02.938069,2021-02-08 22:10:03.762701,0 days 00:00:00.824632,0.00011939522782321448,11,0,0.9681897882147151,18,0.031477786188265015,FAIL
2874,2874,,2021-02-08 22:10:03.764733,2021-02-08 22:10:04.443663,0 days 00:00:00.678930,0.00011263288986016075,11,0,0.9683146143118072,18,0.011585667224308174,FAIL
2875,2875,0.5622119815668203,2021-02-08 22:10:04.444875,2021-02-08 22:10:15.235191,0 days 00:00:10.790316,0.00011411274068820735,11,2,0.9844774490357726,18,0.03171626401317381,COMPLETE
2876,2876,0.6030721966205838,2021-02-08 22:10:15.236895,2021-02-08 22:10:50.429902,0 days 00:00:35.193007,0.00020607591401106994,13,4,0.9695831414257179,18,0.02441668945195879,COMPLETE
2877,2877,0.4079877112135177,2021-02-08 22:10:50.431601,2021-02-08 22:11:01.516681,0 days 00:00:11.085080,0.0004274253432238334,15,6,0.9020293586381382,20,0.07072750979561919,COMPLETE
2878,2878,,2021-02-08 22:11:01.518352,2021-02-08 22:11:02.203888,0 days 00:00:00.685536,0.0006211452212360849,15,0,0.9083176955756578,16,0.02749441165356332,FAIL
2879,2879,,2021-02-08 22:11:02.205891,2021-02-08 22:11:02.879464,0 days 00:00:00.673573,0.0010474280801713307,15,0,0.9068881465636457,16,0.051537904073927575,FAIL
2880,2880,,2021-02-08 22:11:02.881390,2021-02-08 22:11:03.578260,0 days 00:00:00.696870,0.0003110069286824426,15,0,0.9056381508381464,16,0.027614224474017193,FAIL
2881,2881,0.44055299539170506,2021-02-08 22:11:03.580323,2021-02-08 22:11:19.513536,0 days 00:00:15.933213,0.00033501414564473164,15,2,0.9049568163150605,16,0.027337345092360077,COMPLETE
2882,2882,0.38033794162826423,2021-02-08 22:11:19.515237,2021-02-08 22:11:31.089408,0 days 00:00:11.574171,0.0005636018425334349,13,8,0.904214524158611,12,0.05310695078341404,COMPLETE
2883,2883,,2021-02-08 22:11:31.091105,2021-02-08 22:11:31.927369,0 days 00:00:00.836264,0.0009249180845124497,17,0,0.9078718800604827,20,0.011550479232318587,FAIL
2884,2884,,2021-02-08 22:11:31.929737,2021-02-08 22:11:32.628062,0 days 00:00:00.698325,0.0009046067343580792,9,0,0.9075611997363007,20,0.011520518566019421,FAIL
2885,2885,,2021-02-08 22:11:32.630065,2021-02-08 22:11:33.291830,0 days 00:00:00.661765,0.00012554292257955369,17,0,0.9107657122717269,20,0.029917524418754452,FAIL
2886,2886,,2021-02-08 22:11:33.292965,2021-02-08 22:11:33.954144,0 days 00:00:00.661179,0.0009767304888607295,17,0,0.9098724165820236,20,0.043951396748470664,FAIL
2887,2887,,2021-02-08 22:11:33.956266,2021-02-08 22:11:34.651995,0 days 00:00:00.695729,5.2466074436812795e-05,17,0,0.9416994670406412,20,0.029203193940171526,FAIL
2888,2888,,2021-02-08 22:11:34.653277,2021-02-08 22:11:35.313481,0 days 00:00:00.660204,0.0009076707155659156,17,0,0.9077845869895241,20,0.0339073976416574,FAIL
2889,2889,,2021-02-08 22:11:35.314722,2021-02-08 22:11:35.984826,0 days 00:00:00.670104,0.0009810033652162052,17,0,0.9084776443336269,20,0.011293498359217603,FAIL
2890,2890,,2021-02-08 22:11:35.986071,2021-02-08 22:11:36.652479,0 days 00:00:00.666408,0.00090159902963231,17,0,0.9077616229924305,20,0.062268978654159216,FAIL
2891,2891,,2021-02-08 22:11:36.653703,2021-02-08 22:11:37.323169,0 days 00:00:00.669466,0.0009921264046454112,17,0,0.9117672677744459,20,0.1381750645762007,FAIL
2892,2892,,2021-02-08 22:11:37.324409,2021-02-08 22:11:38.128589,0 days 00:00:00.804180,5.042381561137583e-05,17,0,0.9071917517536069,20,0.13659084885153602,FAIL
2893,2893,,2021-02-08 22:11:38.129773,2021-02-08 22:11:38.796623,0 days 00:00:00.666850,0.00028950687625825777,17,0,0.909350226754086,20,0.0631404053617253,FAIL
2894,2894,0.6098310291858678,2021-02-08 22:11:38.797800,2021-02-08 22:12:10.061650,0 days 00:00:31.263850,0.0010313814646268932,17,6,0.9085551940064962,20,0.06272424452080604,COMPLETE
2895,2895,,2021-02-08 22:12:10.063349,2021-02-08 22:12:10.747172,0 days 00:00:00.683823,0.00012337311010804337,7,0,0.9644108430358286,16,0.03351668325402793,FAIL
2896,2896,0.5490015360983103,2021-02-08 22:12:10.748294,2021-02-08 22:12:21.558935,0 days 00:00:10.810641,5.054365808504049e-05,7,4,0.9413973230082195,16,0.13425278688286432,COMPLETE
2897,2897,,2021-02-08 22:12:21.560627,2021-02-08 22:12:22.244672,0 days 00:00:00.684045,0.0002848677289725092,15,0,0.9676188179925469,18,0.04407140451991883,FAIL
2898,2898,,2021-02-08 22:12:22.246673,2021-02-08 22:12:23.067480,0 days 00:00:00.820807,8.471124458980141e-05,19,0,0.964126216911383,18,0.03621840601898622,FAIL
2899,2899,0.42764976958525347,2021-02-08 22:12:23.068746,2021-02-08 22:12:34.064149,0 days 00:00:10.995403,0.0007251868919766272,19,2,0.964595285289602,18,0.04488258372367014,COMPLETE
2900,2900,,2021-02-08 22:12:34.065827,2021-02-08 22:12:34.739950,0 days 00:00:00.674123,0.0001224343799460541,11,0,0.9672811209905282,16,0.011678304669048362,FAIL
2901,2901,,2021-02-08 22:12:34.741974,2021-02-08 22:12:35.478197,0 days 00:00:00.736223,0.0008860080659175563,11,0,0.9675764830917442,16,0.011353102977660222,FAIL
2902,2902,0.6153609831029185,2021-02-08 22:12:35.480168,2021-02-08 22:12:51.659222,0 days 00:00:16.179054,0.00026727521315503754,11,6,0.9585224128232496,16,0.049200011261266434,COMPLETE
2903,2903,0.5778801843317972,2021-02-08 22:12:51.660900,2021-02-08 22:13:02.779210,0 days 00:00:11.118310,0.00025461190928892456,11,6,0.957983784429245,16,0.011403850383797607,COMPLETE
2904,2904,,2021-02-08 22:13:02.780939,2021-02-08 22:13:03.467873,0 days 00:00:00.686934,0.00013711681116163765,11,0,0.9668927828808426,16,0.03657662120848152,FAIL
2905,2905,,2021-02-08 22:13:03.469121,2021-02-08 22:13:04.151931,0 days 00:00:00.682810,9.898641094337476e-05,11,0,0.9623161872360906,16,0.05098852986876051,FAIL
2906,2906,0.5597542242703533,2021-02-08 22:13:04.153210,2021-02-08 22:13:25.329025,0 days 00:00:21.175815,0.00014928833634205712,11,6,0.9662427115383141,16,0.046924400947371346,COMPLETE
2907,2907,0.4110599078341014,2021-02-08 22:13:25.330719,2021-02-08 22:13:36.326621,0 days 00:00:10.995902,0.000120762490725988,11,6,0.9679818225711038,14,0.050896859854942904,COMPLETE
2908,2908,,2021-02-08 22:13:36.328309,2021-02-08 22:13:37.140381,0 days 00:00:00.812072,0.0003976848330511317,13,0,0.9610275078080233,16,0.04033891940417638,FAIL
2909,2909,0.5640552995391706,2021-02-08 22:13:37.141584,2021-02-08 22:13:48.172549,0 days 00:00:11.030965,8.585712409568933e-05,13,6,0.9594800627561504,16,0.03998846352185487,COMPLETE
2910,2910,0.4838709677419355,2021-02-08 22:13:48.174228,2021-02-08 22:14:19.598733,0 days 00:00:31.424505,0.0003174823824445506,9,6,0.961615274561707,16,0.03548822451492513,COMPLETE
2911,2911,,2021-02-08 22:14:19.600399,2021-02-08 22:14:20.310817,0 days 00:00:00.710418,0.00021506939424769119,11,0,0.9120303952793004,20,0.23723898220022516,FAIL
2912,2912,,2021-02-08 22:14:20.311981,2021-02-08 22:14:20.960340,0 days 00:00:00.648359,0.00021333005799994075,11,0,0.9062971528004088,20,0.06507721151302526,FAIL
2913,2913,,2021-02-08 22:14:20.962347,2021-02-08 22:14:21.650475,0 days 00:00:00.688128,0.00039317829516658735,11,0,0.947609652275561,20,0.02980092118083247,FAIL
2914,2914,,2021-02-08 22:14:21.651673,2021-02-08 22:14:22.467393,0 days 00:00:00.815720,0.0003921247840604703,11,0,0.9124507172211914,20,0.030552292918572505,FAIL
2915,2915,,2021-02-08 22:14:22.468541,2021-02-08 22:14:23.130091,0 days 00:00:00.661550,0.0004350376629000332,11,0,0.9637117946237616,20,0.029722991366107284,FAIL
2916,2916,0.535483870967742,2021-02-08 22:14:23.131279,2021-02-08 22:14:33.880913,0 days 00:00:10.749634,0.0009033981008545698,11,2,0.9064770184399633,20,0.02897896010175107,COMPLETE
2917,2917,0.4248847926267281,2021-02-08 22:14:33.882602,2021-02-08 22:14:44.895831,0 days 00:00:11.013229,0.00040481493358648083,7,4,0.9135584826084652,16,0.23027742848330415,COMPLETE
2918,2918,,2021-02-08 22:14:44.897527,2021-02-08 22:14:45.570685,0 days 00:00:00.673158,0.0006154363612050276,9,0,0.9640529716134705,20,0.032991347310581766,FAIL
2919,2919,,2021-02-08 22:14:45.571818,2021-02-08 22:14:46.235550,0 days 00:00:00.663732,0.00021229797936464937,9,0,0.96356682062417,20,0.06492849863242474,FAIL
2920,2920,0.616589861751152,2021-02-08 22:14:46.237574,2021-02-08 22:15:30.990814,0 days 00:00:44.753240,0.00028008061848569315,9,2,0.9555544972300506,20,0.06547484805997784,COMPLETE
2921,2921,,2021-02-08 22:15:30.992515,2021-02-08 22:15:31.664619,0 days 00:00:00.672104,6.295617438841481e-05,9,0,0.9566776995703183,20,0.06512681311347243,FAIL
2922,2922,,2021-02-08 22:15:31.666700,2021-02-08 22:15:32.351232,0 days 00:00:00.684532,0.00023566929839434462,9,0,0.9545343870304518,20,0.05895546928577914,FAIL
2923,2923,,2021-02-08 22:15:32.352456,2021-02-08 22:15:33.018110,0 days 00:00:00.665654,0.000627517214349784,9,0,0.9559160351403075,20,0.07650186032899686,FAIL
2924,2924,,2021-02-08 22:15:33.019325,2021-02-08 22:15:33.681776,0 days 00:00:00.662451,0.000212664567678721,9,0,0.9559178470941794,20,0.0602399833681509,FAIL
2925,2925,,2021-02-08 22:15:33.682906,2021-02-08 22:15:34.345493,0 days 00:00:00.662587,0.0002215263744103394,9,0,0.955525804286074,20,0.06365871878178751,FAIL
2926,2926,0.6006144393241167,2021-02-08 22:15:34.347422,2021-02-08 22:15:45.171523,0 days 00:00:10.824101,9.49878116465768e-05,9,2,0.9564515235780298,20,0.07917515485878274,COMPLETE
2927,2927,0.5938556067588325,2021-02-08 22:15:45.173257,2021-02-08 22:15:55.990857,0 days 00:00:10.817600,0.00022047524870476976,9,2,0.9512294759303689,20,0.0648454389408725,COMPLETE
2928,2928,,2021-02-08 22:15:55.992557,2021-02-08 22:15:56.689730,0 days 00:00:00.697173,1.1599362516720988e-05,9,0,0.9626142544730727,20,0.049635271914408474,FAIL
2929,2929,,2021-02-08 22:15:56.690962,2021-02-08 22:15:57.361939,0 days 00:00:00.670977,6.73028792036285e-05,9,0,0.9469662322953634,20,0.05785127347895995,FAIL
2930,2930,,2021-02-08 22:15:57.363935,2021-02-08 22:15:58.060285,0 days 00:00:00.696350,0.00027350491825522873,9,0,0.9559405551646817,20,0.055510190816239875,FAIL
2931,2931,,2021-02-08 22:15:58.062482,2021-02-08 22:15:58.751495,0 days 00:00:00.689013,1.1395429567319675e-05,9,0,0.9548931570964103,20,0.05675021304757613,FAIL
2932,2932,,2021-02-08 22:15:58.753467,2021-02-08 22:15:59.422576,0 days 00:00:00.669109,6.821956912465224e-05,9,0,0.9540868591040158,20,0.0898495066322921,FAIL
2933,2933,,2021-02-08 22:15:59.424625,2021-02-08 22:16:00.116383,0 days 00:00:00.691758,1.7180168452911842e-05,9,0,0.9477455259730558,20,0.04898181694839656,FAIL
2934,2934,0.5904761904761905,2021-02-08 22:16:00.117704,2021-02-08 22:16:11.084201,0 days 00:00:10.966497,1.1762464198398582e-05,9,2,0.9641373540172542,20,0.05845742638177918,COMPLETE
2935,2935,,2021-02-08 22:16:11.085920,2021-02-08 22:16:11.762789,0 days 00:00:00.676869,0.0002765323309276376,9,0,0.9547710930058765,14,0.09138798161924792,FAIL
2936,2936,0.584331797235023,2021-02-08 22:16:11.764007,2021-02-08 22:16:22.434423,0 days 00:00:10.670416,6.304320055168649e-05,9,2,0.9545822798487175,14,0.07367345818260147,COMPLETE
2937,2937,0.3778801843317972,2021-02-08 22:16:22.436151,2021-02-08 22:16:33.133940,0 days 00:00:10.697789,0.0002816340326131707,11,2,0.9482588459853236,20,0.0551724682679352,COMPLETE
2938,2938,0.36282642089093703,2021-02-08 22:16:33.135659,2021-02-08 22:16:44.118906,0 days 00:00:10.983247,0.0006337457225418474,7,4,0.9209018496655608,20,0.050753145552176124,COMPLETE
2939,2939,,2021-02-08 22:16:44.120625,2021-02-08 22:16:44.809285,0 days 00:00:00.688660,0.0003934256861645781,9,0,0.9627902289561082,16,0.08722792832374666,FAIL
2940,2940,,2021-02-08 22:16:44.810427,2021-02-08 22:16:45.482712,0 days 00:00:00.672285,1.6489102787694705e-05,9,0,0.9598219317097313,16,0.06749311065588606,FAIL
2941,2941,0.3708141321044547,2021-02-08 22:16:45.484746,2021-02-08 22:17:10.794187,0 days 00:00:25.309441,0.0004286491438336923,9,2,0.9610341158728911,16,0.03238084996614045,COMPLETE
2942,2942,,2021-02-08 22:17:10.795896,2021-02-08 22:17:11.475568,0 days 00:00:00.679672,0.00036065656454454414,9,0,0.9592157295807802,18,0.0891965642474341,FAIL
2943,2943,0.5219662058371736,2021-02-08 22:17:11.476766,2021-02-08 22:17:22.569209,0 days 00:00:11.092443,0.0005582623017641194,9,6,0.9592136302504368,18,0.08654229154060376,COMPLETE
2944,2944,,2021-02-08 22:17:22.570952,2021-02-08 22:17:23.268888,0 days 00:00:00.697936,0.0003841261872363523,11,0,0.956304113574794,20,0.041424379042501486,FAIL
2945,2945,,2021-02-08 22:17:23.270964,2021-02-08 22:17:23.949162,0 days 00:00:00.678198,0.0001790006000220415,17,0,0.95585080934695,20,0.043855929870664265,FAIL
2946,2946,,2021-02-08 22:17:23.950349,2021-02-08 22:17:24.618083,0 days 00:00:00.667734,1.6323439567872494e-05,17,0,0.9567173044275017,20,0.10047634379698493,FAIL
2947,2947,,2021-02-08 22:17:24.620139,2021-02-08 22:17:25.296506,0 days 00:00:00.676367,0.00036414566920109945,17,0,0.9563348570458594,20,0.10032806218031487,FAIL
2948,2948,0.38433179723502303,2021-02-08 22:17:25.297717,2021-02-08 22:17:36.061059,0 days 00:00:10.763342,1.6801612362578658e-05,17,2,0.9626296474064497,20,0.04193396317965426,COMPLETE
2949,2949,0.4433179723502304,2021-02-08 22:17:36.062815,2021-02-08 22:17:47.808668,0 days 00:00:11.745853,0.0003518018642690257,15,10,0.9571996835952793,16,0.06792770696224744,COMPLETE
2950,2950,0.6230414746543779,2021-02-08 22:17:47.810375,2021-02-08 22:17:59.294070,0 days 00:00:11.483695,0.00017134036296673623,11,8,0.9537451767362558,20,0.019383982081231654,COMPLETE
2951,2951,,2021-02-08 22:17:59.295785,2021-02-08 22:17:59.982783,0 days 00:00:00.686998,0.00017787812434128607,11,0,0.9528290234479618,20,0.019658438025146153,FAIL
