,number,value,datetime_start,datetime_complete,duration,params_lr,params_nl2,params_num_ct,params_scheduler_gamma,params_sigma2,params_weight_decay,state
7312,7312,,2021-02-09 10:25:07.928408,2021-02-09 10:25:08.716852,0 days 00:00:00.788444,0.0023382583254848146,11,0,0.9088554502983145,16,0.04412216936085475,FAIL
7313,7313,,2021-02-09 10:25:08.721540,2021-02-09 10:25:09.561666,0 days 00:00:00.840126,4.263850863043707e-05,11,0,0.9084129170959915,16,0.04441258261940891,FAIL
7314,7314,,2021-02-09 10:25:09.566242,2021-02-09 10:25:10.348619,0 days 00:00:00.782377,0.00013920856844345972,11,0,0.9046227941293898,16,0.045740017645351086,FAIL
7315,7315,,2021-02-09 10:25:10.353379,2021-02-09 10:25:11.179611,0 days 00:00:00.826232,0.0001377492592622706,11,0,0.907757224295531,16,0.045090569273894286,FAIL
7316,7316,0.4073732718894009,2021-02-09 10:25:11.184213,2021-02-09 10:25:32.225708,0 days 00:00:21.041495,0.00014166145818841726,11,8,0.9082539584381439,16,0.03408410323762725,COMPLETE
7317,7317,0.500768049155146,2021-02-09 10:25:32.229352,2021-02-09 10:25:43.965140,0 days 00:00:11.735788,0.002303920936804597,13,8,0.9044799893193982,16,0.044461617949993454,COMPLETE
7318,7318,0.44731182795698926,2021-02-09 10:25:43.968761,2021-02-09 10:25:55.051910,0 days 00:00:11.083149,4.0551738768412464e-05,5,2,0.9580900515899784,18,0.022438910805240072,COMPLETE
7319,7319,0.47557603686635946,2021-02-09 10:25:55.055544,2021-02-09 10:26:05.717277,0 days 00:00:10.661733,7.893868366716117e-05,11,2,0.9436643722376769,20,0.030367533657676946,COMPLETE
7320,7320,0.4165898617511521,2021-02-09 10:26:05.720897,2021-02-09 10:26:16.669303,0 days 00:00:10.948406,0.003646598807289546,7,2,0.9555816827701802,14,0.026509423560562805,COMPLETE
7321,7321,,2021-02-09 10:26:16.672920,2021-02-09 10:26:17.469214,0 days 00:00:00.796294,0.0012233464321778939,9,0,0.9359392778617008,20,0.020257213718006976,FAIL
7322,7322,0.40153609831029186,2021-02-09 10:26:17.473949,2021-02-09 10:26:28.030842,0 days 00:00:10.556893,0.0013590757774754817,9,4,0.936239617624454,20,0.019762792052957105,COMPLETE
7323,7323,,2021-02-09 10:26:28.034460,2021-02-09 10:26:28.833454,0 days 00:00:00.798994,0.0018410792258137818,7,0,0.9001160581904345,20,0.01747346719277561,FAIL
7324,7324,0.5680491551459294,2021-02-09 10:26:28.838213,2021-02-09 10:27:10.791262,0 days 00:00:41.953049,0.0013575322944229986,7,6,0.9362557173432794,20,0.018511192444369988,COMPLETE
7325,7325,,2021-02-09 10:27:10.794894,2021-02-09 10:27:11.571844,0 days 00:00:00.776950,0.00163562186119567,9,0,0.9335112478458182,20,0.0201081764393358,FAIL
7326,7326,,2021-02-09 10:27:11.574850,2021-02-09 10:27:12.347911,0 days 00:00:00.773061,0.0014174115448793532,9,0,0.9312705375368732,20,0.021300973572976663,FAIL
7327,7327,0.6110599078341014,2021-02-09 10:27:12.350755,2021-02-09 10:27:33.001960,0 days 00:00:20.651205,0.0012228539152341763,9,4,0.9310622662554281,20,0.020648048304610943,COMPLETE
7328,7328,0.4804915514592934,2021-02-09 10:27:33.005567,2021-02-09 10:27:44.286478,0 days 00:00:11.280911,0.0014377944548366508,11,6,0.9899987105048051,20,0.016711744339858444,COMPLETE
7329,7329,,2021-02-09 10:27:44.290098,2021-02-09 10:27:45.074967,0 days 00:00:00.784869,0.00047207561282602633,11,0,0.9043521299767788,16,0.03526982204379998,FAIL
7330,7330,,2021-02-09 10:27:45.079600,2021-02-09 10:27:46.065327,0 days 00:00:00.985727,0.00011659138565201729,11,0,0.9105588816381293,16,0.03643185720724292,FAIL
7331,7331,0.6082949308755761,2021-02-09 10:27:46.068211,2021-02-09 10:28:07.941816,0 days 00:00:21.873605,0.00036085000622408734,11,8,0.9050786591731146,16,0.03566801027725223,COMPLETE
7332,7332,0.4411674347158218,2021-02-09 10:28:07.945449,2021-02-09 10:28:19.143631,0 days 00:00:11.198182,0.0014625845886824121,9,4,0.9326633181114222,20,0.02062470243650768,COMPLETE
7333,7333,0.4519201228878648,2021-02-09 10:28:19.147256,2021-02-09 10:28:30.274474,0 days 00:00:11.127218,0.00011748767857644072,13,2,0.9020359040836694,18,0.023675658297380487,COMPLETE
7334,7334,,2021-02-09 10:28:30.278098,2021-02-09 10:28:31.077519,0 days 00:00:00.799421,0.001644739967462091,7,0,0.9366517988555982,20,0.019108432252456287,FAIL
7335,7335,,2021-02-09 10:28:31.082283,2021-02-09 10:28:31.872620,0 days 00:00:00.790337,0.0016209788018254534,7,0,0.9332721581259974,20,0.018428144811477063,FAIL
7336,7336,,2021-02-09 10:28:31.877198,2021-02-09 10:28:32.817933,0 days 00:00:00.940735,0.0014671472945069375,7,0,0.9291451770388003,20,0.017850572006524075,FAIL
7337,7337,,2021-02-09 10:28:32.822825,2021-02-09 10:28:33.640337,0 days 00:00:00.817512,0.001496522984455124,7,0,0.9338298122605523,20,0.018456198094951005,FAIL
7338,7338,,2021-02-09 10:28:33.645052,2021-02-09 10:28:34.433789,0 days 00:00:00.788737,0.0016127413878391419,7,0,0.9296669060161846,20,0.017649280234244866,FAIL
7339,7339,0.49585253456221196,2021-02-09 10:28:34.436816,2021-02-09 10:29:07.445115,0 days 00:00:33.008299,0.001560167038250048,7,10,0.9338927514649311,20,0.01843480641064114,COMPLETE
7340,7340,0.3858678955453149,2021-02-09 10:29:07.448725,2021-02-09 10:29:27.823849,0 days 00:00:20.375124,9.018672122335134e-05,13,2,0.900225001993887,18,0.028347317152206952,COMPLETE
7341,7341,0.5732718894009217,2021-02-09 10:29:27.827512,2021-02-09 10:29:38.541313,0 days 00:00:10.713801,0.0005021312323077618,11,2,0.948492873787453,18,0.0315892331900192,COMPLETE
7342,7342,0.5886328725038402,2021-02-09 10:29:38.544934,2021-02-09 10:29:49.952595,0 days 00:00:11.407661,0.0020608024078762853,11,8,0.9066964493976551,16,0.041736382450950286,COMPLETE
7343,7343,,2021-02-09 10:29:49.956240,2021-02-09 10:29:50.731259,0 days 00:00:00.775019,0.0004572984627175557,7,0,0.9089833333035112,16,0.03804647363004847,FAIL
7344,7344,0.5434715821812596,2021-02-09 10:29:50.736095,2021-02-09 10:30:54.100461,0 days 00:01:03.364366,0.0004378497885313215,7,8,0.9104220004675534,16,0.037047247130633565,COMPLETE
7345,7345,0.37880184331797234,2021-02-09 10:30:54.104064,2021-02-09 10:31:05.180610,0 days 00:00:11.076546,0.0005659725155805314,5,2,0.9440479847906904,18,0.023924616202086926,COMPLETE
7346,7346,0.5456221198156682,2021-02-09 10:31:05.184261,2021-02-09 10:31:26.349902,0 days 00:00:21.165641,0.00024264113470278038,13,8,0.9044276985507123,16,0.034223071524480744,COMPLETE
7347,7347,,2021-02-09 10:31:26.353541,2021-02-09 10:31:27.136006,0 days 00:00:00.782465,6.603593180254795e-05,11,0,0.9884801108713774,18,0.025517149795784566,FAIL
7348,7348,0.4423963133640553,2021-02-09 10:31:27.140737,2021-02-09 10:31:37.874739,0 days 00:00:10.734002,6.533945561815249e-05,11,2,0.9510695439741013,18,0.026505363301699253,COMPLETE
7349,7349,0.5480798771121351,2021-02-09 10:31:37.878386,2021-02-09 10:31:54.583549,0 days 00:00:16.705163,0.00016005437923162773,11,8,0.9064435872167064,16,0.038875068743982735,COMPLETE
7350,7350,,2021-02-09 10:31:54.587209,2021-02-09 10:31:55.364974,0 days 00:00:00.777765,0.0010215522500468864,9,0,0.9883533941896134,20,0.020981590133653746,FAIL
7351,7351,,2021-02-09 10:31:55.367821,2021-02-09 10:31:56.300804,0 days 00:00:00.932983,0.0016685127339834203,9,0,0.9365032744062618,20,0.019692508984147563,FAIL
7352,7352,,2021-02-09 10:31:56.305510,2021-02-09 10:31:57.127412,0 days 00:00:00.821902,0.0012169812547197902,9,0,0.9362148542059145,20,0.021174748684710774,FAIL
7353,7353,0.4715821812596006,2021-02-09 10:31:57.132118,2021-02-09 10:32:12.738762,0 days 00:00:15.606644,0.001103308482907847,9,4,0.9000790507910635,20,0.020339794011240645,COMPLETE
7354,7354,,2021-02-09 10:32:12.742395,2021-02-09 10:32:13.542934,0 days 00:00:00.800539,0.0010405339221265643,7,0,0.9365994826727388,20,0.017822905964307106,FAIL
7355,7355,,2021-02-09 10:32:13.545749,2021-02-09 10:32:14.319272,0 days 00:00:00.773523,0.0017133819645918163,7,0,0.9362618845901705,20,0.020830119790579485,FAIL
7356,7356,,2021-02-09 10:32:14.322086,2021-02-09 10:32:15.103762,0 days 00:00:00.781676,0.0011789205202185436,7,0,0.9366256951436142,20,0.017409990332742226,FAIL
7357,7357,0.43870967741935485,2021-02-09 10:32:15.108497,2021-02-09 10:32:36.074825,0 days 00:00:20.966328,0.0013694185983282791,7,4,0.900060210073455,20,0.017783144596308385,COMPLETE
7358,7358,,2021-02-09 10:32:36.078481,2021-02-09 10:32:36.871745,0 days 00:00:00.793264,0.0010662670053188737,9,0,0.9771236436864401,20,0.021221250547258264,FAIL
7359,7359,0.47557603686635946,2021-02-09 10:32:36.876641,2021-02-09 10:32:48.006416,0 days 00:00:11.129775,0.0011651150522589539,9,4,0.9291183823320677,20,0.021322760080218946,COMPLETE
7360,7360,0.6033794162826421,2021-02-09 10:32:48.010078,2021-02-09 10:32:59.394162,0 days 00:00:11.384084,0.0014176191707934592,9,6,0.9770665931521308,20,0.01923994342089934,COMPLETE
7361,7361,,2021-02-09 10:32:59.397809,2021-02-09 10:33:00.207540,0 days 00:00:00.809731,0.0009300154086576412,7,0,0.9361002192337015,20,0.14653450385519654,FAIL
7362,7362,,2021-02-09 10:33:00.210370,2021-02-09 10:33:00.972408,0 days 00:00:00.762038,0.0016736382274163187,7,0,0.9343406179764565,20,0.0185837383481736,FAIL
7363,7363,0.41443932411674345,2021-02-09 10:33:00.975306,2021-02-09 10:33:11.992387,0 days 00:00:11.017081,0.0011473535592105366,7,4,0.9879579771290244,20,0.020585162582920022,COMPLETE
7364,7364,0.581874039938556,2021-02-09 10:33:11.996041,2021-02-09 10:33:23.315835,0 days 00:00:11.319794,0.00010447894967735108,11,8,0.9076449645275313,16,0.04852357333058934,COMPLETE
7365,7365,,2021-02-09 10:33:23.319471,2021-02-09 10:33:24.105930,0 days 00:00:00.786459,0.0008789303371077476,9,0,0.936926933129278,20,0.01872223213414751,FAIL
7366,7366,0.41443932411674345,2021-02-09 10:33:24.108878,2021-02-09 10:33:35.288877,0 days 00:00:11.179999,0.001011151808295657,9,4,0.9374250230999596,20,0.01650840045018394,COMPLETE
7367,7367,0.447926267281106,2021-02-09 10:33:35.292477,2021-02-09 10:33:46.847591,0 days 00:00:11.555114,0.0003770383388330905,13,8,0.9091727620812534,14,0.03430296791293261,COMPLETE
7368,7368,,2021-02-09 10:33:46.852874,2021-02-09 10:33:47.645796,0 days 00:00:00.792922,0.0004583933176873988,11,0,0.9040289690310279,16,0.04006537242574154,FAIL
7369,7369,0.5050691244239631,2021-02-09 10:33:47.648612,2021-02-09 10:33:59.552204,0 days 00:00:11.903592,0.00013107545632370582,11,8,0.9036806194280863,16,0.04008972280339763,COMPLETE
7370,7370,0.538863287250384,2021-02-09 10:33:59.555871,2021-02-09 10:34:10.336160,0 days 00:00:10.780289,0.0002845969341967416,13,2,0.9420390929396512,18,0.029291253386124656,COMPLETE
7371,7371,0.4682027649769585,2021-02-09 10:34:10.339803,2021-02-09 10:34:31.337268,0 days 00:00:20.997465,0.0017180921556315927,7,6,0.9337379754408779,20,0.018032082263009952,COMPLETE
7372,7372,,2021-02-09 10:34:31.340911,2021-02-09 10:34:32.123586,0 days 00:00:00.782675,0.0009679656485826074,11,0,0.9364446415049115,20,0.01910263904173802,FAIL
7373,7373,0.5188940092165899,2021-02-09 10:34:32.128481,2021-02-09 10:34:43.248640,0 days 00:00:11.120159,0.0017234284068899286,11,4,0.9353849523438802,20,0.020972784915110773,COMPLETE
7374,7374,0.4525345622119816,2021-02-09 10:34:43.252296,2021-02-09 10:34:54.625669,0 days 00:00:11.373373,0.0009208357134796462,7,4,0.9367099739503287,20,0.019465036498954397,COMPLETE
7375,7375,0.4261136712749616,2021-02-09 10:34:54.629302,2021-02-09 10:35:05.410301,0 days 00:00:10.780999,0.0015098507880660667,11,4,0.9321005847513405,20,0.021681782847565757,COMPLETE
7376,7376,,2021-02-09 10:35:05.413944,2021-02-09 10:35:06.196661,0 days 00:00:00.782717,5.825553983348306e-05,13,0,0.9419201720967701,18,0.03147461364053755,FAIL
7377,7377,0.3763440860215054,2021-02-09 10:35:06.201426,2021-02-09 10:35:17.034973,0 days 00:00:10.833547,0.0004188325166830048,13,2,0.9001018037072164,18,0.03125720729983281,COMPLETE
7378,7378,,2021-02-09 10:35:17.038633,2021-02-09 10:35:19.642223,0 days 00:00:02.603590,0.0005560831049858703,7,8,0.9049088206284195,16,0.03772576073643769,FAIL
7379,7379,0.391705069124424,2021-02-09 10:35:19.646065,2021-02-09 10:35:31.405826,0 days 00:00:11.759761,9.21650804391952e-05,7,8,0.904775928826463,16,0.04431794036398293,COMPLETE
7380,7380,,2021-02-09 10:35:31.409539,2021-02-09 10:35:32.205770,0 days 00:00:00.796231,0.00019859129741857292,5,0,0.9040542124070453,16,0.03393778097961212,FAIL
7381,7381,,2021-02-09 10:35:32.208691,2021-02-09 10:35:32.987918,0 days 00:00:00.779227,0.0005627059429761584,5,0,0.9036895905620855,16,0.037210422619458054,FAIL
7382,7382,0.47557603686635946,2021-02-09 10:35:32.992733,2021-02-09 10:35:44.171325,0 days 00:00:11.178592,0.0004644960286046252,11,8,0.9036227229233502,16,0.036335341890189506,COMPLETE
7383,7383,,2021-02-09 10:35:44.174937,2021-02-09 10:35:44.960494,0 days 00:00:00.785557,0.0005688059449089193,5,0,0.9060218475683272,16,0.4249565098096943,FAIL
7384,7384,0.391705069124424,2021-02-09 10:35:44.965343,2021-02-09 10:35:56.230633,0 days 00:00:11.265290,0.00033034540076556473,5,8,0.9062467323368257,16,0.033245861324230845,COMPLETE
7385,7385,0.6193548387096774,2021-02-09 10:35:56.234263,2021-02-09 10:36:07.794671,0 days 00:00:11.560408,0.00018621043558135082,11,8,0.9048615398825005,16,0.038515070414309134,COMPLETE
7386,7386,,2021-02-09 10:36:07.798333,2021-02-09 10:36:08.587477,0 days 00:00:00.789144,0.0005362742321504852,13,0,0.9461550766772837,18,0.027498758151324805,FAIL
7387,7387,,2021-02-09 10:36:08.590279,2021-02-09 10:36:09.370829,0 days 00:00:00.780550,0.0005853979594975222,13,0,0.9454716910819493,14,0.024992731452205895,FAIL
7388,7388,,2021-02-09 10:36:09.375580,2021-02-09 10:36:10.198352,0 days 00:00:00.822772,0.0005684885292381233,13,0,0.9464514323647241,14,0.025763726626677825,FAIL
7389,7389,,2021-02-09 10:36:10.201227,2021-02-09 10:36:10.987301,0 days 00:00:00.786074,0.000582249424470411,13,0,0.9467797460362403,14,0.023906700670603562,FAIL
7390,7390,0.4519201228878648,2021-02-09 10:36:10.990274,2021-02-09 10:36:21.927884,0 days 00:00:10.937610,0.0005913980252996435,13,2,0.9000069938954581,14,0.027329488516539577,COMPLETE
7391,7391,0.41259600614439323,2021-02-09 10:36:21.931552,2021-02-09 10:36:37.969849,0 days 00:00:16.038297,0.001008821005547498,9,4,0.979209100800275,20,0.01698022244299418,COMPLETE
7392,7392,,2021-02-09 10:36:37.973482,2021-02-09 10:36:38.952056,0 days 00:00:00.978574,0.0011535919718583777,9,0,0.9538811764403924,20,0.018402755251758853,FAIL
7393,7393,,2021-02-09 10:36:38.955560,2021-02-09 10:36:39.739188,0 days 00:00:00.783628,0.0012944580055735363,9,0,0.9368224808629968,20,0.01851989255729157,FAIL
7394,7394,0.6119815668202765,2021-02-09 10:36:39.743848,2021-02-09 10:36:50.724022,0 days 00:00:10.980174,0.001222822509840574,9,6,0.9532224701492803,20,0.019818791355886968,COMPLETE
7395,7395,0.6224270353302611,2021-02-09 10:36:50.727724,2021-02-09 10:37:07.525434,0 days 00:00:16.797710,0.000529412999374009,7,8,0.9117729289545,16,0.03341316751788476,COMPLETE
7396,7396,,2021-02-09 10:37:07.529109,2021-02-09 10:37:08.340516,0 days 00:00:00.811407,0.0008700591730658703,9,0,0.9363805894175654,20,0.018161623636074327,FAIL
7397,7397,0.5311827956989247,2021-02-09 10:37:08.343403,2021-02-09 10:37:39.162996,0 days 00:00:30.819593,0.0016375882674316432,9,4,0.961020891364932,20,0.0205068604249026,COMPLETE
7398,7398,,2021-02-09 10:37:39.166651,2021-02-09 10:37:39.963996,0 days 00:00:00.797345,0.0025601439239262146,11,0,0.9081597764343871,16,0.036315950106956124,FAIL
7399,7399,0.602457757296467,2021-02-09 10:37:39.966906,2021-02-09 10:37:56.848269,0 days 00:00:16.881363,5.500130632409854e-05,11,8,0.9091261390739073,16,0.06205296739133111,COMPLETE
7400,7400,,2021-02-09 10:37:56.851910,2021-02-09 10:37:57.657800,0 days 00:00:00.805890,0.000121292858114222,7,0,0.9030356125727264,16,0.03742493683944292,FAIL
7401,7401,0.6251920122887865,2021-02-09 10:37:57.662588,2021-02-09 10:38:08.913628,0 days 00:00:11.251040,0.00014212083359898777,7,8,0.9036277309503443,10,0.03603489503838785,COMPLETE
7402,7402,0.49185867895545315,2021-02-09 10:38:08.917293,2021-02-09 10:38:20.328025,0 days 00:00:11.410732,0.0009097836791422551,11,6,0.936345867908754,20,0.015274610405048938,COMPLETE
7403,7403,,2021-02-09 10:38:20.331753,2021-02-09 10:38:21.173975,0 days 00:00:00.842222,0.0021354226783021598,13,0,0.9076760223380866,16,0.04263782345599417,FAIL
7404,7404,0.6276497695852534,2021-02-09 10:38:21.177036,2021-02-09 10:38:32.730135,0 days 00:00:11.553099,0.0022226030248870265,13,8,0.9081819939768238,16,0.041796470098724524,COMPLETE
7405,7405,,2021-02-09 10:38:32.733770,2021-02-09 10:38:33.540694,0 days 00:00:00.806924,0.07552697071301069,11,0,0.902561949549132,16,0.05185097541978274,FAIL
7406,7406,0.5317972350230414,2021-02-09 10:38:33.545463,2021-02-09 10:38:45.069675,0 days 00:00:11.524212,0.00043725812530153645,11,8,0.902513442377154,16,0.03352613248972134,COMPLETE
7407,7407,,2021-02-09 10:38:45.073331,2021-02-09 10:38:45.851663,0 days 00:00:00.778332,0.00011164742317105017,5,0,0.9452397131436364,18,0.024967882785683015,FAIL
7408,7408,0.5339477726574501,2021-02-09 10:38:45.854543,2021-02-09 10:39:21.696982,0 days 00:00:35.842439,0.00021506352767571566,5,2,0.946228279130223,18,0.02429233256035881,COMPLETE
7409,7409,,2021-02-09 10:39:21.700672,2021-02-09 10:39:22.502150,0 days 00:00:00.801478,0.0012910880877853895,9,0,0.932476744927394,20,0.021759337902299045,FAIL
7410,7410,0.4184331797235023,2021-02-09 10:39:22.505082,2021-02-09 10:39:34.378043,0 days 00:00:11.872961,0.0013445186686043863,9,10,0.9319786871083019,20,0.018125264776251784,COMPLETE
7411,7411,0.3738863287250384,2021-02-09 10:39:34.381737,2021-02-09 10:39:45.514386,0 days 00:00:11.132649,0.0007792870164384615,7,4,0.9368749744296747,20,0.02133894966185667,COMPLETE
7412,7412,,2021-02-09 10:39:45.518050,2021-02-09 10:39:46.304359,0 days 00:00:00.786309,0.0003388673179097368,13,0,0.9047713828941631,16,0.036340517819690894,FAIL
7413,7413,0.6015360983102919,2021-02-09 10:39:46.308998,2021-02-09 10:40:07.956726,0 days 00:00:21.647728,0.0003466906933312984,11,8,0.9064585016807912,16,0.03858695615300926,COMPLETE
7414,7414,,2021-02-09 10:40:07.960421,2021-02-09 10:40:08.919336,0 days 00:00:00.958915,0.0028538563065411433,13,0,0.9418329981146358,18,0.025648199452404395,FAIL
7415,7415,,2021-02-09 10:40:08.922363,2021-02-09 10:40:09.709752,0 days 00:00:00.787389,0.00012150451829247057,19,0,0.9437265441969566,18,0.024812400487772966,FAIL
7416,7416,,2021-02-09 10:40:09.714505,2021-02-09 10:40:10.500912,0 days 00:00:00.786407,0.00011927398729084574,13,0,0.9404957057944385,18,0.024829116606473765,FAIL
7417,7417,0.3904761904761905,2021-02-09 10:40:10.505854,2021-02-09 10:40:21.217308,0 days 00:00:10.711454,0.0001178318693391281,19,2,0.942414209234079,18,0.029716540006753788,COMPLETE
7418,7418,,2021-02-09 10:40:21.220944,2021-02-09 10:40:22.021834,0 days 00:00:00.800890,0.0005068350813654892,13,0,0.9016437016198332,18,0.026343092405117327,FAIL
7419,7419,0.5966205837173579,2021-02-09 10:40:22.026680,2021-02-09 10:40:52.130721,0 days 00:00:30.104041,0.0005875757508268739,13,2,0.9476990026640766,18,0.025430505508303884,COMPLETE
7420,7420,0.5745007680491552,2021-02-09 10:40:52.134411,2021-02-09 10:41:03.138684,0 days 00:00:11.004273,0.0026629449187190327,7,2,0.941790061347046,18,0.02283861654452819,COMPLETE
7421,7421,0.6052227342549923,2021-02-09 10:41:03.142320,2021-02-09 10:41:19.882428,0 days 00:00:16.740108,0.00010475896881633994,11,8,0.9028079376675117,16,0.03775327068932612,COMPLETE
7422,7422,0.3824884792626728,2021-02-09 10:41:19.886091,2021-02-09 10:41:31.178970,0 days 00:00:11.292879,0.0010912005289223086,9,6,0.9565166101069106,20,0.018903260616985364,COMPLETE
7423,7423,0.5078341013824885,2021-02-09 10:41:31.182646,2021-02-09 10:41:42.522540,0 days 00:00:11.339894,0.00048340951177658196,13,8,0.9051651042640446,16,0.04554520299849659,COMPLETE
7424,7424,0.6153609831029185,2021-02-09 10:41:42.526214,2021-02-09 10:41:59.216506,0 days 00:00:16.690292,7.068000117695943e-05,7,8,0.9041717159002863,16,0.035049607140515866,COMPLETE
7425,7425,,2021-02-09 10:41:59.220195,2021-02-09 10:42:00.026452,0 days 00:00:00.806257,0.0002664703881256684,11,0,0.9410951070847889,18,0.031193000911270856,FAIL
7426,7426,,2021-02-09 10:42:00.031358,2021-02-09 10:42:00.847969,0 days 00:00:00.816611,0.000285303148836216,11,0,0.9456148502238723,12,0.027641700706244898,FAIL
7427,7427,0.38525345622119817,2021-02-09 10:42:00.852764,2021-02-09 10:42:11.680704,0 days 00:00:10.827940,0.00025427651953163863,11,2,0.945184905145153,18,0.14279188189187136,COMPLETE
7428,7428,,2021-02-09 10:42:11.684406,2021-02-09 10:42:12.471234,0 days 00:00:00.786828,0.00016701767388938832,13,0,0.9024097613830313,16,0.032652777909491226,FAIL
7429,7429,,2021-02-09 10:42:12.474078,2021-02-09 10:42:13.255648,0 days 00:00:00.781570,0.0003928105716818529,13,0,0.9061819936579749,16,0.03263718048156819,FAIL
7430,7430,0.43502304147465437,2021-02-09 10:42:13.260387,2021-02-09 10:42:24.648803,0 days 00:00:11.388416,0.00038411764655845647,13,8,0.9058631039415095,16,0.04049816756346709,COMPLETE
7431,7431,0.5539170506912442,2021-02-09 10:42:24.652501,2021-02-09 10:42:50.419578,0 days 00:00:25.767077,0.0001733548143241231,7,2,0.9020675535022403,18,0.03126356875853048,COMPLETE
7432,7432,,2021-02-09 10:42:50.423274,2021-02-09 10:42:51.228141,0 days 00:00:00.804867,0.0009738551960284177,9,0,0.9342670152638415,20,0.02097977633322472,FAIL
7433,7433,,2021-02-09 10:42:51.231001,2021-02-09 10:42:52.014028,0 days 00:00:00.783027,0.0012636531523444506,9,0,0.9000896109986393,20,0.02185828821483093,FAIL
7434,7434,,2021-02-09 10:42:52.018727,2021-02-09 10:42:52.802234,0 days 00:00:00.783507,0.0013506104579198584,9,0,0.9345526704041753,20,0.02156898240943804,FAIL
7435,7435,0.42119815668202765,2021-02-09 10:42:52.806936,2021-02-09 10:43:03.684913,0 days 00:00:10.877977,0.0012642162454797564,9,4,0.9342208957298863,20,0.016981863804338283,COMPLETE
7436,7436,0.4890937019969278,2021-02-09 10:43:03.688605,2021-02-09 10:43:19.606470,0 days 00:00:15.917865,0.0009722404539888349,11,4,0.9338635521168106,20,0.02156839283354914,COMPLETE
