,number,value,datetime_start,datetime_complete,duration,params_lr,params_nl2,params_num_ct,params_scheduler_gamma,params_sigma2,params_weight_decay,state
4822,4822,0.41351766513056837,2021-02-09 03:02:35.537265,2021-02-09 03:02:46.927894,0 days 00:00:11.390629,9.497226190059478e-05,15,8,0.9029394586284533,18,0.024482969957259657,COMPLETE
4823,4823,0.39078341013824885,2021-02-09 03:02:46.930431,2021-02-09 03:03:03.493365,0 days 00:00:16.562934,5.9510632367972905e-05,7,8,0.9000696273359456,18,0.02728633178450866,COMPLETE
4824,4824,0.5204301075268817,2021-02-09 03:03:03.495880,2021-02-09 03:03:19.918063,0 days 00:00:16.422183,0.0001176885834573266,15,8,0.9002010681225806,18,0.030539953650973832,COMPLETE
4825,4825,0.5529953917050692,2021-02-09 03:03:19.920577,2021-02-09 03:03:46.757809,0 days 00:00:26.837232,0.0001441458180682276,5,8,0.9740356122283148,18,0.021077430731361715,COMPLETE
4826,4826,0.45130568356374806,2021-02-09 03:03:46.760352,2021-02-09 03:03:58.302594,0 days 00:00:11.542242,2.6509074715497227e-05,15,8,0.904745671041214,14,0.018518796296097165,COMPLETE
4827,4827,0.5861751152073733,2021-02-09 03:03:58.305171,2021-02-09 03:04:14.928567,0 days 00:00:16.623396,0.00010202699856210651,17,8,0.980763492300908,18,0.0250039826881668,COMPLETE
4828,4828,0.376036866359447,2021-02-09 03:04:14.931127,2021-02-09 03:04:31.477988,0 days 00:00:16.546861,0.00450592460923508,9,8,0.9018058473125691,18,0.02972193968458278,COMPLETE
4829,4829,,2021-02-09 03:04:31.480962,2021-02-09 03:04:32.224146,0 days 00:00:00.743184,0.00018108046041143407,15,0,0.9038343380802064,18,0.026687161495442924,FAIL
4830,4830,,2021-02-09 03:04:32.225931,2021-02-09 03:04:32.929491,0 days 00:00:00.703560,0.00019283547854603993,15,0,0.9000047760700247,18,0.016811422104198392,FAIL
4831,4831,,2021-02-09 03:04:32.931186,2021-02-09 03:04:33.655305,0 days 00:00:00.724119,0.00017418181173956983,15,0,0.9031712067114476,18,0.02674050644364955,FAIL
4832,4832,,2021-02-09 03:04:33.658362,2021-02-09 03:04:34.555226,0 days 00:00:00.896864,1.0031499343373997e-05,15,0,0.9037867706538498,18,0.026515733206419943,FAIL
4833,4833,,2021-02-09 03:04:34.558226,2021-02-09 03:04:35.288351,0 days 00:00:00.730125,0.00020526027958638627,15,0,0.9839993134482893,18,0.025913826197759417,FAIL
4834,4834,0.397542242703533,2021-02-09 03:04:35.291404,2021-02-09 03:04:46.669105,0 days 00:00:11.377701,0.00023171051482209293,15,8,0.9035465787372321,18,0.026798806228902045,COMPLETE
4835,4835,0.3781874039938556,2021-02-09 03:04:46.671620,2021-02-09 03:04:58.127432,0 days 00:00:11.455812,0.00018781237503211345,15,8,0.9001343456363714,18,0.022337636663095007,COMPLETE
4836,4836,,2021-02-09 03:04:58.129942,2021-02-09 03:04:58.856238,0 days 00:00:00.726296,1.164968882567124e-05,15,0,0.9000906033256397,14,0.028925785999267112,FAIL
4837,4837,,2021-02-09 03:04:58.859374,2021-02-09 03:04:59.575016,0 days 00:00:00.715642,1.2056898581656843e-05,15,0,0.9059805482509002,14,0.08861957126524311,FAIL
4838,4838,0.5013824884792627,2021-02-09 03:04:59.576720,2021-02-09 03:05:10.903216,0 days 00:00:11.326496,0.00015296799587563237,15,8,0.9653405092407751,18,0.030334345878190862,COMPLETE
4839,4839,0.5262672811059907,2021-02-09 03:05:10.905748,2021-02-09 03:05:32.545676,0 days 00:00:21.639928,1.1218924100312417e-05,7,8,0.9064951439554821,16,0.016271619164830692,COMPLETE
4840,4840,,2021-02-09 03:05:32.548200,2021-02-09 03:05:33.287731,0 days 00:00:00.739531,0.00012300968571277585,15,0,0.9021041748779556,18,0.027902828184117302,FAIL
4841,4841,0.5493087557603686,2021-02-09 03:05:33.290819,2021-02-09 03:06:10.331888,0 days 00:00:37.041069,0.00011577541424899606,15,8,0.9413182294854683,18,0.028168984341164622,COMPLETE
4842,4842,0.5877112135176651,2021-02-09 03:06:10.334444,2021-02-09 03:06:22.035338,0 days 00:00:11.700894,7.755629961496435e-05,13,8,0.9834957041691887,16,0.032013938193493234,COMPLETE
4843,4843,0.3781874039938556,2021-02-09 03:06:22.037867,2021-02-09 03:06:33.422089,0 days 00:00:11.384222,1.015882911460353e-05,15,8,0.9023841697262305,14,0.02561426988216701,COMPLETE
4844,4844,0.6298003072196621,2021-02-09 03:06:33.424640,2021-02-09 03:06:44.806914,0 days 00:00:11.382274,1.1835307230544597e-05,7,8,0.9045111562363386,16,0.0229735310935507,COMPLETE
4845,4845,,2021-02-09 03:06:44.809448,2021-02-09 03:06:45.531619,0 days 00:00:00.722171,1.3400692151144903e-05,7,0,0.9067334380537124,16,0.01993961712510262,FAIL
4846,4846,,2021-02-09 03:06:45.534555,2021-02-09 03:06:46.272674,0 days 00:00:00.738119,1.2065109144248637e-05,7,0,0.9053965085958781,16,0.0194446308570733,FAIL
4847,4847,0.6264208909370199,2021-02-09 03:06:46.274402,2021-02-09 03:07:02.898902,0 days 00:00:16.624500,1.0875472794454447e-05,7,8,0.905848150375706,16,0.031754744302055576,COMPLETE
4848,4848,0.6089093701996928,2021-02-09 03:07:02.901435,2021-02-09 03:07:14.580219,0 days 00:00:11.678784,1.0243949191738922e-05,7,8,0.9088018323927215,16,0.02832488192532268,COMPLETE
4849,4849,0.5145929339477726,2021-02-09 03:07:14.582816,2021-02-09 03:07:25.694469,0 days 00:00:11.111653,1.0200050186144639e-05,7,8,0.9059842806094267,16,0.030437835113230588,COMPLETE
4850,4850,0.47588325652841784,2021-02-09 03:07:25.697029,2021-02-09 03:07:37.139932,0 days 00:00:11.442903,1.3428678602226023e-05,7,8,0.9082356268147733,16,0.026665666917453108,COMPLETE
4851,4851,,2021-02-09 03:07:37.142473,2021-02-09 03:07:37.869741,0 days 00:00:00.727268,1.0442836048166164e-05,7,0,0.9071376319445567,16,0.028930587387974525,FAIL
4852,4852,0.41566820276497696,2021-02-09 03:07:37.872091,2021-02-09 03:07:49.700762,0 days 00:00:11.828671,1.1690466747176744e-05,7,8,0.9079283113640784,16,0.08840462546222468,COMPLETE
4853,4853,,2021-02-09 03:07:49.703300,2021-02-09 03:07:50.432179,0 days 00:00:00.728879,1.1347915056182365e-05,7,0,0.9072012415707537,16,0.02954701796320244,FAIL
4854,4854,,2021-02-09 03:07:50.433867,2021-02-09 03:07:51.156187,0 days 00:00:00.722320,1.033563174556571e-05,7,0,0.9067640898448018,16,0.029817746094599806,FAIL
4855,4855,0.4749615975422427,2021-02-09 03:07:51.157923,2021-02-09 03:08:02.425990,0 days 00:00:11.268067,1.1769700058385414e-05,7,8,0.9069109726773559,16,0.028765072997103805,COMPLETE
4856,4856,0.3987711213517665,2021-02-09 03:08:02.428542,2021-02-09 03:08:13.533301,0 days 00:00:11.104759,1.0191657178628466e-05,7,8,0.9104851990091366,16,0.024926272190520595,COMPLETE
4857,4857,0.5253456221198156,2021-02-09 03:08:13.535841,2021-02-09 03:08:25.136930,0 days 00:00:11.601089,1.0213647845490958e-05,7,8,0.9069377786763589,16,0.020324287038825568,COMPLETE
4858,4858,,2021-02-09 03:08:25.139514,2021-02-09 03:08:25.869019,0 days 00:00:00.729505,1.0187052990495985e-05,7,0,0.9061387981657824,16,0.031612169687063006,FAIL
4859,4859,0.5474654377880185,2021-02-09 03:08:25.872096,2021-02-09 03:08:37.297195,0 days 00:00:11.425099,1.1887078108013402e-05,7,8,0.9060565454989415,16,0.03168311736304499,COMPLETE
4860,4860,0.5271889400921659,2021-02-09 03:08:37.299766,2021-02-09 03:08:48.682063,0 days 00:00:11.382297,1.1912592761680225e-05,7,8,0.9131620355364077,16,0.02963584238028863,COMPLETE
4861,4861,0.4466973886328725,2021-02-09 03:08:48.684621,2021-02-09 03:09:00.223538,0 days 00:00:11.538917,1.0234715034777206e-05,7,8,0.9086775850628064,16,0.02733183540306992,COMPLETE
4862,4862,0.5781874039938556,2021-02-09 03:09:00.226072,2021-02-09 03:09:11.672022,0 days 00:00:11.445950,1.2961916690061932e-05,7,8,0.9045424161655343,16,0.023952905272917855,COMPLETE
4863,4863,0.6095238095238096,2021-02-09 03:09:11.674519,2021-02-09 03:09:22.410239,0 days 00:00:10.735720,1.0001364352572655e-05,7,2,0.9062374649742502,16,0.03200484166840907,COMPLETE
4864,4864,,2021-02-09 03:09:22.412806,2021-02-09 03:09:23.145404,0 days 00:00:00.732598,1.2579332395345656e-05,7,0,0.9056210558434484,16,0.021848541349793076,FAIL
4865,4865,,2021-02-09 03:09:23.147172,2021-02-09 03:09:23.875134,0 days 00:00:00.727962,1.0148343134699113e-05,7,0,0.9898527055491486,16,0.02147652000346218,FAIL
4866,4866,0.5235023041474655,2021-02-09 03:09:23.876916,2021-02-09 03:09:51.083325,0 days 00:00:27.206409,1.2879514545924042e-05,7,8,0.9049816470201005,16,0.02167443921028091,COMPLETE
4867,4867,,2021-02-09 03:09:51.085875,2021-02-09 03:10:30.375207,0 days 00:00:39.289332,0.00039706106372760207,7,2,0.9050224842079985,16,0.025378858751573485,FAIL
4868,4868,,2021-02-09 03:10:30.377719,2021-02-09 03:10:31.142800,0 days 00:00:00.765081,0.0003980148267577204,7,0,0.9072182342670415,16,0.025932053381547512,FAIL
4869,4869,0.5244239631336406,2021-02-09 03:10:31.145935,2021-02-09 03:10:41.771034,0 days 00:00:10.625099,1.3574770721602593e-05,7,2,0.9077413172814038,16,0.02575669421524468,COMPLETE
4870,4870,,2021-02-09 03:10:41.773558,2021-02-09 03:10:42.488528,0 days 00:00:00.714970,1.1515432452789859e-05,7,0,0.9056454840503647,16,0.014206765263583705,FAIL
4871,4871,0.5290322580645161,2021-02-09 03:10:42.491600,2021-02-09 03:11:04.419365,0 days 00:00:21.927765,1.0213012109381547e-05,7,8,0.9057823107217887,12,0.018932052089492626,COMPLETE
4872,4872,0.4313364055299539,2021-02-09 03:11:04.421917,2021-02-09 03:11:15.402625,0 days 00:00:10.980708,0.0003748817560657951,7,2,0.9043921668984353,16,0.02879249317118634,COMPLETE
4873,4873,0.41935483870967744,2021-02-09 03:11:15.405146,2021-02-09 03:11:26.466082,0 days 00:00:11.060936,1.0122004307194672e-05,7,8,0.9094992488079121,16,0.01445677161732589,COMPLETE
4874,4874,0.49370199692780337,2021-02-09 03:11:26.468657,2021-02-09 03:11:37.118889,0 days 00:00:10.650232,1.2305118090310925e-05,7,2,0.9067419772265939,16,0.031774706403995316,COMPLETE
4875,4875,,2021-02-09 03:11:37.121447,2021-02-09 03:11:37.866601,0 days 00:00:00.745154,1.0221469880997576e-05,7,0,0.904424122460618,16,0.027807703159354467,FAIL
4876,4876,0.4162826420890937,2021-02-09 03:11:37.869678,2021-02-09 03:11:58.771743,0 days 00:00:20.902065,1.0001486871933336e-05,7,2,0.905051291232733,16,0.027109346261573148,COMPLETE
4877,4877,0.36989247311827955,2021-02-09 03:11:58.774294,2021-02-09 03:12:19.296207,0 days 00:00:20.521913,1.457846493593826e-05,7,2,0.9047385688430819,16,0.023565501775598324,COMPLETE
4878,4878,,2021-02-09 03:12:19.298760,2021-02-09 03:12:20.025500,0 days 00:00:00.726740,1.156362221925668e-05,7,0,0.9114652242323975,16,0.029504214365325902,FAIL
4879,4879,0.4771121351766513,2021-02-09 03:12:20.027441,2021-02-09 03:12:31.287074,0 days 00:00:11.259633,1.2034756308514915e-05,7,8,0.9698180688482558,16,0.033363804606910304,COMPLETE
4880,4880,,2021-02-09 03:12:31.289635,2021-02-09 03:12:32.005796,0 days 00:00:00.716161,0.0004092295109962069,7,0,0.9774897886390717,16,0.029419420903513762,FAIL
4881,4881,0.6267281105990783,2021-02-09 03:12:32.007562,2021-02-09 03:12:43.022095,0 days 00:00:11.014533,0.0036190183162844677,7,2,0.9854113431041284,16,0.029535498810862818,COMPLETE
4882,4882,0.4399385560675883,2021-02-09 03:12:43.024659,2021-02-09 03:12:54.501527,0 days 00:00:11.476868,0.0037011479632403413,7,8,0.9880846141710922,16,0.030518018432895287,COMPLETE
4883,4883,0.5803379416282642,2021-02-09 03:12:54.504075,2021-02-09 03:13:05.244652,0 days 00:00:10.740577,0.0025615296915679903,7,2,0.9880084007198553,16,0.02968584275328773,COMPLETE
4884,4884,,2021-02-09 03:13:05.247228,2021-02-09 03:13:05.980861,0 days 00:00:00.733633,0.007443502029987124,7,0,0.9850724541372384,16,0.03215753563716134,FAIL
4885,4885,0.480184331797235,2021-02-09 03:13:05.983826,2021-02-09 03:13:33.332896,0 days 00:00:27.349070,0.0038919458582701784,7,8,0.9851722990001882,16,0.03151182150216825,COMPLETE
4886,4886,,2021-02-09 03:13:33.335449,2021-02-09 03:13:34.048539,0 days 00:00:00.713090,0.005407808363614316,7,0,0.9843470656125528,16,0.03373691929934016,FAIL
4887,4887,,2021-02-09 03:13:34.051686,2021-02-09 03:13:34.804119,0 days 00:00:00.752433,0.005892040368186611,7,0,0.9850815295861921,16,0.03316867033889335,FAIL
4888,4888,0.5529953917050692,2021-02-09 03:13:34.805964,2021-02-09 03:13:55.018790,0 days 00:00:20.212826,0.005089088850121499,7,2,0.9851095418639236,16,0.03324340486914878,COMPLETE
4889,4889,0.3726574500768049,2021-02-09 03:13:55.021336,2021-02-09 03:14:05.883641,0 days 00:00:10.862305,1.4329137437386246e-05,7,2,0.9898389860907123,16,0.030527251566936434,COMPLETE
4890,4890,,2021-02-09 03:14:05.886201,2021-02-09 03:14:06.618156,0 days 00:00:00.731955,0.007497320774070939,7,0,0.987618064181958,16,0.028200912615078382,FAIL
4891,4891,0.3904761904761905,2021-02-09 03:14:06.619927,2021-02-09 03:14:18.096696,0 days 00:00:11.476769,0.005343491433535747,7,8,0.9863646833064528,16,0.028482834853987223,COMPLETE
4892,4892,,2021-02-09 03:14:18.099254,2021-02-09 03:14:18.836240,0 days 00:00:00.736986,0.005785258410351624,7,0,0.9837837333632081,14,0.03279716795737662,FAIL
4893,4893,0.5745007680491552,2021-02-09 03:14:18.838174,2021-02-09 03:14:35.480029,0 days 00:00:16.641855,0.003325337858915454,7,8,0.9830380278718428,14,0.03331185706465398,COMPLETE
4894,4894,0.5023041474654378,2021-02-09 03:14:35.482586,2021-02-09 03:15:01.272042,0 days 00:00:25.789456,0.002834823355202209,7,2,0.9838304926397435,16,0.02809497979117212,COMPLETE
4895,4895,0.5192012288786483,2021-02-09 03:15:01.274619,2021-02-09 03:15:41.835747,0 days 00:00:40.561128,0.0034361261855443584,7,2,0.986722098444931,16,0.030367254478483055,COMPLETE
4896,4896,,2021-02-09 03:15:41.838292,2021-02-09 03:15:42.565380,0 days 00:00:00.727088,0.0045803628674832945,7,0,0.9808350138675661,16,0.03362885295864527,FAIL
4897,4897,,2021-02-09 03:15:42.567200,2021-02-09 03:15:43.275069,0 days 00:00:00.707869,0.004177887443370297,7,0,0.9808682240322005,16,0.0341021030112363,FAIL
4898,4898,0.5523809523809524,2021-02-09 03:15:43.276851,2021-02-09 03:15:59.011168,0 days 00:00:15.734317,0.005709029524160716,7,2,0.9815019880047828,16,0.03383804657307891,COMPLETE
4899,4899,0.4783410138248848,2021-02-09 03:15:59.013723,2021-02-09 03:16:10.189319,0 days 00:00:11.175596,0.0066313543033140404,7,8,0.9853797714256733,16,0.026875235221638337,COMPLETE
4900,4900,,2021-02-09 03:16:10.191912,2021-02-09 03:16:11.095080,0 days 00:00:00.903168,0.003945088780734568,7,0,0.9876514818518539,16,0.02900189383368247,FAIL
4901,4901,0.5732718894009217,2021-02-09 03:16:11.098131,2021-02-09 03:16:37.059961,0 days 00:00:25.961830,0.007715753317103584,7,2,0.984238292917333,16,0.030029092962503362,COMPLETE
4902,4902,0.5465437788018433,2021-02-09 03:16:37.062521,2021-02-09 03:16:48.249602,0 days 00:00:11.187081,0.006285915767670926,7,8,0.9836209233067305,16,0.03249366550352689,COMPLETE
4903,4903,0.5016897081413211,2021-02-09 03:16:48.252162,2021-02-09 03:17:18.848153,0 days 00:00:30.595991,0.003740166363169467,7,2,0.9875878367721205,16,0.02828796585105269,COMPLETE
4904,4904,0.6141321044546851,2021-02-09 03:17:18.850717,2021-02-09 03:17:30.337143,0 days 00:00:11.486426,0.0025265754321344013,7,8,0.978678189654422,14,0.026647008104089927,COMPLETE
4905,4905,,2021-02-09 03:17:30.339697,2021-02-09 03:17:31.073575,0 days 00:00:00.733878,0.007924680635558389,7,0,0.989628963089807,16,0.08034630919712336,FAIL
4906,4906,,2021-02-09 03:17:31.075397,2021-02-09 03:17:31.795191,0 days 00:00:00.719794,0.0019869130199784138,7,0,0.9888707762330571,16,0.03482059237328313,FAIL
4907,4907,0.39815668202764976,2021-02-09 03:17:31.797021,2021-02-09 03:17:42.562028,0 days 00:00:10.765007,0.002059318509250051,7,2,0.987648960798702,16,0.034189477612677016,COMPLETE
4908,4908,0.546236559139785,2021-02-09 03:17:42.564594,2021-02-09 03:18:13.537500,0 days 00:00:30.972906,0.004490823676734517,7,2,0.9860004009330651,16,0.07827559538369037,COMPLETE
4909,4909,0.36436251920122886,2021-02-09 03:18:13.540060,2021-02-09 03:18:30.281638,0 days 00:00:16.741578,1.1966231078688933e-05,5,8,0.9814575905975336,16,0.029548831964706843,COMPLETE
4910,4910,0.5152073732718894,2021-02-09 03:18:30.284201,2021-02-09 03:18:46.951774,0 days 00:00:16.667573,0.009608140133216723,7,8,0.9850260253142455,16,0.03163297824752131,COMPLETE
4911,4911,,2021-02-09 03:18:46.954334,2021-02-09 03:18:47.683068,0 days 00:00:00.728734,0.0041569945225467435,7,0,0.9823640046282116,16,0.02623893623845798,FAIL
4912,4912,,2021-02-09 03:18:47.684809,2021-02-09 03:18:48.397963,0 days 00:00:00.713154,0.003086222143774208,7,0,0.983665724349724,16,0.03469343556845245,FAIL
4913,4913,0.4924731182795699,2021-02-09 03:18:48.401049,2021-02-09 03:19:23.151771,0 days 00:00:34.750722,0.002059810369835724,7,2,0.9085446711333219,16,0.026327770677433502,COMPLETE
4914,4914,0.45284178187403995,2021-02-09 03:19:23.154339,2021-02-09 03:19:34.483891,0 days 00:00:11.329552,0.0004161095242905007,7,2,0.9882577651601637,16,0.03428349938363854,COMPLETE
4915,4915,,2021-02-09 03:19:34.486488,2021-02-09 03:19:35.224791,0 days 00:00:00.738303,0.004706523446270648,7,0,0.9806756562568123,16,0.029457142339317035,FAIL
4916,4916,0.513978494623656,2021-02-09 03:19:35.226636,2021-02-09 03:19:51.595040,0 days 00:00:16.368404,0.0072644478136801496,7,8,0.9824878031042648,16,0.02840388643255023,COMPLETE
4917,4917,,2021-02-09 03:19:51.597598,2021-02-09 03:19:52.331655,0 days 00:00:00.734057,0.012903107474001571,7,0,0.9864699800189458,16,0.031228710870357487,FAIL
4918,4918,,2021-02-09 03:19:52.333401,2021-02-09 03:19:53.045682,0 days 00:00:00.712281,0.004218748097840832,7,0,0.9891171522874949,16,0.031693648017903385,FAIL
4919,4919,0.46881720430107526,2021-02-09 03:19:53.048851,2021-02-09 03:20:03.539780,0 days 00:00:10.490929,0.0031798383482999544,7,2,0.9766304271511363,16,0.03190735660958429,COMPLETE
4920,4920,0.5956989247311828,2021-02-09 03:20:03.542365,2021-02-09 03:20:14.956418,0 days 00:00:11.414053,0.01064229558821764,7,2,0.9805168667694539,16,0.03564802105470138,COMPLETE
4921,4921,0.49185867895545315,2021-02-09 03:20:14.958981,2021-02-09 03:20:26.012827,0 days 00:00:11.053846,1.0067458374313282e-05,7,8,0.9894685697780939,16,0.025648557773540855,COMPLETE
4922,4922,0.5815668202764976,2021-02-09 03:20:26.015395,2021-02-09 03:20:36.904564,0 days 00:00:10.889169,0.007561758958363576,7,2,0.9826962921694914,16,0.029636313447797418,COMPLETE
4923,4923,,2021-02-09 03:20:36.907162,2021-02-09 03:20:37.638869,0 days 00:00:00.731707,0.004240893819491287,7,0,0.9863843348077291,16,0.028375420905990257,FAIL
4924,4924,0.44731182795698926,2021-02-09 03:20:37.641969,2021-02-09 03:20:48.746923,0 days 00:00:11.104954,0.0037539407584515007,7,2,0.9670673706495886,16,0.02782939710367864,COMPLETE
4925,4925,0.5268817204301075,2021-02-09 03:20:48.749482,2021-02-09 03:21:05.105290,0 days 00:00:16.355808,0.006059875300583146,7,8,0.989520984235681,16,0.032105431126734287,COMPLETE
4926,4926,,2021-02-09 03:21:05.107894,2021-02-09 03:21:05.819872,0 days 00:00:00.711978,0.004615157587008294,7,0,0.9114082970302909,14,0.03431707367361721,FAIL
4927,4927,0.6159754224270353,2021-02-09 03:21:05.821626,2021-02-09 03:21:17.251319,0 days 00:00:11.429693,1.3518920133237051e-05,7,8,0.9841597912462569,14,0.03418270599768763,COMPLETE
4928,4928,0.5658986175115207,2021-02-09 03:21:17.253885,2021-02-09 03:21:33.419864,0 days 00:00:16.165979,0.012153675052012517,7,2,0.9724518188634337,16,0.029938997315749255,COMPLETE
4929,4929,0.38894009216589864,2021-02-09 03:21:33.422434,2021-02-09 03:21:49.672775,0 days 00:00:16.250341,0.0019048301884268806,7,2,0.9413427066898611,16,0.02583313808407048,COMPLETE
4930,4930,,2021-02-09 03:21:49.675354,2021-02-09 03:21:50.398082,0 days 00:00:00.722728,0.002521713719128971,7,0,0.9111796955251786,16,0.03637794104284512,FAIL
4931,4931,,2021-02-09 03:21:50.401261,2021-02-09 03:21:51.182090,0 days 00:00:00.780829,0.00426026675916392,7,0,0.9433601460696566,16,0.027821228665063792,FAIL
4932,4932,,2021-02-09 03:21:51.183970,2021-02-09 03:21:51.906530,0 days 00:00:00.722560,0.004379111260181505,7,0,0.9107382969774637,16,0.035523344606861115,FAIL
4933,4933,0.39109062980030723,2021-02-09 03:21:51.909740,2021-02-09 03:22:03.242164,0 days 00:00:11.332424,1.0193931115302784e-05,7,6,0.9119859566409131,16,0.03609839981188534,COMPLETE
4934,4934,,2021-02-09 03:22:03.244734,2021-02-09 03:22:03.949214,0 days 00:00:00.704480,0.002466214974512442,7,0,0.9798469875677391,16,0.028465613372163887,FAIL
4935,4935,0.552073732718894,2021-02-09 03:22:03.951118,2021-02-09 03:22:15.425083,0 days 00:00:11.473965,0.009019865570843848,7,8,0.9860905690967118,16,0.027854515764075233,COMPLETE
4936,4936,0.5425499231950844,2021-02-09 03:22:15.427670,2021-02-09 03:22:26.308560,0 days 00:00:10.880890,1.6538077500675846e-05,7,2,0.9430924559416202,18,0.03201948872757631,COMPLETE
4937,4937,0.44946236559139785,2021-02-09 03:22:26.311140,2021-02-09 03:22:41.890502,0 days 00:00:15.579362,0.0026340479810259797,5,2,0.9073127166907938,16,0.02549095072990123,COMPLETE
4938,4938,,2021-02-09 03:22:41.893088,2021-02-09 03:22:42.625579,0 days 00:00:00.732491,1.1667512736739053e-05,7,0,0.90586968911045,16,0.030736168689328,FAIL
4939,4939,,2021-02-09 03:22:42.627522,2021-02-09 03:22:43.355033,0 days 00:00:00.727511,0.0042069999743687735,7,0,0.9793899420792118,16,0.03003657756481171,FAIL
4940,4940,0.6064516129032258,2021-02-09 03:22:43.356823,2021-02-09 03:22:55.109920,0 days 00:00:11.753097,1.1434372228822012e-05,7,8,0.986204583543945,16,0.02980077437359991,COMPLETE
4941,4941,,2021-02-09 03:22:55.112526,2021-02-09 03:22:55.832993,0 days 00:00:00.720467,1.0040154567806686e-05,7,0,0.9067894495183718,14,0.034565663053403785,FAIL
4942,4942,,2021-02-09 03:22:55.836203,2021-02-09 03:22:56.558099,0 days 00:00:00.721896,1.4549913683352583e-05,7,0,0.9061614574081901,14,0.03501355811827564,FAIL
4943,4943,0.5450076804915515,2021-02-09 03:22:56.561236,2021-02-09 03:23:12.716514,0 days 00:00:16.155278,0.005399878890095512,7,6,0.907098747089316,14,0.03399932390653977,COMPLETE
4944,4944,,2021-02-09 03:23:12.719095,2021-02-09 03:23:13.444500,0 days 00:00:00.725405,0.003930356555678616,7,0,0.9454747182028853,18,0.028050035824188538,FAIL
4945,4945,,2021-02-09 03:23:13.446432,2021-02-09 03:23:14.171713,0 days 00:00:00.725281,0.004434682493087969,7,0,0.9450707317397036,18,0.027516248375281778,FAIL
