,number,value,datetime_start,datetime_complete,duration,params_lr,params_nl2,params_num_ct,params_scheduler_gamma,params_sigma2,params_weight_decay,state
6192,6192,0.4543778801843318,2021-02-09 06:50:42.937738,2021-02-09 06:50:53.818580,0 days 00:00:10.880842,7.389673184263512e-05,11,4,0.9355095501363733,14,0.033851606709106606,COMPLETE
6193,6193,,2021-02-09 06:50:53.821760,2021-02-09 06:50:54.580374,0 days 00:00:00.758614,0.0005459988624814291,13,0,0.9387045978400144,16,0.03621744762987817,FAIL
6194,6194,0.5591397849462365,2021-02-09 06:50:54.584244,2021-02-09 06:51:06.078900,0 days 00:00:11.494656,9.386090010312718e-05,13,8,0.9335686976982266,16,0.03519728248976214,COMPLETE
6195,6195,0.5096774193548387,2021-02-09 06:51:06.082014,2021-02-09 06:51:18.063726,0 days 00:00:11.981712,0.0001309734689223802,15,8,0.9392389627431139,16,0.0370504433599776,COMPLETE
6196,6196,,2021-02-09 06:51:18.066838,2021-02-09 06:51:18.811472,0 days 00:00:00.744634,0.00017221298652016857,5,0,0.9001606952976416,20,0.021470787534673904,FAIL
6197,6197,0.5121351766513057,2021-02-09 06:51:18.815354,2021-02-09 06:51:30.511952,0 days 00:00:11.696598,1.3070473275612226e-05,5,8,0.9014126894440309,20,0.02272351054672074,COMPLETE
6198,6198,0.5852534562211982,2021-02-09 06:51:30.515117,2021-02-09 06:51:41.918008,0 days 00:00:11.402891,0.00018138142294048278,11,8,0.9031940165899349,18,0.021153362346378175,COMPLETE
6199,6199,,2021-02-09 06:51:41.921113,2021-02-09 06:51:42.676362,0 days 00:00:00.755249,0.000547131127018974,15,0,0.9443758660266046,16,0.03839538079848937,FAIL
6200,6200,0.4783410138248848,2021-02-09 06:51:42.679571,2021-02-09 06:53:09.948983,0 days 00:01:27.269412,0.0005248544083018909,15,10,0.943701109604832,16,0.0403432183756706,COMPLETE
6201,6201,0.5705069124423963,2021-02-09 06:53:09.952116,2021-02-09 06:53:26.869689,0 days 00:00:16.917573,0.0004370171880032854,13,8,0.9395644118231187,16,0.032585942699279856,COMPLETE
6202,6202,,2021-02-09 06:53:26.872817,2021-02-09 06:53:27.643180,0 days 00:00:00.770363,1.0014714572367829e-05,15,0,0.9000270125204981,20,0.024160215770954487,FAIL
6203,6203,0.41228878648233486,2021-02-09 06:53:27.647200,2021-02-09 06:53:39.148104,0 days 00:00:11.500904,1.2580572034703773e-05,15,8,0.9001313567971121,20,0.04834519490033395,COMPLETE
6204,6204,,2021-02-09 06:53:39.151260,2021-02-09 06:53:39.910403,0 days 00:00:00.759143,1.2832382911617854e-05,11,0,0.9076812656689407,18,0.04442042246392542,FAIL
6205,6205,0.39600614439324117,2021-02-09 06:53:39.912825,2021-02-09 06:53:51.864770,0 days 00:00:11.951945,0.00016156986364307096,11,8,0.9055933280627996,18,0.01836835713662257,COMPLETE
6206,6206,0.44055299539170506,2021-02-09 06:53:51.867897,2021-02-09 06:54:02.961998,0 days 00:00:11.094101,3.868074277904249e-05,15,4,0.9315741075931632,14,0.03797393644702982,COMPLETE
6207,6207,0.5834101382488479,2021-02-09 06:54:02.965133,2021-02-09 06:54:13.950803,0 days 00:00:10.985670,2.7112966194471382e-05,15,8,0.9075573906959213,18,0.02450288317552748,COMPLETE
6208,6208,,2021-02-09 06:54:13.953934,2021-02-09 06:54:14.698076,0 days 00:00:00.744142,1.7830393325948194e-05,15,0,0.9022527363607159,18,0.027208298543851386,FAIL
6209,6209,,2021-02-09 06:54:14.702003,2021-02-09 06:54:15.477203,0 days 00:00:00.775200,1.5391045700639123e-05,15,0,0.9019088575323615,18,0.02534027830435247,FAIL
6210,6210,0.5877112135176651,2021-02-09 06:54:15.481045,2021-02-09 06:54:36.525440,0 days 00:00:21.044395,1.5074625458309493e-05,15,8,0.9019621336576671,18,0.027584194654939366,COMPLETE
6211,6211,0.5016897081413211,2021-02-09 06:54:36.528567,2021-02-09 06:55:19.133206,0 days 00:00:42.604639,0.0021257162123175214,11,8,0.9365180237668931,16,0.031214765393306924,COMPLETE
6212,6212,0.5278033794162826,2021-02-09 06:55:19.136341,2021-02-09 06:55:54.783163,0 days 00:00:35.646822,0.0005467318776658316,13,4,0.9380720847156384,16,0.02921168543002854,COMPLETE
6213,6213,0.6086021505376344,2021-02-09 06:55:54.786312,2021-02-09 06:56:05.850947,0 days 00:00:11.064635,1.2058821196257359e-05,17,8,0.9168528012924508,16,0.0297078978604827,COMPLETE
6214,6214,0.5619047619047619,2021-02-09 06:56:05.854068,2021-02-09 06:56:28.142812,0 days 00:00:22.288744,1.796092107541585e-05,15,8,0.9047827509873194,20,0.026898227806884483,COMPLETE
6215,6215,0.4651305683563748,2021-02-09 06:56:28.145921,2021-02-09 06:56:39.557678,0 days 00:00:11.411757,0.0004573660552084195,11,8,0.9406172424614949,16,0.031471959958463,COMPLETE
6216,6216,,2021-02-09 06:56:39.560839,2021-02-09 06:56:40.324361,0 days 00:00:00.763522,8.81334382169715e-05,13,0,0.9015267263030764,18,0.019877376166585813,FAIL
6217,6217,,2021-02-09 06:56:40.328429,2021-02-09 06:56:41.082501,0 days 00:00:00.754072,0.00020980205036682205,13,0,0.9015000728238417,18,0.02000700472137864,FAIL
6218,6218,,2021-02-09 06:56:41.086287,2021-02-09 06:56:41.859543,0 days 00:00:00.773256,8.514791070769862e-05,13,0,0.9012212565770842,18,0.02109050074056079,FAIL
6219,6219,0.3831029185867896,2021-02-09 06:56:41.863138,2021-02-09 06:56:53.276463,0 days 00:00:11.413325,8.653595204337949e-05,13,8,0.9016803565714604,18,0.020105811630044924,COMPLETE
6220,6220,0.3935483870967742,2021-02-09 06:56:53.279639,2021-02-09 06:57:04.534863,0 days 00:00:11.255224,0.00019547292178879978,11,8,0.9000198161650614,18,0.0454694785744784,COMPLETE
6221,6221,,2021-02-09 06:57:04.537985,2021-02-09 06:57:05.281289,0 days 00:00:00.743304,1.0023763056844289e-05,15,0,0.9001272860448327,20,0.016846872247861102,FAIL
6222,6222,0.522273425499232,2021-02-09 06:57:05.283893,2021-02-09 06:57:16.488700,0 days 00:00:11.204807,1.1748369499989164e-05,5,8,0.9000545777024912,20,0.06340854881453278,COMPLETE
6223,6223,,2021-02-09 06:57:16.491870,2021-02-09 06:57:17.268205,0 days 00:00:00.776335,0.00011716074487511075,15,0,0.9331612443177729,16,0.03440779981909762,FAIL
6224,6224,0.3741935483870968,2021-02-09 06:57:17.270523,2021-02-09 06:57:33.225810,0 days 00:00:15.955287,0.0001396435165873934,15,4,0.929101730088831,16,0.03454201711394808,COMPLETE
6225,6225,,2021-02-09 06:57:33.228962,2021-02-09 06:57:33.979104,0 days 00:00:00.750142,0.0005838841012789157,13,0,0.9096205633915246,16,0.0946144211584066,FAIL
6226,6226,0.5597542242703533,2021-02-09 06:57:33.981446,2021-02-09 06:58:16.888910,0 days 00:00:42.907464,0.0005802342811386203,13,8,0.9089984239109654,16,0.03870295366625917,COMPLETE
6227,6227,0.47096774193548385,2021-02-09 06:58:16.892087,2021-02-09 06:58:28.316494,0 days 00:00:11.424407,0.00043237322644819847,15,8,0.9333829860195759,16,0.034602256760218615,COMPLETE
6228,6228,0.4786482334869432,2021-02-09 06:58:28.319644,2021-02-09 06:58:39.832628,0 days 00:00:11.512984,0.00011827132956279798,11,8,0.9440090743298245,16,0.04303548992308633,COMPLETE
6229,6229,0.5062980030721966,2021-02-09 06:58:39.835782,2021-02-09 06:58:51.212856,0 days 00:00:11.377074,1.343224440482089e-05,15,8,0.9032574367388426,18,0.023960024616654686,COMPLETE
6230,6230,0.5179723502304148,2021-02-09 06:58:51.215992,2021-02-09 06:59:02.845051,0 days 00:00:11.629059,2.312728980483908e-05,15,8,0.9046165977517399,18,0.02586991895547733,COMPLETE
6231,6231,,2021-02-09 06:59:02.848205,2021-02-09 06:59:03.604741,0 days 00:00:00.756536,0.0005813948893624646,13,0,0.9355516632650186,16,0.03259704252110043,FAIL
6232,6232,,2021-02-09 06:59:03.608860,2021-02-09 06:59:04.372823,0 days 00:00:00.763963,1.0057972183788395e-05,13,0,0.9348610936112987,16,0.02999297047462274,FAIL
6233,6233,0.41044546850998465,2021-02-09 06:59:04.376876,2021-02-09 06:59:15.779018,0 days 00:00:11.402142,0.00010248171979118406,13,8,0.9371605338601986,16,0.028724852949437822,COMPLETE
6234,6234,0.6141321044546851,2021-02-09 06:59:15.782170,2021-02-09 06:59:32.712194,0 days 00:00:16.930024,0.00022496012058382072,13,8,0.9119741542699517,16,0.03041202231866794,COMPLETE
6235,6235,,2021-02-09 06:59:32.715339,2021-02-09 06:59:33.468327,0 days 00:00:00.752988,1.1746483482207405e-05,11,0,0.9000307886066274,20,0.021431144352548073,FAIL
6236,6236,0.525652841781874,2021-02-09 06:59:33.472324,2021-02-09 06:59:45.038073,0 days 00:00:11.565749,1.0129926350192579e-05,11,8,0.9071965661001148,20,0.016890571895126247,COMPLETE
6237,6237,0.40522273425499233,2021-02-09 06:59:45.041209,2021-02-09 07:00:01.303459,0 days 00:00:16.262250,0.0005021488179058912,15,4,0.935224433544699,16,0.03354319007483783,COMPLETE
6238,6238,0.5118279569892473,2021-02-09 07:00:01.306617,2021-02-09 07:00:49.378850,0 days 00:00:48.072233,0.0005980501721862634,11,8,0.9031689212806748,18,0.02204841354190705,COMPLETE
6239,6239,0.447926267281106,2021-02-09 07:00:49.381987,2021-02-09 07:01:06.131172,0 days 00:00:16.749185,0.0003889975417071611,15,8,0.9014872686226368,18,0.01928835328000047,COMPLETE
6240,6240,,2021-02-09 07:01:06.134305,2021-02-09 07:01:07.071446,0 days 00:00:00.937141,0.00016062240277911854,15,0,0.9048660137110511,20,0.08339723218238461,FAIL
6241,6241,,2021-02-09 07:01:07.075414,2021-02-09 07:01:07.833724,0 days 00:00:00.758310,0.00016087952481722874,15,0,0.9050688009231118,20,0.021717861790051255,FAIL
6242,6242,0.3858678955453149,2021-02-09 07:01:07.837541,2021-02-09 07:01:19.105191,0 days 00:00:11.267650,1.3557816956314275e-05,17,8,0.9068978402554124,20,0.07034967656037251,COMPLETE
6243,6243,,2021-02-09 07:01:19.108340,2021-02-09 07:01:19.851894,0 days 00:00:00.743554,6.081146775161312e-05,15,0,0.9053948604561117,18,0.02159217046503132,FAIL
6244,6244,,2021-02-09 07:01:19.854391,2021-02-09 07:01:20.596039,0 days 00:00:00.741648,6.24842026618899e-05,15,0,0.9045869542362548,18,0.02182781887205258,FAIL
6245,6245,0.4823348694316436,2021-02-09 07:01:20.599854,2021-02-09 07:01:31.958664,0 days 00:00:11.358810,0.00016281652822032507,15,8,0.9000004991340699,18,0.021393540723032796,COMPLETE
6246,6246,0.42334869431643624,2021-02-09 07:01:31.961796,2021-02-09 07:01:43.830450,0 days 00:00:11.868654,1.8153392531047726e-05,15,8,0.905511965479082,18,0.02572004755151855,COMPLETE
6247,6247,0.5523809523809524,2021-02-09 07:01:43.833590,2021-02-09 07:01:55.400719,0 days 00:00:11.567129,0.00012521843492029703,13,8,0.9035162275537736,14,0.02372821749072492,COMPLETE
6248,6248,0.5606758832565284,2021-02-09 07:01:55.403839,2021-02-09 07:02:07.000261,0 days 00:00:11.596422,1.5742283959304993e-05,15,8,0.9086682870325115,20,0.027089363610717922,COMPLETE
6249,6249,0.4153609831029186,2021-02-09 07:02:07.003414,2021-02-09 07:02:23.741830,0 days 00:00:16.738416,8.212697400084312e-05,5,8,0.9386110941007028,16,0.02900163174916075,COMPLETE
6250,6250,0.5791090629800307,2021-02-09 07:02:23.744994,2021-02-09 07:02:54.846243,0 days 00:00:31.101249,0.0003249058980933823,11,4,0.9277727992550102,16,0.036519650914962926,COMPLETE
6251,6251,0.5321044546850998,2021-02-09 07:02:54.849406,2021-02-09 07:03:06.127403,0 days 00:00:11.277997,1.8523991447850076e-05,15,8,0.9016406349780952,18,0.024759544057676327,COMPLETE
6252,6252,0.41228878648233486,2021-02-09 07:03:06.130560,2021-02-09 07:03:17.341526,0 days 00:00:11.210966,1.2256281723024103e-05,11,8,0.9042695658103278,18,0.08131162118778493,COMPLETE
6253,6253,0.4804915514592934,2021-02-09 07:03:17.344685,2021-02-09 07:03:49.719670,0 days 00:00:32.374985,0.0006042251782684346,13,8,0.9015463450725713,20,0.02158586678997257,COMPLETE
6254,6254,,2021-02-09 07:03:49.722884,2021-02-09 07:03:50.502171,0 days 00:00:00.779287,1.0083145216567453e-05,13,0,0.9425200094526475,16,0.032518597396915656,FAIL
6255,6255,,2021-02-09 07:03:50.504530,2021-02-09 07:03:51.421596,0 days 00:00:00.917066,0.00046728032239011383,13,0,0.9219993956861802,16,0.03289617460111421,FAIL
6256,6256,0.5548387096774193,2021-02-09 07:03:51.423960,2021-02-09 07:04:09.069151,0 days 00:00:17.645191,0.0024380224737656155,13,10,0.9422227327507837,16,0.03250758879816685,COMPLETE
6257,6257,,2021-02-09 07:04:09.072325,2021-02-09 07:04:09.812653,0 days 00:00:00.740328,6.356087874223385e-05,15,0,0.9032977943329422,18,0.03793548315027005,FAIL
6258,6258,,2021-02-09 07:04:09.815092,2021-02-09 07:04:10.555815,0 days 00:00:00.740723,1.0181666209916972e-05,15,0,0.9001463694902904,18,0.027377358479893355,FAIL
6259,6259,,2021-02-09 07:04:10.559875,2021-02-09 07:04:11.333864,0 days 00:00:00.773989,0.00043247035342702106,15,0,0.9055705514258354,18,0.03990056372908145,FAIL
6260,6260,0.44270353302611365,2021-02-09 07:04:11.337709,2021-02-09 07:04:33.147276,0 days 00:00:21.809567,0.00010064244964009956,15,8,0.9041650314851412,18,0.023319991015813744,COMPLETE
6261,6261,0.44516129032258067,2021-02-09 07:04:33.150444,2021-02-09 07:04:44.237923,0 days 00:00:11.087479,1.4892584738748504e-05,15,4,0.9063895381523812,20,0.027407585966133005,COMPLETE
6262,6262,0.6202764976958526,2021-02-09 07:04:44.241078,2021-02-09 07:05:11.439913,0 days 00:00:27.198835,0.0004603607611562712,11,8,0.930246115526086,16,0.03137788216956072,COMPLETE
6263,6263,,2021-02-09 07:05:11.443097,2021-02-09 07:05:12.214870,0 days 00:00:00.771773,1.1307258738198776e-05,11,0,0.9212406733573965,16,0.029249162356484736,FAIL
6264,6264,0.4202764976958525,2021-02-09 07:05:12.218830,2021-02-09 07:05:23.714882,0 days 00:00:11.496052,1.0001028552292923e-05,11,8,0.9318156350729045,16,0.029868386581241656,COMPLETE
6265,6265,,2021-02-09 07:05:23.718050,2021-02-09 07:05:24.476218,0 days 00:00:00.758168,1.1643613986069882e-05,13,0,0.9395661771479871,16,0.02909603861274735,FAIL
6266,6266,0.3794162826420891,2021-02-09 07:05:24.478663,2021-02-09 07:05:36.022307,0 days 00:00:11.543644,0.00038105144326738453,13,8,0.9389954352907787,16,0.028604813951185467,COMPLETE
6267,6267,0.5723502304147465,2021-02-09 07:05:36.025481,2021-02-09 07:05:47.745544,0 days 00:00:11.720063,1.196140993497003e-05,15,8,0.9000925798689131,12,0.03876528591982091,COMPLETE
6268,6268,0.6015360983102919,2021-02-09 07:05:47.748692,2021-02-09 07:05:59.091918,0 days 00:00:11.343226,0.00014386506694814822,5,8,0.9029349046426086,18,0.04234601877424812,COMPLETE
6269,6269,,2021-02-09 07:05:59.095072,2021-02-09 07:05:59.848261,0 days 00:00:00.753189,1.0098545223221015e-05,15,0,0.9254074198900746,14,0.02014596099109303,FAIL
6270,6270,0.5198156682027649,2021-02-09 07:05:59.852303,2021-02-09 07:06:11.438412,0 days 00:00:11.586109,6.716405763421401e-05,15,8,0.9212484894352542,14,0.02030421290503864,COMPLETE
6271,6271,0.40307219662058374,2021-02-09 07:06:11.441575,2021-02-09 07:06:32.530148,0 days 00:00:21.088573,0.000499762265868368,13,4,0.9340139642114542,16,0.03171192670988733,COMPLETE
6272,6272,,2021-02-09 07:06:32.533338,2021-02-09 07:06:33.307981,0 days 00:00:00.774643,0.00021024327768361727,11,0,0.9368009247669477,16,0.030680417861213703,FAIL
6273,6273,0.5975422427035331,2021-02-09 07:06:33.312026,2021-02-09 07:06:44.565389,0 days 00:00:11.253363,1.0056861866734212e-05,11,8,0.9148756839089073,16,0.028543398419816287,COMPLETE
6274,6274,,2021-02-09 07:06:44.568563,2021-02-09 07:06:45.335210,0 days 00:00:00.766647,0.0002186294072356342,15,0,0.9352206281095067,16,0.03490062324152893,FAIL
6275,6275,0.5090629800307219,2021-02-09 07:06:45.339302,2021-02-09 07:06:56.705797,0 days 00:00:11.366495,0.00022242544117456446,15,8,0.9405687101019572,16,0.03487751834419873,COMPLETE
6276,6276,0.45314900153609833,2021-02-09 07:06:56.708954,2021-02-09 07:07:08.446997,0 days 00:00:11.738043,0.0006156082139328817,15,8,0.9253089376163801,16,0.03634335098873916,COMPLETE
6277,6277,0.5631336405529954,2021-02-09 07:07:08.450157,2021-02-09 07:07:19.230616,0 days 00:00:10.780459,0.00011935588777533007,13,4,0.9377176096776089,16,0.03953932887912231,COMPLETE
6278,6278,0.3665130568356375,2021-02-09 07:07:19.233795,2021-02-09 07:07:35.461012,0 days 00:00:16.227217,1.003353906957207e-05,11,8,0.935977395041253,16,0.03306272260806865,COMPLETE
6279,6279,0.38003072196620585,2021-02-09 07:07:35.464181,2021-02-09 07:07:46.700934,0 days 00:00:11.236753,1.951847009995834e-05,15,8,0.9027931091962607,18,0.09476137901744958,COMPLETE
6280,6280,0.5683563748079877,2021-02-09 07:07:46.704126,2021-02-09 07:07:58.119313,0 days 00:00:11.415187,0.00043398371778690574,11,8,0.9102375633453916,20,0.02511971575363526,COMPLETE
6281,6281,,2021-02-09 07:07:58.122503,2021-02-09 07:07:58.896747,0 days 00:00:00.774244,0.00017223483933566567,15,0,0.9082350327225276,18,0.018152174079440978,FAIL
6282,6282,,2021-02-09 07:07:58.900907,2021-02-09 07:07:59.670023,0 days 00:00:00.769116,0.00018573354628914371,15,0,0.9056299160837905,18,0.018764398558467014,FAIL
6283,6283,,2021-02-09 07:07:59.673701,2021-02-09 07:08:00.438894,0 days 00:00:00.765193,0.00017792218380803374,15,0,0.9014470679638764,18,0.02210818828959922,FAIL
6284,6284,,2021-02-09 07:08:00.442864,2021-02-09 07:08:01.211704,0 days 00:00:00.768840,1.0145353411365377e-05,15,0,0.9058612592294941,18,0.023063617986420256,FAIL
6285,6285,0.5533026113671276,2021-02-09 07:08:01.215542,2021-02-09 07:08:12.741543,0 days 00:00:11.526001,0.00018031502533397427,15,8,0.905316753879805,18,0.022558961328419645,COMPLETE
6286,6286,,2021-02-09 07:08:12.744730,2021-02-09 07:08:13.523805,0 days 00:00:00.779075,9.861893606363048e-05,17,0,0.9082735226094096,18,0.018624191383019916,FAIL
6287,6287,,2021-02-09 07:08:13.526177,2021-02-09 07:08:14.453460,0 days 00:00:00.927283,1.3397329285920387e-05,15,0,0.9014647057311551,18,0.01878433119753524,FAIL
6288,6288,0.4497695852534562,2021-02-09 07:08:14.457512,2021-02-09 07:08:25.990760,0 days 00:00:11.533248,1.3243134647473455e-05,15,8,0.9019182817342483,18,0.025973452845873483,COMPLETE
6289,6289,0.42273425499231954,2021-02-09 07:08:25.993937,2021-02-09 07:08:37.228592,0 days 00:00:11.234655,1.1621915737702602e-05,13,8,0.9000921214889623,20,0.018950765716224484,COMPLETE
6290,6290,,2021-02-09 07:08:37.231789,2021-02-09 07:08:37.994948,0 days 00:00:00.763159,1.5688566980797344e-05,15,0,0.9077225542067697,18,0.02369978776429727,FAIL
6291,6291,0.37327188940092165,2021-02-09 07:08:37.999001,2021-02-09 07:08:49.116831,0 days 00:00:11.117830,1.7170991640337698e-05,15,2,0.9059991310521267,18,0.027633589123645306,COMPLETE
6292,6292,,2021-02-09 07:08:49.120002,2021-02-09 07:08:50.053437,0 days 00:00:00.933435,1.4751552941854123e-05,15,0,0.9076241616672864,18,0.02431819965643922,FAIL
6293,6293,0.41689708141321047,2021-02-09 07:08:50.057434,2021-02-09 07:09:01.514182,0 days 00:00:11.456748,1.5232629492427411e-05,15,8,0.9001399563044661,18,0.025545684398611424,COMPLETE
6294,6294,0.5207373271889401,2021-02-09 07:09:01.517399,2021-02-09 07:09:12.879176,0 days 00:00:11.361777,1.0093395340847065e-05,9,8,0.9449802983140231,20,0.021700978880933367,COMPLETE
6295,6295,,2021-02-09 07:09:12.882316,2021-02-09 07:09:13.648016,0 days 00:00:00.765700,0.0007022920774604831,11,0,0.9078193260818866,18,0.02369121515119416,FAIL
6296,6296,,2021-02-09 07:09:13.650377,2021-02-09 07:09:14.424248,0 days 00:00:00.773871,9.929675772101943e-05,11,0,0.9044311784353617,18,0.02365854410129039,FAIL
6297,6297,0.5864823348694317,2021-02-09 07:09:14.428300,2021-02-09 07:09:26.061643,0 days 00:00:11.633343,9.348558476601674e-05,11,8,0.9079552873771957,18,0.0233140639757661,COMPLETE
6298,6298,0.4466973886328725,2021-02-09 07:09:26.064846,2021-02-09 07:09:37.305990,0 days 00:00:11.241144,2.2141859231606438e-05,15,2,0.9039389217432516,14,0.024164651238441765,COMPLETE
6299,6299,,2021-02-09 07:09:37.309184,2021-02-09 07:09:38.074384,0 days 00:00:00.765200,2.8346857085911838e-05,15,0,0.9026175081162359,20,0.02664445623755745,FAIL
6300,6300,,2021-02-09 07:09:38.076919,2021-02-09 07:09:38.830687,0 days 00:00:00.753768,1.470742095113535e-05,15,0,0.9047664613720585,20,0.026859339343474658,FAIL
6301,6301,,2021-02-09 07:09:38.832984,2021-02-09 07:09:39.570951,0 days 00:00:00.737967,1.6457945316938367e-05,15,0,0.904662801066796,20,0.02691874525753108,FAIL
6302,6302,,2021-02-09 07:09:39.573312,2021-02-09 07:09:40.345445,0 days 00:00:00.772133,1.504341821020381e-05,15,0,0.9029822871796592,20,0.026999109425757346,FAIL
6303,6303,0.5004608294930876,2021-02-09 07:09:40.347846,2021-02-09 07:10:00.823624,0 days 00:00:20.475778,1.5878628707894088e-05,15,2,0.9029777887762459,20,0.026871567207881576,COMPLETE
6304,6304,,2021-02-09 07:10:00.826824,2021-02-09 07:10:01.601664,0 days 00:00:00.774840,1.4432849694709726e-05,15,0,0.9052693968354822,18,0.027633971769259504,FAIL
6305,6305,0.6125960061443932,2021-02-09 07:10:01.605619,2021-02-09 07:10:17.873711,0 days 00:00:16.268092,1.4830216321516925e-05,15,4,0.9000031237274181,18,0.020531627314659462,COMPLETE
6306,6306,,2021-02-09 07:10:17.876888,2021-02-09 07:10:18.660205,0 days 00:00:00.783317,0.0006873378710117155,13,0,0.9342723622296651,16,0.035748620939806394,FAIL
6307,6307,,2021-02-09 07:10:18.664307,2021-02-09 07:10:19.452308,0 days 00:00:00.788001,0.0003259913956219983,13,0,0.9327066393095778,16,0.03378147047783829,FAIL
6308,6308,,2021-02-09 07:10:19.456414,2021-02-09 07:10:20.224471,0 days 00:00:00.768057,0.00033237082980848507,13,0,0.9326999001953968,16,0.0343329011395102,FAIL
6309,6309,0.5130568356374808,2021-02-09 07:10:20.226921,2021-02-09 07:10:36.049891,0 days 00:00:15.822970,0.0002879653905593687,13,2,0.9426846080529689,16,0.03432959311141453,COMPLETE
6310,6310,,2021-02-09 07:10:36.053089,2021-02-09 07:10:36.820668,0 days 00:00:00.767579,0.0007162288661361204,15,0,0.9046808944089851,20,0.027293651703041485,FAIL
6311,6311,0.38771121351766513,2021-02-09 07:10:36.824627,2021-02-09 07:10:53.305924,0 days 00:00:16.481297,2.9114554543534467e-05,15,8,0.9049952211774533,20,0.025948406113263826,COMPLETE
6312,6312,,2021-02-09 07:10:53.309117,2021-02-09 07:10:54.072876,0 days 00:00:00.763759,1.0009226189571905e-05,17,0,0.9331812798371686,18,0.04075612116407274,FAIL
6313,6313,0.5827956989247312,2021-02-09 07:10:54.077013,2021-02-09 07:11:05.380524,0 days 00:00:11.303511,0.0005335718263876833,11,8,0.9327517598318592,18,0.04044542030325199,COMPLETE
6314,6314,,2021-02-09 07:11:05.383754,2021-02-09 07:11:06.152316,0 days 00:00:00.768562,0.0006714473772800193,5,0,0.9350315520568155,16,0.031454836184028896,FAIL
6315,6315,,2021-02-09 07:11:06.154666,2021-02-09 07:11:06.900522,0 days 00:00:00.745856,5.9937680901801155e-05,5,0,0.9344076979167222,16,0.031063464104767957,FAIL
