,number,value,datetime_start,datetime_complete,duration,params_lr,params_scheduler_gamma,params_weight_decay,state
1641,1641,0.5708141321044546,2021-02-07 04:13:32.185819,2021-02-07 04:13:42.888273,0 days 00:00:10.702454,0.034872092477171296,0.947485492203398,0.25731350065071307,COMPLETE
1642,1642,0.5155145929339477,2021-02-07 04:13:42.889308,2021-02-07 04:13:58.504446,0 days 00:00:15.615138,0.020050472720146404,0.9440726138503089,0.010324156872251246,COMPLETE
1643,1643,0.570199692780338,2021-02-07 04:13:58.505469,2021-02-07 04:14:09.605751,0 days 00:00:11.100282,0.05460384101373221,0.9506775818172412,0.18133451398813932,COMPLETE
1644,1644,0.6236559139784946,2021-02-07 04:14:09.606794,2021-02-07 04:14:25.437918,0 days 00:00:15.831124,0.07224177064803791,0.9385718188641013,0.16150004773327986,COMPLETE
1645,1645,0.5321044546850998,2021-02-07 04:14:25.438971,2021-02-07 04:14:46.385300,0 days 00:00:20.946329,0.07005427985155484,0.9359717524054241,0.13950443695613804,COMPLETE
1646,1646,0.5766513056835637,2021-02-07 04:14:46.386341,2021-02-07 04:15:02.844325,0 days 00:00:16.457984,0.09124121972565763,0.9342175033581096,0.1456597645551939,COMPLETE
1647,1647,0.5081413210445469,2021-02-07 04:15:02.845369,2021-02-07 04:15:14.041487,0 days 00:00:11.196118,0.09960164903984187,0.936925523125026,0.15290277966837876,COMPLETE
1648,1648,0.5124423963133641,2021-02-07 04:15:14.042528,2021-02-07 04:15:24.865986,0 days 00:00:10.823458,0.08361881980118883,0.9326149260542926,0.14556318149130706,COMPLETE
1649,1649,0.5880184331797235,2021-02-07 04:15:24.867041,2021-02-07 04:15:35.827957,0 days 00:00:10.960916,0.09354757016748498,0.9341005287495874,0.13938434298547772,COMPLETE
1650,1650,0.5542242703533026,2021-02-07 04:15:35.828999,2021-02-07 04:15:47.074262,0 days 00:00:11.245263,0.0780012756599821,0.9379668098958863,0.12633484248601318,COMPLETE
1651,1651,0.5981566820276498,2021-02-07 04:15:47.075323,2021-02-07 04:16:03.064316,0 days 00:00:15.988993,0.07846113548476165,0.9358704273123069,0.1618883913944923,COMPLETE
1652,1652,0.5984639016897081,2021-02-07 04:16:03.065359,2021-02-07 04:16:13.937340,0 days 00:00:10.871981,0.0660373904675891,0.9540950609796002,0.13585030992373376,COMPLETE
1653,1653,0.5705069124423963,2021-02-07 04:16:13.938383,2021-02-07 04:16:30.089505,0 days 00:00:16.151122,0.09403344123086721,0.9647331191728038,0.1648055637045565,COMPLETE
1654,1654,0.5554531490015361,2021-02-07 04:16:30.090549,2021-02-07 04:16:41.048629,0 days 00:00:10.958080,0.09959587807587468,0.9393982665824769,0.1574918910543958,COMPLETE
1655,1655,0.5136712749615976,2021-02-07 04:16:41.049670,2021-02-07 04:17:06.955103,0 days 00:00:25.905433,0.07355202554513951,0.9374937228177498,0.1512062610734157,COMPLETE
1656,1656,0.5121351766513057,2021-02-07 04:17:06.956140,2021-02-07 04:17:17.843573,0 days 00:00:10.887433,0.08710060505577223,0.9740259648682352,0.1290210703936121,COMPLETE
1657,1657,0.5858678955453149,2021-02-07 04:17:17.844609,2021-02-07 04:17:28.704352,0 days 00:00:10.859743,0.07430350827529231,0.9712328005016411,0.1612135549505314,COMPLETE
1658,1658,0.4817204301075269,2021-02-07 04:17:28.705403,2021-02-07 04:17:39.579709,0 days 00:00:10.874306,0.07041492317245515,0.9492057960034479,0.14270118358012313,COMPLETE
1659,1659,0.5308755760368664,2021-02-07 04:17:39.580757,2021-02-07 04:17:50.642924,0 days 00:00:11.062167,0.06100100016493605,0.9363454563429682,0.159409807833479,COMPLETE
1660,1660,0.45806451612903226,2021-02-07 04:17:50.643965,2021-02-07 04:18:01.808867,0 days 00:00:11.164902,0.016856432024324384,0.9513162726350781,0.32952786116746446,COMPLETE
1661,1661,0.5155145929339477,2021-02-07 04:18:01.809911,2021-02-07 04:18:12.564269,0 days 00:00:10.754358,0.06646875930944246,0.9388049167699082,0.0364297699421875,COMPLETE
1662,1662,0.5333333333333333,2021-02-07 04:18:12.565313,2021-02-07 04:18:23.391449,0 days 00:00:10.826136,0.09916367407456773,0.9484042362291933,0.2915237030145769,COMPLETE
1663,1663,0.5241167434715822,2021-02-07 04:18:23.392491,2021-02-07 04:18:39.559047,0 days 00:00:16.166556,0.01995079414021687,0.9524759535307084,0.16920641904921543,COMPLETE
1664,1664,0.5078341013824885,2021-02-07 04:18:39.560103,2021-02-07 04:19:00.569340,0 days 00:00:21.009237,0.05965783788039817,0.9387882502380924,0.1548516571825069,COMPLETE
1665,1665,0.5588325652841782,2021-02-07 04:19:00.570398,2021-02-07 04:19:16.478392,0 days 00:00:15.907994,0.024167951652783317,0.9337293914429411,0.313139909994264,COMPLETE
1666,1666,0.6129032258064516,2021-02-07 04:19:16.479459,2021-02-07 04:19:27.088300,0 days 00:00:10.608841,0.08645872251681122,0.9466767465609712,0.28732503987275343,COMPLETE
1667,1667,0.5105990783410138,2021-02-07 04:19:27.089355,2021-02-07 04:19:42.896819,0 days 00:00:15.807464,0.05365823411802499,0.9499400794965817,0.14328692402586404,COMPLETE
1668,1668,0.565284178187404,2021-02-07 04:19:42.897876,2021-02-07 04:19:58.815615,0 days 00:00:15.917739,0.017634109156463226,0.9667545093358834,0.1692294401680753,COMPLETE
1669,1669,0.4890937019969278,2021-02-07 04:19:58.816674,2021-02-07 04:20:09.672484,0 days 00:00:10.855810,0.02860159021955794,0.9374864083830289,0.2678956032360746,COMPLETE
1670,1670,0.5410138248847927,2021-02-07 04:20:09.673535,2021-02-07 04:20:20.362826,0 days 00:00:10.689291,0.036912645434062516,0.9686704882132596,0.05654296005238222,COMPLETE
1671,1671,0.5886328725038402,2021-02-07 04:20:20.363877,2021-02-07 04:20:41.177755,0 days 00:00:20.813878,0.023421753824271887,0.9398309224430661,0.011351917542613011,COMPLETE
1672,1672,0.5877112135176651,2021-02-07 04:20:41.178818,2021-02-07 04:20:52.121202,0 days 00:00:10.942384,0.07880884553895079,0.9546594839351845,0.2989185723117012,COMPLETE
1673,1673,0.567741935483871,2021-02-07 04:20:52.122262,2021-02-07 04:21:08.396287,0 days 00:00:16.274025,0.04941631806305435,0.9630456106435454,0.13757696315940957,COMPLETE
1674,1674,0.5941628264208909,2021-02-07 04:21:08.397327,2021-02-07 04:21:24.234193,0 days 00:00:15.836866,0.06295673835988125,0.9348894561340636,0.026578377282000343,COMPLETE
1675,1675,0.5557603686635945,2021-02-07 04:21:24.235252,2021-02-07 04:21:40.101775,0 days 00:00:15.866523,0.039874874946932815,0.9461350047973306,0.16118808377151225,COMPLETE
1676,1676,0.5090629800307219,2021-02-07 04:21:40.102847,2021-02-07 04:21:50.872112,0 days 00:00:10.769265,0.028523443553400942,0.9487391805887965,0.06338740414630042,COMPLETE
1677,1677,0.517357910906298,2021-02-07 04:21:50.873158,2021-02-07 04:22:02.176045,0 days 00:00:11.302887,0.013904648430691198,0.9363986326415307,0.3527280576535954,COMPLETE
1678,1678,0.5609831029185868,2021-02-07 04:22:02.177099,2021-02-07 04:22:18.513768,0 days 00:00:16.336669,0.02012157719058851,0.9384464876174479,0.26875515607414696,COMPLETE
1679,1679,0.5164362519201229,2021-02-07 04:22:18.514835,2021-02-07 04:22:29.528465,0 days 00:00:11.013630,0.04889293102454941,0.9788813735976625,0.17856107483593672,COMPLETE
1680,1680,0.5053763440860215,2021-02-07 04:22:29.529527,2021-02-07 04:22:45.357360,0 days 00:00:15.827833,1.0125505140149098e-05,0.9450722836868078,0.2559295714311268,COMPLETE
1681,1681,0.5938556067588325,2021-02-07 04:22:45.358419,2021-02-07 04:23:01.589098,0 days 00:00:16.230679,0.034883894434789835,0.9518127821817965,0.30923208036096633,COMPLETE
1682,1682,0.591705069124424,2021-02-07 04:23:01.590151,2021-02-07 04:23:12.559275,0 days 00:00:10.969124,0.059895832867572406,0.9478549226172092,0.07518786252445374,COMPLETE
1683,1683,0.5293394777265745,2021-02-07 04:23:12.560326,2021-02-07 04:23:23.689573,0 days 00:00:11.129247,0.025856701178199697,0.9421996999346153,0.015507912454257866,COMPLETE
1684,1684,0.5615975422427035,2021-02-07 04:23:23.690644,2021-02-07 04:23:34.718319,0 days 00:00:11.027675,0.0403458240254689,0.9406495951991621,0.15057752052599818,COMPLETE
1685,1685,0.5920122887864824,2021-02-07 04:23:34.719386,2021-02-07 04:23:45.722117,0 days 00:00:11.002731,0.030816703864365046,0.9500527884144998,0.17046444042438963,COMPLETE
1686,1686,0.4466973886328725,2021-02-07 04:23:45.723200,2021-02-07 04:24:02.071640,0 days 00:00:16.348440,0.007244604029017247,0.9646399576003,0.019626677245160217,COMPLETE
1687,1687,0.5837173579109063,2021-02-07 04:24:02.072693,2021-02-07 04:24:18.015608,0 days 00:00:15.942915,0.07551632114416651,0.9320403141225252,0.27958757620060587,COMPLETE
1688,1688,0.5726574500768049,2021-02-07 04:24:18.016673,2021-02-07 04:24:33.724641,0 days 00:00:15.707968,0.04628003978092487,0.9364036122362368,0.1263206619170454,COMPLETE
1689,1689,0.5929339477726574,2021-02-07 04:24:33.725694,2021-02-07 04:24:44.713541,0 days 00:00:10.987847,0.025764532616292496,0.9450788176588046,0.2536449456853815,COMPLETE
1690,1690,0.6153609831029185,2021-02-07 04:24:44.714600,2021-02-07 04:24:55.669101,0 days 00:00:10.954501,0.05657348568777549,0.9391384253043186,0.08638124516386292,COMPLETE
1691,1691,0.4534562211981567,2021-02-07 04:24:55.670157,2021-02-07 04:25:16.884486,0 days 00:00:21.214329,0.004184100763519435,0.9530581003786697,0.1869507366320046,COMPLETE
1692,1692,0.5858678955453149,2021-02-07 04:25:16.885549,2021-02-07 04:25:27.942748,0 days 00:00:11.057199,0.035425582461123935,0.9428954624549366,0.32390612341564023,COMPLETE
1693,1693,0.5726574500768049,2021-02-07 04:25:27.943811,2021-02-07 04:25:38.823110,0 days 00:00:10.879299,0.017013201788244878,0.9464959454348763,0.28475582409642225,COMPLETE
1694,1694,0.5766513056835637,2021-02-07 04:25:38.824174,2021-02-07 04:25:55.122359,0 days 00:00:16.298185,0.04475301312499449,0.9404169551899141,0.1505467630184122,COMPLETE
1695,1695,0.4875576036866359,2021-02-07 04:25:55.123430,2021-02-07 04:26:11.296833,0 days 00:00:16.173403,0.02195581899161574,0.9347519794395036,0.16165463357400225,COMPLETE
1696,1696,0.5130568356374808,2021-02-07 04:26:11.297899,2021-02-07 04:26:22.504623,0 days 00:00:11.206724,0.029961342249597425,0.9480489296057597,0.09970324140989685,COMPLETE
1697,1697,0.6039938556067588,2021-02-07 04:26:22.505682,2021-02-07 04:26:43.568276,0 days 00:00:21.062594,0.06815095810308676,0.9435695163269834,0.24364233080113928,COMPLETE
1698,1698,0.5953917050691244,2021-02-07 04:26:43.569336,2021-02-07 04:27:04.413941,0 days 00:00:20.844605,0.03749650114255132,0.9376918930895699,0.17545150671692805,COMPLETE
1699,1699,0.6043010752688172,2021-02-07 04:27:04.415005,2021-02-07 04:27:20.415949,0 days 00:00:16.000944,0.05142219588086936,0.9504839765718401,0.27244301762467593,COMPLETE
1700,1700,0.5956989247311828,2021-02-07 04:27:20.417017,2021-02-07 04:27:31.487296,0 days 00:00:11.070279,0.02501310375778434,0.9417855297336021,0.021429681203673445,COMPLETE
1701,1701,0.480184331797235,2021-02-07 04:27:31.488357,2021-02-07 04:27:42.201785,0 days 00:00:10.713428,0.08336341015882286,0.9673619921328556,0.3028788569552294,COMPLETE
1702,1702,0.5720430107526882,2021-02-07 04:27:42.202867,2021-02-07 04:27:53.206163,0 days 00:00:11.003296,0.04112313055249872,0.9389211832377643,0.13845853941500402,COMPLETE
1703,1703,0.5259600614439324,2021-02-07 04:27:53.207228,2021-02-07 04:28:14.098041,0 days 00:00:20.890813,0.05897598884492887,0.9548057649609031,0.03877847913361917,COMPLETE
1704,1704,0.6055299539170507,2021-02-07 04:28:14.099119,2021-02-07 04:28:24.940626,0 days 00:00:10.841507,0.033065665548079215,0.9457425519699783,0.18588055886711868,COMPLETE
1705,1705,0.5741935483870968,2021-02-07 04:28:24.941685,2021-02-07 04:28:41.060056,0 days 00:00:16.118371,0.02225201960378069,0.9364645297330716,0.3979277709160331,COMPLETE
1706,1706,0.5576036866359447,2021-02-07 04:28:41.061115,2021-02-07 04:28:56.989764,0 days 00:00:15.928649,0.031204684628909324,0.947463127106904,0.2564188906576976,COMPLETE
1707,1707,0.5824884792626728,2021-02-07 04:28:56.990831,2021-02-07 04:29:07.936345,0 days 00:00:10.945514,0.0014452612737566918,0.9494518540796214,0.01716648548546304,COMPLETE
1708,1708,0.5348694316436252,2021-02-07 04:29:07.937409,2021-02-07 04:29:23.901419,0 days 00:00:15.964010,0.0700939465843101,0.9524363968248561,0.16591617733561043,COMPLETE
1709,1709,0.5996927803379416,2021-02-07 04:29:23.902487,2021-02-07 04:29:34.653480,0 days 00:00:10.750993,0.01932734804022804,0.9700454054358055,0.23644063590710557,COMPLETE
1710,1710,0.5705069124423963,2021-02-07 04:29:34.654549,2021-02-07 04:29:50.726820,0 days 00:00:16.072271,0.04919369133087224,0.9441368291194312,0.28661821227235224,COMPLETE
1711,1711,0.5778801843317972,2021-02-07 04:29:50.727897,2021-02-07 04:30:01.710310,0 days 00:00:10.982413,0.04251839694833959,0.9403390883392791,0.1122079690366867,COMPLETE
1712,1712,0.5993855606758832,2021-02-07 04:30:01.711539,2021-02-07 04:30:17.860506,0 days 00:00:16.148967,0.02685038519515259,0.9627764955822115,0.25733270586882334,COMPLETE
1713,1713,0.5880184331797235,2021-02-07 04:30:17.861571,2021-02-07 04:30:28.698206,0 days 00:00:10.836635,0.09923523008923632,0.9349756770150015,0.13283457615605163,COMPLETE
1714,1714,0.6089093701996928,2021-02-07 04:30:28.699286,2021-02-07 04:30:39.492873,0 days 00:00:10.793587,0.06191796871960472,0.9424138064304324,0.14813265888452218,COMPLETE
1715,1715,0.6098310291858678,2021-02-07 04:30:39.493945,2021-02-07 04:30:55.282554,0 days 00:00:15.788609,0.0401548043501373,0.9382038218698603,0.3307331475376489,COMPLETE
1716,1716,0.5824884792626728,2021-02-07 04:30:55.283637,2021-02-07 04:31:16.027626,0 days 00:00:20.743989,0.09852083724841706,0.9455587022546084,0.18701379459261833,COMPLETE
1717,1717,0.5772657450076805,2021-02-07 04:31:16.028703,2021-02-07 04:31:26.989928,0 days 00:00:10.961225,0.051894546709121414,0.9397408237119939,0.23363175167255232,COMPLETE
1718,1718,0.4789554531490015,2021-02-07 04:31:26.991014,2021-02-07 04:31:38.084832,0 days 00:00:11.093818,0.01531337185307969,0.9472738039376468,0.16281154438981826,COMPLETE
1719,1719,0.5403993855606759,2021-02-07 04:31:38.085907,2021-02-07 04:31:49.191519,0 days 00:00:11.105612,0.034252512798332635,0.9505816289101859,0.28081001176522574,COMPLETE
1720,1720,0.5904761904761905,2021-02-07 04:31:49.192592,2021-02-07 04:32:04.852439,0 days 00:00:15.659847,0.02885484784723309,0.9437339096684655,0.15470615465856397,COMPLETE
1721,1721,0.5923195084485408,2021-02-07 04:32:04.853499,2021-02-07 04:32:20.940068,0 days 00:00:16.086569,0.022224046564198657,0.9374272298453704,0.17467173498118024,COMPLETE
1722,1722,0.5956989247311828,2021-02-07 04:32:20.941160,2021-02-07 04:32:31.658977,0 days 00:00:10.717817,0.0713694223240807,0.9417102841006059,0.2191858453892715,COMPLETE
1723,1723,0.5360983102918587,2021-02-07 04:32:31.660053,2021-02-07 04:32:47.489259,0 days 00:00:15.829206,0.05658658236165878,0.9661887624703949,0.30876065234425126,COMPLETE
1724,1724,0.5920122887864824,2021-02-07 04:32:47.490331,2021-02-07 04:33:03.515002,0 days 00:00:16.024671,0.036653382823592456,0.947964395921997,0.2609300536100271,COMPLETE
1725,1725,0.6079877112135177,2021-02-07 04:33:03.516072,2021-02-07 04:33:14.532223,0 days 00:00:11.016151,0.04547029090407453,0.9516123777208484,0.24412331545121196,COMPLETE
1726,1726,0.522273425499232,2021-02-07 04:33:14.533291,2021-02-07 04:33:25.434588,0 days 00:00:10.901297,0.025379395531502577,0.9543103080676898,0.01835678660442851,COMPLETE
1727,1727,0.5207373271889401,2021-02-07 04:33:25.435678,2021-02-07 04:33:36.281400,0 days 00:00:10.845722,0.018262817407218742,0.9343878710814192,0.185267659534672,COMPLETE
1728,1728,0.5634408602150538,2021-02-07 04:33:36.282467,2021-02-07 04:33:52.193421,0 days 00:00:15.910954,0.030717280418487234,0.9450102409539407,0.28624370515206443,COMPLETE
1729,1729,0.5643625192012289,2021-02-07 04:33:52.194501,2021-02-07 04:34:02.727311,0 days 00:00:10.532810,0.050946159076283346,0.9397872585060275,0.35345934279876795,COMPLETE
1730,1730,0.5680491551459294,2021-02-07 04:34:02.728391,2021-02-07 04:34:23.880886,0 days 00:00:21.152495,0.07621468012557446,0.9492814588760204,0.17521140231643648,COMPLETE
1731,1731,0.5105990783410138,2021-02-07 04:34:23.881982,2021-02-07 04:34:44.597032,0 days 00:00:20.715050,0.038334139713298625,0.9370213222717804,0.022888599742026876,COMPLETE
1732,1732,0.5800307219662059,2021-02-07 04:34:44.598107,2021-02-07 04:35:00.855143,0 days 00:00:16.257036,0.011857464376695942,0.9416034127819156,0.20019409903460755,COMPLETE
1733,1733,0.5511520737327189,2021-02-07 04:35:00.856223,2021-02-07 04:35:11.827373,0 days 00:00:10.971150,0.05957078514116335,0.9433308305638132,0.22408332920269705,COMPLETE
1734,1734,0.5840245775729647,2021-02-07 04:35:11.828457,2021-02-07 04:35:27.649717,0 days 00:00:15.821260,0.029525096513568314,0.9470650032826516,0.14537728277432715,COMPLETE
1735,1735,0.49554531490015363,2021-02-07 04:35:27.650803,2021-02-07 04:35:38.755506,0 days 00:00:11.104703,0.044350020493398666,0.9387079074000094,0.26949080252927277,COMPLETE
1736,1736,0.5803379416282642,2021-02-07 04:35:38.756592,2021-02-07 04:35:54.498960,0 days 00:00:15.742368,0.022887837472452977,0.9409770040967254,0.31222323227592724,COMPLETE
1737,1737,0.4857142857142857,2021-02-07 04:35:54.500044,2021-02-07 04:36:15.676049,0 days 00:00:21.176005,0.03598352399347213,0.9358609235135297,0.1632915709544856,COMPLETE
1738,1738,0.5886328725038402,2021-02-07 04:36:15.677122,2021-02-07 04:36:26.662159,0 days 00:00:10.985037,0.06387801913201689,0.9450621813853441,0.24167104617856908,COMPLETE
1739,1739,0.5646697388632872,2021-02-07 04:36:26.663255,2021-02-07 04:36:42.586165,0 days 00:00:15.922910,0.026575888157874854,0.9328975768891998,0.2585785547255447,COMPLETE
1740,1740,0.5861751152073733,2021-02-07 04:36:42.587255,2021-02-07 04:36:53.771150,0 days 00:00:11.183895,0.019939375583111447,0.9647072275228064,0.19564940787492024,COMPLETE
1741,1741,0.5216589861751152,2021-02-07 04:36:53.772216,2021-02-07 04:37:04.697503,0 days 00:00:10.925287,0.04822755701312487,0.9509180429341821,0.2955261709127534,COMPLETE
1742,1742,0.5649769585253456,2021-02-07 04:37:04.698579,2021-02-07 04:37:16.139286,0 days 00:00:11.440707,0.03474818886541146,0.9494313926770287,0.15371922029866206,COMPLETE
1743,1743,0.6015360983102919,2021-02-07 04:37:16.140361,2021-02-07 04:37:31.825811,0 days 00:00:15.685450,0.08550458920735149,0.9718249768199241,0.1336384553671616,COMPLETE
1744,1744,0.4949308755760369,2021-02-07 04:37:31.826901,2021-02-07 04:37:48.141165,0 days 00:00:16.314264,0.04156530209042874,0.9395752819904238,0.21461079193356666,COMPLETE
1745,1745,0.6061443932411674,2021-02-07 04:37:48.142263,2021-02-07 04:38:03.556766,0 days 00:00:15.414503,0.03037880533462925,0.9436230483707223,0.1725639885147001,COMPLETE
1746,1746,0.5972350230414747,2021-02-07 04:38:03.557842,2021-02-07 04:38:14.831798,0 days 00:00:11.273956,0.05495267991584219,0.9623729306029691,0.27783935719664743,COMPLETE
1747,1747,0.525652841781874,2021-02-07 04:38:14.832885,2021-02-07 04:38:25.802379,0 days 00:00:10.969494,0.0735185243396966,0.9462718142507894,0.05273703870201105,COMPLETE
1748,1748,0.565284178187404,2021-02-07 04:38:25.803470,2021-02-07 04:38:41.992689,0 days 00:00:16.189219,0.024203961222095356,0.955745994326342,0.23598147634977648,COMPLETE
1749,1749,0.6061443932411674,2021-02-07 04:38:41.993778,2021-02-07 04:38:52.791556,0 days 00:00:10.797778,0.039718759216802464,0.9522821983692525,0.11988461300428918,COMPLETE
1750,1750,0.5831029185867895,2021-02-07 04:38:52.792631,2021-02-07 04:39:08.535133,0 days 00:00:15.742502,0.015328517115948863,0.9415284607949889,0.19205667468908905,COMPLETE
1751,1751,0.6021505376344086,2021-02-07 04:39:08.536219,2021-02-07 04:39:19.181096,0 days 00:00:10.644877,0.04907772130303871,0.9371424421309803,0.26726560072897754,COMPLETE
1752,1752,0.5634408602150538,2021-02-07 04:39:19.182183,2021-02-07 04:39:30.130053,0 days 00:00:10.947870,0.06396995767657195,0.9686174290664525,0.028973966173871775,COMPLETE
1753,1753,0.5093701996927803,2021-02-07 04:39:30.131163,2021-02-07 04:39:40.848324,0 days 00:00:10.717161,0.00902168918447564,0.9485513326996164,0.03394559596933731,COMPLETE
1754,1754,0.6067588325652842,2021-02-07 04:39:40.849409,2021-02-07 04:39:56.997941,0 days 00:00:16.148532,0.03107649668832334,0.9389495966005021,0.02034784607145961,COMPLETE
1755,1755,0.5791090629800307,2021-02-07 04:39:56.999031,2021-02-07 04:40:13.141392,0 days 00:00:16.142361,0.019540419052382508,0.9426514273474986,0.16474379475055434,COMPLETE
1756,1756,0.591705069124424,2021-02-07 04:40:13.142491,2021-02-07 04:40:29.153178,0 days 00:00:16.010687,0.02560072760159721,0.9456399031801018,0.32288730210040867,COMPLETE
1757,1757,0.4841781874039939,2021-02-07 04:40:29.154258,2021-02-07 04:40:40.111606,0 days 00:00:10.957348,0.04312841133945128,0.9347888052593151,0.24623136027941292,COMPLETE
1758,1758,0.5514592933947773,2021-02-07 04:40:40.112705,2021-02-07 04:40:51.468947,0 days 00:00:11.356242,0.035813467453238976,0.9534497985149797,0.06035607563690008,COMPLETE
1759,1759,0.5852534562211982,2021-02-07 04:40:51.470039,2021-02-07 04:41:02.351492,0 days 00:00:10.881453,0.05476178247170408,0.940520380092832,0.21937486283337782,COMPLETE
1760,1760,0.5963133640552996,2021-02-07 04:41:02.352583,2021-02-07 04:41:18.325276,0 days 00:00:15.972693,0.029906543682327986,0.9474422775511511,0.29369184243973434,COMPLETE
1761,1761,0.5407066052227343,2021-02-07 04:41:18.326367,2021-02-07 04:41:34.599694,0 days 00:00:16.273327,0.0832353456701075,0.9379627060805101,0.14717566320315614,COMPLETE
1762,1762,0.5935483870967742,2021-02-07 04:41:34.600784,2021-02-07 04:41:45.465054,0 days 00:00:10.864270,0.099954978649767,0.9441372919174774,0.17821283497216528,COMPLETE
1763,1763,0.47219662058371736,2021-02-07 04:41:45.466142,2021-02-07 04:41:56.218653,0 days 00:00:10.752511,0.022743897882851964,0.9493048995099324,0.2551491287128108,COMPLETE
1764,1764,0.46543778801843316,2021-02-07 04:41:56.219751,2021-02-07 04:42:07.251505,0 days 00:00:11.031754,0.06372615894395779,0.9361899478611383,0.19881902711706334,COMPLETE
1765,1765,0.6092165898617512,2021-02-07 04:42:07.252604,2021-02-07 04:42:23.140035,0 days 00:00:15.887431,0.04537899201289392,0.9423200882661479,0.02508013209738903,COMPLETE
