,number,value,datetime_start,datetime_complete,duration,params_lr,params_nl2,params_num_ct,params_scheduler_gamma,params_sigma2,params_weight_decay,state
4201,4201,0.5431643625192012,2021-02-09 01:32:55.426697,2021-02-09 01:33:06.280801,0 days 00:00:10.854104,0.00017470475586674444,11,2,0.9408092843486581,16,0.05842428417252314,COMPLETE
4202,4202,,2021-02-09 01:33:06.283053,2021-02-09 01:33:06.977449,0 days 00:00:00.694396,0.00011714872065173623,11,0,0.9863892365607166,16,0.03339947717160287,FAIL
4203,4203,0.5213517665130568,2021-02-09 01:33:06.980141,2021-02-09 01:33:47.990569,0 days 00:00:41.010428,0.00010795551030110693,11,2,0.904479619753586,16,0.03338983253765292,COMPLETE
4204,4204,,2021-02-09 01:33:47.992815,2021-02-09 01:33:48.702884,0 days 00:00:00.710069,7.255957978909161e-05,15,0,0.9861593129986228,16,0.042876057883733644,FAIL
4205,4205,,2021-02-09 01:33:48.705602,2021-02-09 01:33:49.422338,0 days 00:00:00.716736,8.525196920401246e-05,15,0,0.9358035573198393,16,0.36583622198271604,FAIL
4206,4206,,2021-02-09 01:33:49.425092,2021-02-09 01:33:50.134748,0 days 00:00:00.709656,0.00014891851016065455,15,0,0.9614110324267242,16,0.04345451142770014,FAIL
4207,4207,,2021-02-09 01:33:50.137457,2021-02-09 01:33:50.844566,0 days 00:00:00.707109,6.63093297421314e-05,15,0,0.989920951617204,16,0.04708005052962033,FAIL
4208,4208,0.4043010752688172,2021-02-09 01:33:50.847317,2021-02-09 01:34:01.369350,0 days 00:00:10.522033,6.54113273157663e-05,15,2,0.9862112593369613,16,0.17708887764353562,COMPLETE
4209,4209,,2021-02-09 01:34:01.371646,2021-02-09 01:34:02.078532,0 days 00:00:00.706886,0.00014963936839925242,11,0,0.9356032866746813,16,0.04408747622165282,FAIL
4210,4210,0.5889400921658986,2021-02-09 01:34:02.080112,2021-02-09 01:34:12.850935,0 days 00:00:10.770823,0.0001490713416003471,11,2,0.9357377613971299,16,0.0417666468113409,COMPLETE
4211,4211,0.6135176651305684,2021-02-09 01:34:12.853193,2021-02-09 01:34:28.554100,0 days 00:00:15.700907,7.63176271235142e-05,9,2,0.9429131650280148,16,0.04643355957052506,COMPLETE
4212,4212,,2021-02-09 01:34:28.556344,2021-02-09 01:34:29.273347,0 days 00:00:00.717003,0.00020784266248050377,11,0,0.9020387025865836,16,0.07695738840518933,FAIL
4213,4213,,2021-02-09 01:34:29.276058,2021-02-09 01:34:29.985991,0 days 00:00:00.709933,0.0001926355908974726,11,0,0.9336137913020717,16,0.03436761107872639,FAIL
4214,4214,0.5932411674347158,2021-02-09 01:34:29.988695,2021-02-09 01:34:41.128396,0 days 00:00:11.139701,0.00019467294685696662,11,2,0.9616551560748897,16,0.03431540955542026,COMPLETE
4215,4215,0.42089093701996927,2021-02-09 01:34:41.130663,2021-02-09 01:34:56.734945,0 days 00:00:15.604282,0.00022671248843978158,15,2,0.9334313128140656,16,0.05196050848512274,COMPLETE
4216,4216,0.5834101382488479,2021-02-09 01:34:56.737195,2021-02-09 01:35:57.326317,0 days 00:01:00.589122,0.00012673328263243015,11,2,0.9015625695214903,16,0.036622444596963205,COMPLETE
4217,4217,,2021-02-09 01:35:57.328574,2021-02-09 01:35:58.040349,0 days 00:00:00.711775,0.00015383984825249788,15,0,0.9307530005337518,16,0.03256710165327022,FAIL
4218,4218,0.5852534562211982,2021-02-09 01:35:58.043060,2021-02-09 01:36:13.999275,0 days 00:00:15.956215,9.147291094351299e-05,15,2,0.9311151810740378,16,0.076656843440649,COMPLETE
4219,4219,0.5827956989247312,2021-02-09 01:36:14.001513,2021-02-09 01:36:39.148450,0 days 00:00:25.146937,0.00015578605788081423,11,2,0.9075785144470663,14,0.0319455431548917,COMPLETE
4220,4220,0.6030721966205838,2021-02-09 01:36:39.150712,2021-02-09 01:37:09.737011,0 days 00:00:30.586299,0.00012329684634525688,11,2,0.9832493572291813,16,0.021513996138506974,COMPLETE
4221,4221,0.4073732718894009,2021-02-09 01:37:09.739285,2021-02-09 01:37:20.657932,0 days 00:00:10.918647,3.96962223992918e-05,9,4,0.9380321785443336,16,0.03758519379448612,COMPLETE
4222,4222,,2021-02-09 01:37:20.660211,2021-02-09 01:37:21.532577,0 days 00:00:00.872366,0.00015066986601168682,5,0,0.9039209404760509,20,0.04479126272338831,FAIL
4223,4223,0.4064516129032258,2021-02-09 01:37:21.535239,2021-02-09 01:37:32.539586,0 days 00:00:11.004347,0.00017510400228958978,5,2,0.9809689114785055,20,0.06848839780831265,COMPLETE
4224,4224,,2021-02-09 01:37:32.541848,2021-02-09 01:37:33.259397,0 days 00:00:00.717549,1.5038783272591597e-05,11,0,0.9191689913593296,16,0.04245149088497193,FAIL
4225,4225,,2021-02-09 01:37:33.261015,2021-02-09 01:37:33.942922,0 days 00:00:00.681907,1.538130767860357e-05,11,0,0.9033067742987372,16,0.01932982260321405,FAIL
4226,4226,0.3791090629800307,2021-02-09 01:37:33.944458,2021-02-09 01:37:44.807509,0 days 00:00:10.863051,1.5461755438592185e-05,11,2,0.9595104155554443,16,0.043372285863250704,COMPLETE
4227,4227,0.376036866359447,2021-02-09 01:37:44.809766,2021-02-09 01:37:55.551232,0 days 00:00:10.741466,0.00011108604195184014,15,4,0.9033708199749826,20,0.03372275829818226,COMPLETE
4228,4228,0.6288786482334869,2021-02-09 01:37:55.553498,2021-02-09 01:38:06.981175,0 days 00:00:11.427677,1.2177701037190038e-05,15,8,0.9059823663709438,16,0.03962637984788479,COMPLETE
4229,4229,,2021-02-09 01:38:06.983431,2021-02-09 01:38:07.692495,0 days 00:00:00.709064,1.2226540601097219e-05,15,0,0.9066331973389656,16,0.04039339844445283,FAIL
4230,4230,,2021-02-09 01:38:07.694191,2021-02-09 01:38:08.418890,0 days 00:00:00.724699,1.202944170406144e-05,15,0,0.9048357544881346,16,0.0398559635082473,FAIL
4231,4231,0.5505376344086022,2021-02-09 01:38:08.421616,2021-02-09 01:38:19.607405,0 days 00:00:11.185789,1.0147460898693674e-05,15,8,0.905086454106604,16,0.04122616529909997,COMPLETE
4232,4232,0.5606758832565284,2021-02-09 01:38:19.609649,2021-02-09 01:38:30.635912,0 days 00:00:11.026263,1.4554846551317334e-05,15,2,0.9065962040934358,16,0.03954399734748536,COMPLETE
4233,4233,,2021-02-09 01:38:30.638196,2021-02-09 01:38:31.347169,0 days 00:00:00.708973,1.3440788026199726e-05,15,0,0.9088580879122822,16,0.044352058025148876,FAIL
4234,4234,0.6116743471582181,2021-02-09 01:38:31.348695,2021-02-09 01:38:42.462474,0 days 00:00:11.113779,1.1376776551017426e-05,15,4,0.9052294423658773,16,0.04397158388659535,COMPLETE
4235,4235,,2021-02-09 01:38:42.464718,2021-02-09 01:38:43.167993,0 days 00:00:00.703275,1.2715300395095686e-05,15,0,0.9033362612053654,16,0.04897526961900939,FAIL
4236,4236,,2021-02-09 01:38:43.170691,2021-02-09 01:38:43.896394,0 days 00:00:00.725703,1.2490787225850065e-05,15,0,0.9089121633144212,16,0.0483835575157548,FAIL
4237,4237,,2021-02-09 01:38:43.898025,2021-02-09 01:38:44.604953,0 days 00:00:00.706928,1.3180898741093914e-05,15,0,0.9098965492079049,16,0.039137275439684684,FAIL
4238,4238,,2021-02-09 01:38:44.606522,2021-02-09 01:38:45.298691,0 days 00:00:00.692169,1.2269319705038253e-05,15,0,0.9084705333584229,16,0.039626327107347654,FAIL
4239,4239,0.6233486943164362,2021-02-09 01:38:45.300187,2021-02-09 01:38:56.429361,0 days 00:00:11.129174,1.1632831850951237e-05,15,2,0.9073936839213166,16,0.04655729079737614,COMPLETE
4240,4240,,2021-02-09 01:38:56.431649,2021-02-09 01:38:57.144807,0 days 00:00:00.713158,1.2642371852670973e-05,15,0,0.9096950572934372,16,0.04754533506238261,FAIL
4241,4241,0.39078341013824885,2021-02-09 01:38:57.147525,2021-02-09 01:39:08.041765,0 days 00:00:10.894240,1.171106685606895e-05,15,2,0.9125002957682751,16,0.048169918104218175,COMPLETE
4242,4242,0.3966205837173579,2021-02-09 01:39:08.044067,2021-02-09 01:39:19.003410,0 days 00:00:10.959343,1.3943040079572001e-05,15,2,0.9096618334029107,16,0.04478944914860693,COMPLETE
4243,4243,,2021-02-09 01:39:19.005664,2021-02-09 01:39:19.699164,0 days 00:00:00.693500,1.3243663978711409e-05,15,0,0.905743023709674,16,0.04833786208259145,FAIL
4244,4244,0.552073732718894,2021-02-09 01:39:19.700833,2021-02-09 01:39:40.213571,0 days 00:00:20.512738,1.3990609790509221e-05,15,2,0.9078630094832199,16,0.07334500183858528,COMPLETE
4245,4245,0.4,2021-02-09 01:39:40.215838,2021-02-09 01:39:51.229238,0 days 00:00:11.013400,1.140792976488397e-05,15,2,0.908476307898412,16,0.05013024085438279,COMPLETE
4246,4246,0.5748079877112136,2021-02-09 01:39:51.231489,2021-02-09 01:40:02.039063,0 days 00:00:10.807574,1.1709900196236293e-05,15,2,0.9048509718979922,16,0.0453732280200381,COMPLETE
4247,4247,0.5385560675883256,2021-02-09 01:40:02.042643,2021-02-09 01:40:13.045129,0 days 00:00:11.002486,1.0144648942466842e-05,15,2,0.9037072585253619,16,0.05498318142150172,COMPLETE
4248,4248,,2021-02-09 01:40:13.047408,2021-02-09 01:40:13.905509,0 days 00:00:00.858101,1.5327335685584185e-05,15,0,0.9048031501276474,16,0.07737926256135487,FAIL
4249,4249,,2021-02-09 01:40:13.907058,2021-02-09 01:40:14.604452,0 days 00:00:00.697394,1.731654538340325e-05,15,0,0.9065808747031311,16,0.07965871023666536,FAIL
4250,4250,,2021-02-09 01:40:14.605970,2021-02-09 01:40:15.307222,0 days 00:00:00.701252,1.4673531399308713e-05,15,0,0.9071366267830522,16,0.0811941802384955,FAIL
4251,4251,0.5990783410138248,2021-02-09 01:40:15.309970,2021-02-09 01:40:25.965909,0 days 00:00:10.655939,1.729247647381772e-05,15,2,0.9066208911818963,16,0.04782055554191066,COMPLETE
4252,4252,,2021-02-09 01:40:25.968194,2021-02-09 01:40:26.699462,0 days 00:00:00.731268,1.221951655994685e-05,15,0,0.9103634856105404,16,0.04036409287765836,FAIL
4253,4253,,2021-02-09 01:40:26.702172,2021-02-09 01:40:27.485585,0 days 00:00:00.783413,0.0017952725656011363,15,0,0.9097606250362575,16,0.04211475006841315,FAIL
4254,4254,0.5717357910906298,2021-02-09 01:40:27.488372,2021-02-09 01:40:38.344160,0 days 00:00:10.855788,1.3038746891634253e-05,15,2,0.9107116270963398,16,0.0795050911639686,COMPLETE
4255,4255,0.43348694316436254,2021-02-09 01:40:38.346429,2021-02-09 01:40:49.332453,0 days 00:00:10.986024,1.517938853964955e-05,15,2,0.905946195324486,16,0.06524159827077468,COMPLETE
4256,4256,0.5416282642089094,2021-02-09 01:40:49.334726,2021-02-09 01:40:59.934227,0 days 00:00:10.599501,1.2443423124664947e-05,15,2,0.9078786426568528,16,0.040352259115610335,COMPLETE
4257,4257,,2021-02-09 01:40:59.936506,2021-02-09 01:41:00.650708,0 days 00:00:00.714202,1.6788299013546768e-05,15,0,0.906447707925595,16,0.04235850011972543,FAIL
4258,4258,0.5665130568356375,2021-02-09 01:41:00.652407,2021-02-09 01:41:11.204657,0 days 00:00:10.552250,1.0607297233497442e-05,15,2,0.9062388362501891,16,0.042658624461877036,COMPLETE
4259,4259,0.44946236559139785,2021-02-09 01:41:11.206950,2021-02-09 01:41:22.141251,0 days 00:00:10.934301,1.736348893309387e-05,15,2,0.9034619310984767,16,0.05846563249749404,COMPLETE
4260,4260,,2021-02-09 01:41:22.143605,2021-02-09 01:41:22.862557,0 days 00:00:00.718952,1.051838863782514e-05,15,0,0.9049519619933781,16,0.038806240124399594,FAIL
4261,4261,0.45284178187403995,2021-02-09 01:41:22.864160,2021-02-09 01:41:33.599087,0 days 00:00:10.734927,1.192571252570226e-05,15,2,0.9021174168296522,16,0.03784691053907001,COMPLETE
4262,4262,0.43317972350230416,2021-02-09 01:41:33.601362,2021-02-09 01:41:44.262716,0 days 00:00:10.661354,1.4840553283942442e-05,15,2,0.9064352643927294,16,0.04289393438605941,COMPLETE
4263,4263,0.5812596006144394,2021-02-09 01:41:44.264970,2021-02-09 01:41:59.835884,0 days 00:00:15.570914,1.3191084004715381e-05,15,2,0.9042546330814035,16,0.039377977260609646,COMPLETE
4264,4264,,2021-02-09 01:41:59.838166,2021-02-09 01:42:00.549866,0 days 00:00:00.711700,2.0148481261526772e-05,15,0,0.9081633899123068,14,0.052835565647143055,FAIL
4265,4265,,2021-02-09 01:42:00.552579,2021-02-09 01:42:01.278311,0 days 00:00:00.725732,1.2524435825037444e-05,15,0,0.9107875008907288,14,0.07216790154488589,FAIL
4266,4266,,2021-02-09 01:42:01.281151,2021-02-09 01:42:02.014466,0 days 00:00:00.733315,1.0373550880200393e-05,15,0,0.9197754879223055,14,0.05167992005297017,FAIL
4267,4267,0.5428571428571428,2021-02-09 01:42:02.017262,2021-02-09 01:42:12.621480,0 days 00:00:10.604218,1.6141926901487692e-05,15,2,0.909214286013251,14,0.050405861333629925,COMPLETE
4268,4268,0.5870967741935483,2021-02-09 01:42:12.623764,2021-02-09 01:42:29.544252,0 days 00:00:16.920488,1.0736247098678718e-05,15,8,0.9019473384600226,16,0.053716753687252705,COMPLETE
4269,4269,,2021-02-09 01:42:29.546529,2021-02-09 01:42:30.267959,0 days 00:00:00.721430,1.914540145329186e-05,15,0,0.9054055567092396,16,0.040253850849554164,FAIL
4270,4270,,2021-02-09 01:42:30.269530,2021-02-09 01:42:30.960004,0 days 00:00:00.690474,1.2125668250639975e-05,15,0,0.9047184523523065,16,0.044639703914265826,FAIL
4271,4271,0.5477726574500767,2021-02-09 01:42:30.961601,2021-02-09 01:42:41.549072,0 days 00:00:10.587471,1.0729278226525064e-05,15,2,0.9186119164214832,16,0.06819646607322409,COMPLETE
4272,4272,,2021-02-09 01:42:41.551347,2021-02-09 01:42:42.276008,0 days 00:00:00.724661,0.0076973505853725884,15,0,0.9049947686657969,16,0.06080407275022911,FAIL
4273,4273,,2021-02-09 01:42:42.278730,2021-02-09 01:42:42.983448,0 days 00:00:00.704718,0.006974216637959835,15,0,0.9033720654627128,16,0.045751815641236954,FAIL
4274,4274,,2021-02-09 01:42:42.986108,2021-02-09 01:42:43.739126,0 days 00:00:00.753018,1.910056719849053e-05,15,0,0.9059658309672314,16,0.04053290798475386,FAIL
4275,4275,0.5044546850998464,2021-02-09 01:42:43.741758,2021-02-09 01:42:54.642935,0 days 00:00:10.901177,1.3264552201461332e-05,15,2,0.9045365272155241,16,0.045681011421148526,COMPLETE
4276,4276,,2021-02-09 01:42:54.645251,2021-02-09 01:42:55.360060,0 days 00:00:00.714809,1.0356204036946107e-05,15,0,0.9001446394230049,16,0.041085777781890404,FAIL
4277,4277,,2021-02-09 01:42:55.362816,2021-02-09 01:42:56.066524,0 days 00:00:00.703708,1.623152917669114e-05,15,0,0.9075514016724872,16,0.0616131105612363,FAIL
4278,4278,,2021-02-09 01:42:56.069801,2021-02-09 01:42:56.783156,0 days 00:00:00.713355,1.0189121860269155e-05,15,0,0.9000059275077187,16,0.04056344728450868,FAIL
4279,4279,0.39846390168970813,2021-02-09 01:42:56.785833,2021-02-09 01:43:07.715518,0 days 00:00:10.929685,1.019963202376976e-05,15,2,0.9016021269165916,16,0.0402920481827879,COMPLETE
4280,4280,0.6242703533026114,2021-02-09 01:43:07.717798,2021-02-09 01:43:18.512453,0 days 00:00:10.794655,1.6142597014128244e-05,15,2,0.9078270136113357,16,0.03746777308884233,COMPLETE
4281,4281,0.6258064516129033,2021-02-09 01:43:18.514764,2021-02-09 01:43:30.252876,0 days 00:00:11.738112,1.764189484892769e-05,15,8,0.9001942843951805,16,0.034968719339119686,COMPLETE
4282,4282,0.450384024577573,2021-02-09 01:43:30.255221,2021-02-09 01:43:41.490685,0 days 00:00:11.235464,1.7968546158367506e-05,15,8,0.900590321634876,16,0.036506270889085105,COMPLETE
4283,4283,,2021-02-09 01:43:41.492959,2021-02-09 01:43:42.209362,0 days 00:00:00.716403,1.840902952859419e-05,15,0,0.900327021851452,16,0.0346279425105136,FAIL
4284,4284,0.5800307219662059,2021-02-09 01:43:42.212133,2021-02-09 01:43:53.416909,0 days 00:00:11.204776,1.9523735276418916e-05,15,8,0.902697167480523,16,0.034877146893409414,COMPLETE
4285,4285,0.45069124423963136,2021-02-09 01:43:53.419226,2021-02-09 01:44:04.649813,0 days 00:00:11.230587,2.1275567201440857e-05,15,8,0.9005692561869544,16,0.08290580508118045,COMPLETE
4286,4286,0.44086021505376344,2021-02-09 01:44:04.652130,2021-02-09 01:44:15.876280,0 days 00:00:11.224150,1.8473295398402063e-05,15,8,0.9031242759630227,16,0.03296094587930061,COMPLETE
4287,4287,,2021-02-09 01:44:15.878622,2021-02-09 01:44:16.612709,0 days 00:00:00.734087,2.379096196340976e-05,15,0,0.9015334557764109,16,0.03486665770716565,FAIL
4288,4288,0.4872503840245776,2021-02-09 01:44:16.615457,2021-02-09 01:44:27.825614,0 days 00:00:11.210157,1.2223385680244987e-05,15,8,0.9049637723147956,16,0.03489769013020126,COMPLETE
4289,4289,0.5219662058371736,2021-02-09 01:44:27.827926,2021-02-09 01:44:39.115874,0 days 00:00:11.287948,2.6612568797949887e-05,15,8,0.9011184624923829,12,0.07277155270830521,COMPLETE
4290,4290,0.4500768049155146,2021-02-09 01:44:39.118227,2021-02-09 01:44:50.719645,0 days 00:00:11.601418,2.0585940915987723e-05,15,8,0.9002607196815106,14,0.03163095750925739,COMPLETE
4291,4291,0.5179723502304148,2021-02-09 01:44:50.721955,2021-02-09 01:45:01.999079,0 days 00:00:11.277124,1.5685903135038048e-05,15,8,0.9028310436327845,16,0.036858412760839225,COMPLETE
4292,4292,0.42764976958525347,2021-02-09 01:45:02.001377,2021-02-09 01:45:18.731293,0 days 00:00:16.729916,2.3134058742294963e-05,15,8,0.9000287830070095,16,0.033117265895196965,COMPLETE
4293,4293,0.43010752688172044,2021-02-09 01:45:18.733578,2021-02-09 01:45:29.922299,0 days 00:00:11.188721,1.505563297293122e-05,15,8,0.9054409016369782,16,0.036139447116324816,COMPLETE
4294,4294,0.5984639016897081,2021-02-09 01:45:29.924606,2021-02-09 01:45:41.356000,0 days 00:00:11.431394,1.792374667391378e-05,15,8,0.9000929125488756,16,0.029927975749744838,COMPLETE
4295,4295,0.5579109062980031,2021-02-09 01:45:41.358277,2021-02-09 01:45:52.726397,0 days 00:00:11.368120,1.92825233062152e-05,17,8,0.9029187490155641,14,0.03566253209302065,COMPLETE
4296,4296,,2021-02-09 01:45:52.728690,2021-02-09 01:45:53.462439,0 days 00:00:00.733749,1.446495087832532e-05,15,0,0.9040070234946758,16,0.0758393283376959,FAIL
4297,4297,0.38033794162826423,2021-02-09 01:45:53.463950,2021-02-09 01:46:04.696765,0 days 00:00:11.232815,1.5355635469607658e-05,15,8,0.9110770508596319,16,0.0768993753284967,COMPLETE
4298,4298,,2021-02-09 01:46:04.699061,2021-02-09 01:46:05.414584,0 days 00:00:00.715523,2.225369496280236e-05,15,0,0.9000353368458179,16,0.03155811267582676,FAIL
4299,4299,,2021-02-09 01:46:05.416220,2021-02-09 01:46:06.253436,0 days 00:00:00.837216,1.5724216004781757e-05,15,0,0.9038956669744472,16,0.03186350186926936,FAIL
4300,4300,0.4807987711213518,2021-02-09 01:46:06.254981,2021-02-09 01:46:17.383084,0 days 00:00:11.128103,2.4880886550498672e-05,15,8,0.9054624725630205,16,0.03830887111050298,COMPLETE
4301,4301,0.5542242703533026,2021-02-09 01:46:17.385368,2021-02-09 01:46:28.855411,0 days 00:00:11.470043,1.5499786586210305e-05,15,8,0.9019921555771142,16,0.032904811691604856,COMPLETE
4302,4302,,2021-02-09 01:46:28.857707,2021-02-09 01:46:29.564557,0 days 00:00:00.706850,1.6903649805516304e-05,15,0,0.9070953459235616,16,0.032199178760627355,FAIL
4303,4303,0.39631336405529954,2021-02-09 01:46:29.566086,2021-02-09 01:46:51.380583,0 days 00:00:21.814497,2.2469867645455165e-05,15,8,0.9000068159963726,16,0.0317635142002103,COMPLETE
4304,4304,,2021-02-09 01:46:51.382908,2021-02-09 01:47:07.686957,0 days 00:00:16.304049,1.4221216060265092e-05,15,8,0.9041678648188303,20,0.03595289029905219,FAIL
4305,4305,,2021-02-09 01:47:07.689360,2021-02-09 01:47:08.447023,0 days 00:00:00.757663,1.6800571596000405e-05,15,0,0.9084849461334119,20,0.028632713045290723,FAIL
4306,4306,,2021-02-09 01:47:08.449752,2021-02-09 01:47:09.149933,0 days 00:00:00.700181,1.7941578092490727e-05,15,0,0.9084469986911403,20,0.029648084017114135,FAIL
4307,4307,0.48509984639016895,2021-02-09 01:47:09.152699,2021-02-09 01:47:20.354508,0 days 00:00:11.201809,1.722069374752332e-05,15,8,0.9041135432991697,20,0.029182208672426792,COMPLETE
4308,4308,0.5797235023041475,2021-02-09 01:47:20.356800,2021-02-09 01:47:31.604942,0 days 00:00:11.248142,3.141930599829385e-05,15,2,0.9018526245704537,16,0.03470901653746768,COMPLETE
4309,4309,0.39447004608294933,2021-02-09 01:47:31.607263,2021-02-09 01:47:42.466477,0 days 00:00:10.859214,1.3404684097329488e-05,15,2,0.9060157135677089,20,0.037957024469554485,COMPLETE
4310,4310,0.3723502304147465,2021-02-09 01:47:42.468777,2021-02-09 01:47:53.858315,0 days 00:00:11.389538,1.9722385815709003e-05,15,8,0.9071161983691783,16,0.06829561289359844,COMPLETE
4311,4311,0.397542242703533,2021-02-09 01:47:53.860619,2021-02-09 01:48:04.538826,0 days 00:00:10.678207,1.4912275442924995e-05,17,2,0.9093972678551161,16,0.028875932129450783,COMPLETE
4312,4312,0.4534562211981567,2021-02-09 01:48:04.541117,2021-02-09 01:48:15.699070,0 days 00:00:11.157953,1.3224840820435352e-05,15,8,0.9036210554876676,20,0.062122434467204043,COMPLETE
4313,4313,0.5410138248847927,2021-02-09 01:48:15.701375,2021-02-09 01:48:38.093553,0 days 00:00:22.392178,0.008420124827842844,15,10,0.9002421663070994,16,0.03253801723867391,COMPLETE
4314,4314,0.4485407066052227,2021-02-09 01:48:38.095854,2021-02-09 01:48:48.845954,0 days 00:00:10.750100,1.686873906493116e-05,17,2,0.9898619011643105,20,0.034820499332169436,COMPLETE
4315,4315,0.4488479262672811,2021-02-09 01:48:48.848237,2021-02-09 01:48:59.593910,0 days 00:00:10.745673,1.0058658448272588e-05,15,2,0.9037561228192621,16,0.08603763982130345,COMPLETE
4316,4316,0.48847926267281105,2021-02-09 01:48:59.596212,2021-02-09 01:49:11.147195,0 days 00:00:11.550983,2.28506244413626e-05,15,8,0.9014450306021613,20,0.03787838962962454,COMPLETE
4317,4317,,2021-02-09 01:49:11.149501,2021-02-09 01:49:11.859146,0 days 00:00:00.709645,0.00034884901673773347,13,0,0.906865622277311,14,0.03096915270699888,FAIL
4318,4318,0.3831029185867896,2021-02-09 01:49:11.860725,2021-02-09 01:49:22.466528,0 days 00:00:10.605803,1.3704356464346625e-05,13,2,0.9045517445439927,16,0.027288292696263067,COMPLETE
4319,4319,,2021-02-09 01:49:22.468847,2021-02-09 01:49:23.172573,0 days 00:00:00.703726,0.00034653866581652433,15,0,0.9075938902311892,16,0.03189554847940917,FAIL
4320,4320,,2021-02-09 01:49:23.174094,2021-02-09 01:49:23.861729,0 days 00:00:00.687635,1.7672737163218857e-05,15,0,0.9019174947435129,16,0.03154781754971049,FAIL
4321,4321,,2021-02-09 01:49:23.863266,2021-02-09 01:49:24.578898,0 days 00:00:00.715632,8.128026843740281e-05,15,0,0.9080188626898229,16,0.03444481234665313,FAIL
4322,4322,0.49370199692780337,2021-02-09 01:49:24.580423,2021-02-09 01:49:35.701429,0 days 00:00:11.121006,0.010832440137687119,15,2,0.907926177556555,16,0.03159447841768052,COMPLETE
4323,4323,0.4927803379416283,2021-02-09 01:49:35.703743,2021-02-09 01:49:46.386361,0 days 00:00:10.682618,1.7992188748683864e-05,15,2,0.9033895638176169,20,0.03515223048866271,COMPLETE
4324,4324,,2021-02-09 01:49:46.388666,2021-02-09 01:49:47.097396,0 days 00:00:00.708730,0.00036590542841057197,15,0,0.9143724762330901,14,0.0385788118530236,FAIL
