,number,value,datetime_start,datetime_complete,duration,params_lr,params_nl2,params_num_ct,params_scheduler_gamma,params_sigma2,params_weight_decay,state
7561,7561,0.391705069124424,2021-02-09 11:01:03.264682,2021-02-09 11:01:18.795123,0 days 00:00:15.530441,7.866236437328019e-05,7,2,0.9567949915924304,14,0.023201496184724953,COMPLETE
7562,7562,0.3683563748079877,2021-02-09 11:01:18.798879,2021-02-09 11:01:49.611839,0 days 00:00:30.812960,0.00019082397258179184,11,2,0.9537194068319821,14,0.02090775767620539,COMPLETE
7563,7563,0.443010752688172,2021-02-09 11:01:49.615596,2021-02-09 11:02:00.422189,0 days 00:00:10.806593,0.00010229198410130193,11,6,0.9411145990142125,14,0.01597271648736396,COMPLETE
7564,7564,,2021-02-09 11:02:00.425905,2021-02-09 11:02:01.384880,0 days 00:00:00.958975,0.0001413605066244591,7,0,0.9413140277037788,14,0.03341235426856986,FAIL
7565,7565,,2021-02-09 11:02:01.388100,2021-02-09 11:02:02.181724,0 days 00:00:00.793624,0.00013755539564829338,7,0,0.94202339795298,14,0.0631019370982663,FAIL
7566,7566,,2021-02-09 11:02:02.184739,2021-02-09 11:02:02.985916,0 days 00:00:00.801177,6.894009022519614e-05,7,0,0.9413618178646206,14,0.06645461634591462,FAIL
7567,7567,0.4715821812596006,2021-02-09 11:02:02.988879,2021-02-09 11:02:13.541832,0 days 00:00:10.552953,0.00013846998207602673,7,2,0.9433814669361048,20,0.03327947083271261,COMPLETE
7568,7568,0.45161290322580644,2021-02-09 11:02:13.545576,2021-02-09 11:02:29.106898,0 days 00:00:15.561322,8.494948769444202e-05,5,2,0.9410039440494967,14,0.021314154895519674,COMPLETE
7569,7569,,2021-02-09 11:02:29.110625,2021-02-09 11:02:29.905635,0 days 00:00:00.795010,0.00012139528676732508,11,0,0.9419164315436324,14,0.030979474777616575,FAIL
7570,7570,0.4073732718894009,2021-02-09 11:02:29.908636,2021-02-09 11:02:41.026531,0 days 00:00:11.117895,6.746605103228213e-05,11,2,0.9422738428342207,14,0.03035769649937739,COMPLETE
7571,7571,0.5517665130568357,2021-02-09 11:02:41.030249,2021-02-09 11:02:52.440157,0 days 00:00:11.409908,0.00013765179088310448,13,8,0.9384022884720369,14,0.02703582729736222,COMPLETE
7572,7572,,2021-02-09 11:02:52.443907,2021-02-09 11:02:53.224105,0 days 00:00:00.780198,9.284939311412994e-05,7,0,0.9778394817417394,20,0.03255063496488756,FAIL
7573,7573,,2021-02-09 11:02:53.227150,2021-02-09 11:02:54.016548,0 days 00:00:00.789398,0.00011355069549910129,7,0,0.978322077576886,14,0.0799164220241824,FAIL
7574,7574,0.5056835637480799,2021-02-09 11:02:54.021351,2021-02-09 11:03:14.919119,0 days 00:00:20.897768,0.0001001328903985392,7,2,0.9417179998537534,14,0.033769428324709756,COMPLETE
7575,7575,0.45499231950844854,2021-02-09 11:03:14.922860,2021-02-09 11:03:26.629989,0 days 00:00:11.707129,5.111628748995699e-05,13,8,0.9374236689376357,14,0.02627221990720711,COMPLETE
7576,7576,,2021-02-09 11:03:26.633738,2021-02-09 11:03:27.423401,0 days 00:00:00.789663,0.00019337649605599816,11,0,0.9032063645388689,14,0.024894684533783372,FAIL
7577,7577,0.44516129032258067,2021-02-09 11:03:27.426418,2021-02-09 11:03:38.467623,0 days 00:00:11.041205,0.00015523482822549486,11,6,0.9781607311456365,14,0.06630236446805747,COMPLETE
7578,7578,0.37357910906298003,2021-02-09 11:03:38.471356,2021-02-09 11:03:49.881352,0 days 00:00:11.409996,7.934086264093286e-05,13,8,0.9349538599201148,14,0.02936968009181694,COMPLETE
7579,7579,,2021-02-09 11:03:49.885108,2021-02-09 11:03:50.704860,0 days 00:00:00.819752,0.00010978150168498544,13,0,0.9374362586610139,14,0.030124430374061737,FAIL
7580,7580,,2021-02-09 11:03:50.709628,2021-02-09 11:03:51.506199,0 days 00:00:00.796571,0.0001048820259412865,11,0,0.9383654935176073,14,0.026981637065942005,FAIL
7581,7581,0.3634408602150538,2021-02-09 11:03:51.511078,2021-02-09 11:04:03.182820,0 days 00:00:11.671742,9.400813786073217e-05,13,8,0.9379764789227686,14,0.027025795095907825,COMPLETE
7582,7582,0.4399385560675883,2021-02-09 11:04:03.186570,2021-02-09 11:04:14.754533,0 days 00:00:11.567963,0.0001384447302040502,13,8,0.9362262309889933,14,0.027998237281035312,COMPLETE
7583,7583,,2021-02-09 11:04:14.758304,2021-02-09 11:04:15.569851,0 days 00:00:00.811547,0.00018341120580815193,13,0,0.9397864149596603,14,0.02465784487494907,FAIL
7584,7584,,2021-02-09 11:04:15.574690,2021-02-09 11:04:16.382300,0 days 00:00:00.807610,0.00012653840145842842,13,0,0.9343307252019433,14,0.030528136054760853,FAIL
7585,7585,0.3883256528417819,2021-02-09 11:04:16.387200,2021-02-09 11:04:32.717156,0 days 00:00:16.329956,0.0001202672543966431,13,8,0.9354835054928073,14,0.03024939396526707,COMPLETE
7586,7586,0.48540706605222733,2021-02-09 11:04:32.720910,2021-02-09 11:04:53.223623,0 days 00:00:20.502713,0.00012333136650530044,7,2,0.9500749873736883,14,0.0601186181449182,COMPLETE
7587,7587,0.4626728110599078,2021-02-09 11:04:53.227369,2021-02-09 11:05:14.647243,0 days 00:00:21.419874,0.00018846427284824566,11,2,0.9039664225439543,14,0.021815010522558614,COMPLETE
7588,7588,0.38556067588325654,2021-02-09 11:05:14.650983,2021-02-09 11:05:36.503172,0 days 00:00:21.852189,0.00010760687807103616,13,8,0.9400651611462308,14,0.02469906107003222,COMPLETE
7589,7589,0.4172043010752688,2021-02-09 11:05:36.506911,2021-02-09 11:05:58.111245,0 days 00:00:21.604334,0.00010312861127133481,13,8,0.9373096580206698,14,0.02927772671303449,COMPLETE
7590,7590,,2021-02-09 11:05:58.115063,2021-02-09 11:05:58.906802,0 days 00:00:00.791739,6.917434302640147e-05,13,0,0.9333972058086715,14,0.024511697422891186,FAIL
7591,7591,,2021-02-09 11:05:58.909754,2021-02-09 11:05:59.700749,0 days 00:00:00.790995,0.0001592688028450003,13,0,0.939743977020957,14,0.024449184769674726,FAIL
7592,7592,0.4556067588325653,2021-02-09 11:05:59.705563,2021-02-09 11:06:16.757686,0 days 00:00:17.052123,0.00014856183242916847,13,8,0.9346048738295086,14,0.02709545724668271,COMPLETE
7593,7593,,2021-02-09 11:06:16.761448,2021-02-09 11:06:17.549043,0 days 00:00:00.787595,6.951196296381648e-05,13,0,0.938350701904846,14,0.030683487484979566,FAIL
7594,7594,,2021-02-09 11:06:17.553986,2021-02-09 11:06:18.360176,0 days 00:00:00.806190,6.636595930136009e-05,13,0,0.9377579980259971,14,0.024493664982597942,FAIL
7595,7595,,2021-02-09 11:06:18.365111,2021-02-09 11:06:19.146665,0 days 00:00:00.781554,7.280981392555348e-05,13,0,0.9381878324838381,20,0.024857241325797558,FAIL
7596,7596,,2021-02-09 11:06:19.151563,2021-02-09 11:06:19.979809,0 days 00:00:00.828246,6.589252000657328e-05,13,0,0.934058142265399,14,0.024810525715612347,FAIL
7597,7597,0.40276497695852537,2021-02-09 11:06:19.984813,2021-02-09 11:06:31.362969,0 days 00:00:11.378156,7.3834334983587e-05,13,8,0.9000146782790962,14,0.023998411786302548,COMPLETE
7598,7598,,2021-02-09 11:06:31.366706,2021-02-09 11:06:32.156226,0 days 00:00:00.789520,0.00011559299540540728,7,0,0.9480266210316887,14,0.03212466939303187,FAIL
7599,7599,0.4325652841781874,2021-02-09 11:06:32.159144,2021-02-09 11:06:43.148021,0 days 00:00:10.988877,0.000205426572197392,7,2,0.9000814331179317,14,0.0826910940846254,COMPLETE
7600,7600,0.5649769585253456,2021-02-09 11:06:43.151759,2021-02-09 11:06:54.002290,0 days 00:00:10.850531,0.00012249315910371856,11,2,0.9881636844718907,14,0.01999850300337749,COMPLETE
7601,7601,0.610752688172043,2021-02-09 11:06:54.006056,2021-02-09 11:07:05.889736,0 days 00:00:11.883680,9.517119111761281e-05,11,10,0.9029550283840098,14,0.023826553517070775,COMPLETE
7602,7602,0.5963133640552996,2021-02-09 11:07:05.893451,2021-02-09 11:07:17.200192,0 days 00:00:11.306741,3.393557644544275e-05,13,8,0.9386523876892808,14,0.029809802368385752,COMPLETE
7603,7603,,2021-02-09 11:07:17.203941,2021-02-09 11:07:17.994426,0 days 00:00:00.790485,0.00016589936989472624,13,0,0.9398101079266808,14,0.3149964124922494,FAIL
7604,7604,0.5219662058371736,2021-02-09 11:07:17.997433,2021-02-09 11:07:34.695302,0 days 00:00:16.697869,6.007719317246847e-05,13,8,0.9392161744910352,14,0.030450342877512214,COMPLETE
7605,7605,,2021-02-09 11:07:34.699107,2021-02-09 11:07:35.498685,0 days 00:00:00.799578,0.00016476968298168571,13,0,0.9342473978359498,14,0.026793718433351547,FAIL
7606,7606,0.46912442396313364,2021-02-09 11:07:35.503615,2021-02-09 11:07:46.998075,0 days 00:00:11.494460,0.00015740543461346466,13,8,0.932978930175431,14,0.027552856584466528,COMPLETE
7607,7607,0.4645161290322581,2021-02-09 11:07:47.001823,2021-02-09 11:07:57.873737,0 days 00:00:10.871914,8.703291643929251e-05,7,2,0.986038214439092,14,0.016995960104848384,COMPLETE
7608,7608,,2021-02-09 11:07:57.877520,2021-02-09 11:07:58.677943,0 days 00:00:00.800423,0.00011687458348453066,11,0,0.9409625845034247,14,0.03525105954705113,FAIL
7609,7609,,2021-02-09 11:07:58.682711,2021-02-09 11:07:59.490288,0 days 00:00:00.807577,0.00011899115846453647,11,0,0.901485280930078,14,0.03469345624485979,FAIL
7610,7610,,2021-02-09 11:07:59.493183,2021-02-09 11:08:00.455111,0 days 00:00:00.961928,0.00012483652362565897,7,0,0.9020775617366837,14,0.03286309361290692,FAIL
7611,7611,,2021-02-09 11:08:00.460116,2021-02-09 11:08:01.241235,0 days 00:00:00.781119,0.00013708378347030285,11,0,0.9614509219417742,14,0.03412400301400468,FAIL
7612,7612,0.6310291858678956,2021-02-09 11:08:01.244272,2021-02-09 11:08:12.171237,0 days 00:00:10.926965,0.00012916836216556344,11,2,0.9417497401588708,14,0.4199690935489096,COMPLETE
7613,7613,,2021-02-09 11:08:12.177058,2021-02-09 11:08:13.027646,0 days 00:00:00.850588,0.00015519114828953365,11,0,0.9404004011258634,14,0.11153870027948291,FAIL
7614,7614,0.4362519201228879,2021-02-09 11:08:13.030615,2021-02-09 11:08:23.765695,0 days 00:00:10.735080,0.0001511319437725033,11,2,0.9415801071092721,14,0.4176911029394872,COMPLETE
7615,7615,,2021-02-09 11:08:23.769458,2021-02-09 11:08:24.563057,0 days 00:00:00.793599,0.00012020456721559801,11,0,0.9435730045766294,14,0.42145191625187645,FAIL
7616,7616,,2021-02-09 11:08:24.567907,2021-02-09 11:08:25.402280,0 days 00:00:00.834373,0.0001700237342941707,11,0,0.9433352835865005,14,0.46395963342987656,FAIL
7617,7617,0.45499231950844854,2021-02-09 11:08:25.405454,2021-02-09 11:08:36.905862,0 days 00:00:11.500408,0.000133446243949161,11,2,0.9448090019364539,14,0.30698249034722175,COMPLETE
7618,7618,0.4857142857142857,2021-02-09 11:08:36.909628,2021-02-09 11:08:48.124116,0 days 00:00:11.214488,0.000164604368813146,11,6,0.9413205875097926,14,0.39173916541127546,COMPLETE
7619,7619,0.4202764976958525,2021-02-09 11:08:48.127899,2021-02-09 11:08:59.096990,0 days 00:00:10.969091,0.00012851748680123528,11,2,0.9400157567962676,14,0.26512406591563686,COMPLETE
7620,7620,0.6227342549923195,2021-02-09 11:08:59.100757,2021-02-09 11:09:09.657144,0 days 00:00:10.556387,0.0001095526022484632,11,2,0.9402579747584,14,0.45595223503145427,COMPLETE
7621,7621,,2021-02-09 11:09:09.660903,2021-02-09 11:09:10.608847,0 days 00:00:00.947944,0.00016283608252459653,11,0,0.946835948726075,14,0.4336411849892704,FAIL
7622,7622,,2021-02-09 11:09:10.613698,2021-02-09 11:09:11.431972,0 days 00:00:00.818274,0.00019037951119952527,11,0,0.9422537182274536,14,0.47652805142761595,FAIL
7623,7623,0.4540706605222734,2021-02-09 11:09:11.435043,2021-02-09 11:09:22.228600,0 days 00:00:10.793557,0.00011789959762663884,11,2,0.9430039941573909,14,0.16085735543577145,COMPLETE
7624,7624,,2021-02-09 11:09:22.232402,2021-02-09 11:09:23.050531,0 days 00:00:00.818129,0.00017367556776219634,11,0,0.9431206663909271,14,0.015450737505716532,FAIL
7625,7625,0.4181259600614439,2021-02-09 11:09:23.053665,2021-02-09 11:09:39.036967,0 days 00:00:15.983302,0.00019722552245412855,11,2,0.9431200034269096,14,0.12959603021655,COMPLETE
7626,7626,,2021-02-09 11:09:39.040724,2021-02-09 11:09:39.828207,0 days 00:00:00.787483,0.00014601384110057944,11,0,0.9420426266124767,14,0.015787735946786584,FAIL
7627,7627,0.5867895545314901,2021-02-09 11:09:39.833075,2021-02-09 11:10:10.985957,0 days 00:00:31.152882,0.00015432053815501835,11,2,0.9400875461831729,14,0.42863299264712124,COMPLETE
7628,7628,,2021-02-09 11:10:10.989750,2021-02-09 11:10:11.782099,0 days 00:00:00.792349,0.0001342723296514224,11,0,0.9415831752579428,14,0.3250566873440332,FAIL
7629,7629,0.5468509984639017,2021-02-09 11:10:11.786998,2021-02-09 11:10:22.951070,0 days 00:00:11.164072,0.00013337779083803135,11,6,0.9410918988907614,14,0.32699334552437853,COMPLETE
7630,7630,0.5978494623655914,2021-02-09 11:10:22.954820,2021-02-09 11:10:33.759928,0 days 00:00:10.805108,0.0001048302909007324,11,2,0.9414318243352557,14,0.016492835870485938,COMPLETE
7631,7631,0.525652841781874,2021-02-09 11:10:33.763724,2021-02-09 11:10:59.594153,0 days 00:00:25.830429,0.00015950653313485873,11,2,0.9398340387249243,14,0.13680732335823098,COMPLETE
7632,7632,0.4860215053763441,2021-02-09 11:10:59.597955,2021-02-09 11:11:10.872716,0 days 00:00:11.274761,0.00017962901480584614,11,6,0.94149031448769,14,0.3630417292055494,COMPLETE
7633,7633,,2021-02-09 11:11:10.876453,2021-02-09 11:11:11.678667,0 days 00:00:00.802214,0.00011807313188947916,11,0,0.9019342295465043,14,0.014817134024555067,FAIL
7634,7634,0.6282642089093702,2021-02-09 11:11:11.681787,2021-02-09 11:11:27.659948,0 days 00:00:15.978161,0.00011576282588708175,11,2,0.9409578921158903,14,0.11720459570657424,COMPLETE
7635,7635,0.3846390168970814,2021-02-09 11:11:27.663683,2021-02-09 11:11:39.260678,0 days 00:00:11.596995,0.00013631842473283752,11,8,0.9015144709961784,14,0.4519126526694538,COMPLETE
7636,7636,,2021-02-09 11:11:39.264444,2021-02-09 11:11:40.062490,0 days 00:00:00.798046,0.00011568553366713742,11,0,0.9045620843460741,14,0.4975022625503448,FAIL
7637,7637,,2021-02-09 11:11:40.067406,2021-02-09 11:11:40.875982,0 days 00:00:00.808576,0.00011580066701319511,11,0,0.9398463189141835,14,0.1839730020791036,FAIL
7638,7638,,2021-02-09 11:11:40.878979,2021-02-09 11:11:41.660281,0 days 00:00:00.781302,9.027857447137086e-05,11,0,0.9000714805414624,14,0.1512715572275925,FAIL
7639,7639,0.3953917050691244,2021-02-09 11:11:41.663215,2021-02-09 11:11:52.784069,0 days 00:00:11.120854,0.00011189765206453572,11,2,0.9044783232308823,14,0.10733818553291723,COMPLETE
7640,7640,0.6147465437788019,2021-02-09 11:11:52.787871,2021-02-09 11:12:03.859218,0 days 00:00:11.071347,9.975809638440487e-05,11,2,0.942635842791065,14,0.019816475600518354,COMPLETE
7641,7641,0.6181259600614439,2021-02-09 11:12:03.862982,2021-02-09 11:12:39.753821,0 days 00:00:35.890839,8.577463030585137e-05,11,2,0.9452105346389209,12,0.393963472839195,COMPLETE
7642,7642,,2021-02-09 11:12:39.757579,2021-02-09 11:12:40.554990,0 days 00:00:00.797411,0.000188998371176496,11,0,0.9622039673359092,14,0.24178516272717837,FAIL
7643,7643,,2021-02-09 11:12:40.557903,2021-02-09 11:12:41.346019,0 days 00:00:00.788116,0.00016308143115389238,11,0,0.9620223716388698,14,0.14956238987003473,FAIL
7644,7644,0.5953917050691244,2021-02-09 11:12:41.349025,2021-02-09 11:12:58.239142,0 days 00:00:16.890117,0.00018094198132476006,11,8,0.9387759386521496,14,0.014612822962009057,COMPLETE
7645,7645,,2021-02-09 11:12:58.242916,2021-02-09 11:12:59.041730,0 days 00:00:00.798814,0.00014823030886541494,11,0,0.9025466730620606,14,0.1469874352181893,FAIL
7646,7646,,2021-02-09 11:12:59.046542,2021-02-09 11:12:59.844076,0 days 00:00:00.797534,0.0001208477717562257,11,0,0.9403357770520444,14,0.022414560763251604,FAIL
7647,7647,0.49523809523809526,2021-02-09 11:12:59.847001,2021-02-09 11:13:21.700766,0 days 00:00:21.853765,0.000128314841592926,11,8,0.9026431358077289,14,0.34743496291564624,COMPLETE
7648,7648,0.40860215053763443,2021-02-09 11:13:21.704523,2021-02-09 11:13:37.940723,0 days 00:00:16.236200,0.00015568933625402062,11,6,0.9413094075320033,14,0.0180862213902781,COMPLETE
7649,7649,,2021-02-09 11:13:37.944497,2021-02-09 11:13:38.755899,0 days 00:00:00.811402,0.00011308526548123172,11,0,0.9413296590742254,14,0.02083960323331412,FAIL
7650,7650,0.38678955453149,2021-02-09 11:13:38.760632,2021-02-09 11:13:49.842436,0 days 00:00:11.081804,9.020014404167873e-05,11,2,0.9401675601970164,20,0.18495822254287542,COMPLETE
7651,7651,0.5124423963133641,2021-02-09 11:13:49.846227,2021-02-09 11:14:01.143942,0 days 00:00:11.297715,0.00011442114220677338,11,8,0.941524326218273,14,0.02230127822957387,COMPLETE
7652,7652,0.4380952380952381,2021-02-09 11:14:01.147688,2021-02-09 11:14:17.374306,0 days 00:00:16.226618,0.00017457815071616245,11,2,0.9404892370347349,14,0.021369825496177632,COMPLETE
7653,7653,,2021-02-09 11:14:17.378110,2021-02-09 11:14:18.179642,0 days 00:00:00.801532,0.0001280434591410236,11,0,0.9405580758733024,14,0.25847292654132353,FAIL
7654,7654,,2021-02-09 11:14:18.184536,2021-02-09 11:14:18.999337,0 days 00:00:00.814801,0.00012800534554639498,11,0,0.9419563236718417,14,0.47821170337498,FAIL
7655,7655,,2021-02-09 11:14:19.002323,2021-02-09 11:14:19.973663,0 days 00:00:00.971340,0.00013756276660304714,11,0,0.9410619845602559,14,0.2018112121446761,FAIL
7656,7656,0.5490015360983103,2021-02-09 11:14:19.976746,2021-02-09 11:14:42.582452,0 days 00:00:22.605706,0.00013864515435093512,11,10,0.9418129148071983,14,0.2518591493492303,COMPLETE
7657,7657,,2021-02-09 11:14:42.586242,2021-02-09 11:14:43.394325,0 days 00:00:00.808083,7.187693782651694e-05,11,0,0.9051072155676045,14,0.16285644151941225,FAIL
7658,7658,,2021-02-09 11:14:43.399355,2021-02-09 11:14:44.190509,0 days 00:00:00.791154,0.00011523191160848116,11,0,0.9047844799835993,14,0.15672396223410934,FAIL
7659,7659,,2021-02-09 11:14:44.193653,2021-02-09 11:14:44.967679,0 days 00:00:00.774026,7.685520222363783e-05,11,0,0.9823210867405839,14,0.022683224136787798,FAIL
7660,7660,,2021-02-09 11:14:44.970643,2021-02-09 11:14:45.765949,0 days 00:00:00.795306,7.441839415551314e-05,11,0,0.9199614470371138,14,0.33328026269190225,FAIL
7661,7661,,2021-02-09 11:14:45.769009,2021-02-09 11:14:46.555768,0 days 00:00:00.786759,0.00011163033409008383,11,0,0.9819898488073788,14,0.19174252500222447,FAIL
7662,7662,0.5542242703533026,2021-02-09 11:14:46.558840,2021-02-09 11:15:03.205654,0 days 00:00:16.646814,0.00011578879709050413,11,8,0.9797790467068458,14,0.23967801660927546,COMPLETE
7663,7663,,2021-02-09 11:15:03.209459,2021-02-09 11:15:04.016093,0 days 00:00:00.806634,6.791249407656361e-05,11,0,0.9391237771896582,14,0.015790969766225627,FAIL
7664,7664,0.5557603686635945,2021-02-09 11:15:04.021148,2021-02-09 11:15:14.893860,0 days 00:00:10.872712,6.969162185049587e-05,11,2,0.9423320523236548,14,0.1781814631647514,COMPLETE
7665,7665,0.46390168970814133,2021-02-09 11:15:14.897641,2021-02-09 11:15:36.414214,0 days 00:00:21.516573,0.0784933337956002,11,8,0.9397299061571364,14,0.47894892367638475,COMPLETE
7666,7666,0.5772657450076805,2021-02-09 11:15:36.417992,2021-02-09 11:15:47.211774,0 days 00:00:10.793782,9.519947919972579e-05,11,2,0.981816121176046,14,0.02444518180452198,COMPLETE
7667,7667,,2021-02-09 11:15:47.215602,2021-02-09 11:15:48.023688,0 days 00:00:00.808086,0.00019719179224167763,11,0,0.9440410449091777,14,0.015656325365051262,FAIL
7668,7668,0.5099846390168971,2021-02-09 11:15:48.028699,2021-02-09 11:15:59.300487,0 days 00:00:11.271788,0.00014931736018621486,11,2,0.9474128799556505,14,0.14095886024373536,COMPLETE
7669,7669,,2021-02-09 11:15:59.304306,2021-02-09 11:16:00.116647,0 days 00:00:00.812341,0.0001349677445895185,11,0,0.9443012453559152,14,0.018639381103120863,FAIL
7670,7670,0.5539170506912442,2021-02-09 11:16:00.119728,2021-02-09 11:16:11.074562,0 days 00:00:10.954834,0.0001209546255016781,11,2,0.9437257671379894,14,0.2230920666364494,COMPLETE
7671,7671,,2021-02-09 11:16:11.078320,2021-02-09 11:16:11.886534,0 days 00:00:00.808214,7.849065436763949e-05,11,0,0.93901029769125,14,0.27469873727637195,FAIL
7672,7672,,2021-02-09 11:16:11.889474,2021-02-09 11:16:12.690588,0 days 00:00:00.801114,8.432848558068518e-05,11,0,0.9398546827685783,14,0.1764327643726819,FAIL
7673,7673,,2021-02-09 11:16:12.695677,2021-02-09 11:16:13.496738,0 days 00:00:00.801061,0.00020508342254160454,11,0,0.9378837559474992,14,0.2543325931915729,FAIL
7674,7674,0.6,2021-02-09 11:16:13.501664,2021-02-09 11:16:25.183740,0 days 00:00:11.682076,7.320440583845202e-05,11,8,0.9406543905079294,14,0.1857802378506668,COMPLETE
7675,7675,,2021-02-09 11:16:25.187515,2021-02-09 11:16:25.984466,0 days 00:00:00.796951,0.00017616677490057825,11,0,0.905695561508107,14,0.20787750061246582,FAIL
7676,7676,,2021-02-09 11:16:25.989433,2021-02-09 11:16:26.797682,0 days 00:00:00.808249,0.000209184257540292,11,0,0.944066256645933,14,0.31769629191451915,FAIL
7677,7677,0.5864823348694317,2021-02-09 11:16:26.800795,2021-02-09 11:16:42.472236,0 days 00:00:15.671441,0.00018589076042665098,11,2,0.9429428295061777,14,0.16110232405103025,COMPLETE
7678,7678,,2021-02-09 11:16:42.476023,2021-02-09 11:16:43.286007,0 days 00:00:00.809984,9.59399104738925e-05,11,0,0.9388908971747172,14,0.17171772261428525,FAIL
7679,7679,0.47803379416282643,2021-02-09 11:16:43.291025,2021-02-09 11:16:54.627499,0 days 00:00:11.336474,9.574457041843849e-05,11,8,0.9397783995450549,14,0.49051571625605156,COMPLETE
7680,7680,0.5901689708141321,2021-02-09 11:16:54.631351,2021-02-09 11:17:05.958546,0 days 00:00:11.327195,0.00013990032311081058,11,6,0.905045281142542,14,0.31702747865997105,COMPLETE
7681,7681,0.5483870967741935,2021-02-09 11:17:05.962319,2021-02-09 11:17:16.613416,0 days 00:00:10.651097,0.0002000953855349477,11,2,0.9435461497165603,14,0.2656157634267903,COMPLETE
7682,7682,0.42304147465437786,2021-02-09 11:17:16.617206,2021-02-09 11:17:27.565367,0 days 00:00:10.948161,0.00021107044408301,11,2,0.9454063042771974,14,0.0521804669244043,COMPLETE
7683,7683,0.5290322580645161,2021-02-09 11:17:27.569123,2021-02-09 11:17:39.163912,0 days 00:00:11.594789,0.00012425906688441854,11,8,0.9019753088235174,14,0.11216764602612493,COMPLETE
7684,7684,,2021-02-09 11:17:39.167701,2021-02-09 11:17:39.984873,0 days 00:00:00.817172,9.385459907157635e-05,11,0,0.9391296888157705,14,0.020477288219771784,FAIL
7685,7685,,2021-02-09 11:17:39.989891,2021-02-09 11:17:40.823513,0 days 00:00:00.833622,9.136742075306536e-05,11,0,0.9392926942271392,14,0.022500455085425915,FAIL
