,number,value,datetime_start,datetime_complete,duration,params_lr,params_nl2,params_num_ct,params_scheduler_gamma,params_sigma2,params_weight_decay,state
5695,5695,,2021-02-09 05:33:52.684863,2021-02-09 05:33:53.423392,0 days 00:00:00.738529,0.00024202229410449742,15,0,0.9043087959689743,16,0.020537783879473432,FAIL
5696,5696,0.498310291858679,2021-02-09 05:33:53.427023,2021-02-09 05:34:15.029984,0 days 00:00:21.602961,0.0009032901733970818,15,8,0.9030537436697331,16,0.020593238008317815,COMPLETE
5697,5697,0.4786482334869432,2021-02-09 05:34:15.032871,2021-02-09 05:34:26.007231,0 days 00:00:10.974360,1.0017789233477933e-05,11,2,0.9731340769853277,18,0.022756017782071942,COMPLETE
5698,5698,,2021-02-09 05:34:26.010142,2021-02-09 05:34:26.757844,0 days 00:00:00.747702,0.00011016553027906751,9,0,0.9329751918555087,16,0.025278761306045085,FAIL
5699,5699,,2021-02-09 05:34:26.759979,2021-02-09 05:34:27.645915,0 days 00:00:00.885936,0.00011264411536902536,9,0,0.9312129979730314,16,0.024467105580138437,FAIL
5700,5700,0.4150537634408602,2021-02-09 05:34:27.649565,2021-02-09 05:34:38.448669,0 days 00:00:10.799104,0.00010920788597138125,15,4,0.9352262609332062,16,0.02579621328415016,COMPLETE
5701,5701,0.46728110599078343,2021-02-09 05:34:38.451566,2021-02-09 05:35:34.138116,0 days 00:00:55.686550,0.00025900123985459845,9,2,0.9046733783226583,16,0.01799114605338283,COMPLETE
5702,5702,0.538863287250384,2021-02-09 05:35:34.140790,2021-02-09 05:35:50.942913,0 days 00:00:16.802123,0.00015794903636353252,11,8,0.9019522603460222,18,0.08593473603172821,COMPLETE
5703,5703,,2021-02-09 05:35:50.945842,2021-02-09 05:35:51.729951,0 days 00:00:00.784109,0.0006370709908413854,15,0,0.9416727875581536,16,0.034161688527123014,FAIL
5704,5704,0.5963133640552996,2021-02-09 05:35:51.733620,2021-02-09 05:36:12.514630,0 days 00:00:20.781010,0.0005542330813703398,15,2,0.941427691361284,16,0.015504482903985813,COMPLETE
5705,5705,,2021-02-09 05:36:12.517520,2021-02-09 05:36:13.275752,0 days 00:00:00.758232,7.236965264460378e-05,15,0,0.9316751734921621,10,0.034649602167261775,FAIL
5706,5706,0.5634408602150538,2021-02-09 05:36:13.277845,2021-02-09 05:36:24.525941,0 days 00:00:11.248096,1.4291268994619474e-05,15,6,0.9316723347597374,18,0.034770121162323926,COMPLETE
5707,5707,0.5634408602150538,2021-02-09 05:36:24.528840,2021-02-09 05:36:41.275788,0 days 00:00:16.746948,0.0004247049814067831,11,8,0.9000028259676277,16,0.02834413150814381,COMPLETE
5708,5708,0.40921658986175113,2021-02-09 05:36:41.278716,2021-02-09 05:36:52.279639,0 days 00:00:11.000923,1.0023717453639591e-05,5,2,0.9664982935948906,14,0.038554989675491924,COMPLETE
5709,5709,0.570199692780338,2021-02-09 05:36:52.282550,2021-02-09 05:37:08.010577,0 days 00:00:15.728027,7.78195023426887e-05,9,2,0.9710317961139044,16,0.024613772654619847,COMPLETE
5710,5710,0.5606758832565284,2021-02-09 05:37:08.013488,2021-02-09 05:37:34.747130,0 days 00:00:26.733642,0.00021168895678201906,15,8,0.9063356102783351,18,0.031227199265966347,COMPLETE
5711,5711,0.44393241167434716,2021-02-09 05:37:34.750029,2021-02-09 05:38:10.792850,0 days 00:00:36.042821,0.00012355498166264432,13,2,0.9043559072569356,16,0.021686863396451123,COMPLETE
5712,5712,,2021-02-09 05:38:10.795792,2021-02-09 05:38:11.544060,0 days 00:00:00.748268,1.9094759386546362e-05,15,0,0.9016366335704826,16,0.025851384090744608,FAIL
5713,5713,0.37849462365591396,2021-02-09 05:38:11.547711,2021-02-09 05:38:22.447915,0 days 00:00:10.900204,0.0006119515063240502,15,6,0.9024736871046293,16,0.010407819602128108,COMPLETE
5714,5714,,2021-02-09 05:38:22.450829,2021-02-09 05:38:23.213860,0 days 00:00:00.763031,1.1935270405663872e-05,11,0,0.9438825821743692,18,0.026477731599392554,FAIL
5715,5715,0.43195084485407065,2021-02-09 05:38:23.216132,2021-02-09 05:38:34.773112,0 days 00:00:11.556980,1.7897854166932282e-05,11,8,0.9330221010783828,18,0.0341758444313069,COMPLETE
5716,5716,0.43410138248847924,2021-02-09 05:38:34.776030,2021-02-09 05:38:45.974862,0 days 00:00:11.198832,0.0002876665109674703,15,2,0.9640460258178485,16,0.026883304927256678,COMPLETE
5717,5717,0.47772657450076805,2021-02-09 05:38:45.977808,2021-02-09 05:38:56.547402,0 days 00:00:10.569594,1.2339014012277368e-05,15,4,0.9161877035986427,16,0.02904765634064408,COMPLETE
5718,5718,,2021-02-09 05:38:56.550362,2021-02-09 05:38:57.319224,0 days 00:00:00.768862,0.0011033259457142726,17,0,0.9451134749412134,18,0.02473085325747365,FAIL
5719,5719,0.5717357910906298,2021-02-09 05:38:57.322788,2021-02-09 05:39:37.774228,0 days 00:00:40.451440,0.0003472128075287613,17,2,0.9087307585454669,18,0.024367129114831403,COMPLETE
5720,5720,,2021-02-09 05:39:37.777144,2021-02-09 05:39:38.527549,0 days 00:00:00.750405,0.0013238993780563012,11,0,0.9441576391502273,16,0.03202118504589643,FAIL
5721,5721,,2021-02-09 05:39:38.531101,2021-02-09 05:39:39.295027,0 days 00:00:00.763926,0.0007581197497217239,9,0,0.9682793729709671,16,0.03114920991885776,FAIL
5722,5722,0.5649769585253456,2021-02-09 05:39:39.298471,2021-02-09 05:40:48.794187,0 days 00:01:09.495716,0.0010326407180397301,9,8,0.968211148849222,16,0.036903943555226276,COMPLETE
5723,5723,,2021-02-09 05:40:48.797122,2021-02-09 05:40:49.539591,0 days 00:00:00.742469,0.0012717832598543755,11,0,0.9770308796188253,16,0.03159223054358964,FAIL
5724,5724,0.5714285714285714,2021-02-09 05:40:49.543240,2021-02-09 05:41:00.401395,0 days 00:00:10.858155,0.0007966793937848683,11,2,0.9433287122814324,16,0.019763531682160402,COMPLETE
5725,5725,0.5714285714285714,2021-02-09 05:41:00.404343,2021-02-09 05:41:11.833929,0 days 00:00:11.429586,2.3669107371909053e-05,15,8,0.9453083117886456,16,0.03164788743874625,COMPLETE
5726,5726,0.40675883256528417,2021-02-09 05:41:11.836864,2021-02-09 05:42:01.920476,0 days 00:00:50.083612,0.00047430517860779235,11,2,0.9034549360688372,18,0.04284092458861926,COMPLETE
5727,5727,,2021-02-09 05:42:01.923414,2021-02-09 05:42:02.690390,0 days 00:00:00.766976,0.0013521572192898084,13,0,0.9000688342102079,16,0.02657091221023405,FAIL
5728,5728,,2021-02-09 05:42:02.693929,2021-02-09 05:42:03.425431,0 days 00:00:00.731502,0.0013602900655504857,15,0,0.9019973421653968,16,0.022318564387906116,FAIL
5729,5729,0.5827956989247312,2021-02-09 05:42:03.429051,2021-02-09 05:42:14.277047,0 days 00:00:10.847996,0.0016315278789081208,13,6,0.9301567885349957,16,0.022370163008584305,COMPLETE
5730,5730,0.469431643625192,2021-02-09 05:42:14.279961,2021-02-09 05:42:25.898552,0 days 00:00:11.618591,0.00013256668883654076,5,10,0.9769903139826103,18,0.0261775077582968,COMPLETE
5731,5731,,2021-02-09 05:42:25.901489,2021-02-09 05:42:26.796012,0 days 00:00:00.894523,0.0013263062720169697,15,0,0.9377376455511489,16,0.03322471563502492,FAIL
5732,5732,,2021-02-09 05:42:26.799548,2021-02-09 05:42:27.587126,0 days 00:00:00.787578,9.984666552117055e-05,15,0,0.9015713613375727,16,0.03315974800879234,FAIL
5733,5733,,2021-02-09 05:42:27.589288,2021-02-09 05:42:28.329837,0 days 00:00:00.740549,0.0013287478633038708,15,0,0.9000103151527192,16,0.032917779788007945,FAIL
5734,5734,0.4064516129032258,2021-02-09 05:42:28.332102,2021-02-09 05:42:49.234411,0 days 00:00:20.902309,9.869192500232923e-05,15,2,0.9012651478675422,16,0.03337011341034357,COMPLETE
5735,5735,0.39938556067588327,2021-02-09 05:42:49.237351,2021-02-09 05:43:00.384438,0 days 00:00:11.147087,0.0006360862204062534,15,8,0.9064654620615165,16,0.029012691018380696,COMPLETE
5736,5736,0.623963133640553,2021-02-09 05:43:00.387365,2021-02-09 05:43:16.149558,0 days 00:00:15.762193,0.0020767258157246334,11,2,0.9393776347371873,18,0.07069833049125107,COMPLETE
5737,5737,,2021-02-09 05:43:16.152497,2021-02-09 05:43:16.891155,0 days 00:00:00.738658,1.1793376788031147e-05,9,0,0.9373414748541912,16,0.04067538747585489,FAIL
5738,5738,0.4967741935483871,2021-02-09 05:43:16.894802,2021-02-09 05:43:32.700941,0 days 00:00:15.806139,0.0013017559144328724,9,2,0.9369435317669119,16,0.024531334615740908,COMPLETE
5739,5739,,2021-02-09 05:43:32.703883,2021-02-09 05:43:33.447270,0 days 00:00:00.743387,1.4613514097684554e-05,15,0,0.9036920214402414,18,0.040178168429500186,FAIL
5740,5740,0.6199692780337942,2021-02-09 05:43:33.449374,2021-02-09 05:43:44.970954,0 days 00:00:11.521580,1.4662106353591967e-05,15,8,0.9595975354953677,18,0.03949148745518318,COMPLETE
5741,5741,,2021-02-09 05:43:44.973892,2021-02-09 05:43:45.744030,0 days 00:00:00.770138,0.0001553794717075676,11,0,0.9506615819236591,16,0.026893688840704078,FAIL
5742,5742,0.5434715821812596,2021-02-09 05:43:45.746213,2021-02-09 05:43:56.624579,0 days 00:00:10.878366,0.00014818693300235695,11,2,0.9038275555036295,16,0.03074866970787207,COMPLETE
5743,5743,0.6144393241167435,2021-02-09 05:43:56.627527,2021-02-09 05:44:12.524638,0 days 00:00:15.897111,1.133777234939453e-05,15,4,0.9012096882470418,14,0.04590353843792235,COMPLETE
5744,5744,,2021-02-09 05:44:12.527565,2021-02-09 05:44:13.272540,0 days 00:00:00.744975,1.9601310601796586e-05,15,0,0.9511750916811282,16,0.035025644282575374,FAIL
5745,5745,,2021-02-09 05:44:13.276155,2021-02-09 05:44:14.043144,0 days 00:00:00.766989,1.7952724529720352e-05,15,0,0.969611573572302,16,0.027085389938530005,FAIL
5746,5746,,2021-02-09 05:44:14.045278,2021-02-09 05:44:14.769004,0 days 00:00:00.723726,6.696472555898765e-05,15,0,0.969363785682462,16,0.027346444399106856,FAIL
5747,5747,,2021-02-09 05:44:14.772468,2021-02-09 05:44:15.511535,0 days 00:00:00.739067,1.696379085380154e-05,15,0,0.9740473140067469,16,0.02668684503444765,FAIL
5748,5748,,2021-02-09 05:44:15.513662,2021-02-09 05:44:16.244825,0 days 00:00:00.731163,1.9266139118308353e-05,15,0,0.9716356076130828,16,0.034941041582893156,FAIL
5749,5749,,2021-02-09 05:44:16.246848,2021-02-09 05:44:17.142716,0 days 00:00:00.895868,0.00019026660245986522,15,0,0.9698527492028927,16,0.03567161479739158,FAIL
5750,5750,,2021-02-09 05:44:17.146210,2021-02-09 05:44:17.919582,0 days 00:00:00.773372,1.679420975958909e-05,15,0,0.9000147350406421,16,0.026834195394883655,FAIL
5751,5751,0.45837173579109064,2021-02-09 05:44:17.923205,2021-02-09 05:44:29.328063,0 days 00:00:11.404858,0.0001972193809816178,15,8,0.9000521067372103,16,0.026368167608261005,COMPLETE
5752,5752,,2021-02-09 05:44:29.331004,2021-02-09 05:44:30.075816,0 days 00:00:00.744812,6.837934140129588e-05,11,0,0.9048868196915065,18,0.034661727227080226,FAIL
5753,5753,,2021-02-09 05:44:30.079263,2021-02-09 05:44:30.848950,0 days 00:00:00.769687,6.424273232973972e-05,11,0,0.9696115065268386,18,0.03493640028582329,FAIL
5754,5754,0.421505376344086,2021-02-09 05:44:30.851209,2021-02-09 05:44:41.559146,0 days 00:00:10.707937,6.486606780112984e-05,11,2,0.9128374227045626,18,0.03597655104608551,COMPLETE
5755,5755,0.3880184331797235,2021-02-09 05:44:41.562105,2021-02-09 05:44:57.981724,0 days 00:00:16.419619,1.9879173494706422e-05,15,6,0.9052383377640137,16,0.023249198040280833,COMPLETE
5756,5756,,2021-02-09 05:44:57.984648,2021-02-09 05:44:58.727655,0 days 00:00:00.743007,0.0003607701865083188,13,0,0.9693628112601265,16,0.021672329482776066,FAIL
5757,5757,0.4221198156682028,2021-02-09 05:44:58.729896,2021-02-09 05:45:09.785337,0 days 00:00:11.055441,0.0004235083960458225,13,8,0.9509204672808287,16,0.027720888509671023,COMPLETE
5758,5758,,2021-02-09 05:45:09.788275,2021-02-09 05:45:10.535491,0 days 00:00:00.747216,0.00010957573238209707,9,0,0.9700106948300444,18,0.03266626787431135,FAIL
5759,5759,,2021-02-09 05:45:10.539111,2021-02-09 05:45:11.300721,0 days 00:00:00.761610,8.510082377100523e-05,9,0,0.9742340067691158,18,0.020368232796373648,FAIL
5760,5760,,2021-02-09 05:45:11.304308,2021-02-09 05:45:12.044004,0 days 00:00:00.739696,0.00011260028868295479,9,0,0.9345818934228999,18,0.02036970017670498,FAIL
5761,5761,,2021-02-09 05:45:12.046124,2021-02-09 05:45:12.768693,0 days 00:00:00.722569,1.6240773215844647e-05,9,0,0.969085808649578,18,0.013113769706644235,FAIL
5762,5762,0.5499231950844854,2021-02-09 05:45:12.772239,2021-02-09 05:45:53.028165,0 days 00:00:40.255926,0.00010900948164071952,9,2,0.9685304328016497,18,0.031938903860879865,COMPLETE
5763,5763,,2021-02-09 05:45:53.031121,2021-02-09 05:45:53.777975,0 days 00:00:00.746854,1.6702636116419417e-05,5,0,0.9000074652591339,16,0.02107257382166672,FAIL
5764,5764,0.5794162826420891,2021-02-09 05:45:53.781562,2021-02-09 05:46:04.938758,0 days 00:00:11.157196,8.634742860647695e-05,15,8,0.9344000305253124,16,0.021714643772542088,COMPLETE
5765,5765,0.5634408602150538,2021-02-09 05:46:04.941719,2021-02-09 05:46:20.993222,0 days 00:00:16.051503,1.5861773443120916e-05,17,2,0.9743972163859977,10,0.03424644833805802,COMPLETE
5766,5766,0.5923195084485408,2021-02-09 05:46:20.996170,2021-02-09 05:46:32.004388,0 days 00:00:11.008218,0.0008928566037731689,11,2,0.9704385290466203,18,0.03849540286507171,COMPLETE
5767,5767,0.4325652841781874,2021-02-09 05:46:32.007320,2021-02-09 05:46:43.520298,0 days 00:00:11.512978,1.2038279703528282e-05,15,8,0.9027484016035524,16,0.020426162448772163,COMPLETE
5768,5768,0.6190476190476191,2021-02-09 05:46:43.523247,2021-02-09 05:46:54.517643,0 days 00:00:10.994396,0.00035096383831870025,11,6,0.9419076050173731,16,0.029457625688466174,COMPLETE
5769,5769,0.4737327188940092,2021-02-09 05:46:54.520566,2021-02-09 05:47:04.959999,0 days 00:00:10.439433,0.0005628796103504703,5,2,0.9659032655611979,16,0.025604620780666262,COMPLETE
5770,5770,,2021-02-09 05:47:04.962960,2021-02-09 05:47:05.695536,0 days 00:00:00.732576,0.0006928083106216996,7,0,0.9046330503809715,18,0.023589540705061904,FAIL
5771,5771,,2021-02-09 05:47:05.697763,2021-02-09 05:47:06.601654,0 days 00:00:00.903891,0.000249235650160589,7,0,0.9046192650157177,18,0.04084534860751966,FAIL
5772,5772,0.45499231950844854,2021-02-09 05:47:06.605302,2021-02-09 05:47:22.535293,0 days 00:00:15.929991,0.0001375798813982068,7,4,0.9625038862802356,18,0.023408328043869393,COMPLETE
5773,5773,,2021-02-09 05:47:22.538273,2021-02-09 05:47:31.729674,0 days 00:00:09.191401,0.000719903963980556,15,2,0.9047000825893735,16,0.027667359408704576,FAIL
5774,5774,0.5984639016897081,2021-02-09 05:47:31.732707,2021-02-09 05:47:47.579854,0 days 00:00:15.847147,0.00026550095912623455,15,2,0.9044359318122654,16,0.01289279216295388,COMPLETE
5775,5775,,2021-02-09 05:47:47.582795,2021-02-09 05:47:48.323857,0 days 00:00:00.741062,0.0006772084423285365,15,0,0.9019454163998805,18,0.0420458351488281,FAIL
5776,5776,,2021-02-09 05:47:48.327538,2021-02-09 05:47:49.092916,0 days 00:00:00.765378,0.00047211377354832725,15,0,0.901680914192373,18,0.02761719853928709,FAIL
5777,5777,0.5849462365591398,2021-02-09 05:47:49.096419,2021-02-09 05:48:22.103524,0 days 00:00:33.007105,0.0007358732797728921,15,8,0.9282902059987544,18,0.04151558419041343,COMPLETE
5778,5778,,2021-02-09 05:48:22.106463,2021-02-09 05:48:22.870937,0 days 00:00:00.764474,0.00017156412022866388,7,0,0.9015443868478171,14,0.027508802247983515,FAIL
5779,5779,,2021-02-09 05:48:22.874558,2021-02-09 05:48:23.646920,0 days 00:00:00.772362,0.0004758286029745687,7,0,0.9014250008173197,14,0.02716526981242979,FAIL
5780,5780,,2021-02-09 05:48:23.649121,2021-02-09 05:48:24.400424,0 days 00:00:00.751303,0.0004868282012581723,7,0,0.9071085004264233,14,0.0324162893020986,FAIL
5781,5781,,2021-02-09 05:48:24.402544,2021-02-09 05:48:25.150262,0 days 00:00:00.747718,0.0005127066409451363,7,0,0.9014631767556759,14,0.027892325977161313,FAIL
5782,5782,,2021-02-09 05:48:25.152290,2021-02-09 05:48:25.889090,0 days 00:00:00.736800,1.3738161559312086e-05,7,0,0.907430601031208,16,0.028219641671430342,FAIL
5783,5783,,2021-02-09 05:48:25.891117,2021-02-09 05:48:26.629324,0 days 00:00:00.738207,1.0021303388466421e-05,7,0,0.9018886732487134,14,0.028237752420748958,FAIL
5784,5784,0.6018433179723502,2021-02-09 05:48:26.632819,2021-02-09 05:48:37.910279,0 days 00:00:11.277460,1.363063104605172e-05,7,2,0.9015192273090307,16,0.02768038923095505,COMPLETE
5785,5785,,2021-02-09 05:48:37.913211,2021-02-09 05:48:38.659494,0 days 00:00:00.746283,0.00048584340338554043,13,0,0.9721334471246981,14,0.03146923036838976,FAIL
5786,5786,,2021-02-09 05:48:38.661605,2021-02-09 05:48:39.407143,0 days 00:00:00.745538,0.00016492866528092158,15,0,0.9069292465535832,14,0.03587939900665753,FAIL
5787,5787,,2021-02-09 05:48:39.410756,2021-02-09 05:48:40.153522,0 days 00:00:00.742766,0.0004881935476404206,13,0,0.9719809684081498,14,0.035564347540511194,FAIL
5788,5788,0.39109062980030723,2021-02-09 05:48:40.155750,2021-02-09 05:48:51.404859,0 days 00:00:11.249109,0.0004974149253142639,15,8,0.9108034273740724,14,0.03202581258935671,COMPLETE
5789,5789,0.37450076804915516,2021-02-09 05:48:51.407858,2021-02-09 05:49:02.722817,0 days 00:00:11.314959,0.0001620402959413601,9,2,0.9032315682530512,16,0.018927049880291185,COMPLETE
5790,5790,0.4740399385560676,2021-02-09 05:49:02.725767,2021-02-09 05:49:14.371649,0 days 00:00:11.645882,1.0009662413741045e-05,11,6,0.900027943904581,12,0.0347876383539626,COMPLETE
5791,5791,,2021-02-09 05:49:14.374632,2021-02-09 05:49:15.132600,0 days 00:00:00.757968,0.0011142710095694247,7,0,0.9715377213214942,18,0.025126978159091068,FAIL
5792,5792,,2021-02-09 05:49:15.136350,2021-02-09 05:49:15.888121,0 days 00:00:00.751771,0.00010661140790348702,7,0,0.9720867544630671,18,0.02461651498834335,FAIL
5793,5793,,2021-02-09 05:49:15.890386,2021-02-09 05:49:16.624610,0 days 00:00:00.734224,0.00011879131584305147,7,0,0.9000036790620995,18,0.024496504669121382,FAIL
5794,5794,,2021-02-09 05:49:16.626760,2021-02-09 05:49:17.366375,0 days 00:00:00.739615,0.00011933757354975885,7,0,0.9058869543904612,18,0.025007922797998922,FAIL
5795,5795,0.5588325652841782,2021-02-09 05:49:17.368519,2021-02-09 05:49:28.167668,0 days 00:00:10.799149,0.001147706442053606,7,2,0.9722453698837425,18,0.02492810369211028,COMPLETE
5796,5796,0.5889400921658986,2021-02-09 05:49:28.170620,2021-02-09 05:49:49.738527,0 days 00:00:21.567907,0.00011434468595255099,13,8,0.905671381711887,16,0.03007788002758986,COMPLETE
5797,5797,,2021-02-09 05:49:49.741502,2021-02-09 05:49:50.492132,0 days 00:00:00.750630,0.0007060242994974623,15,0,0.9485361346360522,16,0.03552202025746109,FAIL
5798,5798,,2021-02-09 05:49:50.495835,2021-02-09 05:49:51.263443,0 days 00:00:00.767608,1.725596557517608e-05,15,0,0.9373221491497635,16,0.038004131718348204,FAIL
5799,5799,,2021-02-09 05:49:51.265604,2021-02-09 05:49:51.995201,0 days 00:00:00.729597,1.796059633380664e-05,15,0,0.9382455532135971,16,0.021746849787644202,FAIL
5800,5800,,2021-02-09 05:49:51.997334,2021-02-09 05:49:52.753321,0 days 00:00:00.755987,0.00024065069679479213,15,0,0.9469327126828478,16,0.027961015643888972,FAIL
5801,5801,0.4165898617511521,2021-02-09 05:49:52.755500,2021-02-09 05:50:03.531669,0 days 00:00:10.776169,1.7463243917133662e-05,15,2,0.9482290954632251,16,0.022200355505636305,COMPLETE
5802,5802,,2021-02-09 05:50:03.534612,2021-02-09 05:50:04.285085,0 days 00:00:00.750473,0.0006888170950888292,11,0,0.9081545257011492,16,0.03645775151815982,FAIL
5803,5803,,2021-02-09 05:50:04.288708,2021-02-09 05:50:05.200309,0 days 00:00:00.911601,0.0006543450974735305,11,0,0.9381563451347893,16,0.03691710970620692,FAIL
5804,5804,,2021-02-09 05:50:05.203850,2021-02-09 05:50:05.963507,0 days 00:00:00.759657,0.0007048981578865542,11,0,0.9085527865319725,16,0.027463897928955604,FAIL
5805,5805,,2021-02-09 05:50:05.967217,2021-02-09 05:50:06.732569,0 days 00:00:00.765352,0.00022573540734565693,11,0,0.9077481238023154,16,0.036642792942354216,FAIL
5806,5806,0.5560675883256528,2021-02-09 05:50:06.736234,2021-02-09 05:50:22.719624,0 days 00:00:15.983390,0.00037917999926755075,11,8,0.9074845412627861,16,0.03656598264156675,COMPLETE
5807,5807,,2021-02-09 05:50:22.722577,2021-02-09 05:50:23.476772,0 days 00:00:00.754195,0.0006477266527424781,7,0,0.9404159690713494,18,0.02672037445925268,FAIL
5808,5808,0.5606758832565284,2021-02-09 05:50:23.479119,2021-02-09 05:50:39.210331,0 days 00:00:15.731212,0.00021498555570575488,7,2,0.9016400080066354,18,0.02517954914123642,COMPLETE
5809,5809,,2021-02-09 05:50:39.213310,2021-02-09 05:50:40.100568,0 days 00:00:00.887258,0.000669662366701843,9,0,0.9320003683042537,16,0.027709325496776436,FAIL
5810,5810,0.5459293394777266,2021-02-09 05:50:40.102842,2021-02-09 05:50:50.957731,0 days 00:00:10.854889,0.0006419463781064762,9,2,0.932758698954718,16,0.028573130297763826,COMPLETE
5811,5811,0.46144393241167436,2021-02-09 05:50:50.960709,2021-02-09 05:51:01.763308,0 days 00:00:10.802599,1.1764062985356703e-05,15,4,0.9461139989037615,18,0.026820789708667525,COMPLETE
5812,5812,,2021-02-09 05:51:01.766291,2021-02-09 05:51:02.514300,0 days 00:00:00.748009,0.0002953958895204705,15,0,0.937980701154028,16,0.033108259331740886,FAIL
5813,5813,,2021-02-09 05:51:02.516510,2021-02-09 05:51:03.270326,0 days 00:00:00.753816,0.0009218283213402878,15,0,0.9031075558906465,16,0.032570140193024205,FAIL
5814,5814,,2021-02-09 05:51:03.273991,2021-02-09 05:51:04.055521,0 days 00:00:00.781530,9.552609628838356e-05,15,0,0.9409045420015305,16,0.03958477850727774,FAIL
5815,5815,,2021-02-09 05:51:04.057679,2021-02-09 05:51:04.783739,0 days 00:00:00.726060,8.817543899282011e-05,15,0,0.967085418147164,16,0.032344185038666366,FAIL
5816,5816,0.5526881720430108,2021-02-09 05:51:04.787413,2021-02-09 05:51:27.039960,0 days 00:00:22.252547,7.629699027250675e-05,15,8,0.9378021199124007,16,0.0331087953418736,COMPLETE
5817,5817,0.5259600614439324,2021-02-09 05:51:27.042925,2021-02-09 05:51:42.595459,0 days 00:00:15.552534,1.3737272360457852e-05,11,2,0.9030147907082763,16,0.020942320481968462,COMPLETE
5818,5818,0.37880184331797234,2021-02-09 05:51:42.598452,2021-02-09 05:51:53.384929,0 days 00:00:10.786477,0.00030753579676137265,7,6,0.9687979032780943,18,0.039629173726119585,COMPLETE
5819,5819,,2021-02-09 05:51:53.387965,2021-02-09 05:51:54.143685,0 days 00:00:00.755720,0.0009395480174164029,15,0,0.9443291969195098,16,0.07684547385637512,FAIL
5820,5820,0.49370199692780337,2021-02-09 05:51:54.147341,2021-02-09 05:52:10.606496,0 days 00:00:16.459155,8.883615229863784e-05,15,2,0.9440085463066625,16,0.023675727154167502,COMPLETE
