,number,value,datetime_start,datetime_complete,duration,params_lr,params_scheduler_gamma,params_weight_decay,state
1016,1016,0.5870967741935483,2021-02-07 01:47:59.268079,2021-02-07 01:48:10.328020,0 days 00:00:11.059941,0.04758164558037126,0.9552216200354289,0.030636544556355814,COMPLETE
1017,1017,0.5708141321044546,2021-02-07 01:48:10.328815,2021-02-07 01:48:20.886398,0 days 00:00:10.557583,0.038130346366459934,0.9577257414143072,0.2638297338992113,COMPLETE
1018,1018,0.567741935483871,2021-02-07 01:48:20.887190,2021-02-07 01:48:31.953422,0 days 00:00:11.066232,0.09629433544025791,0.9486531946048276,0.07234768257143126,COMPLETE
1019,1019,0.5576036866359447,2021-02-07 01:48:31.954209,2021-02-07 01:48:42.911928,0 days 00:00:10.957719,0.029795626218636125,0.9371541385215377,0.04286637879244121,COMPLETE
1020,1020,0.5434715821812596,2021-02-07 01:48:42.912700,2021-02-07 01:48:53.680199,0 days 00:00:10.767499,0.055293143611864506,0.9301699260671359,0.07049729321981485,COMPLETE
1021,1021,0.4273425499231951,2021-02-07 01:48:53.680992,2021-02-07 01:49:39.957610,0 days 00:00:46.276618,0.0009607581357919134,0.926920077179146,0.30283303989389804,COMPLETE
1022,1022,0.5133640552995392,2021-02-07 01:49:39.958391,2021-02-07 01:50:00.788545,0 days 00:00:20.830154,0.09986418807435067,0.9393410144340604,0.22163080089273438,COMPLETE
1023,1023,0.5658986175115207,2021-02-07 01:50:00.789336,2021-02-07 01:50:16.975770,0 days 00:00:16.186434,0.036604881029835945,0.934063274653444,0.23966341192680163,COMPLETE
1024,1024,0.5674347158218126,2021-02-07 01:50:16.976549,2021-02-07 01:50:37.887515,0 days 00:00:20.910966,0.046268871019476486,0.9444462022917283,0.27840317423467953,COMPLETE
1025,1025,0.6082949308755761,2021-02-07 01:50:37.888298,2021-02-07 01:50:53.619712,0 days 00:00:15.731414,0.028983240581593062,0.9499676187713033,0.02774488549366094,COMPLETE
1026,1026,0.6082949308755761,2021-02-07 01:50:53.620493,2021-02-07 01:51:04.504035,0 days 00:00:10.883542,0.05996179538092783,0.9523943519855145,0.3407112834791642,COMPLETE
1027,1027,0.5981566820276498,2021-02-07 01:51:04.504819,2021-02-07 01:51:21.267705,0 days 00:00:16.762886,0.03432566579279584,0.9480810372340108,0.05356031797541671,COMPLETE
1028,1028,0.5778801843317972,2021-02-07 01:51:21.268500,2021-02-07 01:51:32.333792,0 days 00:00:11.065292,0.07194070752348435,0.9897154633986418,0.24209735753549216,COMPLETE
1029,1029,0.5717357910906298,2021-02-07 01:51:32.334585,2021-02-07 01:51:43.696703,0 days 00:00:11.362118,0.04244354409939856,0.9400948688854593,0.12179245309631336,COMPLETE
1030,1030,0.6006144393241167,2021-02-07 01:51:43.697483,2021-02-07 01:52:04.562317,0 days 00:00:20.864834,0.025119134196287647,0.9467585410123114,0.098911001146165,COMPLETE
1031,1031,0.5947772657450077,2021-02-07 01:52:04.563116,2021-02-07 01:52:20.784695,0 days 00:00:16.221579,0.050448919281643106,0.935855077459192,0.07794516010757765,COMPLETE
1032,1032,0.4894009216589862,2021-02-07 01:52:20.785483,2021-02-07 01:52:36.588323,0 days 00:00:15.802840,0.028872840702498875,0.9426058838788668,0.25930754404725326,COMPLETE
1033,1033,0.5382488479262673,2021-02-07 01:52:36.589110,2021-02-07 01:52:52.826321,0 days 00:00:16.237211,0.03943283887635499,0.9566546884179112,0.2226677629589171,COMPLETE
1034,1034,0.5788018433179724,2021-02-07 01:52:52.827116,2021-02-07 01:53:08.735498,0 days 00:00:15.908382,0.05925301616855224,0.9379412631068936,0.029673559675313762,COMPLETE
1035,1035,0.5597542242703533,2021-02-07 01:53:08.736284,2021-02-07 01:53:24.962677,0 days 00:00:16.226393,0.03358615015473376,0.9455278029175757,0.3230627336550645,COMPLETE
1036,1036,0.5956989247311828,2021-02-07 01:53:24.963461,2021-02-07 01:53:45.918185,0 days 00:00:20.954724,0.048172104017117794,0.9399056789172116,0.20708028240081625,COMPLETE
1037,1037,0.4847926267281106,2021-02-07 01:53:45.918987,2021-02-07 01:53:56.955243,0 days 00:00:11.036256,0.02373945577646693,0.9414828983066706,0.2825953102248333,COMPLETE
1038,1038,0.5453149001536098,2021-02-07 01:53:56.956042,2021-02-07 01:54:12.766935,0 days 00:00:15.810893,0.07929397996058457,0.9438639031850259,0.05885672327972914,COMPLETE
1039,1039,0.5708141321044546,2021-02-07 01:54:12.767726,2021-02-07 01:54:23.488786,0 days 00:00:10.721060,0.04001545939729017,0.9497942569476747,0.03969232678462603,COMPLETE
1040,1040,0.5339477726574501,2021-02-07 01:54:23.489566,2021-02-07 01:54:34.588373,0 days 00:00:11.098807,0.029570508633141427,0.9468024537097407,0.013059562047001561,COMPLETE
1041,1041,0.5566820276497696,2021-02-07 01:54:34.589169,2021-02-07 01:54:50.763974,0 days 00:00:16.174805,0.0652712359854194,0.94483678479501,0.2557364664168398,COMPLETE
1042,1042,0.5514592933947773,2021-02-07 01:54:50.764770,2021-02-07 01:55:06.149567,0 days 00:00:15.384797,0.05292005319477869,0.931005442258111,0.296749372939662,COMPLETE
1043,1043,0.6199692780337942,2021-02-07 01:55:06.150358,2021-02-07 01:55:16.986658,0 days 00:00:10.836300,0.03518817417038972,0.9415984504049736,0.2034992446719227,COMPLETE
1044,1044,0.5637480798771122,2021-02-07 01:55:16.987452,2021-02-07 01:55:28.023432,0 days 00:00:11.035980,0.043810698970585045,0.9409068544530409,0.19584343849311192,COMPLETE
1045,1045,0.4697388632872504,2021-02-07 01:55:28.024245,2021-02-07 01:55:39.209369,0 days 00:00:11.185124,0.03725263469861382,0.942225057221963,0.18791015973167244,COMPLETE
1046,1046,0.6248847926267281,2021-02-07 01:55:39.210161,2021-02-07 01:55:49.995086,0 days 00:00:10.784925,0.03709359757371348,0.9391664978164769,0.19879764934217858,COMPLETE
1047,1047,0.5511520737327189,2021-02-07 01:55:49.995888,2021-02-07 01:56:05.765551,0 days 00:00:15.769663,0.042437810455514466,0.9378408914435571,0.17654284772363057,COMPLETE
1048,1048,0.5907834101382489,2021-02-07 01:56:05.766342,2021-02-07 01:56:21.825580,0 days 00:00:16.059238,0.04864608272252257,0.9399869940894301,0.20171652473467452,COMPLETE
1049,1049,0.5726574500768049,2021-02-07 01:56:21.826372,2021-02-07 01:56:32.551030,0 days 00:00:10.724658,0.036518911048014344,0.93699741346683,0.1837755851446265,COMPLETE
1050,1050,0.6027649769585254,2021-02-07 01:56:32.551820,2021-02-07 01:56:43.219198,0 days 00:00:10.667378,0.05135129534561532,0.9386827779430803,0.20531510878187106,COMPLETE
1051,1051,0.5990783410138248,2021-02-07 01:56:43.219998,2021-02-07 01:56:59.092661,0 days 00:00:15.872663,0.036029718083136576,0.9393086730845595,0.20631026778063358,COMPLETE
1052,1052,0.6009216589861751,2021-02-07 01:56:59.093462,2021-02-07 01:57:09.756106,0 days 00:00:10.662644,0.043241963133505056,0.935604389420982,0.17449042517200317,COMPLETE
1053,1053,0.5419354838709678,2021-02-07 01:57:09.756912,2021-02-07 01:57:20.613924,0 days 00:00:10.857012,0.05508242847150636,0.9367377629634922,0.21340638995139774,COMPLETE
1054,1054,0.5029185867895545,2021-02-07 01:57:20.614730,2021-02-07 01:57:31.576416,0 days 00:00:10.961686,0.0420281431863453,0.9378388238914107,0.19359290318825484,COMPLETE
1055,1055,0.5923195084485408,2021-02-07 01:57:31.577212,2021-02-07 01:57:42.593609,0 days 00:00:11.016397,0.05929744597522488,0.939840570011276,0.21992946729265422,COMPLETE
1056,1056,0.5450076804915515,2021-02-07 01:57:42.594403,2021-02-07 01:57:58.766417,0 days 00:00:16.172014,0.039254882165571235,0.9392528976322118,0.18332558291088236,COMPLETE
1057,1057,0.5993855606758832,2021-02-07 01:57:58.767231,2021-02-07 01:58:14.395742,0 days 00:00:15.628511,0.033235952634367974,0.9418108260701495,0.1987931299508349,COMPLETE
1058,1058,0.5671274961597542,2021-02-07 01:58:14.396533,2021-02-07 01:58:25.133339,0 days 00:00:10.736806,0.032002898940254286,0.9352640026668935,0.16751645639085963,COMPLETE
1059,1059,0.5831029185867895,2021-02-07 01:58:25.134157,2021-02-07 01:58:36.226500,0 days 00:00:11.092343,0.05021011404220881,0.940637498456736,0.15453170116295517,COMPLETE
1060,1060,0.49185867895545315,2021-02-07 01:58:36.227314,2021-02-07 01:58:51.957935,0 days 00:00:15.730621,0.06611106036891909,0.9378931065859715,0.19512562366495856,COMPLETE
1061,1061,0.5155145929339477,2021-02-07 01:58:51.958757,2021-02-07 01:59:08.089826,0 days 00:00:16.131069,0.03504264996580814,0.9408543535212688,0.3655693642949999,COMPLETE
1062,1062,0.5698924731182796,2021-02-07 01:59:08.090643,2021-02-07 01:59:24.073880,0 days 00:00:15.983237,0.045289388195877245,0.9365542567720564,0.21939736021598893,COMPLETE
1063,1063,0.6064516129032258,2021-02-07 01:59:24.074698,2021-02-07 01:59:39.983917,0 days 00:00:15.909219,0.03211155519487002,0.9382320531660246,0.17644669781332403,COMPLETE
1064,1064,0.5993855606758832,2021-02-07 01:59:39.984716,2021-02-07 02:00:01.130858,0 days 00:00:21.146142,0.039529583359489334,0.9423056442595145,0.157662946993448,COMPLETE
1065,1065,0.6147465437788019,2021-02-07 02:00:01.131660,2021-02-07 02:00:12.315209,0 days 00:00:11.183549,0.0544739100928304,0.9346141092584619,0.20669660889919503,COMPLETE
1066,1066,0.4838709677419355,2021-02-07 02:00:12.316012,2021-02-07 02:00:28.423676,0 days 00:00:16.107664,0.04337492325659977,0.9394532346831799,0.17467635989509597,COMPLETE
1067,1067,0.5385560675883256,2021-02-07 02:00:28.424479,2021-02-07 02:00:44.303085,0 days 00:00:15.878606,0.03116079900603339,0.9414859632155608,0.18580115209667297,COMPLETE
1068,1068,0.541321044546851,2021-02-07 02:00:44.303881,2021-02-07 02:00:55.470944,0 days 00:00:11.167063,0.07889691515317426,0.9434029684498744,0.13070460702375838,COMPLETE
1069,1069,0.56036866359447,2021-02-07 02:00:55.471755,2021-02-07 02:01:11.645660,0 days 00:00:16.173905,0.047298256144954455,0.9395980638577346,0.11360812933971318,COMPLETE
1070,1070,0.5658986175115207,2021-02-07 02:01:11.646459,2021-02-07 02:01:22.599521,0 days 00:00:10.953062,0.0643991997836192,0.9583075706277817,0.05114182986631907,COMPLETE
1071,1071,0.5665130568356375,2021-02-07 02:01:22.600340,2021-02-07 02:01:33.201477,0 days 00:00:10.601137,0.038913259838696694,0.9516268101660852,0.23005025680535368,COMPLETE
1072,1072,0.46728110599078343,2021-02-07 02:01:33.202284,2021-02-07 02:01:49.037036,0 days 00:00:15.834752,0.05915919211010552,0.9542254686946263,0.22480823160430125,COMPLETE
1073,1073,0.5044546850998464,2021-02-07 02:01:49.037839,2021-02-07 02:01:59.888763,0 days 00:00:10.850924,0.04824393244644787,0.9367859141224748,0.2462633205257277,COMPLETE
1074,1074,0.5278033794162826,2021-02-07 02:01:59.889570,2021-02-07 02:02:15.640477,0 days 00:00:15.750907,0.029217946386648992,0.9424717544509358,0.3338319924145239,COMPLETE
1075,1075,0.57357910906298,2021-02-07 02:02:15.641282,2021-02-07 02:02:26.578770,0 days 00:00:10.937488,0.035745347988896344,0.938530464013436,0.017045389289133375,COMPLETE
1076,1076,0.5615975422427035,2021-02-07 02:02:26.579579,2021-02-07 02:02:37.486476,0 days 00:00:10.906897,0.034344390646844226,0.9410775738306323,0.1629735651912037,COMPLETE
1077,1077,0.42672811059907834,2021-02-07 02:02:37.487298,2021-02-07 02:02:48.720757,0 days 00:00:11.233459,0.00013981085422461322,0.9446508584243789,0.20584397459276646,COMPLETE
1078,1078,0.5849462365591398,2021-02-07 02:02:48.721570,2021-02-07 02:03:09.587751,0 days 00:00:20.866181,0.029426091832885363,0.9428911548587786,0.01945889596693181,COMPLETE
1079,1079,0.5345622119815668,2021-02-07 02:03:09.588555,2021-02-07 02:03:20.536776,0 days 00:00:10.948221,0.07389688516767713,0.9337656739091816,0.27649349432746806,COMPLETE
1080,1080,0.6030721966205838,2021-02-07 02:03:20.537588,2021-02-07 02:03:36.301098,0 days 00:00:15.763510,0.054320672311746955,0.9479429678997837,0.023096384244702117,COMPLETE
1081,1081,0.5963133640552996,2021-02-07 02:03:36.301911,2021-02-07 02:03:47.014641,0 days 00:00:10.712730,0.04131015630957905,0.9406426026504119,0.18185258343052424,COMPLETE
1082,1082,0.5947772657450077,2021-02-07 02:03:47.015454,2021-02-07 02:03:57.766173,0 days 00:00:10.750719,0.04581714919299852,0.9383615225630305,0.15528034961084594,COMPLETE
1083,1083,0.546236559139785,2021-02-07 02:03:57.766992,2021-02-07 02:04:13.815033,0 days 00:00:16.048041,0.03700950273431659,0.9436501652987627,0.14823303024569368,COMPLETE
1084,1084,0.5668202764976958,2021-02-07 02:04:13.815853,2021-02-07 02:04:24.642228,0 days 00:00:10.826375,0.061342085648165144,0.9456597264531578,0.24664659332024302,COMPLETE
1085,1085,0.605837173579109,2021-02-07 02:04:24.643049,2021-02-07 02:04:35.755173,0 days 00:00:11.112124,0.05233827020730043,0.9531790694339111,0.3088819568738987,COMPLETE
1086,1086,0.5815668202764976,2021-02-07 02:04:35.755977,2021-02-07 02:04:56.967511,0 days 00:00:21.211534,0.028306661600507352,0.9412774227720497,0.14277041065099066,COMPLETE
1087,1087,0.4592933947772657,2021-02-07 02:04:56.968319,2021-02-07 02:05:12.821883,0 days 00:00:15.853564,0.07825279413300303,0.9495589740937369,0.19503089268655077,COMPLETE
1088,1088,0.5680491551459294,2021-02-07 02:05:12.822709,2021-02-07 02:05:23.595191,0 days 00:00:10.772482,0.033081979627436864,0.9363885701938112,0.18297398996438818,COMPLETE
1089,1089,0.6178187403993856,2021-02-07 02:05:23.596001,2021-02-07 02:05:39.885923,0 days 00:00:16.289922,0.04122522590024987,0.9398374425835888,0.045522184303108684,COMPLETE
1090,1090,0.5336405529953917,2021-02-07 02:05:39.886744,2021-02-07 02:05:50.602196,0 days 00:00:10.715452,0.04685094603064632,0.9376840575806052,0.047001391656422184,COMPLETE
1091,1091,0.5631336405529954,2021-02-07 02:05:50.603017,2021-02-07 02:06:06.951630,0 days 00:00:16.348613,0.04358337302573278,0.934919679260178,0.046775151989651036,COMPLETE
1092,1092,0.5038402457757296,2021-02-07 02:06:06.952442,2021-02-07 02:06:17.981460,0 days 00:00:11.029018,0.05476477220182361,0.9392741408657347,0.052631971547998424,COMPLETE
1093,1093,0.5216589861751152,2021-02-07 02:06:17.982266,2021-02-07 02:06:28.865291,0 days 00:00:10.883025,0.04166700286227172,0.9363651404006323,0.04129280581000908,COMPLETE
1094,1094,0.4740399385560676,2021-02-07 02:06:28.866109,2021-02-07 02:06:39.971285,0 days 00:00:11.105176,0.03974840356555893,0.9395338242859985,0.06854261626896171,COMPLETE
1095,1095,0.5434715821812596,2021-02-07 02:06:39.972099,2021-02-07 02:06:55.786390,0 days 00:00:15.814291,0.06371471541763232,0.9382609994569753,0.0385185348292497,COMPLETE
1096,1096,0.5791090629800307,2021-02-07 02:06:55.787222,2021-02-07 02:07:11.596022,0 days 00:00:15.808800,0.05020502130113571,0.9560593882698059,0.059887831089757614,COMPLETE
1097,1097,0.6009216589861751,2021-02-07 02:07:11.596837,2021-02-07 02:07:27.631266,0 days 00:00:16.034429,0.03851242307796711,0.9367032347243395,0.04933087683985691,COMPLETE
1098,1098,0.5554531490015361,2021-02-07 02:07:27.632084,2021-02-07 02:07:38.888521,0 days 00:00:11.256437,0.06121562323059199,0.940144616265871,0.04098175298378165,COMPLETE
1099,1099,0.49062980030721964,2021-02-07 02:07:38.889339,2021-02-07 02:07:49.450625,0 days 00:00:10.561286,0.04770226114153631,0.933524134879672,0.04256173043531637,COMPLETE
1100,1100,0.5225806451612903,2021-02-07 02:07:49.451440,2021-02-07 02:08:00.576414,0 days 00:00:11.124974,0.08715047344157015,0.9382526724669616,0.0343002581036851,COMPLETE
1101,1101,0.47619047619047616,2021-02-07 02:08:00.577224,2021-02-07 02:08:11.283187,0 days 00:00:10.705963,0.03603842939583972,0.9402004970316873,0.049159024013158366,COMPLETE
1102,1102,0.5004608294930876,2021-02-07 02:08:11.284009,2021-02-07 02:08:21.801649,0 days 00:00:10.517640,0.05306715153568367,0.9415488228843486,0.055586573090722485,COMPLETE
1103,1103,0.5284178187403994,2021-02-07 02:08:21.802476,2021-02-07 02:08:42.692901,0 days 00:00:20.890425,0.06844746725065562,0.960143724838178,0.04762775599688585,COMPLETE
1104,1104,0.6015360983102919,2021-02-07 02:08:42.693713,2021-02-07 02:08:58.721360,0 days 00:00:16.027647,0.04377510697950048,0.9367369888136502,0.06136329514218794,COMPLETE
1105,1105,0.6175115207373272,2021-02-07 02:08:58.722189,2021-02-07 02:09:14.225772,0 days 00:00:15.503583,0.03815245552242135,0.9390158921254503,0.0543010630007435,COMPLETE
1106,1106,0.5837173579109063,2021-02-07 02:09:14.226602,2021-02-07 02:09:30.074545,0 days 00:00:15.847943,0.03290859890423383,0.9511095485510974,0.03790545094902449,COMPLETE
1107,1107,0.5966205837173579,2021-02-07 02:09:30.075369,2021-02-07 02:09:41.344478,0 days 00:00:11.269109,0.04977574902728764,0.9355410729351165,0.04659195235487646,COMPLETE
1108,1108,0.5662058371735791,2021-02-07 02:09:41.345306,2021-02-07 02:09:57.442327,0 days 00:00:16.097021,0.0607264997533601,0.9415716526362947,0.03607842678069691,COMPLETE
1109,1109,0.565284178187404,2021-02-07 02:09:57.443160,2021-02-07 02:10:08.453388,0 days 00:00:11.010228,0.04398797203625851,0.9618332574666671,0.39425116368003305,COMPLETE
1110,1110,0.5631336405529954,2021-02-07 02:10:08.454206,2021-02-07 02:10:24.739794,0 days 00:00:16.285588,0.03264876647638675,0.9555929944807344,0.3293784262487747,COMPLETE
1111,1111,0.5772657450076805,2021-02-07 02:10:24.740615,2021-02-07 02:10:40.651743,0 days 00:00:15.911128,0.038371724933013655,0.9427785216098903,0.058915953424826605,COMPLETE
1112,1112,0.5904761904761905,2021-02-07 02:10:40.652569,2021-02-07 02:10:51.537194,0 days 00:00:10.884625,0.06992816831308421,0.9409453722776748,0.3008488563024257,COMPLETE
1113,1113,0.5889400921658986,2021-02-07 02:10:51.538024,2021-02-07 02:11:07.222292,0 days 00:00:15.684268,0.09585940213636816,0.9582177314976236,0.19002476396621412,COMPLETE
1114,1114,0.533026113671275,2021-02-07 02:11:07.223122,2021-02-07 02:11:18.245058,0 days 00:00:11.021936,0.049742116946398116,0.9385112599275476,0.04420501036725708,COMPLETE
1115,1115,0.6129032258064516,2021-02-07 02:11:18.245881,2021-02-07 02:11:33.894915,0 days 00:00:15.649034,0.029107214842941036,0.9400433632665732,0.04247623632529331,COMPLETE
1116,1116,0.4924731182795699,2021-02-07 02:11:33.895739,2021-02-07 02:11:44.850631,0 days 00:00:10.954892,0.05867965966037015,0.9439448458732691,0.31306001364730635,COMPLETE
1117,1117,0.5262672811059907,2021-02-07 02:11:44.851448,2021-02-07 02:12:00.745223,0 days 00:00:15.893775,0.03762704448383064,0.9492002327109644,0.288458689780276,COMPLETE
1118,1118,0.5244239631336406,2021-02-07 02:12:00.746056,2021-02-07 02:12:11.912939,0 days 00:00:11.166883,0.0998564605934102,0.9371933247052397,0.039525149346986886,COMPLETE
1119,1119,0.45714285714285713,2021-02-07 02:12:11.913768,2021-02-07 02:12:27.851135,0 days 00:00:15.937367,0.04424881698395366,0.9529800022072018,0.0521756581429541,COMPLETE
1120,1120,0.5474654377880185,2021-02-07 02:12:27.851961,2021-02-07 02:12:43.781139,0 days 00:00:15.929178,0.033414828315270366,0.9428189394006983,0.06592040768774697,COMPLETE
1121,1121,0.5050691244239631,2021-02-07 02:12:43.781969,2021-02-07 02:13:00.091647,0 days 00:00:16.309678,0.07561852942372327,0.9350314567438635,0.04548393549753667,COMPLETE
1122,1122,0.5766513056835637,2021-02-07 02:13:00.092477,2021-02-07 02:13:15.956446,0 days 00:00:15.863969,0.05531931939302263,0.9465407100220722,0.020985161302220133,COMPLETE
1123,1123,0.5913978494623656,2021-02-07 02:13:15.957278,2021-02-07 02:13:26.951505,0 days 00:00:10.994227,0.030315175277246892,0.9399240728157917,0.20148289464125435,COMPLETE
1124,1124,0.5268817204301075,2021-02-07 02:13:26.952333,2021-02-07 02:13:37.984613,0 days 00:00:11.032280,0.043295648393396835,0.9334280286958019,0.26984484833400774,COMPLETE
1125,1125,0.5824884792626728,2021-02-07 02:13:37.985440,2021-02-07 02:13:48.808122,0 days 00:00:10.822682,0.03549653695285225,0.9419044150346795,0.05205929654304825,COMPLETE
1126,1126,0.5969278033794163,2021-02-07 02:13:48.808951,2021-02-07 02:14:04.730462,0 days 00:00:15.921511,0.0508316593444049,0.9439911385100327,0.28805394917638255,COMPLETE
1127,1127,0.6067588325652842,2021-02-07 02:14:04.731307,2021-02-07 02:14:20.310626,0 days 00:00:15.579319,0.02779667275266907,0.9510295658631286,0.032014821823121015,COMPLETE
1128,1128,0.5044546850998464,2021-02-07 02:14:20.311467,2021-02-07 02:14:36.162969,0 days 00:00:15.851502,0.06170123772507643,0.9469350054382877,0.1970090262114483,COMPLETE
1129,1129,0.5566820276497696,2021-02-07 02:14:36.163794,2021-02-07 02:14:52.011147,0 days 00:00:15.847353,0.043361949772678925,0.9380758287338857,0.17525457620191248,COMPLETE
1130,1130,0.5990783410138248,2021-02-07 02:14:52.011976,2021-02-07 02:15:02.619759,0 days 00:00:10.607783,0.037332892533985675,0.9408087755832997,0.0363663020705711,COMPLETE
1131,1131,0.5698924731182796,2021-02-07 02:15:02.620589,2021-02-07 02:15:18.530722,0 days 00:00:15.910133,0.08170166729117592,0.94804147397396,0.01872301000515141,COMPLETE
1132,1132,0.5523809523809524,2021-02-07 02:15:18.531556,2021-02-07 02:15:29.407633,0 days 00:00:10.876077,0.02790605728413939,0.9452413729748923,0.18871851707404683,COMPLETE
1133,1133,0.5824884792626728,2021-02-07 02:15:29.408473,2021-02-07 02:15:40.261553,0 days 00:00:10.853080,0.051581350318164465,0.9574746827909306,0.3396924167752938,COMPLETE
1134,1134,0.5720430107526882,2021-02-07 02:15:40.262380,2021-02-07 02:15:51.206279,0 days 00:00:10.943899,0.06968449678400054,0.9426805275566734,0.21807233119596114,COMPLETE
1135,1135,0.4980030721966206,2021-02-07 02:15:51.207113,2021-02-07 02:16:02.115619,0 days 00:00:10.908506,0.03254326544180813,0.9392511671273671,0.04313270216817238,COMPLETE
1136,1136,0.6159754224270353,2021-02-07 02:16:02.116460,2021-02-07 02:16:12.968118,0 days 00:00:10.851658,0.0414985128956069,0.9363013336117764,0.26979398576021496,COMPLETE
1137,1137,0.498310291858679,2021-02-07 02:16:12.968950,2021-02-07 02:16:28.842242,0 days 00:00:15.873292,0.057409290577753916,0.9445429240329659,0.3118950606367784,COMPLETE
1138,1138,0.5090629800307219,2021-02-07 02:16:28.843080,2021-02-07 02:16:44.729995,0 days 00:00:15.886915,0.02701983371640664,0.953744269829825,0.21143986389908265,COMPLETE
1139,1139,0.5837173579109063,2021-02-07 02:16:44.730835,2021-02-07 02:16:55.940767,0 days 00:00:11.209932,0.0474207674771106,0.948672114844556,0.17158127721037308,COMPLETE
1140,1140,0.5864823348694317,2021-02-07 02:16:55.941600,2021-02-07 02:17:06.762517,0 days 00:00:10.820917,0.03630163164867904,0.9414483411639796,0.19358898088061025,COMPLETE
