,number,value,datetime_start,datetime_complete,duration,params_lr,params_nl2,params_num_ct,params_scheduler_gamma,params_sigma2,params_weight_decay,state
4698,4698,,2021-02-09 02:41:50.300593,2021-02-09 02:41:51.188523,0 days 00:00:00.887930,0.00011389203503261833,15,0,0.9000737204267154,16,0.040424025602963605,FAIL
4699,4699,0.4774193548387097,2021-02-09 02:41:51.191496,2021-02-09 02:42:07.150746,0 days 00:00:15.959250,6.980643635561808e-05,15,2,0.907209298938609,16,0.04180386254900297,COMPLETE
4700,4700,,2021-02-09 02:42:07.153198,2021-02-09 02:42:07.876139,0 days 00:00:00.722941,9.375049121289885e-05,9,0,0.9370243526246052,16,0.038652014910059526,FAIL
4701,4701,0.5069124423963134,2021-02-09 02:42:07.878970,2021-02-09 02:42:18.668805,0 days 00:00:10.789835,0.00012652918019308095,9,2,0.9440445590750492,16,0.03921800835522725,COMPLETE
4702,4702,,2021-02-09 02:42:18.671271,2021-02-09 02:42:19.399403,0 days 00:00:00.728132,1.9370417017431362e-05,15,0,0.9138122474840751,16,0.03141585936126876,FAIL
4703,4703,0.5164362519201229,2021-02-09 02:42:19.401088,2021-02-09 02:42:30.591680,0 days 00:00:11.190592,9.331623735823764e-05,15,2,0.9802415226128467,16,0.03195225500597411,COMPLETE
4704,4704,0.6021505376344086,2021-02-09 02:42:30.594123,2021-02-09 02:42:41.229709,0 days 00:00:10.635586,1.0262186063104137e-05,15,2,0.9066998215311539,16,0.03465342347275436,COMPLETE
4705,4705,0.44946236559139785,2021-02-09 02:42:41.232174,2021-02-09 02:42:52.118348,0 days 00:00:10.886174,1.006000975872518e-05,15,2,0.9861045980597263,16,0.024790651669897662,COMPLETE
4706,4706,0.5274961597542243,2021-02-09 02:42:52.120843,2021-02-09 02:43:02.975479,0 days 00:00:10.854636,2.0208012967652936e-05,7,2,0.936071996935617,16,0.03812687444277606,COMPLETE
4707,4707,,2021-02-09 02:43:02.977962,2021-02-09 02:43:03.705354,0 days 00:00:00.727392,1.4725226739984668e-05,15,0,0.9029182353743503,16,0.09198279955586387,FAIL
4708,4708,0.3772657450076805,2021-02-09 02:43:03.707637,2021-02-09 02:43:14.830389,0 days 00:00:11.122752,1.4453432080224852e-05,15,2,0.9001613001310198,16,0.031251464668783965,COMPLETE
4709,4709,,2021-02-09 02:43:14.832891,2021-02-09 02:43:15.555772,0 days 00:00:00.722881,0.0019063031520270028,13,0,0.9031338692326936,18,0.026798921688581404,FAIL
4710,4710,,2021-02-09 02:43:15.558815,2021-02-09 02:43:16.302691,0 days 00:00:00.743876,0.0010242335860926638,13,0,0.9032588297462174,18,0.027244248177143198,FAIL
4711,4711,0.581874039938556,2021-02-09 02:43:16.305575,2021-02-09 02:43:53.857427,0 days 00:00:37.551852,0.0009751091628360946,13,8,0.9028999671213617,18,0.026939131382649088,COMPLETE
4712,4712,0.40030721966205834,2021-02-09 02:43:53.859911,2021-02-09 02:44:05.006128,0 days 00:00:11.146217,0.000778122280842585,15,6,0.9041675461233495,18,0.028150217566171004,COMPLETE
4713,4713,,2021-02-09 02:44:05.008608,2021-02-09 02:44:05.902662,0 days 00:00:00.894054,0.00011188202631458137,9,0,0.9018448498114902,18,0.025998614429783476,FAIL
4714,4714,0.45499231950844854,2021-02-09 02:44:05.904492,2021-02-09 02:44:17.159463,0 days 00:00:11.254971,0.000677098427687926,9,8,0.9016532566362421,18,0.02573484885184434,COMPLETE
4715,4715,,2021-02-09 02:44:17.161922,2021-02-09 02:44:17.886833,0 days 00:00:00.724911,0.00011309964583405657,15,0,0.9001059085907941,18,0.029756510031450523,FAIL
4716,4716,0.49615975422427033,2021-02-09 02:44:17.888699,2021-02-09 02:44:58.772186,0 days 00:00:40.883487,0.002147406574747177,15,6,0.9046123446725863,18,0.029603354944970715,COMPLETE
4717,4717,0.6304147465437788,2021-02-09 02:44:58.774661,2021-02-09 02:45:10.215740,0 days 00:00:11.441079,0.00011450178476483814,15,8,0.9018025645157874,18,0.024112987403229064,COMPLETE
4718,4718,0.3901689708141321,2021-02-09 02:45:10.218221,2021-02-09 02:45:27.138234,0 days 00:00:16.920013,0.00010954597079845254,15,8,0.9000490807131334,18,0.02275649903846136,COMPLETE
4719,4719,,2021-02-09 02:45:27.140726,2021-02-09 02:45:27.869231,0 days 00:00:00.728505,0.00012055907897000623,5,0,0.9019542809952585,18,0.022653438447211415,FAIL
4720,4720,0.5585253456221199,2021-02-09 02:45:27.872137,2021-02-09 02:45:49.815213,0 days 00:00:21.943076,8.262407068104005e-05,5,8,0.9015125434569733,18,0.024343576878219652,COMPLETE
4721,4721,0.6193548387096774,2021-02-09 02:45:49.817678,2021-02-09 02:46:16.681806,0 days 00:00:26.864128,0.00013171868305929444,7,8,0.9000329470006899,18,0.02124422575148246,COMPLETE
4722,4722,0.5152073732718894,2021-02-09 02:46:16.684296,2021-02-09 02:46:28.249110,0 days 00:00:11.564814,9.864077261477487e-05,9,8,0.9016703178089914,18,0.02106480164312087,COMPLETE
4723,4723,,2021-02-09 02:46:28.251625,2021-02-09 02:46:28.974120,0 days 00:00:00.722495,0.00013257716507790443,17,0,0.9016245081406559,18,0.023238781669686407,FAIL
4724,4724,0.5443932411674347,2021-02-09 02:46:28.977112,2021-02-09 02:46:39.658669,0 days 00:00:10.681557,0.00011174821239210822,15,2,0.9000076863498494,18,0.02212461472756292,COMPLETE
4725,4725,,2021-02-09 02:46:39.661173,2021-02-09 02:46:40.384547,0 days 00:00:00.723374,0.0001461654084654316,15,0,0.9024800059937917,18,0.019471626860946986,FAIL
4726,4726,0.5336405529953917,2021-02-09 02:46:40.386244,2021-02-09 02:47:59.699073,0 days 00:01:19.312829,0.0001467581911677181,15,8,0.9392125309788713,18,0.017553029707256543,COMPLETE
4727,4727,,2021-02-09 02:47:59.701554,2021-02-09 02:48:00.428673,0 days 00:00:00.727119,7.382087363664294e-05,17,0,0.9025130568162028,18,0.02462219701235457,FAIL
4728,4728,,2021-02-09 02:48:00.431214,2021-02-09 02:48:01.150840,0 days 00:00:00.719626,0.00012507417349946805,17,0,0.9000162156832755,18,0.02259680875588228,FAIL
4729,4729,,2021-02-09 02:48:01.152571,2021-02-09 02:48:01.871148,0 days 00:00:00.718577,8.180924857936829e-05,17,0,0.9675913468714398,18,0.02302456848384281,FAIL
4730,4730,0.3582181259600614,2021-02-09 02:48:01.872859,2021-02-09 02:48:13.209124,0 days 00:00:11.336265,9.830590784769623e-05,17,8,0.9000078342946705,18,0.01962554445443393,COMPLETE
4731,4731,0.6251920122887865,2021-02-09 02:48:13.211608,2021-02-09 02:48:29.337766,0 days 00:00:16.126158,6.700345889556972e-05,15,8,0.902689353792144,18,0.023178044074914448,COMPLETE
4732,4732,0.421505376344086,2021-02-09 02:48:29.340281,2021-02-09 02:48:40.875246,0 days 00:00:11.534965,7.071075533711141e-05,13,8,0.9027378401664667,18,0.02057709530631862,COMPLETE
4733,4733,,2021-02-09 02:48:40.877753,2021-02-09 02:48:41.619843,0 days 00:00:00.742090,4.3994760991590766e-05,15,0,0.9021874113980576,18,0.023332755051108142,FAIL
4734,4734,,2021-02-09 02:48:41.622780,2021-02-09 02:48:42.351145,0 days 00:00:00.728365,6.48838261365714e-05,15,0,0.9027454526317747,18,0.02149474891046857,FAIL
4735,4735,0.6193548387096774,2021-02-09 02:48:42.352789,2021-02-09 02:48:53.640921,0 days 00:00:11.288132,0.00010520734259593622,15,8,0.9023062752992801,18,0.022865145068341804,COMPLETE
4736,4736,0.5019969278033795,2021-02-09 02:48:53.643412,2021-02-09 02:49:04.817329,0 days 00:00:11.173917,4.294758634313778e-05,15,8,0.9020815607491308,18,0.02329752042578814,COMPLETE
4737,4737,,2021-02-09 02:49:04.819817,2021-02-09 02:49:05.552304,0 days 00:00:00.732487,6.232264337379252e-05,7,0,0.9001055994548693,18,0.01943036672427064,FAIL
4738,4738,,2021-02-09 02:49:05.555251,2021-02-09 02:49:06.444832,0 days 00:00:00.889581,6.838295267236206e-05,7,0,0.9036651336254278,18,0.019772974563988733,FAIL
4739,4739,0.38556067588325654,2021-02-09 02:49:06.446601,2021-02-09 02:49:28.422732,0 days 00:00:21.976131,8.041630892737623e-05,7,8,0.9030262423782713,18,0.02075979533105247,COMPLETE
4740,4740,,2021-02-09 02:49:28.425237,2021-02-09 02:49:29.145176,0 days 00:00:00.719939,5.58606963056341e-05,15,0,0.900072641781878,18,0.02416996964113036,FAIL
4741,4741,,2021-02-09 02:49:29.146913,2021-02-09 02:49:29.860771,0 days 00:00:00.713858,7.580233768359307e-05,15,0,0.901359061456363,18,0.019467525130994538,FAIL
4742,4742,0.36589861751152075,2021-02-09 02:49:29.863816,2021-02-09 02:49:45.976257,0 days 00:00:16.112441,3.71846961702304e-05,15,8,0.9012883181943723,18,0.018769424931819153,COMPLETE
4743,4743,,2021-02-09 02:49:45.978729,2021-02-09 02:49:46.695261,0 days 00:00:00.716532,6.991538713458675e-05,15,0,0.9028124369064349,18,0.023257204179660085,FAIL
4744,4744,0.3622119815668203,2021-02-09 02:49:46.697173,2021-02-09 02:49:57.826690,0 days 00:00:11.129517,5.454833778305269e-05,15,8,0.9036086257726043,18,0.023406101370871908,COMPLETE
4745,4745,,2021-02-09 02:49:57.829190,2021-02-09 02:49:58.550814,0 days 00:00:00.721624,9.264352938003793e-05,15,0,0.9034091202213627,18,0.021805206166790846,FAIL
4746,4746,0.6162826420890937,2021-02-09 02:49:58.553825,2021-02-09 02:50:09.908444,0 days 00:00:11.354619,5.0250987563302946e-05,15,8,0.9015489358913903,18,0.019805009335343442,COMPLETE
4747,4747,0.517357910906298,2021-02-09 02:50:09.910993,2021-02-09 02:50:21.200032,0 days 00:00:11.289039,6.427403058368127e-05,15,8,0.9044770602501496,18,0.022353504204680255,COMPLETE
4748,4748,0.38402457757296465,2021-02-09 02:50:21.202614,2021-02-09 02:50:32.437551,0 days 00:00:11.234937,6.072380040494202e-05,15,8,0.9000757736997461,18,0.024407909557198616,COMPLETE
4749,4749,0.5416282642089094,2021-02-09 02:50:32.440054,2021-02-09 02:50:49.441476,0 days 00:00:17.001422,8.079044091552972e-05,15,8,0.9000577645697928,18,0.021950762399444802,COMPLETE
4750,4750,0.4098310291858679,2021-02-09 02:50:49.443949,2021-02-09 02:51:00.713751,0 days 00:00:11.269802,9.187368251174755e-05,13,8,0.9000580535697132,18,0.024465841430682683,COMPLETE
4751,4751,,2021-02-09 02:51:00.716260,2021-02-09 02:51:01.447887,0 days 00:00:00.731627,0.0001189473665940482,7,0,0.9026092142390768,18,0.022230245930051955,FAIL
4752,4752,0.5996927803379416,2021-02-09 02:51:01.450810,2021-02-09 02:51:17.995390,0 days 00:00:16.544580,0.0001285163654521184,15,8,0.9032635619357742,18,0.022026087156404812,COMPLETE
4753,4753,0.6245775729646698,2021-02-09 02:51:17.997926,2021-02-09 02:51:34.329041,0 days 00:00:16.331115,6.886710723817695e-05,15,8,0.9000108965341627,18,0.0246367091847063,COMPLETE
4754,4754,,2021-02-09 02:51:34.331578,2021-02-09 02:51:35.084846,0 days 00:00:00.753268,0.00011864491265655597,17,0,0.9052697715773446,18,0.023669922392794064,FAIL
4755,4755,0.5201228878648233,2021-02-09 02:51:35.087706,2021-02-09 02:51:46.637513,0 days 00:00:11.549807,0.0001323463449307693,5,8,0.9053515424391271,18,0.021846803753288915,COMPLETE
4756,4756,0.3781874039938556,2021-02-09 02:51:46.640005,2021-02-09 02:52:03.125398,0 days 00:00:16.485393,0.00011009354110753416,7,8,0.9022672501752783,18,0.023477476000406807,COMPLETE
4757,4757,0.49400921658986174,2021-02-09 02:52:03.127908,2021-02-09 02:52:14.390431,0 days 00:00:11.262523,0.0001473614694961877,9,8,0.9036788417882812,18,0.025626098360353032,COMPLETE
4758,4758,0.5403993855606759,2021-02-09 02:52:14.392997,2021-02-09 02:52:25.871340,0 days 00:00:11.478343,0.00012469283246680987,15,8,0.9000014556667624,18,0.025998514645617442,COMPLETE
4759,4759,0.4046082949308756,2021-02-09 02:52:25.873820,2021-02-09 02:52:52.395663,0 days 00:00:26.521843,9.281776786768205e-05,15,8,0.9843003703612402,18,0.01976048757781856,COMPLETE
4760,4760,0.5953917050691244,2021-02-09 02:52:52.398189,2021-02-09 02:53:03.920580,0 days 00:00:11.522391,8.321052489865744e-05,17,8,0.9786297246303763,18,0.02118251307626378,COMPLETE
4761,4761,,2021-02-09 02:53:03.923118,2021-02-09 02:53:04.663176,0 days 00:00:00.740058,0.00015223351438723386,15,0,0.9021133117675622,18,0.023168052337362653,FAIL
4762,4762,,2021-02-09 02:53:04.666302,2021-02-09 02:53:05.395889,0 days 00:00:00.729587,0.00014777381160328184,15,0,0.9019320367984758,18,0.024775198178957694,FAIL
4763,4763,0.43348694316436254,2021-02-09 02:53:05.397652,2021-02-09 02:53:16.553592,0 days 00:00:11.155940,0.00015258482829274344,15,8,0.9051339828119705,18,0.023839819858920423,COMPLETE
4764,4764,,2021-02-09 02:53:16.556103,2021-02-09 02:53:17.297696,0 days 00:00:00.741593,7.722661078399626e-05,7,0,0.9875293109824398,18,0.018183733184345203,FAIL
4765,4765,,2021-02-09 02:53:17.299511,2021-02-09 02:53:18.010230,0 days 00:00:00.710719,0.00011122550275532188,7,0,0.987622487321827,18,0.01796644588525059,FAIL
4766,4766,,2021-02-09 02:53:18.011950,2021-02-09 02:53:18.728616,0 days 00:00:00.716666,0.00013642910067516697,7,0,0.9017717128174791,18,0.01870603027834338,FAIL
4767,4767,,2021-02-09 02:53:18.730229,2021-02-09 02:53:19.446683,0 days 00:00:00.716454,0.00010257714398816222,7,0,0.9033445569742954,18,0.0259855698135221,FAIL
4768,4768,0.3849462365591398,2021-02-09 02:53:19.448326,2021-02-09 02:53:30.701223,0 days 00:00:11.252897,0.0001086353758469724,7,8,0.9877275270944961,18,0.01736309187061245,COMPLETE
4769,4769,0.6076804915514593,2021-02-09 02:53:30.703757,2021-02-09 02:53:47.114740,0 days 00:00:16.410983,7.4145586128918e-05,13,8,0.9017236303170353,18,0.026140438761234962,COMPLETE
4770,4770,0.5142857142857142,2021-02-09 02:53:47.117233,2021-02-09 02:54:13.669512,0 days 00:00:26.552279,0.00011594167338484676,15,8,0.9034146444735246,18,0.023983404220280505,COMPLETE
4771,4771,,2021-02-09 02:54:13.672017,2021-02-09 02:54:14.409208,0 days 00:00:00.737191,0.00015785035822893728,9,0,0.9363822647109102,18,0.02597478386763937,FAIL
4772,4772,,2021-02-09 02:54:14.410845,2021-02-09 02:54:15.104643,0 days 00:00:00.693798,0.00014392391378676325,9,0,0.9364460753865601,18,0.09116486772283384,FAIL
4773,4773,,2021-02-09 02:54:15.107592,2021-02-09 02:54:16.016120,0 days 00:00:00.908528,4.548749863412044e-05,9,0,0.9761622725501267,18,0.02660454935621665,FAIL
4774,4774,,2021-02-09 02:54:16.019111,2021-02-09 02:54:16.737322,0 days 00:00:00.718211,0.00015042316906265584,9,0,0.9369279521450927,18,0.02563919666390943,FAIL
4775,4775,,2021-02-09 02:54:16.740378,2021-02-09 02:54:17.448071,0 days 00:00:00.707693,0.00016170365805568253,9,0,0.9371665503124155,18,0.09267492069153017,FAIL
4776,4776,0.4288786482334869,2021-02-09 02:54:17.449853,2021-02-09 02:54:33.746593,0 days 00:00:16.296740,0.00013953657512563155,9,8,0.9821326435102565,18,0.025276640704000142,COMPLETE
4777,4777,,2021-02-09 02:54:33.749096,2021-02-09 02:54:34.476515,0 days 00:00:00.727419,9.89526747875359e-05,15,0,0.9017185382810754,18,0.027384008054693047,FAIL
4778,4778,0.5201228878648233,2021-02-09 02:54:34.479541,2021-02-09 02:54:51.110496,0 days 00:00:16.630955,5.765433779775287e-05,15,8,0.9018696909960833,18,0.019454988916760618,COMPLETE
4779,4779,0.5886328725038402,2021-02-09 02:54:51.113014,2021-02-09 02:55:02.585336,0 days 00:00:11.472322,9.150983928784122e-05,5,8,0.9054953227555861,18,0.022476039462592336,COMPLETE
4780,4780,0.4288786482334869,2021-02-09 02:55:02.587870,2021-02-09 02:55:19.120895,0 days 00:00:16.533025,0.00018060801244714693,15,8,0.9378029777668618,18,0.027162017911200875,COMPLETE
4781,4781,0.5158218125960061,2021-02-09 02:55:19.123422,2021-02-09 02:55:45.545091,0 days 00:00:26.421669,0.00012121640279506282,15,8,0.9035533985711472,18,0.0260955015275928,COMPLETE
4782,4782,,2021-02-09 02:55:45.547621,2021-02-09 02:55:46.276692,0 days 00:00:00.729071,4.5512791420289994e-05,15,0,0.9680739179479105,18,0.028044528578954373,FAIL
4783,4783,,2021-02-09 02:55:46.279207,2021-02-09 02:55:46.984702,0 days 00:00:00.705495,6.0928431148206855e-05,15,0,0.9642011421131911,18,0.09035085512162283,FAIL
4784,4784,0.46574500768049154,2021-02-09 02:55:46.987771,2021-02-09 02:56:19.092261,0 days 00:00:32.104490,4.1387727075753515e-05,15,8,0.9481119640420571,18,0.02688721700276874,COMPLETE
4785,4785,,2021-02-09 02:56:19.094772,2021-02-09 02:56:19.820087,0 days 00:00:00.725315,0.00014288221955873403,7,0,0.935015641897312,18,0.021125569250349294,FAIL
4786,4786,0.6304147465437788,2021-02-09 02:56:19.821814,2021-02-09 02:56:36.414296,0 days 00:00:16.592482,0.00014390708985380173,7,8,0.9000334546139583,18,0.023487543491609596,COMPLETE
4787,4787,0.5720430107526882,2021-02-09 02:56:36.416823,2021-02-09 02:56:52.865717,0 days 00:00:16.448894,9.772696456983905e-05,7,8,0.9001805922695072,18,0.020738692491512764,COMPLETE
4788,4788,,2021-02-09 02:56:52.868254,2021-02-09 02:56:53.585229,0 days 00:00:00.716975,0.00016331743575076602,7,0,0.9015229313377772,18,0.02217741952655816,FAIL
4789,4789,0.6230414746543779,2021-02-09 02:56:53.588140,2021-02-09 02:57:05.040405,0 days 00:00:11.452265,0.00017528848365876352,7,8,0.9018894524047679,18,0.022097788895593044,COMPLETE
4790,4790,0.5019969278033795,2021-02-09 02:57:05.042939,2021-02-09 02:57:16.138809,0 days 00:00:11.095870,0.00015916411669165335,7,8,0.9001436776503761,18,0.018410721998894,COMPLETE
4791,4791,,2021-02-09 02:57:16.141318,2021-02-09 02:57:16.857097,0 days 00:00:00.715779,0.00012521498949807623,7,0,0.9002699854183367,18,0.023077081626261004,FAIL
4792,4792,0.5238095238095238,2021-02-09 02:57:16.858812,2021-02-09 02:57:28.332506,0 days 00:00:11.473694,0.00011614828121317194,7,8,0.9000833186011438,18,0.023768201906827515,COMPLETE
4793,4793,0.6159754224270353,2021-02-09 02:57:28.335032,2021-02-09 02:57:39.812730,0 days 00:00:11.477698,4.679864623067146e-05,7,8,0.9013496945839778,18,0.022721090163831482,COMPLETE
4794,4794,0.5609831029185868,2021-02-09 02:57:39.815256,2021-02-09 02:58:11.783894,0 days 00:00:31.968638,0.0001352164545112887,7,8,0.9027392828397843,18,0.02157634300946746,COMPLETE
4795,4795,,2021-02-09 02:58:11.786392,2021-02-09 02:58:12.510643,0 days 00:00:00.724251,7.371169484311006e-05,7,0,0.9763151002900683,18,0.024336098018829872,FAIL
4796,4796,,2021-02-09 02:58:12.513604,2021-02-09 02:58:13.249429,0 days 00:00:00.735825,7.236816822581751e-05,7,0,0.9015190608459996,18,0.020141455019374224,FAIL
4797,4797,,2021-02-09 02:58:13.252320,2021-02-09 02:58:14.021391,0 days 00:00:00.769071,7.747668293442963e-05,7,0,0.9001492198018486,18,0.01960187306762844,FAIL
4798,4798,0.4509984639016897,2021-02-09 02:58:14.023228,2021-02-09 02:58:25.482948,0 days 00:00:11.459720,0.009774797614165357,7,8,0.9013547503965633,18,0.023831016771448058,COMPLETE
4799,4799,0.5557603686635945,2021-02-09 02:58:25.485452,2021-02-09 02:58:36.883322,0 days 00:00:11.397870,3.2055846413058834e-05,7,8,0.9038109328928375,18,0.022656972556964607,COMPLETE
4800,4800,,2021-02-09 02:58:36.885832,2021-02-09 02:58:37.622721,0 days 00:00:00.736889,7.45700041820306e-05,7,0,0.9013633861327386,18,0.025590186143533332,FAIL
4801,4801,,2021-02-09 02:58:37.624501,2021-02-09 02:58:38.359140,0 days 00:00:00.734639,7.593053392269223e-05,7,0,0.9054483791694617,18,0.02490594597169642,FAIL
4802,4802,,2021-02-09 02:58:38.360821,2021-02-09 02:58:39.089311,0 days 00:00:00.728490,7.279387631746032e-05,7,0,0.9000581124884149,18,0.019683752225005235,FAIL
4803,4803,,2021-02-09 02:58:39.092293,2021-02-09 02:58:39.823634,0 days 00:00:00.731341,7.472345539724122e-05,7,0,0.9015111021458753,18,0.02101939705674982,FAIL
4804,4804,0.4064516129032258,2021-02-09 02:58:39.825492,2021-02-09 02:59:01.953270,0 days 00:00:22.127778,8.232687592405595e-05,7,8,0.9761917576983139,18,0.020333147394787723,COMPLETE
4805,4805,0.5680491551459294,2021-02-09 02:59:01.955791,2021-02-09 03:00:05.759285,0 days 00:01:03.803494,0.00015470522249229238,7,8,0.9000162081970726,18,0.09556791398683592,COMPLETE
4806,4806,0.528110599078341,2021-02-09 03:00:05.761787,2021-02-09 03:00:22.585008,0 days 00:00:16.823221,6.983657645298786e-05,7,8,0.9001504439689453,18,0.024272375600762237,COMPLETE
4807,4807,0.4359447004608295,2021-02-09 03:00:22.587558,2021-02-09 03:00:39.386901,0 days 00:00:16.799343,0.00012927533723715924,7,8,0.9029387040246457,18,0.02089095306352512,COMPLETE
4808,4808,0.44946236559139785,2021-02-09 03:00:39.390788,2021-02-09 03:00:51.011805,0 days 00:00:11.621017,0.00011020315509585966,7,8,0.9716157474364298,18,0.024764192401631063,COMPLETE
4809,4809,0.4061443932411674,2021-02-09 03:00:51.014315,2021-02-09 03:01:07.315532,0 days 00:00:16.301217,8.997669351887805e-05,7,8,0.9052573184002002,18,0.025735691972203087,COMPLETE
4810,4810,0.3729646697388633,2021-02-09 03:01:07.318041,2021-02-09 03:01:18.403011,0 days 00:00:11.084970,0.0052352564114722866,7,8,0.9014312402299148,18,0.027162255092286904,COMPLETE
4811,4811,0.5093701996927803,2021-02-09 03:01:18.405527,2021-02-09 03:01:35.328866,0 days 00:00:16.923339,9.917544317354038e-05,7,8,0.9050004534659116,18,0.023258608274711497,COMPLETE
4812,4812,0.5852534562211982,2021-02-09 03:01:35.331386,2021-02-09 03:01:46.447269,0 days 00:00:11.115883,0.000157572789358383,7,8,0.9017158340464609,18,0.019761683289160524,COMPLETE
4813,4813,0.5889400921658986,2021-02-09 03:01:46.449778,2021-02-09 03:01:58.159343,0 days 00:00:11.709565,0.00019333873060490824,7,8,0.9034423512762231,18,0.02521895820578825,COMPLETE
4814,4814,,2021-02-09 03:01:58.161869,2021-02-09 03:01:58.887180,0 days 00:00:00.725311,0.00012276501584550112,7,0,0.9061985409280381,18,0.02739336988456662,FAIL
4815,4815,,2021-02-09 03:01:58.890174,2021-02-09 03:01:59.627574,0 days 00:00:00.737400,0.00011339992812910346,7,0,0.9059162035889496,18,0.02732676696091297,FAIL
4816,4816,0.44086021505376344,2021-02-09 03:01:59.630560,2021-02-09 03:02:10.805774,0 days 00:00:11.175214,0.00012938576478242108,7,8,0.9681198199264376,18,0.027496573764888985,COMPLETE
4817,4817,,2021-02-09 03:02:10.808311,2021-02-09 03:02:11.536804,0 days 00:00:00.728493,7.255109430271851e-05,7,0,0.9018160190065392,18,0.02884913812187077,FAIL
4818,4818,,2021-02-09 03:02:11.539332,2021-02-09 03:02:12.277438,0 days 00:00:00.738106,0.004458574456476762,7,0,0.9058898952112535,18,0.02844412875081159,FAIL
4819,4819,0.5450076804915515,2021-02-09 03:02:12.279405,2021-02-09 03:02:23.746315,0 days 00:00:11.466910,7.497839267374027e-05,7,8,0.9063500352759302,18,0.028701765657102987,COMPLETE
4820,4820,0.5741935483870968,2021-02-09 03:02:23.748832,2021-02-09 03:02:34.807498,0 days 00:00:11.058666,0.0030512213304462917,7,8,0.9863566987898768,18,0.02275000992361684,COMPLETE
4821,4821,,2021-02-09 03:02:34.810022,2021-02-09 03:02:35.534382,0 days 00:00:00.724360,0.00011717792915539665,15,0,0.9017132602284046,18,0.025644368021999264,FAIL
