,number,value,datetime_start,datetime_complete,duration,params_lr,params_nl2,params_num_ct,params_scheduler_gamma,params_sigma2,params_weight_decay,state
1215,1215,,2021-02-08 21:30:54.149212,2021-02-08 21:30:54.806527,0 days 00:00:00.657315,1.8366990590905334e-05,19,0,0.9832281918279362,20,0.02448003329816395,FAIL
1216,1216,,2021-02-08 21:30:54.807730,2021-02-08 21:30:55.532531,0 days 00:00:00.724801,0.00021345079943816555,19,0,0.9503168818906623,20,0.04018963775974435,FAIL
1217,1217,,2021-02-08 21:30:55.533211,2021-02-08 21:30:56.200929,0 days 00:00:00.667718,0.00018744786225719773,19,0,0.9391871215279342,20,0.042141036219434394,FAIL
1218,1218,,2021-02-08 21:30:56.201643,2021-02-08 21:30:56.856883,0 days 00:00:00.655240,5.638997292192158e-05,19,0,0.940185517075366,20,0.04223168052882121,FAIL
1219,1219,,2021-02-08 21:30:56.858059,2021-02-08 21:30:57.511321,0 days 00:00:00.653262,0.0002188278340913902,19,0,0.9391492872076194,20,0.04320639460252646,FAIL
1220,1220,,2021-02-08 21:30:57.512498,2021-02-08 21:30:58.185725,0 days 00:00:00.673227,0.0002252587852861111,19,0,0.9506761039296341,20,0.04172699758224487,FAIL
1221,1221,,2021-02-08 21:30:58.186875,2021-02-08 21:30:58.966680,0 days 00:00:00.779805,0.000215787926058071,19,0,0.940676754086009,20,0.04285443396259473,FAIL
1222,1222,,2021-02-08 21:30:58.967412,2021-02-08 21:30:59.621426,0 days 00:00:00.654014,1.849600751801996e-05,13,0,0.9847898600991369,20,0.04093469664230077,FAIL
1223,1223,,2021-02-08 21:30:59.622127,2021-02-08 21:31:00.273490,0 days 00:00:00.651363,1.8031362331622622e-05,19,0,0.9824747399866606,20,0.04178633379975033,FAIL
1224,1224,,2021-02-08 21:31:00.274673,2021-02-08 21:31:01.007799,0 days 00:00:00.733126,0.00023382746428156622,19,0,0.9384469359458278,20,0.042526837428345725,FAIL
1225,1225,,2021-02-08 21:31:01.008978,2021-02-08 21:31:01.671560,0 days 00:00:00.662582,0.0001944582327535754,13,0,0.9835805070007371,20,0.04155334088538814,FAIL
1226,1226,,2021-02-08 21:31:01.672704,2021-02-08 21:31:02.360887,0 days 00:00:00.688183,1.884207225004938e-05,19,0,0.9392584986169634,20,0.04288829134524208,FAIL
1227,1227,,2021-02-08 21:31:02.362065,2021-02-08 21:31:03.021361,0 days 00:00:00.659296,0.0001978300983661191,19,0,0.9399195497957331,20,0.02486284789100531,FAIL
1228,1228,,2021-02-08 21:31:03.022085,2021-02-08 21:31:03.686180,0 days 00:00:00.664095,1.7028246562224204e-05,13,0,0.9850701580634497,20,0.024480920078180323,FAIL
1229,1229,,2021-02-08 21:31:03.686874,2021-02-08 21:31:04.478369,0 days 00:00:00.791495,0.0002077965436089015,19,0,0.9833110411639301,20,0.02460451366251759,FAIL
1230,1230,,2021-02-08 21:31:04.479518,2021-02-08 21:31:05.149672,0 days 00:00:00.670154,0.00019980333098027698,19,0,0.9813584715527552,20,0.04226816963744032,FAIL
1231,1231,,2021-02-08 21:31:05.150853,2021-02-08 21:31:05.819680,0 days 00:00:00.668827,0.00021818007903410606,19,0,0.9832838457494923,20,0.02373261921886423,FAIL
1232,1232,0.5981566820276498,2021-02-08 21:31:05.820800,2021-02-08 21:31:21.785224,0 days 00:00:15.964424,0.00020962411083242695,13,6,0.9830822904464405,20,0.04217882085849692,COMPLETE
1233,1233,,2021-02-08 21:31:21.786193,2021-02-08 21:31:22.450475,0 days 00:00:00.664282,1.6943337389222595e-05,19,0,0.9395791440767473,16,0.03177990098612116,FAIL
1234,1234,,2021-02-08 21:31:22.451672,2021-02-08 21:31:23.121504,0 days 00:00:00.669832,6.406688367888268e-05,19,0,0.9498675810140284,16,0.024583298009184972,FAIL
1235,1235,,2021-02-08 21:31:23.122664,2021-02-08 21:31:23.978917,0 days 00:00:00.856253,6.702452568272088e-05,15,0,0.950906244346112,16,0.03339347089132439,FAIL
1236,1236,,2021-02-08 21:31:23.980083,2021-02-08 21:31:24.727079,0 days 00:00:00.746996,5.24057417649053e-05,15,0,0.9499750747926299,16,0.02649193994972667,FAIL
1237,1237,,2021-02-08 21:31:24.728056,2021-02-08 21:31:25.370283,0 days 00:00:00.642227,1.7462906275082726e-05,15,0,0.9373876434107008,16,0.023979576736206088,FAIL
1238,1238,,2021-02-08 21:31:25.371239,2021-02-08 21:31:26.010178,0 days 00:00:00.638939,6.41854841798668e-05,15,0,0.9499738202827784,16,0.02393749776515478,FAIL
1239,1239,,2021-02-08 21:31:26.011363,2021-02-08 21:31:26.698510,0 days 00:00:00.687147,5.918417306683666e-05,19,0,0.9372618466090273,16,0.024840840088768315,FAIL
1240,1240,,2021-02-08 21:31:26.699251,2021-02-08 21:31:27.351749,0 days 00:00:00.652498,5.9629366748434235e-05,19,0,0.9382124743696859,16,0.025592631390929984,FAIL
1241,1241,,2021-02-08 21:31:27.352982,2021-02-08 21:31:28.016586,0 days 00:00:00.663604,5.8067932633954546e-05,15,0,0.9518517554364003,16,0.024544799922935706,FAIL
1242,1242,,2021-02-08 21:31:28.017296,2021-02-08 21:31:28.662911,0 days 00:00:00.645615,6.251024428875335e-05,19,0,0.9485328888348782,16,0.024976801351406813,FAIL
1243,1243,,2021-02-08 21:31:28.663647,2021-02-08 21:31:29.439251,0 days 00:00:00.775604,1.779668873393599e-05,19,0,0.9380045758363414,16,0.03201079301512337,FAIL
1244,1244,,2021-02-08 21:31:29.439940,2021-02-08 21:31:30.097599,0 days 00:00:00.657659,4.967287604830878e-05,19,0,0.9401820011296957,16,0.032543458584035866,FAIL
1245,1245,,2021-02-08 21:31:30.098318,2021-02-08 21:31:30.748330,0 days 00:00:00.650012,5.885387678033337e-05,19,0,0.9507142652804974,16,0.03165326556185049,FAIL
1246,1246,,2021-02-08 21:31:30.749491,2021-02-08 21:31:31.405954,0 days 00:00:00.656463,1.8294717335946802e-05,19,0,0.9495448297484267,16,0.024288454459865643,FAIL
1247,1247,,2021-02-08 21:31:31.407166,2021-02-08 21:31:32.108140,0 days 00:00:00.700974,1.745039774636866e-05,15,0,0.951166920250086,16,0.025271050938481858,FAIL
1248,1248,0.5425499231950844,2021-02-08 21:31:32.109092,2021-02-08 21:31:42.953704,0 days 00:00:10.844612,1.743633573173483e-05,19,2,0.9395623506231401,16,0.02550098809581873,COMPLETE
1249,1249,,2021-02-08 21:31:42.954672,2021-02-08 21:31:43.618712,0 days 00:00:00.664040,6.591536882584155e-05,15,0,0.9489685259526722,18,0.016682862104081517,FAIL
1250,1250,0.3708141321044547,2021-02-08 21:31:43.619420,2021-02-08 21:31:55.003104,0 days 00:00:11.383684,5.045054621883736e-05,15,8,0.9489443389740823,18,0.08473981796817827,COMPLETE
1251,1251,,2021-02-08 21:31:55.004077,2021-02-08 21:31:55.663595,0 days 00:00:00.659518,7.618961810569297e-05,9,0,0.9583255010648966,20,0.03316755097350555,FAIL
1252,1252,,2021-02-08 21:31:55.664740,2021-02-08 21:31:56.336026,0 days 00:00:00.671286,7.255177891337085e-05,9,0,0.9641686104351069,20,0.03223336273226292,FAIL
1253,1253,,2021-02-08 21:31:56.337196,2021-02-08 21:31:57.024213,0 days 00:00:00.687017,8.136952917971428e-05,9,0,0.9700142097792384,20,0.05163637397378847,FAIL
1254,1254,,2021-02-08 21:31:57.025426,2021-02-08 21:31:57.685574,0 days 00:00:00.660148,7.111047138837114e-05,9,0,0.9632577217992805,20,0.01663108054461581,FAIL
1255,1255,,2021-02-08 21:31:57.686762,2021-02-08 21:31:58.365039,0 days 00:00:00.678277,7.330213408284713e-05,9,0,0.9642178795398926,20,0.03304415493506607,FAIL
1256,1256,,2021-02-08 21:31:58.366166,2021-02-08 21:31:59.037970,0 days 00:00:00.671804,6.731283616236122e-05,9,0,0.9657691075308305,20,0.03232758052876763,FAIL
1257,1257,,2021-02-08 21:31:59.039140,2021-02-08 21:31:59.821485,0 days 00:00:00.782345,7.08471391992816e-05,9,0,0.9652009795301746,20,0.015613566898488637,FAIL
1258,1258,,2021-02-08 21:31:59.822646,2021-02-08 21:32:00.500400,0 days 00:00:00.677754,6.925278124767554e-05,9,0,0.9647119884806268,20,0.05102899623772717,FAIL
1259,1259,,2021-02-08 21:32:00.501094,2021-02-08 21:32:01.162426,0 days 00:00:00.661332,6.331478974271514e-05,9,0,0.9634091700618476,20,0.05241444545994019,FAIL
1260,1260,,2021-02-08 21:32:01.163122,2021-02-08 21:32:01.816252,0 days 00:00:00.653130,7.247974464677856e-05,9,0,0.9641182458774865,20,0.05246169914902583,FAIL
1261,1261,,2021-02-08 21:32:01.817424,2021-02-08 21:32:02.473918,0 days 00:00:00.656494,7.19692515864925e-05,9,0,0.9575271164967877,20,0.05259515590253717,FAIL
1262,1262,,2021-02-08 21:32:02.475101,2021-02-08 21:32:03.168279,0 days 00:00:00.693178,6.640808081631044e-05,9,0,0.9640789955844142,20,0.03302983227961189,FAIL
1263,1263,,2021-02-08 21:32:03.169428,2021-02-08 21:32:03.824707,0 days 00:00:00.655279,6.27110712074735e-05,9,0,0.9633081910508362,20,0.053140091295124425,FAIL
1264,1264,,2021-02-08 21:32:03.825887,2021-02-08 21:32:04.529742,0 days 00:00:00.703855,6.823152195187215e-05,9,0,0.9646692178074677,20,0.05354475254275436,FAIL
1265,1265,,2021-02-08 21:32:04.530904,2021-02-08 21:32:05.321971,0 days 00:00:00.791067,3.737369225171042e-05,9,0,0.9648688671602947,20,0.05331653323989745,FAIL
1266,1266,,2021-02-08 21:32:05.323136,2021-02-08 21:32:05.991596,0 days 00:00:00.668460,7.381574190988032e-05,9,0,0.9647777931513346,20,0.03195358857994088,FAIL
1267,1267,,2021-02-08 21:32:05.992761,2021-02-08 21:32:06.641494,0 days 00:00:00.648733,9.295469750070738e-05,9,0,0.9656159483781769,20,0.03143661539575527,FAIL
1268,1268,,2021-02-08 21:32:06.642195,2021-02-08 21:32:07.281227,0 days 00:00:00.639032,8.023095308381357e-05,9,0,0.963994361171909,20,0.03348107830745125,FAIL
1269,1269,,2021-02-08 21:32:07.282389,2021-02-08 21:32:07.935102,0 days 00:00:00.652713,3.6363194098371826e-05,9,0,0.9642610694229394,20,0.03249829411591107,FAIL
1270,1270,,2021-02-08 21:32:07.935804,2021-02-08 21:32:08.589578,0 days 00:00:00.653774,7.010476018727038e-05,9,0,0.9582264624189613,20,0.05188184268624786,FAIL
1271,1271,0.40368663594470044,2021-02-08 21:32:08.590779,2021-02-08 21:32:19.676375,0 days 00:00:11.085596,6.696241021327746e-05,9,6,0.9578946317126895,20,0.03257120075223665,COMPLETE
1272,1272,,2021-02-08 21:32:19.677351,2021-02-08 21:32:20.344385,0 days 00:00:00.667034,0.00010598074689076737,17,0,0.9616630268947783,20,0.014324292301752733,FAIL
1273,1273,,2021-02-08 21:32:20.345580,2021-02-08 21:32:21.030127,0 days 00:00:00.684547,0.0001225451324412089,17,0,0.9629443512398802,20,0.013225769331564177,FAIL
1274,1274,,2021-02-08 21:32:21.031326,2021-02-08 21:32:21.676556,0 days 00:00:00.645230,0.00011403584959092783,17,0,0.9618201253074692,20,0.014075085198390213,FAIL
1275,1275,,2021-02-08 21:32:21.677250,2021-02-08 21:32:22.324555,0 days 00:00:00.647305,0.00012021962868980946,17,0,0.9626126639263015,20,0.01312914181281338,FAIL
1276,1276,,2021-02-08 21:32:22.325745,2021-02-08 21:32:22.983174,0 days 00:00:00.657429,0.0001261933810482477,17,0,0.9626289076529727,20,0.012406223227244478,FAIL
1277,1277,,2021-02-08 21:32:22.983864,2021-02-08 21:32:23.628654,0 days 00:00:00.644790,0.0001198752515139315,17,0,0.9625589887412785,20,0.013843270355211356,FAIL
1278,1278,0.5963133640552996,2021-02-08 21:32:23.629383,2021-02-08 21:32:35.065764,0 days 00:00:11.436381,0.00012374298155164496,17,10,0.9633163681542632,20,0.013360505959188777,COMPLETE
1279,1279,,2021-02-08 21:32:35.066760,2021-02-08 21:32:35.730581,0 days 00:00:00.663821,0.00013859113076242574,19,0,0.9609673786087951,20,0.015607877486793816,FAIL
1280,1280,,2021-02-08 21:32:35.731752,2021-02-08 21:32:36.391727,0 days 00:00:00.659975,0.00010264989560166336,19,0,0.9696479678345149,20,0.010478241604028864,FAIL
1281,1281,,2021-02-08 21:32:36.392916,2021-02-08 21:32:37.083025,0 days 00:00:00.690109,0.00010753841393439712,19,0,0.9606681998488249,20,0.010004966487485332,FAIL
1282,1282,,2021-02-08 21:32:37.083710,2021-02-08 21:32:37.737265,0 days 00:00:00.653555,9.52866699052201e-05,19,0,0.9700904353151544,20,0.01685790581014011,FAIL
1283,1283,,2021-02-08 21:32:37.737959,2021-02-08 21:32:38.388018,0 days 00:00:00.650059,0.00013265244422413846,19,0,0.9608680332898504,20,0.01016962599506157,FAIL
1284,1284,,2021-02-08 21:32:38.388718,2021-02-08 21:32:39.048353,0 days 00:00:00.659635,3.669510067723955e-05,19,0,0.9622424898312516,20,0.01543770475295275,FAIL
1285,1285,,2021-02-08 21:32:39.049535,2021-02-08 21:32:39.716877,0 days 00:00:00.667342,0.00014949333787974523,19,0,0.9630671275830197,20,0.010630593953555758,FAIL
1286,1286,,2021-02-08 21:32:39.718083,2021-02-08 21:32:40.375883,0 days 00:00:00.657800,0.00010268570946134703,19,0,0.9603122841773716,20,0.016215529608730895,FAIL
1287,1287,,2021-02-08 21:32:40.377045,2021-02-08 21:32:41.175121,0 days 00:00:00.798076,0.00011893398983533121,19,0,0.9630668209302379,20,0.015153778226334803,FAIL
1288,1288,,2021-02-08 21:32:41.175868,2021-02-08 21:32:41.831385,0 days 00:00:00.655517,3.754559067780033e-05,19,0,0.963309014226282,20,0.014798629953178431,FAIL
1289,1289,,2021-02-08 21:32:41.832542,2021-02-08 21:32:42.494496,0 days 00:00:00.661954,0.00010937344769157367,19,0,0.9699829909214698,20,0.01610191400361665,FAIL
1290,1290,,2021-02-08 21:32:42.495265,2021-02-08 21:32:43.155946,0 days 00:00:00.660681,0.00010704000286610973,19,0,0.9606607547272171,20,0.010527396991030946,FAIL
1291,1291,,2021-02-08 21:32:43.156670,2021-02-08 21:32:43.809739,0 days 00:00:00.653069,0.00011193036622483169,17,0,0.960277870250743,20,0.01513870500329954,FAIL
1292,1292,,2021-02-08 21:32:43.810447,2021-02-08 21:32:44.452098,0 days 00:00:00.641651,0.00010322567108684267,19,0,0.9612565657695957,20,0.01564260351956111,FAIL
1293,1293,,2021-02-08 21:32:44.452810,2021-02-08 21:32:45.112222,0 days 00:00:00.659412,4.0358653645328316e-05,19,0,0.9630149538159106,20,0.010003683393459925,FAIL
1294,1294,,2021-02-08 21:32:45.112932,2021-02-08 21:32:45.751650,0 days 00:00:00.638718,0.00012387357968361704,19,0,0.9602634908828587,20,0.014743318200326833,FAIL
1295,1295,,2021-02-08 21:32:45.752352,2021-02-08 21:32:46.516917,0 days 00:00:00.764565,0.0001225940224512536,19,0,0.9610448583152659,20,0.010246447787583426,FAIL
1296,1296,,2021-02-08 21:32:46.518091,2021-02-08 21:32:47.213282,0 days 00:00:00.695191,0.00010649691280181058,19,0,0.9616856873081018,20,0.010485203731638023,FAIL
1297,1297,0.61321044546851,2021-02-08 21:32:47.214471,2021-02-08 21:32:58.595496,0 days 00:00:11.381025,0.0001105624603793509,19,8,0.9621708568390837,20,0.01630808430806208,COMPLETE
1298,1298,,2021-02-08 21:32:58.596484,2021-02-08 21:32:59.266908,0 days 00:00:00.670424,3.531316324312678e-05,17,0,0.9706418179197713,20,0.010063798758266861,FAIL
1299,1299,,2021-02-08 21:32:59.268096,2021-02-08 21:32:59.925376,0 days 00:00:00.657280,3.4187662957808696e-05,17,0,0.9696159829311983,20,0.014132363761578828,FAIL
1300,1300,,2021-02-08 21:32:59.926085,2021-02-08 21:33:00.580129,0 days 00:00:00.654044,3.934144023646443e-05,17,0,0.9702271364206674,20,0.011409221855804143,FAIL
1301,1301,0.4976958525345622,2021-02-08 21:33:00.580838,2021-02-08 21:33:11.495698,0 days 00:00:10.914860,3.3223210605097554e-05,17,6,0.9696957132174706,20,0.022004299950796734,COMPLETE
1302,1302,0.423963133640553,2021-02-08 21:33:11.496706,2021-02-08 21:33:22.479194,0 days 00:00:10.982488,0.00018778512747592447,17,4,0.9526144244422701,18,0.010686010152467167,COMPLETE
1303,1303,,2021-02-08 21:33:22.480211,2021-02-08 21:33:23.138093,0 days 00:00:00.657882,2.0586276993136292e-05,15,0,0.9662751987418762,20,0.01404995184226742,FAIL
1304,1304,,2021-02-08 21:33:23.139306,2021-02-08 21:33:23.793464,0 days 00:00:00.654158,1.9703405068501176e-05,15,0,0.9661959142556427,20,0.015130763328782439,FAIL
1305,1305,,2021-02-08 21:33:23.794639,2021-02-08 21:33:24.506524,0 days 00:00:00.711885,0.00033790509542217586,15,0,0.9768469446233686,20,0.012902345235780273,FAIL
1306,1306,,2021-02-08 21:33:24.507526,2021-02-08 21:33:25.156049,0 days 00:00:00.648523,0.00026598900354855604,15,0,0.9662703253877549,20,0.013898125247456585,FAIL
1307,1307,,2021-02-08 21:33:25.157256,2021-02-08 21:33:25.839892,0 days 00:00:00.682636,0.00029754250845702093,15,0,0.9660221450386168,20,0.014264258938151588,FAIL
1308,1308,,2021-02-08 21:33:25.841107,2021-02-08 21:33:26.657606,0 days 00:00:00.816499,0.00030123279096181673,15,0,0.9661535602967332,20,0.012872919110421424,FAIL
1309,1309,,2021-02-08 21:33:26.658828,2021-02-08 21:33:27.334768,0 days 00:00:00.675940,0.000407218101846736,15,0,0.9661853739736082,20,0.014129298030355324,FAIL
1310,1310,,2021-02-08 21:33:27.335769,2021-02-08 21:33:27.980977,0 days 00:00:00.645208,0.0003751504753760272,15,0,0.9771086146135486,20,0.053508712230534904,FAIL
1311,1311,,2021-02-08 21:33:27.981952,2021-02-08 21:33:28.643261,0 days 00:00:00.661309,1.9278399513609035e-05,15,0,0.9662496015730632,20,0.013272628805400281,FAIL
1312,1312,,2021-02-08 21:33:28.644233,2021-02-08 21:33:29.284061,0 days 00:00:00.639828,0.00035700662173355656,15,0,0.9604796170863894,20,0.05125830502954055,FAIL
1313,1313,,2021-02-08 21:33:29.284790,2021-02-08 21:33:29.921763,0 days 00:00:00.636973,0.00029570979930471477,15,0,0.9650392064576409,20,0.014565062137413457,FAIL
1314,1314,,2021-02-08 21:33:29.922464,2021-02-08 21:33:30.575083,0 days 00:00:00.652619,0.00032859457549088496,15,0,0.9592959469567882,20,0.013718617678402842,FAIL
1315,1315,,2021-02-08 21:33:30.575778,2021-02-08 21:33:31.221886,0 days 00:00:00.646108,0.0003681136105979243,15,0,0.9663353133682393,20,0.05194830212586376,FAIL
1316,1316,,2021-02-08 21:33:31.222589,2021-02-08 21:33:32.011694,0 days 00:00:00.789105,0.0002782910100004175,15,0,0.9604024728679955,20,0.053822936105506626,FAIL
1317,1317,,2021-02-08 21:33:32.012935,2021-02-08 21:33:32.688041,0 days 00:00:00.675106,0.000313770820826866,15,0,0.9609283929880612,20,0.013225242497278593,FAIL
1318,1318,,2021-02-08 21:33:32.688747,2021-02-08 21:33:33.331878,0 days 00:00:00.643131,0.0003416356563318577,15,0,0.9652087543769352,20,0.01435603626016528,FAIL
1319,1319,,2021-02-08 21:33:33.332597,2021-02-08 21:33:33.989088,0 days 00:00:00.656491,0.000328419243870845,15,0,0.9653990120987893,20,0.05220274662158274,FAIL
1320,1320,,2021-02-08 21:33:33.989822,2021-02-08 21:33:34.618193,0 days 00:00:00.628371,0.00038981195387062897,15,0,0.9669014959070837,20,0.013765205507803732,FAIL
1321,1321,,2021-02-08 21:33:34.618932,2021-02-08 21:33:35.281797,0 days 00:00:00.662865,0.0002849654619802315,15,0,0.9656603495854705,20,0.013889214056036532,FAIL
1322,1322,,2021-02-08 21:33:35.283006,2021-02-08 21:33:35.949247,0 days 00:00:00.666241,0.0002701481351920466,15,0,0.9658773931984691,20,0.014504429099886414,FAIL
1323,1323,,2021-02-08 21:33:35.950426,2021-02-08 21:33:36.594180,0 days 00:00:00.643754,3.999929820044148e-05,15,0,0.9666433995525394,20,0.0142184454813653,FAIL
1324,1324,,2021-02-08 21:33:36.594888,2021-02-08 21:33:37.357282,0 days 00:00:00.762394,1.8536057151816178e-05,15,0,0.9604719330881641,20,0.01198503428347684,FAIL
1325,1325,,2021-02-08 21:33:37.358000,2021-02-08 21:33:38.000141,0 days 00:00:00.642141,0.0003028277510571512,15,0,0.9662486967205209,20,0.05344146819599831,FAIL
1326,1326,,2021-02-08 21:33:38.001370,2021-02-08 21:33:38.664775,0 days 00:00:00.663405,0.00034292051343154796,15,0,0.9664107379310029,20,0.014453626023157896,FAIL
1327,1327,,2021-02-08 21:33:38.665477,2021-02-08 21:33:39.321128,0 days 00:00:00.655651,0.00030153461395420595,15,0,0.9661819060277549,20,0.05361988911183924,FAIL
1328,1328,,2021-02-08 21:33:39.322346,2021-02-08 21:33:39.983489,0 days 00:00:00.661143,1.9530511307640678e-05,15,0,0.960711047053023,20,0.013938148231992742,FAIL
1329,1329,,2021-02-08 21:33:39.984197,2021-02-08 21:33:40.629657,0 days 00:00:00.645460,0.00045350795357514145,15,0,0.9664916636334039,20,0.05455439019693293,FAIL
1330,1330,,2021-02-08 21:33:40.630879,2021-02-08 21:33:41.307172,0 days 00:00:00.676293,0.00026067951486990115,15,0,0.9654180431641863,20,0.013497790278788693,FAIL
1331,1331,,2021-02-08 21:33:41.307894,2021-02-08 21:33:41.958523,0 days 00:00:00.650629,0.00031480855737500967,11,0,0.9655110640877627,20,0.01462900526193078,FAIL
1332,1332,,2021-02-08 21:33:41.959691,2021-02-08 21:33:42.782673,0 days 00:00:00.822982,0.0003949905727998313,15,0,0.9669081778247255,20,0.01295524129375387,FAIL
1333,1333,,2021-02-08 21:33:42.783933,2021-02-08 21:33:43.499548,0 days 00:00:00.715615,0.00027363769869939415,15,0,0.9788955235704766,20,0.01457382148050211,FAIL
1334,1334,,2021-02-08 21:33:43.500733,2021-02-08 21:33:44.168457,0 days 00:00:00.667724,0.00028022243514473177,15,0,0.9604673198524915,20,0.014428717483482683,FAIL
1335,1335,,2021-02-08 21:33:44.169667,2021-02-08 21:33:44.831844,0 days 00:00:00.662177,0.00035164918551184974,15,0,0.9658212843610816,20,0.05357435618038168,FAIL
1336,1336,,2021-02-08 21:33:44.833052,2021-02-08 21:33:45.510407,0 days 00:00:00.677355,0.00037489337595614686,15,0,0.9596576450904297,20,0.014263597917602688,FAIL
1337,1337,,2021-02-08 21:33:45.511594,2021-02-08 21:33:46.181789,0 days 00:00:00.670195,0.0003695851844587892,15,0,0.9660694017406619,20,0.013896875142424313,FAIL
1338,1338,,2021-02-08 21:33:46.182983,2021-02-08 21:33:46.900451,0 days 00:00:00.717468,0.00029099031323275167,15,0,0.960123269562205,20,0.013824128619564547,FAIL
1339,1339,,2021-02-08 21:33:46.901652,2021-02-08 21:33:47.577390,0 days 00:00:00.675738,0.00028106943516571493,15,0,0.9610459087443004,20,0.013813022840414545,FAIL
1340,1340,,2021-02-08 21:33:47.578150,2021-02-08 21:33:48.364053,0 days 00:00:00.785903,0.0004031681365725148,15,0,0.9651553808603783,20,0.012783461581828661,FAIL
1341,1341,,2021-02-08 21:33:48.365277,2021-02-08 21:33:49.049592,0 days 00:00:00.684315,0.00031366695943153394,15,0,0.9607835898534391,20,0.013469677451206596,FAIL
1342,1342,,2021-02-08 21:33:49.050843,2021-02-08 21:33:49.720502,0 days 00:00:00.669659,0.0002745352229097476,15,0,0.9662521001975043,20,0.013801552046624421,FAIL
1343,1343,,2021-02-08 21:33:49.721654,2021-02-08 21:33:50.379719,0 days 00:00:00.658065,0.00039293699362066424,15,0,0.9594399381633694,20,0.015044661344115988,FAIL
1344,1344,,2021-02-08 21:33:50.380472,2021-02-08 21:33:51.029417,0 days 00:00:00.648945,0.00033210696526011157,15,0,0.9664410487970715,20,0.014307748665480083,FAIL
1345,1345,,2021-02-08 21:33:51.030647,2021-02-08 21:33:51.706178,0 days 00:00:00.675531,2.1576352391869125e-05,15,0,0.9656419022037462,20,0.01843384543626386,FAIL
1346,1346,,2021-02-08 21:33:51.706943,2021-02-08 21:33:52.341450,0 days 00:00:00.634507,0.0004205403710969589,15,0,0.966374394055913,20,0.01355165988011589,FAIL
1347,1347,,2021-02-08 21:33:52.342165,2021-02-08 21:33:52.972630,0 days 00:00:00.630465,0.00029054073649113814,15,0,0.9661426113206605,20,0.012337262922912585,FAIL
