,number,value,datetime_start,datetime_complete,duration,params_lr,params_nl2,params_num_ct,params_scheduler_gamma,params_sigma2,params_weight_decay,state
4450,4450,,2021-02-09 02:04:59.252284,2021-02-09 02:05:00.124968,0 days 00:00:00.872684,0.0008398678222175488,15,0,0.9049461703815942,18,0.024609129290196787,FAIL
4451,4451,,2021-02-09 02:05:00.126572,2021-02-09 02:05:00.831276,0 days 00:00:00.704704,0.0005480531609478709,15,0,0.9039015454498388,18,0.026142717750444935,FAIL
4452,4452,,2021-02-09 02:05:00.832887,2021-02-09 02:05:01.526436,0 days 00:00:00.693549,0.0005678771273363356,15,0,0.908785586548478,18,0.0256450978486624,FAIL
4453,4453,0.4666666666666667,2021-02-09 02:05:01.529253,2021-02-09 02:05:12.814110,0 days 00:00:11.284857,0.0006038401737211118,15,8,0.9089796485638819,18,0.024197021898461464,COMPLETE
4454,4454,0.41228878648233486,2021-02-09 02:05:12.816460,2021-02-09 02:05:24.036637,0 days 00:00:11.220177,2.6613785531625018e-05,15,8,0.9037544646185475,18,0.03323547835780898,COMPLETE
4455,4455,,2021-02-09 02:05:24.039016,2021-02-09 02:05:24.771073,0 days 00:00:00.732057,1.5256760368461904e-05,15,0,0.9411796632805312,18,0.030132431437637393,FAIL
4456,4456,,2021-02-09 02:05:24.772723,2021-02-09 02:05:25.639320,0 days 00:00:00.866597,1.0208922444265798e-05,15,0,0.9206458488643224,18,0.03003057143241677,FAIL
4457,4457,0.610752688172043,2021-02-09 02:05:25.641036,2021-02-09 02:05:41.334296,0 days 00:00:15.693260,5.259462836118595e-05,15,2,0.9056868031712261,18,0.02669418607849435,COMPLETE
4458,4458,0.5112135176651306,2021-02-09 02:05:41.336654,2021-02-09 02:05:52.561724,0 days 00:00:11.225070,0.0005787548561048937,15,8,0.9865365840726282,18,0.029578068920119938,COMPLETE
4459,4459,,2021-02-09 02:05:52.564089,2021-02-09 02:05:53.268584,0 days 00:00:00.704495,0.0008267461890970257,5,0,0.9000201323395612,18,0.025282990761280277,FAIL
4460,4460,,2021-02-09 02:05:53.270143,2021-02-09 02:05:53.966163,0 days 00:00:00.696020,1.165987884991769e-05,15,0,0.9404452211912123,18,0.028415202106910068,FAIL
4461,4461,,2021-02-09 02:05:53.967831,2021-02-09 02:05:54.665440,0 days 00:00:00.697609,0.0008796165408587989,5,0,0.9116653371011963,18,0.02613314453768932,FAIL
4462,4462,,2021-02-09 02:05:54.667132,2021-02-09 02:05:55.517295,0 days 00:00:00.850163,0.0009147535603211277,5,0,0.9017966856169299,18,0.026235648087356445,FAIL
4463,4463,,2021-02-09 02:05:55.520155,2021-02-09 02:05:56.252001,0 days 00:00:00.731846,0.0008237449820587381,5,0,0.9030123188922227,18,0.025146321742268087,FAIL
4464,4464,,2021-02-09 02:05:56.253626,2021-02-09 02:05:56.946630,0 days 00:00:00.693004,0.000752749703832335,5,0,0.9014418125843578,18,0.02539346080748746,FAIL
4465,4465,,2021-02-09 02:05:56.949439,2021-02-09 02:05:57.653641,0 days 00:00:00.704202,0.0008289782286473895,5,0,0.902452227906784,18,0.025323562049519355,FAIL
4466,4466,0.37542242703533024,2021-02-09 02:05:57.656489,2021-02-09 02:06:09.005658,0 days 00:00:11.349169,1.1421634116826417e-05,15,8,0.9000193236878079,18,0.025854745278188953,COMPLETE
4467,4467,0.5969278033794163,2021-02-09 02:06:09.008041,2021-02-09 02:06:19.983333,0 days 00:00:10.975292,1.5688663226291137e-05,15,2,0.9405345048978334,16,0.038317157840146936,COMPLETE
4468,4468,,2021-02-09 02:06:19.985684,2021-02-09 02:06:20.699551,0 days 00:00:00.713867,0.0008381918839535206,5,0,0.9017896809463045,16,0.028256113585130055,FAIL
4469,4469,0.6224270353302611,2021-02-09 02:06:20.701238,2021-02-09 02:06:42.188550,0 days 00:00:21.487312,8.452768788147621e-05,15,8,0.9208085399555233,16,0.028537923730618642,COMPLETE
4470,4470,,2021-02-09 02:06:42.190960,2021-02-09 02:06:42.946505,0 days 00:00:00.755545,1.032610993688182e-05,15,0,0.9019234495217446,18,0.03554626488972235,FAIL
4471,4471,,2021-02-09 02:06:42.948169,2021-02-09 02:06:43.651158,0 days 00:00:00.702989,2.0081277303900345e-05,5,0,0.9019806415871722,18,0.04170576747631563,FAIL
4472,4472,0.5219662058371736,2021-02-09 02:06:43.652709,2021-02-09 02:06:54.333555,0 days 00:00:10.680846,2.1982831337286264e-05,5,2,0.9021565279959497,18,0.04106905540551428,COMPLETE
4473,4473,,2021-02-09 02:06:54.335922,2021-02-09 02:06:55.073721,0 days 00:00:00.737799,0.0007743411063049562,15,0,0.9037017594182853,16,0.031506307015817255,FAIL
4474,4474,0.4519201228878648,2021-02-09 02:06:55.076538,2021-02-09 02:07:06.346806,0 days 00:00:11.270268,1.0242237722629589e-05,15,8,0.9117815778553153,16,0.02985938053329048,COMPLETE
4475,4475,0.5840245775729647,2021-02-09 02:07:06.349175,2021-02-09 02:07:17.552128,0 days 00:00:11.202953,1.8886014467140737e-05,15,2,0.904040523173907,18,0.03477397499263593,COMPLETE
4476,4476,,2021-02-09 02:07:17.554481,2021-02-09 02:07:18.274188,0 days 00:00:00.719707,1.0000175135811355e-05,15,0,0.9000570363884415,16,0.03123216890338987,FAIL
4477,4477,0.595084485407066,2021-02-09 02:07:18.275854,2021-02-09 02:08:06.082174,0 days 00:00:47.806320,0.0008015447872054376,15,8,0.9000859901082245,16,0.03136159733016056,COMPLETE
4478,4478,,2021-02-09 02:08:06.084559,2021-02-09 02:08:06.813885,0 days 00:00:00.729326,1.3630555787805263e-05,15,0,0.9075670448331853,16,0.03613697682527623,FAIL
4479,4479,,2021-02-09 02:08:06.816740,2021-02-09 02:08:07.522623,0 days 00:00:00.705883,1.3971722939542732e-05,15,0,0.9079391282954611,16,0.036433126865956546,FAIL
4480,4480,0.4706605222734255,2021-02-09 02:08:07.525435,2021-02-09 02:08:18.415064,0 days 00:00:10.889629,1.368647511544769e-05,15,2,0.9057462331189527,16,0.03567113013383421,COMPLETE
4481,4481,0.5831029185867895,2021-02-09 02:08:18.417440,2021-02-09 02:08:39.878936,0 days 00:00:21.461496,0.0004726705300087607,15,8,0.9079889464168024,18,0.024465588851272764,COMPLETE
4482,4482,0.49400921658986174,2021-02-09 02:08:39.881307,2021-02-09 02:09:00.743781,0 days 00:00:20.862474,6.470493719531186e-05,15,2,0.9030198052412636,16,0.04123920917078579,COMPLETE
4483,4483,,2021-02-09 02:09:00.746148,2021-02-09 02:09:01.451285,0 days 00:00:00.705137,0.0008707796886907714,13,0,0.9021759994048403,12,0.03770232479218723,FAIL
4484,4484,,2021-02-09 02:09:01.454207,2021-02-09 02:09:02.189351,0 days 00:00:00.735144,0.0008774942430594458,13,0,0.9822736049469966,16,0.0320602056896078,FAIL
4485,4485,,2021-02-09 02:09:02.192243,2021-02-09 02:09:03.080724,0 days 00:00:00.888481,0.0010720679936076776,13,0,0.9822244456366975,16,0.03267446233554144,FAIL
4486,4486,,2021-02-09 02:09:03.082509,2021-02-09 02:09:03.777681,0 days 00:00:00.695172,0.0008991304676979309,13,0,0.9172238009532017,16,0.03819344024061496,FAIL
4487,4487,0.513978494623656,2021-02-09 02:09:03.780529,2021-02-09 02:09:14.575682,0 days 00:00:10.795153,5.309567082952236e-05,13,2,0.9013755954185737,16,0.0379454600614424,COMPLETE
4488,4488,0.4261136712749616,2021-02-09 02:09:14.578040,2021-02-09 02:09:25.558427,0 days 00:00:10.980387,1.1934453713834139e-05,15,2,0.904263692380621,18,0.03329751092406711,COMPLETE
4489,4489,,2021-02-09 02:09:25.562087,2021-02-09 02:09:26.286886,0 days 00:00:00.724799,1.0240715632518854e-05,15,0,0.9070617697777473,16,0.02798723918696097,FAIL
4490,4490,0.6208909370199692,2021-02-09 02:09:26.288512,2021-02-09 02:09:37.936425,0 days 00:00:11.647913,0.0008579275333554726,15,8,0.9018192438327408,16,0.027477094281661524,COMPLETE
4491,4491,,2021-02-09 02:09:37.938812,2021-02-09 02:09:38.646123,0 days 00:00:00.707311,1.553860281757332e-05,15,0,0.9819118525095355,14,0.031523728330248704,FAIL
4492,4492,0.4556067588325653,2021-02-09 02:09:38.648991,2021-02-09 02:09:49.567344,0 days 00:00:10.918353,1.681402315003468e-05,15,2,0.9057470269806613,14,0.031011438592451125,COMPLETE
4493,4493,,2021-02-09 02:09:49.569723,2021-02-09 02:09:50.298308,0 days 00:00:00.728585,0.0010298160925825822,15,0,0.9833456373741454,18,0.022997751598019547,FAIL
4494,4494,0.5376344086021505,2021-02-09 02:09:50.301241,2021-02-09 02:10:16.781175,0 days 00:00:26.479934,0.00010215633998331154,15,8,0.9848192345707696,18,0.022757111750760138,COMPLETE
4495,4495,0.4196620583717358,2021-02-09 02:10:16.783562,2021-02-09 02:10:27.907904,0 days 00:00:11.124342,1.0040640037928161e-05,5,2,0.9001478383547902,16,0.03556595739960771,COMPLETE
4496,4496,,2021-02-09 02:10:27.910281,2021-02-09 02:10:28.628643,0 days 00:00:00.718362,0.0007404482350814565,15,0,0.9074362217186802,16,0.03131781509541322,FAIL
4497,4497,,2021-02-09 02:10:28.630346,2021-02-09 02:10:29.317644,0 days 00:00:00.687298,0.0009606497120826456,15,0,0.9082092957403922,16,0.0382340517292939,FAIL
4498,4498,,2021-02-09 02:10:29.319298,2021-02-09 02:10:30.022865,0 days 00:00:00.703567,0.00101188564300099,15,0,0.9818311113636347,16,0.04205441003800663,FAIL
4499,4499,,2021-02-09 02:10:30.025743,2021-02-09 02:10:30.765005,0 days 00:00:00.739262,4.546844701557596e-05,15,0,0.9070224241339024,16,0.04170830222766171,FAIL
4500,4500,0.5016897081413211,2021-02-09 02:10:30.767852,2021-02-09 02:10:42.012149,0 days 00:00:11.244297,0.0010537264416310976,15,2,0.9070904059111912,12,0.03788562453944268,COMPLETE
4501,4501,0.4076804915514593,2021-02-09 02:10:42.014543,2021-02-09 02:10:53.107880,0 days 00:00:11.093337,0.0009763378725997534,15,2,0.9031723967964748,16,0.0423368076669195,COMPLETE
4502,4502,,2021-02-09 02:10:53.110278,2021-02-09 02:10:53.831682,0 days 00:00:00.721404,0.0006832478638056306,9,0,0.9393053664112895,16,0.03274605203501985,FAIL
4503,4503,,2021-02-09 02:10:53.834567,2021-02-09 02:10:54.552806,0 days 00:00:00.718239,3.109275388698786e-05,13,0,0.9088486397992743,16,0.03282180042943125,FAIL
4504,4504,0.43164362519201227,2021-02-09 02:10:54.555675,2021-02-09 02:11:05.528007,0 days 00:00:10.972332,0.004910017282216477,13,2,0.9087086232239246,16,0.032131220533873274,COMPLETE
4505,4505,0.4270353302611367,2021-02-09 02:11:05.530391,2021-02-09 02:11:21.218439,0 days 00:00:15.688048,4.3489560818478194e-05,15,2,0.904673640126552,16,0.03355455084602144,COMPLETE
4506,4506,0.5284178187403994,2021-02-09 02:11:21.220848,2021-02-09 02:12:11.969811,0 days 00:00:50.748963,0.0006925522147954916,9,2,0.9014675873234433,14,0.029420574193799787,COMPLETE
4507,4507,0.3870967741935484,2021-02-09 02:12:11.972197,2021-02-09 02:12:22.931983,0 days 00:00:10.959786,2.6913448361476244e-05,15,2,0.9000203080336753,16,0.03906468623322946,COMPLETE
4508,4508,0.6288786482334869,2021-02-09 02:12:22.934374,2021-02-09 02:12:33.793564,0 days 00:00:10.859190,1.3251687261604611e-05,15,2,0.942956836606364,18,0.026924817111167114,COMPLETE
4509,4509,,2021-02-09 02:12:33.795971,2021-02-09 02:12:34.550034,0 days 00:00:00.754063,1.4032863029491583e-05,15,0,0.9415026224325588,18,0.02428915494770782,FAIL
4510,4510,,2021-02-09 02:12:34.551712,2021-02-09 02:12:35.270521,0 days 00:00:00.718809,1.4319097538814493e-05,15,0,0.941359568194253,18,0.024896627261423616,FAIL
4511,4511,,2021-02-09 02:12:35.272149,2021-02-09 02:12:35.977093,0 days 00:00:00.704944,1.4551330587602703e-05,15,0,0.9489654171805381,18,0.0261780424729852,FAIL
4512,4512,0.44731182795698926,2021-02-09 02:12:35.978673,2021-02-09 02:12:47.301688,0 days 00:00:11.323015,1.4350714565611768e-05,15,2,0.9380648704524227,18,0.025260671824549094,COMPLETE
4513,4513,0.5665130568356375,2021-02-09 02:12:47.304091,2021-02-09 02:12:58.210486,0 days 00:00:10.906395,1.2531699994361338e-05,15,2,0.9424066912713228,18,0.026935817002414757,COMPLETE
4514,4514,,2021-02-09 02:12:58.212895,2021-02-09 02:12:58.939938,0 days 00:00:00.727043,1.1075312342339843e-05,15,0,0.9436133049079283,18,0.02681257509302754,FAIL
4515,4515,0.4393241167434716,2021-02-09 02:12:58.941645,2021-02-09 02:13:10.176061,0 days 00:00:11.234416,1.0298191903530303e-05,15,8,0.9407834319385107,18,0.023392085612559406,COMPLETE
4516,4516,0.6116743471582181,2021-02-09 02:13:10.178455,2021-02-09 02:13:25.993561,0 days 00:00:15.815106,1.21441174286855e-05,15,2,0.9070672730036272,18,0.02600871895238211,COMPLETE
4517,4517,0.41597542242703534,2021-02-09 02:13:25.995974,2021-02-09 02:13:37.302798,0 days 00:00:11.306824,1.1674147322264057e-05,15,8,0.9405807338445559,18,0.024669634134219045,COMPLETE
4518,4518,0.6,2021-02-09 02:13:37.305194,2021-02-09 02:13:47.944935,0 days 00:00:10.639741,1.3554932281722757e-05,15,2,0.942061539282771,16,0.02829149961759486,COMPLETE
4519,4519,0.538863287250384,2021-02-09 02:13:47.947328,2021-02-09 02:13:59.298016,0 days 00:00:11.350688,0.0017035053791352697,15,8,0.9442663587313233,18,0.02680115321996938,COMPLETE
4520,4520,0.43870967741935485,2021-02-09 02:13:59.300433,2021-02-09 02:14:15.261598,0 days 00:00:15.961165,1.0268663706527443e-05,15,2,0.9395683720934918,16,0.028444437647575038,COMPLETE
4521,4521,,2021-02-09 02:14:15.264028,2021-02-09 02:14:15.989367,0 days 00:00:00.725339,1.399053638605743e-05,15,0,0.9475569122758187,18,0.02357212683301475,FAIL
4522,4522,0.4043010752688172,2021-02-09 02:14:15.991015,2021-02-09 02:14:26.593413,0 days 00:00:10.602398,1.0147686028795515e-05,15,2,0.9425395961537881,18,0.02372844378767623,COMPLETE
4523,4523,,2021-02-09 02:14:26.595831,2021-02-09 02:14:27.321954,0 days 00:00:00.726123,0.001236322513934575,15,0,0.9444709675197962,16,0.02956317117247971,FAIL
4524,4524,0.5588325652841782,2021-02-09 02:14:27.323626,2021-02-09 02:14:42.796268,0 days 00:00:15.472642,1.4430910708113256e-05,15,2,0.9457019262741055,16,0.02985571629001119,COMPLETE
4525,4525,0.6039938556067588,2021-02-09 02:14:42.798684,2021-02-09 02:15:03.960164,0 days 00:00:21.161480,0.0012596712755223477,15,2,0.9417939279601042,16,0.02576055780008734,COMPLETE
4526,4526,0.5302611367127497,2021-02-09 02:15:03.962565,2021-02-09 02:15:30.985001,0 days 00:00:27.022436,0.005896904014615459,15,8,0.947600629649671,18,0.027376917257035605,COMPLETE
4527,4527,,2021-02-09 02:15:30.987422,2021-02-09 02:15:31.714191,0 days 00:00:00.726769,7.842876693361745e-05,15,0,0.9438155756751415,16,0.030831811260149694,FAIL
4528,4528,,2021-02-09 02:15:31.717147,2021-02-09 02:15:32.471196,0 days 00:00:00.754049,1.5506596882881486e-05,15,0,0.9443225188122252,16,0.030271031461612433,FAIL
4529,4529,0.576036866359447,2021-02-09 02:15:32.472930,2021-02-09 02:15:43.210291,0 days 00:00:10.737361,0.0008762148408193979,15,2,0.9424558684721368,16,0.03107975541448315,COMPLETE
4530,4530,0.5926267281105991,2021-02-09 02:15:43.212711,2021-02-09 02:15:54.464521,0 days 00:00:11.251810,1.010603235745421e-05,15,8,0.9455765211174628,18,0.022602916925819325,COMPLETE
4531,4531,0.4433179723502304,2021-02-09 02:15:54.466932,2021-02-09 02:16:05.067507,0 days 00:00:10.600575,1.9335970483970012e-05,15,2,0.9815721605075592,16,0.03284858972964312,COMPLETE
4532,4532,0.37542242703533024,2021-02-09 02:16:05.069891,2021-02-09 02:16:16.154722,0 days 00:00:11.084831,7.613633966771884e-05,15,2,0.9394635079033936,16,0.029087387989575227,COMPLETE
4533,4533,,2021-02-09 02:16:16.157107,2021-02-09 02:16:16.914509,0 days 00:00:00.757402,0.0005574624669884436,15,0,0.9482888632063072,16,0.02495783927095699,FAIL
4534,4534,0.6156682027649769,2021-02-09 02:16:16.917392,2021-02-09 02:16:37.495199,0 days 00:00:20.577807,0.0005484440723122163,15,2,0.9452261959317992,16,0.02523222972657707,COMPLETE
4535,4535,0.4402457757296467,2021-02-09 02:16:37.497603,2021-02-09 02:16:54.040204,0 days 00:00:16.542601,1.529571156811225e-05,15,8,0.9438535188769995,18,0.027651271230657443,COMPLETE
4536,4536,,2021-02-09 02:16:54.042588,2021-02-09 02:16:54.778622,0 days 00:00:00.736034,0.0006739605363570002,15,0,0.9386937711281278,16,0.029801597989506386,FAIL
4537,4537,,2021-02-09 02:16:54.781582,2021-02-09 02:16:55.551672,0 days 00:00:00.770090,0.0007088752001876119,15,0,0.9491660530366333,16,0.030724484684408578,FAIL
4538,4538,,2021-02-09 02:16:55.553358,2021-02-09 02:16:56.250749,0 days 00:00:00.697391,0.013206659024235115,15,0,0.939407917145325,16,0.031017562334797036,FAIL
4539,4539,,2021-02-09 02:16:56.252376,2021-02-09 02:16:56.942523,0 days 00:00:00.690147,0.0006707360914920971,15,0,0.9788237267234586,16,0.03102045285824271,FAIL
4540,4540,,2021-02-09 02:16:56.945427,2021-02-09 02:16:57.674353,0 days 00:00:00.728926,0.000716955764639756,15,0,0.947603637848397,16,0.03009832394369075,FAIL
4541,4541,,2021-02-09 02:16:57.676103,2021-02-09 02:16:58.536387,0 days 00:00:00.860284,0.0006640944039741236,15,0,0.94705540090758,16,0.03080805515959442,FAIL
4542,4542,,2021-02-09 02:16:58.538095,2021-02-09 02:16:59.251204,0 days 00:00:00.713109,0.0007366500100655245,15,0,0.9172998263273721,16,0.031757935750669736,FAIL
4543,4543,0.5287250384024578,2021-02-09 02:16:59.252838,2021-02-09 02:17:10.289294,0 days 00:00:11.036456,1.2430726903734858e-05,15,2,0.9441461583910222,16,0.030949875939439053,COMPLETE
4544,4544,,2021-02-09 02:17:10.291733,2021-02-09 02:17:11.025765,0 days 00:00:00.734032,9.758027868672812e-05,15,0,0.9482822080018871,18,0.031008485990698262,FAIL
4545,4545,,2021-02-09 02:17:11.028646,2021-02-09 02:17:11.735474,0 days 00:00:00.706828,1.0105777622631071e-05,15,0,0.9470193233248821,18,0.03149353254270231,FAIL
4546,4546,0.45683563748079875,2021-02-09 02:17:11.738354,2021-02-09 02:17:23.053380,0 days 00:00:11.315026,8.854012508406468e-05,15,8,0.9394229119059957,18,0.03058230008967737,COMPLETE
4547,4547,0.4774193548387097,2021-02-09 02:17:23.055773,2021-02-09 02:17:34.027145,0 days 00:00:10.971372,1.7146611218732648e-05,13,2,0.9148950200712576,14,0.03520947116436895,COMPLETE
4548,4548,,2021-02-09 02:17:34.029528,2021-02-09 02:17:34.757583,0 days 00:00:00.728055,0.01380911747250129,5,0,0.9030471437377681,16,0.027231712036801622,FAIL
4549,4549,0.4525345622119816,2021-02-09 02:17:34.760504,2021-02-09 02:17:45.403421,0 days 00:00:10.642917,0.0007176330782098067,15,2,0.9030953141247433,16,0.027717547937320106,COMPLETE
4550,4550,0.6082949308755761,2021-02-09 02:17:45.405841,2021-02-09 02:17:56.226598,0 days 00:00:10.820757,0.0005678680109592149,5,2,0.9482943302500466,16,0.03192360883651948,COMPLETE
4551,4551,0.627342549923195,2021-02-09 02:17:56.229002,2021-02-09 02:18:07.272192,0 days 00:00:11.043190,0.0011530465786960369,15,2,0.9785345746496299,16,0.024315483449188734,COMPLETE
4552,4552,,2021-02-09 02:18:07.274570,2021-02-09 02:18:07.989302,0 days 00:00:00.714732,0.0015520662658746747,15,0,0.9868549739064889,16,0.023275587745310123,FAIL
4553,4553,0.4196620583717358,2021-02-09 02:18:07.992064,2021-02-09 02:18:19.009413,0 days 00:00:11.017349,0.002407567267626807,15,2,0.9817149376674434,16,0.022019366809228044,COMPLETE
4554,4554,0.6089093701996928,2021-02-09 02:18:19.011810,2021-02-09 02:18:44.667407,0 days 00:00:25.655597,0.0013490787811434384,15,2,0.9791589870424215,16,0.02564498721986227,COMPLETE
4555,4555,,2021-02-09 02:18:44.669847,2021-02-09 02:18:49.238531,0 days 00:00:04.568684,0.0016081684691913278,15,2,0.9846683538203067,16,0.02314474398051037,FAIL
4556,4556,,2021-02-09 02:18:49.241017,2021-02-09 02:18:50.017860,0 days 00:00:00.776843,0.0016787590005007795,15,0,0.9769025173331866,16,0.02339577213648273,FAIL
4557,4557,,2021-02-09 02:18:50.019709,2021-02-09 02:18:50.891625,0 days 00:00:00.871916,0.0015874096623836973,15,0,0.9695872943293554,16,0.023434936775067732,FAIL
4558,4558,,2021-02-09 02:18:50.893350,2021-02-09 02:18:51.603219,0 days 00:00:00.709869,1.1868960117017137e-05,15,0,0.9778059216740022,16,0.02329333332878888,FAIL
4559,4559,,2021-02-09 02:18:51.604894,2021-02-09 02:18:52.317405,0 days 00:00:00.712511,0.0011269152507169349,15,0,0.9019437573808862,16,0.02307849055158887,FAIL
4560,4560,,2021-02-09 02:18:52.319141,2021-02-09 02:18:53.027328,0 days 00:00:00.708187,0.0028663148179378616,15,0,0.9774913862948557,16,0.023736376146408254,FAIL
4561,4561,0.5886328725038402,2021-02-09 02:18:53.029016,2021-02-09 02:19:03.812568,0 days 00:00:10.783552,0.001093087522178881,15,2,0.9774409061555616,16,0.02314905681952841,COMPLETE
4562,4562,0.40307219662058374,2021-02-09 02:19:03.814983,2021-02-09 02:19:19.214596,0 days 00:00:15.399613,0.002955177836357624,15,2,0.9827925832042349,16,0.02134562778952713,COMPLETE
4563,4563,0.4362519201228879,2021-02-09 02:19:19.217012,2021-02-09 02:19:30.193274,0 days 00:00:10.976262,0.0015113850898633334,15,2,0.987533246587304,16,0.022365142256107622,COMPLETE
4564,4564,0.43870967741935485,2021-02-09 02:19:30.195714,2021-02-09 02:19:46.098742,0 days 00:00:15.903028,0.0011661558161928005,15,2,0.985171289648996,16,0.024305053968058127,COMPLETE
4565,4565,0.5262672811059907,2021-02-09 02:19:46.101122,2021-02-09 02:20:06.375461,0 days 00:00:20.274339,0.0012406107113025035,15,2,0.9798743525395176,16,0.024574727849511827,COMPLETE
4566,4566,0.5001536098310292,2021-02-09 02:20:06.377855,2021-02-09 02:20:57.537972,0 days 00:00:51.160117,0.001885734828492477,15,2,0.9466540381458995,16,0.02575099722929606,COMPLETE
4567,4567,0.5219662058371736,2021-02-09 02:20:57.540410,2021-02-09 02:21:33.024163,0 days 00:00:35.483753,0.0018515124495887764,15,2,0.9739359017766912,16,0.023896551751962265,COMPLETE
4568,4568,0.48663594470046084,2021-02-09 02:21:33.026573,2021-02-09 02:22:38.180887,0 days 00:01:05.154314,0.0016004164637233027,15,2,0.9888278076238706,16,0.02066031242092912,COMPLETE
4569,4569,,2021-02-09 02:22:38.183293,2021-02-09 02:22:38.925168,0 days 00:00:00.741875,1.187020848451779e-05,15,0,0.9832259685440432,16,0.027077579900949177,FAIL
4570,4570,,2021-02-09 02:22:38.926926,2021-02-09 02:22:39.634519,0 days 00:00:00.707593,0.0009485082718118418,15,0,0.9782254962502118,16,0.026928295297319715,FAIL
4571,4571,0.4402457757296467,2021-02-09 02:22:39.637396,2021-02-09 02:22:50.601830,0 days 00:00:10.964434,0.003515076808966502,15,2,0.9752377279924502,16,0.027392141013377218,COMPLETE
4572,4572,0.40030721966205834,2021-02-09 02:22:50.604266,2021-02-09 02:23:06.377161,0 days 00:00:15.772895,1.3899129763695764e-05,15,2,0.9829210333290624,16,0.02570469071723926,COMPLETE
4573,4573,,2021-02-09 02:23:06.379601,2021-02-09 02:23:07.103254,0 days 00:00:00.723653,0.0009876461202283748,15,0,0.989282098947523,16,0.028839222679416267,FAIL
4574,4574,0.5293394777265745,2021-02-09 02:23:07.104876,2021-02-09 02:23:17.642810,0 days 00:00:10.537934,6.2203115210118e-05,15,2,0.986268812704201,16,0.02839405770435097,COMPLETE
