,number,value,datetime_start,datetime_complete,duration,params_lr,params_nl2,params_num_ct,params_scheduler_gamma,params_sigma2,params_weight_decay,state
812,812,,2021-02-08 21:24:27.804600,2021-02-08 21:24:28.467774,0 days 00:00:00.663174,0.00019493766560082384,17,0,0.9890474514444673,20,0.02897982195923209,FAIL
813,813,,2021-02-08 21:24:28.468680,2021-02-08 21:24:29.109809,0 days 00:00:00.641129,3.569636494345103e-05,13,0,0.9890147975525267,20,0.030104553216972647,FAIL
814,814,,2021-02-08 21:24:29.110788,2021-02-08 21:24:29.770613,0 days 00:00:00.659825,0.00022636088769032857,17,0,0.9883689197358378,20,0.02959993341683203,FAIL
815,815,,2021-02-08 21:24:29.771516,2021-02-08 21:24:30.413656,0 days 00:00:00.642140,0.00024614127914321263,17,0,0.9563358043121306,20,0.02883753981409761,FAIL
816,816,,2021-02-08 21:24:30.414584,2021-02-08 21:24:31.081379,0 days 00:00:00.666795,0.0002456378771569408,17,0,0.9562605427627169,20,0.0309518568215886,FAIL
817,817,,2021-02-08 21:24:31.082321,2021-02-08 21:24:31.911201,0 days 00:00:00.828880,0.00021782645044066525,17,0,0.9561975250265213,20,0.029196720254295497,FAIL
818,818,,2021-02-08 21:24:31.912139,2021-02-08 21:24:32.568381,0 days 00:00:00.656242,0.0002222926767682325,13,0,0.9896449951031554,20,0.0290363937949532,FAIL
819,819,,2021-02-08 21:24:32.569333,2021-02-08 21:24:33.221562,0 days 00:00:00.652229,4.4545351432791276e-05,13,0,0.9884022919198686,20,0.027551221972691074,FAIL
820,820,,2021-02-08 21:24:33.222274,2021-02-08 21:24:33.868724,0 days 00:00:00.646450,0.0002611863038143872,17,0,0.9893850502489773,20,0.029896594183533753,FAIL
821,821,,2021-02-08 21:24:33.869297,2021-02-08 21:24:34.518565,0 days 00:00:00.649268,0.00023489890793184027,17,0,0.9561199197945515,20,0.030330823956018212,FAIL
822,822,,2021-02-08 21:24:34.519171,2021-02-08 21:24:35.171970,0 days 00:00:00.652799,0.0002592263704857953,17,0,0.9899352187905869,20,0.032565201215488906,FAIL
823,823,,2021-02-08 21:24:35.172940,2021-02-08 21:24:35.835553,0 days 00:00:00.662613,0.0002594009679540593,17,0,0.9559274743137488,20,0.029562879982079043,FAIL
824,824,,2021-02-08 21:24:35.836507,2021-02-08 21:24:36.511124,0 days 00:00:00.674617,0.0002335358511626597,17,0,0.9770444648258735,20,0.032499410252486045,FAIL
825,825,,2021-02-08 21:24:36.511694,2021-02-08 21:24:37.263777,0 days 00:00:00.752083,0.0002358599283987468,13,0,0.955511832611656,20,0.02743155755352046,FAIL
826,826,,2021-02-08 21:24:37.264729,2021-02-08 21:24:37.909576,0 days 00:00:00.644847,0.00022731062813964828,17,0,0.9883855740634644,20,0.03181617937236874,FAIL
827,827,,2021-02-08 21:24:37.910270,2021-02-08 21:24:38.557710,0 days 00:00:00.647440,4.498460463186788e-05,13,0,0.9551566625133487,20,0.02791813091452045,FAIL
828,828,,2021-02-08 21:24:38.558699,2021-02-08 21:24:39.215552,0 days 00:00:00.656853,0.00023630938701132872,17,0,0.9557605630549848,20,0.028803490393327302,FAIL
829,829,,2021-02-08 21:24:39.217733,2021-02-08 21:24:39.861488,0 days 00:00:00.643755,0.0002470387446664199,17,0,0.9885713537317751,20,0.02955291018935491,FAIL
830,830,,2021-02-08 21:24:39.862106,2021-02-08 21:24:40.513826,0 days 00:00:00.651720,0.00020966685067732316,13,0,0.9569649354095026,20,0.029152109493540086,FAIL
831,831,,2021-02-08 21:24:40.514802,2021-02-08 21:24:41.186827,0 days 00:00:00.672025,0.00022627225037066503,13,0,0.9878257188636663,20,0.02848018769323622,FAIL
832,832,,2021-02-08 21:24:41.187798,2021-02-08 21:24:41.884531,0 days 00:00:00.696733,0.00023013987736868836,17,0,0.9885876364996036,20,0.030911761388302463,FAIL
833,833,,2021-02-08 21:24:41.885494,2021-02-08 21:24:42.705830,0 days 00:00:00.820336,0.00022982204581764603,17,0,0.989489131290143,20,0.028215674696517635,FAIL
834,834,,2021-02-08 21:24:42.706422,2021-02-08 21:24:43.339904,0 days 00:00:00.633482,0.00024572957029180497,17,0,0.9893808013518555,20,0.031877783154068674,FAIL
835,835,,2021-02-08 21:24:43.340492,2021-02-08 21:24:43.991103,0 days 00:00:00.650611,0.00023468711625768303,17,0,0.9564572544139939,20,0.027299590084662623,FAIL
836,836,,2021-02-08 21:24:43.991695,2021-02-08 21:24:44.629015,0 days 00:00:00.637320,0.00023352800929649371,13,0,0.9563036971149286,20,0.02882663004447792,FAIL
837,837,,2021-02-08 21:24:44.629598,2021-02-08 21:24:45.274854,0 days 00:00:00.645256,0.0002288980007906867,13,0,0.9887997917087922,20,0.03266290326535106,FAIL
838,838,,2021-02-08 21:24:45.275446,2021-02-08 21:24:45.921665,0 days 00:00:00.646219,0.00023111813827356072,13,0,0.9897790836316938,20,0.030760907597534932,FAIL
839,839,,2021-02-08 21:24:45.922629,2021-02-08 21:24:46.586891,0 days 00:00:00.664262,0.0002289990445193439,13,0,0.9564114497270289,20,0.029797412777835028,FAIL
840,840,,2021-02-08 21:24:46.587482,2021-02-08 21:24:47.240641,0 days 00:00:00.653159,0.00020087752988109792,17,0,0.9574993546371489,20,0.02949252466247101,FAIL
841,841,,2021-02-08 21:24:47.241276,2021-02-08 21:24:48.013358,0 days 00:00:00.772082,0.0002621740854441483,17,0,0.9882664655654324,20,0.029832867321869204,FAIL
842,842,,2021-02-08 21:24:48.014290,2021-02-08 21:24:48.676010,0 days 00:00:00.661720,0.00019332303658556947,17,0,0.9896514924512922,20,0.027068818643349712,FAIL
843,843,,2021-02-08 21:24:48.676961,2021-02-08 21:24:49.360328,0 days 00:00:00.683367,0.00022226921117571177,17,0,0.9555764531617548,20,0.029650319698605345,FAIL
844,844,,2021-02-08 21:24:49.361293,2021-02-08 21:24:50.028319,0 days 00:00:00.667026,0.0002250813163234265,17,0,0.9890946877714277,20,0.027495356883698165,FAIL
845,845,,2021-02-08 21:24:50.028891,2021-02-08 21:24:50.664388,0 days 00:00:00.635497,0.00023732675670009567,17,0,0.988702889950702,20,0.030190995273549823,FAIL
846,846,,2021-02-08 21:24:50.665298,2021-02-08 21:24:51.348306,0 days 00:00:00.683008,0.0002134666389288001,17,0,0.9556137958467492,20,0.029308264989700825,FAIL
847,847,,2021-02-08 21:24:51.349259,2021-02-08 21:24:52.016729,0 days 00:00:00.667470,3.788187264353122e-05,17,0,0.957049535721314,20,0.027225746299314547,FAIL
848,848,,2021-02-08 21:24:52.017677,2021-02-08 21:24:52.699350,0 days 00:00:00.681673,0.00024168912953372767,17,0,0.9769850223764139,20,0.03609927747861774,FAIL
849,849,,2021-02-08 21:24:52.700278,2021-02-08 21:24:53.543952,0 days 00:00:00.843674,3.8265250569548285e-05,13,0,0.9559446900818155,20,0.030242655769347954,FAIL
850,850,,2021-02-08 21:24:53.544563,2021-02-08 21:24:54.187181,0 days 00:00:00.642618,0.0002729458402889836,17,0,0.9897132208713622,20,0.030925626133500275,FAIL
851,851,,2021-02-08 21:24:54.187780,2021-02-08 21:24:54.820111,0 days 00:00:00.632331,0.00021807216737736613,17,0,0.9885172135596328,20,0.02753687651556755,FAIL
852,852,,2021-02-08 21:24:54.820699,2021-02-08 21:24:55.460145,0 days 00:00:00.639446,4.1750455971294534e-05,17,0,0.957084265735485,20,0.029675727122451555,FAIL
853,853,,2021-02-08 21:24:55.461136,2021-02-08 21:24:56.141216,0 days 00:00:00.680080,0.0002428971610741774,17,0,0.9572874453895872,20,0.031571055029807324,FAIL
854,854,,2021-02-08 21:24:56.142066,2021-02-08 21:24:56.783769,0 days 00:00:00.641703,0.00024288501170637396,13,0,0.9569560610933322,20,0.028722853807950907,FAIL
855,855,,2021-02-08 21:24:56.784551,2021-02-08 21:24:57.434629,0 days 00:00:00.650078,0.00022693297782658335,17,0,0.9173514889326524,20,0.03028725125883052,FAIL
856,856,,2021-02-08 21:24:57.435216,2021-02-08 21:24:58.090503,0 days 00:00:00.655287,0.00022313582689565875,17,0,0.989822844324552,20,0.03757501800930085,FAIL
857,857,,2021-02-08 21:24:58.091120,2021-02-08 21:24:58.873037,0 days 00:00:00.781917,0.00024441437586721017,13,0,0.9886142050616511,20,0.029685095595702406,FAIL
858,858,,2021-02-08 21:24:58.873994,2021-02-08 21:24:59.538977,0 days 00:00:00.664983,0.00020070190162447862,17,0,0.9890663631030193,20,0.029034471070427417,FAIL
859,859,,2021-02-08 21:24:59.539577,2021-02-08 21:25:00.174760,0 days 00:00:00.635183,0.00024145425075078035,17,0,0.9878652605280445,20,0.0296026789155367,FAIL
860,860,,2021-02-08 21:25:00.175373,2021-02-08 21:25:00.815378,0 days 00:00:00.640005,0.00022060082964821365,17,0,0.9554823420521577,20,0.03152421880020717,FAIL
861,861,,2021-02-08 21:25:00.815964,2021-02-08 21:25:01.473560,0 days 00:00:00.657596,0.00023041679561244734,17,0,0.9565342647214164,20,0.02740374763693154,FAIL
862,862,,2021-02-08 21:25:01.474148,2021-02-08 21:25:02.126197,0 days 00:00:00.652049,0.0002335101663932213,17,0,0.9894189078970501,20,0.030263876984333055,FAIL
863,863,,2021-02-08 21:25:02.126840,2021-02-08 21:25:02.780141,0 days 00:00:00.653301,0.00024916253816988104,17,0,0.98996426392031,20,0.029687380767801298,FAIL
864,864,,2021-02-08 21:25:02.780966,2021-02-08 21:25:03.429713,0 days 00:00:00.648747,0.00019802448067218946,13,0,0.9891195652420192,20,0.03066001140311444,FAIL
865,865,,2021-02-08 21:25:03.430320,2021-02-08 21:25:04.196940,0 days 00:00:00.766620,0.0002625834602702052,17,0,0.9880969052223112,20,0.02958215670937236,FAIL
866,866,,2021-02-08 21:25:04.197560,2021-02-08 21:25:04.846834,0 days 00:00:00.649274,0.00022550739789073244,17,0,0.9567454264442222,20,0.029690991822508717,FAIL
867,867,0.3794162826420891,2021-02-08 21:25:04.847464,2021-02-08 21:25:20.437075,0 days 00:00:15.589611,0.00022146822650185964,13,2,0.9701388912738049,20,0.029782428368228742,COMPLETE
868,868,,2021-02-08 21:25:20.437864,2021-02-08 21:25:21.095107,0 days 00:00:00.657243,3.4464213109167554e-05,17,0,0.9772342672979653,18,0.06006523246026754,FAIL
869,869,,2021-02-08 21:25:21.095714,2021-02-08 21:25:21.756863,0 days 00:00:00.661149,3.7546003290476394e-05,17,0,0.9890822090042257,18,0.06275013106420103,FAIL
870,870,,2021-02-08 21:25:21.757839,2021-02-08 21:25:22.434042,0 days 00:00:00.676203,3.7817222909834905e-05,17,0,0.9882309993581747,18,0.04032348600478722,FAIL
871,871,,2021-02-08 21:25:22.434663,2021-02-08 21:25:23.083798,0 days 00:00:00.649135,4.3762018037967616e-05,17,0,0.9557419874209108,18,0.040240482790189526,FAIL
872,872,,2021-02-08 21:25:23.084394,2021-02-08 21:25:23.873787,0 days 00:00:00.789393,2.8605566443243406e-05,17,0,0.956175077666813,18,0.03875334446818377,FAIL
873,873,,2021-02-08 21:25:23.874645,2021-02-08 21:25:24.521609,0 days 00:00:00.646964,1.916816400412055e-05,17,0,0.9152788840149935,18,0.03860548306849493,FAIL
874,874,,2021-02-08 21:25:24.522447,2021-02-08 21:25:25.162138,0 days 00:00:00.639691,4.235459642918133e-05,17,0,0.9888821465977855,18,0.061985934954192065,FAIL
875,875,,2021-02-08 21:25:25.162975,2021-02-08 21:25:25.810589,0 days 00:00:00.647614,4.908820883600564e-05,17,0,0.9891734461770013,18,0.03925047316486888,FAIL
876,876,0.4651305683563748,2021-02-08 21:25:25.811429,2021-02-08 21:25:36.391494,0 days 00:00:10.580065,4.1021353709738e-05,15,2,0.9893783807851357,18,0.039289981721804555,COMPLETE
877,877,,2021-02-08 21:25:36.392313,2021-02-08 21:25:37.045080,0 days 00:00:00.652767,1.8963512474587704e-05,17,0,0.9770724910647264,20,0.02219642186254856,FAIL
878,878,,2021-02-08 21:25:37.046064,2021-02-08 21:25:37.718744,0 days 00:00:00.672680,1.650993526593588e-05,17,0,0.976618555201509,20,0.059670620080053416,FAIL
879,879,,2021-02-08 21:25:37.719724,2021-02-08 21:25:38.543063,0 days 00:00:00.823339,1.6421267989389507e-05,17,0,0.9065179941518744,20,0.06055894171985236,FAIL
880,880,,2021-02-08 21:25:38.544035,2021-02-08 21:25:39.193301,0 days 00:00:00.649266,1.99427846382196e-05,17,0,0.9769463017309368,20,0.023011025799941923,FAIL
881,881,,2021-02-08 21:25:39.194294,2021-02-08 21:25:39.874528,0 days 00:00:00.680234,1.7514071721608614e-05,17,0,0.9154468414385726,20,0.0602476472356487,FAIL
882,882,,2021-02-08 21:25:39.875535,2021-02-08 21:25:40.561390,0 days 00:00:00.685855,1.0302468280715454e-05,17,0,0.9187387542306913,20,0.060403595595552105,FAIL
883,883,,2021-02-08 21:25:40.562378,2021-02-08 21:25:41.262996,0 days 00:00:00.700618,1.761438917560092e-05,17,0,0.9164955675396738,20,0.06171216316322001,FAIL
884,884,,2021-02-08 21:25:41.263771,2021-02-08 21:25:41.897012,0 days 00:00:00.633241,1.815373758273419e-05,17,0,0.9561208771469035,20,0.06179122884370292,FAIL
885,885,,2021-02-08 21:25:41.897984,2021-02-08 21:25:42.609474,0 days 00:00:00.711490,1.6722358474439044e-05,17,0,0.9561757002916785,20,0.061027813517843046,FAIL
886,886,,2021-02-08 21:25:42.610111,2021-02-08 21:25:43.257693,0 days 00:00:00.647582,1.755912972031638e-05,17,0,0.9103839222068077,20,0.05984779769478819,FAIL
887,887,,2021-02-08 21:25:43.258306,2021-02-08 21:25:44.037105,0 days 00:00:00.778799,1.0140046081582089e-05,17,0,0.9771643798199677,20,0.06569735949193711,FAIL
888,888,,2021-02-08 21:25:44.037833,2021-02-08 21:25:44.692003,0 days 00:00:00.654170,1.7624516693896957e-05,17,0,0.913044940721673,20,0.014453068637489698,FAIL
889,889,,2021-02-08 21:25:44.692598,2021-02-08 21:25:45.365452,0 days 00:00:00.672854,1.783369734813755e-05,17,0,0.911466789167472,20,0.05602338437616374,FAIL
890,890,,2021-02-08 21:25:45.366072,2021-02-08 21:25:46.026323,0 days 00:00:00.660251,1.7487414424489016e-05,17,0,0.9008264528764349,20,0.014016138065844355,FAIL
891,891,,2021-02-08 21:25:46.026948,2021-02-08 21:25:46.680128,0 days 00:00:00.653180,1.0674477407087177e-05,17,0,0.9059651872395057,20,0.062167931381727194,FAIL
892,892,,2021-02-08 21:25:46.680733,2021-02-08 21:25:47.320319,0 days 00:00:00.639586,1.5013932633308118e-05,17,0,0.9183220445590754,20,0.014282862939376627,FAIL
893,893,,2021-02-08 21:25:47.320912,2021-02-08 21:25:47.982045,0 days 00:00:00.661133,2.0921451729743504e-05,17,0,0.9056707132277155,20,0.013293741621841479,FAIL
894,894,,2021-02-08 21:25:47.982668,2021-02-08 21:25:48.627672,0 days 00:00:00.645004,1.0285549704460218e-05,17,0,0.9164267881259366,20,0.057551782564355246,FAIL
895,895,0.621505376344086,2021-02-08 21:25:48.628273,2021-02-08 21:26:04.314707,0 days 00:00:15.686434,1.8434329470103943e-05,17,4,0.9200386528398914,20,0.05685507334017831,COMPLETE
896,896,,2021-02-08 21:26:04.315541,2021-02-08 21:26:04.981007,0 days 00:00:00.665466,0.0002663666488482657,19,0,0.9125996890073805,20,0.06549583642268154,FAIL
897,897,,2021-02-08 21:26:04.981614,2021-02-08 21:26:05.638118,0 days 00:00:00.656504,0.00027807773388771476,19,0,0.9074334215377321,20,0.05774025536573508,FAIL
898,898,,2021-02-08 21:26:05.639219,2021-02-08 21:26:06.292140,0 days 00:00:00.652921,7.388465289643157e-05,19,0,0.9157766693935285,20,0.06759301979123944,FAIL
899,899,,2021-02-08 21:26:06.293130,2021-02-08 21:26:06.962876,0 days 00:00:00.669746,1.0304123438912408e-05,19,0,0.9180686459336054,20,0.057897902155321854,FAIL
900,900,,2021-02-08 21:26:06.963580,2021-02-08 21:26:07.631262,0 days 00:00:00.667682,1.0194335094046406e-05,17,0,0.9187782046280056,20,0.064758947335296,FAIL
901,901,,2021-02-08 21:26:07.632001,2021-02-08 21:26:08.412083,0 days 00:00:00.780082,0.00027471744071599626,19,0,0.9122270519800803,20,0.061503934268109316,FAIL
902,902,,2021-02-08 21:26:08.412710,2021-02-08 21:26:09.057402,0 days 00:00:00.644692,0.0002682422263230806,19,0,0.9155500410225141,20,0.05750008423790588,FAIL
903,903,,2021-02-08 21:26:09.058408,2021-02-08 21:26:09.740114,0 days 00:00:00.681706,7.909081120435788e-05,19,0,0.9082618402934696,20,0.05806261749331781,FAIL
904,904,,2021-02-08 21:26:09.741112,2021-02-08 21:26:10.441997,0 days 00:00:00.700885,1.0783385930467654e-05,19,0,0.9065212621601303,20,0.05983556791299621,FAIL
905,905,,2021-02-08 21:26:10.442987,2021-02-08 21:26:11.105967,0 days 00:00:00.662980,1.0656706808487472e-05,19,0,0.9119479903724974,20,0.039989594033837166,FAIL
906,906,,2021-02-08 21:26:11.106597,2021-02-08 21:26:11.792980,0 days 00:00:00.686383,0.0002803064274262754,19,0,0.912651989614752,20,0.061855140709543656,FAIL
907,907,,2021-02-08 21:26:11.793970,2021-02-08 21:26:12.459600,0 days 00:00:00.665630,0.0002738854613566435,19,0,0.9091853637471489,20,0.062298705830474255,FAIL
908,908,0.5385560675883256,2021-02-08 21:26:12.460243,2021-02-08 21:26:23.185734,0 days 00:00:10.725491,0.00032217736726158214,19,4,0.9098519243763988,20,0.055888751058966686,COMPLETE
909,909,,2021-02-08 21:26:23.186553,2021-02-08 21:26:23.858094,0 days 00:00:00.671541,2.086790551071085e-05,17,0,0.9211345188591167,20,0.03919651117162578,FAIL
910,910,,2021-02-08 21:26:23.858742,2021-02-08 21:26:24.554208,0 days 00:00:00.695466,1.6104278409738098e-05,17,0,0.914353698556061,20,0.06917081556399551,FAIL
911,911,,2021-02-08 21:26:24.554811,2021-02-08 21:26:25.195972,0 days 00:00:00.641161,1.66965751319512e-05,17,0,0.9222277845927107,20,0.038821169195766066,FAIL
912,912,,2021-02-08 21:26:25.196952,2021-02-08 21:26:25.863620,0 days 00:00:00.666668,2.1802491285704486e-05,19,0,0.9188093691301543,20,0.07047005857895743,FAIL
913,913,,2021-02-08 21:26:25.864214,2021-02-08 21:26:26.498523,0 days 00:00:00.634309,2.1015233797420613e-05,11,0,0.9190563070625749,20,0.06990682333045906,FAIL
914,914,,2021-02-08 21:26:26.499128,2021-02-08 21:26:27.147785,0 days 00:00:00.648657,1.7750243756867323e-05,17,0,0.9216877123636236,20,0.04039229338093076,FAIL
915,915,,2021-02-08 21:26:27.148398,2021-02-08 21:26:27.785763,0 days 00:00:00.637365,2.0571380197131573e-05,17,0,0.9102981764649197,20,0.0669651920440273,FAIL
916,916,,2021-02-08 21:26:27.786364,2021-02-08 21:26:28.571928,0 days 00:00:00.785564,1.5069260572110072e-05,17,0,0.9190793311724086,20,0.06780031815226847,FAIL
917,917,,2021-02-08 21:26:28.572553,2021-02-08 21:26:29.226778,0 days 00:00:00.654225,1.7600634533187025e-05,19,0,0.9085297556578305,20,0.03897090118994662,FAIL
918,918,,2021-02-08 21:26:29.227835,2021-02-08 21:26:29.907487,0 days 00:00:00.679652,1.7373694852964285e-05,17,0,0.9181483924607096,20,0.06746319944254486,FAIL
919,919,,2021-02-08 21:26:29.908084,2021-02-08 21:26:30.542630,0 days 00:00:00.634546,2.156903241015103e-05,19,0,0.9080407799054823,20,0.04051622941740592,FAIL
920,920,,2021-02-08 21:26:30.543237,2021-02-08 21:26:31.173031,0 days 00:00:00.629794,1.7305588744233688e-05,17,0,0.9222633004025975,20,0.0687326024467694,FAIL
921,921,,2021-02-08 21:26:31.173621,2021-02-08 21:26:31.811994,0 days 00:00:00.638373,1.0153761663550177e-05,17,0,0.902700339293067,20,0.06680468528841478,FAIL
922,922,,2021-02-08 21:26:31.813003,2021-02-08 21:26:32.477014,0 days 00:00:00.664011,1.655388992329505e-05,17,0,0.9170290166326459,20,0.0685099131062154,FAIL
923,923,,2021-02-08 21:26:32.477603,2021-02-08 21:26:33.111981,0 days 00:00:00.634378,1.7769277399795597e-05,17,0,0.9141080183844945,20,0.040790462050508146,FAIL
924,924,,2021-02-08 21:26:33.112589,2021-02-08 21:26:33.867860,0 days 00:00:00.755271,1.695349428706866e-05,17,0,0.9166229036718626,20,0.06665548189350354,FAIL
925,925,,2021-02-08 21:26:33.868482,2021-02-08 21:26:34.512614,0 days 00:00:00.644132,1.00161809311837e-05,17,0,0.9159496047131759,20,0.06918049053579935,FAIL
926,926,,2021-02-08 21:26:34.513641,2021-02-08 21:26:35.167409,0 days 00:00:00.653768,1.7984186850528437e-05,17,0,0.9125367753490018,20,0.06632809345795909,FAIL
927,927,,2021-02-08 21:26:35.168380,2021-02-08 21:26:35.823391,0 days 00:00:00.655011,1.7097027597982567e-05,17,0,0.9088197148403646,20,0.06787749609200451,FAIL
928,928,0.39447004608294933,2021-02-08 21:26:35.824021,2021-02-08 21:26:51.329654,0 days 00:00:15.505633,1.640196384317067e-05,17,4,0.9199283540345198,20,0.03849570646887058,COMPLETE
929,929,,2021-02-08 21:26:51.330491,2021-02-08 21:26:51.987557,0 days 00:00:00.657066,2.2939652250336354e-05,17,0,0.9157853762019255,18,0.06970871262031991,FAIL
930,930,,2021-02-08 21:26:51.988543,2021-02-08 21:26:52.648818,0 days 00:00:00.660275,2.283304511916055e-05,17,0,0.9118521959075788,18,0.020919044075445554,FAIL
931,931,,2021-02-08 21:26:52.649787,2021-02-08 21:26:53.420564,0 days 00:00:00.770777,7.19106697076586e-05,17,0,0.9614115514613976,18,0.0663689247364846,FAIL
932,932,,2021-02-08 21:26:53.421418,2021-02-08 21:26:54.083766,0 days 00:00:00.662348,2.176759552114059e-05,17,0,0.9772384313940802,18,0.06840659955588042,FAIL
933,933,,2021-02-08 21:26:54.084777,2021-02-08 21:26:54.755294,0 days 00:00:00.670517,2.1768380004642498e-05,11,0,0.960825347192118,18,0.06561853712029876,FAIL
934,934,,2021-02-08 21:26:54.755909,2021-02-08 21:26:55.416038,0 days 00:00:00.660129,2.469941264590429e-05,17,0,0.9625704854084433,18,0.0684624438153901,FAIL
935,935,,2021-02-08 21:26:55.417022,2021-02-08 21:26:56.080167,0 days 00:00:00.663145,2.0402167870171298e-05,17,0,0.9156056029479376,18,0.02075895936865814,FAIL
936,936,,2021-02-08 21:26:56.081140,2021-02-08 21:26:56.738015,0 days 00:00:00.656875,1.022943022090675e-05,17,0,0.9131692315734267,18,0.0686275322918189,FAIL
937,937,,2021-02-08 21:26:56.738625,2021-02-08 21:26:57.362438,0 days 00:00:00.623813,2.2215909112976153e-05,17,0,0.961806908050281,18,0.020173247362678698,FAIL
938,938,,2021-02-08 21:26:57.363064,2021-02-08 21:26:58.005682,0 days 00:00:00.642618,2.2909598368359155e-05,11,0,0.9616868407641437,18,0.0674790751889468,FAIL
939,939,,2021-02-08 21:26:58.006844,2021-02-08 21:26:58.790190,0 days 00:00:00.783346,2.113834210444399e-05,11,0,0.9199462562288675,18,0.014036319793614572,FAIL
940,940,,2021-02-08 21:26:58.791193,2021-02-08 21:26:59.472540,0 days 00:00:00.681347,2.1199379193869668e-05,11,0,0.9006693906082238,18,0.014327805685273642,FAIL
941,941,,2021-02-08 21:26:59.473555,2021-02-08 21:27:00.140233,0 days 00:00:00.666678,1.0233105574878723e-05,11,0,0.9198498771190583,18,0.06483234829648522,FAIL
942,942,,2021-02-08 21:27:00.140862,2021-02-08 21:27:00.796272,0 days 00:00:00.655410,7.64934846907704e-05,17,0,0.9187535115585229,18,0.07033783527249474,FAIL
943,943,,2021-02-08 21:27:00.797285,2021-02-08 21:27:01.495312,0 days 00:00:00.698027,2.1499824584448013e-05,17,0,0.9160833820834509,18,0.06831976633410956,FAIL
944,944,,2021-02-08 21:27:01.496331,2021-02-08 21:27:02.154085,0 days 00:00:00.657754,2.73911763560503e-05,17,0,0.9152121863210931,18,0.0680698931238762,FAIL
945,945,,2021-02-08 21:27:02.155094,2021-02-08 21:27:02.796761,0 days 00:00:00.641667,1.0650323088884242e-05,17,0,0.9214099269204192,18,0.013988720140487956,FAIL
946,946,,2021-02-08 21:27:02.797783,2021-02-08 21:27:03.444968,0 days 00:00:00.647185,1.057837842797691e-05,17,0,0.9189112323679449,18,0.0655965287661076,FAIL
