,number,value,datetime_start,datetime_complete,duration,params_lr,params_scheduler_gamma,params_weight_decay,state
2642,2642,0.5858678955453149,2021-02-07 08:04:52.029698,2021-02-07 08:05:03.259751,0 days 00:00:11.230053,0.050658951431179496,0.9459801733747778,0.2641446758633192,COMPLETE
2643,2643,0.5539170506912442,2021-02-07 08:05:03.261205,2021-02-07 08:05:19.518411,0 days 00:00:16.257206,0.08228791891708746,0.9432800796758057,0.18239382002256946,COMPLETE
2644,2644,0.402457757296467,2021-02-07 08:05:19.519861,2021-02-07 08:05:30.440619,0 days 00:00:10.920758,0.00022900721166652644,0.9428817777491845,0.20745268214010482,COMPLETE
2645,2645,0.5668202764976958,2021-02-07 08:05:30.442067,2021-02-07 08:05:46.350919,0 days 00:00:15.908852,0.039317153665076425,0.9433178143102117,0.17223957581838245,COMPLETE
2646,2646,0.5689708141321045,2021-02-07 08:05:46.352365,2021-02-07 08:05:57.218368,0 days 00:00:10.866003,0.058774753988564084,0.9461541217635022,0.227433194925396,COMPLETE
2647,2647,0.5840245775729647,2021-02-07 08:05:57.219837,2021-02-07 08:06:13.519170,0 days 00:00:16.299333,0.03183476699797663,0.9420750879144958,0.2615304009704324,COMPLETE
2648,2648,0.576036866359447,2021-02-07 08:06:13.520620,2021-02-07 08:06:24.695399,0 days 00:00:11.174779,0.04229140368162325,0.9566381621158773,0.18909226449152225,COMPLETE
2649,2649,0.578494623655914,2021-02-07 08:06:24.696848,2021-02-07 08:06:40.429172,0 days 00:00:15.732324,0.029864396626886384,0.9448089587866758,0.24672379248611948,COMPLETE
2650,2650,0.6012288786482335,2021-02-07 08:06:40.430635,2021-02-07 08:06:51.744533,0 days 00:00:11.313898,0.061890151197964614,0.9572815506025207,0.2092934109276139,COMPLETE
2651,2651,0.5136712749615976,2021-02-07 08:06:51.746017,2021-02-07 08:07:12.618589,0 days 00:00:20.872572,0.049491734314695356,0.946722587667972,0.15685472365225797,COMPLETE
2652,2652,0.5440860215053763,2021-02-07 08:07:12.620069,2021-02-07 08:07:28.800256,0 days 00:00:16.180187,0.03558969827909613,0.9437029524103046,0.17428127021002335,COMPLETE
2653,2653,0.576036866359447,2021-02-07 08:07:28.801721,2021-02-07 08:07:45.154901,0 days 00:00:16.353180,0.02754245006918258,0.9418327281681785,0.19910702938965483,COMPLETE
2654,2654,0.5357910906298003,2021-02-07 08:07:45.156419,2021-02-07 08:08:01.391467,0 days 00:00:16.235048,0.08149451953221566,0.9353625435736127,0.22516689683886879,COMPLETE
2655,2655,0.5665130568356375,2021-02-07 08:08:01.392961,2021-02-07 08:08:12.293742,0 days 00:00:10.900781,0.042577199936808224,0.9729831287346943,0.27029385040957404,COMPLETE
2656,2656,0.5490015360983103,2021-02-07 08:08:12.295217,2021-02-07 08:08:23.223883,0 days 00:00:10.928666,0.06071733606444325,0.9464706913423434,0.18393289750933733,COMPLETE
2657,2657,0.5447004608294931,2021-02-07 08:08:23.225332,2021-02-07 08:08:34.061979,0 days 00:00:10.836647,0.03311972534330264,0.941936564435167,0.24270564431339256,COMPLETE
2658,2658,0.5806451612903226,2021-02-07 08:08:34.063476,2021-02-07 08:08:45.187650,0 days 00:00:11.124174,0.051827525705888444,0.9436544164790203,0.020426528451814915,COMPLETE
2659,2659,0.5321044546850998,2021-02-07 08:08:45.189116,2021-02-07 08:08:55.958699,0 days 00:00:10.769583,0.07294428821889305,0.9366221749183457,0.16535437962723532,COMPLETE
2660,2660,0.5861751152073733,2021-02-07 08:08:55.960186,2021-02-07 08:09:07.088460,0 days 00:00:11.128274,0.037627346862075646,0.9404323099567921,0.016456284411467605,COMPLETE
2661,2661,0.6064516129032258,2021-02-07 08:09:07.089910,2021-02-07 08:09:23.565712,0 days 00:00:16.475802,0.02934089000435304,0.94490016953834,0.21465179599503115,COMPLETE
2662,2662,0.5391705069124424,2021-02-07 08:09:23.567183,2021-02-07 08:09:39.240651,0 days 00:00:15.673468,0.09924823444357171,0.9728721134358428,0.19820489655437318,COMPLETE
2663,2663,0.56036866359447,2021-02-07 08:09:39.242127,2021-02-07 08:09:50.159832,0 days 00:00:10.917705,0.047351878111851695,0.9465036513188725,0.2574423427459112,COMPLETE
2664,2664,0.5262672811059907,2021-02-07 08:09:50.161309,2021-02-07 08:10:06.061789,0 days 00:00:15.900480,0.026060496512745997,0.9417057763606554,0.23015428472353325,COMPLETE
2665,2665,0.5741935483870968,2021-02-07 08:10:06.063265,2021-02-07 08:10:22.328689,0 days 00:00:16.265424,0.06355678957344935,0.9437870659172334,0.17336467440987602,COMPLETE
2666,2666,0.5625192012288787,2021-02-07 08:10:22.330146,2021-02-07 08:10:33.243078,0 days 00:00:10.912932,0.04016348398029823,0.9393045536659248,0.15439922775979667,COMPLETE
2667,2667,0.5745007680491552,2021-02-07 08:10:33.244544,2021-02-07 08:10:49.235771,0 days 00:00:15.991227,0.02248828779645748,0.974381786045013,0.18564422609505232,COMPLETE
2668,2668,0.5864823348694317,2021-02-07 08:10:49.237236,2021-02-07 08:11:05.123793,0 days 00:00:15.886557,0.03153847642900171,0.9716791471889862,0.2707523105337392,COMPLETE
2669,2669,0.5674347158218126,2021-02-07 08:11:05.125255,2021-02-07 08:11:21.215182,0 days 00:00:16.089927,0.05052118084754093,0.9368437020248804,0.2070595118691189,COMPLETE
2670,2670,0.5748079877112136,2021-02-07 08:11:21.216665,2021-02-07 08:11:37.153468,0 days 00:00:15.936803,0.08403218757412223,0.9411149062225472,0.24218087074503922,COMPLETE
2671,2671,0.6030721966205838,2021-02-07 08:11:37.154949,2021-02-07 08:11:48.142446,0 days 00:00:10.987497,0.0009815663789968956,0.9430192181196542,0.01769258469976017,COMPLETE
2672,2672,0.5493087557603686,2021-02-07 08:11:48.143922,2021-02-07 08:12:04.028087,0 days 00:00:15.884165,0.03595296662076562,0.9569187352114921,0.1671660225181873,COMPLETE
2673,2673,0.5480798771121351,2021-02-07 08:12:04.029562,2021-02-07 08:12:19.812681,0 days 00:00:15.783119,0.026032560472894716,0.9461574472436138,0.18297263585738616,COMPLETE
2674,2674,0.5981566820276498,2021-02-07 08:12:19.814159,2021-02-07 08:12:35.618679,0 days 00:00:15.804520,0.06972789535828965,0.9447904612775814,0.1472202548069646,COMPLETE
2675,2675,0.5542242703533026,2021-02-07 08:12:35.620148,2021-02-07 08:12:51.427236,0 days 00:00:15.807088,0.05635560587501498,0.9383407791023995,0.22537698038273138,COMPLETE
2676,2676,0.5192012288786483,2021-02-07 08:12:51.428695,2021-02-07 08:13:02.419118,0 days 00:00:10.990423,0.0428487827657803,0.9400504868517024,0.275130546298706,COMPLETE
2677,2677,0.5109062980030722,2021-02-07 08:13:02.420588,2021-02-07 08:13:13.462937,0 days 00:00:11.042349,0.028741386531106524,0.9357986665702164,0.19945462110154835,COMPLETE
2678,2678,0.56036866359447,2021-02-07 08:13:13.464395,2021-02-07 08:13:29.468541,0 days 00:00:16.004146,0.03406145826080056,0.9426778170874605,0.2546836269419045,COMPLETE
2679,2679,0.5846390168970814,2021-02-07 08:13:29.470006,2021-02-07 08:13:50.794469,0 days 00:00:21.324463,0.015605264738810349,0.9408121666067724,0.15843692375651106,COMPLETE
2680,2680,0.5262672811059907,2021-02-07 08:13:50.795950,2021-02-07 08:14:01.673473,0 days 00:00:10.877523,0.021904827919103028,0.9449803472448851,0.18822183363357978,COMPLETE
2681,2681,0.5757296466973887,2021-02-07 08:14:01.674966,2021-02-07 08:14:12.752705,0 days 00:00:11.077739,0.04174514474287257,0.9380822766854628,0.21558166582857713,COMPLETE
2682,2682,0.5686635944700461,2021-02-07 08:14:12.754184,2021-02-07 08:14:23.517808,0 days 00:00:10.763624,0.05457672169490561,0.942615497868102,0.1742286334697523,COMPLETE
2683,2683,0.5342549923195085,2021-02-07 08:14:23.519301,2021-02-07 08:14:39.711978,0 days 00:00:16.192677,0.005629306990695758,0.9474382768570463,0.23884550499268017,COMPLETE
2684,2684,0.4344086021505376,2021-02-07 08:14:39.713461,2021-02-07 08:14:50.533429,0 days 00:00:10.819968,0.07402223822186428,0.9770578218942443,0.27839856708582134,COMPLETE
2685,2685,0.5142857142857142,2021-02-07 08:14:50.534929,2021-02-07 08:15:07.106173,0 days 00:00:16.571244,0.02490874864382643,0.9580191321024341,0.2013997809296244,COMPLETE
2686,2686,0.48847926267281105,2021-02-07 08:15:07.108472,2021-02-07 08:15:18.094306,0 days 00:00:10.985834,0.03169687419958493,0.9398194138892607,0.1630390746555031,COMPLETE
2687,2687,0.5339477726574501,2021-02-07 08:15:18.095797,2021-02-07 08:15:34.243433,0 days 00:00:16.147636,0.04575874418993016,0.9465951362902015,0.2554904225021583,COMPLETE
2688,2688,0.5846390168970814,2021-02-07 08:15:34.244897,2021-02-07 08:15:50.234237,0 days 00:00:15.989340,0.0609749441705794,0.9029632210483419,0.23257218531682228,COMPLETE
2689,2689,0.5536098310291858,2021-02-07 08:15:50.235748,2021-02-07 08:16:11.388710,0 days 00:00:21.152962,0.03606334149437735,0.9416109361497483,0.18265393819195427,COMPLETE
2690,2690,0.5978494623655914,2021-02-07 08:16:11.390215,2021-02-07 08:16:26.887622,0 days 00:00:15.497407,0.08568901277419907,0.9346711460946313,0.21635738926932171,COMPLETE
2691,2691,0.5342549923195085,2021-02-07 08:16:26.889084,2021-02-07 08:16:38.034751,0 days 00:00:11.145667,0.050516078595778786,0.9735494507971884,0.1463916938560711,COMPLETE
2692,2692,0.47219662058371736,2021-02-07 08:16:38.036246,2021-02-07 08:16:49.242313,0 days 00:00:11.206067,0.02954074588599438,0.938357264464237,0.013656850801182011,COMPLETE
2693,2693,0.5410138248847927,2021-02-07 08:16:49.243801,2021-02-07 08:17:00.136720,0 days 00:00:10.892919,0.021426014375873444,0.9440688205769583,0.19752950577088577,COMPLETE
2694,2694,0.5662058371735791,2021-02-07 08:17:00.138236,2021-02-07 08:17:11.320077,0 days 00:00:11.181841,0.03739262090112718,0.9436506423351195,0.17797287174711932,COMPLETE
2695,2695,0.4390168970814132,2021-02-07 08:17:11.321584,2021-02-07 08:17:22.103849,0 days 00:00:10.782265,0.017937318720477803,0.9706915624892967,0.021794630217577292,COMPLETE
2696,2696,0.5622119815668203,2021-02-07 08:17:22.105332,2021-02-07 08:17:33.108281,0 days 00:00:11.002949,0.06972554432392843,0.9370524158384053,0.2681366958977919,COMPLETE
2697,2697,0.5803379416282642,2021-02-07 08:17:33.110572,2021-02-07 08:17:49.700006,0 days 00:00:16.589434,0.013644221515246307,0.9405170492004457,0.1576752791887101,COMPLETE
2698,2698,0.5557603686635945,2021-02-07 08:17:49.701477,2021-02-07 08:18:15.631151,0 days 00:00:25.929674,0.0022278840447826987,0.9461496074120616,0.2831872253141637,COMPLETE
2699,2699,0.47987711213517664,2021-02-07 08:18:15.632628,2021-02-07 08:18:26.268436,0 days 00:00:10.635808,0.0988002818019424,0.9417704980918943,0.1708753267950359,COMPLETE
2700,2700,0.47956989247311826,2021-02-07 08:18:26.269956,2021-02-07 08:18:37.239889,0 days 00:00:10.969933,0.04636707770981073,0.9446411005547383,0.01997389269313444,COMPLETE
2701,2701,0.5278033794162826,2021-02-07 08:18:37.241373,2021-02-07 08:18:48.244188,0 days 00:00:11.002815,0.024510778215388676,0.9386957687630264,0.2445038851870732,COMPLETE
2702,2702,0.46236559139784944,2021-02-07 08:18:48.245670,2021-02-07 08:19:04.178675,0 days 00:00:15.933005,0.03011907098615568,0.9398161604559925,0.21576309031791988,COMPLETE
2703,2703,0.5745007680491552,2021-02-07 08:19:04.180163,2021-02-07 08:19:15.537261,0 days 00:00:11.357098,0.0017098042742800096,0.9354937188037719,0.1919508328460577,COMPLETE
2704,2704,0.5695852534562212,2021-02-07 08:19:15.538762,2021-02-07 08:19:26.254135,0 days 00:00:10.715373,0.039254393219667685,0.9427020397632913,0.22948765591391132,COMPLETE
2705,2705,0.49185867895545315,2021-02-07 08:19:26.255621,2021-02-07 08:19:37.231611,0 days 00:00:10.975990,0.05986538155662838,0.9722399883957775,0.260551075683413,COMPLETE
2706,2706,0.5425499231950844,2021-02-07 08:19:37.233106,2021-02-07 08:19:53.175835,0 days 00:00:15.942729,0.025045332592913333,0.9466883458557744,0.29184563620062953,COMPLETE
2707,2707,0.5431643625192012,2021-02-07 08:19:53.177306,2021-02-07 08:20:03.842792,0 days 00:00:10.665486,0.04295817210282664,0.9364257109890115,0.1658761197974014,COMPLETE
2708,2708,0.5523809523809524,2021-02-07 08:20:03.844277,2021-02-07 08:20:19.762771,0 days 00:00:15.918494,0.05352788029690398,0.9579357147217433,0.1425076104004184,COMPLETE
2709,2709,0.5493087557603686,2021-02-07 08:20:19.764251,2021-02-07 08:20:31.044754,0 days 00:00:11.280503,0.03330804140967846,0.9413788078988558,0.024067293429402087,COMPLETE
2710,2710,0.6070660522273426,2021-02-07 08:20:31.046238,2021-02-07 08:20:47.007301,0 days 00:00:15.961063,0.06835662791032866,0.9450344429408352,0.20824173730485812,COMPLETE
2711,2711,0.5901689708141321,2021-02-07 08:20:47.008796,2021-02-07 08:20:58.422290,0 days 00:00:11.413494,0.027486159455380917,0.938915585145392,0.18704583975238273,COMPLETE
2712,2712,0.5975422427035331,2021-02-07 08:20:58.423776,2021-02-07 08:21:09.386617,0 days 00:00:10.962841,0.0820382909047428,0.9431187652460533,0.24869741133048423,COMPLETE
2713,2713,0.5738863287250384,2021-02-07 08:21:09.388129,2021-02-07 08:21:30.496394,0 days 00:00:21.108265,0.03719655595151705,0.9705405652332352,0.15642843730427516,COMPLETE
2714,2714,0.5901689708141321,2021-02-07 08:21:30.497877,2021-02-07 08:21:51.140029,0 days 00:00:20.642152,3.9303259113597996e-05,0.9474037047930554,0.22484039952727744,COMPLETE
2715,2715,0.4807987711213518,2021-02-07 08:21:51.141514,2021-02-07 08:22:07.471891,0 days 00:00:16.330377,0.01940074768208511,0.9375390773659775,0.19815768461512887,COMPLETE
2716,2716,0.5164362519201229,2021-02-07 08:22:07.473377,2021-02-07 08:22:18.519085,0 days 00:00:11.045708,0.0029456794232577224,0.9403680449168776,0.17375388643628226,COMPLETE
2717,2717,0.5671274961597542,2021-02-07 08:22:18.520588,2021-02-07 08:22:29.500060,0 days 00:00:10.979472,0.052474215972105644,0.9447527227427579,0.29642747073221565,COMPLETE
2718,2718,0.5990783410138248,2021-02-07 08:22:29.501546,2021-02-07 08:22:45.485000,0 days 00:00:15.983454,0.022807606708575286,0.9426993002637614,0.23745300741055275,COMPLETE
2719,2719,0.49001536098310294,2021-02-07 08:22:45.486511,2021-02-07 08:23:01.541031,0 days 00:00:16.054520,0.042952620123968166,0.9594555989143774,0.2668449189809594,COMPLETE
2720,2720,0.5920122887864824,2021-02-07 08:23:01.542609,2021-02-07 08:23:17.617635,0 days 00:00:16.075026,0.030853909692962943,0.9395145473773522,0.18404918630482456,COMPLETE
2721,2721,0.5566820276497696,2021-02-07 08:23:17.619155,2021-02-07 08:23:28.480198,0 days 00:00:10.861043,0.06353094970095667,0.9418330352744051,0.21100055253770475,COMPLETE
2722,2722,0.5112135176651306,2021-02-07 08:23:28.481677,2021-02-07 08:23:44.469365,0 days 00:00:15.987688,0.04965825558821226,0.9565393769922397,0.15247727082757975,COMPLETE
2723,2723,0.5944700460829493,2021-02-07 08:23:44.470854,2021-02-07 08:23:55.546082,0 days 00:00:11.075228,0.016503483364853196,0.9469614547727193,0.173138752098374,COMPLETE
2724,2724,0.552073732718894,2021-02-07 08:23:55.547577,2021-02-07 08:24:06.636254,0 days 00:00:11.088677,0.03426293420771298,0.9438257864246852,0.19895385431091606,COMPLETE
2725,2725,0.5778801843317972,2021-02-07 08:24:06.637750,2021-02-07 08:24:22.724373,0 days 00:00:16.086623,0.026986008308133008,0.9376348209607164,0.27889089940422285,COMPLETE
2726,2726,0.533026113671275,2021-02-07 08:24:22.725860,2021-02-07 08:24:38.991680,0 days 00:00:16.265820,0.09878582103651458,0.9408698222177398,0.2510539510275996,COMPLETE
2727,2727,0.5963133640552996,2021-02-07 08:24:38.993161,2021-02-07 08:24:49.960245,0 days 00:00:10.967084,0.04103885315674592,0.9343726507397132,0.21977581497934157,COMPLETE
2728,2728,0.5806451612903226,2021-02-07 08:24:49.961743,2021-02-07 08:25:00.737293,0 days 00:00:10.775550,0.07619409348821696,0.9454433915388876,0.18715967237397155,COMPLETE
2729,2729,0.5889400921658986,2021-02-07 08:25:00.738812,2021-02-07 08:25:11.534940,0 days 00:00:10.796128,0.020824198704871757,0.9713177495114891,0.16302904242028252,COMPLETE
2730,2730,0.5889400921658986,2021-02-07 08:25:11.536420,2021-02-07 08:25:22.639952,0 days 00:00:11.103532,0.056630015669270534,0.9392752789295972,0.2676362951530923,COMPLETE
2731,2731,0.6006144393241167,2021-02-07 08:25:22.641440,2021-02-07 08:25:38.537107,0 days 00:00:15.895667,0.032498149595691105,0.9362235251188664,0.23626482206559007,COMPLETE
2732,2732,0.5047619047619047,2021-02-07 08:25:38.538643,2021-02-07 08:25:49.870793,0 days 00:00:11.332150,0.04544159976136209,0.941955560417262,0.1390165682126832,COMPLETE
2733,2733,0.5944700460829493,2021-02-07 08:25:49.872282,2021-02-07 08:26:00.915974,0 days 00:00:11.043692,0.011311778213039768,0.9440184337167944,0.2999028233604472,COMPLETE
2734,2734,0.580952380952381,2021-02-07 08:26:00.917476,2021-02-07 08:26:16.917588,0 days 00:00:16.000112,0.026240164000832324,0.9472719588463225,0.17640895889251149,COMPLETE
2735,2735,0.5499231950844854,2021-02-07 08:26:16.919080,2021-02-07 08:26:28.136309,0 days 00:00:11.217229,0.038490640097952056,0.958688175162182,0.22039833493894267,COMPLETE
2736,2736,0.5874039938556067,2021-02-07 08:26:28.137807,2021-02-07 08:26:44.268511,0 days 00:00:16.130704,0.06166153181491963,0.9398543555116248,0.018987749368115953,COMPLETE
2737,2737,0.46175115207373274,2021-02-07 08:26:44.270012,2021-02-07 08:26:55.258298,0 days 00:00:10.988286,0.023362318305520324,0.9739287885538692,0.20133743211430188,COMPLETE
2738,2738,0.5883256528417818,2021-02-07 08:26:55.259801,2021-02-07 08:27:06.476417,0 days 00:00:11.216616,0.08387488768313388,0.9426439399884156,0.16389395572766374,COMPLETE
2739,2739,0.6043010752688172,2021-02-07 08:27:06.477918,2021-02-07 08:27:22.331083,0 days 00:00:15.853165,0.03075827007016142,0.9000094314952186,0.014999377171029138,COMPLETE
2740,2740,0.5966205837173579,2021-02-07 08:27:22.332581,2021-02-07 08:27:38.661561,0 days 00:00:16.328980,0.049459663986346734,0.9369784548873829,0.2566639049013124,COMPLETE
2741,2741,0.5219662058371736,2021-02-07 08:27:38.663061,2021-02-07 08:27:55.044776,0 days 00:00:16.381715,0.07045423470853387,0.9458127396456928,0.15290331780782154,COMPLETE
2742,2742,0.5551459293394777,2021-02-07 08:27:55.046277,2021-02-07 08:28:05.827707,0 days 00:00:10.781430,0.018759735716436424,0.9384993801374462,0.18415632323181702,COMPLETE
2743,2743,0.5563748079877112,2021-02-07 08:28:05.829213,2021-02-07 08:28:17.015360,0 days 00:00:11.186147,0.0422453008919141,0.9438432259010409,0.28631687793685867,COMPLETE
2744,2744,0.49370199692780337,2021-02-07 08:28:17.016872,2021-02-07 08:28:32.942740,0 days 00:00:15.925868,0.028597146888312767,0.9409528218974146,0.20424487479785983,COMPLETE
2745,2745,0.4651305683563748,2021-02-07 08:28:32.944245,2021-02-07 08:28:49.344542,0 days 00:00:16.400297,0.09907768633841861,0.9336546639998144,0.23715862775724256,COMPLETE
2746,2746,0.5901689708141321,2021-02-07 08:28:49.346045,2021-02-07 08:29:00.167230,0 days 00:00:10.821185,0.03353305247865947,0.9591516535612656,0.1691197201773012,COMPLETE
2747,2747,0.6129032258064516,2021-02-07 08:29:00.168718,2021-02-07 08:29:16.180939,0 days 00:00:16.012221,0.0574748843427541,0.9454788196129122,0.19058135768516934,COMPLETE
2748,2748,0.4804915514592934,2021-02-07 08:29:16.182424,2021-02-07 08:29:27.290999,0 days 00:00:11.108575,0.03746591901141853,0.9705579704016895,0.21377464843312668,COMPLETE
2749,2749,0.5827956989247312,2021-02-07 08:29:27.292507,2021-02-07 08:29:43.710593,0 days 00:00:16.418086,0.022121769094010545,0.9412056550112965,0.24704254982973997,COMPLETE
2750,2750,0.5831029185867895,2021-02-07 08:29:43.712114,2021-02-07 08:29:54.715366,0 days 00:00:11.003252,0.04881239596620357,0.9724954991196196,0.28220175153267246,COMPLETE
2751,2751,0.5228878648233487,2021-02-07 08:29:54.716864,2021-02-07 08:30:05.602128,0 days 00:00:10.885264,0.026986499589344466,0.9395063729444836,0.14993524104656603,COMPLETE
2752,2752,0.5947772657450077,2021-02-07 08:30:05.603629,2021-02-07 08:30:16.847339,0 days 00:00:11.243710,0.07252281952354446,0.9475295385939811,0.180288136167409,COMPLETE
2753,2753,0.5812596006144394,2021-02-07 08:30:16.848833,2021-02-07 08:30:32.871698,0 days 00:00:16.022865,0.03541598936164763,0.9564769483996448,0.30455010817346284,COMPLETE
2754,2754,0.5781874039938556,2021-02-07 08:30:32.873195,2021-02-07 08:30:43.955791,0 days 00:00:11.082596,0.01627710769670702,0.9374948115363568,0.01742182271242398,COMPLETE
2755,2755,0.57357910906298,2021-02-07 08:30:43.957280,2021-02-07 08:30:54.845343,0 days 00:00:10.888063,0.04453957179991984,0.9430063503075262,0.2298407227926581,COMPLETE
2756,2756,0.5035330261136712,2021-02-07 08:30:54.846859,2021-02-07 08:31:05.960150,0 days 00:00:11.113291,0.05960564842077246,0.9754630096376976,0.2637303990053653,COMPLETE
2757,2757,0.5597542242703533,2021-02-07 08:31:05.961660,2021-02-07 08:31:16.641589,0 days 00:00:10.679929,0.0240584592077611,0.9443735190322241,0.16498979716686585,COMPLETE
2758,2758,0.6125960061443932,2021-02-07 08:31:16.643115,2021-02-07 08:31:32.576577,0 days 00:00:15.933462,0.0841886723994214,0.9420408896539356,0.19783627891666788,COMPLETE
2759,2759,0.5766513056835637,2021-02-07 08:31:32.578099,2021-02-07 08:31:48.607610,0 days 00:00:16.029511,0.030998745640415472,0.9360562562340468,0.21410244816501475,COMPLETE
2760,2760,0.5422427035330261,2021-02-07 08:31:48.609103,2021-02-07 08:31:59.952408,0 days 00:00:11.343305,0.03723762238888247,0.9402020045343156,0.24359551209036617,COMPLETE
2761,2761,0.5526881720430108,2021-02-07 08:31:59.953919,2021-02-07 08:32:16.317224,0 days 00:00:16.363305,0.02028311083518373,0.9386168709595349,0.14505050793005594,COMPLETE
2762,2762,0.589247311827957,2021-02-07 08:32:16.318764,2021-02-07 08:32:27.075925,0 days 00:00:10.757161,0.05487804607462789,0.9446363124957949,0.18279026698653436,COMPLETE
2763,2763,0.5585253456221199,2021-02-07 08:32:27.077426,2021-02-07 08:32:38.403411,0 days 00:00:11.325985,0.013929352595671313,0.9466570873537256,0.13361734637247566,COMPLETE
2764,2764,0.5563748079877112,2021-02-07 08:32:38.404913,2021-02-07 08:32:54.822984,0 days 00:00:16.418071,0.06832467544465198,0.9599646029160078,0.260514480003189,COMPLETE
2765,2765,0.6258064516129033,2021-02-07 08:32:54.824494,2021-02-07 08:33:10.891956,0 days 00:00:16.067462,0.09954397228456242,0.9705982626056171,0.16090487945509946,COMPLETE
2766,2766,0.5225806451612903,2021-02-07 08:33:10.893467,2021-02-07 08:33:26.523788,0 days 00:00:15.630321,0.08916335157531224,0.9720822260535766,0.27887548987907795,COMPLETE
