,number,value,datetime_start,datetime_complete,duration,params_lr,params_nl2,params_num_ct,params_scheduler_gamma,params_sigma2,params_weight_decay,state
947,947,,2021-02-08 21:27:03.445958,2021-02-08 21:27:04.223312,0 days 00:00:00.777354,1.0379722758633785e-05,17,0,0.9600729176600685,18,0.0655256863902531,FAIL
948,948,,2021-02-08 21:27:04.224349,2021-02-08 21:27:04.921021,0 days 00:00:00.696672,2.12159158766885e-05,17,0,0.9156371211003184,18,0.029295465853506047,FAIL
949,949,,2021-02-08 21:27:04.921680,2021-02-08 21:27:05.559770,0 days 00:00:00.638090,1.0396581302505126e-05,17,0,0.9136669579836678,18,0.06755550391130667,FAIL
950,950,,2021-02-08 21:27:05.560396,2021-02-08 21:27:06.209726,0 days 00:00:00.649330,2.337183516337334e-05,17,0,0.9164505628502913,18,0.06815587356847441,FAIL
951,951,,2021-02-08 21:27:06.210360,2021-02-08 21:27:06.871766,0 days 00:00:00.661406,2.1487325880795926e-05,17,0,0.9198373854462653,18,0.0665349157596011,FAIL
952,952,,2021-02-08 21:27:06.872392,2021-02-08 21:27:07.524243,0 days 00:00:00.651851,1.0032192564208812e-05,17,0,0.9205635578479201,18,0.06825858390470661,FAIL
953,953,,2021-02-08 21:27:07.524863,2021-02-08 21:27:08.187295,0 days 00:00:00.662432,2.0873155365881942e-05,17,0,0.961635193308543,18,0.06945735365913416,FAIL
954,954,,2021-02-08 21:27:08.187909,2021-02-08 21:27:08.836777,0 days 00:00:00.648868,1.0471269856308952e-05,17,0,0.961255301765337,18,0.06958477896025658,FAIL
955,955,,2021-02-08 21:27:08.837397,2021-02-08 21:27:09.611233,0 days 00:00:00.773836,2.003896837548048e-05,17,0,0.9183474954416484,18,0.06660459313302579,FAIL
956,956,,2021-02-08 21:27:09.611846,2021-02-08 21:27:10.261555,0 days 00:00:00.649709,2.264827116654951e-05,17,0,0.9167665002854236,18,0.0683686737357684,FAIL
957,957,,2021-02-08 21:27:10.262167,2021-02-08 21:27:10.908173,0 days 00:00:00.646006,2.2714378759247632e-05,17,0,0.9138055270557744,18,0.030218617036800895,FAIL
958,958,,2021-02-08 21:27:10.908825,2021-02-08 21:27:11.560995,0 days 00:00:00.652170,2.1596517818675266e-05,17,0,0.9150053955084725,18,0.028767488457273723,FAIL
959,959,,2021-02-08 21:27:11.561621,2021-02-08 21:27:12.195449,0 days 00:00:00.633828,2.895730185910902e-05,17,0,0.9194601387886379,18,0.028990578595189175,FAIL
960,960,,2021-02-08 21:27:12.196053,2021-02-08 21:27:12.835289,0 days 00:00:00.639236,2.3784489082202053e-05,17,0,0.9192261266878528,18,0.06615548956242108,FAIL
961,961,,2021-02-08 21:27:12.835906,2021-02-08 21:27:13.481662,0 days 00:00:00.645756,2.4482545662467715e-05,17,0,0.9114952946240955,18,0.014394644504590444,FAIL
962,962,,2021-02-08 21:27:13.482293,2021-02-08 21:27:14.126271,0 days 00:00:00.643978,7.719310040106142e-05,17,0,0.9198417153244126,18,0.06483688390219533,FAIL
963,963,,2021-02-08 21:27:14.126901,2021-02-08 21:27:14.904759,0 days 00:00:00.777858,2.0559734590056225e-05,17,0,0.9179899757590688,18,0.014449400812772307,FAIL
964,964,,2021-02-08 21:27:14.905812,2021-02-08 21:27:15.576520,0 days 00:00:00.670708,7.488973309422033e-05,17,0,0.9179153725998557,18,0.06702522833226068,FAIL
965,965,,2021-02-08 21:27:15.577419,2021-02-08 21:27:16.230314,0 days 00:00:00.652895,2.118819970723728e-05,17,0,0.9180585986585519,18,0.06837674010180726,FAIL
966,966,,2021-02-08 21:27:16.231195,2021-02-08 21:27:16.862753,0 days 00:00:00.631558,1.033077598083025e-05,17,0,0.9150807746494126,18,0.06693192631300916,FAIL
967,967,,2021-02-08 21:27:16.863614,2021-02-08 21:27:17.505570,0 days 00:00:00.641956,7.756136445108044e-05,11,0,0.953797408585041,18,0.0676472571522446,FAIL
968,968,,2021-02-08 21:27:17.506190,2021-02-08 21:27:18.150239,0 days 00:00:00.644049,2.136991568727149e-05,11,0,0.9181825636197055,18,0.021317385065717686,FAIL
969,969,,2021-02-08 21:27:18.150874,2021-02-08 21:27:18.795147,0 days 00:00:00.644273,2.1845464349791137e-05,11,0,0.9176608763160812,18,0.06874239019356937,FAIL
970,970,,2021-02-08 21:27:18.795774,2021-02-08 21:27:19.448697,0 days 00:00:00.652923,2.4033940574599314e-05,17,0,0.9147039897583713,18,0.07020858664261756,FAIL
971,971,,2021-02-08 21:27:19.449336,2021-02-08 21:27:20.227419,0 days 00:00:00.778083,1.0220754145625045e-05,11,0,0.9173638735024566,18,0.06930049345742685,FAIL
972,972,,2021-02-08 21:27:20.228083,2021-02-08 21:27:20.874770,0 days 00:00:00.646687,1.0013538450227377e-05,17,0,0.9610145478153354,18,0.028590107479817158,FAIL
973,973,,2021-02-08 21:27:20.875412,2021-02-08 21:27:21.521822,0 days 00:00:00.646410,2.3918304750209243e-05,17,0,0.9141263316125549,18,0.06719630128336997,FAIL
974,974,,2021-02-08 21:27:21.522448,2021-02-08 21:27:22.159598,0 days 00:00:00.637150,2.6019202894192122e-05,17,0,0.9767111236910156,18,0.06402546986165775,FAIL
975,975,,2021-02-08 21:27:22.160625,2021-02-08 21:27:22.822621,0 days 00:00:00.661996,2.2386677835631746e-05,11,0,0.920900719832443,18,0.0693175431825923,FAIL
976,976,,2021-02-08 21:27:22.823664,2021-02-08 21:27:23.474213,0 days 00:00:00.650549,1.016639239264433e-05,17,0,0.9599121541240704,18,0.06555157262177039,FAIL
977,977,,2021-02-08 21:27:23.475261,2021-02-08 21:27:24.132650,0 days 00:00:00.657389,1.04753827150774e-05,11,0,0.9167935518913385,18,0.06729861665196821,FAIL
978,978,,2021-02-08 21:27:24.133670,2021-02-08 21:27:24.789828,0 days 00:00:00.656158,2.393179803941569e-05,17,0,0.9178936572417628,18,0.0695491767128915,FAIL
979,979,,2021-02-08 21:27:24.790465,2021-02-08 21:27:25.568144,0 days 00:00:00.777679,2.1779008779475024e-05,17,0,0.9165762723082619,18,0.06748464710952794,FAIL
980,980,,2021-02-08 21:27:25.569177,2021-02-08 21:27:26.245417,0 days 00:00:00.676240,2.3498871251719432e-05,17,0,0.913815469779068,18,0.0287858379629626,FAIL
981,981,,2021-02-08 21:27:26.246430,2021-02-08 21:27:26.942900,0 days 00:00:00.696470,2.4083228393500594e-05,17,0,0.9137443123597735,18,0.06662206478074251,FAIL
982,982,,2021-02-08 21:27:26.943773,2021-02-08 21:27:27.584618,0 days 00:00:00.640845,8.070098732809055e-05,17,0,0.9008240304766504,18,0.06862855727921467,FAIL
983,983,,2021-02-08 21:27:27.585672,2021-02-08 21:27:28.261949,0 days 00:00:00.676277,7.29707380282725e-05,17,0,0.9612503340048085,18,0.0677010331904731,FAIL
984,984,,2021-02-08 21:27:28.262619,2021-02-08 21:27:28.904340,0 days 00:00:00.641721,2.077729529218953e-05,17,0,0.9011304783104019,18,0.0715554371739844,FAIL
985,985,,2021-02-08 21:27:28.904993,2021-02-08 21:27:29.534902,0 days 00:00:00.629909,2.0193925702408795e-05,17,0,0.9146369452412331,18,0.028698006498802452,FAIL
986,986,,2021-02-08 21:27:29.535559,2021-02-08 21:27:30.181606,0 days 00:00:00.646047,1.0001854146615703e-05,17,0,0.9610398954721466,18,0.013903010787670535,FAIL
987,987,,2021-02-08 21:27:30.182264,2021-02-08 21:27:30.953646,0 days 00:00:00.771382,1.0080128363533751e-05,11,0,0.9614253710494814,18,0.0689923803180701,FAIL
988,988,,2021-02-08 21:27:30.954327,2021-02-08 21:27:31.604383,0 days 00:00:00.650056,7.905048794515524e-05,17,0,0.9169605810451913,18,0.0702064840980792,FAIL
989,989,,2021-02-08 21:27:31.605051,2021-02-08 21:27:32.244338,0 days 00:00:00.639287,2.206339263628397e-05,17,0,0.9161114936224362,18,0.06718398197017719,FAIL
990,990,,2021-02-08 21:27:32.244980,2021-02-08 21:27:32.891139,0 days 00:00:00.646159,2.1813762132130256e-05,17,0,0.920041390822264,18,0.07097063869980909,FAIL
991,991,,2021-02-08 21:27:32.891791,2021-02-08 21:27:33.532658,0 days 00:00:00.640867,2.0326709716352004e-05,17,0,0.9551697362129875,18,0.06927692447395409,FAIL
992,992,,2021-02-08 21:27:33.533290,2021-02-08 21:27:34.177501,0 days 00:00:00.644211,2.41823911331957e-05,17,0,0.9605076940982776,18,0.020874212835157623,FAIL
993,993,,2021-02-08 21:27:34.178127,2021-02-08 21:27:34.818914,0 days 00:00:00.640787,2.1325371751745835e-05,17,0,0.9163416158212502,18,0.06457347816396272,FAIL
994,994,,2021-02-08 21:27:34.819545,2021-02-08 21:27:35.470674,0 days 00:00:00.651129,1.0410332028251181e-05,17,0,0.9175559683687524,18,0.06700000694822034,FAIL
995,995,,2021-02-08 21:27:35.471307,2021-02-08 21:27:36.229713,0 days 00:00:00.758406,2.3117430852742805e-05,17,0,0.9615230391557431,18,0.020267630021381974,FAIL
996,996,,2021-02-08 21:27:36.230368,2021-02-08 21:27:36.883460,0 days 00:00:00.653092,7.714343157703885e-05,17,0,0.9166437774299022,18,0.01425275544142368,FAIL
997,997,0.45622119815668205,2021-02-08 21:27:36.884092,2021-02-08 21:27:47.561116,0 days 00:00:10.677024,2.44126679377177e-05,17,2,0.9145567848689126,18,0.07112100422438937,COMPLETE
998,998,,2021-02-08 21:27:47.561991,2021-02-08 21:27:48.226954,0 days 00:00:00.664963,7.253016874983032e-05,11,0,0.961842772949317,20,0.021081178073640624,FAIL
999,999,,2021-02-08 21:27:48.227988,2021-02-08 21:27:48.884830,0 days 00:00:00.656842,1.0412531283336582e-05,11,0,0.9553769378136558,20,0.022152467011442054,FAIL
1000,1000,,2021-02-08 21:27:48.885489,2021-02-08 21:27:49.537936,0 days 00:00:00.652447,8.654305072145037e-05,11,0,0.9020504837190101,20,0.013299179485673268,FAIL
1001,1001,,2021-02-08 21:27:49.538982,2021-02-08 21:27:50.193384,0 days 00:00:00.654402,1.0358913136913391e-05,11,0,0.976756259951474,20,0.02652221140327521,FAIL
1002,1002,,2021-02-08 21:27:50.194437,2021-02-08 21:27:50.992453,0 days 00:00:00.798016,7.787668441719849e-05,11,0,0.9558481149950356,20,0.013910094571772086,FAIL
1003,1003,,2021-02-08 21:27:50.993098,2021-02-08 21:27:51.632567,0 days 00:00:00.639469,8.4026454466894e-05,11,0,0.9618008899609035,20,0.014296532298134617,FAIL
1004,1004,,2021-02-08 21:27:51.633247,2021-02-08 21:27:52.280975,0 days 00:00:00.647728,7.381761905796039e-05,11,0,0.9770113408198379,20,0.014099341789111043,FAIL
1005,1005,,2021-02-08 21:27:52.281650,2021-02-08 21:27:52.933052,0 days 00:00:00.651402,6.926246100206817e-05,11,0,0.9615987588989732,20,0.028241975075626313,FAIL
1006,1006,,2021-02-08 21:27:52.934103,2021-02-08 21:27:53.643010,0 days 00:00:00.708907,9.282263204435819e-05,11,0,0.9620587601319559,20,0.014204932351727347,FAIL
1007,1007,,2021-02-08 21:27:53.643648,2021-02-08 21:27:54.286497,0 days 00:00:00.642849,1.0472619800831566e-05,11,0,0.900333507458919,20,0.014359040590438427,FAIL
1008,1008,,2021-02-08 21:27:54.287486,2021-02-08 21:27:54.947601,0 days 00:00:00.660115,7.227121440981266e-05,11,0,0.9018830305470368,20,0.021454608269482922,FAIL
1009,1009,,2021-02-08 21:27:54.948266,2021-02-08 21:27:55.585666,0 days 00:00:00.637400,6.875328481078625e-05,11,0,0.9617768180044016,20,0.02869515984775074,FAIL
1010,1010,,2021-02-08 21:27:55.586309,2021-02-08 21:27:56.349142,0 days 00:00:00.762833,6.949642500946443e-05,11,0,0.9011730131714427,20,0.02804378100728456,FAIL
1011,1011,,2021-02-08 21:27:56.350224,2021-02-08 21:27:57.020591,0 days 00:00:00.670367,6.652080429379397e-05,11,0,0.9616830341359832,20,0.029517669594129662,FAIL
1012,1012,,2021-02-08 21:27:57.021214,2021-02-08 21:27:57.644042,0 days 00:00:00.622828,7.526530541274833e-05,11,0,0.9620099235199614,20,0.02818433466548518,FAIL
1013,1013,,2021-02-08 21:27:57.645087,2021-02-08 21:27:58.298905,0 days 00:00:00.653818,7.799719351838971e-05,11,0,0.9765451797167897,20,0.02598630386843779,FAIL
1014,1014,,2021-02-08 21:27:58.299991,2021-02-08 21:27:58.973058,0 days 00:00:00.673067,8.380273208919681e-05,11,0,0.9621500109517584,20,0.028965726112512566,FAIL
1015,1015,,2021-02-08 21:27:58.974121,2021-02-08 21:27:59.650733,0 days 00:00:00.676612,7.637927568931839e-05,11,0,0.9599456604683902,20,0.02781017680097809,FAIL
1016,1016,,2021-02-08 21:27:59.651617,2021-02-08 21:28:00.287220,0 days 00:00:00.635603,7.775637128178722e-05,11,0,0.901735643874644,20,0.01435760154979709,FAIL
1017,1017,,2021-02-08 21:28:00.287879,2021-02-08 21:28:00.919826,0 days 00:00:00.631947,1.0622552241818285e-05,11,0,0.9599879610068628,20,0.028762940649116456,FAIL
1018,1018,,2021-02-08 21:28:00.920862,2021-02-08 21:28:01.696422,0 days 00:00:00.775560,6.830642269330018e-05,11,0,0.9010497588570571,20,0.0276746696187587,FAIL
1019,1019,,2021-02-08 21:28:01.697486,2021-02-08 21:28:02.371997,0 days 00:00:00.674511,7.388183568564791e-05,11,0,0.9607410879543374,20,0.028443183467205813,FAIL
1020,1020,,2021-02-08 21:28:02.372666,2021-02-08 21:28:03.021301,0 days 00:00:00.648635,8.023021289579993e-05,11,0,0.901733900827653,20,0.028109875199314554,FAIL
1021,1021,,2021-02-08 21:28:03.022309,2021-02-08 21:28:03.680317,0 days 00:00:00.658008,7.900100476218739e-05,11,0,0.9013310308486687,20,0.029757586703814343,FAIL
1022,1022,,2021-02-08 21:28:03.680943,2021-02-08 21:28:04.327061,0 days 00:00:00.646118,8.239263743119621e-05,11,0,0.9020683054218872,20,0.028122689995104016,FAIL
1023,1023,,2021-02-08 21:28:04.327708,2021-02-08 21:28:04.982753,0 days 00:00:00.655045,7.497716258814813e-05,11,0,0.9633522169416041,20,0.02920108085450327,FAIL
1024,1024,,2021-02-08 21:28:04.983421,2021-02-08 21:28:05.649390,0 days 00:00:00.665969,6.49332083378325e-05,11,0,0.9020867199692859,20,0.014168368888464535,FAIL
1025,1025,,2021-02-08 21:28:05.650438,2021-02-08 21:28:06.310250,0 days 00:00:00.659812,1.0231991430489528e-05,11,0,0.960576812864336,20,0.028706048610688345,FAIL
1026,1026,,2021-02-08 21:28:06.311143,2021-02-08 21:28:07.091787,0 days 00:00:00.780644,7.957473613187046e-05,11,0,0.9000620178980474,20,0.014506399286744527,FAIL
1027,1027,,2021-02-08 21:28:07.092685,2021-02-08 21:28:07.723914,0 days 00:00:00.631229,7.642714204174353e-05,11,0,0.9619821065817197,20,0.01393946341297126,FAIL
1028,1028,,2021-02-08 21:28:07.724807,2021-02-08 21:28:08.365335,0 days 00:00:00.640528,1.0606061567452049e-05,11,0,0.9613092102955718,20,0.014126142412124742,FAIL
1029,1029,,2021-02-08 21:28:08.366223,2021-02-08 21:28:09.011678,0 days 00:00:00.645455,7.049478429281589e-05,11,0,0.9543672022696827,20,0.028359881840770915,FAIL
1030,1030,,2021-02-08 21:28:09.012561,2021-02-08 21:28:09.654022,0 days 00:00:00.641461,7.80661870995617e-05,11,0,0.9619858218746568,20,0.021021337290674635,FAIL
1031,1031,,2021-02-08 21:28:09.655088,2021-02-08 21:28:10.302323,0 days 00:00:00.647235,1.0524573906065094e-05,11,0,0.9554671237761014,20,0.028494680517368913,FAIL
1032,1032,,2021-02-08 21:28:10.303365,2021-02-08 21:28:10.959842,0 days 00:00:00.656477,1.0577226303667407e-05,11,0,0.9770670112247052,20,0.021255586116599813,FAIL
1033,1033,,2021-02-08 21:28:10.960908,2021-02-08 21:28:11.618806,0 days 00:00:00.657898,8.397526639686551e-05,11,0,0.9025389190935199,20,0.014272798283614052,FAIL
1034,1034,,2021-02-08 21:28:11.619471,2021-02-08 21:28:12.372559,0 days 00:00:00.753088,7.361629827974755e-05,11,0,0.9616130194750928,20,0.0286949195669902,FAIL
1035,1035,,2021-02-08 21:28:12.373593,2021-02-08 21:28:13.056398,0 days 00:00:00.682805,8.203085665856602e-05,11,0,0.9550737996113035,20,0.028527256497419627,FAIL
1036,1036,,2021-02-08 21:28:13.057091,2021-02-08 21:28:13.700740,0 days 00:00:00.643649,1.0174187763823317e-05,11,0,0.9610915233842843,20,0.0284194436308811,FAIL
1037,1037,,2021-02-08 21:28:13.701415,2021-02-08 21:28:14.336954,0 days 00:00:00.635539,6.370135038869417e-05,11,0,0.9612632933206687,20,0.014131480315492993,FAIL
1038,1038,,2021-02-08 21:28:14.337854,2021-02-08 21:28:14.988840,0 days 00:00:00.650986,8.505050265233754e-05,11,0,0.9622535173099191,20,0.021698286970943195,FAIL
1039,1039,,2021-02-08 21:28:14.989732,2021-02-08 21:28:15.633518,0 days 00:00:00.643786,6.706497962668142e-05,11,0,0.9612671658608618,20,0.01443633472828497,FAIL
1040,1040,,2021-02-08 21:28:15.634595,2021-02-08 21:28:16.329073,0 days 00:00:00.694478,0.00011278873551828978,11,0,0.9007323060383283,20,0.01437466461919567,FAIL
1041,1041,,2021-02-08 21:28:16.329962,2021-02-08 21:28:16.975798,0 days 00:00:00.645836,6.543959949930347e-05,11,0,0.9603596594158922,20,0.02682298196276384,FAIL
1042,1042,,2021-02-08 21:28:16.976892,2021-02-08 21:28:17.754659,0 days 00:00:00.777767,1.0527670591555666e-05,11,0,0.9613949732622078,20,0.01424741511277241,FAIL
1043,1043,,2021-02-08 21:28:17.755756,2021-02-08 21:28:18.413978,0 days 00:00:00.658222,9.82707946410271e-05,11,0,0.9621492393424081,20,0.02847837940441783,FAIL
1044,1044,0.4534562211981567,2021-02-08 21:28:18.414640,2021-02-08 21:28:29.209379,0 days 00:00:10.794739,7.745629047719874e-05,11,4,0.9549573250278516,20,0.028535480659252842,COMPLETE
1045,1045,,2021-02-08 21:28:29.210280,2021-02-08 21:28:29.868130,0 days 00:00:00.657850,0.00012537249544791596,19,0,0.9622028330389942,20,0.02135315956930067,FAIL
1046,1046,,2021-02-08 21:28:29.869201,2021-02-08 21:28:30.545910,0 days 00:00:00.676709,1.0807759869658349e-05,19,0,0.9025781850878339,20,0.014075562847562532,FAIL
1047,1047,,2021-02-08 21:28:30.546819,2021-02-08 21:28:31.179430,0 days 00:00:00.632611,0.00013275283847463833,19,0,0.9626563680011433,20,0.013488423958300065,FAIL
1048,1048,,2021-02-08 21:28:31.180316,2021-02-08 21:28:31.804819,0 days 00:00:00.624503,1.035804590535851e-05,9,0,0.9613167418537304,20,0.013668694678520008,FAIL
1049,1049,,2021-02-08 21:28:31.805716,2021-02-08 21:28:32.576227,0 days 00:00:00.770511,1.1617919174623777e-05,19,0,0.9017767557052213,20,0.014559781981569219,FAIL
1050,1050,,2021-02-08 21:28:32.577155,2021-02-08 21:28:33.217096,0 days 00:00:00.639941,0.00013278468429420048,17,0,0.9019229411118369,20,0.01951271281422553,FAIL
1051,1051,,2021-02-08 21:28:33.218015,2021-02-08 21:28:33.842128,0 days 00:00:00.624113,0.00013674794526350652,19,0,0.9621590023012672,20,0.020045667738253985,FAIL
1052,1052,,2021-02-08 21:28:33.842792,2021-02-08 21:28:34.498252,0 days 00:00:00.655460,3.526164391664863e-05,17,0,0.9608919758999336,20,0.014056383052416601,FAIL
1053,1053,,2021-02-08 21:28:34.499339,2021-02-08 21:28:35.199849,0 days 00:00:00.700510,0.00013814801186563794,19,0,0.9775745460619792,20,0.01466486332714811,FAIL
1054,1054,,2021-02-08 21:28:35.200499,2021-02-08 21:28:35.840278,0 days 00:00:00.639779,3.620091858754678e-05,19,0,0.9017215739607171,20,0.013639401939159917,FAIL
1055,1055,,2021-02-08 21:28:35.840917,2021-02-08 21:28:36.499328,0 days 00:00:00.658411,0.00012741973803266968,19,0,0.9621319498800663,20,0.013999905587056083,FAIL
1056,1056,0.6202764976958526,2021-02-08 21:28:36.500372,2021-02-08 21:28:47.679241,0 days 00:00:11.178869,0.00012696262279804824,17,6,0.9619616631516568,20,0.013590452436090061,COMPLETE
1057,1057,,2021-02-08 21:28:47.680116,2021-02-08 21:28:48.352525,0 days 00:00:00.672409,1.1349802680397843e-05,11,0,0.9768425081676061,18,0.022029357804738293,FAIL
1058,1058,,2021-02-08 21:28:48.353625,2021-02-08 21:28:49.036853,0 days 00:00:00.683228,3.2970319401853285e-05,11,0,0.9029140140818762,18,0.02152804290358439,FAIL
1059,1059,,2021-02-08 21:28:49.037919,2021-02-08 21:28:49.724164,0 days 00:00:00.686245,3.830360758760138e-05,11,0,0.9006751574094739,18,0.0211960078897695,FAIL
1060,1060,,2021-02-08 21:28:49.725242,2021-02-08 21:28:50.378826,0 days 00:00:00.653584,1.0615465227199616e-05,11,0,0.9010375915476498,18,0.019792292197296512,FAIL
1061,1061,,2021-02-08 21:28:50.379446,2021-02-08 21:28:51.030237,0 days 00:00:00.650791,1.0101398971145997e-05,11,0,0.9750262210866175,18,0.02020184172693136,FAIL
1062,1062,,2021-02-08 21:28:51.031317,2021-02-08 21:28:51.694472,0 days 00:00:00.663155,4.1041020891348685e-05,11,0,0.9031623369465256,18,0.021301036938690645,FAIL
1063,1063,,2021-02-08 21:28:51.695364,2021-02-08 21:28:52.469257,0 days 00:00:00.773893,3.7798227339703974e-05,11,0,0.9770071483385945,18,0.0215604348341189,FAIL
1064,1064,,2021-02-08 21:28:52.469904,2021-02-08 21:28:53.124169,0 days 00:00:00.654265,1.142745616748256e-05,11,0,0.9754166442349271,18,0.021872928975437092,FAIL
1065,1065,,2021-02-08 21:28:53.125246,2021-02-08 21:28:53.824743,0 days 00:00:00.699497,1.0587640120964975e-05,11,0,0.9501680327054947,18,0.01986840897609064,FAIL
1066,1066,,2021-02-08 21:28:53.825418,2021-02-08 21:28:54.469795,0 days 00:00:00.644377,3.888318534616872e-05,11,0,0.9762882087623105,18,0.021405426234523527,FAIL
1067,1067,,2021-02-08 21:28:54.470446,2021-02-08 21:28:55.123356,0 days 00:00:00.652910,3.922316707522836e-05,11,0,0.9771203224166304,18,0.021296097412503566,FAIL
1068,1068,,2021-02-08 21:28:55.123998,2021-02-08 21:28:55.780189,0 days 00:00:00.656191,1.0701127098238692e-05,11,0,0.9761184320290288,18,0.021859766141955454,FAIL
1069,1069,,2021-02-08 21:28:55.780837,2021-02-08 21:28:56.430324,0 days 00:00:00.649487,1.071916654319438e-05,11,0,0.9786053193451778,18,0.057202461088815416,FAIL
1070,1070,,2021-02-08 21:28:56.431408,2021-02-08 21:28:57.100077,0 days 00:00:00.668669,1.0400424623217037e-05,11,0,0.9781113449689371,18,0.05612224348569917,FAIL
1071,1071,,2021-02-08 21:28:57.100730,2021-02-08 21:28:57.888273,0 days 00:00:00.787543,1.1196488998254297e-05,11,0,0.9765849353464291,18,0.020960667116320275,FAIL
1072,1072,,2021-02-08 21:28:57.889323,2021-02-08 21:28:58.546285,0 days 00:00:00.656962,1.0228244444722252e-05,11,0,0.9772743670446349,18,0.021349871810432398,FAIL
1073,1073,,2021-02-08 21:28:58.547363,2021-02-08 21:28:59.228876,0 days 00:00:00.681513,0.00023396892507116166,11,0,0.9763831845683193,18,0.02039472345040406,FAIL
1074,1074,,2021-02-08 21:28:59.229520,2021-02-08 21:28:59.877767,0 days 00:00:00.648247,3.9614139098981076e-05,11,0,0.9030425605475814,18,0.02140977832309339,FAIL
1075,1075,,2021-02-08 21:28:59.878430,2021-02-08 21:29:00.517896,0 days 00:00:00.639466,3.9016518824325536e-05,11,0,0.9008095502748219,18,0.01999835136560684,FAIL
1076,1076,,2021-02-08 21:29:00.518546,2021-02-08 21:29:01.186290,0 days 00:00:00.667744,4.2596173857919994e-05,11,0,0.900221128028203,18,0.021338242716663645,FAIL
1077,1077,,2021-02-08 21:29:01.187358,2021-02-08 21:29:01.858814,0 days 00:00:00.671456,3.62320136597932e-05,11,0,0.9776632331952273,18,0.020286767803032704,FAIL
1078,1078,,2021-02-08 21:29:01.859495,2021-02-08 21:29:02.501158,0 days 00:00:00.641663,4.241521074669597e-05,11,0,0.9774019198509735,18,0.021933991404426586,FAIL
1079,1079,,2021-02-08 21:29:02.501790,2021-02-08 21:29:03.278459,0 days 00:00:00.776669,3.502890622298069e-05,11,0,0.9763484706582941,18,0.022192360552112513,FAIL
1080,1080,,2021-02-08 21:29:03.279312,2021-02-08 21:29:03.915315,0 days 00:00:00.636003,1.0880349993680807e-05,11,0,0.902439998047935,18,0.020952636240066408,FAIL
