,number,value,datetime_start,datetime_complete,duration,params_lr,params_nl2,params_num_ct,params_scheduler_gamma,params_sigma2,params_weight_decay,state
3328,3328,0.6276497695852534,2021-02-08 23:13:38.227937,2021-02-08 23:13:49.153701,0 days 00:00:10.925764,0.00013420111542090954,7,6,0.9554623176837063,18,0.011292639668437188,COMPLETE
3329,3329,0.5926267281105991,2021-02-08 23:13:49.155604,2021-02-08 23:14:00.647956,0 days 00:00:11.492352,2.9787066861277312e-05,5,6,0.954023317015177,18,0.010589932022395726,COMPLETE
3330,3330,,2021-02-08 23:14:00.649857,2021-02-08 23:14:01.331968,0 days 00:00:00.682111,0.014348404803651255,7,0,0.9545923377062511,18,0.011697525210950247,FAIL
3331,3331,0.41351766513056837,2021-02-08 23:14:01.333223,2021-02-08 23:14:12.262951,0 days 00:00:10.929728,0.00013674221843992107,7,6,0.9523989850160195,18,0.010459648651012066,COMPLETE
3332,3332,0.5253456221198156,2021-02-08 23:14:12.264812,2021-02-08 23:14:28.540220,0 days 00:00:16.275408,1.3171238211055571e-05,9,6,0.9498023709784745,18,0.01217311951455093,COMPLETE
3333,3333,,2021-02-08 23:14:28.542102,2021-02-08 23:14:29.228769,0 days 00:00:00.686667,0.00018310919168047993,7,0,0.9556688987434454,18,0.012364814332520456,FAIL
3334,3334,,2021-02-08 23:14:29.230003,2021-02-08 23:14:32.294836,0 days 00:00:03.064833,0.00019016182647454895,7,6,0.9554082435300778,18,0.26321581136194827,FAIL
3335,3335,0.4666666666666667,2021-02-08 23:14:32.296784,2021-02-08 23:14:43.443676,0 days 00:00:11.146892,0.0001935398197129249,7,6,0.95544871239963,18,0.011318170844437722,COMPLETE
3336,3336,0.41382488479262675,2021-02-08 23:14:43.445538,2021-02-08 23:14:54.243617,0 days 00:00:10.798079,0.001158166373530467,7,6,0.9561480896821307,18,0.01008373970724949,COMPLETE
3337,3337,0.490937019969278,2021-02-08 23:14:54.245491,2021-02-08 23:15:05.116600,0 days 00:00:10.871109,8.629645529864701e-05,7,6,0.9584145302481668,18,0.0333674311516412,COMPLETE
3338,3338,,2021-02-08 23:15:05.118491,2021-02-08 23:15:05.821693,0 days 00:00:00.703202,0.044628842670976554,7,0,0.9441214012374916,18,0.027296068523924313,FAIL
3339,3339,,2021-02-08 23:15:05.823962,2021-02-08 23:15:06.650974,0 days 00:00:00.827012,0.00016240164327006458,7,0,0.9623437767211328,18,0.012610667760486628,FAIL
3340,3340,0.6227342549923195,2021-02-08 23:15:06.653245,2021-02-08 23:15:27.579232,0 days 00:00:20.925987,0.03140737120629744,7,6,0.9549755265302247,18,0.012796390969891172,COMPLETE
3341,3341,,2021-02-08 23:15:27.581103,2021-02-08 23:15:28.269015,0 days 00:00:00.687912,0.043539702394628836,7,0,0.9514526077711822,18,0.02816497680505672,FAIL
3342,3342,0.5791090629800307,2021-02-08 23:15:28.271189,2021-02-08 23:15:39.316962,0 days 00:00:11.045773,0.02903264252212905,7,6,0.9509476468880882,18,0.01255861115905452,COMPLETE
3343,3343,,2021-02-08 23:15:39.318855,2021-02-08 23:15:40.012873,0 days 00:00:00.694018,0.041689452040080795,7,0,0.9530580106029121,18,0.027323577129378097,FAIL
3344,3344,0.5745007680491552,2021-02-08 23:15:40.015108,2021-02-08 23:15:51.120269,0 days 00:00:11.105161,0.02044925320007536,7,6,0.9529508090640286,18,0.011996453881586046,COMPLETE
3345,3345,0.4172043010752688,2021-02-08 23:15:51.122172,2021-02-08 23:16:02.401492,0 days 00:00:11.279320,4.028546074433041e-05,7,8,0.9671128280086,18,0.013111551228596922,COMPLETE
3346,3346,0.5748079877112136,2021-02-08 23:16:02.403379,2021-02-08 23:16:13.104717,0 days 00:00:10.701338,0.0021129659035196706,7,2,0.9545506180409951,18,0.011652980649106082,COMPLETE
3347,3347,,2021-02-08 23:16:13.106594,2021-02-08 23:16:13.808509,0 days 00:00:00.701915,0.042446078358451975,7,0,0.9439462895953824,18,0.013929543073384744,FAIL
3348,3348,0.47987711213517664,2021-02-08 23:16:13.809747,2021-02-08 23:16:24.785871,0 days 00:00:10.976124,0.0008127482107491812,7,6,0.9552161393657658,18,0.013439436540883528,COMPLETE
3349,3349,0.6055299539170507,2021-02-08 23:16:24.787744,2021-02-08 23:16:35.535336,0 days 00:00:10.747592,0.04533768738971816,7,2,0.976672604825457,18,0.011414614716616365,COMPLETE
3350,3350,0.43317972350230416,2021-02-08 23:16:35.537202,2021-02-08 23:16:46.520186,0 days 00:00:10.982984,2.1627548987296657e-05,7,8,0.9732206575112469,18,0.014198600182099416,COMPLETE
3351,3351,0.5238095238095238,2021-02-08 23:16:46.522055,2021-02-08 23:17:18.186651,0 days 00:00:31.664596,0.00014036871017825936,7,6,0.9526033501933869,18,0.025545342395938298,COMPLETE
3352,3352,,2021-02-08 23:17:18.188531,2021-02-08 23:17:19.023833,0 days 00:00:00.835302,0.02953880048470736,9,0,0.9574183441757956,20,0.037186585656174456,FAIL
3353,3353,0.5714285714285714,2021-02-08 23:17:19.026130,2021-02-08 23:17:29.734718,0 days 00:00:10.708588,6.930020502721034e-05,9,2,0.9568481946642288,20,0.027876220445228552,COMPLETE
3354,3354,,2021-02-08 23:17:29.736609,2021-02-08 23:17:30.427969,0 days 00:00:00.691360,0.03137399851033654,17,0,0.9619025049373308,20,0.2657397878723451,FAIL
3355,3355,,2021-02-08 23:17:30.430232,2021-02-08 23:17:31.143459,0 days 00:00:00.713227,0.02895694462552979,7,0,0.9443138102576917,20,0.03061371234322191,FAIL
3356,3356,0.5640552995391706,2021-02-08 23:17:31.144806,2021-02-08 23:17:41.829697,0 days 00:00:10.684891,0.03157962723109333,7,6,0.9634827591622503,20,0.02825394973967419,COMPLETE
3357,3357,,2021-02-08 23:17:41.831600,2021-02-08 23:17:42.518104,0 days 00:00:00.686504,0.0350956096713168,7,0,0.9593634577764466,18,0.020847381177895988,FAIL
3358,3358,,2021-02-08 23:17:42.520349,2021-02-08 23:17:43.389842,0 days 00:00:00.869493,0.0415216695900121,7,0,0.9442854188327168,18,0.014059553078378055,FAIL
3359,3359,,2021-02-08 23:17:43.391155,2021-02-08 23:17:44.058520,0 days 00:00:00.667365,0.07908463329672716,7,0,0.9603030819789025,18,0.02080945887985078,FAIL
3360,3360,0.6175115207373272,2021-02-08 23:17:44.060867,2021-02-08 23:17:55.362999,0 days 00:00:11.302132,0.036607210966800204,7,8,0.9334305469406178,18,0.02125154841726889,COMPLETE
3361,3361,0.5468509984639017,2021-02-08 23:17:55.364882,2021-02-08 23:18:06.542756,0 days 00:00:11.177874,0.043972479383214275,7,8,0.9331644145527181,18,0.023415099938614743,COMPLETE
3362,3362,,2021-02-08 23:18:06.544626,2021-02-08 23:18:07.242367,0 days 00:00:00.697741,0.02541457811683573,7,0,0.9317256397286421,18,0.024186320707732457,FAIL
3363,3363,,2021-02-08 23:18:07.244581,2021-02-08 23:18:07.928659,0 days 00:00:00.684078,0.02798840121032943,7,0,0.9335442637298343,18,0.021850081010067916,FAIL
3364,3364,,2021-02-08 23:18:07.930905,2021-02-08 23:18:08.759617,0 days 00:00:00.828712,0.02664988997860229,7,0,0.960259040922355,18,0.0194153045525432,FAIL
3365,3365,0.5142857142857142,2021-02-08 23:18:08.760926,2021-02-08 23:18:20.131208,0 days 00:00:11.370282,0.0657723844264582,7,8,0.9440319524510031,18,0.02097890616044101,COMPLETE
3366,3366,0.5397849462365591,2021-02-08 23:18:20.133105,2021-02-08 23:18:36.386753,0 days 00:00:16.253648,0.024107795044302466,7,8,0.9355121296118898,18,0.02257905796421521,COMPLETE
3367,3367,0.5324116743471582,2021-02-08 23:18:36.388636,2021-02-08 23:18:47.906998,0 days 00:00:11.518362,0.03545113846298343,7,8,0.9314649870597853,18,0.020776537558468595,COMPLETE
3368,3368,0.5585253456221199,2021-02-08 23:18:47.908892,2021-02-08 23:19:04.575786,0 days 00:00:16.666894,0.03887652686970909,5,8,0.9335534434070538,18,0.019420344035244973,COMPLETE
3369,3369,,2021-02-08 23:19:04.577670,2021-02-08 23:19:05.278691,0 days 00:00:00.701021,0.025848954622084055,7,0,0.9620529064846323,18,0.02532495338360583,FAIL
3370,3370,0.5493087557603686,2021-02-08 23:19:05.280031,2021-02-08 23:19:16.912925,0 days 00:00:11.632894,0.04548085520560541,7,8,0.9655852512715166,18,0.03130997147936066,COMPLETE
3371,3371,0.5419354838709678,2021-02-08 23:19:16.914852,2021-02-08 23:19:33.333144,0 days 00:00:16.418292,0.015826026077545567,7,8,0.9310009583583824,18,0.02531652793063771,COMPLETE
3372,3372,,2021-02-08 23:19:33.335040,2021-02-08 23:19:34.054904,0 days 00:00:00.719864,0.0016017804336684806,17,0,0.9597841255643192,18,0.018588036458111586,FAIL
3373,3373,,2021-02-08 23:19:34.056165,2021-02-08 23:19:34.880811,0 days 00:00:00.824646,0.023940413183531194,17,0,0.9619273083544763,18,0.016826387939654366,FAIL
3374,3374,0.5505376344086022,2021-02-08 23:19:34.882086,2021-02-08 23:19:45.909023,0 days 00:00:11.026937,0.00010891539976093121,17,8,0.9619270154551417,18,0.021519438852389217,COMPLETE
3375,3375,,2021-02-08 23:19:45.910921,2021-02-08 23:19:46.598184,0 days 00:00:00.687263,0.052705201281531014,9,0,0.9577078480203561,20,0.2521435261306391,FAIL
3376,3376,,2021-02-08 23:19:46.600452,2021-02-08 23:19:47.310005,0 days 00:00:00.709553,0.028155284524358754,9,0,0.9379825900419743,20,0.014628260976261336,FAIL
3377,3377,0.5655913978494623,2021-02-08 23:19:47.311311,2021-02-08 23:20:02.939845,0 days 00:00:15.628534,0.03473094094435122,9,2,0.9576525329007514,20,0.018278450557482367,COMPLETE
3378,3378,0.5207373271889401,2021-02-08 23:20:02.941730,2021-02-08 23:20:25.059244,0 days 00:00:22.117514,0.02687014435864432,7,8,0.9370659772848043,14,0.014727489179169112,COMPLETE
3379,3379,,2021-02-08 23:20:25.061116,2021-02-08 23:20:25.745022,0 days 00:00:00.683906,0.03189873887620958,9,0,0.9601529211656168,20,0.016611981085797724,FAIL
3380,3380,,2021-02-08 23:20:25.747252,2021-02-08 23:20:26.472752,0 days 00:00:00.725500,0.00016590903771579216,9,0,0.9599935459938488,20,0.03817853436047599,FAIL
3381,3381,,2021-02-08 23:20:26.474058,2021-02-08 23:20:27.140780,0 days 00:00:00.666722,0.023962264936890985,9,0,0.9690464765079386,20,0.03741893299541897,FAIL
3382,3382,0.4675883256528418,2021-02-08 23:20:27.142210,2021-02-08 23:20:37.700914,0 days 00:00:10.558704,0.029381522050353312,9,2,0.954705617845308,20,0.010879172238557116,COMPLETE
3383,3383,0.5274961597542243,2021-02-08 23:20:37.702817,2021-02-08 23:20:48.898802,0 days 00:00:11.195985,0.001646387340479553,9,6,0.9587473820964242,18,0.03753876671036268,COMPLETE
3384,3384,0.5625192012288787,2021-02-08 23:20:48.900709,2021-02-08 23:20:59.713659,0 days 00:00:10.812950,1.7422345164768986e-05,7,2,0.935169514049351,20,0.024346984565326333,COMPLETE
3385,3385,,2021-02-08 23:20:59.715583,2021-02-08 23:21:00.425304,0 days 00:00:00.709721,0.002790911519763815,7,0,0.9692704866832376,20,0.030232925361345562,FAIL
3386,3386,,2021-02-08 23:21:00.426677,2021-02-08 23:21:01.115221,0 days 00:00:00.688544,0.04856298562704375,7,0,0.9685413417461548,20,0.012807678495150687,FAIL
3387,3387,,2021-02-08 23:21:01.116544,2021-02-08 23:21:01.783611,0 days 00:00:00.667067,0.025916393507063932,7,0,0.9603624446968169,20,0.010013959611014074,FAIL
3388,3388,,2021-02-08 23:21:01.785015,2021-02-08 23:21:02.473665,0 days 00:00:00.688650,0.0028074630198464483,7,0,0.96878634191283,20,0.016233310979906983,FAIL
3389,3389,0.5403993855606759,2021-02-08 23:21:02.476013,2021-02-08 23:21:18.942248,0 days 00:00:16.466235,0.05462478948252629,7,6,0.9508682665466838,20,0.01671164261262771,COMPLETE
3390,3390,0.5407066052227343,2021-02-08 23:21:18.944168,2021-02-08 23:21:30.325425,0 days 00:00:11.381257,0.021841934725089555,7,8,0.9686516073069898,18,0.2442439069273638,COMPLETE
3391,3391,0.5032258064516129,2021-02-08 23:21:30.327334,2021-02-08 23:21:41.300020,0 days 00:00:10.972686,1.0370557700939455e-05,17,6,0.9281635180833461,14,0.03477824442184168,COMPLETE
3392,3392,,2021-02-08 23:21:41.301932,2021-02-08 23:21:41.984114,0 days 00:00:00.682182,0.034135677255010675,5,0,0.9602108549165671,18,0.28842497427388336,FAIL
3393,3393,0.43317972350230416,2021-02-08 23:21:41.985496,2021-02-08 23:21:52.933175,0 days 00:00:10.947679,0.00015780383528846012,5,4,0.9238500075238988,18,0.0267473891185331,COMPLETE
3394,3394,0.571121351766513,2021-02-08 23:21:52.935095,2021-02-08 23:22:04.846708,0 days 00:00:11.911613,0.00012267158382959928,9,10,0.9599131649198661,20,0.013501441914663641,COMPLETE
3395,3395,,2021-02-08 23:22:04.848621,2021-02-08 23:22:05.532475,0 days 00:00:00.683854,0.000604018100171835,9,0,0.9568135170186121,20,0.2072963716008841,FAIL
3396,3396,0.38771121351766513,2021-02-08 23:22:05.533832,2021-02-08 23:22:21.166939,0 days 00:00:15.633107,8.172205313898678e-05,9,2,0.9565645158920559,20,0.291186212222001,COMPLETE
3397,3397,0.5379416282642089,2021-02-08 23:22:21.168832,2021-02-08 23:23:12.339780,0 days 00:00:51.170948,0.0013039666871014772,7,6,0.953774834133991,18,0.02004786591226679,COMPLETE
3398,3398,0.4927803379416283,2021-02-08 23:23:12.341685,2021-02-08 23:23:23.391032,0 days 00:00:11.049347,0.03407085190776348,11,2,0.9624082017066216,20,0.012732682558827582,COMPLETE
3399,3399,,2021-02-08 23:23:23.392937,2021-02-08 23:23:24.082439,0 days 00:00:00.689502,0.0005698224693267452,7,0,0.9477786415102335,14,0.030345976679048522,FAIL
3400,3400,,2021-02-08 23:23:24.083745,2021-02-08 23:23:24.759292,0 days 00:00:00.675547,0.0006095552246829535,7,0,0.9479170780871153,14,0.010021702485063391,FAIL
3401,3401,0.6168970814132104,2021-02-08 23:23:24.761653,2021-02-08 23:23:35.812027,0 days 00:00:11.050374,0.04996105928793565,7,8,0.9556978748617029,18,0.029333278551500017,COMPLETE
3402,3402,,2021-02-08 23:23:35.813920,2021-02-08 23:23:36.508803,0 days 00:00:00.694883,0.058073344533740905,7,0,0.9595711401117795,18,0.02996124269965214,FAIL
3403,3403,,2021-02-08 23:23:36.511144,2021-02-08 23:23:37.219338,0 days 00:00:00.708194,0.0006148432740091923,7,0,0.9606622358756023,18,0.030376365647406648,FAIL
3404,3404,,2021-02-08 23:23:37.221671,2021-02-08 23:23:38.105483,0 days 00:00:00.883812,0.0538114026513136,7,0,0.947287681319182,18,0.029490998437304444,FAIL
3405,3405,0.5649769585253456,2021-02-08 23:23:38.106778,2021-02-08 23:23:49.614717,0 days 00:00:11.507939,0.03840805599223594,7,8,0.9598517511002042,18,0.029327179359905094,COMPLETE
3406,3406,0.49032258064516127,2021-02-08 23:23:49.616610,2021-02-08 23:24:06.005991,0 days 00:00:16.389381,0.052028416667028496,7,8,0.9483275404679401,18,0.032117881328389546,COMPLETE
3407,3407,0.5382488479262673,2021-02-08 23:24:06.007926,2021-02-08 23:24:22.558126,0 days 00:00:16.550200,0.04106506870896603,7,8,0.9560977664876594,18,0.024130576613801066,COMPLETE
3408,3408,0.5741935483870968,2021-02-08 23:24:22.560032,2021-02-08 23:24:39.470157,0 days 00:00:16.910125,5.179024581733552e-05,7,8,0.9383815754531395,18,0.02947153053683594,COMPLETE
3409,3409,,2021-02-08 23:24:39.472083,2021-02-08 23:24:40.169937,0 days 00:00:00.697854,0.05835762501059854,7,0,0.9527740450413359,18,0.02689905678953466,FAIL
3410,3410,0.5010752688172043,2021-02-08 23:24:40.171364,2021-02-08 23:24:57.156244,0 days 00:00:16.984880,0.06911207388285893,7,8,0.9513950641295709,18,0.027333373157632568,COMPLETE
3411,3411,0.5225806451612903,2021-02-08 23:24:57.158154,2021-02-08 23:25:08.454397,0 days 00:00:11.296243,0.06218871704004576,17,8,0.966148698206665,18,0.03294973072265718,COMPLETE
3412,3412,,2021-02-08 23:25:08.456352,2021-02-08 23:25:09.156385,0 days 00:00:00.700033,0.0028734490404270837,7,0,0.9293621760583186,18,0.02249033741688595,FAIL
3413,3413,,2021-02-08 23:25:09.158596,2021-02-08 23:25:10.001438,0 days 00:00:00.842842,0.046642472693280354,7,0,0.940621561159836,18,0.2095374972745716,FAIL
3414,3414,0.5649769585253456,2021-02-08 23:25:10.002868,2021-02-08 23:25:21.213557,0 days 00:00:11.210689,0.0027981854167417994,7,8,0.9637299419042346,18,0.03015817742763355,COMPLETE
3415,3415,0.5505376344086022,2021-02-08 23:25:21.215473,2021-02-08 23:25:32.444420,0 days 00:00:11.228947,0.04940474578422607,11,8,0.9579454177124669,14,0.041326961192467676,COMPLETE
3416,3416,0.5588325652841782,2021-02-08 23:25:32.446330,2021-02-08 23:25:43.801091,0 days 00:00:11.354761,0.08483560957582122,5,8,0.929053350074677,18,0.03542545672934653,COMPLETE
3417,3417,,2021-02-08 23:25:43.803000,2021-02-08 23:25:44.488038,0 days 00:00:00.685038,2.6997132287486167e-05,9,0,0.9533816198089071,20,0.026649647620461035,FAIL
3418,3418,0.423963133640553,2021-02-08 23:25:44.490374,2021-02-08 23:26:09.972382,0 days 00:00:25.482008,0.0006355656349225939,9,2,0.9540926395496064,20,0.2085615415354886,COMPLETE
3419,3419,0.5944700460829493,2021-02-08 23:26:09.974285,2021-02-08 23:26:26.873675,0 days 00:00:16.899390,0.03158131640114241,7,10,0.9556036348191984,20,0.038320723857356236,COMPLETE
3420,3420,0.5517665130568357,2021-02-08 23:26:26.875598,2021-02-08 23:26:37.548105,0 days 00:00:10.672507,0.025308394682505616,11,6,0.9611911345171317,18,0.4970954045955934,COMPLETE
3421,3421,0.6092165898617512,2021-02-08 23:26:37.550019,2021-02-08 23:26:48.330850,0 days 00:00:10.780831,9.79062847921114e-05,7,6,0.9709979559307417,18,0.02249331847278372,COMPLETE
3422,3422,,2021-02-08 23:26:48.332769,2021-02-08 23:26:49.039531,0 days 00:00:00.706762,1.3370898037888694e-05,11,0,0.9336942083166537,14,0.032523074405301784,FAIL
3423,3423,0.565284178187404,2021-02-08 23:26:49.041756,2021-02-08 23:27:00.666736,0 days 00:00:11.624980,2.6045702816370726e-05,11,8,0.932175715950254,14,0.026874340458338832,COMPLETE
3424,3424,0.6110599078341014,2021-02-08 23:27:00.668631,2021-02-08 23:27:16.037179,0 days 00:00:15.368548,0.00017503347459757736,9,2,0.9528708310162398,20,0.010125157449664258,COMPLETE
3425,3425,0.4147465437788018,2021-02-08 23:27:16.039110,2021-02-08 23:27:26.924763,0 days 00:00:10.885653,1.3929731104919248e-05,7,2,0.9573976325715482,20,0.02469497649038108,COMPLETE
3426,3426,,2021-02-08 23:27:26.926697,2021-02-08 23:27:27.621435,0 days 00:00:00.694738,0.07741618363159185,17,0,0.9608121327082169,18,0.031781386903656325,FAIL
3427,3427,,2021-02-08 23:27:27.623747,2021-02-08 23:27:28.319350,0 days 00:00:00.695603,2.000837035490238e-05,11,0,0.9016778779109238,18,0.04292249241634618,FAIL
3428,3428,0.5683563748079877,2021-02-08 23:27:28.320641,2021-02-08 23:27:44.246548,0 days 00:00:15.925907,0.05351069102662055,17,6,0.9603480770097771,18,0.03216000725701318,COMPLETE
3429,3429,,2021-02-08 23:27:44.248459,2021-02-08 23:27:44.946904,0 days 00:00:00.698445,0.0008829719342363277,7,0,0.940939951959082,18,0.03691664137055196,FAIL
3430,3430,,2021-02-08 23:27:44.949163,2021-02-08 23:27:45.638926,0 days 00:00:00.689763,0.0010552580504168958,7,0,0.9410369430665674,18,0.015361402679396802,FAIL
3431,3431,,2021-02-08 23:27:45.641215,2021-02-08 23:27:46.334235,0 days 00:00:00.693020,0.0011143729293014765,7,0,0.9408261262667849,18,0.038482148506243014,FAIL
3432,3432,0.5505376344086022,2021-02-08 23:27:46.336490,2021-02-08 23:28:18.718484,0 days 00:00:32.381994,0.0008853779704602683,7,8,0.9410324733429402,18,0.037637076890087044,COMPLETE
3433,3433,,2021-02-08 23:28:18.720402,2021-02-08 23:28:19.422054,0 days 00:00:00.701652,0.07716604430636945,11,0,0.9022243388002846,18,0.09716742636461587,FAIL
3434,3434,,2021-02-08 23:28:19.423356,2021-02-08 23:28:20.099632,0 days 00:00:00.676276,0.0001284555855111016,11,0,0.901690566612772,18,0.015554154573984721,FAIL
3435,3435,0.6092165898617512,2021-02-08 23:28:20.100902,2021-02-08 23:28:31.104207,0 days 00:00:11.003305,0.00013820926927842552,11,6,0.9349079564761718,18,0.012218792061673006,COMPLETE
3436,3436,,2021-02-08 23:28:31.106117,2021-02-08 23:28:31.778590,0 days 00:00:00.672473,7.644299615158555e-05,5,0,0.9015540265402014,16,0.04309201602222532,FAIL
3437,3437,,2021-02-08 23:28:31.779959,2021-02-08 23:28:32.459693,0 days 00:00:00.679734,0.0011426942686104762,5,0,0.9015195566747208,16,0.04292663605971938,FAIL
3438,3438,0.3932411674347158,2021-02-08 23:28:32.461009,2021-02-08 23:28:43.894272,0 days 00:00:11.433263,0.0010869759523670405,5,8,0.9644553729348541,16,0.04387710091046422,COMPLETE
3439,3439,0.6,2021-02-08 23:28:43.896207,2021-02-08 23:29:04.774742,0 days 00:00:20.878535,0.08416587403720954,7,6,0.9812579462536855,14,0.02627856581537693,COMPLETE
3440,3440,0.6162826420890937,2021-02-08 23:29:04.776637,2021-02-08 23:29:15.663065,0 days 00:00:10.886428,3.410904775200005e-05,11,6,0.9693445051372914,18,0.01606192783816666,COMPLETE
3441,3441,,2021-02-08 23:29:15.664968,2021-02-08 23:29:16.345864,0 days 00:00:00.680896,0.0017980380911899064,7,0,0.959683935157329,16,0.02938765296770593,FAIL
3442,3442,,2021-02-08 23:29:16.348094,2021-02-08 23:29:17.039567,0 days 00:00:00.691473,1.957375517333754e-05,7,0,0.9589993272859364,16,0.0951123022177978,FAIL
3443,3443,,2021-02-08 23:29:17.041841,2021-02-08 23:29:17.872625,0 days 00:00:00.830784,0.01706310337301861,7,0,0.9621005155538153,16,0.02953376764384761,FAIL
3444,3444,0.4728110599078341,2021-02-08 23:29:17.874844,2021-02-08 23:29:28.971424,0 days 00:00:11.096580,0.0018789117188892865,7,8,0.9329637083947243,16,0.030863326015695164,COMPLETE
3445,3445,,2021-02-08 23:29:28.973324,2021-02-08 23:29:29.679311,0 days 00:00:00.705987,2.0917083688860132e-05,11,0,0.9015953840308527,18,0.0283457986162457,FAIL
3446,3446,,2021-02-08 23:29:29.681609,2021-02-08 23:29:30.381051,0 days 00:00:00.699442,1.8376344455267218e-05,11,0,0.9669088337629907,18,0.022306254609031486,FAIL
3447,3447,0.4706605222734255,2021-02-08 23:29:30.382458,2021-02-08 23:30:02.491394,0 days 00:00:32.108936,0.00010875552229665346,11,8,0.959295415094611,18,0.028256053885422443,COMPLETE
3448,3448,0.5612903225806452,2021-02-08 23:30:02.493324,2021-02-08 23:30:13.339985,0 days 00:00:10.846661,0.0001627175429654096,9,2,0.9549017182178275,20,0.034446270083295205,COMPLETE
3449,3449,,2021-02-08 23:30:13.341918,2021-02-08 23:30:14.040480,0 days 00:00:00.698562,2.1004680240488637e-05,11,0,0.9469565438336136,16,0.022588748757975837,FAIL
3450,3450,,2021-02-08 23:30:14.041821,2021-02-08 23:30:14.730650,0 days 00:00:00.688829,7.53436934677906e-05,11,0,0.9472530005477625,16,0.0990731349318946,FAIL
3451,3451,,2021-02-08 23:30:14.732027,2021-02-08 23:30:15.402512,0 days 00:00:00.670485,1.997788792423909e-05,11,0,0.9021087787350074,16,0.039693383204951,FAIL
3452,3452,0.5486943164362519,2021-02-08 23:30:15.403868,2021-02-08 23:30:26.228036,0 days 00:00:10.824168,7.490548714029932e-05,11,6,0.9619393948374286,16,0.022384315637849365,COMPLETE
3453,3453,,2021-02-08 23:30:26.229975,2021-02-08 23:30:26.907943,0 days 00:00:00.677968,0.011968563576879733,17,0,0.9664861431300056,18,0.014488361608462773,FAIL
