,number,value,datetime_start,datetime_complete,duration,params_lr,params_nl2,params_num_ct,params_scheduler_gamma,params_sigma2,params_weight_decay,state
7437,7437,,2021-02-09 10:43:19.610132,2021-02-09 10:43:20.562000,0 days 00:00:00.951868,8.44405954144918e-05,5,0,0.9051238834112987,16,0.050545685760152385,FAIL
7438,7438,0.5797235023041475,2021-02-09 10:43:20.566829,2021-02-09 10:43:32.230456,0 days 00:00:11.663627,0.00013561786032900672,11,8,0.907782427511603,16,0.033102212891777213,COMPLETE
7439,7439,,2021-02-09 10:43:32.234102,2021-02-09 10:43:33.042202,0 days 00:00:00.808100,0.0016908832920042116,9,0,0.9297349747698409,20,0.018667605249235657,FAIL
7440,7440,,2021-02-09 10:43:33.047515,2021-02-09 10:43:33.822382,0 days 00:00:00.774867,0.001624062280074468,9,0,0.9374177719743887,20,0.01949291980918164,FAIL
7441,7441,0.43748079877112134,2021-02-09 10:43:33.827221,2021-02-09 10:43:44.750504,0 days 00:00:10.923283,0.0019996850538541023,9,4,0.9225768949576435,20,0.018332184703006786,COMPLETE
7442,7442,0.6301075268817204,2021-02-09 10:43:44.754172,2021-02-09 10:43:55.952089,0 days 00:00:11.197917,8.429519942346963e-05,13,2,0.9392071041907609,14,0.027996779694169183,COMPLETE
7443,7443,0.4055299539170507,2021-02-09 10:43:55.955775,2021-02-09 10:44:06.796459,0 days 00:00:10.840684,8.407066439317142e-05,13,2,0.9392676803342981,14,0.030158638753285266,COMPLETE
7444,7444,0.4012288786482335,2021-02-09 10:44:06.800141,2021-02-09 10:44:17.577781,0 days 00:00:10.777640,0.00010808511700692636,13,2,0.9385748149943023,14,0.03094207022811056,COMPLETE
7445,7445,0.5296466973886329,2021-02-09 10:44:17.581444,2021-02-09 10:44:28.355841,0 days 00:00:10.774397,7.283792904481426e-05,13,2,0.9011846977087058,14,0.028568008425311164,COMPLETE
7446,7446,,2021-02-09 10:44:28.359532,2021-02-09 10:44:29.147372,0 days 00:00:00.787840,0.00010334217721320478,13,0,0.9387861486266662,14,0.02887235152840396,FAIL
7447,7447,0.6282642089093702,2021-02-09 10:44:29.150293,2021-02-09 10:44:40.228386,0 days 00:00:11.078093,0.00011362347276833683,13,2,0.980942531013706,14,0.031388045507325005,COMPLETE
7448,7448,,2021-02-09 10:44:40.232046,2021-02-09 10:44:41.015437,0 days 00:00:00.783391,0.00015041839605184327,13,0,0.9000441452915706,14,0.02820820145438819,FAIL
7449,7449,,2021-02-09 10:44:41.018423,2021-02-09 10:44:41.804430,0 days 00:00:00.786007,8.912915729734857e-05,13,0,0.9381537316688172,20,0.028105749951771994,FAIL
7450,7450,,2021-02-09 10:44:41.807309,2021-02-09 10:44:42.577754,0 days 00:00:00.770445,0.00013594609965661002,13,0,0.9000903907373604,14,0.028164157818216743,FAIL
7451,7451,,2021-02-09 10:44:42.580616,2021-02-09 10:44:43.353277,0 days 00:00:00.772661,0.00010239510238466246,13,0,0.9392388911183578,14,0.02846808123870218,FAIL
7452,7452,0.5720430107526882,2021-02-09 10:44:43.356150,2021-02-09 10:44:54.303172,0 days 00:00:10.947022,0.00010420056392676775,13,2,0.900106190965053,14,0.027942182562763086,COMPLETE
7453,7453,0.4792626728110599,2021-02-09 10:44:54.306840,2021-02-09 10:45:05.464198,0 days 00:00:11.157358,9.585407970507107e-05,13,2,0.9387995986062763,14,0.029796633548009016,COMPLETE
7454,7454,0.4291858678955453,2021-02-09 10:45:05.467892,2021-02-09 10:45:16.640843,0 days 00:00:11.172951,8.555579409650818e-05,13,2,0.9015653203755931,14,0.03201617872712604,COMPLETE
7455,7455,0.6211981566820276,2021-02-09 10:45:16.644556,2021-02-09 10:45:32.400339,0 days 00:00:15.755783,0.00013125846452161817,13,2,0.9382641327978088,14,0.02809039907899734,COMPLETE
7456,7456,0.4282642089093702,2021-02-09 10:45:32.404010,2021-02-09 10:45:43.117993,0 days 00:00:10.713983,8.433320025540749e-05,13,2,0.9020124208966559,14,0.02545056816682944,COMPLETE
7457,7457,0.5480798771121351,2021-02-09 10:45:43.121692,2021-02-09 10:45:54.175948,0 days 00:00:11.054256,0.0001345324476855048,13,2,0.925393056997837,14,0.08446158617004385,COMPLETE
7458,7458,0.5671274961597542,2021-02-09 10:45:54.179652,2021-02-09 10:46:10.107429,0 days 00:00:15.927777,0.00012422801285422595,13,2,0.902672610756783,14,0.029950181161764428,COMPLETE
7459,7459,0.581874039938556,2021-02-09 10:46:10.111135,2021-02-09 10:46:21.017667,0 days 00:00:10.906532,6.949583637199721e-05,13,2,0.9883155112473911,14,0.031518836420186803,COMPLETE
7460,7460,,2021-02-09 10:46:21.021357,2021-02-09 10:46:21.831063,0 days 00:00:00.809706,9.48538252499867e-05,13,0,0.9395317915233427,14,0.06719747635860929,FAIL
7461,7461,0.41751152073732717,2021-02-09 10:46:21.834160,2021-02-09 10:46:37.299874,0 days 00:00:15.465714,8.995889687080163e-05,13,2,0.9015368990002379,14,0.025064867705352135,COMPLETE
7462,7462,0.6199692780337942,2021-02-09 10:46:37.303548,2021-02-09 10:46:53.308670,0 days 00:00:16.005122,0.00010121512512939002,13,2,0.9515879581557821,14,0.06818975247902459,COMPLETE
7463,7463,0.46574500768049154,2021-02-09 10:46:53.312381,2021-02-09 10:47:14.185099,0 days 00:00:20.872718,0.00015915161270518515,13,2,0.9757042653743914,14,0.032250642627866304,COMPLETE
7464,7464,0.44086021505376344,2021-02-09 10:47:14.188799,2021-02-09 10:47:25.040636,0 days 00:00:10.851837,0.00010760813038971254,13,2,0.9403296538334631,14,0.02717748126825715,COMPLETE
7465,7465,0.49032258064516127,2021-02-09 10:47:25.044334,2021-02-09 10:47:36.257795,0 days 00:00:11.213461,5.7927808645844584e-05,13,2,0.9391934666481287,14,0.07686588969020056,COMPLETE
7466,7466,,2021-02-09 10:47:36.261461,2021-02-09 10:47:37.049433,0 days 00:00:00.787972,0.00011827941801341823,13,0,0.9000875887411768,14,0.028946467707411865,FAIL
7467,7467,0.6221198156682027,2021-02-09 10:47:37.054228,2021-02-09 10:47:48.201182,0 days 00:00:11.146954,0.000125441939666527,13,2,0.9497329728874441,14,0.028773301160086872,COMPLETE
7468,7468,0.6092165898617512,2021-02-09 10:47:48.204859,2021-02-09 10:47:59.055839,0 days 00:00:10.850980,0.00014259993717961262,13,2,0.938253375593456,14,0.022893808814860986,COMPLETE
7469,7469,0.6098310291858678,2021-02-09 10:47:59.059554,2021-02-09 10:48:09.985512,0 days 00:00:10.925958,8.048693286998765e-05,13,2,0.9001968056793334,14,0.032493567726789546,COMPLETE
7470,7470,,2021-02-09 10:48:09.989195,2021-02-09 10:48:10.769833,0 days 00:00:00.780638,9.855808425702867e-05,13,0,0.958807001843595,14,0.02939512648816495,FAIL
7471,7471,,2021-02-09 10:48:10.772706,2021-02-09 10:48:11.559551,0 days 00:00:00.786845,0.00010517171456004523,13,0,0.9373612180374793,14,0.027286648715252725,FAIL
7472,7472,0.5428571428571428,2021-02-09 10:48:11.564307,2021-02-09 10:48:37.416918,0 days 00:00:25.852611,0.00010900926383882512,11,2,0.9375202733275465,14,0.027174130986095425,COMPLETE
7473,7473,,2021-02-09 10:48:37.420666,2021-02-09 10:48:38.223221,0 days 00:00:00.802555,0.00012733657614177166,13,0,0.9032300428553921,14,0.029686251168758254,FAIL
7474,7474,,2021-02-09 10:48:38.226219,2021-02-09 10:48:39.024281,0 days 00:00:00.798062,0.00015115028490712986,13,0,0.9032883646339008,14,0.02383600310379065,FAIL
7475,7475,0.4202764976958525,2021-02-09 10:48:39.027203,2021-02-09 10:48:50.021963,0 days 00:00:10.994760,0.00015727817941248444,13,2,0.9026379791696015,14,0.029694506529093622,COMPLETE
7476,7476,,2021-02-09 10:48:50.025650,2021-02-09 10:48:50.832152,0 days 00:00:00.806502,0.0001195704174580325,13,0,0.986388474737248,14,0.024152502465539884,FAIL
7477,7477,,2021-02-09 10:48:50.835207,2021-02-09 10:48:51.630141,0 days 00:00:00.794934,0.00010034417582461999,13,0,0.9031702518130948,14,0.024222898860876772,FAIL
7478,7478,0.41044546850998465,2021-02-09 10:48:51.635095,2021-02-09 10:49:03.087210,0 days 00:00:11.452115,0.00013752141633672113,13,8,0.9273371753365414,14,0.02436429998665205,COMPLETE
7479,7479,0.6175115207373272,2021-02-09 10:49:03.090930,2021-02-09 10:49:14.284911,0 days 00:00:11.193981,8.915827031164137e-05,13,2,0.9296442677492895,14,0.03116770757407511,COMPLETE
7480,7480,0.4715821812596006,2021-02-09 10:49:14.288631,2021-02-09 10:49:41.284378,0 days 00:00:26.995747,0.00011513125759644926,13,8,0.9596005322468666,14,0.025888086027842518,COMPLETE
7481,7481,,2021-02-09 10:49:41.288089,2021-02-09 10:49:42.093486,0 days 00:00:00.805397,9.44930060884234e-05,13,0,0.9033404026595068,14,0.023089406481796363,FAIL
7482,7482,,2021-02-09 10:49:42.098099,2021-02-09 10:49:42.895649,0 days 00:00:00.797550,6.520724673661837e-05,13,0,0.9375448835955653,14,0.023634105318604333,FAIL
7483,7483,0.5981566820276498,2021-02-09 10:49:42.900484,2021-02-09 10:49:53.905053,0 days 00:00:11.004569,6.291774105141959e-05,13,2,0.9026114935155424,14,0.032842688120014715,COMPLETE
7484,7484,,2021-02-09 10:49:53.908801,2021-02-09 10:49:54.693729,0 days 00:00:00.784928,9.304072750704686e-05,13,0,0.9401035457918269,14,0.09986436004570147,FAIL
7485,7485,0.5606758832565284,2021-02-09 10:49:54.698392,2021-02-09 10:50:06.072188,0 days 00:00:11.373796,0.00017251151151077027,13,8,0.9864983088127642,14,0.022695787564060172,COMPLETE
7486,7486,,2021-02-09 10:50:06.075917,2021-02-09 10:50:06.878909,0 days 00:00:00.802992,0.00010177934628717906,13,0,0.9371805906801245,12,0.028922641130537302,FAIL
7487,7487,0.5551459293394777,2021-02-09 10:50:06.883766,2021-02-09 10:50:23.025072,0 days 00:00:16.141306,0.00011778121080158873,13,2,0.937057149990556,14,0.028371214933879858,COMPLETE
7488,7488,0.4964669738863287,2021-02-09 10:50:23.028766,2021-02-09 10:50:34.157774,0 days 00:00:11.129008,8.027400146634817e-05,13,6,0.9397176305263513,14,0.032471166926304,COMPLETE
7489,7489,0.5062980030721966,2021-02-09 10:50:34.161470,2021-02-09 10:51:01.396937,0 days 00:00:27.235467,8.839477205423591e-05,13,8,0.9037901594851153,14,0.023100565465556482,COMPLETE
7490,7490,0.4165898617511521,2021-02-09 10:51:01.400638,2021-02-09 10:51:12.438247,0 days 00:00:11.037609,4.358159123613829e-05,13,2,0.9011613320113547,12,0.029633808869617893,COMPLETE
7491,7491,,2021-02-09 10:51:12.441943,2021-02-09 10:51:13.246021,0 days 00:00:00.804078,0.00014068637655287306,11,0,0.9001215489574171,14,0.19912170303253202,FAIL
7492,7492,0.39815668202764976,2021-02-09 10:51:13.251036,2021-02-09 10:51:24.103927,0 days 00:00:10.852891,0.00014246933537267665,13,2,0.9377699777671781,14,0.02535881011021403,COMPLETE
7493,7493,0.632258064516129,2021-02-09 10:51:24.107606,2021-02-09 10:51:35.446797,0 days 00:00:11.339191,0.0001088669259477014,13,8,0.9398899053174644,14,0.02719824682367272,COMPLETE
7494,7494,0.4172043010752688,2021-02-09 10:51:35.450496,2021-02-09 10:51:47.267528,0 days 00:00:11.817032,7.263271918585499e-05,13,8,0.9413549880147921,14,0.0242907512333844,COMPLETE
7495,7495,,2021-02-09 10:51:47.271250,2021-02-09 10:51:48.054539,0 days 00:00:00.783289,9.474647472305727e-05,13,0,0.9544975673301587,14,0.025593623148658713,FAIL
7496,7496,0.5364055299539171,2021-02-09 10:51:48.059370,2021-02-09 10:51:58.986838,0 days 00:00:10.927468,9.697152444230016e-05,13,2,0.9030592633160445,14,0.025396427118290474,COMPLETE
7497,7497,,2021-02-09 10:51:58.990537,2021-02-09 10:51:59.792818,0 days 00:00:00.802281,7.286201047216503e-05,13,0,0.9413970182475541,14,0.02480160476594131,FAIL
7498,7498,,2021-02-09 10:51:59.795788,2021-02-09 10:52:00.584840,0 days 00:00:00.789052,9.778339527168971e-05,13,0,0.9409369647093114,14,0.023683743091671785,FAIL
7499,7499,0.5201228878648233,2021-02-09 10:52:00.589698,2021-02-09 10:52:17.274727,0 days 00:00:16.685029,0.00010197131571980068,13,8,0.9399599061990457,14,0.024606137288776978,COMPLETE
7500,7500,0.490937019969278,2021-02-09 10:52:17.278448,2021-02-09 10:52:28.550437,0 days 00:00:11.271989,7.784007777958716e-05,13,2,0.9017298501948087,14,0.025740190275190013,COMPLETE
7501,7501,0.5394777265745008,2021-02-09 10:52:28.554118,2021-02-09 10:52:44.660393,0 days 00:00:16.106275,0.00011337280104818346,13,6,0.9899656964913046,14,0.026717744748660323,COMPLETE
7502,7502,0.3864823348694316,2021-02-09 10:52:44.664156,2021-02-09 10:52:56.387149,0 days 00:00:11.722993,9.769643968362949e-05,13,8,0.938161768119914,14,0.026468774964664488,COMPLETE
7503,7503,0.44608294930875575,2021-02-09 10:52:56.390833,2021-02-09 10:53:07.413818,0 days 00:00:11.022985,0.00010400959242428592,13,2,0.9405524495409355,14,0.022142992358400414,COMPLETE
7504,7504,,2021-02-09 10:53:07.417537,2021-02-09 10:53:08.204042,0 days 00:00:00.786505,0.00011710375751377688,13,0,0.941178585845688,14,0.023153307503605725,FAIL
7505,7505,0.4660522273425499,2021-02-09 10:53:08.206998,2021-02-09 10:53:19.255157,0 days 00:00:11.048159,0.00011967590706761767,13,2,0.9396589139424657,14,0.02312903125654748,COMPLETE
7506,7506,,2021-02-09 10:53:19.258904,2021-02-09 10:53:20.064052,0 days 00:00:00.805148,8.745843381532557e-05,13,0,0.9394057585195054,14,0.027184226139287095,FAIL
7507,7507,,2021-02-09 10:53:20.067036,2021-02-09 10:53:20.852330,0 days 00:00:00.785294,9.788989402349563e-05,13,0,0.9382789177053235,14,0.02807581825740556,FAIL
7508,7508,0.4792626728110599,2021-02-09 10:53:20.857291,2021-02-09 10:53:32.234347,0 days 00:00:11.377056,0.00013119336037480865,13,8,0.9392238714651647,14,0.027807328689319073,COMPLETE
7509,7509,,2021-02-09 10:53:32.238062,2021-02-09 10:53:33.029129,0 days 00:00:00.791067,9.105243585777027e-05,13,0,0.9034145511452221,14,0.024261756406609405,FAIL
7510,7510,0.4079877112135177,2021-02-09 10:53:33.032078,2021-02-09 10:53:53.349758,0 days 00:00:20.317680,6.961627802326567e-05,13,2,0.9043581355431577,14,0.02371985200861873,COMPLETE
7511,7511,0.5557603686635945,2021-02-09 10:53:53.353490,2021-02-09 10:54:04.701435,0 days 00:00:11.347945,8.683671913396919e-05,13,6,0.9002074083664939,14,0.023886827806631677,COMPLETE
7512,7512,,2021-02-09 10:54:04.705174,2021-02-09 10:54:05.501757,0 days 00:00:00.796583,9.46408691663541e-05,13,0,0.9381719443790804,14,0.027085776673827368,FAIL
7513,7513,,2021-02-09 10:54:05.506657,2021-02-09 10:54:06.293226,0 days 00:00:00.786569,0.00012638810096078458,13,0,0.9402949490115753,14,0.026891343606066813,FAIL
7514,7514,0.6178187403993856,2021-02-09 10:54:06.296316,2021-02-09 10:54:17.469151,0 days 00:00:11.172835,9.325310728619808e-05,13,8,0.940070576104354,14,0.02681487985813355,COMPLETE
7515,7515,0.6076804915514593,2021-02-09 10:54:17.472851,2021-02-09 10:54:28.440335,0 days 00:00:10.967484,0.00012086057402231424,11,2,0.9000625689713267,14,0.02487281827700508,COMPLETE
7516,7516,0.5741935483870968,2021-02-09 10:54:28.444054,2021-02-09 10:54:40.003977,0 days 00:00:11.559923,0.00012758159457644435,5,8,0.9400950015289593,14,0.02398092450657678,COMPLETE
7517,7517,0.4574500768049155,2021-02-09 10:54:40.007691,2021-02-09 10:54:51.278953,0 days 00:00:11.271262,9.889048139755974e-05,13,8,0.9379642297962876,14,0.027532717654123892,COMPLETE
7518,7518,0.6254992319508449,2021-02-09 10:54:51.282666,2021-02-09 10:55:07.340855,0 days 00:00:16.058189,0.00013213260796965997,11,2,0.9440406973197875,14,0.02181350981553822,COMPLETE
7519,7519,0.39508448540706603,2021-02-09 10:55:07.344579,2021-02-09 10:55:18.841859,0 days 00:00:11.497280,0.00015419731175043646,13,8,0.9356739660157517,14,0.026228174155495644,COMPLETE
7520,7520,0.4261136712749616,2021-02-09 10:55:18.845547,2021-02-09 10:55:29.896224,0 days 00:00:11.050677,0.00016535583145750263,7,2,0.9836552305792801,14,0.02243852127630499,COMPLETE
7521,7521,,2021-02-09 10:55:29.899933,2021-02-09 10:55:50.424094,0 days 00:00:20.524161,0.00011074601073705102,13,8,0.9388687640418406,14,0.02831760366004412,FAIL
7522,7522,0.4184331797235023,2021-02-09 10:55:50.428118,2021-02-09 10:56:01.910389,0 days 00:00:11.482271,0.00011371499758445168,13,8,0.938873553565719,14,0.028307670142170553,COMPLETE
7523,7523,0.578494623655914,2021-02-09 10:56:01.914060,2021-02-09 10:56:18.409952,0 days 00:00:16.495892,5.9376273221342844e-05,13,8,0.93749838505056,14,0.025853810493644276,COMPLETE
7524,7524,,2021-02-09 10:56:18.413658,2021-02-09 10:56:19.199518,0 days 00:00:00.785860,8.546700956436955e-05,11,0,0.9398076686904233,14,0.015211884943345157,FAIL
7525,7525,0.627342549923195,2021-02-09 10:56:19.204307,2021-02-09 10:56:30.437595,0 days 00:00:11.233288,9.665416720572852e-05,11,2,0.9420436143866984,14,0.022953052436460192,COMPLETE
7526,7526,,2021-02-09 10:56:30.441314,2021-02-09 10:56:31.233792,0 days 00:00:00.792478,8.213527575724923e-05,13,0,0.9408319248100716,12,0.02764406801998115,FAIL
7527,7527,,2021-02-09 10:56:31.237128,2021-02-09 10:56:32.025500,0 days 00:00:00.788372,0.00015139526408636158,13,0,0.938462654101897,14,0.028206866919554978,FAIL
7528,7528,0.3969278033794163,2021-02-09 10:56:32.030357,2021-02-09 10:56:43.364580,0 days 00:00:11.334223,7.920208127415217e-05,13,8,0.9371337865887963,14,0.027794848275144068,COMPLETE
7529,7529,,2021-02-09 10:56:43.368301,2021-02-09 10:56:44.173700,0 days 00:00:00.805399,0.00014682663304131896,7,0,0.941511765193325,14,0.022505201869369062,FAIL
7530,7530,,2021-02-09 10:56:44.178530,2021-02-09 10:56:44.991099,0 days 00:00:00.812569,0.00015091734689339645,7,0,0.9423346461386861,14,0.42476694711614355,FAIL
7531,7531,0.6089093701996928,2021-02-09 10:56:44.994019,2021-02-09 10:57:05.643634,0 days 00:00:20.649615,0.00016397597651764516,7,2,0.9407772183569756,14,0.10018879270191829,COMPLETE
7532,7532,,2021-02-09 10:57:05.647392,2021-02-09 10:57:06.446825,0 days 00:00:00.799433,0.00013929621448557442,11,0,0.9414800079826933,14,0.01506312618441641,FAIL
7533,7533,0.5514592933947773,2021-02-09 10:57:06.449746,2021-02-09 10:57:32.005472,0 days 00:00:25.555726,0.00011485257818446208,11,2,0.9404147574149723,14,0.014966604747180123,COMPLETE
7534,7534,0.5360983102918587,2021-02-09 10:57:32.009194,2021-02-09 10:57:43.639565,0 days 00:00:11.630371,9.103607786229697e-05,13,8,0.9383830902212128,14,0.02838226573257188,COMPLETE
7535,7535,0.36682027649769583,2021-02-09 10:57:43.643307,2021-02-09 10:57:55.212206,0 days 00:00:11.568899,0.00013539899503357228,13,8,0.9369435662890212,14,0.02779694818536491,COMPLETE
7536,7536,,2021-02-09 10:57:55.215919,2021-02-09 10:57:56.173049,0 days 00:00:00.957130,6.858351215627055e-05,13,0,0.9391407921191601,14,0.02535781423391877,FAIL
7537,7537,0.6006144393241167,2021-02-09 10:57:56.177975,2021-02-09 10:58:12.871471,0 days 00:00:16.693496,0.00010438065794305354,13,8,0.9391230619350894,14,0.026295427593822907,COMPLETE
7538,7538,0.5517665130568357,2021-02-09 10:58:12.875183,2021-02-09 10:58:24.343658,0 days 00:00:11.468475,7.563615294681524e-05,7,6,0.9414573225619826,14,0.021762929590135968,COMPLETE
7539,7539,,2021-02-09 10:58:24.347364,2021-02-09 10:58:25.163705,0 days 00:00:00.816341,0.00011892415033225358,13,0,0.9362001537036568,14,0.029229343399883416,FAIL
7540,7540,0.4740399385560676,2021-02-09 10:58:25.168624,2021-02-09 10:58:36.601429,0 days 00:00:11.432805,0.00013619552774125695,13,8,0.9386777327980281,14,0.025627529619852756,COMPLETE
7541,7541,,2021-02-09 10:58:36.605143,2021-02-09 10:58:37.385765,0 days 00:00:00.780622,0.00011544785366507631,13,0,0.9367261617607188,14,0.029290496360727523,FAIL
7542,7542,,2021-02-09 10:58:37.388682,2021-02-09 10:58:38.361433,0 days 00:00:00.972751,0.00014838793897387284,13,0,0.9403411447507435,14,0.02892661526816233,FAIL
7543,7543,,2021-02-09 10:58:38.364578,2021-02-09 10:58:39.149237,0 days 00:00:00.784659,0.00014458698278118688,13,0,0.9364195194144455,14,0.025648495484121372,FAIL
7544,7544,,2021-02-09 10:58:39.154126,2021-02-09 10:58:40.015546,0 days 00:00:00.861420,0.00015520356697922347,13,0,0.9370039909306525,14,0.028882587034482946,FAIL
7545,7545,,2021-02-09 10:58:40.020416,2021-02-09 10:58:40.829714,0 days 00:00:00.809298,9.327275151044087e-05,13,0,0.9357443522071401,14,0.029606073269795825,FAIL
7546,7546,0.46789554531490013,2021-02-09 10:58:40.834622,2021-02-09 10:59:02.601513,0 days 00:00:21.766891,0.00015260834690183082,13,8,0.936026507015028,14,0.029443887900152416,COMPLETE
7547,7547,0.4221198156682028,2021-02-09 10:59:02.605260,2021-02-09 10:59:13.831396,0 days 00:00:11.226136,8.789957771110352e-05,13,8,0.9364095496414359,14,0.024547872163194314,COMPLETE
7548,7548,,2021-02-09 10:59:13.835105,2021-02-09 10:59:14.620306,0 days 00:00:00.785201,0.00011204301671308228,13,0,0.93886907490775,14,0.029117810310176934,FAIL
7549,7549,0.47803379416282643,2021-02-09 10:59:14.623189,2021-02-09 10:59:31.666515,0 days 00:00:17.043326,0.00017987857946382557,13,8,0.9386596247046423,14,0.028420598555503718,COMPLETE
7550,7550,0.5668202764976958,2021-02-09 10:59:31.670242,2021-02-09 10:59:42.684899,0 days 00:00:11.014657,9.689542343696012e-05,13,8,0.9398416006873969,14,0.02917935371713933,COMPLETE
7551,7551,,2021-02-09 10:59:42.688625,2021-02-09 10:59:43.487836,0 days 00:00:00.799211,6.333445790644806e-05,11,0,0.9531641216880841,14,0.023609555492006648,FAIL
7552,7552,,2021-02-09 10:59:43.492769,2021-02-09 10:59:44.301573,0 days 00:00:00.808804,0.00010839872140571643,5,0,0.9016843099187846,14,0.07130307464611835,FAIL
7553,7553,0.6218125960061444,2021-02-09 10:59:44.304621,2021-02-09 10:59:56.345415,0 days 00:00:12.040794,0.0001242627100996033,5,10,0.9040543620342871,14,0.21417194163306,COMPLETE
7554,7554,0.4325652841781874,2021-02-09 10:59:56.349191,2021-02-09 11:00:07.313568,0 days 00:00:10.964377,6.243913531357843e-05,11,2,0.9423590001386084,20,0.022565578864696175,COMPLETE
7555,7555,0.49523809523809526,2021-02-09 11:00:07.317341,2021-02-09 11:00:18.087290,0 days 00:00:10.769949,0.00017835163085562066,11,2,0.9021161755571748,14,0.07397099705280595,COMPLETE
7556,7556,,2021-02-09 11:00:18.091032,2021-02-09 11:00:18.890987,0 days 00:00:00.799955,0.00013986920106538538,7,0,0.9414351839226811,14,0.0221568358604195,FAIL
7557,7557,,2021-02-09 11:00:18.895833,2021-02-09 11:00:19.742779,0 days 00:00:00.846946,0.00011816302126128192,7,0,0.957796350444426,14,0.02351029191575038,FAIL
7558,7558,0.4666666666666667,2021-02-09 11:00:19.747573,2021-02-09 11:00:30.810031,0 days 00:00:11.062458,0.0001129800514529803,7,2,0.9436429212798695,14,0.02322681413557191,COMPLETE
7559,7559,0.4881720430107527,2021-02-09 11:00:30.813752,2021-02-09 11:00:46.555965,0 days 00:00:15.742213,0.00015156751878026332,11,2,0.9001531845649856,14,0.024889576114660642,COMPLETE
7560,7560,0.4423963133640553,2021-02-09 11:00:46.559734,2021-02-09 11:01:03.260935,0 days 00:00:16.701201,0.00011469596360403677,13,8,0.9359201221888628,14,0.025531265343291094,COMPLETE
