,number,value,datetime_start,datetime_complete,duration,params_lr,params_nl2,params_num_ct,params_scheduler_gamma,params_sigma2,params_weight_decay,state
3704,3704,,2021-02-09 00:13:33.694028,2021-02-09 00:13:34.385615,0 days 00:00:00.691587,0.00030668851075329567,19,0,0.957869454030457,16,0.056706164953567555,FAIL
3705,3705,0.5874039938556067,2021-02-09 00:13:34.387950,2021-02-09 00:14:00.695378,0 days 00:00:26.307428,0.0003092672423562742,19,6,0.958351187933333,16,0.040397487790670955,COMPLETE
3706,3706,0.4411674347158218,2021-02-09 00:14:00.698539,2021-02-09 00:14:11.525333,0 days 00:00:10.826794,2.9114719770894605e-05,11,2,0.9594913807995248,20,0.0558816420812927,COMPLETE
3707,3707,0.5840245775729647,2021-02-09 00:14:11.527378,2021-02-09 00:14:47.490257,0 days 00:00:35.962879,0.00016843437506874353,17,6,0.9308328601535757,16,0.0279596321328784,COMPLETE
3708,3708,,2021-02-09 00:14:47.492315,2021-02-09 00:14:48.182877,0 days 00:00:00.690562,2.328821436206858e-05,11,0,0.9274269827315654,20,0.010096057224847958,FAIL
3709,3709,0.6316436251920123,2021-02-09 00:14:48.184340,2021-02-09 00:14:59.203451,0 days 00:00:11.019111,0.00011193343042279933,11,2,0.9337155263753517,20,0.03166856293701355,COMPLETE
3710,3710,,2021-02-09 00:14:59.205497,2021-02-09 00:14:59.912975,0 days 00:00:00.707478,8.358261815452231e-05,11,0,0.9329971362089068,20,0.030263601270177364,FAIL
3711,3711,,2021-02-09 00:14:59.915469,2021-02-09 00:15:00.632105,0 days 00:00:00.716636,8.867771671882695e-05,11,0,0.9358603231915218,20,0.0313631202176954,FAIL
3712,3712,,2021-02-09 00:15:00.633545,2021-02-09 00:15:01.326913,0 days 00:00:00.693368,2.403609126456603e-05,11,0,0.933090024856954,20,0.03173394708658166,FAIL
3713,3713,,2021-02-09 00:15:01.329381,2021-02-09 00:15:02.034352,0 days 00:00:00.704971,2.5129185993961263e-05,11,0,0.9338549234411486,20,0.03399417028527972,FAIL
3714,3714,0.4943164362519201,2021-02-09 00:15:02.035766,2021-02-09 00:15:12.918433,0 days 00:00:10.882667,8.060330630695768e-05,11,2,0.9332297840412693,20,0.031396904057601635,COMPLETE
3715,3715,0.4202764976958525,2021-02-09 00:15:12.920504,2021-02-09 00:15:23.705817,0 days 00:00:10.785313,0.00010613543785005111,11,2,0.9327902285160902,16,0.03396605609419505,COMPLETE
3716,3716,,2021-02-09 00:15:23.707897,2021-02-09 00:15:24.414536,0 days 00:00:00.706639,0.0001980778506894584,11,0,0.9286220338685853,20,0.030329075774843343,FAIL
3717,3717,,2021-02-09 00:15:24.416011,2021-02-09 00:15:25.106425,0 days 00:00:00.690414,1.7577656463531854e-05,11,0,0.9361865563576702,20,0.02995788973977555,FAIL
3718,3718,,2021-02-09 00:15:25.107840,2021-02-09 00:15:25.807036,0 days 00:00:00.699196,1.5191078806649297e-05,11,0,0.935606932017493,20,0.029561862750921743,FAIL
3719,3719,0.554531490015361,2021-02-09 00:15:25.808539,2021-02-09 00:15:41.542397,0 days 00:00:15.733858,4.249305568022508e-05,11,2,0.9374129685910082,20,0.030030208739681853,COMPLETE
3720,3720,0.4685099846390169,2021-02-09 00:15:41.544471,2021-02-09 00:15:52.639619,0 days 00:00:11.095148,1.4838334468461686e-05,11,2,0.9274556014343427,18,0.036334179861285454,COMPLETE
3721,3721,,2021-02-09 00:15:52.641638,2021-02-09 00:15:53.346207,0 days 00:00:00.704569,0.00019780478481280558,11,0,0.9346091718941627,16,0.03195765458099447,FAIL
3722,3722,0.5293394777265745,2021-02-09 00:15:53.347734,2021-02-09 00:16:03.947820,0 days 00:00:10.600086,2.0699031163002947e-05,11,2,0.935601323767718,16,0.032452753336666425,COMPLETE
3723,3723,0.5185867895545315,2021-02-09 00:16:03.949859,2021-02-09 00:17:08.842663,0 days 00:01:04.892804,0.00019682120499558574,11,2,0.9343348220304383,20,0.027164932149466855,COMPLETE
3724,3724,0.5019969278033795,2021-02-09 00:17:08.844684,2021-02-09 00:17:19.700487,0 days 00:00:10.855803,8.985340312919734e-05,11,2,0.9384203163170248,20,0.03507598970633744,COMPLETE
3725,3725,0.5870967741935483,2021-02-09 00:17:19.702512,2021-02-09 00:17:30.417225,0 days 00:00:10.714713,2.389971499269011e-05,11,2,0.9289183732641355,16,0.029465473997598093,COMPLETE
3726,3726,,2021-02-09 00:17:30.419311,2021-02-09 00:17:31.120339,0 days 00:00:00.701028,0.00013010455583387461,11,0,0.9312891630575829,18,0.03796557846998972,FAIL
3727,3727,0.42457757296466975,2021-02-09 00:17:31.121795,2021-02-09 00:17:42.099190,0 days 00:00:10.977395,0.00012714637162853382,11,2,0.9315896447917145,18,0.025165419910985948,COMPLETE
3728,3728,0.45714285714285713,2021-02-09 00:17:42.101251,2021-02-09 00:17:53.197071,0 days 00:00:11.095820,6.131604038913443e-05,11,2,0.9084505813543868,16,0.031569889670769395,COMPLETE
3729,3729,,2021-02-09 00:17:53.199160,2021-02-09 00:17:53.901927,0 days 00:00:00.702767,1.0008322228618652e-05,13,0,0.9361423976930808,20,0.04069859245873867,FAIL
3730,3730,0.6076804915514593,2021-02-09 00:17:53.903326,2021-02-09 00:18:14.629567,0 days 00:00:20.726241,0.00011224361853046612,13,2,0.9337704708612099,20,0.04302906434731143,COMPLETE
3731,3731,,2021-02-09 00:18:14.631610,2021-02-09 00:18:15.322326,0 days 00:00:00.690716,0.00041701627459611275,11,0,0.9353297790947088,16,0.0377983765872871,FAIL
3732,3732,,2021-02-09 00:18:15.324855,2021-02-09 00:18:16.025832,0 days 00:00:00.700977,0.00014348122327457273,11,0,0.9413536898391892,16,0.037936585212181115,FAIL
3733,3733,,2021-02-09 00:18:16.027300,2021-02-09 00:18:16.729147,0 days 00:00:00.701847,0.00024724610450083475,11,0,0.9401756283019005,16,0.03783991554155991,FAIL
3734,3734,0.5397849462365591,2021-02-09 00:18:16.731661,2021-02-09 00:18:28.187503,0 days 00:00:11.455842,0.00014132757541010223,11,2,0.9406623409054695,16,0.04046582813566317,COMPLETE
3735,3735,0.4337941628264209,2021-02-09 00:18:28.189536,2021-02-09 00:18:48.698013,0 days 00:00:20.508477,1.011274988975017e-05,11,2,0.9361601628742866,18,0.0376532587728534,COMPLETE
3736,3736,,2021-02-09 00:18:48.700094,2021-02-09 00:18:49.392877,0 days 00:00:00.692783,0.00040878403891158303,15,0,0.9314794797704216,20,0.03368286153178615,FAIL
3737,3737,,2021-02-09 00:18:49.394359,2021-02-09 00:18:50.090317,0 days 00:00:00.695958,0.00042057716487539437,15,0,0.930644157782771,20,0.03426436528141989,FAIL
3738,3738,0.5658986175115207,2021-02-09 00:18:50.091851,2021-02-09 00:19:01.553641,0 days 00:00:11.461790,1.778847259003309e-05,15,10,0.9310969785342863,20,0.03362693776395996,COMPLETE
3739,3739,,2021-02-09 00:19:01.555685,2021-02-09 00:19:02.266598,0 days 00:00:00.710913,0.011702189393052821,11,0,0.9753801408238073,16,0.027703581626046223,FAIL
3740,3740,,2021-02-09 00:19:02.269019,2021-02-09 00:19:02.960531,0 days 00:00:00.691512,0.011357913686972823,11,0,0.9293609654017234,16,0.06741799844585805,FAIL
3741,3741,,2021-02-09 00:19:02.962985,2021-02-09 00:19:03.803238,0 days 00:00:00.840253,0.000191350651541851,11,0,0.9804281412258188,16,0.02780996936909792,FAIL
3742,3742,,2021-02-09 00:19:03.804639,2021-02-09 00:19:04.488628,0 days 00:00:00.683989,0.000435497575658324,11,0,0.976205638776821,16,0.027518205299114664,FAIL
3743,3743,0.5649769585253456,2021-02-09 00:19:04.491131,2021-02-09 00:19:15.375456,0 days 00:00:10.884325,7.805073560905721e-05,11,2,0.9055729223939512,16,0.0280638496968301,COMPLETE
3744,3744,,2021-02-09 00:19:15.378626,2021-02-09 00:19:16.122894,0 days 00:00:00.744268,0.00038396884099997685,15,0,0.9343748490939999,18,0.038620310317451854,FAIL
3745,3745,0.6202764976958526,2021-02-09 00:19:16.124283,2021-02-09 00:19:26.681028,0 days 00:00:10.556745,0.0002645964586469747,15,2,0.9168834362976829,18,0.05965382005507261,COMPLETE
3746,3746,,2021-02-09 00:19:26.683087,2021-02-09 00:19:27.381390,0 days 00:00:00.698303,0.0003755051153386172,13,0,0.9899909634793276,20,0.03674955751056441,FAIL
3747,3747,0.584331797235023,2021-02-09 00:19:27.383878,2021-02-09 00:19:48.192938,0 days 00:00:20.809060,0.00041113272234923634,13,4,0.9304659874662844,20,0.049824843838131655,COMPLETE
3748,3748,,2021-02-09 00:19:48.195017,2021-02-09 00:19:48.906918,0 days 00:00:00.711901,1.2958454643073452e-05,11,0,0.9332702880683709,16,0.037852152500598736,FAIL
3749,3749,,2021-02-09 00:19:48.908425,2021-02-09 00:19:49.596446,0 days 00:00:00.688021,0.00019218274269951322,5,0,0.9349342435828544,16,0.03754557926269418,FAIL
3750,3750,,2021-02-09 00:19:49.598895,2021-02-09 00:19:50.339924,0 days 00:00:00.741029,0.0001911123948609484,5,0,0.9800313524043229,16,0.03515175174362027,FAIL
3751,3751,0.5225806451612903,2021-02-09 00:19:50.341381,2021-02-09 00:20:11.094328,0 days 00:00:20.752947,0.00017443158094298711,5,2,0.9810069180946994,16,0.03801462890026388,COMPLETE
3752,3752,0.5708141321044546,2021-02-09 00:20:11.096391,2021-02-09 00:20:23.148072,0 days 00:00:12.051681,9.745464745025041e-05,11,10,0.976348832971691,20,0.06848158794455332,COMPLETE
3753,3753,,2021-02-09 00:20:23.150119,2021-02-09 00:20:23.855705,0 days 00:00:00.705586,0.01202881016123636,15,0,0.9344589635403581,18,0.03254691042947276,FAIL
3754,3754,,2021-02-09 00:20:23.857203,2021-02-09 00:20:24.557913,0 days 00:00:00.700710,0.0003193633045167399,11,0,0.9344817488879804,18,0.03137155011606796,FAIL
3755,3755,,2021-02-09 00:20:24.560394,2021-02-09 00:20:25.250577,0 days 00:00:00.690183,0.0005271952297481229,15,0,0.9351620850981288,18,0.03178836927267175,FAIL
3756,3756,,2021-02-09 00:20:25.252202,2021-02-09 00:20:25.949306,0 days 00:00:00.697104,0.0002018726364438179,15,0,0.9347176885032435,18,0.03192240370043877,FAIL
3757,3757,0.5594470046082949,2021-02-09 00:20:25.951801,2021-02-09 00:20:46.811890,0 days 00:00:20.860089,0.000328755934145978,15,4,0.9344574934416806,18,0.03070422965647499,COMPLETE
3758,3758,0.5634408602150538,2021-02-09 00:20:46.813957,2021-02-09 00:20:57.714090,0 days 00:00:10.900133,0.0006859345298823029,11,2,0.9359407438584905,20,0.034349665427069916,COMPLETE
3759,3759,0.49953917050691243,2021-02-09 00:20:57.716154,2021-02-09 00:21:13.273676,0 days 00:00:15.557522,0.011563272104939392,11,4,0.9426899473761727,16,0.026117582965883245,COMPLETE
3760,3760,,2021-02-09 00:21:13.275732,2021-02-09 00:21:13.993947,0 days 00:00:00.718215,1.3152087307700326e-05,9,0,0.9015431526569194,18,0.047662380998283814,FAIL
3761,3761,,2021-02-09 00:21:13.995367,2021-02-09 00:21:14.681601,0 days 00:00:00.686234,1.345882695458185e-05,9,0,0.9897001301812343,18,0.04671051248582946,FAIL
3762,3762,,2021-02-09 00:21:14.683070,2021-02-09 00:21:15.378038,0 days 00:00:00.694968,1.2860338709281234e-05,9,0,0.9288325571524871,18,0.04467646418685935,FAIL
3763,3763,0.4368663594470046,2021-02-09 00:21:15.379430,2021-02-09 00:21:25.921524,0 days 00:00:10.542094,0.00047767673395683813,11,2,0.9748428049021185,18,0.04460784484821219,COMPLETE
3764,3764,0.5738863287250384,2021-02-09 00:21:25.923616,2021-02-09 00:21:36.930628,0 days 00:00:11.007012,0.00021323910422854574,13,2,0.93192511830593,20,0.03588237804126824,COMPLETE
3765,3765,0.595084485407066,2021-02-09 00:21:36.932670,2021-02-09 00:21:52.667469,0 days 00:00:15.734799,1.3084890932306966e-05,9,4,0.9293890684788376,16,0.03942105603577507,COMPLETE
3766,3766,,2021-02-09 00:21:52.669526,2021-02-09 00:21:53.375736,0 days 00:00:00.706210,0.0001437138674134236,15,0,0.9013991351626826,18,0.03168920785372265,FAIL
3767,3767,,2021-02-09 00:21:53.378180,2021-02-09 00:21:54.084674,0 days 00:00:00.706494,0.00015076731269399735,15,0,0.9375379081604053,18,0.02309578248705682,FAIL
3768,3768,0.5293394777265745,2021-02-09 00:21:54.086106,2021-02-09 00:22:29.866394,0 days 00:00:35.780288,0.00011465679155534011,15,2,0.9889409647982367,18,0.02352878089243949,COMPLETE
3769,3769,,2021-02-09 00:22:29.868467,2021-02-09 00:22:30.568055,0 days 00:00:00.699588,0.00013928949245049354,9,0,0.9559996500801613,20,0.03203432024989141,FAIL
3770,3770,0.3757296466973886,2021-02-09 00:22:30.570429,2021-02-09 00:22:41.637507,0 days 00:00:11.067078,0.00014034611874241582,9,4,0.9548736219827713,20,0.028587970356564334,COMPLETE
3771,3771,0.5956989247311828,2021-02-09 00:22:41.639571,2021-02-09 00:22:52.331980,0 days 00:00:10.692409,0.0005396020069401252,11,2,0.9383918839559815,16,0.054869211710634795,COMPLETE
3772,3772,,2021-02-09 00:22:52.334047,2021-02-09 00:22:53.031606,0 days 00:00:00.697559,0.00016122182040674657,11,0,0.9017318437438611,18,0.032132607759312565,FAIL
3773,3773,,2021-02-09 00:22:53.034064,2021-02-09 00:22:53.756780,0 days 00:00:00.722716,0.00018895556872619505,11,0,0.9564278229879033,18,0.032335063268733893,FAIL
3774,3774,,2021-02-09 00:22:53.759264,2021-02-09 00:22:54.444857,0 days 00:00:00.685593,0.00013832244158475874,11,0,0.9568385577193285,18,0.032049334260014994,FAIL
3775,3775,0.4046082949308756,2021-02-09 00:22:54.446291,2021-02-09 00:23:17.161837,0 days 00:00:22.715546,0.00015119107988643594,11,10,0.979128008076509,18,0.04752649748973407,COMPLETE
3776,3776,,2021-02-09 00:23:17.163919,2021-02-09 00:23:17.870510,0 days 00:00:00.706591,2.6355570862715945e-05,9,0,0.9564421210840196,20,0.03280390043041717,FAIL
3777,3777,0.38678955453149,2021-02-09 00:23:17.872027,2021-02-09 00:23:28.540043,0 days 00:00:10.668016,2.485080315007171e-05,5,4,0.9015327891158483,20,0.03214522147967417,COMPLETE
3778,3778,,2021-02-09 00:23:28.542099,2021-02-09 00:23:29.228407,0 days 00:00:00.686308,0.0001817383769302343,11,0,0.957031698710258,16,0.06460038284459743,FAIL
3779,3779,0.4596006144393241,2021-02-09 00:23:29.230916,2021-02-09 00:23:45.351449,0 days 00:00:16.120533,0.00020003257205110863,11,2,0.956665630499594,16,0.06339944309326406,COMPLETE
3780,3780,0.3870967741935484,2021-02-09 00:23:45.353523,2021-02-09 00:24:01.412677,0 days 00:00:16.059154,9.849648129338503e-05,13,4,0.9336537797108085,18,0.04211238465635636,COMPLETE
3781,3781,,2021-02-09 00:24:01.414752,2021-02-09 00:24:02.115640,0 days 00:00:00.700888,1.676413722719167e-05,9,0,0.9368511345171756,20,0.07527045601132121,FAIL
3782,3782,,2021-02-09 00:24:02.118117,2021-02-09 00:24:02.806115,0 days 00:00:00.687998,1.779835283193073e-05,9,0,0.932299479585388,20,0.025540046325537785,FAIL
3783,3783,0.3978494623655914,2021-02-09 00:24:02.807558,2021-02-09 00:24:13.800385,0 days 00:00:10.992827,1.577405567004878e-05,9,2,0.9354557735340276,20,0.02560433565644081,COMPLETE
3784,3784,0.469431643625192,2021-02-09 00:24:13.802445,2021-02-09 00:24:39.675544,0 days 00:00:25.873099,3.447885351441704e-05,15,4,0.9321556214452182,16,0.03634158461164574,COMPLETE
3785,3785,0.6098310291858678,2021-02-09 00:24:39.677596,2021-02-09 00:24:50.645330,0 days 00:00:10.967734,0.00023809725556870394,11,2,0.9569347820185361,20,0.03269017597988326,COMPLETE
3786,3786,0.6033794162826421,2021-02-09 00:24:50.647438,2021-02-09 00:25:01.431072,0 days 00:00:10.783634,0.00017203579169051297,9,2,0.9373933622034952,16,0.040119356288488506,COMPLETE
3787,3787,,2021-02-09 00:25:01.433151,2021-02-09 00:25:02.133028,0 days 00:00:00.699877,0.00012405566983015993,13,0,0.972382683250698,20,0.029161261783668065,FAIL
3788,3788,,2021-02-09 00:25:02.134406,2021-02-09 00:25:02.817239,0 days 00:00:00.682833,7.532732957808079e-05,13,0,0.9729017490116697,20,0.029306101866067916,FAIL
3789,3789,0.43533026113671275,2021-02-09 00:25:02.818673,2021-02-09 00:25:20.154221,0 days 00:00:17.335548,0.0001258951027675118,13,10,0.9292415931204683,20,0.01003717940323559,COMPLETE
3790,3790,0.5053763440860215,2021-02-09 00:25:20.156305,2021-02-09 00:25:30.867808,0 days 00:00:10.711503,0.0006857302383582276,15,2,0.9264772513664622,18,0.02880813049945656,COMPLETE
3791,3791,0.3705069124423963,2021-02-09 00:25:30.869863,2021-02-09 00:25:41.880575,0 days 00:00:11.010712,7.08464008111871e-05,11,4,0.9537479654975414,20,0.07300843943335045,COMPLETE
3792,3792,,2021-02-09 00:25:41.882640,2021-02-09 00:25:42.582440,0 days 00:00:00.699800,0.0003850681988865611,11,0,0.9339099593475835,16,0.055682606869904505,FAIL
3793,3793,,2021-02-09 00:25:42.584226,2021-02-09 00:25:43.268759,0 days 00:00:00.684533,0.0003518446348548106,11,0,0.9828747111020637,16,0.05868560369324902,FAIL
3794,3794,0.4,2021-02-09 00:25:43.271250,2021-02-09 00:25:59.612129,0 days 00:00:16.340879,0.00013370698297121152,11,6,0.9036195386047704,16,0.05165431632397363,COMPLETE
3795,3795,,2021-02-09 00:25:59.614208,2021-02-09 00:26:00.319175,0 days 00:00:00.704967,1.1825852051133619e-05,9,0,0.933467973795617,18,0.05973996728143908,FAIL
3796,3796,,2021-02-09 00:26:00.321584,2021-02-09 00:26:01.024669,0 days 00:00:00.703085,0.0003714465802735505,9,0,0.9727670816491121,18,0.04397847303651854,FAIL
3797,3797,0.5299539170506913,2021-02-09 00:26:01.026182,2021-02-09 00:26:12.006668,0 days 00:00:10.980486,1.8379074009790292e-05,9,4,0.9101068900084817,18,0.05940504421553349,COMPLETE
3798,3798,,2021-02-09 00:26:12.008747,2021-02-09 00:26:12.736462,0 days 00:00:00.727715,8.960549184365067e-05,11,0,0.9722618714895639,20,0.043077991165461696,FAIL
3799,3799,,2021-02-09 00:26:12.738928,2021-02-09 00:26:13.457025,0 days 00:00:00.718097,0.0003658926153106802,11,0,0.9827838345031435,20,0.030834873167285826,FAIL
3800,3800,0.3726574500768049,2021-02-09 00:26:13.459524,2021-02-09 00:26:24.360650,0 days 00:00:10.901126,0.00035546281954353185,11,2,0.9211290582611195,20,0.04507459495528729,COMPLETE
3801,3801,0.45314900153609833,2021-02-09 00:26:24.362719,2021-02-09 00:26:35.895314,0 days 00:00:11.532595,8.285122802611143e-05,15,10,0.9845297122818631,16,0.03759981963892798,COMPLETE
3802,3802,,2021-02-09 00:26:35.897391,2021-02-09 00:26:36.613634,0 days 00:00:00.716243,1.2444984702052043e-05,11,0,0.9326198005897481,18,0.030421757344549705,FAIL
3803,3803,,2021-02-09 00:26:36.616322,2021-02-09 00:26:37.300232,0 days 00:00:00.683910,1.1673313387474682e-05,11,0,0.9402330941037252,18,0.030759121142121922,FAIL
3804,3804,0.5407066052227343,2021-02-09 00:26:37.302715,2021-02-09 00:27:18.558002,0 days 00:00:41.255287,0.004601593168805416,11,6,0.9336219021443505,18,0.033808701198903765,COMPLETE
3805,3805,0.5127496159754225,2021-02-09 00:27:18.560103,2021-02-09 00:27:29.205205,0 days 00:00:10.645102,1.2051555280871284e-05,13,4,0.9575663833111344,20,0.030867373238215878,COMPLETE
3806,3806,,2021-02-09 00:27:29.207316,2021-02-09 00:27:29.927600,0 days 00:00:00.720284,0.0001100780468315893,9,0,0.982459641388385,18,0.02435790000008337,FAIL
3807,3807,,2021-02-09 00:27:29.930012,2021-02-09 00:27:30.631584,0 days 00:00:00.701572,0.0001045989076850404,9,0,0.9708869443331091,18,0.02764325431261075,FAIL
3808,3808,0.4783410138248848,2021-02-09 00:27:30.634243,2021-02-09 00:27:41.053210,0 days 00:00:10.418967,0.00011419455868373889,9,2,0.9400569228469239,18,0.024667110669263425,COMPLETE
3809,3809,0.5649769585253456,2021-02-09 00:27:41.055286,2021-02-09 00:28:02.149753,0 days 00:00:21.094467,0.008998425683019002,11,4,0.9826616973766106,16,0.02676698498067248,COMPLETE
3810,3810,,2021-02-09 00:28:02.151808,2021-02-09 00:28:02.849673,0 days 00:00:00.697865,0.00018231537538140769,11,0,0.9000198654871301,20,0.04872599456625537,FAIL
3811,3811,0.4058371735791091,2021-02-09 00:28:02.852169,2021-02-09 00:28:13.766217,0 days 00:00:10.914048,0.0005694730268910491,19,2,0.9734464216874944,20,0.04289921167812937,COMPLETE
3812,3812,,2021-02-09 00:28:13.768311,2021-02-09 00:28:14.470369,0 days 00:00:00.702058,0.0001635873096704606,11,0,0.954622045951853,16,0.06562514724330247,FAIL
3813,3813,0.6181259600614439,2021-02-09 00:28:14.472930,2021-02-09 00:28:25.416485,0 days 00:00:10.943555,0.0002638087784375567,11,6,0.9710744181907262,16,0.06556642833169245,COMPLETE
3814,3814,0.4076804915514593,2021-02-09 00:28:25.418594,2021-02-09 00:28:36.306524,0 days 00:00:10.887930,0.0004023335275415735,5,2,0.9866719670632926,20,0.035764247194395755,COMPLETE
3815,3815,0.6018433179723502,2021-02-09 00:28:36.308630,2021-02-09 00:28:51.946179,0 days 00:00:15.637549,0.00018220510181131104,9,4,0.955860702951594,18,0.05581563537001535,COMPLETE
3816,3816,,2021-02-09 00:28:51.948279,2021-02-09 00:28:52.654156,0 days 00:00:00.705877,0.00015461479587463745,15,0,0.9322435615276415,20,0.07726848201264327,FAIL
3817,3817,0.4626728110599078,2021-02-09 00:28:52.656011,2021-02-09 00:29:03.845942,0 days 00:00:11.189931,0.00081202454651332,15,6,0.9360535249853957,20,0.048273547552423,COMPLETE
3818,3818,,2021-02-09 00:29:03.848023,2021-02-09 00:29:04.544605,0 days 00:00:00.696582,0.00015553774828777435,11,0,0.9001040502781416,16,0.04040617585993212,FAIL
3819,3819,0.6261136712749616,2021-02-09 00:29:04.547111,2021-02-09 00:29:15.623598,0 days 00:00:11.076487,0.00015185850242950655,11,2,0.9014580258927941,16,0.022624162179544237,COMPLETE
3820,3820,0.44915514592933947,2021-02-09 00:29:15.625679,2021-02-09 00:29:26.572022,0 days 00:00:10.946343,0.00016146674799798303,11,2,0.9000585483750229,16,0.07808405611138856,COMPLETE
3821,3821,,2021-02-09 00:29:26.574113,2021-02-09 00:29:27.285325,0 days 00:00:00.711212,0.00013937673747617242,11,0,0.9022773402861768,18,0.03847875135531525,FAIL
3822,3822,0.6043010752688172,2021-02-09 00:29:27.287864,2021-02-09 00:29:38.196629,0 days 00:00:10.908765,0.00014907007104206864,11,2,0.9304109168906955,18,0.02344540322950488,COMPLETE
3823,3823,0.4153609831029186,2021-02-09 00:29:38.198729,2021-02-09 00:29:49.111997,0 days 00:00:10.913268,9.894949185512704e-05,11,2,0.9015379678781569,20,0.03896851321038998,COMPLETE
3824,3824,,2021-02-09 00:29:49.114062,2021-02-09 00:29:49.951969,0 days 00:00:00.837907,0.00020672973600028405,11,0,0.9026820122427982,16,0.023230774315065334,FAIL
3825,3825,0.41321044546851,2021-02-09 00:29:49.954522,2021-02-09 00:30:01.054531,0 days 00:00:11.100009,0.0002183427505942868,11,4,0.9050297396436208,16,0.021077535993802816,COMPLETE
3826,3826,0.5720430107526882,2021-02-09 00:30:01.056631,2021-02-09 00:30:12.088031,0 days 00:00:11.031400,0.00018195950541196297,11,6,0.9000966134503192,16,0.022085200560900832,COMPLETE
3827,3827,,2021-02-09 00:30:12.090116,2021-02-09 00:30:12.780011,0 days 00:00:00.689895,0.00029354182351841674,11,0,0.9027178638610418,16,0.020055487683669937,FAIL
3828,3828,0.3781874039938556,2021-02-09 00:30:12.781368,2021-02-09 00:30:29.489036,0 days 00:00:16.707668,0.0002037905869525538,11,10,0.9043696611873108,16,0.0233920668547808,COMPLETE
