,number,value,datetime_start,datetime_complete,duration,params_lr,params_nl2,params_num_ct,params_scheduler_gamma,params_sigma2,params_weight_decay,state
4076,4076,0.5975422427035331,2021-02-09 01:13:36.628233,2021-02-09 01:14:02.748987,0 days 00:00:26.120754,0.0009906265639185563,11,6,0.9028181700734175,20,0.023953023519133185,COMPLETE
4077,4077,0.42242703533026116,2021-02-09 01:14:02.751186,2021-02-09 01:14:18.395438,0 days 00:00:15.644252,0.000783868291550057,19,6,0.9108459198493853,16,0.026814206172956708,COMPLETE
4078,4078,,2021-02-09 01:14:18.397596,2021-02-09 01:14:19.233101,0 days 00:00:00.835505,0.0005716976721340849,15,0,0.9083143716647332,20,0.011159526739650429,FAIL
4079,4079,0.49370199692780337,2021-02-09 01:14:19.235730,2021-02-09 01:14:30.098263,0 days 00:00:10.862533,0.00056055459732177,15,6,0.9027022556239592,20,0.19446645884778743,COMPLETE
4080,4080,0.43102918586789557,2021-02-09 01:14:30.100468,2021-02-09 01:14:41.235311,0 days 00:00:11.134843,1.0014514489927147e-05,7,6,0.9069849771502836,16,0.39859183920614005,COMPLETE
4081,4081,0.6227342549923195,2021-02-09 01:14:41.237526,2021-02-09 01:14:57.398840,0 days 00:00:16.161314,0.0006671308546938978,11,6,0.9001156721465203,18,0.030351535856285725,COMPLETE
4082,4082,0.42857142857142855,2021-02-09 01:14:57.401042,2021-02-09 01:15:23.527137,0 days 00:00:26.126095,0.000883898019786305,11,6,0.9016778386066071,20,0.024703418255230397,COMPLETE
4083,4083,0.5508448540706605,2021-02-09 01:15:23.529322,2021-02-09 01:15:49.853317,0 days 00:00:26.323995,0.0006554103295005941,11,6,0.9012438311116643,16,0.030199419893527472,COMPLETE
4084,4084,0.3824884792626728,2021-02-09 01:15:49.855525,2021-02-09 01:16:01.166779,0 days 00:00:11.311254,0.0015129548506017582,15,8,0.9530266483006097,18,0.060740622383191556,COMPLETE
4085,4085,,2021-02-09 01:16:01.168984,2021-02-09 01:16:01.875487,0 days 00:00:00.706503,0.004831764325596795,7,0,0.9084151900778087,20,0.022201419117598837,FAIL
4086,4086,0.5615975422427035,2021-02-09 01:16:01.878124,2021-02-09 01:16:13.354563,0 days 00:00:11.476439,0.0011056187356179646,7,6,0.9386968307186742,20,0.02152786215204398,COMPLETE
4087,4087,,2021-02-09 01:16:13.356751,2021-02-09 01:16:14.057971,0 days 00:00:00.701220,0.0004181622358643256,15,0,0.9352458392472741,16,0.010295724314757823,FAIL
4088,4088,0.40522273425499233,2021-02-09 01:16:14.059601,2021-02-09 01:16:25.383471,0 days 00:00:11.323870,0.0049874732413933386,15,8,0.9352226338555424,16,0.010038497577858336,COMPLETE
4089,4089,0.44946236559139785,2021-02-09 01:16:25.385652,2021-02-09 01:16:41.621616,0 days 00:00:16.235964,0.0006493213381128866,11,6,0.9047298127566773,18,0.02855577828069125,COMPLETE
4090,4090,0.37542242703533024,2021-02-09 01:16:41.623836,2021-02-09 01:17:08.072868,0 days 00:00:26.449032,0.000697538174105698,11,6,0.9003013833155917,20,0.03107416656418084,COMPLETE
4091,4091,0.38033794162826423,2021-02-09 01:17:08.075084,2021-02-09 01:17:19.265287,0 days 00:00:11.190203,0.0005288554731724507,11,6,0.9000305759024441,16,0.031734524497839825,COMPLETE
4092,4092,,2021-02-09 01:17:19.267494,2021-02-09 01:17:19.972428,0 days 00:00:00.704934,0.0008388339039490374,11,0,0.9033462869573174,20,0.027885103729318045,FAIL
4093,4093,,2021-02-09 01:17:19.975076,2021-02-09 01:17:20.742710,0 days 00:00:00.767634,0.0008095017335669864,11,0,0.9013027812153902,20,0.027862015433318857,FAIL
4094,4094,0.4380952380952381,2021-02-09 01:17:20.744284,2021-02-09 01:17:31.644940,0 days 00:00:10.900656,0.000780996961769571,11,2,0.9001314431405231,20,0.02820052530518518,COMPLETE
4095,4095,,2021-02-09 01:17:31.647153,2021-02-09 01:17:32.356124,0 days 00:00:00.708971,0.0005392622272906987,11,0,0.9033058332358658,14,0.027238737251596697,FAIL
4096,4096,0.5757296466973887,2021-02-09 01:17:32.357752,2021-02-09 01:18:03.274149,0 days 00:00:30.916397,0.00040399615173469886,11,2,0.9031619943549086,18,0.0300667931187448,COMPLETE
4097,4097,,2021-02-09 01:18:03.276363,2021-02-09 01:18:04.001809,0 days 00:00:00.725446,0.000592087556951911,11,0,0.9015156789689336,14,0.026866207055965027,FAIL
4098,4098,,2021-02-09 01:18:04.004508,2021-02-09 01:18:04.711358,0 days 00:00:00.706850,0.0005974096554527072,11,0,0.9034532437875793,14,0.025844758269007916,FAIL
4099,4099,,2021-02-09 01:18:04.714036,2021-02-09 01:18:05.474877,0 days 00:00:00.760841,0.0005666686924724843,11,0,0.9091332649367819,16,0.09476301745316154,FAIL
4100,4100,0.6156682027649769,2021-02-09 01:18:05.477417,2021-02-09 01:18:16.461282,0 days 00:00:10.983865,0.0006283886925381393,11,8,0.903627935143376,16,0.027327092801752356,COMPLETE
4101,4101,,2021-02-09 01:18:16.463494,2021-02-09 01:18:17.193883,0 days 00:00:00.730389,0.0004837154409952197,11,0,0.9016950334471779,14,0.03297941808312884,FAIL
4102,4102,0.42242703533026116,2021-02-09 01:18:17.196578,2021-02-09 01:18:28.631320,0 days 00:00:11.434742,0.0008681654702084869,11,6,0.9015142817812996,14,0.03369379550019782,COMPLETE
4103,4103,,2021-02-09 01:18:28.633544,2021-02-09 01:18:29.341903,0 days 00:00:00.708359,0.0005896468787414338,11,0,0.9063199272594641,20,0.02603235237233562,FAIL
4104,4104,,2021-02-09 01:18:29.343494,2021-02-09 01:18:30.040363,0 days 00:00:00.696869,0.0007445068365669199,11,0,0.909161095804796,20,0.02554258004614429,FAIL
4105,4105,,2021-02-09 01:18:30.042023,2021-02-09 01:18:30.746650,0 days 00:00:00.704627,0.0007572468427353991,11,0,0.9059781596940081,20,0.025492724690118446,FAIL
4106,4106,0.5376344086021505,2021-02-09 01:18:30.749369,2021-02-09 01:18:41.604965,0 days 00:00:10.855596,0.0006113477503983285,11,6,0.9082563390070735,20,0.032298618720241014,COMPLETE
4107,4107,0.41044546850998465,2021-02-09 01:18:41.607183,2021-02-09 01:18:52.735427,0 days 00:00:11.128244,0.0005517511617350168,11,2,0.9013871797696181,16,0.025626305694311388,COMPLETE
4108,4108,,2021-02-09 01:18:52.737664,2021-02-09 01:18:53.445705,0 days 00:00:00.708041,0.00034536268493407044,15,0,0.9547258597929746,20,0.012138874039294421,FAIL
4109,4109,0.5428571428571428,2021-02-09 01:18:53.447349,2021-02-09 01:19:04.665301,0 days 00:00:11.217952,0.0027784681734831164,15,8,0.957047403396469,20,0.019250812426885044,COMPLETE
4110,4110,0.6095238095238096,2021-02-09 01:19:04.667533,2021-02-09 01:19:21.074557,0 days 00:00:16.407024,0.00048657938312211206,11,6,0.9049957050708526,16,0.028673708445622136,COMPLETE
4111,4111,,2021-02-09 01:19:21.076786,2021-02-09 01:19:21.796314,0 days 00:00:00.719528,0.0012520966056300106,7,0,0.9447371570105199,18,0.011000456201296444,FAIL
4112,4112,,2021-02-09 01:19:21.799018,2021-02-09 01:19:22.555310,0 days 00:00:00.756292,0.001981361111079094,7,0,0.9471073722846876,18,0.011024667278912522,FAIL
4113,4113,,2021-02-09 01:19:22.556880,2021-02-09 01:19:23.235817,0 days 00:00:00.678937,0.0018003190359648332,7,0,0.9439224797228576,18,0.0723771958953874,FAIL
4114,4114,,2021-02-09 01:19:23.237272,2021-02-09 01:19:24.071695,0 days 00:00:00.834423,1.2563685571531265e-05,15,0,0.9495191414486324,18,0.011028821928588105,FAIL
4115,4115,,2021-02-09 01:19:24.073235,2021-02-09 01:19:24.755184,0 days 00:00:00.681949,1.1781969164086308e-05,7,0,0.9856338569963646,18,0.0885208762125396,FAIL
4116,4116,,2021-02-09 01:19:24.756673,2021-02-09 01:19:25.450997,0 days 00:00:00.694324,1.2067474199406648e-05,7,0,0.9417862480009508,18,0.01076374128974952,FAIL
4117,4117,0.38771121351766513,2021-02-09 01:19:25.453735,2021-02-09 01:19:46.285400,0 days 00:00:20.831665,0.0013415960962410577,7,2,0.942163088454845,18,0.07061166232027073,COMPLETE
4118,4118,,2021-02-09 01:19:46.287654,2021-02-09 01:19:47.005727,0 days 00:00:00.718073,0.00032910955633116637,15,0,0.9547964846565822,20,0.011087256491357821,FAIL
4119,4119,0.6052227342549923,2021-02-09 01:19:47.007241,2021-02-09 01:19:57.856301,0 days 00:00:10.849060,0.0018734690048660537,15,2,0.9556447264747797,20,0.055308468142930355,COMPLETE
4120,4120,0.4359447004608295,2021-02-09 01:19:57.858537,2021-02-09 01:20:08.894651,0 days 00:00:11.036114,0.000758712579179901,11,8,0.934544600670577,16,0.32869414763765675,COMPLETE
4121,4121,0.6098310291858678,2021-02-09 01:20:08.896890,2021-02-09 01:20:19.766397,0 days 00:00:10.869507,0.00031798941135571107,7,6,0.9523564953538254,20,0.01087064880849405,COMPLETE
4122,4122,0.3695852534562212,2021-02-09 01:20:19.768609,2021-02-09 01:20:35.342514,0 days 00:00:15.573905,1.2747948179997234e-05,5,2,0.9443119691518698,16,0.012460579642346339,COMPLETE
4123,4123,,2021-02-09 01:20:35.344746,2021-02-09 01:20:36.050416,0 days 00:00:00.705670,0.0010876483895974373,11,0,0.98549965830323,18,0.03484661164198982,FAIL
4124,4124,,2021-02-09 01:20:36.052172,2021-02-09 01:20:36.910549,0 days 00:00:00.858377,0.0008603802260926755,11,0,0.9064837971406985,18,0.0343892595923582,FAIL
4125,4125,0.4645161290322581,2021-02-09 01:20:36.912207,2021-02-09 01:20:48.088376,0 days 00:00:11.176169,0.0008867264740308827,11,6,0.9856948172204649,18,0.03412883203824876,COMPLETE
4126,4126,,2021-02-09 01:20:48.090634,2021-02-09 01:20:48.817093,0 days 00:00:00.726459,0.00040123100438481455,11,0,0.9035819411493802,20,0.09372118563782111,FAIL
4127,4127,,2021-02-09 01:20:48.819782,2021-02-09 01:20:49.538941,0 days 00:00:00.719159,0.0009541937432432752,11,0,0.9066070861342431,20,0.03102752448901958,FAIL
4128,4128,0.4012288786482335,2021-02-09 01:20:49.540596,2021-02-09 01:21:00.526242,0 days 00:00:10.985646,0.0004241431350732973,11,2,0.9030274110468516,20,0.026354478245993677,COMPLETE
4129,4129,0.4774193548387097,2021-02-09 01:21:00.528470,2021-02-09 01:21:11.921789,0 days 00:00:11.393319,0.0009546875230369005,11,6,0.9063978748367054,16,0.030794712368028217,COMPLETE
4130,4130,,2021-02-09 01:21:11.924016,2021-02-09 01:21:12.642632,0 days 00:00:00.718616,0.00021062994280933423,15,0,0.9490667381766216,20,0.02279160017493777,FAIL
4131,4131,0.4012288786482335,2021-02-09 01:21:12.644100,2021-02-09 01:21:23.829289,0 days 00:00:11.185189,0.00019370007643798625,15,8,0.9362884659024744,20,0.02315120375044984,COMPLETE
4132,4132,0.5367127496159754,2021-02-09 01:21:23.831515,2021-02-09 01:21:34.458070,0 days 00:00:10.626555,1.1498508265564846e-05,15,2,0.9881305970873961,14,0.06385247420033913,COMPLETE
4133,4133,,2021-02-09 01:21:34.460298,2021-02-09 01:21:35.185119,0 days 00:00:00.724821,0.0007124186425569026,11,0,0.9002538865147726,18,0.03678470032061161,FAIL
4134,4134,0.3741935483870968,2021-02-09 01:21:35.186693,2021-02-09 01:21:46.370369,0 days 00:00:11.183676,0.0007039928672988001,11,6,0.9093170076014856,18,0.03597610820115789,COMPLETE
4135,4135,,2021-02-09 01:21:46.372605,2021-02-09 01:21:47.085127,0 days 00:00:00.712522,0.0010523867761214412,11,0,0.900305624038703,16,0.030145873035897237,FAIL
4136,4136,,2021-02-09 01:21:47.087733,2021-02-09 01:21:47.792917,0 days 00:00:00.705184,0.0005156563969189298,11,0,0.9334170532332129,16,0.0895642553322801,FAIL
4137,4137,,2021-02-09 01:21:47.794545,2021-02-09 01:21:48.489245,0 days 00:00:00.694700,0.0005202000107091657,11,0,0.9003266948349324,16,0.031851570001186685,FAIL
4138,4138,0.5665130568356375,2021-02-09 01:21:48.490775,2021-02-09 01:22:04.395799,0 days 00:00:15.905024,0.00034911224563300493,11,6,0.9004524916918895,16,0.02940362186375926,COMPLETE
4139,4139,0.5646697388632872,2021-02-09 01:22:04.398018,2021-02-09 01:22:20.962502,0 days 00:00:16.564484,1.427979800692605e-05,7,8,0.9551537164606367,20,0.015071415887193256,COMPLETE
4140,4140,0.3923195084485407,2021-02-09 01:22:20.964719,2021-02-09 01:22:31.742581,0 days 00:00:10.777862,0.00109279458198466,11,2,0.9376325194349582,18,0.0325237929262328,COMPLETE
4141,4141,,2021-02-09 01:22:31.744813,2021-02-09 01:22:32.448543,0 days 00:00:00.703730,0.01850251425778155,15,0,0.9328427502648446,20,0.02087981983041313,FAIL
4142,4142,,2021-02-09 01:22:32.450122,2021-02-09 01:22:33.134393,0 days 00:00:00.684271,0.0002741254179605522,15,0,0.9334127615205716,20,0.03796852696406438,FAIL
4143,4143,,2021-02-09 01:22:33.137083,2021-02-09 01:22:33.849024,0 days 00:00:00.711941,0.00026195646258183285,15,0,0.933214620793803,20,0.051577943168384766,FAIL
4144,4144,,2021-02-09 01:22:33.850585,2021-02-09 01:22:34.555394,0 days 00:00:00.704809,0.00021468917441535586,15,0,0.9491169650875749,20,0.02137897727131394,FAIL
4145,4145,,2021-02-09 01:22:34.557994,2021-02-09 01:22:35.280215,0 days 00:00:00.722221,0.00017264369463191684,15,0,0.9488508654843829,20,0.01678454112985312,FAIL
4146,4146,0.49554531490015363,2021-02-09 01:22:35.282859,2021-02-09 01:22:50.916808,0 days 00:00:15.633949,0.0002237518624845298,15,2,0.9829053308313604,20,0.02109951170339945,COMPLETE
4147,4147,0.6138248847926268,2021-02-09 01:22:50.919059,2021-02-09 01:23:02.306262,0 days 00:00:11.387203,0.0001638957185423132,19,8,0.9500567687601575,12,0.016193568601774087,COMPLETE
4148,4148,0.5019969278033795,2021-02-09 01:23:02.308484,2021-02-09 01:23:13.241983,0 days 00:00:10.933499,0.0059755222389004095,11,6,0.9001244336746557,16,0.036979578363743056,COMPLETE
4149,4149,0.42427035330261137,2021-02-09 01:23:13.244226,2021-02-09 01:23:29.375183,0 days 00:00:16.130957,0.0002713073371633308,9,2,0.9578060574925983,16,0.08381519831923881,COMPLETE
4150,4150,,2021-02-09 01:23:29.377393,2021-02-09 01:23:30.066681,0 days 00:00:00.689288,0.0005080788340191937,11,0,0.912741307984855,20,0.09381089276722118,FAIL
4151,4151,,2021-02-09 01:23:30.069360,2021-02-09 01:23:30.953650,0 days 00:00:00.884290,0.0005541124715934491,11,0,0.9334710286702248,20,0.02628691908580965,FAIL
4152,4152,0.605837173579109,2021-02-09 01:23:30.955193,2021-02-09 01:23:52.178376,0 days 00:00:21.223183,0.0006157452959938828,11,6,0.9329194276585157,20,0.09139097770647464,COMPLETE
4153,4153,0.5293394777265745,2021-02-09 01:23:52.180595,2021-02-09 01:24:02.707668,0 days 00:00:10.527073,0.0024580413545788,7,2,0.9131756039417052,18,0.11771462267394957,COMPLETE
4154,4154,,2021-02-09 01:24:02.709901,2021-02-09 01:24:03.413961,0 days 00:00:00.704060,0.003214545712735055,15,0,0.9549374600162742,20,0.05290170224336717,FAIL
4155,4155,0.5443932411674347,2021-02-09 01:24:03.416595,2021-02-09 01:24:14.306673,0 days 00:00:10.890078,0.0001722435228471354,15,6,0.9401844904158002,20,0.02342146328175592,COMPLETE
4156,4156,0.5333333333333333,2021-02-09 01:24:14.308880,2021-02-09 01:24:25.303394,0 days 00:00:10.994514,0.000541702164237541,11,2,0.9028872023208974,16,0.025863861923989824,COMPLETE
4157,4157,,2021-02-09 01:24:25.305611,2021-02-09 01:24:26.023730,0 days 00:00:00.718119,0.0009388359308223509,11,0,0.9471594953152973,18,0.030603999476041657,FAIL
4158,4158,0.6211981566820276,2021-02-09 01:24:26.026395,2021-02-09 01:24:41.847904,0 days 00:00:15.821509,0.000804089503862184,11,6,0.9049103111239933,18,0.03502205495228596,COMPLETE
4159,4159,,2021-02-09 01:24:41.850132,2021-02-09 01:24:42.544976,0 days 00:00:00.694844,0.0004820228851724344,11,0,0.9334035539906378,16,0.03154996617412348,FAIL
4160,4160,0.5056835637480799,2021-02-09 01:24:42.547708,2021-02-09 01:25:19.403081,0 days 00:00:36.855373,0.0004889314706786222,11,8,0.9000521807518599,16,0.03175940147362419,COMPLETE
4161,4161,0.4270353302611367,2021-02-09 01:25:19.405319,2021-02-09 01:25:30.605744,0 days 00:00:11.200425,0.0007040285055047058,11,6,0.946916218854274,20,0.02767806674797657,COMPLETE
4162,4162,,2021-02-09 01:25:30.607972,2021-02-09 01:25:31.314751,0 days 00:00:00.706779,0.0011492341412137302,11,0,0.9345136888594017,18,0.075844836425304,FAIL
4163,4163,0.511520737327189,2021-02-09 01:25:31.316375,2021-02-09 01:25:41.957111,0 days 00:00:10.640736,0.001093489826692077,11,2,0.9343422432128797,18,0.03062882099835341,COMPLETE
4164,4164,0.5729646697388633,2021-02-09 01:25:41.959371,2021-02-09 01:25:53.161629,0 days 00:00:11.202258,0.0014051520870601445,5,8,0.9539301343207396,16,0.05362326891030643,COMPLETE
4165,4165,0.5901689708141321,2021-02-09 01:25:53.163867,2021-02-09 01:26:04.038694,0 days 00:00:10.874827,0.000388745866492589,11,4,0.9024501956226065,20,0.038778471794781125,COMPLETE
4166,4166,0.5121351766513057,2021-02-09 01:26:04.040931,2021-02-09 01:26:15.246530,0 days 00:00:11.205599,1.0156147756345354e-05,15,6,0.9603015948968022,20,0.04492300349372822,COMPLETE
4167,4167,0.580952380952381,2021-02-09 01:26:15.248762,2021-02-09 01:26:31.092185,0 days 00:00:15.843423,0.0009387603405964806,11,2,0.93191828444434,18,0.034717810368091656,COMPLETE
4168,4168,,2021-02-09 01:26:31.094395,2021-02-09 01:26:31.823975,0 days 00:00:00.729580,0.0005912241210498165,11,0,0.9039478780920213,16,0.028976683811921013,FAIL
4169,4169,0.49585253456221196,2021-02-09 01:26:31.826643,2021-02-09 01:26:42.916434,0 days 00:00:11.089791,0.0007321952829572747,11,4,0.9066949534042443,16,0.028827215731543298,COMPLETE
4170,4170,,2021-02-09 01:26:42.918670,2021-02-09 01:26:43.633857,0 days 00:00:00.715187,0.0002008981987414928,7,0,0.9524101001392234,20,0.06819749157203453,FAIL
4171,4171,,2021-02-09 01:26:43.635449,2021-02-09 01:26:44.333256,0 days 00:00:00.697807,0.00020633312820720964,7,0,0.9512381606949074,20,0.07500805880072403,FAIL
4172,4172,,2021-02-09 01:26:44.335984,2021-02-09 01:26:45.029606,0 days 00:00:00.693622,0.00014532282705017179,7,0,0.9525952711302829,20,0.07672513691911026,FAIL
4173,4173,,2021-02-09 01:26:45.032234,2021-02-09 01:26:45.730832,0 days 00:00:00.698598,0.0001522382853348518,7,0,0.9491775898015901,20,0.07673800023832278,FAIL
4174,4174,,2021-02-09 01:26:45.733563,2021-02-09 01:26:46.473735,0 days 00:00:00.740172,0.003302321714081591,7,0,0.9515925476826746,20,0.011823395638763909,FAIL
4175,4175,0.48325652841781874,2021-02-09 01:26:46.475341,2021-02-09 01:26:57.493112,0 days 00:00:11.017771,0.0002081429648274629,7,6,0.9483587873787661,20,0.07335268419657225,COMPLETE
4176,4176,0.4202764976958525,2021-02-09 01:26:57.495353,2021-02-09 01:27:08.362163,0 days 00:00:10.866810,0.003415049089445363,11,2,0.9040888498516304,16,0.03850229147652355,COMPLETE
4177,4177,0.5235023041474655,2021-02-09 01:27:08.364409,2021-02-09 01:27:19.970261,0 days 00:00:11.605852,0.004156815181605839,9,8,0.9522816554892739,14,0.011796221357732485,COMPLETE
4178,4178,0.5161290322580645,2021-02-09 01:27:19.972495,2021-02-09 01:27:30.941082,0 days 00:00:10.968587,0.0005430157883027949,11,4,0.9360194077939191,18,0.024397689115115084,COMPLETE
4179,4179,0.38924731182795697,2021-02-09 01:27:30.943335,2021-02-09 01:27:51.549221,0 days 00:00:20.605886,0.00014022447871621165,11,2,0.9016174573257183,20,0.03257058378778972,COMPLETE
4180,4180,0.4666666666666667,2021-02-09 01:27:51.551468,2021-02-09 01:28:27.601915,0 days 00:00:36.050447,0.0008278235048233226,11,6,0.9341626246155507,16,0.026831110542314282,COMPLETE
4181,4181,0.5201228878648233,2021-02-09 01:28:27.604153,2021-02-09 01:28:43.639395,0 days 00:00:16.035242,0.0004754815409210836,11,6,0.9000359435196758,16,0.0613731262289017,COMPLETE
4182,4182,,2021-02-09 01:28:43.641624,2021-02-09 01:28:44.362120,0 days 00:00:00.720496,0.0009879096997978253,15,0,0.9382083035425282,20,0.03652747649041882,FAIL
4183,4183,0.5118279569892473,2021-02-09 01:28:44.364803,2021-02-09 01:28:54.928335,0 days 00:00:10.563532,0.0001623285800753115,15,4,0.9324568235486119,20,0.04943524938644163,COMPLETE
4184,4184,0.5391705069124424,2021-02-09 01:28:54.930590,2021-02-09 01:29:05.959283,0 days 00:00:11.028693,0.0012590162672122553,11,2,0.9051252262758341,18,0.0366937086865207,COMPLETE
4185,4185,0.4789554531490015,2021-02-09 01:29:05.961539,2021-02-09 01:29:17.264992,0 days 00:00:11.303453,0.0002743383886063602,15,8,0.9303019943556919,20,0.030484803033880983,COMPLETE
4186,4186,0.556989247311828,2021-02-09 01:29:17.267248,2021-02-09 01:30:54.685397,0 days 00:01:37.418149,0.0006272984589023599,11,6,0.9375126889063774,16,0.041506456854733406,COMPLETE
4187,4187,,2021-02-09 01:30:54.687662,2021-02-09 01:30:55.399593,0 days 00:00:00.711931,0.0001297952658258646,11,0,0.9033427848013961,16,0.03299500228118487,FAIL
4188,4188,0.6359447004608295,2021-02-09 01:30:55.402311,2021-02-09 01:31:06.443796,0 days 00:00:11.041485,0.00012046777220310393,11,2,0.901373648283084,16,0.03408376638789057,COMPLETE
4189,4189,,2021-02-09 01:31:06.446053,2021-02-09 01:31:07.149999,0 days 00:00:00.703946,0.0001084602937382614,9,0,0.9031544013505647,16,0.03555709709725867,FAIL
4190,4190,,2021-02-09 01:31:07.151604,2021-02-09 01:31:07.831357,0 days 00:00:00.679753,0.00012228120092596455,9,0,0.9058267047123663,16,0.035667404641929364,FAIL
4191,4191,,2021-02-09 01:31:07.832960,2021-02-09 01:31:08.525867,0 days 00:00:00.692907,0.00012352916886975533,9,0,0.9030705506630468,16,0.035327532489689326,FAIL
4192,4192,0.5726574500768049,2021-02-09 01:31:08.527489,2021-02-09 01:31:19.110006,0 days 00:00:10.582517,0.00010148065310706639,9,2,0.9029398439517534,16,0.035521690081752315,COMPLETE
4193,4193,,2021-02-09 01:31:19.112267,2021-02-09 01:31:19.805748,0 days 00:00:00.693481,0.00011717423512555967,15,0,0.9080108562090601,16,0.038431332942881424,FAIL
4194,4194,0.4248847926267281,2021-02-09 01:31:19.808348,2021-02-09 01:31:31.051982,0 days 00:00:11.243634,0.00011789386698915177,15,2,0.9062158253277509,16,0.04052298235987211,COMPLETE
4195,4195,0.5044546850998464,2021-02-09 01:31:31.054252,2021-02-09 01:32:16.585811,0 days 00:00:45.531559,0.00012510324018184644,11,2,0.9016644470212036,16,0.0385122788466922,COMPLETE
4196,4196,,2021-02-09 01:32:16.588062,2021-02-09 01:32:17.301247,0 days 00:00:00.713185,0.00014050215894858447,11,0,0.9035571667789898,16,0.03373026191790036,FAIL
4197,4197,,2021-02-09 01:32:17.303979,2021-02-09 01:32:18.008876,0 days 00:00:00.704897,7.132192277008555e-05,11,0,0.9340876916485948,16,0.06769425179425054,FAIL
4198,4198,0.5019969278033795,2021-02-09 01:32:18.010535,2021-02-09 01:32:34.014178,0 days 00:00:16.003643,0.0001045829383731337,11,2,0.9088221631065102,16,0.03476732495091472,COMPLETE
4199,4199,0.3956989247311828,2021-02-09 01:32:34.016417,2021-02-09 01:32:44.578549,0 days 00:00:10.562132,0.0001348091911790887,15,2,0.9035037908758731,16,0.06601350563866222,COMPLETE
4200,4200,0.4666666666666667,2021-02-09 01:32:44.580786,2021-02-09 01:32:55.424436,0 days 00:00:10.843650,0.00013712207458103776,11,2,0.9328581167420771,16,0.037387632260925834,COMPLETE
