,number,value,datetime_start,datetime_complete,duration,params_lr,params_scheduler_gamma,params_weight_decay,state
1516,1516,0.49708141321044547,2021-02-07 03:44:24.318512,2021-02-07 03:44:35.393147,0 days 00:00:11.074635,0.0027474635322155506,0.9403453385271401,0.020331226735506497,COMPLETE
1517,1517,0.5536098310291858,2021-02-07 03:44:35.394135,2021-02-07 03:44:46.326474,0 days 00:00:10.932339,0.02105537523076225,0.942717110768654,0.16246115623743612,COMPLETE
1518,1518,0.5576036866359447,2021-02-07 03:44:46.327475,2021-02-07 03:45:07.108991,0 days 00:00:20.781516,0.06512521812225845,0.9638466876451858,0.297018444212451,COMPLETE
1519,1519,0.48110599078341015,2021-02-07 03:45:07.109972,2021-02-07 03:45:18.245704,0 days 00:00:11.135732,0.052994617227852335,0.9607649656781053,0.03109363686333343,COMPLETE
1520,1520,0.4509984639016897,2021-02-07 03:45:18.246708,2021-02-07 03:45:34.060303,0 days 00:00:15.813595,0.031598382639767886,0.9452582241167944,0.29105405105938686,COMPLETE
1521,1521,0.5895545314900154,2021-02-07 03:45:34.061284,2021-02-07 03:45:49.818923,0 days 00:00:15.757639,0.04292910250791703,0.9333200744671799,0.21823861026024866,COMPLETE
1522,1522,0.5299539170506913,2021-02-07 03:45:49.819899,2021-02-07 03:46:06.086587,0 days 00:00:16.266688,0.08099520076636563,0.9626950810546403,0.17331649253534306,COMPLETE
1523,1523,0.5456221198156682,2021-02-07 03:46:06.087600,2021-02-07 03:46:22.085911,0 days 00:00:15.998311,0.026688450882854386,0.9422757753589027,0.2679430723195215,COMPLETE
1524,1524,0.5287250384024578,2021-02-07 03:46:22.086909,2021-02-07 03:46:38.153052,0 days 00:00:16.066143,0.038793410999835506,0.9351439245395733,0.24081819238511654,COMPLETE
1525,1525,0.5781874039938556,2021-02-07 03:46:38.154046,2021-02-07 03:46:54.262401,0 days 00:00:16.108355,0.02003612105232315,0.9483721482905594,0.0355558396795259,COMPLETE
1526,1526,0.48970814132104457,2021-02-07 03:46:54.263396,2021-02-07 03:47:05.238918,0 days 00:00:10.975522,0.06087083898435677,0.9385058969938579,0.19945466943819137,COMPLETE
1527,1527,0.61321044546851,2021-02-07 03:47:05.239917,2021-02-07 03:47:21.266876,0 days 00:00:16.026959,0.0474986052359679,0.9374991564056155,0.2495217291558465,COMPLETE
1528,1528,0.5855606758832566,2021-02-07 03:47:21.267867,2021-02-07 03:47:37.322432,0 days 00:00:16.054565,0.07370385890648799,0.9523007106363662,0.018062574781795796,COMPLETE
1529,1529,0.5947772657450077,2021-02-07 03:47:37.323442,2021-02-07 03:47:48.612613,0 days 00:00:11.289171,0.03843076403032233,0.9383303005001883,0.2271853218659858,COMPLETE
1530,1530,0.5929339477726574,2021-02-07 03:47:48.613604,2021-02-07 03:48:04.257394,0 days 00:00:15.643790,0.01327699439722108,0.9434545807600307,0.3229154770966663,COMPLETE
1531,1531,0.5745007680491552,2021-02-07 03:48:04.258388,2021-02-07 03:48:20.179746,0 days 00:00:15.921358,0.057245771235563465,0.9585329464332146,0.15587788657420892,COMPLETE
1532,1532,0.6015360983102919,2021-02-07 03:48:20.180733,2021-02-07 03:48:31.067742,0 days 00:00:10.887009,0.03105905505397824,0.9403543548710923,0.19384195453704908,COMPLETE
1533,1533,0.5708141321044546,2021-02-07 03:48:31.068740,2021-02-07 03:48:47.102176,0 days 00:00:16.033436,0.024534703515758056,0.9678650806250644,0.27588855981689553,COMPLETE
1534,1534,0.4626728110599078,2021-02-07 03:48:47.103183,2021-02-07 03:48:57.949720,0 days 00:00:10.846537,0.03414563981044492,0.9474751266812871,0.1791461897531769,COMPLETE
1535,1535,0.546236559139785,2021-02-07 03:48:57.950722,2021-02-07 03:49:08.639435,0 days 00:00:10.688713,0.04188483605570148,0.94077111704939,0.20979698135872046,COMPLETE
1536,1536,0.5370199692780337,2021-02-07 03:49:08.640444,2021-02-07 03:49:19.731752,0 days 00:00:11.091308,0.028027432972761064,0.9455550394342718,0.025182909271468455,COMPLETE
1537,1537,0.5800307219662059,2021-02-07 03:49:19.732749,2021-02-07 03:49:35.332419,0 days 00:00:15.599670,0.023222218732026303,0.9502410574856609,0.2800771704419472,COMPLETE
1538,1538,0.580952380952381,2021-02-07 03:49:35.333428,2021-02-07 03:49:51.229851,0 days 00:00:15.896423,0.047737308118895046,0.9393384938168868,0.2470978616087057,COMPLETE
1539,1539,0.5631336405529954,2021-02-07 03:49:51.230861,2021-02-07 03:50:02.034757,0 days 00:00:10.803896,0.03170223671227803,0.9435179011907159,0.30341489326668014,COMPLETE
1540,1540,0.5695852534562212,2021-02-07 03:50:02.035750,2021-02-07 03:50:22.896457,0 days 00:00:20.860707,0.017842731001553026,0.9413656341921323,0.14274029524167048,COMPLETE
1541,1541,0.4771121351766513,2021-02-07 03:50:22.897454,2021-02-07 03:50:33.391712,0 days 00:00:10.494258,0.03206309716014856,0.9472772985573723,0.16930534785904677,COMPLETE
1542,1542,0.5981566820276498,2021-02-07 03:50:33.392726,2021-02-07 03:50:44.447663,0 days 00:00:11.054937,0.062420642204579574,0.9562830152514232,0.2549174495984482,COMPLETE
1543,1543,0.5317972350230414,2021-02-07 03:50:44.448664,2021-02-07 03:50:55.339264,0 days 00:00:10.890600,0.03710575437167718,0.9444689708830699,0.13087656909833748,COMPLETE
1544,1544,0.5674347158218126,2021-02-07 03:50:55.340295,2021-02-07 03:51:06.122028,0 days 00:00:10.781733,0.053059807722950394,0.9365744059339468,0.2218931497455357,COMPLETE
1545,1545,0.4967741935483871,2021-02-07 03:51:06.123044,2021-02-07 03:51:17.098332,0 days 00:00:10.975288,0.07354270223701231,0.9540025409217409,0.17824551912363032,COMPLETE
1546,1546,0.5231950844854071,2021-02-07 03:51:17.099345,2021-02-07 03:51:27.998559,0 days 00:00:10.899214,0.025555376372272072,0.9419106444434254,0.2785916146159301,COMPLETE
1547,1547,0.47956989247311826,2021-02-07 03:51:27.999574,2021-02-07 03:51:44.626857,0 days 00:00:16.627283,0.037448219089640765,0.9499301632801828,0.36988889600107255,COMPLETE
1548,1548,0.5778801843317972,2021-02-07 03:51:44.627871,2021-02-07 03:51:55.436249,0 days 00:00:10.808378,0.04922165320728007,0.9596612194539744,0.15530284972814973,COMPLETE
1549,1549,0.5910906298003072,2021-02-07 03:51:55.437251,2021-02-07 03:52:06.251826,0 days 00:00:10.814575,0.06322787029962375,0.9550468887972444,0.2630284350220004,COMPLETE
1550,1550,0.5852534562211982,2021-02-07 03:52:06.252838,2021-02-07 03:52:17.100854,0 days 00:00:10.848016,0.0202492920394099,0.9451673576995824,0.18975668118202554,COMPLETE
1551,1551,0.5364055299539171,2021-02-07 03:52:17.101849,2021-02-07 03:52:33.331382,0 days 00:00:16.229533,0.047242440459335434,0.9515214391938023,0.23187567327473815,COMPLETE
1552,1552,0.5170506912442396,2021-02-07 03:52:33.332394,2021-02-07 03:52:44.134713,0 days 00:00:10.802319,0.027666022375137173,0.9425799944883281,0.3078212459624158,COMPLETE
1553,1553,0.5969278033794163,2021-02-07 03:52:44.135721,2021-02-07 03:52:55.043763,0 days 00:00:10.908042,0.04137495113049926,0.9352629654425224,0.21046239864030836,COMPLETE
1554,1554,0.6073732718894009,2021-02-07 03:52:55.044768,2021-02-07 03:53:06.077533,0 days 00:00:11.032765,0.042363240980434945,0.940055777667964,0.24221246250731934,COMPLETE
1555,1555,0.541321044546851,2021-02-07 03:53:06.078543,2021-02-07 03:53:17.135340,0 days 00:00:11.056797,0.07554541864903296,0.9320494739206995,0.2915501061023471,COMPLETE
1556,1556,0.6082949308755761,2021-02-07 03:53:17.136339,2021-02-07 03:53:33.148408,0 days 00:00:16.012069,0.03216166782569504,0.9462515826761941,0.2677775328477805,COMPLETE
1557,1557,0.5966205837173579,2021-02-07 03:53:33.149409,2021-02-07 03:53:44.089041,0 days 00:00:10.939632,0.05488181061709176,0.9378894670915396,0.20452022171469372,COMPLETE
1558,1558,0.5772657450076805,2021-02-07 03:53:44.090043,2021-02-07 03:53:55.260463,0 days 00:00:11.170420,0.09341520092424241,0.9371098341706743,0.2322775390497256,COMPLETE
1559,1559,0.6334869431643625,2021-02-07 03:53:55.261474,2021-02-07 03:54:06.131171,0 days 00:00:10.869697,0.023569608014230754,0.9482313239852866,0.16098495463336304,COMPLETE
1560,1560,0.5778801843317972,2021-02-07 03:54:06.132184,2021-02-07 03:54:21.987997,0 days 00:00:15.855813,0.013278438980486282,0.9494780922131405,0.1439937164616563,COMPLETE
1561,1561,0.6003072196620584,2021-02-07 03:54:21.989002,2021-02-07 03:54:43.175226,0 days 00:00:21.186224,0.022620304708246834,0.9506746009224605,0.15477755726139986,COMPLETE
1562,1562,0.5778801843317972,2021-02-07 03:54:43.176241,2021-02-07 03:54:59.076651,0 days 00:00:15.900410,0.01685212573295568,0.9489199052926429,0.14869348823714895,COMPLETE
1563,1563,0.5130568356374808,2021-02-07 03:54:59.077649,2021-02-07 03:55:09.742579,0 days 00:00:10.664930,0.021173854226737555,0.9523811529195332,0.1562668693104297,COMPLETE
1564,1564,0.6046082949308755,2021-02-07 03:55:09.743597,2021-02-07 03:55:31.098123,0 days 00:00:21.354526,0.016401142263170746,0.9494965866368624,0.15863870375522307,COMPLETE
1565,1565,0.6055299539170507,2021-02-07 03:55:31.099141,2021-02-07 03:55:47.304973,0 days 00:00:16.205832,0.02270307257657488,0.9476458544059594,0.13100483387930362,COMPLETE
1566,1566,0.5877112135176651,2021-02-07 03:55:47.305993,2021-02-07 03:55:57.900550,0 days 00:00:10.594557,0.016520143474138937,0.9709570547265665,0.16646192027584783,COMPLETE
1567,1567,0.49062980030721964,2021-02-07 03:55:57.901567,2021-02-07 03:56:08.694821,0 days 00:00:10.793254,0.02077215981715352,0.9507746609097538,0.14831923651504203,COMPLETE
1568,1568,0.5096774193548387,2021-02-07 03:56:08.695832,2021-02-07 03:56:20.163321,0 days 00:00:11.467489,0.01498332421029338,0.9487426126087026,0.16656643983081962,COMPLETE
1569,1569,0.5198156682027649,2021-02-07 03:56:20.164339,2021-02-07 03:56:30.934459,0 days 00:00:10.770120,0.018902291967958434,0.9508168271808202,0.17641733577521754,COMPLETE
1570,1570,0.5508448540706605,2021-02-07 03:56:30.935486,2021-02-07 03:56:46.846301,0 days 00:00:15.910815,0.01928246199200264,0.9671100645558061,0.1386933722106929,COMPLETE
1571,1571,0.5855606758832566,2021-02-07 03:56:46.847322,2021-02-07 03:56:57.936117,0 days 00:00:11.088795,0.02321825877041563,0.9474416410451305,0.17011623618556768,COMPLETE
1572,1572,0.5864823348694317,2021-02-07 03:56:57.937129,2021-02-07 03:57:08.684449,0 days 00:00:10.747320,0.010709004755417821,0.9411236701854302,0.15163167227649582,COMPLETE
1573,1573,0.5474654377880185,2021-02-07 03:57:08.685473,2021-02-07 03:57:29.523066,0 days 00:00:20.837593,0.023237410243450805,0.9479056351218105,0.11998388147412468,COMPLETE
1574,1574,0.5582181259600615,2021-02-07 03:57:29.524082,2021-02-07 03:57:45.343285,0 days 00:00:15.819203,0.02620777512336007,0.9504667578781537,0.18288886318666275,COMPLETE
1575,1575,0.49615975422427033,2021-02-07 03:57:45.344297,2021-02-07 03:57:56.289934,0 days 00:00:10.945637,0.01839427105439423,0.902381023113629,0.15793274408222688,COMPLETE
1576,1576,0.5241167434715822,2021-02-07 03:57:56.290974,2021-02-07 03:58:07.285860,0 days 00:00:10.994886,0.02640887841266794,0.949094842207867,0.16554239954989397,COMPLETE
1577,1577,0.5984639016897081,2021-02-07 03:58:07.286881,2021-02-07 03:58:23.071562,0 days 00:00:15.784681,0.019837842002207687,0.9655388178496856,0.1807579317977165,COMPLETE
1578,1578,0.46789554531490013,2021-02-07 03:58:23.072583,2021-02-07 03:58:33.942361,0 days 00:00:10.869778,0.027664199394383637,0.9407446364458614,0.12979580289199918,COMPLETE
1579,1579,0.5981566820276498,2021-02-07 03:58:33.943384,2021-02-07 03:58:50.197583,0 days 00:00:16.254199,0.025263594293870765,0.946581573567929,0.18483933755449047,COMPLETE
1580,1580,0.6193548387096774,2021-02-07 03:58:50.198620,2021-02-07 03:59:01.318825,0 days 00:00:11.120205,0.013452362434794541,0.9525939223637244,0.1451545942617071,COMPLETE
1581,1581,0.6030721966205838,2021-02-07 03:59:01.319847,2021-02-07 03:59:22.451827,0 days 00:00:21.131980,0.027306002802064848,0.9435478953571845,0.1670198977941985,COMPLETE
1582,1582,0.5778801843317972,2021-02-07 03:59:22.452849,2021-02-07 03:59:38.852910,0 days 00:00:16.400061,0.031739100286052764,0.9694835481549435,0.16765265264125243,COMPLETE
1583,1583,0.571121351766513,2021-02-07 03:59:38.853926,2021-02-07 03:59:49.824756,0 days 00:00:10.970830,0.019965556086036878,0.980243117762583,0.14370625580526813,COMPLETE
1584,1584,0.5195084485407067,2021-02-07 03:59:49.825781,2021-02-07 04:00:05.848318,0 days 00:00:16.022537,0.015131000751707516,0.9420488737805205,0.19184772958884647,COMPLETE
1585,1585,0.498310291858679,2021-02-07 04:00:05.849336,2021-02-07 04:00:26.533291,0 days 00:00:20.683955,0.08436995635590104,0.9459226017255229,0.058874197778246984,COMPLETE
1586,1586,0.6,2021-02-07 04:00:26.534304,2021-02-07 04:00:42.601807,0 days 00:00:16.067503,0.030286603312363356,0.9346887195379862,0.17938234022002475,COMPLETE
1587,1587,0.5579109062980031,2021-02-07 04:00:42.602844,2021-02-07 04:00:53.236285,0 days 00:00:10.633441,0.02278262896945514,0.9482374259278136,0.1380048768019134,COMPLETE
1588,1588,0.5477726574500767,2021-02-07 04:00:53.237316,2021-02-07 04:01:08.987732,0 days 00:00:15.750416,0.03256194295534403,0.9404303837623661,0.021629725594673938,COMPLETE
1589,1589,0.480184331797235,2021-02-07 04:01:08.988743,2021-02-07 04:01:19.845433,0 days 00:00:10.856690,0.07201680496668046,0.9436186110322956,0.18729435084053297,COMPLETE
1590,1590,0.6211981566820276,2021-02-07 04:01:19.846444,2021-02-07 04:01:30.938663,0 days 00:00:11.092219,0.02428854816737111,0.9506725948980589,0.1599862058903706,COMPLETE
1591,1591,0.5069124423963134,2021-02-07 04:01:30.939686,2021-02-07 04:01:47.361086,0 days 00:00:16.421400,0.015726439244441493,0.9492907657550976,0.1350682594268131,COMPLETE
1592,1592,0.5210445468509984,2021-02-07 04:01:47.362102,2021-02-07 04:02:03.119959,0 days 00:00:15.757857,0.017678012447163268,0.9510387237243831,0.15365869336028612,COMPLETE
1593,1593,0.5342549923195085,2021-02-07 04:02:03.120993,2021-02-07 04:02:14.081459,0 days 00:00:10.960466,0.019175772124255797,0.9503702437023666,0.148118207002204,COMPLETE
1594,1594,0.5831029185867895,2021-02-07 04:02:14.082485,2021-02-07 04:02:30.242990,0 days 00:00:16.160505,0.01965243444541899,0.9510350794813915,0.15992146636401008,COMPLETE
1595,1595,0.6018433179723502,2021-02-07 04:02:30.244006,2021-02-07 04:02:46.138480,0 days 00:00:15.894474,0.023485888364557863,0.9529825300036343,0.13823582996659353,COMPLETE
1596,1596,0.41751152073732717,2021-02-07 04:02:46.139508,2021-02-07 04:02:56.828403,0 days 00:00:10.688895,0.023628931560986846,0.9529408535248324,0.1292903913646398,COMPLETE
1597,1597,0.5327188940092166,2021-02-07 04:02:56.829419,2021-02-07 04:03:12.885248,0 days 00:00:16.055829,0.02407395371963096,0.9514775551829195,0.1485687293560554,COMPLETE
1598,1598,0.5044546850998464,2021-02-07 04:03:12.886284,2021-02-07 04:03:23.784704,0 days 00:00:10.898420,0.01838325801805272,0.9508636400903882,0.15758616249998939,COMPLETE
1599,1599,0.4924731182795699,2021-02-07 04:03:23.785726,2021-02-07 04:03:34.394019,0 days 00:00:10.608293,0.01475577480945114,0.952088004681909,0.16404105677428052,COMPLETE
1600,1600,0.5499231950844854,2021-02-07 04:03:34.395054,2021-02-07 04:03:50.851460,0 days 00:00:16.456406,0.023203356593625806,0.9527012223640197,0.1531194406638014,COMPLETE
1601,1601,0.5385560675883256,2021-02-07 04:03:50.852488,2021-02-07 04:04:06.648224,0 days 00:00:15.795736,0.02163054031441255,0.9482673921372728,0.14594134926127084,COMPLETE
1602,1602,0.4196620583717358,2021-02-07 04:04:06.649263,2021-02-07 04:04:17.431878,0 days 00:00:10.782615,0.0008956373276844221,0.9512657459761931,0.13991684403584495,COMPLETE
1603,1603,0.5619047619047619,2021-02-07 04:04:17.432909,2021-02-07 04:04:38.717959,0 days 00:00:21.285050,0.016917368156188658,0.9494995356411832,0.16200361067344415,COMPLETE
1604,1604,0.5431643625192012,2021-02-07 04:04:38.719007,2021-02-07 04:04:54.681672,0 days 00:00:15.962665,0.026058655074531943,0.9485987725298812,0.12915579266699354,COMPLETE
1605,1605,0.5837173579109063,2021-02-07 04:04:54.682718,2021-02-07 04:05:15.539063,0 days 00:00:20.856345,0.020257042042610567,0.949966377692649,0.1114324786414494,COMPLETE
1606,1606,0.5342549923195085,2021-02-07 04:05:15.540089,2021-02-07 04:05:31.105123,0 days 00:00:15.565034,0.027691120996345565,0.953803549330655,0.17068296313650505,COMPLETE
1607,1607,0.5370199692780337,2021-02-07 04:05:31.106157,2021-02-07 04:05:47.038660,0 days 00:00:15.932503,0.000553473197529627,0.9493449455229019,0.16979231621978114,COMPLETE
1608,1608,0.5791090629800307,2021-02-07 04:05:47.039686,2021-02-07 04:06:02.441306,0 days 00:00:15.401620,0.0279795245508921,0.9469197674627216,0.16267718185645175,COMPLETE
1609,1609,0.5926267281105991,2021-02-07 04:06:02.442337,2021-02-07 04:06:22.899016,0 days 00:00:20.456679,0.012690241832478005,0.947640380668573,0.15831837269545174,COMPLETE
1610,1610,0.5944700460829493,2021-02-07 04:06:22.900045,2021-02-07 04:06:38.531414,0 days 00:00:15.631369,0.022374283787415072,0.9519018365752892,0.14222498585204366,COMPLETE
1611,1611,0.5643625192012289,2021-02-07 04:06:38.532439,2021-02-07 04:06:49.412845,0 days 00:00:10.880406,0.06545537108324634,0.9501842733058045,0.17387866145189715,COMPLETE
1612,1612,0.5379416282642089,2021-02-07 04:06:49.413879,2021-02-07 04:07:00.491898,0 days 00:00:11.078019,0.08740590429296581,0.9726642986618791,0.15883134202340854,COMPLETE
1613,1613,0.5877112135176651,2021-02-07 04:07:00.492927,2021-02-07 04:07:21.393310,0 days 00:00:20.900383,0.02883297552960039,0.9469250185487176,0.01643781508925671,COMPLETE
1614,1614,0.5658986175115207,2021-02-07 04:07:21.394324,2021-02-07 04:07:37.842246,0 days 00:00:16.447922,0.02577193114845916,0.9486993546744262,0.024344002744190168,COMPLETE
1615,1615,0.5425499231950844,2021-02-07 04:07:37.843281,2021-02-07 04:07:48.740454,0 days 00:00:10.897173,0.031043979554950064,0.9523811686403958,0.11847428425378924,COMPLETE
1616,1616,0.5557603686635945,2021-02-07 04:07:48.741496,2021-02-07 04:07:59.870862,0 days 00:00:11.129366,0.017598048163833382,0.9534414524792292,0.17769618602362894,COMPLETE
1617,1617,0.5394777265745008,2021-02-07 04:07:59.871899,2021-02-07 04:08:10.976528,0 days 00:00:11.104629,0.02260313020059535,0.9468728545323059,0.19863133391721158,COMPLETE
1618,1618,0.4599078341013825,2021-02-07 04:08:10.977557,2021-02-07 04:08:32.085414,0 days 00:00:21.107857,0.011345547915482056,0.9667689338864004,0.09417176258770345,COMPLETE
1619,1619,0.5831029185867895,2021-02-07 04:08:32.086448,2021-02-07 04:08:42.862465,0 days 00:00:10.776017,0.05914608911440194,0.9335756725039961,0.15044610438351586,COMPLETE
1620,1620,0.5947772657450077,2021-02-07 04:08:42.863523,2021-02-07 04:08:59.086729,0 days 00:00:16.223206,0.030025579743906156,0.9488463636591372,0.022975512079917732,COMPLETE
1621,1621,0.514900153609831,2021-02-07 04:08:59.087766,2021-02-07 04:09:14.803103,0 days 00:00:15.715337,0.024841165310280307,0.9454478679563816,0.07914636225859221,COMPLETE
1622,1622,0.6009216589861751,2021-02-07 04:09:14.804135,2021-02-07 04:09:25.624834,0 days 00:00:10.820699,0.03323228881712429,0.9691568486562134,0.02889770575818791,COMPLETE
1623,1623,0.595084485407066,2021-02-07 04:09:25.625863,2021-02-07 04:09:41.196331,0 days 00:00:15.570468,0.06752447155203262,0.9649759392638714,0.14989683976068158,COMPLETE
1624,1624,0.6046082949308755,2021-02-07 04:09:41.197376,2021-02-07 04:09:52.077326,0 days 00:00:10.879950,0.0196822595204999,0.9481321672734936,0.17008226557362294,COMPLETE
1625,1625,0.5956989247311828,2021-02-07 04:09:52.078359,2021-02-07 04:10:08.215930,0 days 00:00:16.137571,0.027515142641445375,0.950941562822709,0.020723553594797998,COMPLETE
1626,1626,0.490937019969278,2021-02-07 04:10:08.216955,2021-02-07 04:10:18.798996,0 days 00:00:10.582041,0.03371545528244829,0.9453331912111947,0.019286818302013314,COMPLETE
1627,1627,0.5333333333333333,2021-02-07 04:10:18.800020,2021-02-07 04:10:29.440879,0 days 00:00:10.640859,0.026282661508415985,0.9470714830930097,0.33615047182001806,COMPLETE
1628,1628,0.5852534562211982,2021-02-07 04:10:29.441917,2021-02-07 04:10:40.465702,0 days 00:00:11.023785,0.05506100197453113,0.9501376850910669,0.1381994460422578,COMPLETE
1629,1629,0.5649769585253456,2021-02-07 04:10:40.466764,2021-02-07 04:10:51.133092,0 days 00:00:10.666328,0.08500585044311379,0.935461831108021,0.17810217847630028,COMPLETE
1630,1630,0.5877112135176651,2021-02-07 04:10:51.134128,2021-02-07 04:11:12.388573,0 days 00:00:21.254445,0.021859639058430674,0.9454822359566939,0.014443236548636162,COMPLETE
1631,1631,0.48632872503840247,2021-02-07 04:11:12.389612,2021-02-07 04:11:28.597446,0 days 00:00:16.207834,0.04817692429903012,0.9537775382949437,0.032619170999156066,COMPLETE
1632,1632,0.5960061443932412,2021-02-07 04:11:28.598473,2021-02-07 04:11:39.522678,0 days 00:00:10.924205,0.035155065156452614,0.9519255262974603,0.20675783518586258,COMPLETE
1633,1633,0.44608294930875575,2021-02-07 04:11:39.523717,2021-02-07 04:11:50.220475,0 days 00:00:10.696758,0.06902803149445108,0.9326942032071145,0.15189761982279945,COMPLETE
1634,1634,0.5655913978494623,2021-02-07 04:11:50.221518,2021-02-07 04:12:01.437252,0 days 00:00:11.215734,0.015388458088355877,0.9489345487624734,0.06880269464775529,COMPLETE
1635,1635,0.5910906298003072,2021-02-07 04:12:01.438296,2021-02-07 04:12:17.690417,0 days 00:00:16.252121,0.030932827657867326,0.9763268625710889,0.01790729301258475,COMPLETE
1636,1636,0.6110599078341014,2021-02-07 04:12:17.691466,2021-02-07 04:12:33.729864,0 days 00:00:16.038398,0.05807195075225487,0.9467668233118054,0.1692657645020648,COMPLETE
1637,1637,0.5883256528417818,2021-02-07 04:12:33.730906,2021-02-07 04:12:49.994087,0 days 00:00:16.263181,0.040881029251810044,0.9356211179018338,0.15479790278970423,COMPLETE
1638,1638,0.5683563748079877,2021-02-07 04:12:49.995132,2021-02-07 04:13:00.772888,0 days 00:00:10.777756,0.028410218437209644,0.9441900824715939,0.12162741785035146,COMPLETE
1639,1639,0.584331797235023,2021-02-07 04:13:00.773911,2021-02-07 04:13:21.539812,0 days 00:00:20.765901,0.023070375986796343,0.9075020575470806,0.19241370569188648,COMPLETE
1640,1640,0.5665130568356375,2021-02-07 04:13:21.540855,2021-02-07 04:13:32.184771,0 days 00:00:10.643916,0.04437868553646695,0.9373864104349038,0.1754201606840806,COMPLETE
