,number,value,datetime_start,datetime_complete,duration,params_lr,params_nl2,params_num_ct,params_scheduler_gamma,params_sigma2,params_weight_decay,state
6069,6069,0.562826420890937,2021-02-09 06:33:31.970168,2021-02-09 06:33:43.542263,0 days 00:00:11.572095,1.19138888128701e-05,15,8,0.9001810932713727,20,0.03080361625421196,COMPLETE
6070,6070,0.37480798771121354,2021-02-09 06:33:43.545357,2021-02-09 06:33:54.783495,0 days 00:00:11.238138,1.8418627543292103e-05,15,8,0.9072669312232207,20,0.03731151413985807,COMPLETE
6071,6071,,2021-02-09 06:33:54.786581,2021-02-09 06:33:55.558974,0 days 00:00:00.772393,1.0036003833706453e-05,15,0,0.9001331114841694,20,0.020333622318700995,FAIL
6072,6072,,2021-02-09 06:33:55.561301,2021-02-09 06:33:56.305106,0 days 00:00:00.743805,1.157382029720847e-05,15,0,0.9013498581441348,20,0.020636297469658886,FAIL
6073,6073,0.3763440860215054,2021-02-09 06:33:56.307284,2021-02-09 06:34:07.470278,0 days 00:00:11.162994,1.5077280303540292e-05,17,8,0.9000743395024726,20,0.01948467059117484,COMPLETE
6074,6074,0.570199692780338,2021-02-09 06:34:07.473379,2021-02-09 06:34:24.041483,0 days 00:00:16.568104,1.1625151012236823e-05,15,8,0.9267041463090626,20,0.03383748271150121,COMPLETE
6075,6075,0.6301075268817204,2021-02-09 06:34:24.044577,2021-02-09 06:34:36.015793,0 days 00:00:11.971216,1.3883661603337371e-05,15,8,0.9112508454227349,20,0.03097937723937128,COMPLETE
6076,6076,0.49001536098310294,2021-02-09 06:34:36.018892,2021-02-09 06:34:47.416431,0 days 00:00:11.397539,1.1714587296017252e-05,15,8,0.9139927350382542,20,0.03670622818856238,COMPLETE
6077,6077,0.4789554531490015,2021-02-09 06:34:47.419474,2021-02-09 06:34:58.855237,0 days 00:00:11.435763,2.2009711493367344e-05,15,8,0.9063513137968534,20,0.048284062881208706,COMPLETE
6078,6078,0.6251920122887865,2021-02-09 06:34:58.858335,2021-02-09 06:35:10.150801,0 days 00:00:11.292466,1.795871722063904e-05,15,8,0.905116517369479,20,0.021016360517715108,COMPLETE
6079,6079,0.5966205837173579,2021-02-09 06:35:10.153901,2021-02-09 06:35:21.774181,0 days 00:00:11.620280,1.1546045426430864e-05,15,8,0.9061877896232553,20,0.03260923168441259,COMPLETE
6080,6080,0.5870967741935483,2021-02-09 06:35:21.777264,2021-02-09 06:35:33.035101,0 days 00:00:11.257837,1.331052649875093e-05,19,8,0.9377376139255605,20,0.030076756359438763,COMPLETE
6081,6081,,2021-02-09 06:35:33.038165,2021-02-09 06:35:33.772545,0 days 00:00:00.734380,1.6750099501694404e-05,17,0,0.9125500983984312,20,0.03490992317554262,FAIL
6082,6082,0.3741935483870968,2021-02-09 06:35:33.774772,2021-02-09 06:35:44.971830,0 days 00:00:11.197058,2.119620906793972e-05,17,8,0.9112674045288236,20,0.04047232974842238,COMPLETE
6083,6083,0.620583717357911,2021-02-09 06:35:44.974920,2021-02-09 06:35:56.541029,0 days 00:00:11.566109,1.589213795439721e-05,15,8,0.9115779526001803,20,0.034419762097713316,COMPLETE
6084,6084,,2021-02-09 06:35:56.544099,2021-02-09 06:35:57.284972,0 days 00:00:00.740873,1.0163604297123298e-05,13,0,0.909164626645081,20,0.031532585977961436,FAIL
6085,6085,0.3797235023041475,2021-02-09 06:35:57.287283,2021-02-09 06:36:08.571780,0 days 00:00:11.284497,1.1364321928327586e-05,13,8,0.9114703578937504,20,0.031113309293463814,COMPLETE
6086,6086,0.5213517665130568,2021-02-09 06:36:08.574869,2021-02-09 06:36:19.694073,0 days 00:00:11.119204,1.036633220731678e-05,15,8,0.914248599797082,20,0.029744852503017827,COMPLETE
6087,6087,,2021-02-09 06:36:19.697162,2021-02-09 06:36:20.434388,0 days 00:00:00.737226,5.7275987266578016e-05,13,0,0.9068635598986369,20,0.03802974042423861,FAIL
6088,6088,,2021-02-09 06:36:20.438159,2021-02-09 06:36:21.190092,0 days 00:00:00.751933,1.4512979830370778e-05,13,0,0.9098405601926387,20,0.0796834136242953,FAIL
6089,6089,0.5566820276497696,2021-02-09 06:36:21.192346,2021-02-09 06:36:32.570062,0 days 00:00:11.377716,1.3590793269799882e-05,13,8,0.9161847157488651,20,0.07941235481870176,COMPLETE
6090,6090,0.4119815668202765,2021-02-09 06:36:32.573198,2021-02-09 06:36:43.684860,0 days 00:00:11.111662,1.3393690874417717e-05,15,8,0.9094255445735135,20,0.03249099751008883,COMPLETE
6091,6091,,2021-02-09 06:36:43.687960,2021-02-09 06:36:44.462146,0 days 00:00:00.774186,1.8789100971498492e-05,15,0,0.9109886754395562,20,0.023161018567769753,FAIL
6092,6092,0.41689708141321047,2021-02-09 06:36:44.464366,2021-02-09 06:36:55.619917,0 days 00:00:11.155551,1.6379487137140823e-05,15,8,0.9090637294278057,20,0.023636505872595102,COMPLETE
6093,6093,,2021-02-09 06:36:55.622997,2021-02-09 06:36:56.386382,0 days 00:00:00.763385,1.935184140893985e-05,15,0,0.9090710115830215,20,0.018385019515121642,FAIL
6094,6094,0.4116743471582181,2021-02-09 06:36:56.390183,2021-02-09 06:37:13.022165,0 days 00:00:16.631982,1.6637046315525495e-05,15,8,0.9121937954141974,20,0.021630348337012197,COMPLETE
6095,6095,0.49923195084485406,2021-02-09 06:37:13.025303,2021-02-09 06:37:24.312771,0 days 00:00:11.287468,2.118167796226007e-05,15,8,0.9072386924052109,20,0.01864678856340665,COMPLETE
6096,6096,0.6248847926267281,2021-02-09 06:37:24.315856,2021-02-09 06:37:40.775563,0 days 00:00:16.459707,5.493622836762663e-05,13,8,0.9106131138117588,20,0.06673283499102017,COMPLETE
6097,6097,,2021-02-09 06:37:40.778637,2021-02-09 06:37:41.520241,0 days 00:00:00.741604,1.4157881233868377e-05,15,0,0.9132755855239731,20,0.03701571258257592,FAIL
6098,6098,,2021-02-09 06:37:41.522649,2021-02-09 06:37:42.259668,0 days 00:00:00.737019,1.343007705656321e-05,15,0,0.9133935685307736,20,0.03778970588885812,FAIL
6099,6099,0.5244239631336406,2021-02-09 06:37:42.263592,2021-02-09 06:37:53.185308,0 days 00:00:10.921716,3.412805080713263e-05,15,4,0.9069148789775198,20,0.03864069185698183,COMPLETE
6100,6100,0.4534562211981567,2021-02-09 06:37:53.188374,2021-02-09 06:38:04.627517,0 days 00:00:11.439143,1.3784573459095423e-05,13,8,0.910470701346589,20,0.03592135667871181,COMPLETE
6101,6101,0.493394777265745,2021-02-09 06:38:04.630625,2021-02-09 06:38:15.770215,0 days 00:00:11.139590,1.012048222292738e-05,15,8,0.9088330987076938,20,0.04200771038057824,COMPLETE
6102,6102,0.6196620583717358,2021-02-09 06:38:15.773329,2021-02-09 06:38:27.317202,0 days 00:00:11.543873,1.7111498072204153e-05,15,8,0.9129310763503036,20,0.026826449418324114,COMPLETE
6103,6103,,2021-02-09 06:38:27.320300,2021-02-09 06:38:28.085228,0 days 00:00:00.764928,1.0343393991009562e-05,11,0,0.9191866250456111,14,0.02930050900134603,FAIL
6104,6104,,2021-02-09 06:38:28.087463,2021-02-09 06:38:29.006097,0 days 00:00:00.918634,1.0193452586677673e-05,11,0,0.9143460580718179,14,0.030975881885271696,FAIL
6105,6105,0.39078341013824885,2021-02-09 06:38:29.009877,2021-02-09 06:38:45.709727,0 days 00:00:16.699850,1.1609904376292806e-05,11,8,0.9357364524045108,14,0.02977846914130379,COMPLETE
6106,6106,0.620583717357911,2021-02-09 06:38:45.712795,2021-02-09 06:38:57.014305,0 days 00:00:11.301510,1.051211962646579e-05,13,8,0.9091941737506298,20,0.03413821328894533,COMPLETE
6107,6107,,2021-02-09 06:38:57.017364,2021-02-09 06:38:57.768867,0 days 00:00:00.751503,1.9750844708029275e-05,15,0,0.9078671527431806,20,0.02349181451157957,FAIL
6108,6108,,2021-02-09 06:38:57.772704,2021-02-09 06:38:58.547997,0 days 00:00:00.775293,1.913720286043189e-05,15,0,0.9075632149288568,20,0.02370844817370944,FAIL
6109,6109,0.5050691244239631,2021-02-09 06:38:58.551899,2021-02-09 06:39:20.487936,0 days 00:00:21.936037,1.9647745051943585e-05,15,8,0.9157877688623483,20,0.022982617533279476,COMPLETE
6110,6110,,2021-02-09 06:39:20.491046,2021-02-09 06:39:21.253101,0 days 00:00:00.762055,1.284378289935199e-05,13,0,0.908400788336497,20,0.03214291171821983,FAIL
6111,6111,,2021-02-09 06:39:21.257021,2021-02-09 06:39:22.018316,0 days 00:00:00.761295,1.2784976544874685e-05,13,0,0.9082411436050782,20,0.03748546803016536,FAIL
6112,6112,0.44393241167434716,2021-02-09 06:39:22.020655,2021-02-09 06:39:33.619371,0 days 00:00:11.598716,7.10735450737426e-05,13,8,0.9079191502535249,20,0.038234711779144184,COMPLETE
6113,6113,0.517357910906298,2021-02-09 06:39:33.622447,2021-02-09 06:39:44.540248,0 days 00:00:10.917801,1.5290685874561794e-05,15,4,0.9105280553589867,20,0.032661296395502845,COMPLETE
6114,6114,0.5665130568356375,2021-02-09 06:39:44.543348,2021-02-09 06:39:56.242220,0 days 00:00:11.698872,1.3338279982150293e-05,11,8,0.9043940896757495,20,0.034666630546856675,COMPLETE
6115,6115,,2021-02-09 06:39:56.245301,2021-02-09 06:39:56.988348,0 days 00:00:00.743047,1.0021992647364064e-05,15,0,0.9086103947929239,20,0.027892219436352506,FAIL
6116,6116,0.6046082949308755,2021-02-09 06:39:56.992310,2021-02-09 06:40:08.494724,0 days 00:00:11.502414,1.2327639580707544e-05,15,8,0.9133385097145771,20,0.028268547006081952,COMPLETE
6117,6117,0.6199692780337942,2021-02-09 06:40:08.497810,2021-02-09 06:40:19.209105,0 days 00:00:10.711295,1.004444506225021e-05,13,4,0.9320231341463119,18,0.029509628000228782,COMPLETE
6118,6118,0.5299539170506913,2021-02-09 06:40:19.212177,2021-02-09 06:40:30.619230,0 days 00:00:11.407053,1.0304558643077966e-05,15,8,0.9087806031146739,20,0.02123739105842076,COMPLETE
6119,6119,0.4304147465437788,2021-02-09 06:40:30.622334,2021-02-09 06:40:42.068790,0 days 00:00:11.446456,2.1957198987025008e-05,15,8,0.902906184212585,20,0.024329666432234737,COMPLETE
6120,6120,,2021-02-09 06:40:42.071857,2021-02-09 06:40:42.817089,0 days 00:00:00.745232,9.617441858132248e-05,11,0,0.9000077220566021,20,0.045539495585735904,FAIL
6121,6121,0.5152073732718894,2021-02-09 06:40:42.821038,2021-02-09 06:40:54.402289,0 days 00:00:11.581251,1.3658113663842451e-05,11,8,0.9039684654356999,20,0.03623330323708046,COMPLETE
6122,6122,,2021-02-09 06:40:54.405395,2021-02-09 06:40:55.171265,0 days 00:00:00.765870,9.415835389410822e-05,11,0,0.9339516362648674,18,0.0315463049393385,FAIL
6123,6123,,2021-02-09 06:40:55.173624,2021-02-09 06:40:55.910838,0 days 00:00:00.737214,8.65400874443374e-05,11,0,0.9134747087369818,18,0.031020645710068958,FAIL
6124,6124,0.538863287250384,2021-02-09 06:40:55.913201,2021-02-09 06:41:07.446329,0 days 00:00:11.533128,1.0189111110747061e-05,11,8,0.9185024267456192,12,0.029522572338779658,COMPLETE
6125,6125,0.5901689708141321,2021-02-09 06:41:07.449423,2021-02-09 06:41:19.638382,0 days 00:00:12.188959,9.49666283550581e-05,13,10,0.9342542476355705,18,0.03192192002264574,COMPLETE
6126,6126,0.4552995391705069,2021-02-09 06:41:19.641505,2021-02-09 06:41:36.542106,0 days 00:00:16.900601,0.00010150135860686664,17,8,0.9014717971843542,20,0.04084760469883978,COMPLETE
6127,6127,,2021-02-09 06:41:36.545220,2021-02-09 06:41:37.309748,0 days 00:00:00.764528,2.9996065387134352e-05,15,0,0.9053010575677339,20,0.027398085494168112,FAIL
6128,6128,0.4470046082949309,2021-02-09 06:41:37.312129,2021-02-09 06:41:48.718232,0 days 00:00:11.406103,2.4321292808460166e-05,15,8,0.9053367987427678,20,0.026631416111312155,COMPLETE
6129,6129,,2021-02-09 06:41:48.721342,2021-02-09 06:41:49.495644,0 days 00:00:00.774302,2.018167641055957e-05,15,0,0.9079129374616982,20,0.023551658578731437,FAIL
6130,6130,,2021-02-09 06:41:49.499485,2021-02-09 06:41:50.247229,0 days 00:00:00.747744,1.7123502244961127e-05,15,0,0.9000293780062858,20,0.02378121447102099,FAIL
6131,6131,,2021-02-09 06:41:50.249597,2021-02-09 06:41:51.159155,0 days 00:00:00.909558,2.6924863949037794e-05,15,0,0.9030321988136382,20,0.02514098891359543,FAIL
6132,6132,0.5407066052227343,2021-02-09 06:41:51.161618,2021-02-09 06:42:02.633927,0 days 00:00:11.472309,1.6467146328615664e-05,15,8,0.908178174994404,20,0.024927961327373203,COMPLETE
6133,6133,0.5640552995391706,2021-02-09 06:42:02.637037,2021-02-09 06:42:14.072421,0 days 00:00:11.435384,2.0218456128405268e-05,15,8,0.9027406552766298,20,0.02317382390020188,COMPLETE
6134,6134,0.42242703533026116,2021-02-09 06:42:14.075549,2021-02-09 06:42:25.748693,0 days 00:00:11.673144,8.01633366603836e-05,13,8,0.904090856514364,20,0.04534265041986451,COMPLETE
6135,6135,0.5913978494623656,2021-02-09 06:42:25.751826,2021-02-09 06:42:42.478349,0 days 00:00:16.726523,1.2390796948113606e-05,11,8,0.9015583039874151,20,0.03703935717884252,COMPLETE
6136,6136,0.4485407066052227,2021-02-09 06:42:42.481463,2021-02-09 06:42:53.520641,0 days 00:00:11.039178,0.0001128700037852415,11,4,0.9119584261079478,20,0.03279380469505273,COMPLETE
6137,6137,0.5975422427035331,2021-02-09 06:42:53.523752,2021-02-09 06:43:04.902714,0 days 00:00:11.378962,1.0049704189054172e-05,15,8,0.9000643829441579,20,0.020268381904130918,COMPLETE
6138,6138,0.44393241167434716,2021-02-09 06:43:04.905809,2021-02-09 06:43:16.030133,0 days 00:00:11.124324,6.70038486324561e-05,15,8,0.9070980300570926,20,0.017966664834696586,COMPLETE
6139,6139,0.4804915514592934,2021-02-09 06:43:16.033302,2021-02-09 06:43:32.890654,0 days 00:00:16.857352,1.393031068881908e-05,5,8,0.9051519216753421,20,0.02758426854666656,COMPLETE
6140,6140,,2021-02-09 06:43:32.893749,2021-02-09 06:43:33.660799,0 days 00:00:00.767050,1.0160185257575916e-05,13,0,0.9031631964209189,20,0.07272931516473317,FAIL
6141,6141,0.5253456221198156,2021-02-09 06:43:33.664650,2021-02-09 06:43:49.790719,0 days 00:00:16.126069,1.1677667459823717e-05,13,8,0.903336570645492,20,0.07357188045632698,COMPLETE
6142,6142,0.45714285714285713,2021-02-09 06:43:49.793810,2021-02-09 06:44:01.379713,0 days 00:00:11.585903,1.1828754898009152e-05,11,8,0.9234777567310746,18,0.031149769516805884,COMPLETE
6143,6143,0.5188940092165899,2021-02-09 06:44:01.382808,2021-02-09 06:44:12.287028,0 days 00:00:10.904220,0.0004938411113906012,15,4,0.9158305504244868,18,0.031053354624650774,COMPLETE
6144,6144,0.37542242703533024,2021-02-09 06:44:12.290125,2021-02-09 06:44:29.076492,0 days 00:00:16.786367,4.861731461654435e-05,13,8,0.9199629161322941,18,0.029578509294001448,COMPLETE
6145,6145,,2021-02-09 06:44:29.079610,2021-02-09 06:44:29.845548,0 days 00:00:00.765938,0.002422193931945455,15,0,0.9056211603007467,20,0.03940763937315565,FAIL
6146,6146,,2021-02-09 06:44:29.847810,2021-02-09 06:44:30.604374,0 days 00:00:00.756564,0.00012624938909510926,15,0,0.9054582618185659,20,0.03511176274908075,FAIL
6147,6147,,2021-02-09 06:44:30.608237,2021-02-09 06:44:31.383573,0 days 00:00:00.775336,0.00012201327538974928,15,0,0.9013670634473705,20,0.03605333196205339,FAIL
6148,6148,,2021-02-09 06:44:31.387452,2021-02-09 06:44:32.167065,0 days 00:00:00.779613,1.003185919074814e-05,15,0,0.900109603537112,20,0.03420290263230759,FAIL
6149,6149,,2021-02-09 06:44:32.169277,2021-02-09 06:44:32.919344,0 days 00:00:00.750067,8.621566873114603e-05,15,0,0.9015672101775486,20,0.03579750422830679,FAIL
6150,6150,0.46728110599078343,2021-02-09 06:44:32.923045,2021-02-09 06:44:44.155825,0 days 00:00:11.232780,0.0023847339740273635,15,8,0.9016024553275752,20,0.03491541165797446,COMPLETE
6151,6151,,2021-02-09 06:44:44.158943,2021-02-09 06:44:44.918505,0 days 00:00:00.759562,1.590848354283979e-05,15,0,0.9403520003280513,20,0.0383197951070961,FAIL
6152,6152,,2021-02-09 06:44:44.922469,2021-02-09 06:44:45.697261,0 days 00:00:00.774792,1.5587887221970274e-05,15,0,0.9372431184661926,20,0.038185173150756466,FAIL
6153,6153,,2021-02-09 06:44:45.699757,2021-02-09 06:44:46.458517,0 days 00:00:00.758760,1.5170040790030333e-05,15,0,0.9103092341781394,20,0.039052852367123775,FAIL
6154,6154,0.6119815668202765,2021-02-09 06:44:46.462444,2021-02-09 06:44:57.771110,0 days 00:00:11.308666,1.6185911343467154e-05,15,8,0.937875352590457,20,0.03695020602491674,COMPLETE
6155,6155,,2021-02-09 06:44:57.774201,2021-02-09 06:44:58.538790,0 days 00:00:00.764589,1.7261830188822763e-05,15,0,0.9056118428361241,20,0.02532368251792184,FAIL
6156,6156,0.6079877112135177,2021-02-09 06:44:58.542738,2021-02-09 06:45:09.709660,0 days 00:00:11.166922,1.9414046820230338e-05,15,8,0.9043625173522645,20,0.02557264095054006,COMPLETE
6157,6157,,2021-02-09 06:45:09.712795,2021-02-09 06:45:10.626705,0 days 00:00:00.913910,2.694052798879466e-05,15,0,0.9076668977150251,20,0.02246939265223456,FAIL
6158,6158,0.578494623655914,2021-02-09 06:45:10.629088,2021-02-09 06:45:21.640412,0 days 00:00:11.011324,1.4890495172991874e-05,15,4,0.9001274235683883,20,0.023175426952179744,COMPLETE
6159,6159,,2021-02-09 06:45:21.643516,2021-02-09 06:45:22.409060,0 days 00:00:00.765544,0.00011135675703000008,11,0,0.9415129583112254,20,0.039508024800313894,FAIL
6160,6160,0.5434715821812596,2021-02-09 06:45:22.412084,2021-02-09 06:45:33.683553,0 days 00:00:11.271469,8.937069860736566e-05,11,8,0.9103863713399851,20,0.032959625348187985,COMPLETE
6161,6161,0.4685099846390169,2021-02-09 06:45:33.686679,2021-02-09 06:45:50.348166,0 days 00:00:16.661487,2.9057957276948208e-05,15,8,0.9071485066111475,20,0.028155129464698638,COMPLETE
6162,6162,,2021-02-09 06:45:50.351306,2021-02-09 06:45:51.106795,0 days 00:00:00.755489,1.0202954178000238e-05,13,0,0.9030602913412283,20,0.040483184796347445,FAIL
6163,6163,,2021-02-09 06:45:51.110688,2021-02-09 06:45:52.066848,0 days 00:00:00.956160,0.00013189474320494455,13,0,0.9054050917924477,20,0.020659137218973427,FAIL
6164,6164,,2021-02-09 06:45:52.069037,2021-02-09 06:45:52.831110,0 days 00:00:00.762073,0.00013248164336246155,13,0,0.9030216045275571,18,0.042951480367785996,FAIL
6165,6165,0.4878648233486943,2021-02-09 06:45:52.835165,2021-02-09 06:46:04.366967,0 days 00:00:11.531802,0.00010769091670209918,13,8,0.9028206187974896,20,0.03934287581468042,COMPLETE
6166,6166,0.616589861751152,2021-02-09 06:46:04.370094,2021-02-09 06:46:20.862306,0 days 00:00:16.492212,0.00012530336329811628,5,8,0.9136802543010947,20,0.03460695674386165,COMPLETE
6167,6167,0.3861751152073733,2021-02-09 06:46:20.865427,2021-02-09 06:46:32.311763,0 days 00:00:11.446336,1.7275404202726912e-05,15,8,0.905230008314251,20,0.021230926117772345,COMPLETE
6168,6168,0.5447004608294931,2021-02-09 06:46:32.314907,2021-02-09 06:46:43.446145,0 days 00:00:11.131238,0.0005010124285935608,11,8,0.943165067739574,20,0.035265304838921666,COMPLETE
6169,6169,,2021-02-09 06:46:43.449249,2021-02-09 06:46:44.217219,0 days 00:00:00.767970,1.7415885841951193e-05,15,0,0.9018960632841933,20,0.025867572731457202,FAIL
6170,6170,0.37450076804915516,2021-02-09 06:46:44.221196,2021-02-09 06:46:55.128237,0 days 00:00:10.907041,2.418046090217072e-05,15,4,0.9020280935724354,20,0.026371384545368252,COMPLETE
6171,6171,,2021-02-09 06:46:55.131330,2021-02-09 06:46:55.879912,0 days 00:00:00.748582,6.022016103335117e-05,13,0,0.9060725870961975,20,0.043772752624984416,FAIL
6172,6172,0.3864823348694316,2021-02-09 06:46:55.882259,2021-02-09 06:47:07.085233,0 days 00:00:11.202974,1.0099232611817694e-05,13,8,0.9063848341828165,20,0.01971606777334723,COMPLETE
6173,6173,,2021-02-09 06:47:07.088379,2021-02-09 06:47:08.001311,0 days 00:00:00.912932,1.2988105910360944e-05,11,0,0.9029594082562301,20,0.040696399657689994,FAIL
6174,6174,,2021-02-09 06:47:08.003582,2021-02-09 06:47:08.748292,0 days 00:00:00.744710,1.1478888030503613e-05,11,0,0.9079560141059542,20,0.022287998338786984,FAIL
6175,6175,0.6098310291858678,2021-02-09 06:47:08.750658,2021-02-09 06:47:25.462621,0 days 00:00:16.711963,1.3502256656502577e-05,11,8,0.903215004631123,20,0.02336000597270602,COMPLETE
6176,6176,0.5708141321044546,2021-02-09 06:47:25.465724,2021-02-09 06:47:36.763558,0 days 00:00:11.297834,1.0359100333288317e-05,13,8,0.9000178549125414,20,0.040618316885038835,COMPLETE
6177,6177,0.4119815668202765,2021-02-09 06:47:36.766712,2021-02-09 06:47:47.808919,0 days 00:00:11.042207,1.0091981680049405e-05,11,8,0.94140204277079,18,0.031209191423786146,COMPLETE
6178,6178,,2021-02-09 06:47:47.812050,2021-02-09 06:47:48.736065,0 days 00:00:00.924015,1.845159515578228e-05,15,0,0.9082057301895898,20,0.027544380923966775,FAIL
6179,6179,,2021-02-09 06:47:48.738437,2021-02-09 06:47:49.497203,0 days 00:00:00.758766,1.6536074207881636e-05,15,0,0.9082997666119113,20,0.02766294435634065,FAIL
6180,6180,0.49001536098310294,2021-02-09 06:47:49.499623,2021-02-09 06:48:00.783965,0 days 00:00:11.284342,1.7618677532765474e-05,15,8,0.9049533468586819,20,0.027655416413709916,COMPLETE
6181,6181,0.5631336405529954,2021-02-09 06:48:00.787087,2021-02-09 06:48:12.325102,0 days 00:00:11.538015,1.0022609621892677e-05,13,8,0.9077167094194197,20,0.022534179869310007,COMPLETE
6182,6182,,2021-02-09 06:48:12.328216,2021-02-09 06:48:13.097456,0 days 00:00:00.769240,6.268794584325676e-05,17,0,0.9294641972290927,18,0.029084251572456258,FAIL
6183,6183,0.6116743471582181,2021-02-09 06:48:13.099691,2021-02-09 06:48:43.998288,0 days 00:00:30.898597,0.0005467588962039254,11,4,0.9317625840491897,18,0.02917260921641386,COMPLETE
6184,6184,0.621505376344086,2021-02-09 06:48:44.001409,2021-02-09 06:48:55.442835,0 days 00:00:11.441426,1.001952812053619e-05,17,8,0.9021313658790368,20,0.04298297385004858,COMPLETE
6185,6185,0.61321044546851,2021-02-09 06:48:55.445969,2021-02-09 06:49:06.987523,0 days 00:00:11.541554,5.6934633493632274e-05,15,8,0.9337058317796245,16,0.03149359071350769,COMPLETE
6186,6186,0.6141321044546851,2021-02-09 06:49:06.990628,2021-02-09 06:49:18.286289,0 days 00:00:11.295661,0.00014273118189373052,15,8,0.9361679881685158,10,0.028690196151614597,COMPLETE
6187,6187,0.5201228878648233,2021-02-09 06:49:18.289477,2021-02-09 06:49:46.807842,0 days 00:00:28.518365,0.00043304059851283075,13,10,0.9409240745019183,20,0.037020817714701504,COMPLETE
6188,6188,0.3938556067588326,2021-02-09 06:49:46.810968,2021-02-09 06:49:58.223941,0 days 00:00:11.412973,1.5557753685392657e-05,15,8,0.9039128778304067,18,0.024836596622349286,COMPLETE
6189,6189,0.620583717357911,2021-02-09 06:49:58.227069,2021-02-09 06:50:20.030444,0 days 00:00:21.803375,0.00011109297661898626,11,8,0.9297863857891481,16,0.03223390775549,COMPLETE
6190,6190,0.38095238095238093,2021-02-09 06:50:20.033567,2021-02-09 06:50:31.516226,0 days 00:00:11.482659,1.5360660545425322e-05,15,8,0.9099110828647881,20,0.02658764939946803,COMPLETE
6191,6191,0.5416282642089094,2021-02-09 06:50:31.519374,2021-02-09 06:50:42.934564,0 days 00:00:11.415190,1.9583233185348227e-05,15,8,0.9058427451276784,18,0.02524757182458018,COMPLETE
